******************************************************************************************
**
** Perfect Logger Logging System
** Application Version          : 1.0
** Perfect-Logger Version       : 1.5.2
** Application Start Time (UTC) : 18:29:33 2019/12/14
**
** Copyright 2018 Team whileLOOP
**
******************************************************************************************
**
** Log Number               : #2
** Continuing from Log File : client.1576348173320.log
** Log Start Time (UTC)     : 18:29:33 2019/12/14
**
******************************************************************************************
2019/12/14 | 18:29:36 | INFO | \n0

2019/12/14 | 18:29:36 | INFO | \n{
  "link": "http://127.0.0.1:8008/batch_statuses?id=7675cd1b6eecf62bd06e22c856aaa5186c4face2eb3cbac3a86cea81257a7e556d29f5f92c0612251c59227806874ec8553384a65cc2541403b1d97562644a7f"
}

2019/12/14 | 18:29:37 | INFO | \n100

2019/12/14 | 18:29:37 | INFO | \n{
  "link": "http://127.0.0.1:8008/batch_statuses?id=8db21aeb477fc2639fe6a12310fda0f4058885b906f9422863ca5afc955ba1b70143028daafa71d55e20b583a6a9aa3c3387fa815fec3d28d2bd98b5b7972fdd"
}

2019/12/14 | 18:29:39 | INFO | \n200

2019/12/14 | 18:29:39 | INFO | \n{
  "link": "http://127.0.0.1:8008/batch_statuses?id=c73ddbfe80737e011f08161a16a0399660456b538892dd5f6267ebdc73f858054479855edfea455ef466c7b2a3a19d1540e40d6a6be5cdf4e1693edee2c956a3"
}

2019/12/14 | 18:29:41 | INFO | \n300

2019/12/14 | 18:29:41 | INFO | \n{
  "link": "http://127.0.0.1:8008/batch_statuses?id=5e75cf4be3cc6ad823297a925375c5d274aef7387647276cc4972aad82fd42a02b1b6a744b4ecf7600dc743271dd9ed3a579e4ce82a0cf3bf528ff1fdfb14fa9"
}

2019/12/14 | 18:29:42 | INFO | \n400

2019/12/14 | 18:29:42 | INFO | \n{
  "link": "http://127.0.0.1:8008/batch_statuses?id=b30e3ff40321ee79fa27c0051397e13bd837b286ff2cd75818f2e25ddcc4d14122cd65504a9452671e7262adc9aeb94efd720b97fdc46ab3443468107caef8d6"
}

2019/12/14 | 18:29:44 | INFO | \n500

2019/12/14 | 18:29:44 | INFO | \n{
  "link": "http://127.0.0.1:8008/batch_statuses?id=9d014ef0cdb6a25fb83c5550e2b89f874ab9c3e7b8048969653a3821c68bb29b6d3e65556a3bd998ba2102bc50bbc0559c899923cc340ead7a7d463c6d75dd63"
}

2019/12/14 | 18:29:45 | INFO | \n600

2019/12/14 | 18:29:45 | INFO | \n{
  "link": "http://127.0.0.1:8008/batch_statuses?id=62e2ec8f3bc38a2da72006d78e35490bd49896835e30ceb48a4d7ed313ca01d1075c30356f85abee36add8e9b1306317ad191399b718a1d744b9be1895d4fc63"
}

2019/12/14 | 18:29:47 | INFO | \n700

2019/12/14 | 18:29:47 | INFO | \n{
  "link": "http://127.0.0.1:8008/batch_statuses?id=f6bebcb9c7c945ff0caa7f423e542e2533e6445777bf890b62dfe59cb8f4b0fa0ecf071ac6f269d195fba7177a5a222299e4cfdfef414cb1c697c9895a46f89a"
}

2019/12/14 | 18:29:48 | INFO | \n800

2019/12/14 | 18:29:48 | INFO | \n{
  "link": "http://127.0.0.1:8008/batch_statuses?id=b274c7dceba25ea9c1eba66fc3c60a3c4706c3793845ae7e6e39cf10081f422d617b8f7d8ba0df44ce9994bb5f7a14e0b68c7e118a8e95244e6be982b6c60dd8"
}

2019/12/14 | 18:29:50 | INFO | \n900

2019/12/14 | 18:29:50 | INFO | \n{
  "link": "http://127.0.0.1:8008/batch_statuses?id=e952daacad9a2c0c3b5630334b137ae518b357fb66114df5acde4ef9730b62a20bdf4957ee2cb082f85501776f738deded1248a280599a53d4c6b2c546991294"
}

2019/12/14 | 18:29:51 | INFO | \n1000

2019/12/14 | 18:29:51 | INFO | \n{
  "link": "http://127.0.0.1:8008/batch_statuses?id=bac28e902c9a490afc13c7c9b89d240b7440339c98d6d34bd8c501659ab6cd8573874bf2af359fb2c5cc87e4fd911843f53b731ae335e6eeb49a573d1ea3ea59"
}

2019/12/14 | 18:29:53 | INFO | \n1100

2019/12/14 | 18:29:53 | INFO | \n{
  "link": "http://127.0.0.1:8008/batch_statuses?id=3162b778b9df38784b3a551f1e3dd4406f7150542c36c0aa255ae9870c75171921c6640845d7faf99ee06a8c853eadac486d627ebd8cb5289a8468daa3c3ea8a"
}

2019/12/14 | 18:29:55 | INFO | \n1200

2019/12/14 | 18:29:55 | INFO | \n{
  "link": "http://127.0.0.1:8008/batch_statuses?id=f505c3a94a4d523c775e383508fc8839026d98437595b74fbe2e888536e497d047ab2a417e44e521aaa4395d3ef282f6d3d94cdf20271272a5c8bb39f744201f"
}

2019/12/14 | 18:29:56 | INFO | \n1300

2019/12/14 | 18:29:56 | INFO | \n{
  "link": "http://127.0.0.1:8008/batch_statuses?id=90641c89987948964e37c3c2bed6ec0693c28fe778732c505725e090cc5bf469764d5246faf8833a8ba050c7c1dfcee7aefab5b9c7652a934620b1267fba2964"
}

2019/12/14 | 18:29:58 | INFO | \n1400

2019/12/14 | 18:29:58 | INFO | \n{
  "link": "http://127.0.0.1:8008/batch_statuses?id=264b1a9771ee69cf2a867073a072cac5963de5e6c9f546da6620a9f0b868f2997736baeb6ff6543966154ea7800a7a70ea0dfd793d4ddc99d29e29be17231112"
}

2019/12/14 | 18:29:59 | INFO | \n1500

2019/12/14 | 18:29:59 | INFO | \n{
  "link": "http://127.0.0.1:8008/batch_statuses?id=6c68cfb2f32209e23ef1606d5353d6cc937b6b8bee4b821062ab7e69d60a4c39219972a0206a404ae426a0d617253b22b9ad72ab791680f683b0bbe1f61fcf56"
}

2019/12/14 | 18:30:01 | INFO | \n1600

2019/12/14 | 18:30:01 | INFO | \n{
  "link": "http://127.0.0.1:8008/batch_statuses?id=7735111bb4f6a47d8683a4616e546039fb1cbbb4adde9069cfe6a24d8f4edd7842ef3ff38b03336ff7d0147b1d1e4f7216b2209418e036b90a2cec0d4c559f27"
}

2019/12/14 | 18:30:02 | INFO | \n1700

2019/12/14 | 18:30:02 | INFO | \n{
  "link": "http://127.0.0.1:8008/batch_statuses?id=81d99f317784c061dc78bba6bf4139bb75ccd5d1177605a22923ede950e9709365d895f16d45118d8446dae74423270b92b22abe2522c393a8fa84e573b66157"
}

2019/12/14 | 18:30:04 | INFO | \n1800

2019/12/14 | 18:30:04 | INFO | \n{
  "link": "http://127.0.0.1:8008/batch_statuses?id=72ebad087a65c3939dabaa0f176177d353219bdff60383cdc540ce9064469cc21fdcc4b21eec65739283591026e1764cffc4bb93b99a521476ab2a766531f5ff"
}

2019/12/14 | 18:30:05 | INFO | \n1900

2019/12/14 | 18:30:05 | INFO | \n{
  "link": "http://127.0.0.1:8008/batch_statuses?id=3ae12d9b6c10d90aa73b4947646a56ea674537534e40a35be17e658254fbb340262a9a0d3075b5c80c4a50dd9dfdcb55c29577468241c0cc5cc74067578acb5d"
}

2019/12/14 | 18:30:07 | INFO | \n2000

2019/12/14 | 18:30:07 | INFO | \n{
  "link": "http://127.0.0.1:8008/batch_statuses?id=31fe8d6163bf4a383effdd5db046218072a39d0c66899c2191d9d64e062dbebf4ed0d4a5c81672836a93138716f39ce1d6a150bcb4e305362a8f46c10e9bf32c"
}

2019/12/14 | 18:30:08 | INFO | \n2100

2019/12/14 | 18:30:08 | INFO | \n{
  "link": "http://127.0.0.1:8008/batch_statuses?id=f92326c86648a1aeb77cb701be74fd2b5019957d8e9fdda529f16d9905cb03476362461c47c133b21ac5332e0db194a8f9be36a94ab74329eceb74f1b130ccac"
}

2019/12/14 | 18:30:10 | INFO | \n2200

2019/12/14 | 18:30:10 | INFO | \n{
  "link": "http://127.0.0.1:8008/batch_statuses?id=39fda0bddb0f3591e7265d9475d3855ecc04df0c4edbe1d25c6fcf163b0b543c39378108ea324de46064a84e6b1b76cfc0db25219b3677f668c5d798c8ee9a9d"
}

2019/12/14 | 18:30:11 | INFO | \n2300

2019/12/14 | 18:30:11 | INFO | \n{
  "link": "http://127.0.0.1:8008/batch_statuses?id=41ce87ead4cf3ee585e6b402d12df887d26f19ff64a06187135115c1a6607de871bf52c7349bdfe344f0ec75d2d3d484954c040992aeb9256c43fb9362b4c110"
}

2019/12/14 | 18:30:13 | INFO | \n2400

2019/12/14 | 18:30:13 | INFO | \n{
  "link": "http://127.0.0.1:8008/batch_statuses?id=f2779cac755ea07af9f818555e1c03d4c880fd30c55fee2478b2a31694dbc5e21a9ef52f55792150c9a99b8286322a31e6b3ec933fc49bbd52810b733a24a4a0"
}

2019/12/14 | 18:30:15 | INFO | \n2500

2019/12/14 | 18:30:15 | INFO | \n{
  "link": "http://127.0.0.1:8008/batch_statuses?id=d0fbdca34c1812028e489e4a7ea1bddad37db3788f7c66f997d981f045dbebac2484cd2c139978a1afca593da026840585a4d5e32a60ada6982b8d0c3478913c"
}

2019/12/14 | 18:30:16 | INFO | \n2600

2019/12/14 | 18:30:16 | INFO | \n{
  "link": "http://127.0.0.1:8008/batch_statuses?id=bfea2b12974bf36b16d0e2b8622f355c8c10f9ce0ed5f56458a539d620d22ee5570b2513843671799bb49dbfb19a04a16c0246bce606b3ce904c6bb839fb661f"
}

2019/12/14 | 18:30:18 | INFO | \n2700

2019/12/14 | 18:30:18 | INFO | \n{
  "link": "http://127.0.0.1:8008/batch_statuses?id=c4222b5dcb239f8fe7ab48441cd75688548d418d4cac7df012a7ee974e8fc78f24dbe820e364be518971b7853c5f79e06903041250b78f4a79680cd1ce0cea12"
}

2019/12/14 | 18:30:19 | INFO | \n2800

2019/12/14 | 18:30:19 | INFO | \n{
  "link": "http://127.0.0.1:8008/batch_statuses?id=533fcc3d64fb3fd5078771d4782f359cd9f294a4b6f911aed415cdec3f09e0542b01ea1bd42c29ee63cc3662e600167a79ad8fb8b21ddb24b12f7e2f452bad83"
}

2019/12/14 | 18:30:21 | INFO | \n2900

2019/12/14 | 18:30:21 | INFO | \n{
  "link": "http://127.0.0.1:8008/batch_statuses?id=0f3d652a1af7b610aed52a75ecd73a732fa4d642f52ed668456427ce74d5fc7e7c51a7cfbd487aeee64b38238974c2efda58fcafcca95fc96df217d43b12c1dc"
}

2019/12/14 | 18:30:22 | INFO | \n3000

2019/12/14 | 18:30:22 | INFO | \n{
  "link": "http://127.0.0.1:8008/batch_statuses?id=5bf9a1ea3ab7bbd66d9de277b1ad723e915c6d7007a03d8a5914877296924622629491c7ab62e3b7b115e49885b9a5fe4ff211af1f37f2e11af946f208333efe"
}

2019/12/14 | 18:30:24 | INFO | \n3100

2019/12/14 | 18:30:24 | INFO | \n{
  "link": "http://127.0.0.1:8008/batch_statuses?id=836870f2ad5036a81ac010356e363fe6ebf33d1c41f6e0c2bd7af35669de3b4d2ae37247ec9743e0fd4f63e4d5bac6873431cfe41f49d642ae01c99929e737d8"
}

2019/12/14 | 18:30:25 | INFO | \n3200

2019/12/14 | 18:30:25 | INFO | \n{
  "link": "http://127.0.0.1:8008/batch_statuses?id=158d0bdcc2298b5d516877f5e76a19befd1fba09522d69feccd5ce49060dc1212b3bdcf7dd4771119563a4b131f7b61abd6cf3be118fb74aa70b30cd90afd00d"
}

2019/12/14 | 18:30:27 | INFO | \n3300

2019/12/14 | 18:30:27 | INFO | \n{
  "link": "http://127.0.0.1:8008/batch_statuses?id=76bdeb5adfdb39a3cb689c35676b2bc5661577da63b36423508eac4288970ab025bf523843c21d7b7fbf837cb68664dc52685990ba69e198e0b2f05a7e3e9457"
}

2019/12/14 | 18:30:28 | INFO | \n3400

2019/12/14 | 18:30:28 | INFO | \n{
  "link": "http://127.0.0.1:8008/batch_statuses?id=35a62b2c19a2b0b028ff16968185e261ea1b7e5b727d948b45811c917eef09ea17f70c11024d5b158c5205812dd9aa339705d96078e17878e2a3620cf724a827"
}

2019/12/14 | 18:30:30 | INFO | \n3500

2019/12/14 | 18:30:30 | INFO | \n{
  "link": "http://127.0.0.1:8008/batch_statuses?id=914aa62b7f0b6386d72d6028bdf8782c00c4a8347c9b01b87af1aae5847833e9662cfcbfa975cb81dcd2c0d3d78865302bef2ab7d28572e89f5debed6cb6681c"
}

2019/12/14 | 18:30:31 | INFO | \n3600

2019/12/14 | 18:30:31 | INFO | \n{
  "link": "http://127.0.0.1:8008/batch_statuses?id=0151b1a58834bbe932f7d3aafbc2fc59db975cf988b978eaebc79a3cd1a4a7c94b7159078f4ae0bd5389954b9d7ec28f8aaa363aa10541ee16c2bab67e33b189"
}

Continuing to client.1576348233453.log
