******************************************************************************************
**
** Perfect Logger Logging System
** Application Version          : 1.0
** Perfect-Logger Version       : 1.5.2
** Application Start Time (UTC) : 18:59:12 2019/12/14
**
** Copyright 2018 Team whileLOOP
**
******************************************************************************************
**
** Log Number               : #2
** Continuing from Log File : client.1576349952735.log
** Log Start Time (UTC)     : 18:59:12 2019/12/14
**
******************************************************************************************
2019/12/14 | 18:59:19 | INFO | 3000
2019/12/14 | 18:59:19 | INFO | {\n  "link": "http://127.0.0.1:8008/batch_statuses?id=416170ea1b8e873944c25a87fbbae0fbefb0169094d3b114d7a7ede55280244d2095d4ff495b6e482a55fd4035a444e28d9ef5998227f7816a717767eb1dfb88"
}
2019/12/14 | 18:59:24 | INFO | 3100
2019/12/14 | 18:59:24 | INFO | {\n  "link": "http://127.0.0.1:8008/batch_statuses?id=eed6894f49ba8137c050f5e1fa9c3a41a890223a0adb331fe3f387f5d9a698b949e0cb304c6af76c1a4a7de05a037c1f4e48237ab3e0aae7f70f70bb83279440"
}
