******************************************************************************************
**
** Perfect Logger Logging System
** Application Version          : 1.0
** Perfect-Logger Version       : 1.5.2
** Application Start Time (UTC) : 18:29:33 2019/12/14
**
** Copyright 2018 Team whileLOOP
**
******************************************************************************************
**
** Log Number               : #3
** Continuing from Log File : client.1576348233453.log
** Log Start Time (UTC)     : 18:30:33 2019/12/14
**
******************************************************************************************
2019/12/14 | 18:30:33 | INFO | \n3700

2019/12/14 | 18:30:33 | INFO | \n{
  "link": "http://127.0.0.1:8008/batch_statuses?id=431c04c0d0dcf21afb80304e390b55e3073a4ec43917ce124ae2f3756c30f6a8079fc8e607860b7785d28c6f37a9e6acf2a92939f43807f76c02f09c391e0b6c"
}

2019/12/14 | 18:30:34 | INFO | \n3800

2019/12/14 | 18:30:35 | INFO | \n{
  "link": "http://127.0.0.1:8008/batch_statuses?id=7afc91abc3faef094613fccd61c2fc4d2143891d212e178b7fee7ae3081df2b01e4e26227b79625609c3705edea91e8a328d95ca7482045147cc9ec2440ae117"
}

2019/12/14 | 18:30:36 | INFO | \n3900

2019/12/14 | 18:30:36 | INFO | \n{
  "link": "http://127.0.0.1:8008/batch_statuses?id=3eb4db60de5576d6b0f1426d174d2d50ca6fb4344a13e709d3571f8074b56b8b3ca696cf1a13b0763dbaf3df333f78c549de7af3590130f1c2a8d918c4a329a7"
}

2019/12/14 | 18:30:38 | INFO | \n4000

2019/12/14 | 18:30:38 | INFO | \n{
  "link": "http://127.0.0.1:8008/batch_statuses?id=2dbf64e6233309d6cfb007efc636e678b61290ea0891f357415e29a5ba6b5b104774e18e79fbe9747b361181ada40bc8467e77943858d5b7b6d389707932d13a"
}

2019/12/14 | 18:30:39 | INFO | \n4100

2019/12/14 | 18:30:39 | INFO | \n{
  "link": "http://127.0.0.1:8008/batch_statuses?id=9057480ac9c15cd66f3b6987b7e9e13a0d7af1c5ece644342f366d4c0b5bd06a760ae987d2d7ffc8aeda252e93ac87e7536971db5d1fee25796ec3c244ce87a7"
}

2019/12/14 | 18:30:41 | INFO | \n4200

2019/12/14 | 18:30:41 | INFO | \n{
  "link": "http://127.0.0.1:8008/batch_statuses?id=9c18cb64e2581810cce16d8cf0814c20210d109f8c595c7a1c8c18c4b8d0e0b1022d31eb06fe200132030cc5b06418967deba808c44a995dc494d0146bbc293d"
}

2019/12/14 | 18:30:42 | INFO | \n4300

2019/12/14 | 18:30:42 | INFO | \n{
  "link": "http://127.0.0.1:8008/batch_statuses?id=ecd3bdc95f0f003d88e058f932e3850fd6c87b0b81bd5ffea35a7e25a91341aa0d932a5cbf8542020e9a0e94c0f37b2f23d906b3c3669688fb0a677697074540"
}

2019/12/14 | 18:30:44 | INFO | \n4400

2019/12/14 | 18:30:44 | INFO | \n{
  "link": "http://127.0.0.1:8008/batch_statuses?id=e555bad4a694e887640a3bb24ea98243f53124ee6ee3f5212e9adb187a1c7209381a309fefcbe4bb93976f173cd7c0eb2b919349760f46ff9f7a1ba1e24205de"
}

2019/12/14 | 18:30:45 | INFO | \n4500

2019/12/14 | 18:30:45 | INFO | \n{
  "link": "http://127.0.0.1:8008/batch_statuses?id=e395e1dc72e7f8e917908d3b422c1033009f691339bc20113e4f1872db3c71ec7d07c05dcb48679fec1cde66155438559eaf6e6d94ff644246eb54ecf6cf548c"
}

2019/12/14 | 18:30:47 | INFO | \n4600

2019/12/14 | 18:30:47 | INFO | \n{
  "link": "http://127.0.0.1:8008/batch_statuses?id=388e6a087ef04ae60932dfc3365d6ad9e619f13ca5fac9b7a43c5e64b3c67a8866569e49f2afa7e75d1075468374efc17ef51509f326356dfc7cf9451a64cab0"
}

2019/12/14 | 18:30:48 | INFO | \n4700

2019/12/14 | 18:30:48 | INFO | \n{
  "link": "http://127.0.0.1:8008/batch_statuses?id=1833c938379508cfc979d702f484c158040f2170fa6200b3936c65d0a2ffab077fcdc6e4033d91dbdcafaf2a1ee08c9440be75ac4175b3e4eadc1b5b6bfbee05"
}

2019/12/14 | 18:30:50 | INFO | \n4800

2019/12/14 | 18:30:50 | INFO | \n{
  "link": "http://127.0.0.1:8008/batch_statuses?id=069e95aa4e8db9dbc37aea6265f9eb4bddcc39bebbae5c47e4f43a083d0e432543b359a123759e4caf4420768defbf4f84364f74f3d59fabfc35a0c290da9628"
}

2019/12/14 | 18:30:51 | INFO | \n4900

2019/12/14 | 18:30:51 | INFO | \n{
  "link": "http://127.0.0.1:8008/batch_statuses?id=0d8438ddb433ee383a797bc497a9e92cc96b81e8f97d0b3aa7eabd62acb737345e4cdc31e46cc665659b3e5dddae1cc080c2b6553f0a8ce87c497accb971b78a"
}

2019/12/14 | 18:30:53 | INFO | \n5000

2019/12/14 | 18:30:53 | INFO | \n{
  "link": "http://127.0.0.1:8008/batch_statuses?id=ff7764154156470df42d39849789a59888d361625b0a3b77f52208a7b81c14881c5a80a9ba899fb194e079781c997b292a6c9b9419ca5aae3ae77aeaf2d5cad4"
}

2019/12/14 | 18:30:54 | INFO | \n5100

2019/12/14 | 18:30:54 | INFO | \n{
  "link": "http://127.0.0.1:8008/batch_statuses?id=d41ae9703578938c82e79b184cd699b777c6d513e2d362de18de87b4f77a4f0e75bf5524e0edb230cbb911734d6adf49515d05bee83b1fc5bf20f99a1697937a"
}

2019/12/14 | 18:30:56 | INFO | \n5200

2019/12/14 | 18:30:56 | INFO | \n{
  "link": "http://127.0.0.1:8008/batch_statuses?id=6665feb20eca9c6bee6b1e2bd516acb65f6d75646bebea6436ba3c31f27d68d14f00385111e9139388e2cc8feb163a41b567688d6783d57d6ec03bba279114d2"
}

2019/12/14 | 18:30:57 | INFO | \n5300

2019/12/14 | 18:30:58 | INFO | \n{
  "link": "http://127.0.0.1:8008/batch_statuses?id=b57fcb509e7b590e37784393bcabde3aa4f11add32419a3a899b9b40a1fdd5583cf1539ff52fa5930824ebac51a44ea0b3952decbcf3d8ff2e0bba6cdc997e84"
}

2019/12/14 | 18:30:59 | INFO | \n5400

2019/12/14 | 18:30:59 | INFO | \n{
  "link": "http://127.0.0.1:8008/batch_statuses?id=53cc906d05121edffd6a8e2f26627e86ee63d4ea5121f67253ba929c48388e1551c9c93e41c82f5808b7710689feefdb7f8397b53f913e1d65c750fd0dd43392"
}

2019/12/14 | 18:31:01 | INFO | \n5500

2019/12/14 | 18:31:01 | INFO | \n{
  "link": "http://127.0.0.1:8008/batch_statuses?id=fec43190d21b07dce7b56b575a2a8b9d46b73c5745b7f72c63e73a04388cdea80f9bd3d5e61d0632561be59221df50bca4c1c23ffc7593dd24ed7483181a99e2"
}

2019/12/14 | 18:31:02 | INFO | \n5600

2019/12/14 | 18:31:02 | INFO | \n{
  "link": "http://127.0.0.1:8008/batch_statuses?id=2bcaa03e55e54c0fb164e2700c60022dcf0b969d85a290434123574691db7f957d801640c48ff8708597ab8adb1d35208499251148ebed6e47e66555dffb1abc"
}

2019/12/14 | 18:31:04 | INFO | \n5700

2019/12/14 | 18:31:04 | INFO | \n{
  "link": "http://127.0.0.1:8008/batch_statuses?id=ee5d030379fe1702aefe34df4cf0fc8076fcdc931800b49d80f2626ff25b443343b2ce75d0b2c96fed4b25806bf7b32acabaaad451c291012deb1121c9aaebe5"
}

2019/12/14 | 18:31:05 | INFO | \n5800

2019/12/14 | 18:31:05 | INFO | \n{
  "link": "http://127.0.0.1:8008/batch_statuses?id=96eacbda0468fc38e2df08b5e51e43678d80913bd35c8927a61878ac128507471f2012f47bad9fbd231ffef60262099fe42def5a80bc7e5bd8a3bd4d8de78843"
}

2019/12/14 | 18:31:07 | INFO | \n5900

2019/12/14 | 18:31:07 | INFO | \n{
  "link": "http://127.0.0.1:8008/batch_statuses?id=d41ec67cb34ba63af4077562b97dfda4ec2ddafdb2ee10f4b986f048e78605894a3ea302d8af4da843961dcf648084691b3697f2deb3e97816eba7d76424d13c"
}

2019/12/14 | 18:31:08 | INFO | \n6000

2019/12/14 | 18:31:08 | INFO | \n{
  "link": "http://127.0.0.1:8008/batch_statuses?id=09c6d905222a203c78788ebd7969b06b9c8fc32cc6442cf79f93563447a1d9f805b4cabd06d993b879067ffa0fb47f4df7b899b8c2e5821dba648179c0e8e72c"
}

2019/12/14 | 18:31:10 | INFO | \n6100

2019/12/14 | 18:31:10 | INFO | \n{
  "link": "http://127.0.0.1:8008/batch_statuses?id=2ac7a28dffba9c2398584393bb21676bcf9d8b3516731e92899c61ea83863a627e936686b5a167f9acb728f0bd4c28f80f7fd2ad0b7b17d2fadff9f70784a9b4"
}

2019/12/14 | 18:31:11 | INFO | \n6200

2019/12/14 | 18:31:11 | INFO | \n{
  "link": "http://127.0.0.1:8008/batch_statuses?id=5701fec8f85610158dabab50b4a883d689ee84d62ea49ad2c4d87994405f9b641d1ed2f288a6a5093ba57c41a4d923e7ca52eeab3eb0d31d696dd2621ad4a6b8"
}

2019/12/14 | 18:31:13 | INFO | \n6300

2019/12/14 | 18:31:13 | INFO | \n{
  "link": "http://127.0.0.1:8008/batch_statuses?id=ae061bf51d43ba69e609ff19e468bdc6a4f987a1a327961c7b4e70d92643904a13cbd2f32943de643915b303d658d392d8732ac10f3cf9036d25aef9f3596095"
}

2019/12/14 | 18:31:14 | INFO | \n6400

2019/12/14 | 18:31:14 | INFO | \n{
  "link": "http://127.0.0.1:8008/batch_statuses?id=bdf1eb74000e3389ab7330fa31601bcdead6498b18fc27c0ae4e95e2ddb7de8106cd70cb17d47d5b2d8265da6cfb77d4b3655c775f5a605c1878be1a02ba7f41"
}

2019/12/14 | 18:31:16 | INFO | \n6500

2019/12/14 | 18:31:16 | INFO | \n{
  "link": "http://127.0.0.1:8008/batch_statuses?id=f3c5fa51eeb29a973a3896b75da0961800bd849d1a9da28189dd61ea7af8bfaa69ecdd1fc8492e9fbac28957b16ae6bbd16d2140dabbc7aadaf1aebb321db72e"
}

2019/12/14 | 18:31:17 | INFO | \n6600

2019/12/14 | 18:31:17 | INFO | \n{
  "link": "http://127.0.0.1:8008/batch_statuses?id=06ab2f5bdeacba76b1f8b3e28cf9272193add9adf1ea58c264ca154864e393c452d204f31e5d03d38013cf87416095854be881dde433994bd9f43e7df5da842f"
}

2019/12/14 | 18:31:19 | INFO | \n6700

2019/12/14 | 18:31:19 | INFO | \n{
  "link": "http://127.0.0.1:8008/batch_statuses?id=7caa82aa1755b7aa6ffdc2cab1acb415564475899b53f6bc22908daff9f1a5ba5feec13c18658e86f9724424c32d2cd62a2cfe87e77139a0cc873011d58e34e4"
}

2019/12/14 | 18:31:20 | INFO | \n6800

2019/12/14 | 18:31:21 | INFO | \n{
  "link": "http://127.0.0.1:8008/batch_statuses?id=d76e263276a4514698dc267835820167f744175f89343c3f1264f6bd08c82c5f00f4e3ee1c843c73d61f52903b0dfb58f7f1821ccf59e6e163be10244d22f9d6"
}

2019/12/14 | 18:31:22 | INFO | \n6900

2019/12/14 | 18:31:22 | INFO | \n{
  "link": "http://127.0.0.1:8008/batch_statuses?id=36f8ac096ed9aafe9edb5c2fd596b4aa50fe80e0ec25087d5186afc10f51cdad3549d75f4fb9d185a16f31200431a73d497f5d8470d10d08ab07d6ae01dc6959"
}

2019/12/14 | 18:31:24 | INFO | \n7000

2019/12/14 | 18:31:24 | INFO | \n{
  "link": "http://127.0.0.1:8008/batch_statuses?id=1e4a0b418298dde1500b53850688c166f68360d55674b97bf0948b1aa779b0d85c7d6b9fb32dff9b934082f1b60ec9861cba8e0e73d79f9932277680303f2271"
}

2019/12/14 | 18:31:25 | INFO | \n7100

2019/12/14 | 18:31:25 | INFO | \n{
  "link": "http://127.0.0.1:8008/batch_statuses?id=b82b828bf7ad6113f5f79755e9a0f5d57dbd5e9515d18524d014b105a5b1fb5e429f8c077e2f5054b22531f7953cbb37cbfc11474e48b894162843415f2a9283"
}

2019/12/14 | 18:31:27 | INFO | \n7200

2019/12/14 | 18:31:27 | INFO | \n{
  "link": "http://127.0.0.1:8008/batch_statuses?id=0e1c55f9bd7b0422f0db72f8a61de033070720e68887396c99fafb90bca637d3140065ed0bd616dd97486225721188388d8398573e3d14292e845faff5922c1c"
}

2019/12/14 | 18:31:28 | INFO | \n7300

2019/12/14 | 18:31:28 | INFO | \n{
  "link": "http://127.0.0.1:8008/batch_statuses?id=cba1a3499e7f7772bc256955942b5d7deaad3a290e35f398abf8de7df17f4e5d5d5db18429c0074f50e237affae8fb35259e430745a8a0a1f398b8a395bdef38"
}

Continuing to client.1576348290187.log
