******************************************************************************************
**
** Perfect Logger Logging System
** Application Version          : 1.0
** Perfect-Logger Version       : 1.5.2
** Application Start Time (UTC) : 18:29:33 2019/12/14
**
** Copyright 2018 Team whileLOOP
**
******************************************************************************************
**
** Log Number               : #4
** Continuing from Log File : client.1576348290187.log
** Log Start Time (UTC)     : 18:31:30 2019/12/14
**
******************************************************************************************
2019/12/14 | 18:31:30 | INFO | \n7400

2019/12/14 | 18:31:30 | INFO | \n{
  "link": "http://127.0.0.1:8008/batch_statuses?id=6cfb19830c327ccb2ef68f26ee5ea6ffcef9f41a5d898cfe04652c1587fd8cb8584cc3842cd779919be27ab2e5f8b99e30f54a3411f029b28d396fdea5a12e12"
}

2019/12/14 | 18:31:31 | INFO | \n7500

2019/12/14 | 18:31:31 | INFO | \n{
  "link": "http://127.0.0.1:8008/batch_statuses?id=0a7b23db9341a83a4c3e4cc1175ae3b47b20f0f34bfe7cbc26fd18c14108da4e23d3d302145398003bf8991365c66e619ad5aba6f35e855847eb0d1e9fb63213"
}

2019/12/14 | 18:31:33 | INFO | \n7600

2019/12/14 | 18:31:33 | INFO | \n{
  "link": "http://127.0.0.1:8008/batch_statuses?id=d2de3f9e3cf7855df956885e048c9e339de4ce86499cba6117088059d48f7f2e6de179c093e4a089ef84c9e7279fdde6e622dacb1a275b8141cc7ce112a61887"
}

2019/12/14 | 18:31:34 | INFO | \n7700

2019/12/14 | 18:31:34 | INFO | \n{
  "link": "http://127.0.0.1:8008/batch_statuses?id=bdfd6b9fe0141e7177b58287595a08dc1e9c49e088e78e9336e1b164fc42e6226ebe162ffc36f175ca77219a4c007e996df8e1424cfdfa119a698c9ea1cacfef"
}

2019/12/14 | 18:31:36 | INFO | \n7800

2019/12/14 | 18:31:36 | INFO | \n{
  "link": "http://127.0.0.1:8008/batch_statuses?id=870e35762dfb41cb258f4ae200d1ac153d7c44de520070b32cb8d2f832d0a07758b0c8e446fcc1778b51f2b8a9e21639caa6457a1de64b5c6524450f2a3f689b"
}

2019/12/14 | 18:31:37 | INFO | \n7900

2019/12/14 | 18:31:37 | INFO | \n{
  "link": "http://127.0.0.1:8008/batch_statuses?id=1f9e088600492bde82206891108fc78a3028cc6e9b7cc6425c46daa8f538f34163e18d7d2bc835885fd9a9e5998c2dd66e00d9e045bb73ba5605e2a6b18a0410"
}

2019/12/14 | 18:31:39 | INFO | \n8000

2019/12/14 | 18:31:39 | INFO | \n{
  "link": "http://127.0.0.1:8008/batch_statuses?id=1fc32d4b8589352f8483b919c43ff535d7b33b6a1186308508f5a2c924c36b800a68618c4152821b6a75328d711bb08d9c43912ffd096d24f457b6a31ac3c10d"
}

2019/12/14 | 18:31:40 | INFO | \n8100

2019/12/14 | 18:31:40 | INFO | \n{
  "link": "http://127.0.0.1:8008/batch_statuses?id=bfdc84f4300aebb04fb1217d4e230da0c5624f3fc1d1d440700b1f17a9e3886b13ce0ddc481d0b873a8d576b2b64d8b4f5424d818b0b4961b0bad141499f8e3a"
}

2019/12/14 | 18:31:42 | INFO | \n8200

2019/12/14 | 18:31:42 | INFO | \n{
  "link": "http://127.0.0.1:8008/batch_statuses?id=7e96fed9b92ffc7bd51314e240d612552a54c7946e084208d95c40051aeb7b8e1e045a11e593c9337af45689d86dbf1ae377e5ce68fa4f8bb8cefcd1452a0bcf"
}

2019/12/14 | 18:31:43 | INFO | \n8300

2019/12/14 | 18:31:43 | INFO | \n{
  "link": "http://127.0.0.1:8008/batch_statuses?id=097bdd32a00de84e29a7dd430f97961e2dc9dbe88146d8df18d00a813a0bf6d12dcd9267ba318f0fbdee3357a8a6ae3fa621397dca35bae5dc7b462002b27ae3"
}

2019/12/14 | 18:31:45 | INFO | \n8400

2019/12/14 | 18:31:45 | INFO | \n{
  "link": "http://127.0.0.1:8008/batch_statuses?id=a41030179d19c562866cd657061ab8040492a71dce1f1c70197d89f243e192de34064515d7981f2ec085163425510216f6212b9a7778bc642fbe8b0632cf3f18"
}

2019/12/14 | 18:31:46 | INFO | \n8500

2019/12/14 | 18:31:47 | INFO | \n{
  "link": "http://127.0.0.1:8008/batch_statuses?id=dfb6ad2069c394b3e1641f1414dd1b16e425afbbddb503fa781098e184cbd812149f125263ed2d7911c58e51522bca947916091bce2cf6277846b69f10bd4ba1"
}

2019/12/14 | 18:31:48 | INFO | \n8600

2019/12/14 | 18:31:48 | INFO | \n{
  "link": "http://127.0.0.1:8008/batch_statuses?id=c6207f3bca4c821b41cde59c36965893af391e06a8656335eff51a019f972628110db7becc108111ea500e3b24a087e93cd6e069dbf606654a75cb03be979811"
}

2019/12/14 | 18:31:50 | INFO | \n8700

2019/12/14 | 18:31:50 | INFO | \n{
  "link": "http://127.0.0.1:8008/batch_statuses?id=df511ee261e2b088ab89928cf3eae12ccaaf11858ae7f75ca202a4a92e8e3e7200e25ec3e8aa6fbe3b98a7c748286befae1c883ef792a976dbb1771751fbe62d"
}

