******************************************************************************************
**
** Perfect Logger Logging System
** Application Version          : 1.0
** Perfect-Logger Version       : 1.5.2
** Application Start Time (UTC) : 18:33:16 2019/12/14
**
** Copyright 2018 Team whileLOOP
**
******************************************************************************************
**
** Log Number               : #2
** Continuing from Log File : client.1576348396867.log
** Log Start Time (UTC)     : 18:33:16 2019/12/14
**
******************************************************************************************
2019/12/14 | 18:33:20 | INFO | 0
2019/12/14 | 18:33:20 | INFO | \n{
  "link": "http://127.0.0.1:8008/batch_statuses?id=005b384e611b15655fa1ca783fa31e6305e9620952e1c62a610edd0c94b49a8c54e1d9de5af1af4a8786765b1f953238f48726b9d7a27a8a02c3b8b553e0625c"
}

2019/12/14 | 18:33:22 | INFO | 100
2019/12/14 | 18:33:22 | INFO | \n{
  "link": "http://127.0.0.1:8008/batch_statuses?id=dd380e7fa540189af6bf978391e3c83a03f171b798cbf1aba1d5d4d0b7cb3f9502e4eaa53852e98c6feba47c538c9e9b8ea70d4a9a728d26ca79c6775dbf5b4f"
}

2019/12/14 | 18:33:24 | INFO | 200
2019/12/14 | 18:33:24 | INFO | \n{
  "link": "http://127.0.0.1:8008/batch_statuses?id=000da30eeee54e6c29a3dac22d8d06687c0b4a7d7abe4f3159faa5bc7fef81706d4cf0da0ad6259d57e5dfcad3456a4b44e91562308dedee45c1ff69e6a39c6d"
}

2019/12/14 | 18:33:26 | INFO | 300
2019/12/14 | 18:33:26 | INFO | \n{
  "link": "http://127.0.0.1:8008/batch_statuses?id=85a7c532bd06ac0718481a416e61db0108faf62c6bbe568d6462898cf24e702c721f14b6de3b5d0f2c6dbbfff695d16bebd1f685a5b2dad4ba63844719a5a1a6"
}

2019/12/14 | 18:33:28 | INFO | 400
2019/12/14 | 18:33:28 | INFO | \n{
  "link": "http://127.0.0.1:8008/batch_statuses?id=4f06b8a21c17d021cbe0e454d6aa0f331c2cc4ae3514d6d84382878abbbe17c408e368b53a7118380d946ffb88cee7dddb1410c7b87e05248aaf7a3388be649d"
}

2019/12/14 | 18:33:30 | INFO | 500
2019/12/14 | 18:33:30 | INFO | \n{
  "link": "http://127.0.0.1:8008/batch_statuses?id=973250ee8398395359455853d15405a68b0c61ccf4ddcd311c83b3d6b5f80c547a93b550d9fd592ff6aac6f6b0e4c6ea1a9d4c7306f9e54cbe66bdc05e69e59e"
}

2019/12/14 | 18:33:32 | INFO | 600
2019/12/14 | 18:33:32 | INFO | \n{
  "link": "http://127.0.0.1:8008/batch_statuses?id=ce64dc04ff4ec890b59bf8e551959f7610e2a14d22ac36b67f97c7dc1784fc91378540ed3af0b97f4b934b5ca62594cf950373a587a908f93551a13dca178b56"
}

2019/12/14 | 18:33:34 | INFO | 700
2019/12/14 | 18:33:35 | INFO | \n{
  "link": "http://127.0.0.1:8008/batch_statuses?id=ee2e099e88cb4eaf49ef9a6b51f7f2ea9ec90f4b51d8abf5a9b8eac0c7bcd3ae3dee050205d7d134f43bfada6744b3d172863241bd7ec69f48f36cfbf7eb17e3"
}

2019/12/14 | 18:33:37 | INFO | 800
2019/12/14 | 18:33:37 | INFO | \n{
  "link": "http://127.0.0.1:8008/batch_statuses?id=a73e424c8c8f15034dad0ecb2d08ba0f61266453266f26a355942ea936533ea239b7ced504c5762807d20bacadf9cc7b2df6965ae143fcded09aea6d19110554"
}

2019/12/14 | 18:33:39 | INFO | 900
2019/12/14 | 18:33:39 | INFO | \n{
  "link": "http://127.0.0.1:8008/batch_statuses?id=7ff1c76932b1f8daaa140e9396b974f16a1291b6f0d4e950759a016b67e8277c1f13eddb1855a2c79a8cce6610566ed9ffd39713d81e1110400a7b9df8b368e5"
}

2019/12/14 | 18:33:41 | INFO | 1000
2019/12/14 | 18:33:41 | INFO | \n{
  "link": "http://127.0.0.1:8008/batch_statuses?id=336af03cd93ae12b1ac5b912393c4739448e1d0692d72e30ad8e91d007b9b41461e6dc75abc92324d28ec41cb8bfa715589ae63bcbda58bc320ad19c412847f0"
}

2019/12/14 | 18:33:43 | INFO | 1100
2019/12/14 | 18:33:43 | INFO | \n{
  "link": "http://127.0.0.1:8008/batch_statuses?id=ad2501097125837768d3d4be57c2e225448b6ef3f661f840f1065d0434eb324e1440d146c6f90d654274085f9489fa1db653511e4dc2583cb26e1a6ef4e2848d"
}

2019/12/14 | 18:33:45 | INFO | 1200
2019/12/14 | 18:33:45 | INFO | \n{
  "link": "http://127.0.0.1:8008/batch_statuses?id=d7b4a05dada67062de756d8b2f0604f13ff4fec1229e921730178f3c2db3851c3744ac28a2e18a987e14bf7948af681c476dedda942581640d6e545598b311be"
}

2019/12/14 | 18:33:47 | INFO | 1300
2019/12/14 | 18:33:47 | INFO | \n{
  "link": "http://127.0.0.1:8008/batch_statuses?id=97e9f01fadb0dbaa1c739d96ea78c79510b3216480a00bf9a3ca11c3288546ca6ff75d355f297604705f235cf53695ed39d57dc9b77888484f97c5891f1eea34"
}

2019/12/14 | 18:33:49 | INFO | 1400
2019/12/14 | 18:33:49 | INFO | \n{
  "link": "http://127.0.0.1:8008/batch_statuses?id=75a9d700d28fd06c6bce834d3f7e7add921bb97c721eece32777b355d96cc66d4202dd32abcf132710ce8ff20a467f647e733867513e94a997d5252969172192"
}

2019/12/14 | 18:33:51 | INFO | 1500
2019/12/14 | 18:33:51 | INFO | \n{
  "link": "http://127.0.0.1:8008/batch_statuses?id=8692bc4a08909fcd09927466fe03ae214100285b049efe92e7dfa85490b793162e51e37e8d740f1d24a9165889097a2e25c7c10ab961d1d4363c08cbef1f3b6a"
}

2019/12/14 | 18:33:53 | INFO | 1600
2019/12/14 | 18:33:53 | INFO | \n{
  "link": "http://127.0.0.1:8008/batch_statuses?id=626477fabfa1b97ef2ed3a029b59fad5de4d6a0d0109e7c950b8ff99b883ffcb39a52faebd8587b939cc6a81a2f0da234ba400d5463d65bd7def6d37b344388e"
}

2019/12/14 | 18:33:55 | INFO | 1700
2019/12/14 | 18:33:55 | INFO | \n{
  "link": "http://127.0.0.1:8008/batch_statuses?id=6b4e143795ab34a2e7390746a7ab8b37c35763482f85f7ce25552e041533034705570cd279440c1012029cb1080523c87f6b586867519a31be3ae3dc8cfbfce4"
}

2019/12/14 | 18:33:57 | INFO | 1800
2019/12/14 | 18:33:57 | INFO | \n{
  "link": "http://127.0.0.1:8008/batch_statuses?id=98e2138417c491e99bfba554c7275a7091431db0257cf89f78a2f404d3c8d3b708d47d6cb57571f0510c764b07f15479c8c3f9ca2d50a4e99756e44c5535eca5"
}

2019/12/14 | 18:33:59 | INFO | 1900
2019/12/14 | 18:33:59 | INFO | \n{
  "link": "http://127.0.0.1:8008/batch_statuses?id=b713cbd15bf02889543bd5ed77edb83cdb094f98e4c742a74698a5922a2599260087fd07434ad6131e52a9f8f5323919498125f06fdd119b376ea2c73eefe557"
}

2019/12/14 | 18:34:01 | INFO | 2000
2019/12/14 | 18:34:01 | INFO | \n{
  "link": "http://127.0.0.1:8008/batch_statuses?id=a76b66836addb465b0ef2f7b5021921085df5ac1457141ea4fb765e33091933758e775243bcd5f38d378806da2e3150d3d8be58a1d5cd866897f0592c5c3bafc"
}

2019/12/14 | 18:34:03 | INFO | 2100
2019/12/14 | 18:34:03 | INFO | \n{
  "link": "http://127.0.0.1:8008/batch_statuses?id=36c084281a899a9f7941bb213403b8199eb66e958f471daa5bb57d8ada375c2856c5cd6aa50780841dfdb11c4874b5ec6e11a5585315788f43e34ac893c56523"
}

2019/12/14 | 18:34:05 | INFO | 2200
2019/12/14 | 18:34:05 | INFO | \n{
  "link": "http://127.0.0.1:8008/batch_statuses?id=a9614426308d74a968d26c46d3320f0691b8c442abb43486243252efade6a2360bd11b49d4d656af0ec66c6efc4e36098e93dcda40c27ca38e4949cb41ca70f6"
}

2019/12/14 | 18:34:07 | INFO | 2300
2019/12/14 | 18:34:07 | INFO | \n{
  "link": "http://127.0.0.1:8008/batch_statuses?id=b6c694caa1acbc5decb3800fa20bc0a2d7c9c3de8ce673d301a6663be4eb68ec063d4b4da2177c9171b535ba6958660b2f9e8d5326238fd91e16750fc7bc0b82"
}

2019/12/14 | 18:34:09 | INFO | 2400
2019/12/14 | 18:34:09 | INFO | \n{
  "link": "http://127.0.0.1:8008/batch_statuses?id=0cdeb9c6a8be4766a6fa41027aede0a6d27c227db0724c7e9b07f66d376c997a3d56d745afc48f4f677fc08e02e7210ffb89e6db6196c341deefb2f7dc77caa9"
}

2019/12/14 | 18:34:11 | INFO | 2500
2019/12/14 | 18:34:11 | INFO | \n{
  "link": "http://127.0.0.1:8008/batch_statuses?id=50fec5dbbbd48bb51885974da4ac618e15c5e1258f890f1f8b1553b4767a775c1cd1995b8cf0aad41e5e9cf01534837713d43dbc1c843ec93cb4de0b93c570ad"
}

2019/12/14 | 18:34:13 | INFO | 2600
2019/12/14 | 18:34:13 | INFO | \n{
  "link": "http://127.0.0.1:8008/batch_statuses?id=96d9b7e50b52e14e28d0215ded60ba65e1ce8d17736cd1ee6be00d5a990af4b8605eb4d4f317cf7094e26435313be4a783a040b3157389d5f11e67cec4dda896"
}

2019/12/14 | 18:34:15 | INFO | 2700
2019/12/14 | 18:34:15 | INFO | \n{
  "link": "http://127.0.0.1:8008/batch_statuses?id=cb77a261dbe38dce0cec5e434d9cae3f015010b44d576e44ad88db26cc049d4879603576bacd3af24b10d8da28c13d6cfa2186502c890844b8fc60342cb9f6e8"
}

2019/12/14 | 18:34:17 | INFO | 2800
2019/12/14 | 18:34:17 | INFO | \n{
  "link": "http://127.0.0.1:8008/batch_statuses?id=9642dc37dd9890da13cd321cc47843bf6289954f59a107a3f1fd7bef1264d47120ef40e4798b9242a9ae9f1ff4aedfc5a5006d4faea65ef13c0452919f9eb273"
}

2019/12/14 | 18:34:19 | INFO | 2900
2019/12/14 | 18:34:19 | INFO | \n{
  "link": "http://127.0.0.1:8008/batch_statuses?id=14996af739823e369168fc0cf5caf00a7f48f186c78cb9257555d4d020fb0681015361e9a4ed5c85442302f96250493b38e001281b1194282acdafdfc00f7849"
}

2019/12/14 | 18:34:21 | INFO | 3000
2019/12/14 | 18:34:21 | INFO | \n{
  "link": "http://127.0.0.1:8008/batch_statuses?id=d0b435b6b6ca03c873fcf47ad5e01dde15e8e52e9d912f49d40722fe9645ab745d487665713cc22555bb1fa476fe08a930385b12ced6ab13d0a963572ba02a23"
}

2019/12/14 | 18:34:23 | INFO | 3100
2019/12/14 | 18:34:23 | INFO | \n{
  "link": "http://127.0.0.1:8008/batch_statuses?id=445a4436a14b8c05ca06fd009309d3d3e6bbdea11e835b37c2d3fa0816cc505f07357f90788d8a0b562be2d104c67055cfbdb1e7075cc1621af69ddb54872c88"
}

2019/12/14 | 18:34:25 | INFO | 3200
2019/12/14 | 18:34:25 | INFO | \n{
  "link": "http://127.0.0.1:8008/batch_statuses?id=662f766615f4dd1c77ab3067cdd60a47033a1b876d24811b1ea4c278fbc4d6de0ea23f5899e1e5183c68f09e2cf3e39fe9b768b4ab212363f21af48ebbdb64f7"
}

2019/12/14 | 18:34:27 | INFO | 3300
