******************************************************************************************
**
** Perfect Logger Logging System
** Application Version          : 1.0
** Perfect-Logger Version       : 1.5.2
** Application Start Time (UTC) : 18:53:19 2019/12/14
**
** Copyright 2018 Team whileLOOP
**
******************************************************************************************
**
** Log Number               : #3
** Continuing from Log File : client.1576349792615.log
** Log Start Time (UTC)     : 18:56:32 2019/12/14
**
******************************************************************************************
2019/12/14 | 18:56:32 | INFO | {\n  "link": "http://127.0.0.1:8008/batch_statuses?id=3d36e6b01011f897cd81661a53c0f537390c9fc9b5434214737d602d5b11a414033a9493694b21373f83b268132f53f39b5571a2c1a3f8967258e860884b5984"
}
2019/12/14 | 18:56:37 | INFO | 3800
2019/12/14 | 18:56:37 | INFO | {\n  "link": "http://127.0.0.1:8008/batch_statuses?id=109e63355f6c804522691225db9263c5965cf24e865b7ac644f73b59d11098c14cdf050d25e89534561e3c99c650bfa996cf985e05de7809d01ec0c956888ac8"
}
2019/12/14 | 18:56:42 | INFO | 3900
2019/12/14 | 18:56:42 | INFO | {\n  "link": "http://127.0.0.1:8008/batch_statuses?id=8598f7fd74d3aad782c1fe56413280061c96eef9e3a52971523cdf242e8980cf50591f2bb3c1c1694649108daa7f176645b07221639a7fb8ff9f7eee668ecfb9"
}
