******************************************************************************************
**
** Perfect Logger Logging System
** Application Version          : 1.0
** Perfect-Logger Version       : 1.5.2
** Application Start Time (UTC) : 18:40:00 2019/12/14
**
** Copyright 2018 Team whileLOOP
**
******************************************************************************************
**
** Log Number               : #6
** Continuing from Log File : vault_processor.1576348914849.log
** Log Start Time (UTC)     : 18:41:54 2019/12/14
**
******************************************************************************************
2019/12/14 | 18:41:54 | INFO | [32m[2019-12-14 18:41:54 DEBUG	vault_processor][39m\nCustID: 274380001100446
Name: N/A
TradeChannel: HFS Small T.G.
hash: 68dd812356da6e904687a1313ca770fdd7e1ce1d5133effa408505ee661ffd10
2019/12/14 | 18:41:54 | INFO | [32m[2019-12-14 18:41:54 DEBUG	vault_processor][39m\nCustID: 274380001100476
Name: N/A
TradeChannel: HFS Small T.G.
hash: 6aaaf435fdbed42c0591391e6da6c214fc2d5265dbf1a24b18419ecbc09aa2f4
2019/12/14 | 18:41:54 | INFO | [32m[2019-12-14 18:41:54 DEBUG	vault_processor][39m\nCustID: 274380001100501
Name: N/A
TradeChannel: HFS Small T.G.
hash: 17b292cd2465f22040f54af0d35ee49d8557037857f8e9b9d47515c93023400b
2019/12/14 | 18:42:18 | INFO | [32m[2019-12-14 18:42:18 DEBUG	vault_processor][39m\nCustID: 274380001044124
Name: SALEH SATER AL HALIS
TradeChannel: MT Tier 2
hash: 8fa01c2d427e43c24e7173d9ae07a851436e58e6518125be586acab606afc6b4
2019/12/14 | 18:42:18 | INFO | [32m[2019-12-14 18:42:18 DEBUG	vault_processor][39m\nCustID: 274380001044392
Name: ASHQAR 1
TradeChannel: HFS Small T.G.
hash: c3315d46dede8fdcd476db066ac2a8e9f0cb58010e7ac181702518618fe07a31
2019/12/14 | 18:42:18 | INFO | [32m[2019-12-14 18:42:18 DEBUG	vault_processor][39m\nCustID: 274380001044417
Name: MARKAZ AL-TAJ
TradeChannel: HFS Small T.G.
hash: bfe66550b5165186d8bf0f76f1e1380607936f0514aff42aa0151eb71e414aca
2019/12/14 | 18:42:18 | INFO | [32m[2019-12-14 18:42:18 DEBUG	vault_processor][39m\nCustID: 274380001044420
Name: ALSHARQIA
TradeChannel: HFS Small T.G.
hash: c8b72f5c42c51d8362f8397322630a154342e6740757fc50ae33b157931af0ec
2019/12/14 | 18:42:18 | INFO | [32m[2019-12-14 18:42:18 DEBUG	vault_processor][39m\nCustID: 274380001044424
Name: BIN HASSAN
TradeChannel: HFS Small T.G.
hash: 2e536c13630967e10bf5291600d30079175a18a7b43f17ad9038c2b540e6c605
2019/12/14 | 18:42:18 | INFO | [32m[2019-12-14 18:42:18 DEBUG	vault_processor][39m\nCustID: 274380001044460
Name: MEN AJLEK
TradeChannel: HFS Small T.G.
hash: 9a794a22b4ede8380c6549626cae0ef08746f87310b798f0f1d1d7689e1df2bb
2019/12/14 | 18:42:18 | INFO | [32m[2019-12-14 18:42:18 DEBUG	vault_processor][39m\nCustID: 274380001044462
Name: ALYEHYA
TradeChannel: HFS Small T.G.
hash: 2e6ccc0532b7ef563e8fe75fabf59328d053757b5dee6ad80f6a7ffc06d4081d
2019/12/14 | 18:42:18 | INFO | [32m[2019-12-14 18:42:18 DEBUG	vault_processor][39m\nCustID: 274380001044469
Name: ALBAIT ALARABI FOR MARKETING
TradeChannel: HFS Small T.G.
hash: 4c8c44db177b2a16fd0a6934dc757c9b604aa2c204c8a9034efce62610c52ede
2019/12/14 | 18:42:18 | INFO | [32m[2019-12-14 18:42:18 DEBUG	vault_processor][39m\nCustID: 274380001043868
Name: Al Yahya Catering Center
TradeChannel: MT Tier 2
hash: 7fd0a5acc501694d34df7db0fd6c731acfbba0827c71d4d7a3b5f8b5b11fafc7
2019/12/14 | 18:42:18 | INFO | [32m[2019-12-14 18:42:18 DEBUG	vault_processor][39m\nCustID: 274380001044525
Name: ALTAMWIN
TradeChannel: HFS Small T.G.
hash: f731177059b9f656640de7fcff3466cba0db33bb3471d25be30de919bdb0992d
2019/12/14 | 18:42:18 | INFO | [32m[2019-12-14 18:42:18 DEBUG	vault_processor][39m\nCustID: 274380001030085
Name: ALI SAAD AL QAHTANI TRADING EST.
TradeChannel: WS-RTL
hash: fe0172eb3af9d10f929e39991a644b02d1f58419358fef68010018e158c888c7
2019/12/14 | 18:42:18 | INFO | [32m[2019-12-14 18:42:18 DEBUG	vault_processor][39m\nCustID: 274380001044471
Name: ALZOHOR
TradeChannel: HFS Small T.G.
hash: afcc8780d179aebf90132b09bcf745a568be82f318a7cb158c5454b04686437f
2019/12/14 | 18:42:18 | INFO | [32m[2019-12-14 18:42:18 DEBUG	vault_processor][39m\nCustID: 274380001044488
Name: ALTHALATHOON
TradeChannel: HFS Small T.G.
hash: 362e19b8939826bf7bdb5f30035334d99f69d5610b9c5483d5eec95426d544fa
2019/12/14 | 18:42:18 | INFO | [32m[2019-12-14 18:42:18 DEBUG	vault_processor][39m\nCustID: 274380001044494
Name: ALMONTAZAH
TradeChannel: HFS Small T.G.
hash: b63c5a4895c0a88b0db65f78a5ef1f7367c8eb8dd3050d77b9313cf0f22881b9
2019/12/14 | 18:42:18 | INFO | [32m[2019-12-14 18:42:18 DEBUG	vault_processor][39m\nCustID: 274380001044512
Name: TAMWINAT ALHAMAD
TradeChannel: HFS Small T.G.
hash: f1879ae0e5a9779835404b05150e2d197277ac6da13a0167cd093a11b9fb9aff
2019/12/14 | 18:42:18 | INFO | [32m[2019-12-14 18:42:18 DEBUG	vault_processor][39m\nCustID: 274380001044534
Name: HOMOD ALMALEKI
TradeChannel: HFS Small T.G.
hash: 2f5d5a373e6736292588e56ebf5da43038534beeddc081c3ba85ee2be0d3d040
2019/12/14 | 18:42:18 | INFO | [32m[2019-12-14 18:42:18 DEBUG	vault_processor][39m\nCustID: 274380001044567
Name: MEDAWEKH ALSHEMARI
TradeChannel: HFS Small T.G.
hash: 0c5bcd31fc57caa581b4b7a8790a6dde516b097ed64f5f36234293ff156bd5be
2019/12/14 | 18:42:18 | INFO | [32m[2019-12-14 18:42:18 DEBUG	vault_processor][39m\nCustID: 274380001044583
Name: SULTAN
TradeChannel: HFS Small T.G.
hash: 89199f9d04ec6eedeca7a84b2e6602dda06f4a42cc40b064c911d34aa0aa2306
2019/12/14 | 18:42:18 | INFO | [32m[2019-12-14 18:42:18 DEBUG	vault_processor][39m\nCustID: 274380001044586
Name: ALMAZEED
TradeChannel: HFS Small T.G.
hash: defd02d1059938f62469944c21e32ffcb4a8eb454a9135dfe0087b4c5ec31628
2019/12/14 | 18:42:18 | INFO | [32m[2019-12-14 18:42:18 DEBUG	vault_processor][39m\nCustID: 274380001044622
Name: ALSHEHRI
TradeChannel: HFS Small T.G.
hash: 24edcdc5a48a6efd4995b50182ef1ae0471363c288671bd1e347ed0e0a11b5ea
2019/12/14 | 18:42:18 | INFO | [32m[2019-12-14 18:42:18 DEBUG	vault_processor][39m\nCustID: 274380001044511
Name: AMAL 2
TradeChannel: HFS Small T.G.
hash: 786d3659f9dc43935e0d3badc02bb199c24ea1dc1bdf5d953bce0d56d1133dc2
2019/12/14 | 18:42:18 | INFO | [32m[2019-12-14 18:42:18 DEBUG	vault_processor][39m\nCustID: 274380001044478
Name: ALKHIALIA
TradeChannel: HFS Small T.G.
hash: a3ce2793d7c9e8078a9d81221050dc4dc5d3de7dc17dc82a18795b7fdd14e164
2019/12/14 | 18:42:18 | INFO | [32m[2019-12-14 18:42:18 DEBUG	vault_processor][39m\nCustID: 274380001044480
Name: Tuwaijri
TradeChannel: HFS Small T.G.
hash: 82e06a7ab57e46f45265eeb434bf1830af8bf2fa9f6235ceffc62fac6e43c616
2019/12/14 | 18:42:18 | INFO | [32m[2019-12-14 18:42:18 DEBUG	vault_processor][39m\nCustID: 274380001044638
Name: FATMAH ALHARBI
TradeChannel: HFS Small T.G.
hash: 3bb8b7c76629f261916a5465f328242b38943025555fbc12ca54c69c2183733c
2019/12/14 | 18:42:18 | INFO | [32m[2019-12-14 18:42:18 DEBUG	vault_processor][39m\nCustID: 274380001044640
Name: ALBASHAIR
TradeChannel: HFS Small T.G.
hash: 3156b38b0236ccada9f5a7d2d0d377920ca1cae5984ac729f013f62e7785f8de
2019/12/14 | 18:42:18 | INFO | [32m[2019-12-14 18:42:18 DEBUG	vault_processor][39m\nCustID: 274380001044642
Name: AGHADIR
TradeChannel: HFS Small T.G.
hash: e65119d8ef62b17550230f200df8dca6c1856aa0d505491496de0a00c90f486b
2019/12/14 | 18:42:18 | INFO | [32m[2019-12-14 18:42:18 DEBUG	vault_processor][39m\nCustID: 274380001044643
Name: RASHID ALDOSARI
TradeChannel: HFS Small T.G.
hash: 3182958d68c79bffdd8089f0f36c7e9b453f4b0549e0daf2279952294fc6e569
2019/12/14 | 18:42:18 | INFO | [32m[2019-12-14 18:42:18 DEBUG	vault_processor][39m\nCustID: 274380001044644
Name: ABDALLAH ALSUWIDAN
TradeChannel: HFS Small T.G.
hash: af9ff2ea92d7f92f31f21fb02639a2bd373284f7849e741439dcdbb83f293e61
2019/12/14 | 18:42:18 | INFO | [32m[2019-12-14 18:42:18 DEBUG	vault_processor][39m\nCustID: 274380001044645
Name: ALOSRAH
TradeChannel: HFS Small T.G.
hash: 4e8975135be27b68bdbd0b5ed2a9249e7dd8b0857fbe33f102b5b7bbdb82d2be
2019/12/14 | 18:42:18 | INFO | [32m[2019-12-14 18:42:18 DEBUG	vault_processor][39m\nCustID: 274380001044646
Name: TAIBAH
TradeChannel: HFS Small T.G.
hash: 95514878cb3e1c1924a785878133a45283de52ba9ec7ed764aa894ccf9723c18
2019/12/14 | 18:42:18 | INFO | [32m[2019-12-14 18:42:18 DEBUG	vault_processor][39m\nCustID: 274380001044648
Name: ASWAQ FATIMA
TradeChannel: HFS Small T.G.
hash: c5a29a5a7e916add0e2e0a7eeba5272513a79353dd6973b9d658925d1b52e9ba
2019/12/14 | 18:42:18 | INFO | [32m[2019-12-14 18:42:18 DEBUG	vault_processor][39m\nCustID: 274380001044649
Name: ALDOSARI
TradeChannel: HFS Small T.G.
hash: ae6b0c6b85cce0f0666397866163ad4ebdf4ca034726b8935a37aecfd9cb4c3b
2019/12/14 | 18:42:18 | INFO | [32m[2019-12-14 18:42:18 DEBUG	vault_processor][39m\nCustID: 274380001044650
Name: ALBURAIK
TradeChannel: HFS Small T.G.
hash: 93dcbc10e747a29636a5d88486fb4e5ad7f56914e142bc87a61e539cacdae1be
2019/12/14 | 18:42:18 | INFO | [32m[2019-12-14 18:42:18 DEBUG	vault_processor][39m\nCustID: 274380001044655
Name: SARAH
TradeChannel: HFS Small T.G.
hash: 272361aa6846375b030d962c9ba3dbc5e93b175ddb5a9c2114753bdb1bf44ddb
2019/12/14 | 18:42:18 | INFO | [32m[2019-12-14 18:42:18 DEBUG	vault_processor][39m\nCustID: 274380001044656
Name: ALSUWIDER
TradeChannel: HFS Small T.G.
hash: 0be4f936ba96bfcaf2f4cfd07d041f5d538b2607307479825b165cec9e50f392
2019/12/14 | 18:42:18 | INFO | [32m[2019-12-14 18:42:18 DEBUG	vault_processor][39m\nCustID: 274380001044657
Name: ALI HAMDAN
TradeChannel: HFS Small T.G.
hash: ce73f183e0c6b7b83df479773105fe46e9d2948fa74c0f1b0ab18c1edfd28a71
2019/12/14 | 18:42:18 | INFO | [32m[2019-12-14 18:42:18 DEBUG	vault_processor][39m\nCustID: 274380001044659
Name: ABDULLAH
TradeChannel: HFS Small T.G.
hash: 42c79b9d9759409ae3a013b69f145a7770b0a3f59a29a4364c45559aff81e2e9
2019/12/14 | 18:42:18 | INFO | [32m[2019-12-14 18:42:18 DEBUG	vault_processor][39m\nCustID: 274380001044660
Name: SAAD ALTAMIMI
TradeChannel: HFS Small T.G.
hash: eb3c150fae97d5bd492f6f36d420a2218a02444ea2cd6be074799233dd2ba647
2019/12/14 | 18:42:18 | INFO | [32m[2019-12-14 18:42:18 DEBUG	vault_processor][39m\nCustID: 274380001044654
Name: ABDULLAH ALAWAD
TradeChannel: HFS Small T.G.
hash: 25c4f294a2e2585d0a58729092b53770050e47858392ecba3540b73cff34a90d
2019/12/14 | 18:42:18 | INFO | [32m[2019-12-14 18:42:18 DEBUG	vault_processor][39m\nCustID: 274380001044663
Name: AWAD ALAHMARI
TradeChannel: HFS Small T.G.
hash: b6a0d95cc5a2214e0728febf5315a8ce934cd0180a8cd01cb9f6e93f90babac5
2019/12/14 | 18:42:18 | INFO | [32m[2019-12-14 18:42:18 DEBUG	vault_processor][39m\nCustID: 274380001044664
Name: FAISAL ALSARAJ
TradeChannel: HFS Small T.G.
hash: 695d485b0f1bd5bf6091092a4b86625e6765c742e9c3c894956fccdc75d82aea
2019/12/14 | 18:42:18 | INFO | [32m[2019-12-14 18:42:18 DEBUG	vault_processor][39m\nCustID: 274380001044422
Name: ALQARNI 1
TradeChannel: HFS Small T.G.
hash: d6389834f15df81d41228a6d9717ee4e7e6ed89bc8532a7222a94866dd0c7b8d
2019/12/14 | 18:42:18 | INFO | [32m[2019-12-14 18:42:18 DEBUG	vault_processor][39m\nCustID: 274380001044666
Name: SULIMAN
TradeChannel: HFS Small T.G.
hash: e049ac2076002f7e9c058ff62ddad2433612a5b36ad69622b1db08794bd4803e
Continuing to vault_processor.1576348939012.log
