2019/12/14 | 18:43:18 | INFO | [32m[2019-12-14 18:43:17 DEBUG	vault_processor][39m\nCustID: 274380001069377
Name: alswelam
TradeChannel: HFS Small T.G.
hash: cf3b073a092b2eb1104eec4023c0bc44b7ea7e7c85e3a3cdda2229d28daa38d3
******************************************************************************************
**
** Perfect Logger Logging System
** Application Version          : 1.0
** Perfect-Logger Version       : 1.5.2
** Application Start Time (UTC) : 18:40:00 2019/12/14
**
** Copyright 2018 Team whileLOOP
**
******************************************************************************************
**
** Log Number               : #80
** Continuing from Log File : vault_processor.1576348998001.log
** Log Start Time (UTC)     : 18:43:18 2019/12/14
**
******************************************************************************************
2019/12/14 | 18:43:18 | INFO | [32m[2019-12-14 18:43:18 DEBUG	vault_processor][39m\nCustID: 274380001069597
Name: al seari
TradeChannel: HFS Small T.G.
hash: 456b1e7cb9e5d3321b637e659856c0f8d4ba252632df41dcb8f160c0c970604d
2019/12/14 | 18:43:18 | INFO | [32m[2019-12-14 18:43:18 DEBUG	vault_processor][39m\nCustID: 274380001079658
Name: N/A
TradeChannel: HFS Small T.G.
hash: 387396eead71bd8c58baee5222292404b6fd1f2f8a2cf4d13a296ad7499708ad
2019/12/14 | 18:43:18 | INFO | [32m[2019-12-14 18:43:18 DEBUG	vault_processor][39m\nCustID: 274380001079702
Name: N/A
TradeChannel: HFS Small T.G.
hash: e959c558ab66a1bf15b9bb02bef76829a019c9cbdb03f856e146b0486c0f7a5b
2019/12/14 | 18:43:18 | INFO | [32m[2019-12-14 18:43:18 DEBUG	vault_processor][39m\nCustID: 274380001091997
Name: N/A
TradeChannel: N/A
hash: 924c0ce6d82be4ab50fc8ec893867c2309df983b4b8efddcf54684da3c42ba83
2019/12/14 | 18:43:18 | INFO | [32m[2019-12-14 18:43:18 DEBUG	vault_processor][39m\nCustID: 274380001092003
Name: N/A
TradeChannel: N/A
hash: ae07283229893e7298efa69b67e3690cbe92941c0be0d32040f2d762aa770474
2019/12/14 | 18:43:18 | INFO | [32m[2019-12-14 18:43:18 DEBUG	vault_processor][39m\nCustID: 274380001092011
Name: N/A
TradeChannel: N/A
hash: bceae1b90fdd8eb823899a473f43c65fc35351406a4573ceaf10f8551732397f
2019/12/14 | 18:43:18 | INFO | [32m[2019-12-14 18:43:18 DEBUG	vault_processor][39m\nCustID: 274380001092016
Name: N/A
TradeChannel: N/A
hash: e7d86eeb126121dbc259ca49882bb2f0a4ecf29b8dda8d6e8583820837d7495b
2019/12/14 | 18:43:18 | INFO | [32m[2019-12-14 18:43:18 DEBUG	vault_processor][39m\nCustID: 274380001092021
Name: N/A
TradeChannel: N/A
hash: c89f94be22c89572eee79ccd6b9ef5c2603fd9e991eb93460b6389f2aaee609f
2019/12/14 | 18:43:18 | INFO | [32m[2019-12-14 18:43:18 DEBUG	vault_processor][39m\nCustID: 274380001092026
Name: N/A
TradeChannel: N/A
hash: 01775cd9f8338ef24d949aed84dcbb014762a49cf8c930b39dfb13976f8af611
2019/12/14 | 18:43:18 | INFO | [32m[2019-12-14 18:43:18 DEBUG	vault_processor][39m\nCustID: 274380001092036
Name: N/A
TradeChannel: N/A
hash: 89d0d8331d63ce330343b8e5dc3e76648de4e21b3766409d76a6b96248d9a573
2019/12/14 | 18:43:18 | INFO | [32m[2019-12-14 18:43:18 DEBUG	vault_processor][39m\nCustID: 274380001092048
Name: N/A
TradeChannel: N/A
hash: f6b27472d729b927e4101a4ea30d247c1148973716e4f3da3aa7e0fc3bda37c2
2019/12/14 | 18:43:18 | INFO | [32m[2019-12-14 18:43:18 DEBUG	vault_processor][39m\nCustID: 274380001092103
Name: N/A
TradeChannel: N/A
hash: cfc5228737f55b9be9516c83e6272c7b8305b52e3467017c0515ae3932ef06e7
2019/12/14 | 18:43:18 | INFO | [32m[2019-12-14 18:43:18 DEBUG	vault_processor][39m\nCustID: 274380001092165
Name: N/A
TradeChannel: N/A
hash: ec4402cb74765cdd79829229c44eff1f35a06a9433e544f8cd6eb69a2e410f78
2019/12/14 | 18:43:18 | INFO | [32m[2019-12-14 18:43:18 DEBUG	vault_processor][39m\nCustID: 274380001092270
Name: N/A
TradeChannel: N/A
hash: 24e0b747d495374171c794201f76aba3cf9ba0ea3dbd7eab17071ac510d52d43
2019/12/14 | 18:43:18 | INFO | [32m[2019-12-14 18:43:18 DEBUG	vault_processor][39m\nCustID: 274380001092345
Name: N/A
TradeChannel: N/A
hash: 1e984c3bc2c81e6f975732fabebdd7a0539efb88d3f104b1761db156d92fc31b
2019/12/14 | 18:43:18 | INFO | [32m[2019-12-14 18:43:18 DEBUG	vault_processor][39m\nCustID: 274380001092372
Name: N/A
TradeChannel: N/A
hash: d14958382a6f9d5deedb9009b44a143f517012e88782f138d953f8b4f0cd9fcf
2019/12/14 | 18:43:18 | INFO | [32m[2019-12-14 18:43:18 DEBUG	vault_processor][39m\nCustID: 274380001092619
Name: N/A
TradeChannel: N/A
hash: ad86a55cbf3a51aca0216796fde34f50aad3e787c0f137ad8ebc2890adc8a1df
2019/12/14 | 18:43:18 | INFO | [32m[2019-12-14 18:43:18 DEBUG	vault_processor][39m\nCustID: 274380001092745
Name: N/A
TradeChannel: N/A
hash: aff9e1a50b454bfb521336ca56367412af8315484ad1c253e5ca301fdc59f554
2019/12/14 | 18:43:18 | INFO | [32m[2019-12-14 18:43:18 DEBUG	vault_processor][39m\nCustID: 274380001094323
Name: N/A
TradeChannel: N/A
hash: 5f912268ec431b91a163fe1d1701210dbd5d4a486cd50327ecda23ea4200a913
2019/12/14 | 18:43:18 | INFO | [32m[2019-12-14 18:43:18 DEBUG	vault_processor][39m\nCustID: 274380001094396
Name: N/A
TradeChannel: N/A
hash: 421ede2eb07c765956d9f50e7d686faa7b50b28e0c08e19ac807282dac4ac11e
2019/12/14 | 18:43:18 | INFO | [32m[2019-12-14 18:43:18 DEBUG	vault_processor][39m\nCustID: 274380001094636
Name: N/A
TradeChannel: N/A
hash: 34fbda64651247b7740380e31e762e7b5bdd66faded63170b09f84a81bd65504
2019/12/14 | 18:43:18 | INFO | [32m[2019-12-14 18:43:18 DEBUG	vault_processor][39m\nCustID: 274380001094649
Name: N/A
TradeChannel: N/A
hash: 7ed9d5f6e6337e09a9ebd794309b5cc0e174a2300d3cd8cdafc0a0c08b55efb0
2019/12/14 | 18:43:18 | INFO | [32m[2019-12-14 18:43:18 DEBUG	vault_processor][39m\nCustID: 274380001062376
Name: Danube Co. For Food Stuffs
TradeChannel: National Accounts
hash: fb787d276ac99d338b4104d63d3231a5cde65ca37d84b1c16050d9ab98a0012e
2019/12/14 | 18:43:18 | INFO | [32m[2019-12-14 18:43:18 DEBUG	vault_processor][39m\nCustID: 274380001030109
Name: TAMIMI COMPANY
TradeChannel: National Accounts
hash: 8ce4d97cdf464df216aae8d9c66c2b0031609f94dd6334129f5da6bb0a751f4f
2019/12/14 | 18:43:18 | INFO | [32m[2019-12-14 18:43:18 DEBUG	vault_processor][39m\nCustID: 274380001043912
Name: ABDULLAH AL OTHAIM COMMERCIAL COMPANY
TradeChannel: National Accounts
hash: ec8728fb2a85f241b739a8b08793bf0fecceca00d71983ca7f4b92f78a52a7c7
2019/12/14 | 18:43:18 | INFO | [32m[2019-12-14 18:43:18 DEBUG	vault_processor][39m\nCustID: 274380001044143
Name:  Bin Dawood Stores Trading Co.
TradeChannel: National Accounts
hash: bb3d81c887a829d8278f6670b3b0e82115689276267cbd98db7136738f931fe1
2019/12/14 | 18:43:18 | INFO | [32m[2019-12-14 18:43:18 DEBUG	vault_processor][39m\nCustID: 274380001079259
Name: Um Alqorah
TradeChannel: HFS Small T.G.
hash: cd88ea8b8a5d4703f7d98d34e91d38ad41e9af435610b45b533efa23d98a3f50
2019/12/14 | 18:43:18 | INFO | [32m[2019-12-14 18:43:18 DEBUG	vault_processor][39m\nCustID: 274380001079589
Name: N/A
TradeChannel: HFS Small T.G.
hash: 92a4405952b6708cdd20a000affe522572e774b5d91baaa876bef718d5bbded6
2019/12/14 | 18:43:18 | INFO | [32m[2019-12-14 18:43:18 DEBUG	vault_processor][39m\nCustID: 274380001079660
Name: N/A
TradeChannel: HFS Small T.G.
hash: 365b30c21ed5d2b9bfdf241133710dc235183a035c1355ca8425321c7ba93bfc
2019/12/14 | 18:43:18 | INFO | [32m[2019-12-14 18:43:18 DEBUG	vault_processor][39m\nCustID: 274380001075852
Name: Anwar Salem Heareaz PH.
TradeChannel: RVO Pharma
hash: 286cc83c1a74689857235ee61b2dfa435d485f4b549600566f8867e3e10e8135
2019/12/14 | 18:43:18 | INFO | [32m[2019-12-14 18:43:18 DEBUG	vault_processor][39m\nCustID: 274380001044558
Name: ABDULAZIZ
TradeChannel: HFS Small T.G.
hash: 522bbc44b1079fc3ed9d69835504f3a2c9e1c1d3933bec283a6970c5603fd31b
2019/12/14 | 18:43:18 | INFO | [32m[2019-12-14 18:43:18 DEBUG	vault_processor][39m\nCustID: 274380001045745
Name: AL RFADAH WHOLESALE BRANCH EST
TradeChannel: Wholesaler
hash: 630f6f718c0a3a9901064ac453aec7102ee433c04a2943ce9285a2cb096e0cad
2019/12/14 | 18:43:18 | INFO | [32m[2019-12-14 18:43:18 DEBUG	vault_processor][39m\nCustID: 274380001048037
Name: NASIR ALSHQRANE
TradeChannel: HFS Small T.G.
hash: 11fe412be29fd05753213ca63485ffd8491fe8a25df349aa927e32587bf5d18e
2019/12/14 | 18:43:18 | INFO | [32m[2019-12-14 18:43:18 DEBUG	vault_processor][39m\nCustID: 274380001048074
Name: ALNAJAAH
TradeChannel: HFS Small T.G.
hash: 124cd319b2f5cf2e27e7a2871b20b72f1e6f9925fa3938178109bdcf03dde1b0
2019/12/14 | 18:43:18 | INFO | [32m[2019-12-14 18:43:18 DEBUG	vault_processor][39m\nCustID: 274380001051141
Name: ASWAQ ALARBAEIN
TradeChannel: HFS Small T.G.
hash: 42585ca482af6108b89ff35f99012dc28e688f900a54b93f76bcdfb5da3f89c9
2019/12/14 | 18:43:18 | INFO | [32m[2019-12-14 18:43:18 DEBUG	vault_processor][39m\nCustID: 274380001051196
Name: ADBDULLA ALHARBI
TradeChannel: HFS Small T.G.
hash: f75ed5136ecc917260fd5d8c3f89e7a49f484142a1505435381bdffda8a94940
2019/12/14 | 18:43:18 | INFO | [32m[2019-12-14 18:43:18 DEBUG	vault_processor][39m\nCustID: 274380001057064
Name: JADAWEL
TradeChannel: HFS Small T.G.
hash: 9de4287caf26a88bef7a946ccbc83e41bbba92746ad0d6c281e5386c4cc89a61
2019/12/14 | 18:43:18 | INFO | [32m[2019-12-14 18:43:18 DEBUG	vault_processor][39m\nCustID: 274380001062809
Name: QAFELAT ALGHEDA
TradeChannel: HFS Small T.G.
hash: 2147b2d250b20e294ccd6cd18c3c489cd98c2b065bc6d47f894708c8289d1729
2019/12/14 | 18:43:18 | INFO | [32m[2019-12-14 18:43:18 DEBUG	vault_processor][39m\nCustID: 274380001068645
Name: AWAD ALSHEHRY
TradeChannel: HFS Small T.G.
hash: 02991c590d8925613269f11eb6f7d9c9fc139123f1853bebefce2365244e8750
2019/12/14 | 18:43:18 | INFO | [32m[2019-12-14 18:43:18 DEBUG	vault_processor][39m\nCustID: 274380001080322
Name: N/A
TradeChannel: HFS Small T.G.
hash: 75ec66731d065d4f08319e88421855ce821596521aee014764ec8654591adadb
2019/12/14 | 18:43:18 | INFO | [32m[2019-12-14 18:43:18 DEBUG	vault_processor][39m\nCustID: 274380001080343
Name: N/A
TradeChannel: HFS Small T.G.
hash: 3b1b14cef48c872a638c4cf1f4e90559b0b8b751486d4724802573a4f3295fe7
2019/12/14 | 18:43:18 | INFO | [32m[2019-12-14 18:43:18 DEBUG	vault_processor][39m\nCustID: 274380001094654
Name: N/A
TradeChannel: N/A
hash: 0404979751f9c2d5a25673820b077c1dcf835110f9bc46bcebb69d0c4916c484
2019/12/14 | 18:43:18 | INFO | [32m[2019-12-14 18:43:18 DEBUG	vault_processor][39m\nCustID: 274380001094688
Name: N/A
TradeChannel: N/A
hash: 43e0da871a2be050f125c4329480713b3d338cc997e395bbc3de4fee56ecae53
2019/12/14 | 18:43:18 | INFO | [32m[2019-12-14 18:43:18 DEBUG	vault_processor][39m\nCustID: 274380001094690
Name: N/A
TradeChannel: N/A
hash: 3e2d9a55df0fe1077e780f514dde514585b67685c335cba16b333081d9823f18
2019/12/14 | 18:43:18 | INFO | [32m[2019-12-14 18:43:18 DEBUG	vault_processor][39m\nCustID: 274380001094716
Name: N/A
TradeChannel: N/A
hash: 302fbcc6c649e57994d8ed686e4551b9c2c0c39a68d291a38ebec61fa887a55e
2019/12/14 | 18:43:18 | INFO | [32m[2019-12-14 18:43:18 DEBUG	vault_processor][39m\nCustID: 274380001094748
Name: N/A
TradeChannel: N/A
hash: acb15b70edb64a567c2f0f1adf94cd8adb9a14e3b97c5080247429fc082e232a
2019/12/14 | 18:43:18 | INFO | [32m[2019-12-14 18:43:18 DEBUG	vault_processor][39m\nCustID: 274380001094849
Name: N/A
TradeChannel: N/A
hash: 4fa522cca4fecb7e5a458687b8e77e7243da051fcb099cc696b09bf499d06c59
2019/12/14 | 18:43:18 | INFO | [32m[2019-12-14 18:43:18 DEBUG	vault_processor][39m\nCustID: 274380001095252
Name: N/A
TradeChannel: N/A
hash: 6af8e59e8ed6909c5eba8fbb205700f6996bef944b63ba1469dfc353185ed730
2019/12/14 | 18:43:18 | INFO | [32m[2019-12-14 18:43:18 DEBUG	vault_processor][39m\nCustID: 274380001095360
Name: N/A
TradeChannel: N/A
hash: 0d4d400a7f754118b8b732afcd89de30a86c9bbcadafc9258f94230dfeab8141
2019/12/14 | 18:43:18 | INFO | [32m[2019-12-14 18:43:18 DEBUG	vault_processor][39m\nCustID: 274380001095363
Name: N/A
TradeChannel: N/A
hash: 326a0dd9ba948ccc32cb58a252f51df379013ef7e33df509d984c3416a88206d
2019/12/14 | 18:43:18 | INFO | [32m[2019-12-14 18:43:18 DEBUG	vault_processor][39m\nCustID: 274380001095371
Name: N/A
TradeChannel: N/A
hash: b073ec3ce4870ee0f0aeaa544a3c7021ce1b46723ef739800489fb561d478862
2019/12/14 | 18:43:18 | INFO | [32m[2019-12-14 18:43:18 DEBUG	vault_processor][39m\nCustID: 274380001095376
Name: N/A
TradeChannel: N/A
hash: ca5fed7b372760164ee37d124659e9c50801349d5e6d1c18af4366877e1859c0
2019/12/14 | 18:43:18 | INFO | [32m[2019-12-14 18:43:18 DEBUG	vault_processor][39m\nCustID: 274380001095382
Name: N/A
TradeChannel: N/A
hash: 61389a3b917b8e4e5e943010f7583a78d788f3540b54427ef57ebe22760976b9
2019/12/14 | 18:43:18 | INFO | [32m[2019-12-14 18:43:18 DEBUG	vault_processor][39m\nCustID: 274380001095608
Name: N/A
TradeChannel: N/A
hash: 6c0cd8a0750dfd8a88b62a35a7c9fbaebf2a9ead2aadeaf69aad26c86258a1b9
2019/12/14 | 18:43:18 | INFO | [32m[2019-12-14 18:43:18 DEBUG	vault_processor][39m\nCustID: 274380001095688
Name: N/A
TradeChannel: N/A
hash: ae2f095a02bd4527bde194e6a143e85957150244e2e056d7ee6aaa402ede16bb
2019/12/14 | 18:43:18 | INFO | [32m[2019-12-14 18:43:18 DEBUG	vault_processor][39m\nCustID: 274380001078285
Name: Sulayman Salih Zayd Alziyd
TradeChannel: Sub-D
hash: 371da431d91bda1806cce71f6405090dbcf5b6cd9c563b868971015140e017e7
2019/12/14 | 18:43:18 | INFO | [32m[2019-12-14 18:43:18 DEBUG	vault_processor][39m\nCustID: 274380001081591
Name: N/A
TradeChannel: HFS Small T.G.
hash: 5a1f7c86262c2ab5179d86d23bbf9bc8921da0881ce862991e3a73e7f5468b48
Continuing to vault_processor.1576348999738.log
