******************************************************************************************
**
** Perfect Logger Logging System
** Application Version          : 1.0
** Perfect-Logger Version       : 1.5.2
** Application Start Time (UTC) : 19:11:31 2019/12/14
**
** Copyright 2018 Team whileLOOP
**
******************************************************************************************
**
** Log Number               : #2
** Continuing from Log File : vault_processor.1576350745407.log
** Log Start Time (UTC)     : 19:12:25 2019/12/14
**
******************************************************************************************
2019/12/14 | 19:12:25 | INFO | [32m[2019-12-14 19:12:25 DEBUG	vault_processor][39m\nCustID: 274380001095198
Name: N/A
TradeChannel: N/A
hash: 0bd9fed5a33964970707ff97636857e7a6820d24dfc61192011815a0ab4b3915
2019/12/14 | 19:12:25 | INFO | [32m[2019-12-14 19:12:25 DEBUG	vault_processor][39m\nCustID: 274380001055181
Name: TAMWINAT MOSAB
TradeChannel: HFS Small T.G.
hash: 23181cf62995edb982cb38874d295cffea536ab66aae733e7e2e7f4a3e536857
2019/12/14 | 19:12:25 | INFO | [32m[2019-12-14 19:12:25 DEBUG	vault_processor][39m\nCustID: 274380001063598
Name: MAKHABIZ & MARKAZ ALAZIZIAH
TradeChannel: Self Service T.G
hash: 60c3938a0d6003f9c2e249245ccb2cbde769cd7b2f03b262a1ba2e815da20097
2019/12/14 | 19:12:25 | INFO | [32m[2019-12-14 19:12:25 DEBUG	vault_processor][39m\nCustID: 274380001067044
Name: Mohammed Yslam Alnhdi Est
TradeChannel: Wholesaler
hash: 1edd2802ef9c081286aef8a0af373d9f4454b9d19277d2276ba9032a53076f73
2019/12/14 | 19:12:25 | INFO | [32m[2019-12-14 19:12:25 DEBUG	vault_processor][39m\nCustID: 274380001056918
Name: ABDULRAHMAN ABUDLLAH ALRASHEDI EST.
TradeChannel: Self Service T.G
hash: 1850fecbe428a3a65792a1b1ca7eaf18bac0a460296795e1535c54dc7dc199b4
2019/12/14 | 19:12:25 | INFO | [32m[2019-12-14 19:12:25 DEBUG	vault_processor][39m\nCustID: 274380001072322
Name: Sandal Altamer Est
TradeChannel: Wholesaler
hash: c31a115c65b524b6b3960f723c2267b6e6793cbd7a50f8a4195f2b05fc871b79
2019/12/14 | 19:12:25 | INFO | [32m[2019-12-14 19:12:25 DEBUG	vault_processor][39m\nCustID: 274380001092380
Name: N/A
TradeChannel: N/A
hash: 0825e70153de0bc6b8f98b7b90b9ada951faba4f4555b585468498923a53e619
2019/12/14 | 19:12:25 | INFO | [32m[2019-12-14 19:12:25 DEBUG	vault_processor][39m\nCustID: 274380001095981
Name: N/A
TradeChannel: N/A
hash: 5f6dadc531afffdbe16f95821d831ef8feacd012827b80cc185091e960e8de01
2019/12/14 | 19:12:25 | INFO | [32m[2019-12-14 19:12:25 DEBUG	vault_processor][39m\nCustID: 274380001096527
Name: N/A
TradeChannel: HFS Small T.G.
hash: 9ab0c70f56cd29d1f894779ce4ca2785ad96f033ad1869a9e2dbc202b18923be
2019/12/14 | 19:12:25 | INFO | [32m[2019-12-14 19:12:25 DEBUG	vault_processor][39m\nCustID: 274380001092430
Name: N/A
TradeChannel: HFS Small T.G.
hash: dc614b9e09646c66fc2ccd2e82261e18351d5e99d07f39e7ecf5cf7b839e7115
2019/12/14 | 19:12:25 | INFO | [32m[2019-12-14 19:12:25 DEBUG	vault_processor][39m\nCustID: 274380001096663
Name: N/A
TradeChannel: N/A
hash: 8e9b7e721d2fb67de3a0fca629303a1e72d5b717b5fe88bf50383b9a1de9297f
2019/12/14 | 19:12:25 | INFO | [32m[2019-12-14 19:12:25 DEBUG	vault_processor][39m\nCustID: 274380001073003
Name: Abdul Mohsen Al Qabasani Trading Est.
TradeChannel: Sub-D
hash: 0577439bd51e994262383a5d5339686809dcf5a16807c436ee24582d64b88853
2019/12/14 | 19:12:25 | INFO | [32m[2019-12-14 19:12:25 DEBUG	vault_processor][39m\nCustID: 274380001078726
Name: Fahd Abdullraheem Al FaraJ Trading EST.
TradeChannel: Self Service T.G
hash: 2e03e082cd3da4a1ba7593897c202dca9d70c070bcaae9d5bd4be3d522ff163b
2019/12/14 | 19:12:25 | INFO | [32m[2019-12-14 19:12:25 DEBUG	vault_processor][39m\nCustID: 274380001080220
Name: N/A
TradeChannel: Self Service T.G
hash: 98717459058dc8c9845c1097971e7b577608384099f154807f2b76daec47d38f
2019/12/14 | 19:12:25 | INFO | [32m[2019-12-14 19:12:25 DEBUG	vault_processor][39m\nCustID: 274380001077994
Name: AL Arkan PH
TradeChannel: RVO Pharma
hash: ee14970b5a9493ae9286cdb114d3bd00a8279d154e3275a4da2d302542448dc0
2019/12/14 | 19:12:25 | INFO | [32m[2019-12-14 19:12:25 DEBUG	vault_processor][39m\nCustID: 274380001087849
Name: N/A
TradeChannel: HFS Small T.G.
hash: 529f40cd04c182bf054defe6c8f17fb4471bc7a7c39aa9491c41c77f873580f2
2019/12/14 | 19:12:25 | INFO | [32m[2019-12-14 19:12:25 DEBUG	vault_processor][39m\nCustID: 274380001090967
Name: N/A
TradeChannel: N/A
hash: b145da3b1b69d62939223756773b602b3629bd662058b6d0a067b402010c623d
2019/12/14 | 19:12:25 | INFO | [32m[2019-12-14 19:12:25 DEBUG	vault_processor][39m\nCustID: 274380001091147
Name: N/A
TradeChannel: N/A
hash: facf1220b74105fb2d4c10ad0c9241d63cf56420959dd0c5b0a1618de73ae9a5
2019/12/14 | 19:12:25 | INFO | [32m[2019-12-14 19:12:25 DEBUG	vault_processor][39m\nCustID: 274380001091398
Name: N/A
TradeChannel: HFS Small T.G.
hash: 42c01bb68d92e401b9a22d5bc40fd115cd75b2514d31e4509b7be94a36425606
2019/12/14 | 19:12:25 | INFO | [32m[2019-12-14 19:12:25 DEBUG	vault_processor][39m\nCustID: 274380001091368
Name: N/A
TradeChannel: N/A
hash: b7e2e3fb574e6120f14755e27295db367b1e5d1b9b1b8ed91a697774917a2cd7
2019/12/14 | 19:12:25 | INFO | [32m[2019-12-14 19:12:25 DEBUG	vault_processor][39m\nCustID: 274380001091465
Name: N/A
TradeChannel: N/A
hash: 28f78f9922c6a697ff20c662e68e1169e9212ecf840eb58f09c4997347331574
2019/12/14 | 19:12:25 | INFO | [32m[2019-12-14 19:12:25 DEBUG	vault_processor][39m\nCustID: 274380001056607
Name: Lemon Medical Pharmacy Warehouse Co
TradeChannel: Pharma Tier 2
hash: 574b43be491ab6104de92f4a8848c5811ac228c514ebe7f5e0abd79dc6e56215
2019/12/14 | 19:12:25 | INFO | [32m[2019-12-14 19:12:25 DEBUG	vault_processor][39m\nCustID: 274380001092099
Name: N/A
TradeChannel: N/A
hash: 23dabb4417c18b500d66a2c156e4328f0c83fa991005da81eafc6b7bb3d015cd
2019/12/14 | 19:12:25 | INFO | [32m[2019-12-14 19:12:25 DEBUG	vault_processor][39m\nCustID: 274380001060614
Name: ALAMIN CENTER 2
TradeChannel: Self Service T.G
hash: 5b86fc9cdc29782568bf442138a97b2903fefe29f69e84c56eccd5d158482f97
2019/12/14 | 19:12:25 | INFO | [32m[2019-12-14 19:12:25 DEBUG	vault_processor][39m\nCustID: 274380001095684
Name: N/A
TradeChannel: N/A
hash: 53189649e6b79f273e4c7f4455510b02b3c5a6c4f67c0aec18eb89b9422a22d8
2019/12/14 | 19:12:25 | INFO | [32m[2019-12-14 19:12:25 DEBUG	vault_processor][39m\nCustID: 274380001049597
Name: Sayyaf Mohammed Ali Trading Est
TradeChannel: Sub-D
hash: 36f1426bdebe1c56367d10ac2fe88c4ede49e0e985c173e1f050e287564e8bc5
2019/12/14 | 19:12:25 | INFO | [32m[2019-12-14 19:12:25 DEBUG	vault_processor][39m\nCustID: 274380001092602
Name: N/A
TradeChannel: N/A
hash: 063733391529b7a0b75c5e2b1ad49bcb5494f38a77c286f01d698c58972f02fc
2019/12/14 | 19:12:25 | INFO | [32m[2019-12-14 19:12:25 DEBUG	vault_processor][39m\nCustID: 274380001096749
Name: N/A
TradeChannel: HFS Small T.G.
hash: a2386b425dea34b7594de0ee147b5d8ec9e386630f5cdd6dcba1aace7e1cac42
2019/12/14 | 19:12:25 | INFO | [32m[2019-12-14 19:12:25 DEBUG	vault_processor][39m\nCustID: 274380001073714
Name: Markaz Shmoh llkamalayat
TradeChannel: Discounters T.G
hash: 3ec60209d4a9e2e85aefb2c7a20828b9eb7f19cd267009d647bba7afca857d97
2019/12/14 | 19:12:25 | INFO | [32m[2019-12-14 19:12:25 DEBUG	vault_processor][39m\nCustID: 274380001091424
Name: N/A
TradeChannel: N/A
hash: 57446e230f7054be4fdbc417e27ab1d218f9567b271b79945e728760e98e33d3
2019/12/14 | 19:12:25 | INFO | [32m[2019-12-14 19:12:25 DEBUG	vault_processor][39m\nCustID: 274380001091022
Name: N/A
TradeChannel: N/A
hash: 722aa1f8ef33b8eb01422d4660a6f75c5a7c01e5125bd2f38da0babd88ae8688
2019/12/14 | 19:12:25 | INFO | [32m[2019-12-14 19:12:25 DEBUG	vault_processor][39m\nCustID: 274380001091373
Name: N/A
TradeChannel: HFS Small T.G.
hash: 4bb3cb86b75b9ba2cd899c3ecf00ad5ac4b2fdfe450bccbeda1a0bf53ee3f0b5
2019/12/14 | 19:12:25 | INFO | [32m[2019-12-14 19:12:25 DEBUG	vault_processor][39m\nCustID: 274380001094745
Name: N/A
TradeChannel: HFS Small T.G.
hash: bff0b195995cbb1a3473b168bf79454c0aae4ca164655e956de5edf0a3d63e97
2019/12/14 | 19:12:25 | INFO | [32m[2019-12-14 19:12:25 DEBUG	vault_processor][39m\nCustID: 274380001095166
Name: N/A
TradeChannel: HFS Small T.G.
hash: 41c838d19464001f3b06cffbe3a47419337572bf9efe9d9517266968cefb5f97
2019/12/14 | 19:12:25 | INFO | [32m[2019-12-14 19:12:25 DEBUG	vault_processor][39m\nCustID: 274380001062376
Name: Danube Co. For Food Stuffs
TradeChannel: National Accounts
hash: fb787d276ac99d338b4104d63d3231a5cde65ca37d84b1c16050d9ab98a0012e
2019/12/14 | 19:12:25 | INFO | [32m[2019-12-14 19:12:25 DEBUG	vault_processor][39m\nCustID: 274380001096468
Name: N/A
TradeChannel: N/A
hash: 344ff0580a7a8f1e5cb38151b0aa34070cf75e33a896dba8cb47148f32f10ba4
2019/12/14 | 19:12:25 | INFO | [32m[2019-12-14 19:12:25 DEBUG	vault_processor][39m\nCustID: 274380001077181
Name: Safwa Alanaya limited .CO
TradeChannel: Wholesaler
hash: 597a38474a2b667915ba2163975f861805ffb8ccb7c4ab0b624eee92acbcc77b
2019/12/14 | 19:12:25 | INFO | [32m[2019-12-14 19:12:25 DEBUG	vault_processor][39m\nCustID: 274380001090958
Name: N/A
TradeChannel: N/A
hash: d66cd94aa64884484650ec971f5c904b1d28ef78c9d08141135e11a25b8a1b06
2019/12/14 | 19:12:25 | INFO | [32m[2019-12-14 19:12:25 DEBUG	vault_processor][39m\nCustID: 274380001091176
Name: N/A
TradeChannel: N/A
hash: 51b2d838683de7d60086f29fed76427f85814703d0cebd4b3660e4ef6c58aa09
2019/12/14 | 19:12:25 | INFO | [32m[2019-12-14 19:12:25 DEBUG	vault_processor][39m\nCustID: 274380001102090
Name: N/A
TradeChannel: N/A
hash: f48f14d712db6b64c6365c85b8fe68a7ce9ea3e26902d3ef00d422a1b7d66e35
2019/12/14 | 19:12:25 | INFO | [32m[2019-12-14 19:12:25 DEBUG	vault_processor][39m\nCustID: 274380001096603
Name: N/A
TradeChannel: N/A
hash: 6506e7a8ec98e21bd2dcffcf2ff3619c468846bd954aab819be66f6da8596989
2019/12/14 | 19:12:25 | INFO | [32m[2019-12-14 19:12:25 DEBUG	vault_processor][39m\nCustID: 274380001091225
Name: N/A
TradeChannel: N/A
hash: 32174b96273ebef824597796d94adb38590806df4abdc25856a7bddae18856dc
2019/12/14 | 19:12:26 | INFO | [32m[2019-12-14 19:12:26 DEBUG	vault_processor][39m\nCustID: 274380001071863
Name: Thalajt Dilta Al Nil  EST. Alqahtani
TradeChannel: Wholesaler
hash: bee0f97aa35e0f632aeaa6273032777aaeeacb240ef17b3bf81e947c56c1c141
2019/12/14 | 19:12:26 | INFO | [32m[2019-12-14 19:12:26 DEBUG	vault_processor][39m\nCustID: 274380001054579
Name: ALBASHA FOR SALE
TradeChannel: Discounters T.G
hash: b21dee6d48c30994a09715ca9b411048c4481e3d401fbaf121a955b15f89dded
Continuing to vault_processor.1576350746027.log
