2019/12/14 | 18:43:11 | INFO | [32m[2019-12-14 18:43:11 DEBUG	vault_processor][39m\nCustID: 274380001068603
Name: kalej dubai
TradeChannel: HFS Small T.G.
hash: ee080cd6fe188c3a76a9fc72bb4da8ed89c11209e7c6b3341012db921cd5459b
******************************************************************************************
**
** Perfect Logger Logging System
** Application Version          : 1.0
** Perfect-Logger Version       : 1.5.2
** Application Start Time (UTC) : 18:40:00 2019/12/14
**
** Copyright 2018 Team whileLOOP
**
******************************************************************************************
**
** Log Number               : #72
** Continuing from Log File : vault_processor.1576348991696.log
** Log Start Time (UTC)     : 18:43:11 2019/12/14
**
******************************************************************************************
2019/12/14 | 18:43:11 | INFO | [32m[2019-12-14 18:43:11 DEBUG	vault_processor][39m\nCustID: 274380001068845
Name: Bakkalt ALRawan
TradeChannel: HFS Small T.G.
hash: 5e381d0fbca0c2b36490f82c860183adcb399795e5fcb0b465d664e94067a47f
2019/12/14 | 18:43:11 | INFO | [32m[2019-12-14 18:43:11 DEBUG	vault_processor][39m\nCustID: 274380001069527
Name: Al Sadhan Trading Company
TradeChannel: MT Tier 1
hash: 3b688dc306c3ccba8648e0878bb82a0c5bd30be249f86ed02fcb498a83da744f
2019/12/14 | 18:43:11 | INFO | [32m[2019-12-14 18:43:11 DEBUG	vault_processor][39m\nCustID: 274380001067323
Name: alkhirat
TradeChannel: HFS Small T.G.
hash: cbfa9d646a6bbed60546347f61b558f447d436a8a6f10286c5995bfe073432e4
2019/12/14 | 18:43:11 | INFO | [32m[2019-12-14 18:43:11 DEBUG	vault_processor][39m\nCustID: 274380001063325
Name: ALTAWFEER
TradeChannel: HFS Small T.G.
hash: 74bc23ef510c1e1cd81d47b7c2ce2d96301a8baafd07c31eebff9fc667b7008f
2019/12/14 | 18:43:11 | INFO | [32m[2019-12-14 18:43:11 DEBUG	vault_processor][39m\nCustID: 274380001082937
Name: N/A
TradeChannel: HFS Small T.G.
hash: 0112e876f606b378a494338fad44fe2a6f3fe5fb7750252cbf963314ad5412ce
2019/12/14 | 18:43:11 | INFO | [32m[2019-12-14 18:43:11 DEBUG	vault_processor][39m\nCustID: 274380001043995
Name:  PANDA
TradeChannel: National Accounts
hash: 2f256630f520201f54d2ac248e6ac94809030b3c6885502a24c0c1c97b8f2b35
2019/12/14 | 18:43:11 | INFO | [32m[2019-12-14 18:43:11 DEBUG	vault_processor][39m\nCustID: 274380001082964
Name: N/A
TradeChannel: HFS Small T.G.
hash: ef33c80c0ce5b5282e2504f6d9a41281de9f332bd81d4161e73f321f608cf9dc
2019/12/14 | 18:43:11 | INFO | [32m[2019-12-14 18:43:11 DEBUG	vault_processor][39m\nCustID: 274380001083134
Name: N/A
TradeChannel: HFS Small T.G.
hash: 800349323b36aa2869148045cf2828e582b790cc4bfcf12087b4a18771a6f580
2019/12/14 | 18:43:11 | INFO | [32m[2019-12-14 18:43:11 DEBUG	vault_processor][39m\nCustID: 274380001083294
Name: N/A
TradeChannel: HFS Small T.G.
hash: 505c6c463bb637b84352e700972f51c8296bc6da51165b78036a49d28afd081a
2019/12/14 | 18:43:11 | INFO | [32m[2019-12-14 18:43:11 DEBUG	vault_processor][39m\nCustID: 274380001083333
Name: N/A
TradeChannel: HFS Small T.G.
hash: 9823c398b0b0530627206430a4df218cf22b2b922bc52235550c032905a0f6b6
2019/12/14 | 18:43:11 | INFO | [32m[2019-12-14 18:43:11 DEBUG	vault_processor][39m\nCustID: 274380001083463
Name: N/A
TradeChannel: HFS Small T.G.
hash: 2e88eb7f5d2049d513e600b9cf8464bfe376e628d299aade70f33c2613ffeb99
2019/12/14 | 18:43:11 | INFO | [32m[2019-12-14 18:43:11 DEBUG	vault_processor][39m\nCustID: 274380001049601
Name: LuLu Saudi Company Hypermarke
TradeChannel: National Accounts
hash: 752f1a1e6ec59db8c3450b43f43aee5535114882f10393432764c3764317d522
2019/12/14 | 18:43:11 | INFO | [32m[2019-12-14 18:43:11 DEBUG	vault_processor][39m\nCustID: 274380001083545
Name: N/A
TradeChannel: HFS Small T.G.
hash: e819991a8e8b1869f6a4b8989fde3993c30cabe5b8625fa7dbafa0a0654831eb
2019/12/14 | 18:43:11 | INFO | [32m[2019-12-14 18:43:11 DEBUG	vault_processor][39m\nCustID: 274380001084328
Name: N/A
TradeChannel: HFS Small T.G.
hash: 2f989a95d9cee47fb63bb8009ce6d3965b1503014e507bfcd83f6421ab61f03c
2019/12/14 | 18:43:11 | INFO | [32m[2019-12-14 18:43:11 DEBUG	vault_processor][39m\nCustID: 274380001084399
Name: N/A
TradeChannel: HFS Small T.G.
hash: 4e23705ca7936817bb7c8115df1c9bb32cbc941dfac6b98a0861a77a05df8c6b
2019/12/14 | 18:43:11 | INFO | [32m[2019-12-14 18:43:11 DEBUG	vault_processor][39m\nCustID: 274380001084405
Name: N/A
TradeChannel: HFS Small T.G.
hash: 34f970df248f37faa2c8cc67586989e8da84eab8be16bb991d3db3d4c6a52369
2019/12/14 | 18:43:11 | INFO | [32m[2019-12-14 18:43:11 DEBUG	vault_processor][39m\nCustID: 274380001084450
Name: N/A
TradeChannel: HFS Small T.G.
hash: 000f4893f35cdd1f6016ac63705642a417ac5699628269881ad019498460dbe2
2019/12/14 | 18:43:11 | INFO | [32m[2019-12-14 18:43:11 DEBUG	vault_processor][39m\nCustID: 274380001062321
Name: TAMWINAT MAKKAH
TradeChannel: HFS Small T.G.
hash: 946457e0fcfdc4e3c0e31d36870fee795b7c000e73ce53ed459ef1635a4b2962
2019/12/14 | 18:43:11 | INFO | [32m[2019-12-14 18:43:11 DEBUG	vault_processor][39m\nCustID: 274380001062418
Name: BAHANIS
TradeChannel: HFS Small T.G.
hash: 7416a3aed61966b454f216df6e1830212940a7a84ac86995617dc140058fcf41
2019/12/14 | 18:43:11 | INFO | [32m[2019-12-14 18:43:11 DEBUG	vault_processor][39m\nCustID: 274380001070951
Name: FATEMA BENT ABDULLAH MARKET
TradeChannel: HFS Small T.G.
hash: 530f59dfe1473cc71c1278823ad4188c0adb0fc2824304a193a0b94abf574810
2019/12/14 | 18:43:11 | INFO | [32m[2019-12-14 18:43:11 DEBUG	vault_processor][39m\nCustID: 274380001073011
Name: Bader Ahmed Al Qaseer Trd. Est
TradeChannel: Discounters T.G
hash: 8e62f1f2eecc4c1b66a98e5a0fa78e5eb3131e2f172261c2e349d427c078584f
2019/12/14 | 18:43:11 | INFO | [32m[2019-12-14 18:43:11 DEBUG	vault_processor][39m\nCustID: 274380001075957
Name: Dorat Aldaheyah center
TradeChannel: HFS Small T.G.
hash: 8dec6c9d38b19548310111a7718a08a5f318dc5990c02f489cd9d9f4fdd53784
2019/12/14 | 18:43:11 | INFO | [32m[2019-12-14 18:43:11 DEBUG	vault_processor][39m\nCustID: 274380001078976
Name: Asrar Al Oroba Trading Company
TradeChannel: Wholesaler
hash: ed7dc68a6efdfa04bd61cbe42eebe846b10d4ae4fa6e58ac7095281f5d4075b4
2019/12/14 | 18:43:11 | INFO | [32m[2019-12-14 18:43:11 DEBUG	vault_processor][39m\nCustID: 274380001082698
Name: N/A
TradeChannel: HFS Small T.G.
hash: 60b630d7c438c84dbbe9a351548834581c62f1c38ce8ef5777874976be200ef7
2019/12/14 | 18:43:11 | INFO | [32m[2019-12-14 18:43:11 DEBUG	vault_processor][39m\nCustID: 274380001082816
Name: N/A
TradeChannel: HFS Small T.G.
hash: 2803ef25849f84ede7448494e010737beeb353705aa8268031c1a41111ed70d5
2019/12/14 | 18:43:11 | INFO | [32m[2019-12-14 18:43:11 DEBUG	vault_processor][39m\nCustID: 274380001083180
Name: N/A
TradeChannel: HFS Small T.G.
hash: e6714302dc6bcc8daf6cd5249a4a9b315b33376110b487e9d9969f41fec30da4
2019/12/14 | 18:43:11 | INFO | [32m[2019-12-14 18:43:11 DEBUG	vault_processor][39m\nCustID: 274380001083573
Name: N/A
TradeChannel: HFS Small T.G.
hash: 903723a2c37637b650d2307cc4b61c795e4d01d7390dd0d74ed8d0c2ba8b60f2
2019/12/14 | 18:43:11 | INFO | [32m[2019-12-14 18:43:11 DEBUG	vault_processor][39m\nCustID: 274380001086365
Name: N/A
TradeChannel: HFS Small T.G.
hash: 2817b1ca6240645d846de1421a5bd981571b386c421feb37d9e094d709408763
2019/12/14 | 18:43:11 | INFO | [32m[2019-12-14 18:43:11 DEBUG	vault_processor][39m\nCustID: 274380001030010
Name: HAMADA SUPER MAREKT EL HAMRA
TradeChannel: Self Service T.G
hash: e5ca4e9aaaa5e90e3403c7149249c8fd796e72cc22a4d4ae4df67a38e881d680
2019/12/14 | 18:43:11 | INFO | [32m[2019-12-14 18:43:11 DEBUG	vault_processor][39m\nCustID: 274380001067220
Name: centar algamdy llmawad algthaeyah
TradeChannel: HFS Small T.G.
hash: 206c2b7d9ea11310a20afe806416337c8abe8c4bfdcff5ae31e4f784a6b01d5d
2019/12/14 | 18:43:11 | INFO | [32m[2019-12-14 18:43:11 DEBUG	vault_processor][39m\nCustID: 274380001067670
Name: ALSOLAYMANIYA ALJANOBA Center
TradeChannel: HFS Small T.G.
hash: 57774c01b1f2ad0529b0e40557806f91d9c87a2f80e10492d5620a98638c25b3
2019/12/14 | 18:43:11 | INFO | [32m[2019-12-14 18:43:11 DEBUG	vault_processor][39m\nCustID: 274380001067355
Name: alslaam centar
TradeChannel: HFS Small T.G.
hash: 8f4facda7b135f8037b86933223d7c6f0e4a00ad99a9f2e72dde738e575f30ca
2019/12/14 | 18:43:11 | INFO | [32m[2019-12-14 18:43:11 DEBUG	vault_processor][39m\nCustID: 274380001061079
Name: ALNASYAN
TradeChannel: HFS Small T.G.
hash: f74f4079199423af41f6d425d7f6ac2b7d64b74190f276f3b0981e5177bbe88d
2019/12/14 | 18:43:11 | INFO | [32m[2019-12-14 18:43:11 DEBUG	vault_processor][39m\nCustID: 274380001051976
Name: ALAMANAH
TradeChannel: HFS Small T.G.
hash: e2c29fb25e2a627200c29517ea82415333c0fbc0dd4edf5bde44c2d83eb3a73e
2019/12/14 | 18:43:11 | INFO | [32m[2019-12-14 18:43:11 DEBUG	vault_processor][39m\nCustID: 274380001090619
Name: Omar Sulaiman Abu Bakr Bawazeer Trading
TradeChannel: Discounters T.G
hash: 1213030792a2eca6d177f74b0cbd89375004acc4190ca86e01707fb9e5cbf152
2019/12/14 | 18:43:11 | INFO | [32m[2019-12-14 18:43:11 DEBUG	vault_processor][39m\nCustID: 274380001067735
Name: tamoynat salah lltamoyn
TradeChannel: HFS Small T.G.
hash: 5f8b77c8122f5ea38ceae34f12a8a1cddb5537a2a6abeef509f59c2ecef201c4
2019/12/14 | 18:43:11 | INFO | [32m[2019-12-14 18:43:11 DEBUG	vault_processor][39m\nCustID: 274380001068293
Name: SOUQ Basil
TradeChannel: HFS Small T.G.
hash: 42141adb69a07a72725753f8ddebf06f09a2adbba45529032641eba1f692214b
2019/12/14 | 18:43:11 | INFO | [32m[2019-12-14 18:43:11 DEBUG	vault_processor][39m\nCustID: 274380001061423
Name: SUHAIL
TradeChannel: HFS Small T.G.
hash: 1700ce2851a0f9f3c5ccb5db155abd5084dd5f39778d6b3159c3a0ab908bfeaf
2019/12/14 | 18:43:11 | INFO | [32m[2019-12-14 18:43:11 DEBUG	vault_processor][39m\nCustID: 274380001062297
Name: ALAIL
TradeChannel: HFS Small T.G.
hash: 0ddacd0316c21dbe4dee447a0565f723565e14bc56ee9b5de29cb45f104aa012
2019/12/14 | 18:43:11 | INFO | [32m[2019-12-14 18:43:11 DEBUG	vault_processor][39m\nCustID: 274380001069385
Name: alwafa
TradeChannel: HFS Small T.G.
hash: 513b478482d53e0b566ea14caf6b4ab4697112ff53b68f52a6fa45702a561929
2019/12/14 | 18:43:11 | INFO | [32m[2019-12-14 18:43:11 DEBUG	vault_processor][39m\nCustID: 274380001069831
Name: ALBARAKAH For marketing
TradeChannel: HFS Small T.G.
hash: bf632d4b9848de41809d7920503f3b7b76d23bc9dd3feea3629b8069e7e8cbde
2019/12/14 | 18:43:11 | INFO | [32m[2019-12-14 18:43:11 DEBUG	vault_processor][39m\nCustID: 274380001070843
Name: WARDAT ALRUKBAN
TradeChannel: HFS Small T.G.
hash: 8a2c7fae0e5f0e6f3b4a13fa59d18a36becf08fe3b9046df352c9f926257922a
2019/12/14 | 18:43:11 | INFO | [32m[2019-12-14 18:43:11 DEBUG	vault_processor][39m\nCustID: 274380001069275
Name: ALWAKF 2
TradeChannel: HFS Small T.G.
hash: 96779030a7581ec41f9d9e4f5321ee670e471016af44b45a90f9428585c0ff1c
2019/12/14 | 18:43:11 | INFO | [32m[2019-12-14 18:43:11 DEBUG	vault_processor][39m\nCustID: 274380001072394
Name: Tamoinat Abdulrahman Bin Suleiman
TradeChannel: HFS Small T.G.
hash: 04f6c304e96d1794ce20932d4787596a86836658552b2f8ef61d02526aebd4fa
Continuing to vault_processor.1576348991910.log
