******************************************************************************************
**
** Perfect Logger Logging System
** Application Version          : 1.0
** Perfect-Logger Version       : 1.5.2
** Application Start Time (UTC) : 18:40:00 2019/12/14
**
** Copyright 2018 Team whileLOOP
**
******************************************************************************************
**
** Log Number               : #4
** Continuing from Log File : vault_processor.1576348828328.log
** Log Start Time (UTC)     : 18:40:28 2019/12/14
**
******************************************************************************************
2019/12/14 | 18:40:28 | INFO | [32m[2019-12-14 18:40:28 DEBUG	vault_processor][39m\nCustID: 274380001096453
Name: N/A
TradeChannel: N/A
hash: 5c1cb41790ede46a822baf76aac0230c2537f939663088d98d37890207fe7e07
2019/12/14 | 18:40:28 | INFO | [32m[2019-12-14 18:40:28 DEBUG	vault_processor][39m\nCustID: 274380001096467
Name: N/A
TradeChannel: N/A
hash: 69a9d379698d6ee0ff513fcc19a47b0e0d78efd4baa866ff0e683b9a1c0aac1a
2019/12/14 | 18:40:28 | INFO | [32m[2019-12-14 18:40:28 DEBUG	vault_processor][39m\nCustID: 274380001096532
Name: N/A
TradeChannel: N/A
hash: fa6ea794e36759fc97ca7fd395962bbf056310d866237854ab057a205fc2cde7
2019/12/14 | 18:40:28 | INFO | [32m[2019-12-14 18:40:28 DEBUG	vault_processor][39m\nCustID: 274380001099914
Name: N/A
TradeChannel: N/A
hash: ed4492413503e5bc872a5e2e516c43e02e5b87a7388edd78c7917314ed9a7e03
2019/12/14 | 18:40:28 | INFO | [32m[2019-12-14 18:40:28 DEBUG	vault_processor][39m\nCustID: 274380001099918
Name: N/A
TradeChannel: N/A
hash: a216f50bb3840c4bfe3e3105faf99c3b79ebea0b3f1d85810dbbf77640cf26c9
2019/12/14 | 18:40:28 | INFO | [32m[2019-12-14 18:40:28 DEBUG	vault_processor][39m\nCustID: 274380001100146
Name: N/A
TradeChannel: HFS Small T.G.
hash: f2644a93978f892bd5aeac84e7930f459fb8b56228499dc67981ad867b4de42a
2019/12/14 | 18:40:28 | INFO | [32m[2019-12-14 18:40:28 DEBUG	vault_processor][39m\nCustID: 274380001100189
Name: N/A
TradeChannel: HFS Small T.G.
hash: 3f06d5e7c680dc8eb242a5db58c6e8f66fc8c21e91da2c8b6c0b5f9f94b91c8f
2019/12/14 | 18:40:28 | INFO | [32m[2019-12-14 18:40:28 DEBUG	vault_processor][39m\nCustID: 274380001100191
Name: N/A
TradeChannel: HFS Small T.G.
hash: 15ba0c6c6853c983f4f2d8cc8c4693a5aaabc5f9b661b68a0f2dc7cdb85e786c
2019/12/14 | 18:40:28 | INFO | [32m[2019-12-14 18:40:28 DEBUG	vault_processor][39m\nCustID: 274380001100235
Name: N/A
TradeChannel: HFS Small T.G.
hash: 7d892310650bc8536eebc018fc2b1ddfd8f8c8a7b77ddfc7ae08f54e4df57bc7
2019/12/14 | 18:40:28 | INFO | [32m[2019-12-14 18:40:28 DEBUG	vault_processor][39m\nCustID: 274380001100285
Name: N/A
TradeChannel: N/A
hash: 850a190c951e8249b9f27de1c90a0eee8502bdb4a5f6e13dbe931c5058c181c4
2019/12/14 | 18:40:28 | INFO | [32m[2019-12-14 18:40:28 DEBUG	vault_processor][39m\nCustID: 274380001100379
Name: N/A
TradeChannel: HFS Small T.G.
hash: 5cdfca712a71a75bdb4c1384ed98cc8e7111f8660f53c4ef6a5812706240e682
2019/12/14 | 18:40:28 | INFO | [32m[2019-12-14 18:40:28 DEBUG	vault_processor][39m\nCustID: 274380001100392
Name: N/A
TradeChannel: HFS Small T.G.
hash: 0898fed4e03d8211aba8ca97540df4b398bdce2e2df868d5f87e1449e4fe0b6f
2019/12/14 | 18:40:28 | INFO | [32m[2019-12-14 18:40:28 DEBUG	vault_processor][39m\nCustID: 274380001100438
Name: N/A
TradeChannel: N/A
hash: f578000d6dad39ef581b971c351270317ff3cafee598f905a1b5b688c6bc2a8a
2019/12/14 | 18:40:28 | INFO | [32m[2019-12-14 18:40:28 DEBUG	vault_processor][39m\nCustID: 274380001100450
Name: N/A
TradeChannel: N/A
hash: 33e7af95eb9057995e3099f9afedbd3bcd75d31cbd7977806dfef08e071e8dc7
2019/12/14 | 18:40:28 | INFO | [32m[2019-12-14 18:40:28 DEBUG	vault_processor][39m\nCustID: 274380001100458
Name: N/A
TradeChannel: N/A
hash: 99419b247ce39df0c92e50e4653fcd9e16dac86786aaee4868f5f84cd261dac7
2019/12/14 | 18:40:28 | INFO | [32m[2019-12-14 18:40:28 DEBUG	vault_processor][39m\nCustID: 274380001100475
Name: N/A
TradeChannel: N/A
hash: 1ffda473711b5ddb035bca6e4b902f2b56db8cccebab8d309c0f0f1e3f67c34f
2019/12/14 | 18:40:28 | INFO | [32m[2019-12-14 18:40:28 DEBUG	vault_processor][39m\nCustID: 274380001100477
Name: N/A
TradeChannel: N/A
hash: 5108b3a86f46b6a829b993cfdd29217a7cfe03960c08d9c9bb4756d9eddf34dc
2019/12/14 | 18:40:28 | INFO | [32m[2019-12-14 18:40:28 DEBUG	vault_processor][39m\nCustID: 274380001100525
Name: N/A
TradeChannel: N/A
hash: f7dd34055683848f3173bea5f6ea6659c4e96c975ca7c6f092acf88e9063254e
2019/12/14 | 18:40:28 | INFO | [32m[2019-12-14 18:40:28 DEBUG	vault_processor][39m\nCustID: 274380001100528
Name: N/A
TradeChannel: N/A
hash: 39253d21cc0ffbb87c0d1e4bff0afb255d5f7f46e1732b53977c200490619d99
2019/12/14 | 18:40:28 | INFO | [32m[2019-12-14 18:40:28 DEBUG	vault_processor][39m\nCustID: 274380001100529
Name: N/A
TradeChannel: N/A
hash: 3e5dacdbe2986559a5e2d9935c6c13e17ae3b92b3c6e633b46746ae65f1c4d20
2019/12/14 | 18:40:28 | INFO | [32m[2019-12-14 18:40:28 DEBUG	vault_processor][39m\nCustID: 274380001100532
Name: N/A
TradeChannel: N/A
hash: 5c98e002a114f0336ee7ce0953721b4f0da8fd859ff3c1a487578772a41700aa
2019/12/14 | 18:40:28 | INFO | [32m[2019-12-14 18:40:28 DEBUG	vault_processor][39m\nCustID: 274380001100533
Name: N/A
TradeChannel: N/A
hash: 9be5a5341b85c747c9e7cc44f930d670650bc69419a47506a0d6d0a5ec8215b8
2019/12/14 | 18:40:28 | INFO | [32m[2019-12-14 18:40:28 DEBUG	vault_processor][39m\nCustID: 274380001100590
Name: N/A
TradeChannel: HFS Small T.G.
hash: 159e0a1ac37487604d723b9827228faa391e89c157080cb0a77b8be1f8c3e8f0
2019/12/14 | 18:40:28 | INFO | [32m[2019-12-14 18:40:28 DEBUG	vault_processor][39m\nCustID: 274380001095602
Name: N/A
TradeChannel: N/A
hash: 7e85185bc7eee58ee85c11b9a6ac1951f0e181043514bb7496710085d80a103d
2019/12/14 | 18:40:28 | INFO | [32m[2019-12-14 18:40:28 DEBUG	vault_processor][39m\nCustID: 274380001096657
Name: N/A
TradeChannel: HFS Small T.G.
hash: 835ed432528a1d5700aad7353579a573038cc56a35c049790531d95b42e0e451
2019/12/14 | 18:40:28 | INFO | [32m[2019-12-14 18:40:28 DEBUG	vault_processor][39m\nCustID: 274380001096950
Name: N/A
TradeChannel: N/A
hash: d699f1ec2cbc4934d0b2c7022588d53e9ccab6db31dc035a0ded4d5cac47d9d0
2019/12/14 | 18:40:28 | INFO | [32m[2019-12-14 18:40:28 DEBUG	vault_processor][39m\nCustID: 274380001097135
Name: N/A
TradeChannel: N/A
hash: 89062dec65bfcdfc8359209a8bddaa5e355b045907cd1f71865f4dec6eb3efd1
2019/12/14 | 18:40:28 | INFO | [32m[2019-12-14 18:40:28 DEBUG	vault_processor][39m\nCustID: 274380001100937
Name: N/A
TradeChannel: N/A
hash: 4ba3446475bdf08b05c049a344c763cae73a9774e8083338db1ba373c2fe6c62
2019/12/14 | 18:40:28 | INFO | [32m[2019-12-14 18:40:28 DEBUG	vault_processor][39m\nCustID: 274380001101150
Name: N/A
TradeChannel: HFS Small T.G.
hash: 29703d9332202a3ce4f61f75ec29e445236899575a94b61a6acb13178d840f17
2019/12/14 | 18:40:28 | INFO | [32m[2019-12-14 18:40:28 DEBUG	vault_processor][39m\nCustID: 274380001096080
Name: N/A
TradeChannel: N/A
hash: d86dcb921a18f3037cd82ecfadbb75b3f5a85c3281443e244894249e944332a8
2019/12/14 | 18:40:28 | INFO | [32m[2019-12-14 18:40:28 DEBUG	vault_processor][39m\nCustID: 274380001097305
Name: N/A
TradeChannel: N/A
hash: b3019a1f07f7faaa64400ac7abc061156fb35a08501df95e7d7f1a25d46904c9
2019/12/14 | 18:40:28 | INFO | [32m[2019-12-14 18:40:28 DEBUG	vault_processor][39m\nCustID: 274380001097381
Name: N/A
TradeChannel: N/A
hash: 177a60209c8f5045598d99e10ae7b933094abc4b8f4dee96216a7e0841a9315d
2019/12/14 | 18:40:28 | INFO | [32m[2019-12-14 18:40:28 DEBUG	vault_processor][39m\nCustID: 274380001097519
Name: N/A
TradeChannel: HFS Small T.G.
hash: 5c834c8a39c6e0197765bf3f85553c612f9e2a64f451e8d4447ee7a485e395f2
2019/12/14 | 18:40:28 | INFO | [32m[2019-12-14 18:40:28 DEBUG	vault_processor][39m\nCustID: 274380001097467
Name: N/A
TradeChannel: HFS Small T.G.
hash: 9b00949c22b9b25ad0adbe761b92f77e2490dd3a0af1ecb6cca49b56944a44d7
2019/12/14 | 18:40:28 | INFO | [32m[2019-12-14 18:40:28 DEBUG	vault_processor][39m\nCustID: 274380001097524
Name: N/A
TradeChannel: HFS Small T.G.
hash: 3bdcbeb09d1b68a4ec4f5c5975ed4eb23334a166c3b7462512cc8efcc319cabf
2019/12/14 | 18:40:28 | INFO | [32m[2019-12-14 18:40:28 DEBUG	vault_processor][39m\nCustID: 274380001096323
Name: N/A
TradeChannel: N/A
hash: beaa13ee547c7d10ad9287986973af0887429d42c1bfdeb1f6307d4ab929110b
2019/12/14 | 18:40:28 | INFO | [32m[2019-12-14 18:40:28 DEBUG	vault_processor][39m\nCustID: 274380001096586
Name: N/A
TradeChannel: HFS Small T.G.
hash: fe4c1acd38e7916e6520d86fca7703276fdcf8ebc026c576e1d54a65722468ec
2019/12/14 | 18:40:28 | INFO | [32m[2019-12-14 18:40:28 DEBUG	vault_processor][39m\nCustID: 274380001097600
Name: N/A
TradeChannel: N/A
hash: f3127c52340a5f5f76e280300e0815c531ae1f4e667e09dd5c97301c7ca7cc01
2019/12/14 | 18:40:28 | INFO | [32m[2019-12-14 18:40:28 DEBUG	vault_processor][39m\nCustID: 274380001097685
Name: N/A
TradeChannel: N/A
hash: 6905c896f7461a59a6daf2838513134995c8f7480d55dfc7f1fe46e3312fd028
2019/12/14 | 18:40:28 | INFO | [32m[2019-12-14 18:40:28 DEBUG	vault_processor][39m\nCustID: 274380001097689
Name: N/A
TradeChannel: HFS Small T.G.
hash: e6bd95f62d6597d3048b04e7521aa3e628d427f32682a0487599139b1b6f2b3a
2019/12/14 | 18:40:28 | INFO | [32m[2019-12-14 18:40:28 DEBUG	vault_processor][39m\nCustID: 274380001097704
Name: N/A
TradeChannel: N/A
hash: f5511ae915feaa20a92fa85495a401c5aee5d06ce0e3d28064c532da082dbcac
2019/12/14 | 18:40:28 | INFO | [32m[2019-12-14 18:40:28 DEBUG	vault_processor][39m\nCustID: 274380001097707
Name: N/A
TradeChannel: N/A
hash: 237307f470552d9cb725cc056c9defd25e954530714da1a0857940b18ae1b8f2
2019/12/14 | 18:40:28 | INFO | [32m[2019-12-14 18:40:28 DEBUG	vault_processor][39m\nCustID: 274380001097741
Name: N/A
TradeChannel: HFS Small T.G.
hash: 3720a217bbfc933fba4b8e948224546fa515c402d28b696372f8e861ff7c58a0
2019/12/14 | 18:40:28 | INFO | [32m[2019-12-14 18:40:28 DEBUG	vault_processor][39m\nCustID: 274380001100647
Name: N/A
TradeChannel: N/A
hash: ab35a0fa0722832da12930011a902292b42d6586d7678b46ac9c99409363b08a
2019/12/14 | 18:40:28 | INFO | [32m[2019-12-14 18:40:28 DEBUG	vault_processor][39m\nCustID: 274380001100713
Name: N/A
TradeChannel: HFS Small T.G.
hash: a807b5ef512e1cb8c40f09b5ec8500e5dcbf482fdf9a86374dba8262d0cbb349
2019/12/14 | 18:40:28 | INFO | [32m[2019-12-14 18:40:28 DEBUG	vault_processor][39m\nCustID: 274380001100715
Name: N/A
TradeChannel: HFS Small T.G.
hash: 941b1896a63dd20a5ff3789f9b152398d129a6583619a009443535c1a55d4113
2019/12/14 | 18:40:28 | INFO | [32m[2019-12-14 18:40:28 DEBUG	vault_processor][39m\nCustID: 274380001100719
Name: N/A
TradeChannel: N/A
hash: 90b48132c19ea47ef167abf3fe795727ff2c62e368c6bd22f0e6c777a60b6709
2019/12/14 | 18:40:28 | INFO | [32m[2019-12-14 18:40:28 DEBUG	vault_processor][39m\nCustID: 274380001100724
Name: N/A
TradeChannel: HFS Small T.G.
hash: 4ae4289db601665c2b4b73fa22b61aaec87dc11e197a8176c3e050861673dde1
2019/12/14 | 18:40:28 | INFO | [32m[2019-12-14 18:40:28 DEBUG	vault_processor][39m\nCustID: 274380001100771
Name: N/A
TradeChannel: N/A
hash: 5594a764824e97e7a9585c050acf67cdcb2aa5ad09f6275573d6823a7a07d497
2019/12/14 | 18:40:28 | INFO | [32m[2019-12-14 18:40:28 DEBUG	vault_processor][39m\nCustID: 274380001100774
Name: N/A
TradeChannel: N/A
hash: b1e1f96d865a0f3fa489d439f15846ebcf6c3c3e205e44e581ce59eb26c88035
2019/12/14 | 18:40:28 | INFO | [32m[2019-12-14 18:40:28 DEBUG	vault_processor][39m\nCustID: 274380001100796
Name: N/A
TradeChannel: N/A
hash: 70fbe811acfbd28eddd7736d7cafc9a9ae9958d236bd7f82e2b419bc8fa41a6f
2019/12/14 | 18:40:28 | INFO | [32m[2019-12-14 18:40:28 DEBUG	vault_processor][39m\nCustID: 274380001100800
Name: N/A
TradeChannel: N/A
hash: 0c21a9c0690a58c06309a15bf5e6c4d3c21fed7949cfa2f7b6a5fab553688c72
2019/12/14 | 18:40:28 | INFO | [32m[2019-12-14 18:40:28 DEBUG	vault_processor][39m\nCustID: 274380001100813
Name: N/A
TradeChannel: N/A
hash: b8b27d9cec0c53b8a90ec169ed7ea4ffd324d3ee3f31e406428ac849d77de58e
2019/12/14 | 18:40:28 | INFO | [32m[2019-12-14 18:40:28 DEBUG	vault_processor][39m\nCustID: 274380001100815
Name: N/A
TradeChannel: N/A
hash: 13a73b587e0e6d65e7631565d6716b057bdc860346c40610b85c9d58d1da73e0
2019/12/14 | 18:40:28 | INFO | [32m[2019-12-14 18:40:28 DEBUG	vault_processor][39m\nCustID: 274380001100822
Name: N/A
TradeChannel: HFS Small T.G.
hash: 5dd6cc61f186c405c7db0ff42069abec6dcb9fc68db7648e1810b36c91513ac4
2019/12/14 | 18:40:28 | INFO | [32m[2019-12-14 18:40:28 DEBUG	vault_processor][39m\nCustID: 274380001100894
Name: N/A
TradeChannel: N/A
hash: 173b5859581705094ee4179daa4217eb3804c50530a6b56ce9d68fafcef6b7c8
2019/12/14 | 18:40:28 | INFO | [32m[2019-12-14 18:40:28 DEBUG	vault_processor][39m\nCustID: 274380001100934
Name: N/A
TradeChannel: N/A
hash: 5a80daf50eb3408e40b608c642f1af15c73591c323fffa02f9935243fd065129
2019/12/14 | 18:40:28 | INFO | [32m[2019-12-14 18:40:28 DEBUG	vault_processor][39m\nCustID: 274380001100936
Name: N/A
TradeChannel: N/A
hash: f5f5a613a9d9eaaa7a2b57fd46f9484a3edf154d680257fb2ab1551abbc0a1c2
2019/12/14 | 18:40:28 | INFO | [32m[2019-12-14 18:40:28 DEBUG	vault_processor][39m\nCustID: 274380001100942
Name: N/A
TradeChannel: N/A
hash: 77c6240127619dde32c00b5a2baea5b9f17edd667b9092d0033883e459ac92a1
2019/12/14 | 18:40:28 | INFO | [32m[2019-12-14 18:40:28 DEBUG	vault_processor][39m\nCustID: 274380001100941
Name: N/A
TradeChannel: HFS Small T.G.
hash: 893553e7f72eee5bf13d1d6778b4ae45430a84f691f44d79758b8f4489ba46c5
2019/12/14 | 18:40:28 | INFO | [32m[2019-12-14 18:40:28 DEBUG	vault_processor][39m\nCustID: 274380001097189
Name: N/A
TradeChannel: N/A
hash: 13279429dbac8c11a5a6c334840330c49b16d0f5342423e78e64c5c7a07b53ba
2019/12/14 | 18:40:28 | INFO | [32m[2019-12-14 18:40:28 DEBUG	vault_processor][39m\nCustID: 274380001100939
Name: N/A
TradeChannel: HFS Small T.G.
hash: 220f8a49f3ee416f2cc119ec0015ac3fa1f0faafed8b7941220a24ec840ad646
2019/12/14 | 18:40:28 | INFO | [32m[2019-12-14 18:40:28 DEBUG	vault_processor][39m\nCustID: 274380001100943
Name: N/A
TradeChannel: N/A
hash: 4002c88326c7e1709a50e0f8a03eeeba2cf932bc95106ff1857226bb62920653
2019/12/14 | 18:40:28 | INFO | [32m[2019-12-14 18:40:28 DEBUG	vault_processor][39m\nCustID: 274380001100944
Name: N/A
TradeChannel: N/A
hash: e7108bad832741b64ed08f39e1bcdf10a3da7c1d1ac752702a21d2f6f525ebfe
2019/12/14 | 18:40:28 | INFO | [32m[2019-12-14 18:40:28 DEBUG	vault_processor][39m\nCustID: 274380001097065
Name: N/A
TradeChannel: HFS Small T.G.
hash: 747debb752579d03d6b3d1afbcb168ec116d36d685cff3c53d38bbf6d47c201a
2019/12/14 | 18:40:28 | INFO | [32m[2019-12-14 18:40:28 DEBUG	vault_processor][39m\nCustID: 274380001097371
Name: N/A
TradeChannel: HFS Small T.G.
hash: 46a09f4f0b65e5f748839371e7a5a07aa856503fb00d8dcba57bed8b8f361355
2019/12/14 | 18:40:28 | INFO | [32m[2019-12-14 18:40:28 DEBUG	vault_processor][39m\nCustID: 274380001097920
Name: N/A
TradeChannel: N/A
hash: 2e5f4b03c37a420619503f92eb4d8be359d5fc4b0bfca3b287186233c36a1268
2019/12/14 | 18:40:28 | INFO | [32m[2019-12-14 18:40:28 DEBUG	vault_processor][39m\nCustID: 274380001101155
Name: N/A
TradeChannel: HFS Small T.G.
hash: 71eafc280749a0ed19ff3a2af7ca74b6ad8b43113684b1d62b7a98860cf14918
2019/12/14 | 18:40:28 | INFO | [32m[2019-12-14 18:40:28 DEBUG	vault_processor][39m\nCustID: 274380001101348
Name: N/A
TradeChannel: N/A
hash: 345d43079eaf8b29aaacc8d60e9e5c11df3bb4be87675e90a95600c7dceb2da2
2019/12/14 | 18:40:28 | INFO | [32m[2019-12-14 18:40:28 DEBUG	vault_processor][39m\nCustID: 274380001098196
Name: N/A
TradeChannel: HFS Small T.G.
hash: c7fbb6ed72f2e7d115832e04c78a5a43eb372b704b2aa6a2531d746fcf9974f7
2019/12/14 | 18:40:28 | INFO | [32m[2019-12-14 18:40:28 DEBUG	vault_processor][39m\nCustID: 274380001098266
Name: N/A
TradeChannel: HFS Small T.G.
hash: a6ce64293dd33a5d06e81e2a45fbae58968de21fbc6603f27bcbd09ca7ee82c9
2019/12/14 | 18:40:28 | INFO | [32m[2019-12-14 18:40:28 DEBUG	vault_processor][39m\nCustID: 274380001096495
Name: N/A
TradeChannel: N/A
hash: c4d2b841dbef54e45b5dec0eff93c3feef98be9136e4ec76c4dc1fbbb4e1350b
2019/12/14 | 18:40:28 | INFO | [32m[2019-12-14 18:40:28 DEBUG	vault_processor][39m\nCustID: 274380001100946
Name: N/A
TradeChannel: HFS Small T.G.
hash: 1502c08b1d73350f9d1b936c35ea33c54c43b66fc2f0587fcbc731736124ffa0
2019/12/14 | 18:40:28 | INFO | [32m[2019-12-14 18:40:28 DEBUG	vault_processor][39m\nCustID: 274380001100959
Name: N/A
TradeChannel: N/A
hash: d93e8d9023a5d3862577d67c46cb44839543356551067905d17ffa629d058244
2019/12/14 | 18:40:28 | INFO | [32m[2019-12-14 18:40:28 DEBUG	vault_processor][39m\nCustID: 274380001100971
Name: N/A
TradeChannel: N/A
hash: 34f8ccd7b5a5385c9556e9afbfa20ab05716c103b2980179bfad53e7c1cc515c
2019/12/14 | 18:40:28 | INFO | [32m[2019-12-14 18:40:28 DEBUG	vault_processor][39m\nCustID: 274380001100974
Name: N/A
TradeChannel: N/A
hash: e0ea32f8271bb66b10ac3cb4bfc64a4e8965f6094fb2888a5a5f14863fdde33e
2019/12/14 | 18:40:28 | INFO | [32m[2019-12-14 18:40:28 DEBUG	vault_processor][39m\nCustID: 274380001100982
Name: N/A
TradeChannel: N/A
hash: 746ab4e4cc9110c4b667c010720e81d588b8228a250ae54f4528e178e343a643
2019/12/14 | 18:40:28 | INFO | [32m[2019-12-14 18:40:28 DEBUG	vault_processor][39m\nCustID: 274380001100992
Name: N/A
TradeChannel: N/A
hash: fa177f8f45362c95dae094360aaceb3d64fba6bd2c850bcf7b5053319f603a4c
2019/12/14 | 18:40:28 | INFO | [32m[2019-12-14 18:40:28 DEBUG	vault_processor][39m\nCustID: 274380001100997
Name: N/A
TradeChannel: N/A
hash: aedf77feebc82b4210699f27b1628f4815327b6f76e1b794470186231d795112
2019/12/14 | 18:40:28 | INFO | [32m[2019-12-14 18:40:28 DEBUG	vault_processor][39m\nCustID: 274380001100998
Name: N/A
TradeChannel: N/A
hash: e7ce517f3ae7d2b7f9a00a670d65fbf558613f3c4340366c9b3b9f36f7065438
2019/12/14 | 18:40:28 | INFO | [32m[2019-12-14 18:40:28 DEBUG	vault_processor][39m\nCustID: 274380001101000
Name: N/A
TradeChannel: N/A
hash: e03e432b830f6857016988bd2d9c29a7201f739f8aceaab683ba887e062825a4
2019/12/14 | 18:40:28 | INFO | [32m[2019-12-14 18:40:28 DEBUG	vault_processor][39m\nCustID: 274380001101003
Name: N/A
TradeChannel: N/A
hash: 7742e2c2fba017341b4c3e53fd1832cba3c4dd8e62a078a7bc901213d5ec9e8c
2019/12/14 | 18:40:28 | INFO | [32m[2019-12-14 18:40:28 DEBUG	vault_processor][39m\nCustID: 274380001101019
Name: N/A
TradeChannel: N/A
hash: 949a098cdcab065525b15c19a9575711678893ad2a98843fdb536e18b715259b
2019/12/14 | 18:40:28 | INFO | [32m[2019-12-14 18:40:28 DEBUG	vault_processor][39m\nCustID: 274380001101023
Name: N/A
TradeChannel: N/A
hash: 9666f5f5ff5b14a050242fa90425e9f058cb98d043b0fde241cb99d219e4aa61
2019/12/14 | 18:40:28 | INFO | [32m[2019-12-14 18:40:28 DEBUG	vault_processor][39m\nCustID: 274380001100970
Name: N/A
TradeChannel: HFS Small T.G.
hash: 1484103460aedc19f1676d58153ca0b394f6976dcbb0ed6929bf9975dfa38286
2019/12/14 | 18:40:28 | INFO | [32m[2019-12-14 18:40:28 DEBUG	vault_processor][39m\nCustID: 274380001101025
Name: N/A
TradeChannel: N/A
hash: 0941a8ec402845b039261fa7ada012c1688abe7607abbeca0d04727200e46f60
2019/12/14 | 18:40:28 | INFO | [32m[2019-12-14 18:40:28 DEBUG	vault_processor][39m\nCustID: 274380001101201
Name: N/A
TradeChannel: HFS Small T.G.
hash: ad7d389984de46cf50557168ea73fd88f82e4499cd9d15c59f7a405ff1eef465
2019/12/14 | 18:40:28 | INFO | [32m[2019-12-14 18:40:28 DEBUG	vault_processor][39m\nCustID: 274380001101202
Name: N/A
TradeChannel: HFS Small T.G.
hash: 7225ac58cd26b22e8dcdaf92ca1b0b20339e57199a62c69f2c6deba48837667b
2019/12/14 | 18:40:28 | INFO | [32m[2019-12-14 18:40:28 DEBUG	vault_processor][39m\nCustID: 274380001101204
Name: N/A
TradeChannel: HFS Small T.G.
hash: faaa65fc0f199a31f0a7368c79a383437410e4f9c5609276c4292bf903931872
2019/12/14 | 18:40:28 | INFO | [32m[2019-12-14 18:40:28 DEBUG	vault_processor][39m\nCustID: 274380001101205
Name: N/A
TradeChannel: HFS Small T.G.
hash: 850620f23468cec8b408428a64ff6aa4e35dafc533f6b6478fa11a0911c4757c
2019/12/14 | 18:40:28 | INFO | [32m[2019-12-14 18:40:28 DEBUG	vault_processor][39m\nCustID: 274380001094621
Name: N/A
TradeChannel: HFS Small T.G.
hash: c8d2e5c198aa111751d19beb54c56b7f7de0b186f92b1a19d503d6cea9938cff
2019/12/14 | 18:40:28 | INFO | [32m[2019-12-14 18:40:28 DEBUG	vault_processor][39m\nCustID: 274380001096394
Name: N/A
TradeChannel: N/A
hash: c3b368661155ea6bc615045a6125fe2565725b9a54124f1340e6095b4374b7fe
2019/12/14 | 18:40:28 | INFO | [32m[2019-12-14 18:40:28 DEBUG	vault_processor][39m\nCustID: 274380001096435
Name: N/A
TradeChannel: HFS Small T.G.
hash: 5308527a5887e5d107d09e8e0c97bbe1382cbe9f22fffbcc48c87e64715e2998
2019/12/14 | 18:40:28 | INFO | [32m[2019-12-14 18:40:28 DEBUG	vault_processor][39m\nCustID: 274380001054009
Name: RANA
TradeChannel: HFS Small T.G.
hash: 02e77dfb2f7ae1783b082a6a3860336214f012151b3ad6f0a16fd6a5d30db192
2019/12/14 | 18:40:28 | INFO | [32m[2019-12-14 18:40:28 DEBUG	vault_processor][39m\nCustID: 274380001098809
Name: N/A
TradeChannel: HFS Small T.G.
hash: 6119682dfd64c3331bc2b0da48bc301c94bc1dcb0c141bbb1990ce3580ae91d5
2019/12/14 | 18:40:28 | INFO | [32m[2019-12-14 18:40:28 DEBUG	vault_processor][39m\nCustID: 274380001098802
Name: N/A
TradeChannel: HFS Small T.G.
hash: ad88abebddd09e9f17a2a52eac79ed2e375b20ead7350c8c4be8b1673e214c88
2019/12/14 | 18:40:28 | INFO | [32m[2019-12-14 18:40:28 DEBUG	vault_processor][39m\nCustID: 274380001098543
Name: N/A
TradeChannel: N/A
hash: 2800034be2c19b487b3e1f6281ee3103471168b3fc798270f8d4a4a1ece24e6e
2019/12/14 | 18:40:28 | INFO | [32m[2019-12-14 18:40:28 DEBUG	vault_processor][39m\nCustID: 274380001098743
Name: N/A
TradeChannel: N/A
hash: 45d00102f73677785e45d9319b2aac3d02911dcfcb7d4d18815dfd3408439f32
2019/12/14 | 18:40:28 | INFO | [32m[2019-12-14 18:40:28 DEBUG	vault_processor][39m\nCustID: 274380001098517
Name: N/A
TradeChannel: HFS Small T.G.
hash: eef7b959b7739782ca1dd3555ccb6d7d0cc5b40177f80d2bac09d7eca67617b9
2019/12/14 | 18:40:28 | INFO | [32m[2019-12-14 18:40:28 DEBUG	vault_processor][39m\nCustID: 274380001098511
Name: N/A
TradeChannel: N/A
hash: c6a69dea835a2abb4a77b0046065642dbfdd1d574228452783406e0fa428d8db
Continuing to vault_processor.1576348914185.log
