******************************************************************************************
**
** Perfect Logger Logging System
** Application Version          : 1.0
** Perfect-Logger Version       : 1.5.2
** Application Start Time (UTC) : 18:40:00 2019/12/14
**
** Copyright 2018 Team whileLOOP
**
******************************************************************************************
**
** Log Number               : #37
** Continuing from Log File : vault_processor.1576348964670.log
** Log Start Time (UTC)     : 18:42:44 2019/12/14
**
******************************************************************************************
2019/12/14 | 18:42:44 | INFO | [32m[2019-12-14 18:42:44 DEBUG	vault_processor][39m\nCustID: 274380001068477
Name: Baz  alkamis
TradeChannel: HFS Small T.G.
hash: c4c6b30158d2126d7364fb8829329ecdcdda069c025ae607dd0472d92f4b4de8
2019/12/14 | 18:42:44 | INFO | [32m[2019-12-14 18:42:44 DEBUG	vault_processor][39m\nCustID: 274380001067924
Name: zahret alareen grocery
TradeChannel: HFS Small T.G.
hash: d5efb435b46a631704c03ee0cda88bb82c7150859f48eec9d219c075e0d442db
2019/12/14 | 18:42:44 | INFO | [32m[2019-12-14 18:42:44 DEBUG	vault_processor][39m\nCustID: 274380001049423
Name: ABEER
TradeChannel: HFS Small T.G.
hash: 12e29fa9ee051385f531c104b293a31c57b66709c42ef0b89430b343160d772c
2019/12/14 | 18:42:44 | INFO | [32m[2019-12-14 18:42:44 DEBUG	vault_processor][39m\nCustID: 274380001047375
Name: ALNOUR
TradeChannel: HFS Small T.G.
hash: 52d08ac1f66360f3816488cbb7471eadf983a155fd0937a5b5f53541c94bd3a4
2019/12/14 | 18:42:44 | INFO | [32m[2019-12-14 18:42:44 DEBUG	vault_processor][39m\nCustID: 274380001053980
Name: ABDALLH 3
TradeChannel: HFS Small T.G.
hash: 7288e6f004e018f3a93be643686bad8defae012e657f0f67e8d265a923ee2be9
2019/12/14 | 18:42:44 | INFO | [32m[2019-12-14 18:42:44 DEBUG	vault_processor][39m\nCustID: 274380001054167
Name: MOAID STORES
TradeChannel: HFS Small T.G.
hash: 21e4c107d00adc0b21c21abd2d873e0e7410fd495f7f7459df5bb19490289f35
2019/12/14 | 18:42:44 | INFO | [32m[2019-12-14 18:42:44 DEBUG	vault_processor][39m\nCustID: 274380001075872
Name: Basem Khayat Group - House Care
TradeChannel: Wholesaler
hash: 0ac68ad2b927e364c41fccd84d2061da6b2661003c1d7af4b5bf69726b295ab4
2019/12/14 | 18:42:44 | INFO | [32m[2019-12-14 18:42:44 DEBUG	vault_processor][39m\nCustID: 274380001078263
Name: Vitamin Pharmacy
TradeChannel: RVO Pharma
hash: 57f2202635c46dc8e6bf8c33d1bb32370a8d905487f39958b94b885790d62855
2019/12/14 | 18:42:46 | INFO | [32m[2019-12-14 18:42:46 DEBUG	vault_processor][39m\nCustID: 274380001078263
Name: Vitamin Pharmacy
TradeChannel: RVO Pharma
hash: 57f2202635c46dc8e6bf8c33d1bb32370a8d905487f39958b94b885790d62855
2019/12/14 | 18:42:46 | INFO | [32m[2019-12-14 18:42:46 DEBUG	vault_processor][39m\nCustID: 274380001078395
Name: mazaya el arkan
TradeChannel: HFS Small T.G.
hash: 7d7e82d8c9d70f476a76b39c56a75aaf34f3403050832e94fd0252dcf9e7f3b1
2019/12/14 | 18:42:46 | INFO | [32m[2019-12-14 18:42:46 DEBUG	vault_processor][39m\nCustID: 274380001078394
Name: karaz elbuostan
TradeChannel: HFS Small T.G.
hash: da233887f37a2599171fded4279e85367c7c6879d6a607e0c8f41c0127a289da
2019/12/14 | 18:42:46 | INFO | [32m[2019-12-14 18:42:46 DEBUG	vault_processor][39m\nCustID: 274380001078414
Name: eldaem elgezaey
TradeChannel: HFS Small T.G.
hash: 032587bdc64b03cc79e1866d7e7819e2a6bde1a646bcd8552bbc607fcb4dbcce
2019/12/14 | 18:42:46 | INFO | [32m[2019-12-14 18:42:46 DEBUG	vault_processor][39m\nCustID: 274380001078956
Name: Damas Medical Company
TradeChannel: Pharma Tier 2
hash: e4242c546fbe9eb4055516dba97041b542c6971cb118b6e419fb14ff0bbc6250
2019/12/14 | 18:42:46 | INFO | [32m[2019-12-14 18:42:46 DEBUG	vault_processor][39m\nCustID: 274380001079043
Name: Ahmed Nayef Al Manjaf Al Salimi Trading
TradeChannel: Self Service T.G
hash: 2814daa72af29c66105cae5f509e6fb8c645ca4e522f1cd3b678194bbc9c4cfa
2019/12/14 | 18:42:46 | INFO | [32m[2019-12-14 18:42:46 DEBUG	vault_processor][39m\nCustID: 274380001079108
Name: Hussain Awad Musaeid Al - Qahtani Tradin
TradeChannel: HFS Small T.G.
hash: 56db83fa73280388b4519b214ed342d359d2856026ee21e964ef0b977b9e9561
2019/12/14 | 18:42:46 | INFO | [32m[2019-12-14 18:42:46 DEBUG	vault_processor][39m\nCustID: 274380001079309
Name: Al Makarem Food Trading Est.
TradeChannel: Wholesaler
hash: ab48aa70d2a1946e3bdf6532d940ce000aa408e569b92fb4dd43929caa9bc4f2
2019/12/14 | 18:42:46 | INFO | [32m[2019-12-14 18:42:46 DEBUG	vault_processor][39m\nCustID: 274380001079317
Name: Tarek AbdElrazak Othman Al-Abbasi Est. K
TradeChannel: HFS Small T.G.
hash: 1ebea13d4d4486b23ae8e11b7130c94b296b79f00ab18699ea19f8659757ed2e
2019/12/14 | 18:42:46 | INFO | [32m[2019-12-14 18:42:46 DEBUG	vault_processor][39m\nCustID: 274380001079350
Name: Mothook Center For wholesale - Trusty Ma
TradeChannel: Self Service T.G
hash: bc1b1ef8172b989fa9a9f873d3e224c4c3935db29961954ebdfd51c698b0a71b
2019/12/14 | 18:42:46 | INFO | [32m[2019-12-14 18:42:46 DEBUG	vault_processor][39m\nCustID: 274380001068559
Name: REFAH
TradeChannel: HFS Small T.G.
hash: d6abea20405ea0088d4234c44c67ad3385e4d46d4f44d656a7f4e716be24c6f6
2019/12/14 | 18:42:46 | INFO | [32m[2019-12-14 18:42:46 DEBUG	vault_processor][39m\nCustID: 274380001070969
Name: Tamoinat Mohammed Hadi
TradeChannel: HFS Small T.G.
hash: 39133fd5de8c98ca24e97863d38c76489a0fea58a0c9029c99ebf48d8209660f
2019/12/14 | 18:42:46 | INFO | [32m[2019-12-14 18:42:46 DEBUG	vault_processor][39m\nCustID: 274380001072460
Name: Sabri est
TradeChannel: HFS Small T.G.
hash: b4a65ebbc824386789bfa34bf9e5cdd3d77d73898ea27a853af05e18413c1cf0
2019/12/14 | 18:42:46 | INFO | [32m[2019-12-14 18:42:46 DEBUG	vault_processor][39m\nCustID: 274380001076591
Name: Al Rabwa
TradeChannel: HFS Small T.G.
hash: 69d86c7d78e5b583fac79902b9d73e60b088ae579e3eeff5840632fe9ae470bf
2019/12/14 | 18:42:46 | INFO | [32m[2019-12-14 18:42:46 DEBUG	vault_processor][39m\nCustID: 274380001077334
Name: AL Tawheed PH
TradeChannel: RVO Pharma
hash: c827890bdeca61354d32fe2fa29ef7a6abea43c13b53519a9209f6fc35aeb889
2019/12/14 | 18:42:46 | INFO | [32m[2019-12-14 18:42:46 DEBUG	vault_processor][39m\nCustID: 274380001054231
Name: ALSALAMAH
TradeChannel: HFS Small T.G.
hash: fa863bd43103af65d718e14dff43dcba8c56263f3e52a344fee11ef54eefb581
2019/12/14 | 18:42:46 | INFO | [32m[2019-12-14 18:42:46 DEBUG	vault_processor][39m\nCustID: 274380001077635
Name: ryadh el kaar
TradeChannel: HFS Small T.G.
hash: e493995727eb8f9431c9525ee55754073f51438feacd571e542f55836808aca4
2019/12/14 | 18:42:46 | INFO | [32m[2019-12-14 18:42:46 DEBUG	vault_processor][39m\nCustID: 274380001078439
Name: N/A
TradeChannel: HFS Small T.G.
hash: e6a00b0c5ffa4b84cd565c9b7446c2d35e96ea66dc9eced1df775e05548b447e
2019/12/14 | 18:42:46 | INFO | [32m[2019-12-14 18:42:46 DEBUG	vault_processor][39m\nCustID: 274380001079233
Name: Jeser Al Wesam Est.
TradeChannel: HFS Small T.G.
hash: ee72f538d6eb91fab078449d0f0dca7121900272b0b34065a9f6271491e82b8e
2019/12/14 | 18:42:46 | INFO | [32m[2019-12-14 18:42:46 DEBUG	vault_processor][39m\nCustID: 274380001079250
Name: Al Saadah
TradeChannel: HFS Small T.G.
hash: 8057e2cd93a07399efe053f394d41b324f9cc52f88d457af64ea0f5686b5db2e
2019/12/14 | 18:42:46 | INFO | [32m[2019-12-14 18:42:46 DEBUG	vault_processor][39m\nCustID: 274380001048596
Name: TAMWEENAT HAMADAH
TradeChannel: HFS Small T.G.
hash: 42a7ef6a1bd0a017b4ca31562ae3b8615ac9c0c04871e7bea461f820b3aa626e
2019/12/14 | 18:42:46 | INFO | [32m[2019-12-14 18:42:46 DEBUG	vault_processor][39m\nCustID: 274380001079402
Name: N/A
TradeChannel: HFS Small T.G.
hash: 0fe25d2522215f3eea79a9c334efea1aeb5dce13996c4853198a2db10c91f950
2019/12/14 | 18:42:46 | INFO | [32m[2019-12-14 18:42:46 DEBUG	vault_processor][39m\nCustID: 274380001079586
Name: N/A
TradeChannel: HFS Small T.G.
hash: 0cd992a48d33804c36671ffbc4fd11ffd55a86b6ecc9e82bc51b36da509b43fa
2019/12/14 | 18:42:46 | INFO | [32m[2019-12-14 18:42:46 DEBUG	vault_processor][39m\nCustID: 274380001079831
Name: N/A
TradeChannel: HFS Small T.G.
hash: 2eddce632b261f4835c130174e702ab8c46beb4c348fe1a3d2279d641a0145c0
2019/12/14 | 18:42:46 | INFO | [32m[2019-12-14 18:42:46 DEBUG	vault_processor][39m\nCustID: 274380001079963
Name: N/A
TradeChannel: HFS Small T.G.
hash: 184c7241949ab54d14a9761489e7a6df3ea67ff1754e90385081f3e80c9e731d
2019/12/14 | 18:42:46 | INFO | [32m[2019-12-14 18:42:46 DEBUG	vault_processor][39m\nCustID: 274380001080391
Name: N/A
TradeChannel: HFS Small T.G.
hash: 8217b0caa378554e2d8b4b103b9d77660261012015583f43f2d2f300418742dc
2019/12/14 | 18:42:46 | INFO | [32m[2019-12-14 18:42:46 DEBUG	vault_processor][39m\nCustID: 274380001080442
Name: N/A
TradeChannel: HFS Small T.G.
hash: 2c7935d7215aac4a892537bf699b0c792698d15c89ae52f09a58eee078ac05c7
2019/12/14 | 18:42:46 | INFO | [32m[2019-12-14 18:42:46 DEBUG	vault_processor][39m\nCustID: 274380001080445
Name: N/A
TradeChannel: HFS Small T.G.
hash: 698825861a1a84680bf10826b5b7a01f0a06d2784cab3d20c72e41cbb5b837b1
2019/12/14 | 18:42:46 | INFO | [32m[2019-12-14 18:42:46 DEBUG	vault_processor][39m\nCustID: 274380001080446
Name: N/A
TradeChannel: HFS Small T.G.
hash: 563fdd1472d8fceb49aa68fbd19e4ae15ab0872d1b4d0e97379b33908a7dfa40
2019/12/14 | 18:42:46 | INFO | [32m[2019-12-14 18:42:46 DEBUG	vault_processor][39m\nCustID: 274380001080448
Name: N/A
TradeChannel: HFS Small T.G.
hash: 91d4ecbfeb991ec16bf546ad8669f72ecc494076d587dd1beff027b2ecf93abd
2019/12/14 | 18:42:46 | INFO | [32m[2019-12-14 18:42:46 DEBUG	vault_processor][39m\nCustID: 274380001080451
Name: N/A
TradeChannel: HFS Small T.G.
hash: e9ea32682b2330bfbda7c1e9f684cdf8aa61025935b14f58bcfb34188ecdb229
2019/12/14 | 18:42:46 | INFO | [32m[2019-12-14 18:42:46 DEBUG	vault_processor][39m\nCustID: 274380001080452
Name: N/A
TradeChannel: HFS Small T.G.
hash: e7cc6611c46b686c29fc2fb8b113c261869fb6bc9dce15aa3b0ed455c8b7f3b6
2019/12/14 | 18:42:46 | INFO | [32m[2019-12-14 18:42:46 DEBUG	vault_processor][39m\nCustID: 274380001080522
Name: N/A
TradeChannel: HFS Small T.G.
hash: 810b8bf558d5b709d97272a565cd1b6cefc03f415d9b71ed3088badc960ec9b6
Continuing to vault_processor.1576348966597.log
