******************************************************************************************
**
** Perfect Logger Logging System
** Application Version          : 1.0
** Perfect-Logger Version       : 1.5.2
** Application Start Time (UTC) : 18:40:00 2019/12/14
**
** Copyright 2018 Team whileLOOP
**
******************************************************************************************
**
** Log Number               : #2
** Continuing from Log File : vault_processor.1576348825699.log
** Log Start Time (UTC)     : 18:40:25 2019/12/14
**
******************************************************************************************
2019/12/14 | 18:40:25 | INFO | [32m[2019-12-14 18:40:25 DEBUG	vault_processor][39m\nCustID: 274380001099338
Name: N/A
TradeChannel: HFS Small T.G.
hash: a16c3ad8914d74d6ca60f9483841db6e116a86deddd406b48f451346905a847d
2019/12/14 | 18:40:25 | INFO | [32m[2019-12-14 18:40:25 DEBUG	vault_processor][39m\nCustID: 274380001099348
Name: N/A
TradeChannel: HFS Small T.G.
hash: d143c0eb571257e600a37758f9c4ee4828e3e25c074f923db735ab97b7686607
2019/12/14 | 18:40:25 | INFO | [32m[2019-12-14 18:40:25 DEBUG	vault_processor][39m\nCustID: 274380001099349
Name: N/A
TradeChannel: HFS Small T.G.
hash: 112b0770430efebce2a399a8d36878ccd3042de8d7bd1289967f877e449ed03e
2019/12/14 | 18:40:25 | INFO | [32m[2019-12-14 18:40:25 DEBUG	vault_processor][39m\nCustID: 274380001099350
Name: N/A
TradeChannel: HFS Small T.G.
hash: c2f0be1eb8fb26716e54af2230fe1763880d6e26a2aec1daf4f7cf39eb6fdef9
2019/12/14 | 18:40:25 | INFO | [32m[2019-12-14 18:40:25 DEBUG	vault_processor][39m\nCustID: 274380001099353
Name: N/A
TradeChannel: HFS Small T.G.
hash: 16a736806c31fec1c3ef26ee70c22f8ba3955dd5e9c2cdca7cc1ed135cd940ad
2019/12/14 | 18:40:25 | INFO | [32m[2019-12-14 18:40:25 DEBUG	vault_processor][39m\nCustID: 274380001099357
Name: N/A
TradeChannel: HFS Small T.G.
hash: ac58a0ea792e8dc218a10f8bb8bddb5a2a02e06f536c048b3504aa9d9189e623
2019/12/14 | 18:40:25 | INFO | [32m[2019-12-14 18:40:25 DEBUG	vault_processor][39m\nCustID: 274380001099358
Name: N/A
TradeChannel: HFS Small T.G.
hash: 8c2d7dac401e408807c0050e892d737b4318385081f0c22c65ab909a1c4ee805
2019/12/14 | 18:40:25 | INFO | [32m[2019-12-14 18:40:25 DEBUG	vault_processor][39m\nCustID: 274380001099363
Name: N/A
TradeChannel: HFS Small T.G.
hash: 26853396d6841405dfee8537d405b08a4c654dce0515e53aa6aba83e1a6ad1c7
2019/12/14 | 18:40:25 | INFO | [32m[2019-12-14 18:40:25 DEBUG	vault_processor][39m\nCustID: 274380001099364
Name: N/A
TradeChannel: HFS Small T.G.
hash: 87de0c03e0054340a7bbaaa40092951817caeb78157fbfff337a9f51ef8cad5c
2019/12/14 | 18:40:25 | INFO | [32m[2019-12-14 18:40:25 DEBUG	vault_processor][39m\nCustID: 274380001099365
Name: N/A
TradeChannel: HFS Small T.G.
hash: 77cea95479daf17d42e3e28217e075845e62ce16ab823c601dc475f84df8259f
2019/12/14 | 18:40:25 | INFO | [32m[2019-12-14 18:40:25 DEBUG	vault_processor][39m\nCustID: 274380001099395
Name: N/A
TradeChannel: N/A
hash: c07769a2e5f219ccea060a6fff5d07b32554cee481a8229d36d682c590531781
2019/12/14 | 18:40:25 | INFO | [32m[2019-12-14 18:40:25 DEBUG	vault_processor][39m\nCustID: 274380001099403
Name: N/A
TradeChannel: N/A
hash: be2eb22c2fcf7570117e3da9a476192222a73fbcde7c9cac000db8eee4f7b3cd
2019/12/14 | 18:40:25 | INFO | [32m[2019-12-14 18:40:25 DEBUG	vault_processor][39m\nCustID: 274380001099412
Name: N/A
TradeChannel: N/A
hash: 7be14cf667b3fde8a7320818ed806b8a625bac04888812f5b38a93daedb7b9a2
2019/12/14 | 18:40:25 | INFO | [32m[2019-12-14 18:40:25 DEBUG	vault_processor][39m\nCustID: 274380001099455
Name: N/A
TradeChannel: N/A
hash: e54b9758935d456c9056193401aa491a1f637a4aa47c3ece7637ac2e9682d3d6
2019/12/14 | 18:40:25 | INFO | [32m[2019-12-14 18:40:25 DEBUG	vault_processor][39m\nCustID: 274380001099491
Name: N/A
TradeChannel: N/A
hash: be113a77f07a3872f10f24da084640b1d7b4dc195adb326de8011a547d5d6b58
2019/12/14 | 18:40:25 | INFO | [32m[2019-12-14 18:40:25 DEBUG	vault_processor][39m\nCustID: 274380001099495
Name: N/A
TradeChannel: N/A
hash: 96e11c90b887c435015fd9c9d360e1aa95d408c3277f57ad9e01d8f379d030ae
2019/12/14 | 18:40:25 | INFO | [32m[2019-12-14 18:40:25 DEBUG	vault_processor][39m\nCustID: 274380001099500
Name: N/A
TradeChannel: N/A
hash: e108dc6c4f691e19666c393bf44f42d4647ea829a4e6c3b5a2016211dd615528
2019/12/14 | 18:40:25 | INFO | [32m[2019-12-14 18:40:25 DEBUG	vault_processor][39m\nCustID: 274380001063762
Name: ALHAFMON
TradeChannel: HFS Small T.G.
hash: 60cf8a1211ef6d7648736cbceb5d1c485edff1603fb92a00d5af497d48d73989
2019/12/14 | 18:40:25 | INFO | [32m[2019-12-14 18:40:25 DEBUG	vault_processor][39m\nCustID: 274380001063789
Name: MOHMAD MOBARAK
TradeChannel: HFS Small T.G.
hash: ca2408899182f884a8feaa24a5dfd6481969ab9a6782f91860f9eeb67f0b56af
2019/12/14 | 18:40:25 | INFO | [32m[2019-12-14 18:40:25 DEBUG	vault_processor][39m\nCustID: 274380001095483
Name: N/A
TradeChannel: HFS Small T.G.
hash: 91e95908fbefde157281c90ec203257389b886b5e04cdd1dd0fa035fba00f0eb
2019/12/14 | 18:40:25 | INFO | [32m[2019-12-14 18:40:25 DEBUG	vault_processor][39m\nCustID: 274380001095752
Name: N/A
TradeChannel: N/A
hash: 7a38fd7e132225b264863c4e9e76ad64c4739fb6434119e743e5ad5d29b2918e
2019/12/14 | 18:40:25 | INFO | [32m[2019-12-14 18:40:25 DEBUG	vault_processor][39m\nCustID: 274380001095851
Name: N/A
TradeChannel: N/A
hash: dfdddaa738ea954cdfbec99e4a3e5c0fac4d500ea075a1b8a012ac4b47dac1ac
2019/12/14 | 18:40:25 | INFO | [32m[2019-12-14 18:40:25 DEBUG	vault_processor][39m\nCustID: 274380001095975
Name: N/A
TradeChannel: N/A
hash: a67447f9885a2815c0e578e7452aa863af9df826393e4da11b75d5c252d4a42a
2019/12/14 | 18:40:25 | INFO | [32m[2019-12-14 18:40:25 DEBUG	vault_processor][39m\nCustID: 274380001096010
Name: N/A
TradeChannel: N/A
hash: 723cd3b227908740454214135500154101743bff19865546566bc90659864a7a
2019/12/14 | 18:40:25 | INFO | [32m[2019-12-14 18:40:25 DEBUG	vault_processor][39m\nCustID: 274380001100560
Name: N/A
TradeChannel: N/A
hash: cb01b7b43d089fa268d235ffb9c94c0099262b0d03717b8b1884afdccd0a78f7
2019/12/14 | 18:40:25 | INFO | [32m[2019-12-14 18:40:25 DEBUG	vault_processor][39m\nCustID: 274380001100571
Name: N/A
TradeChannel: N/A
hash: aceb0f4641b5642e7a2a857ed3c0f33a5881a8052980b610defd1a7cda937aee
2019/12/14 | 18:40:25 | INFO | [32m[2019-12-14 18:40:25 DEBUG	vault_processor][39m\nCustID: 274380001100635
Name: N/A
TradeChannel: N/A
hash: ef10ff9744f3cc39861ff71ad4508c2d508c5e2294b0a9c991f3f65d8bb16133
2019/12/14 | 18:40:25 | INFO | [32m[2019-12-14 18:40:25 DEBUG	vault_processor][39m\nCustID: 274380001100638
Name: N/A
TradeChannel: N/A
hash: aa73f6f26f317d5b002f8574991ece1c02040af2d30989af4f12fe399b05ff23
2019/12/14 | 18:40:25 | INFO | [32m[2019-12-14 18:40:25 DEBUG	vault_processor][39m\nCustID: 274380001100674
Name: N/A
TradeChannel: N/A
hash: 5b54c1e1fc9720ec2cace8b1936f1374800d84dc96c5cc1bc82bb2d9a082beaf
2019/12/14 | 18:40:25 | INFO | [32m[2019-12-14 18:40:25 DEBUG	vault_processor][39m\nCustID: 274380001100689
Name: N/A
TradeChannel: N/A
hash: d3fd3db0a5b3db50da06e47260d22c4ed36f220600482c3bec796049e1ae7e94
2019/12/14 | 18:40:25 | INFO | [32m[2019-12-14 18:40:25 DEBUG	vault_processor][39m\nCustID: 274380001100703
Name: N/A
TradeChannel: N/A
hash: dcce195779906d7471d0a4b84f28a3406950ac3d0e9f8e556901a09c96ae7cf4
2019/12/14 | 18:40:25 | INFO | [32m[2019-12-14 18:40:25 DEBUG	vault_processor][39m\nCustID: 274380001099524
Name: N/A
TradeChannel: N/A
hash: ec05bff9f9e080359f7902eb0ea65e59f9134d11f8afc287678d03123a90bc87
2019/12/14 | 18:40:25 | INFO | [32m[2019-12-14 18:40:25 DEBUG	vault_processor][39m\nCustID: 274380001099526
Name: N/A
TradeChannel: N/A
hash: a2e103c355f0441d58a60b598df788d52a900adf58f0174a55b70b7a8050ce23
2019/12/14 | 18:40:25 | INFO | [32m[2019-12-14 18:40:25 DEBUG	vault_processor][39m\nCustID: 274380001100706
Name: N/A
TradeChannel: N/A
hash: 05ce84b2a1b92fcb39a553179bff8b1a1d087e8f9790c8f7d12e735f4074245d
2019/12/14 | 18:40:25 | INFO | [32m[2019-12-14 18:40:25 DEBUG	vault_processor][39m\nCustID: 274380001099560
Name: N/A
TradeChannel: N/A
hash: 317493edb9aa54c4b045402a0a36609b07d34070c3adb7e1193a91ef910da3cd
2019/12/14 | 18:40:25 | INFO | [32m[2019-12-14 18:40:25 DEBUG	vault_processor][39m\nCustID: 274380001099586
Name: N/A
TradeChannel: N/A
hash: 5378c29399ec98972793ec84a29c1131c24394bd8a1f06f47332c5b4e8eb0756
2019/12/14 | 18:40:25 | INFO | [32m[2019-12-14 18:40:25 DEBUG	vault_processor][39m\nCustID: 274380001099764
Name: N/A
TradeChannel: N/A
hash: 379dc595a9064fc4b88baafe92218c6cae7708cb6e3d3696391fa8e0e45c8d37
2019/12/14 | 18:40:25 | INFO | [32m[2019-12-14 18:40:25 DEBUG	vault_processor][39m\nCustID: 274380001099765
Name: N/A
TradeChannel: HFS Small T.G.
hash: ccc587379c3342254bf67c5da1c5fe9bf013c5d97b9cba8aed030418ab34df9a
2019/12/14 | 18:40:25 | INFO | [32m[2019-12-14 18:40:25 DEBUG	vault_processor][39m\nCustID: 274380001099771
Name: N/A
TradeChannel: HFS Small T.G.
hash: 23ffb654b8166a4437ab3e6a277a9e8c5ada5e31c7722e05f5b8c62005fb3311
2019/12/14 | 18:40:25 | INFO | [32m[2019-12-14 18:40:25 DEBUG	vault_processor][39m\nCustID: 274380001099788
Name: N/A
TradeChannel: N/A
hash: 0395f3f6d4721d523647a8e573700ea0ba8965a2def31e3e0169a817c2b19057
2019/12/14 | 18:40:25 | INFO | [32m[2019-12-14 18:40:25 DEBUG	vault_processor][39m\nCustID: 274380001099834
Name: N/A
TradeChannel: N/A
hash: ef1c783334c06717b7b9438384d9f3464081e0c599ee4b23623fb8d7c92e3fbd
2019/12/14 | 18:40:25 | INFO | [32m[2019-12-14 18:40:25 DEBUG	vault_processor][39m\nCustID: 274380001099873
Name: N/A
TradeChannel: HFS Small T.G.
hash: 26e9c0af76527b5e5b3ea8ae77d050b943cdfd0cc0460cebe8291579108dd913
2019/12/14 | 18:40:25 | INFO | [32m[2019-12-14 18:40:25 DEBUG	vault_processor][39m\nCustID: 274380001099853
Name: N/A
TradeChannel: N/A
hash: 3a2eaa89888ca427fdf0f65b056f43df3e2e4a7801c7dd4293ab11b973751411
2019/12/14 | 18:40:25 | INFO | [32m[2019-12-14 18:40:25 DEBUG	vault_processor][39m\nCustID: 274380001099909
Name: N/A
TradeChannel: N/A
hash: 6a1624592313d1a78fad0094e2440cb871230981efddbb5525dab841be1c0806
2019/12/14 | 18:40:25 | INFO | [32m[2019-12-14 18:40:25 DEBUG	vault_processor][39m\nCustID: 274380001099910
Name: N/A
TradeChannel: N/A
hash: 452546220cafb3e6430fe1c255f774b6abdff0d4606eb19e47eb1a63b5d27e01
2019/12/14 | 18:40:25 | INFO | [32m[2019-12-14 18:40:25 DEBUG	vault_processor][39m\nCustID: 274380001099911
Name: N/A
TradeChannel: N/A
hash: 55aefb6440535249a5f84b7d673a10565904dfc25abf8083fb6e509321eb0891
2019/12/14 | 18:40:25 | INFO | [32m[2019-12-14 18:40:25 DEBUG	vault_processor][39m\nCustID: 274380001099912
Name: N/A
TradeChannel: N/A
hash: c921dd09dcb12d9459f56932434fd1dab3afb449eb94f367aaa6951230ccdc55
2019/12/14 | 18:40:25 | INFO | [32m[2019-12-14 18:40:25 DEBUG	vault_processor][39m\nCustID: 274380001099913
Name: N/A
TradeChannel: N/A
hash: 80fea092ebe1a0727ffb98abfb20ac983b62efbb44f31200a4b849a95f34a46c
2019/12/14 | 18:40:25 | INFO | [32m[2019-12-14 18:40:25 DEBUG	vault_processor][39m\nCustID: 274380001092705
Name: N/A
TradeChannel: HFS Small T.G.
hash: 18158ce9697ce5af7371c6658cbede8a5506259afef71bb1660daa81352d8adc
2019/12/14 | 18:40:25 | INFO | [32m[2019-12-14 18:40:25 DEBUG	vault_processor][39m\nCustID: 274380001092803
Name: N/A
TradeChannel: HFS Small T.G.
hash: afbfe1c7c41d1c980306880e4c4e85370fe6c7694e2b97a788458aa62d79989c
2019/12/14 | 18:40:25 | INFO | [32m[2019-12-14 18:40:25 DEBUG	vault_processor][39m\nCustID: 274380001096453
Name: N/A
TradeChannel: N/A
hash: 5c1cb41790ede46a822baf76aac0230c2537f939663088d98d37890207fe7e07
Continuing to vault_processor.1576348825990.log
