2019/12/14 | 18:53:46 | INFO | [32m[2019-12-14 18:53:46 DEBUG	vault_processor][39m\nCustID: 274380001085778
Name: siadliat alkhalidiat alhaditha
TradeChannel: RVO Pharma
hash: 00270a38883b73c7a0855d5b90ced3fb2f5a28072213a3040042bca83cc8004c
******************************************************************************************
**
** Perfect Logger Logging System
** Application Version          : 1.0
** Perfect-Logger Version       : 1.5.2
** Application Start Time (UTC) : 18:49:52 2019/12/14
**
** Copyright 2018 Team whileLOOP
**
******************************************************************************************
**
** Log Number               : #16
** Continuing from Log File : vault_processor.1576349626594.log
** Log Start Time (UTC)     : 18:53:46 2019/12/14
**
******************************************************************************************
2019/12/14 | 18:53:46 | INFO | [32m[2019-12-14 18:53:46 DEBUG	vault_processor][39m\nCustID: 274380001087366
Name: N/A
TradeChannel: HFS Small T.G.
hash: 91392678612f76244dcd420c6398e926fda4a49a1e8ad80ccfa329e1a7eef90e
2019/12/14 | 18:53:46 | INFO | [32m[2019-12-14 18:53:46 DEBUG	vault_processor][39m\nCustID: 274380001086457
Name: N/A
TradeChannel: HFS Small T.G.
hash: 8273483d92208ea23670bd4398e1f96f5100f1980c507e4f0bf78745930cf89f
2019/12/14 | 18:53:46 | INFO | [32m[2019-12-14 18:53:46 DEBUG	vault_processor][39m\nCustID: 274380001087372
Name: N/A
TradeChannel: HFS Small T.G.
hash: 9d05b9aebf7aa37a0612871f9dfe0cf7cfcdd653e56f322c50a18c6cf6a2fdf3
2019/12/14 | 18:53:46 | INFO | [32m[2019-12-14 18:53:46 DEBUG	vault_processor][39m\nCustID: 274380001087463
Name: sayadliat yasir
TradeChannel: RVO Pharma
hash: 3d6daf97971464af740a50ff080f4a6a04cd1590601fea9966e0570d94ce77c9
2019/12/14 | 18:53:46 | INFO | [32m[2019-12-14 18:53:46 DEBUG	vault_processor][39m\nCustID: 274380001087609
Name: N/A
TradeChannel: HFS Small T.G.
hash: e87b81f0aab9ec424685a682206faff63395da4f4e0117af8b18e3c4a526f403
2019/12/14 | 18:53:46 | INFO | [32m[2019-12-14 18:53:46 DEBUG	vault_processor][39m\nCustID: 274380001087642
Name: sayadliat hayat abha
TradeChannel: RVO Pharma
hash: 35066ae4c159d0386dd557c0b6e05f626fea8525cfcb31222c703a235f20a619
2019/12/14 | 18:53:46 | INFO | [32m[2019-12-14 18:53:46 DEBUG	vault_processor][39m\nCustID: 274380001089035
Name: N/A
TradeChannel: HFS Small T.G.
hash: b075d3726d5cd6b11478443cce418a51df5de08dab0cf9595197f61f7bee662a
2019/12/14 | 18:53:46 | INFO | [32m[2019-12-14 18:53:46 DEBUG	vault_processor][39m\nCustID: 274380001089897
Name: N/A
TradeChannel: HFS Small T.G.
hash: a25bcfa2b4951f39d67dfb41a7881f9353a334352e869dbfc686eef1bdf656a8
2019/12/14 | 18:53:46 | INFO | [32m[2019-12-14 18:53:46 DEBUG	vault_processor][39m\nCustID: 274380001090407
Name: N/A
TradeChannel: HFS Small T.G.
hash: 0ed0406b3b507cb591ec7e8ef7c54206a7b99513d19f51ee31105b7a436f8696
2019/12/14 | 18:53:46 | INFO | [32m[2019-12-14 18:53:46 DEBUG	vault_processor][39m\nCustID: 274380001090237
Name: N/A
TradeChannel: HFS Small T.G.
hash: 7125f683265dab16c2a18ca55949c4b4c0a17a5706dc0da3e686e6ba3b700ea2
2019/12/14 | 18:53:46 | INFO | [32m[2019-12-14 18:53:46 DEBUG	vault_processor][39m\nCustID: 274380001090697
Name: Khalid Ibrahim Rashed Al Aql Trading Sto
TradeChannel: Discounters T.G
hash: f7f37d68a4506e87fbce381a722a685ee02de0543fd4b5424565f9156687ce78
2019/12/14 | 18:53:46 | INFO | [32m[2019-12-14 18:53:46 DEBUG	vault_processor][39m\nCustID: 274380001043909
Name: Salah Fahd Al Mazroue Trading Est.
TradeChannel: Wholesaler
hash: e55f37bffb7bc4e75971ba76fae7788c458caa38016d1e7b0e1d0d7669ddb3c5
2019/12/14 | 18:53:46 | INFO | [32m[2019-12-14 18:53:46 DEBUG	vault_processor][39m\nCustID: 274380001057635
Name: ALMANZIL 1
TradeChannel: HFS Small T.G.
hash: d75b7b4c052296e58f1a3873744d32457c2c42ed8f7da1c871861132fafcbea9
2019/12/14 | 18:53:46 | INFO | [32m[2019-12-14 18:53:46 DEBUG	vault_processor][39m\nCustID: 274380001057637
Name: NAJMAT ALKHALEJ
TradeChannel: HFS Small T.G.
hash: dd87ab555372bff848820c4f3984ba49f9b5e6edb4153d3d5f91f7af281be11c
2019/12/14 | 18:53:46 | INFO | [32m[2019-12-14 18:53:46 DEBUG	vault_processor][39m\nCustID: 274380001050268
Name: ALAMAN
TradeChannel: HFS Small T.G.
hash: 96de4a2ac4f2ebf40dd12b6574b7eb3689276cdc7783a6f923803b74455452dd
2019/12/14 | 18:53:46 | INFO | [32m[2019-12-14 18:53:46 DEBUG	vault_processor][39m\nCustID: 274380001043995
Name:  PANDA
TradeChannel: National Accounts
hash: 2f256630f520201f54d2ac248e6ac94809030b3c6885502a24c0c1c97b8f2b35
2019/12/14 | 18:53:46 | INFO | [32m[2019-12-14 18:53:46 DEBUG	vault_processor][39m\nCustID: 274380001044143
Name:  Bin Dawood Stores Trading Co.
TradeChannel: National Accounts
hash: bb3d81c887a829d8278f6670b3b0e82115689276267cbd98db7136738f931fe1
2019/12/14 | 18:53:46 | INFO | [32m[2019-12-14 18:53:46 DEBUG	vault_processor][39m\nCustID: 274380001044175
Name: ALSHAMASY EST
TradeChannel: Wholesaler
hash: 5aea580593fe7a99f4d09c4dc6488233972b57a46c37416768a730eb3e815e5a
2019/12/14 | 18:53:46 | INFO | [32m[2019-12-14 18:53:46 DEBUG	vault_processor][39m\nCustID: 274380001044265
Name: ALGHEDEYEA LE AL TAMWEN
TradeChannel: HFS Small T.G.
hash: 585243371c56afe542cd7b81687611e06c7ffd81a5c916b264d5f00afbcaaa21
2019/12/14 | 18:53:46 | INFO | [32m[2019-12-14 18:53:46 DEBUG	vault_processor][39m\nCustID: 274380001044566
Name: RASHED ALENZI
TradeChannel: HFS Small T.G.
hash: d3d981812b2902981e81f6fc7c9acea64fe12bab405c1fd81320283f99ba1e85
2019/12/14 | 18:53:46 | INFO | [32m[2019-12-14 18:53:46 DEBUG	vault_processor][39m\nCustID: 274380001044568
Name: FEREH MAAJON ALMARADI
TradeChannel: HFS Small T.G.
hash: 09cf8abd9eeaf54bdb9ce0d0d03c1ca3de588f723417a1621a1d8e9e281d977b
2019/12/14 | 18:53:46 | INFO | [32m[2019-12-14 18:53:46 DEBUG	vault_processor][39m\nCustID: 274380001044572
Name: ALMAHTAH
TradeChannel: HFS Small T.G.
hash: 442f79be78871c37544a9b51d6b3ef7e6d5ebf6e15ec8727048141d6df15b3ed
2019/12/14 | 18:53:46 | INFO | [32m[2019-12-14 18:53:46 DEBUG	vault_processor][39m\nCustID: 274380001044581
Name: MESHARI
TradeChannel: HFS Small T.G.
hash: e8697e140a4ec80e33274256174f34cec0847c8d4074251c7eb99143d6cc9b5e
2019/12/14 | 18:53:46 | INFO | [32m[2019-12-14 18:53:46 DEBUG	vault_processor][39m\nCustID: 274380001044583
Name: SULTAN
TradeChannel: HFS Small T.G.
hash: 89199f9d04ec6eedeca7a84b2e6602dda06f4a42cc40b064c911d34aa0aa2306
2019/12/14 | 18:53:46 | INFO | [32m[2019-12-14 18:53:46 DEBUG	vault_processor][39m\nCustID: 274380001044652
Name: ALZROUD
TradeChannel: HFS Small T.G.
hash: b320e442724a995184327d029918f7678df60c2a238127f6992161f08db9aab4
2019/12/14 | 18:53:46 | INFO | [32m[2019-12-14 18:53:46 DEBUG	vault_processor][39m\nCustID: 274380001044653
Name: JAMEEL 1
TradeChannel: HFS Small T.G.
hash: 1cc5b4dad4fbc4375ce07d8655d377635339c39709f8938d0b5e21c64ef1b60b
2019/12/14 | 18:53:46 | INFO | [32m[2019-12-14 18:53:46 DEBUG	vault_processor][39m\nCustID: 274380001044753
Name: ALASMARI
TradeChannel: HFS Small T.G.
hash: f34908b328d4ee2f8c5e6fdd76c13a168e430b8f43493da5e4d8288652948585
2019/12/14 | 18:53:46 | INFO | [32m[2019-12-14 18:53:46 DEBUG	vault_processor][39m\nCustID: 274380001044754
Name: FAHAD ALOTHMAN
TradeChannel: HFS Small T.G.
hash: 4872d7db99d819dbcd8115d958046d4e95933c43543de64854349fca9d5e1ce8
2019/12/14 | 18:53:46 | INFO | [32m[2019-12-14 18:53:46 DEBUG	vault_processor][39m\nCustID: 274380001078173
Name: Salat Alaailah
TradeChannel: HFS Small T.G.
hash: 4f2035416ec9d089e12d5d4ae271ab15abfadabc160d9191a09c77ac759a4740
2019/12/14 | 18:53:46 | INFO | [32m[2019-12-14 18:53:46 DEBUG	vault_processor][39m\nCustID: 274380001054560
Name: ALTAKHASUSY
TradeChannel: HFS Small T.G.
hash: b81c9e86b0d2a7ed1ee9724b6222f318c6a75d6387e6f036f7791406bab300af
2019/12/14 | 18:53:46 | INFO | [32m[2019-12-14 18:53:46 DEBUG	vault_processor][39m\nCustID: 274380001069900
Name: Supermarket Abu Musa
TradeChannel: HFS Small T.G.
hash: 810711e4ab7611b71dd06e6347ef86ded07079b137ed93e374671559081b3521
2019/12/14 | 18:53:46 | INFO | [32m[2019-12-14 18:53:46 DEBUG	vault_processor][39m\nCustID: 274380001074575
Name: Grocery wafa
TradeChannel: HFS Small T.G.
hash: 73b3276d723599b9e4f9aa2b18c25cfc188444fb13ce370de1c31997d26dca85
2019/12/14 | 18:53:46 | INFO | [32m[2019-12-14 18:53:46 DEBUG	vault_processor][39m\nCustID: 274380001044755
Name: ALNASBAN
TradeChannel: HFS Small T.G.
hash: cc1da92910f62d68f692a24d7afb86c88d52e5e7e492b3ecc7a9f029655fc8b3
2019/12/14 | 18:53:46 | INFO | [32m[2019-12-14 18:53:46 DEBUG	vault_processor][39m\nCustID: 274380001044756
Name: ALSAARAN
TradeChannel: HFS Small T.G.
hash: 99893f1f080c903855abb5ae446e296f0a1a692b88e2171455937fe484b50800
2019/12/14 | 18:53:46 | INFO | [32m[2019-12-14 18:53:46 DEBUG	vault_processor][39m\nCustID: 274380001044757
Name: TURKI ALFAWZAN
TradeChannel: HFS Small T.G.
hash: 768b716ad502aff05d3d7593ef42031386d5e0a41b16e67c0b5fbc077923c033
2019/12/14 | 18:53:46 | INFO | [32m[2019-12-14 18:53:46 DEBUG	vault_processor][39m\nCustID: 274380001044758
Name: NASIR ALDOWIB
TradeChannel: HFS Small T.G.
hash: a380c41660dee659e5bfefd0bfc6ff393557011a33a79569e3d622a05deb2a9c
2019/12/14 | 18:53:46 | INFO | [32m[2019-12-14 18:53:46 DEBUG	vault_processor][39m\nCustID: 274380001044759
Name: ALFARIS
TradeChannel: HFS Small T.G.
hash: b07db9e007f555cadaa873e78c89fce9469bb0b15a647958db5731972260336a
2019/12/14 | 18:53:46 | INFO | [32m[2019-12-14 18:53:46 DEBUG	vault_processor][39m\nCustID: 274380001044770
Name: BAIT ALJAZEERA
TradeChannel: HFS Small T.G.
hash: 2b9c7033eaeaa95a749377ee180abe6c1d3857e9336ce526458c3f02dac198ba
2019/12/14 | 18:53:46 | INFO | [32m[2019-12-14 18:53:46 DEBUG	vault_processor][39m\nCustID: 274380001079112
Name: Founder of Rahima Jewel for Marketing ES
TradeChannel: HFS Small T.G.
hash: 0579d9beac66db707b6467b68b831faf40134911753921e16b410ec0c67c63ba
2019/12/14 | 18:53:46 | INFO | [32m[2019-12-14 18:53:46 DEBUG	vault_processor][39m\nCustID: 274380001058356
Name: ALRAYAN
TradeChannel: HFS Small T.G.
hash: fc9f66cb880e4fd4c47d10c20dfe6975451ce41ab8935c078472a9bddf651451
2019/12/14 | 18:53:46 | INFO | [32m[2019-12-14 18:53:46 DEBUG	vault_processor][39m\nCustID: 274380001082866
Name: N/A
TradeChannel: HFS Small T.G.
hash: 00cba23fa48ba7b5ec30c52b2312b78265c0947a344f5997876572b230022c7a
2019/12/14 | 18:53:46 | INFO | [32m[2019-12-14 18:53:46 DEBUG	vault_processor][39m\nCustID: 274380001082900
Name: N/A
TradeChannel: HFS Small T.G.
hash: 2ced09b059caf78182810c38abf9379afaf90e8aa94a4f7c8dc5015f2f1abe06
2019/12/14 | 18:53:46 | INFO | [32m[2019-12-14 18:53:46 DEBUG	vault_processor][39m\nCustID: 274380001087491
Name: sayadliat watan 'abaha
TradeChannel: RVO Pharma
hash: afd145ed87037e55389098fbbb23b3e973cca1f28573efe2bcba4a39700b839b
2019/12/14 | 18:53:46 | INFO | [32m[2019-12-14 18:53:46 DEBUG	vault_processor][39m\nCustID: 274380001089869
Name: N/A
TradeChannel: HFS Small T.G.
hash: 1acca0ac6f4907b15ce5ecd5e39f6d5bfd4faf62485682b4ec6be8a28d0e6066
2019/12/14 | 18:53:46 | INFO | [32m[2019-12-14 18:53:46 DEBUG	vault_processor][39m\nCustID: 274380001044777
Name: ABU ABDULWAHAB
TradeChannel: HFS Small T.G.
hash: 3b5fd2328a5aadb2c6d55b2520fde7e7dd38230ff36568a303b90f1341b27380
2019/12/14 | 18:53:46 | INFO | [32m[2019-12-14 18:53:46 DEBUG	vault_processor][39m\nCustID: 274380001045103
Name: M ALJAWHRAH
TradeChannel: HFS Small T.G.
hash: e2112cec53771a463a747f662cae9e083d0b5b5b8690d289bb1abe278cab4b13
2019/12/14 | 18:53:46 | INFO | [32m[2019-12-14 18:53:46 DEBUG	vault_processor][39m\nCustID: 274380001045063
Name: AMAIER ALMUTAIRI STORE
TradeChannel: HFS Small T.G.
hash: be1779c343c7d037c2c8c087f10a57e187317633c11cfc7b6cd95d6765ee1824
2019/12/14 | 18:53:46 | INFO | [32m[2019-12-14 18:53:46 DEBUG	vault_processor][39m\nCustID: 274380001044841
Name: ASWAQ ZAD
TradeChannel: HFS Small T.G.
hash: 1be20bac660ca3ac098970ac49c218853791e8bbfa2cb09e49b9dcf0189ca869
2019/12/14 | 18:53:46 | INFO | [32m[2019-12-14 18:53:46 DEBUG	vault_processor][39m\nCustID: 274380001045104
Name: ALNAWRAS EST
TradeChannel: HFS Small T.G.
hash: 4f8242938fd9bd267826b80ef5e58d037c8413575bd0230f4000f3e5bdacdb5e
2019/12/14 | 18:53:46 | INFO | [32m[2019-12-14 18:53:46 DEBUG	vault_processor][39m\nCustID: 274380001045109
Name: MOTHALATH ALDARB STATION
TradeChannel: HFS Small T.G.
hash: 98628c68933997a2afeba454d71f2569558e011a0d93a7081bfb24496fa3e113
2019/12/14 | 18:53:46 | INFO | [32m[2019-12-14 18:53:46 DEBUG	vault_processor][39m\nCustID: 274380001045107
Name: ALSHABY STATION
TradeChannel: HFS Small T.G.
hash: c609d16d2dd6d9082eca630f7ed2e4f050c00e984d7bc8ed7f844b1b1282c4c2
2019/12/14 | 18:53:46 | INFO | [32m[2019-12-14 18:53:46 DEBUG	vault_processor][39m\nCustID: 274380001045114
Name: ALASEFAH
TradeChannel: HFS Small T.G.
hash: 1c83192040cb1224a3783774ad185909476d371bd1f2f7e68c20b16231d457af
2019/12/14 | 18:53:46 | INFO | [32m[2019-12-14 18:53:46 DEBUG	vault_processor][39m\nCustID: 274380001045118
Name: ALHOLOL
TradeChannel: HFS Small T.G.
hash: 4caae6caeef073793386ce83ebe2f5106569fa3e114adaf78bbb127c7f2f1199
2019/12/14 | 18:53:46 | INFO | [32m[2019-12-14 18:53:46 DEBUG	vault_processor][39m\nCustID: 274380001043912
Name: ABDULLAH AL OTHAIM COMMERCIAL COMPANY
TradeChannel: National Accounts
hash: ec8728fb2a85f241b739a8b08793bf0fecceca00d71983ca7f4b92f78a52a7c7
2019/12/14 | 18:53:46 | INFO | [32m[2019-12-14 18:53:46 DEBUG	vault_processor][39m\nCustID: 274380001090048
Name: N/A
TradeChannel: HFS Small T.G.
hash: f7d1aeac7530871f0cb5495460b877c538bf590727749a104ee41e8711a8d7e1
2019/12/14 | 18:53:46 | INFO | [32m[2019-12-14 18:53:46 DEBUG	vault_processor][39m\nCustID: 274380001044378
Name: ASWAQ AYMAN
TradeChannel: HFS Small T.G.
hash: c057dbd089c7766e26b354753530d67ad61313bf5a395730bd7a33fe13d53dce
2019/12/14 | 18:53:46 | INFO | [32m[2019-12-14 18:53:46 DEBUG	vault_processor][39m\nCustID: 274380001076044
Name: AL mooj center
TradeChannel: HFS Small T.G.
hash: 9ebb1d7b929fc7f77e33b64afcc4cba78670bc48dc481febb855952c2fa00724
Continuing to vault_processor.1576349626909.log
