******************************************************************************************
**
** Perfect Logger Logging System
** Application Version          : 1.0
** Perfect-Logger Version       : 1.5.2
** Application Start Time (UTC) : 18:40:00 2019/12/14
**
** Copyright 2018 Team whileLOOP
**
******************************************************************************************
**
** Log Number               : #49
** Continuing from Log File : vault_processor.1576348975626.log
** Log Start Time (UTC)     : 18:42:55 2019/12/14
**
******************************************************************************************
2019/12/14 | 18:42:55 | INFO | [32m[2019-12-14 18:42:55 DEBUG	vault_processor][39m\nCustID: 274380001053263
Name: ALOSRAH  PHARMACY
TradeChannel: Pharma Tier 3
hash: 0673d9dbbbe10d278c9d9442a807be4203e9762e74dc28910c17ff5eef52f6a0
2019/12/14 | 18:42:55 | INFO | [32m[2019-12-14 18:42:55 DEBUG	vault_processor][39m\nCustID: 274380001053280
Name: GAWHARAT EL-MATAR PHARMACY
TradeChannel: Pharma Tier 3
hash: cce8c76914ac5ef8159517c7db7359bd6f370b827d3912837e658c3bac00804b
2019/12/14 | 18:42:55 | INFO | [32m[2019-12-14 18:42:55 DEBUG	vault_processor][39m\nCustID: 274380001053514
Name: AHL AL-MADINAH PHARMACY (1)
TradeChannel: Pharma Tier 3
hash: 571e420c1ee819b2fee4bf97090fea47ceecbb8e85fc02fdd6b7da38e7fba7f1
2019/12/14 | 18:42:55 | INFO | [32m[2019-12-14 18:42:55 DEBUG	vault_processor][39m\nCustID: 274380001055661
Name: BANDAR
TradeChannel: HFS Small T.G.
hash: 297a408154ed93bc1c94dea430461fbcfcfb5181a2752fd998b5d9528ce6f117
2019/12/14 | 18:42:55 | INFO | [32m[2019-12-14 18:42:55 DEBUG	vault_processor][39m\nCustID: 274380001067539
Name: OUR HOME FOR PLASTIC
TradeChannel: HFS Small T.G.
hash: a0cebe08bc7e4ffb2bf8d22e4f86b64336f3132f507e478194ae6a3be8b70eed
2019/12/14 | 18:42:55 | INFO | [32m[2019-12-14 18:42:55 DEBUG	vault_processor][39m\nCustID: 274380001070100
Name: FAISAL HARI AL DEFIRI STORE
TradeChannel: HFS Small T.G.
hash: 2edbbf937266093a0a30f50b6b85cdc3ab805cc4e5fc0fbe77768b03a53f9509
2019/12/14 | 18:42:55 | INFO | [32m[2019-12-14 18:42:55 DEBUG	vault_processor][39m\nCustID: 274380001072322
Name: Sandal Altamer Est
TradeChannel: Wholesaler
hash: c31a115c65b524b6b3960f723c2267b6e6793cbd7a50f8a4195f2b05fc871b79
2019/12/14 | 18:42:55 | INFO | [32m[2019-12-14 18:42:55 DEBUG	vault_processor][39m\nCustID: 274380001044622
Name: ALSHEHRI
TradeChannel: HFS Small T.G.
hash: 24edcdc5a48a6efd4995b50182ef1ae0471363c288671bd1e347ed0e0a11b5ea
2019/12/14 | 18:42:55 | INFO | [32m[2019-12-14 18:42:55 DEBUG	vault_processor][39m\nCustID: 274380001062923
Name: DORAT ALTAMWINAT
TradeChannel: HFS Small T.G.
hash: 4a842d8fef1b742c0d33abd1e578ff9302618c0c72e3d6db21c49d53868c41e8
2019/12/14 | 18:42:55 | INFO | [32m[2019-12-14 18:42:55 DEBUG	vault_processor][39m\nCustID: 274380001063908
Name: ALZOHOR
TradeChannel: HFS Small T.G.
hash: 03d930aa09984dc6202722c3202c8fecf99544e654d455028785687bd92a02a3
2019/12/14 | 18:42:55 | INFO | [32m[2019-12-14 18:42:55 DEBUG	vault_processor][39m\nCustID: 274380001044104
Name: SALEH ALI SOFAN
TradeChannel: Wholesaler
hash: 096555a1d28a211c3865c6806363e425d29a092a3904ee9d9515a04b9fdad257
2019/12/14 | 18:42:55 | INFO | [32m[2019-12-14 18:42:55 DEBUG	vault_processor][39m\nCustID: 274380001044184
Name: Afaq Saleh Company Limited
TradeChannel: Wholesaler
hash: 7e957362bf55bf72b77b851708da97648df0312a7708f3d2b6425c26392a2806
2019/12/14 | 18:42:55 | INFO | [32m[2019-12-14 18:42:55 DEBUG	vault_processor][39m\nCustID: 274380001045019
Name: TURKI
TradeChannel: HFS Small T.G.
hash: 4fb3e8ebceb97d429f8fc199be3cc1bdabda163d51bacefc834de7966b3a2f7a
2019/12/14 | 18:42:55 | INFO | [32m[2019-12-14 18:42:55 DEBUG	vault_processor][39m\nCustID: 274380001045085
Name: ALMUDHISH
TradeChannel: HFS Small T.G.
hash: a46b1cc56b64883d89938b9f914444496277ea9438c7694f7e25eb4b1cc20c5d
2019/12/14 | 18:42:55 | INFO | [32m[2019-12-14 18:42:55 DEBUG	vault_processor][39m\nCustID: 274380001051624
Name: JULIJELAH
TradeChannel: HFS Small T.G.
hash: 094755a8c8bce1dc3c4a228ec6c81b268c190d234ec588e311ceccd358bebe99
2019/12/14 | 18:42:55 | INFO | [32m[2019-12-14 18:42:55 DEBUG	vault_processor][39m\nCustID: 274380001051858
Name: FARES
TradeChannel: HFS Small T.G.
hash: 4513296fc8781a5eaec07e8a3582d4115adcc392485cacf2f21698a5be294e57
2019/12/14 | 18:42:55 | INFO | [32m[2019-12-14 18:42:55 DEBUG	vault_processor][39m\nCustID: 274380001051866
Name: EYADAH STORES
TradeChannel: HFS Small T.G.
hash: 99254e96cdfaec873066a5091892b970f55b1a7f9e237341d52734fb32d90c9e
2019/12/14 | 18:42:55 | INFO | [32m[2019-12-14 18:42:55 DEBUG	vault_processor][39m\nCustID: 274380001051965
Name: LOGAIN STORE
TradeChannel: HFS Small T.G.
hash: 3262375b8d9a985e9c6fb3416e6ac028eb96c459c44caf21992caa8c5e19e0f0
2019/12/14 | 18:42:55 | INFO | [32m[2019-12-14 18:42:55 DEBUG	vault_processor][39m\nCustID: 274380001052064
Name: AL HAMDAN
TradeChannel: HFS Small T.G.
hash: 472356c6e46260911d2283c6695345b85a210c18af5f88cf50fc40a297a4541e
2019/12/14 | 18:42:55 | INFO | [32m[2019-12-14 18:42:55 DEBUG	vault_processor][39m\nCustID: 274380001053534
Name: ALMOSTAHLIK
TradeChannel: HFS Small T.G.
hash: 15456d09fb52cc2456ea3b511a5f2f2f0ffa8311730e321b7ab99d96e3ffb9fa
2019/12/14 | 18:42:55 | INFO | [32m[2019-12-14 18:42:55 DEBUG	vault_processor][39m\nCustID: 274380001053561
Name: ROTANA
TradeChannel: HFS Small T.G.
hash: 7b41d3dc79098b4dbe6175c1b43293bc513354a676c82436b91515915f20d240
2019/12/14 | 18:42:55 | INFO | [32m[2019-12-14 18:42:55 DEBUG	vault_processor][39m\nCustID: 274380001053673
Name: DEEF ALLAH
TradeChannel: HFS Small T.G.
hash: 310aa025b73fbff09388f11f72bbcfb26d8a6c59047cd23d38c22effc10bbd44
2019/12/14 | 18:42:55 | INFO | [32m[2019-12-14 18:42:55 DEBUG	vault_processor][39m\nCustID: 274380001053815
Name: ALEHRAM
TradeChannel: HFS Small T.G.
hash: 4e8ae7ab46eb00cc93a1e56f44b1842368b639fedcf7b98e27bc90cde7404b37
2019/12/14 | 18:42:55 | INFO | [32m[2019-12-14 18:42:55 DEBUG	vault_processor][39m\nCustID: 274380001054088
Name: HALI
TradeChannel: HFS Small T.G.
hash: a912cbab5de2efa17066ad2d722d19b47d899a68961b67774ec85c39da282048
2019/12/14 | 18:42:55 | INFO | [32m[2019-12-14 18:42:55 DEBUG	vault_processor][39m\nCustID: 274380001054160
Name: ALBARAKAH
TradeChannel: HFS Small T.G.
hash: 9d14732d2ee0ac7de8f9bc97376cffd17c3d5dc050d8a19eda5dd6290885b84f
2019/12/14 | 18:42:55 | INFO | [32m[2019-12-14 18:42:55 DEBUG	vault_processor][39m\nCustID: 274380001054214
Name: ALMADENAH STORE
TradeChannel: HFS Small T.G.
hash: fce53b9da75b5c7afb321eac4e92042cdb1faa26f67519f3f19f4eba870cbc25
2019/12/14 | 18:42:55 | INFO | [32m[2019-12-14 18:42:55 DEBUG	vault_processor][39m\nCustID: 274380001054353
Name: AL SAHAFY STORES
TradeChannel: HFS Small T.G.
hash: f5dcddbd1abe1399fb6947b9fec76cc8d24a183c0809898ecc7227a81f479864
2019/12/14 | 18:42:55 | INFO | [32m[2019-12-14 18:42:55 DEBUG	vault_processor][39m\nCustID: 274380001054416
Name: ALWADY
TradeChannel: HFS Small T.G.
hash: 6ee99470e034f9bf0e0f8b0e8e6c3c0a5e845637f641a93b01473bfd7436605a
2019/12/14 | 18:42:55 | INFO | [32m[2019-12-14 18:42:55 DEBUG	vault_processor][39m\nCustID: 274380001054433
Name: ALJAZERAH
TradeChannel: HFS Small T.G.
hash: 1dbc3b710e7d0a3333a1f748bebaa42bd8cc13507bab1b4ed58788b5aae32669
2019/12/14 | 18:42:55 | INFO | [32m[2019-12-14 18:42:55 DEBUG	vault_processor][39m\nCustID: 274380001054434
Name: FAYZ
TradeChannel: HFS Small T.G.
hash: d0097ce13a2ed75e340b2cdd03cff8ac786e2be99c55105caa7cf5a5153bbb74
2019/12/14 | 18:42:55 | INFO | [32m[2019-12-14 18:42:55 DEBUG	vault_processor][39m\nCustID: 274380001055206
Name: SALEH ALI MOHAMMED ABUZAID CENTER
TradeChannel: HFS Small T.G.
hash: c52bd18633c91b392d9f12aeb1b8d1706d9467aacb97522cb8ff9ddeb95d1c18
2019/12/14 | 18:42:55 | INFO | [32m[2019-12-14 18:42:55 DEBUG	vault_processor][39m\nCustID: 274380001055433
Name: ALTAHLIAH
TradeChannel: HFS Small T.G.
hash: b86c32dedf81f618f1f30d31342214f0acf1d9a394ed29becc02937d22424945
2019/12/14 | 18:42:55 | INFO | [32m[2019-12-14 18:42:55 DEBUG	vault_processor][39m\nCustID: 274380001076613
Name: Nezal Defallah Al Atawi
TradeChannel: HFS Small T.G.
hash: 51b0f38d3ad4c0ca2aa60ad553623f6c573b6c74cd87cc278096a36200aa8c1e
2019/12/14 | 18:42:55 | INFO | [32m[2019-12-14 18:42:55 DEBUG	vault_processor][39m\nCustID: 274380001052779
Name: ALSUHAID
TradeChannel: HFS Small T.G.
hash: 1faafbd0f6e3a87842b86bc0452874ffceac8ad26b22c6c55ef4f0136a7d1efd
2019/12/14 | 18:42:55 | INFO | [32m[2019-12-14 18:42:55 DEBUG	vault_processor][39m\nCustID: 274380001053084
Name: ALHARIRY
TradeChannel: HFS Small T.G.
hash: e05bfe9abdbf6aca66e98444dd84118169392db9dbef760663e809dffa60b6a5
2019/12/14 | 18:42:55 | INFO | [32m[2019-12-14 18:42:55 DEBUG	vault_processor][39m\nCustID: 274380001053487
Name: GEHAD PHARMACY
TradeChannel: Pharma Tier 3
hash: 3059ad7cd8dd4f2b3014dad5694209f8871138fffb081585b6c0ff6f0697d41a
2019/12/14 | 18:42:55 | INFO | [32m[2019-12-14 18:42:55 DEBUG	vault_processor][39m\nCustID: 274380001053085
Name: ALFALAH
TradeChannel: HFS Small T.G.
hash: 1b71a839663b7768b5d8e8c87bf5bb164a607bb636b9bdb764ee6663fedab989
2019/12/14 | 18:42:55 | INFO | [32m[2019-12-14 18:42:55 DEBUG	vault_processor][39m\nCustID: 274380001077335
Name: AL ta`ah 2
TradeChannel: RVO Pharma
hash: 6126e365f72ad40e29a40c25619f733821a49a3f7c6edd24f13c73edef407745
2019/12/14 | 18:42:55 | INFO | [32m[2019-12-14 18:42:55 DEBUG	vault_processor][39m\nCustID: 274380001046286
Name: ALNAKHBI
TradeChannel: HFS Small T.G.
hash: c4c53e185051e77730fb1424203967858c30e4c0d27898ebeb2e03b228361c22
2019/12/14 | 18:42:55 | INFO | [32m[2019-12-14 18:42:55 DEBUG	vault_processor][39m\nCustID: 274380001046394
Name: ALOLIAN
TradeChannel: HFS Small T.G.
hash: f11ce49e4ab6d73eb1d3a946f98e4f9e5ba36786dfba5a4bcf32432bc6c89d4d
2019/12/14 | 18:42:55 | INFO | [32m[2019-12-14 18:42:55 DEBUG	vault_processor][39m\nCustID: 274380001046933
Name: ALEYOUN ALBAREAH
TradeChannel: HFS Small T.G.
hash: 89ffa0e24f1f894a4b0e3997c5444f60ba7454fde8761d7452158297a279c231
2019/12/14 | 18:42:55 | INFO | [32m[2019-12-14 18:42:55 DEBUG	vault_processor][39m\nCustID: 274380001044944
Name: Ismail
TradeChannel: HFS Small T.G.
hash: 9cfc86aa52901b94ab0cac18d14774175262373806944646bba24d7cd3f99922
2019/12/14 | 18:42:55 | INFO | [32m[2019-12-14 18:42:55 DEBUG	vault_processor][39m\nCustID: 274380001055491
Name: ALZAHRAA
TradeChannel: HFS Small T.G.
hash: f6315e747470c061e17ebd0065080864429125a5852c0df40c8086a1c4ceb3eb
Continuing to vault_processor.1576348975959.log
