2019/12/14 | 18:53:41 | INFO | [32m[2019-12-14 18:53:41 DEBUG	vault_processor][39m\nCustID: 274380001074788
Name: Almahragan  PH
TradeChannel: Pharma Tier 3
hash: 1afce3e278b77c6bf34bc3c9d1fedab7d36bc247a4556efc7c1271b2cfcaee33
******************************************************************************************
**
** Perfect Logger Logging System
** Application Version          : 1.0
** Perfect-Logger Version       : 1.5.2
** Application Start Time (UTC) : 18:49:52 2019/12/14
**
** Copyright 2018 Team whileLOOP
**
******************************************************************************************
**
** Log Number               : #12
** Continuing from Log File : vault_processor.1576349621499.log
** Log Start Time (UTC)     : 18:53:41 2019/12/14
**
******************************************************************************************
2019/12/14 | 18:53:41 | INFO | [32m[2019-12-14 18:53:41 DEBUG	vault_processor][39m\nCustID: 274380001074874
Name: Salet Tasouq 1
TradeChannel: HFS Small T.G.
hash: 956b33976a6f2b8238234a941fc0b474ca9f4d4a4ef1f16547ed5a9c393d0bc5
2019/12/14 | 18:53:41 | INFO | [32m[2019-12-14 18:53:41 DEBUG	vault_processor][39m\nCustID: 274380001075928
Name: AL-NAIF
TradeChannel: HFS Small T.G.
hash: 2630edbabb71494d9fc537e1eb5adbe9d6ad54795aa84afc3e7d11d299500e44
2019/12/14 | 18:53:41 | INFO | [32m[2019-12-14 18:53:41 DEBUG	vault_processor][39m\nCustID: 274380001075877
Name: ALBASRAWY
TradeChannel: HFS Small T.G.
hash: fe311b92dd04f0b263aa3f952cdcc3435a5e4b83c1a844e3227bd7bd3f6a14c2
2019/12/14 | 18:53:41 | INFO | [32m[2019-12-14 18:53:41 DEBUG	vault_processor][39m\nCustID: 274380001076046
Name: Supermarket ALAA
TradeChannel: HFS Small T.G.
hash: 5b3639a8a9bbdfd0a3608bd0718a91b9b39db2bdb55e6ec10e4e959485de03e3
2019/12/14 | 18:53:41 | INFO | [32m[2019-12-14 18:53:41 DEBUG	vault_processor][39m\nCustID: 274380001074895
Name: seert aldawaa
TradeChannel: RVO Pharma
hash: 231149fa9518806e0534f702187a37470dedbf5a8b08d8698a136a4be8a330fd
2019/12/14 | 18:53:41 | INFO | [32m[2019-12-14 18:53:41 DEBUG	vault_processor][39m\nCustID: 274380001076631
Name: RANA
TradeChannel: HFS Small T.G.
hash: f4af50eeae206763c22ed630c49d3862d972e91e6b5c2ae817f665a7148c1e23
2019/12/14 | 18:53:41 | INFO | [32m[2019-12-14 18:53:41 DEBUG	vault_processor][39m\nCustID: 274380001076643
Name: SALET ALKHIYRAT ALAWLAA
TradeChannel: HFS Small T.G.
hash: b846b5eef4d850dc7d16c9ae4a47bb4d0b44621f00c06af85d39ce6f0310a21d
2019/12/14 | 18:53:41 | INFO | [32m[2019-12-14 18:53:41 DEBUG	vault_processor][39m\nCustID: 274380001076653
Name: ALWADAH
TradeChannel: HFS Small T.G.
hash: a15432af4a5be39231fb9a47e8b91339ea11973fe846efbbe254576a9bb96788
2019/12/14 | 18:53:41 | INFO | [32m[2019-12-14 18:53:41 DEBUG	vault_processor][39m\nCustID: 274380001076935
Name: Petromin Company - Primo
TradeChannel: Self Service T.G
hash: b9e89f88834cb7f7f03eee117944bfe2ab050e55fbe6fad7ea807066fd7222ac
2019/12/14 | 18:53:41 | INFO | [32m[2019-12-14 18:53:41 DEBUG	vault_processor][39m\nCustID: 274380001077409
Name: Al Doha
TradeChannel: HFS Small T.G.
hash: 500d99e09f8a88d0e89fb8d3fc7ea0721a9cc9030701d3d05026dd0cdecee890
2019/12/14 | 18:53:41 | INFO | [32m[2019-12-14 18:53:41 DEBUG	vault_processor][39m\nCustID: 274380001055153
Name: Grocery ATAYEB
TradeChannel: HFS Small T.G.
hash: 1bbb83060d366e89457d189142dadad172b47883d45dd4cd758f3f64059315db
2019/12/14 | 18:53:41 | INFO | [32m[2019-12-14 18:53:41 DEBUG	vault_processor][39m\nCustID: 274380001077259
Name: AL taj PH
TradeChannel: RVO Pharma
hash: 80ee69dcb76e004cccfe0414e4050cc140a526082642693830fe594799cf90ea
2019/12/14 | 18:53:41 | INFO | [32m[2019-12-14 18:53:41 DEBUG	vault_processor][39m\nCustID: 274380001077410
Name: Grocery pond outskirts
TradeChannel: HFS Small T.G.
hash: 32f4f9aed28820ba17a7bdda3864bca62cd48fe174b99383ba6acaedd8f42a43
2019/12/14 | 18:53:41 | INFO | [32m[2019-12-14 18:53:41 DEBUG	vault_processor][39m\nCustID: 274380001077460
Name: AL rashad AL tasiaa
TradeChannel: RVO Pharma
hash: a32f26b47a50d7dd54603b40387832316af575f37cd2f3a959d65054e4b93020
2019/12/14 | 18:53:41 | INFO | [32m[2019-12-14 18:53:41 DEBUG	vault_processor][39m\nCustID: 274380001077462
Name: AL rashad AL thaniyah ashr
TradeChannel: RVO Pharma
hash: 2e625b15560709f1466176504b2755d3110e75b7ee9dcac9c1622e9c776acc84
2019/12/14 | 18:53:41 | INFO | [32m[2019-12-14 18:53:41 DEBUG	vault_processor][39m\nCustID: 274380001055619
Name: ALJAWHARA
TradeChannel: HFS Small T.G.
hash: 224d202b5bf6776861ae54198c619c984417c7b9bb80557a605dd5f4414b7bf9
2019/12/14 | 18:53:41 | INFO | [32m[2019-12-14 18:53:41 DEBUG	vault_processor][39m\nCustID: 274380001055645
Name: ALKAFILY
TradeChannel: HFS Small T.G.
hash: 77b689a8b46421a0fafcecbd13b12fe7491ec2d93ec1e8548405281c06f837f1
2019/12/14 | 18:53:41 | INFO | [32m[2019-12-14 18:53:41 DEBUG	vault_processor][39m\nCustID: 274380001077463
Name: AL rashad AL Ola
TradeChannel: RVO Pharma
hash: 69b13fceff2bfc8fae3fd91ddaebb8f0cdfeb5a0eeed26ec404071d4656ce953
2019/12/14 | 18:53:41 | INFO | [32m[2019-12-14 18:53:41 DEBUG	vault_processor][39m\nCustID: 274380001077469
Name: AL rashad 6
TradeChannel: RVO Pharma
hash: 3b09540f435bd2e7ff86d659b54cad3faa27bed103655ad0e44b4c498e40421b
2019/12/14 | 18:53:41 | INFO | [32m[2019-12-14 18:53:41 DEBUG	vault_processor][39m\nCustID: 274380001077472
Name: AL rashad 2
TradeChannel: RVO Pharma
hash: e87604ceba1daee88c197a7ce1dd533b8ebe44c747d4704810fb2ec4705244fc
2019/12/14 | 18:53:41 | INFO | [32m[2019-12-14 18:53:41 DEBUG	vault_processor][39m\nCustID: 274380001077474
Name: AL rashad 7
TradeChannel: RVO Pharma
hash: fbe1d01ac17cdd886fbae4dd33af56b1975837b88c1beea1a80d6230ca974c81
2019/12/14 | 18:53:41 | INFO | [32m[2019-12-14 18:53:41 DEBUG	vault_processor][39m\nCustID: 274380001077477
Name: AL rashad al rabiaa
TradeChannel: RVO Pharma
hash: 7bb7f3f2642933349f0ae8f70ad0f901dd26cc525f7f7cc70e5cc9cb13d8bd45
2019/12/14 | 18:53:41 | INFO | [32m[2019-12-14 18:53:41 DEBUG	vault_processor][39m\nCustID: 274380001077482
Name: AL rashad al thalitha ashr
TradeChannel: RVO Pharma
hash: f827e33634b79f37f98b15f1e1ea7416773bb1d73b897f8b53ae53912609a554
2019/12/14 | 18:53:41 | INFO | [32m[2019-12-14 18:53:41 DEBUG	vault_processor][39m\nCustID: 274380001077487
Name: AL rashad al thalitha
TradeChannel: RVO Pharma
hash: 13f91066b2333daf947fb7897d68afb2b8dbfb380f9cbe0381b5ca9cbe283f5e
2019/12/14 | 18:53:41 | INFO | [32m[2019-12-14 18:53:41 DEBUG	vault_processor][39m\nCustID: 274380001077495
Name: AL rashad al hadi ashr
TradeChannel: RVO Pharma
hash: 72382d87887428f86e997fb74a819652a4f886d120142a1c2a29b3dea0d2d7ae
2019/12/14 | 18:53:41 | INFO | [32m[2019-12-14 18:53:41 DEBUG	vault_processor][39m\nCustID: 274380001077780
Name: Nasmat Shefa Pharmacy
TradeChannel: RVO Pharma
hash: ee4c1b685d73b742b1e19f2191149ae39137b7ce2b6564b31c7a03301f35b194
2019/12/14 | 18:53:41 | INFO | [32m[2019-12-14 18:53:41 DEBUG	vault_processor][39m\nCustID: 274380001078554
Name: Rawabi Alkhobar EST
TradeChannel: HFS Small T.G.
hash: 21994f60065f23845d9fa56af808138aaf4516b3c0692738a8369df49dd258f3
2019/12/14 | 18:53:41 | INFO | [32m[2019-12-14 18:53:41 DEBUG	vault_processor][39m\nCustID: 274380001078789
Name: elhezam star
TradeChannel: HFS Small T.G.
hash: 0ae8a275d70fea7d4c1df588fbf607127691c6c0da82e28af57ff74c601d9268
2019/12/14 | 18:53:41 | INFO | [32m[2019-12-14 18:53:41 DEBUG	vault_processor][39m\nCustID: 274380001078799
Name: alf douday
TradeChannel: HFS Small T.G.
hash: d9e0e4eab5e962c70a2b9fee4f64c9db573bfcc886d7e77e10f671810789abfb
2019/12/14 | 18:53:41 | INFO | [32m[2019-12-14 18:53:41 DEBUG	vault_processor][39m\nCustID: 274380001069219
Name: alngom
TradeChannel: HFS Small T.G.
hash: 3dbaa4a9c3e42bf1e52d4f8e73b58ef1ca9a7ba1af0f023dba2e19a7ff83d1b3
2019/12/14 | 18:53:41 | INFO | [32m[2019-12-14 18:53:41 DEBUG	vault_processor][39m\nCustID: 274380001069601
Name: mrkaz bndar
TradeChannel: HFS Small T.G.
hash: a24c5b026863b2a12471a279cad1f9b55cce172cc1dc34a4dd2b4112b4a33fb7
2019/12/14 | 18:53:41 | INFO | [32m[2019-12-14 18:53:41 DEBUG	vault_processor][39m\nCustID: 274380001050328
Name: FAHD
TradeChannel: HFS Small T.G.
hash: 37286961dac2b217b533c13b76ed336aa70bbf227d25125564f053fbe7a93cf8
2019/12/14 | 18:53:41 | INFO | [32m[2019-12-14 18:53:41 DEBUG	vault_processor][39m\nCustID: 274380001049313
Name: ALAMAL
TradeChannel: HFS Small T.G.
hash: 4de3086c62bbaa3e334d3e992ef9c47484c40d49cdf09edfe5fa0f741206606d
2019/12/14 | 18:53:41 | INFO | [32m[2019-12-14 18:53:41 DEBUG	vault_processor][39m\nCustID: 274380001073811
Name: mohammed hazlol
TradeChannel: HFS Small T.G.
hash: be9db2bf5ff58c1fb367d2c632b616a6592df6a92b8d412c803e7b15d75de25f
2019/12/14 | 18:53:41 | INFO | [32m[2019-12-14 18:53:41 DEBUG	vault_processor][39m\nCustID: 274380001048104
Name: ALAMANA
TradeChannel: HFS Small T.G.
hash: 3ab0a44613a742c97fb07f5954df95be9443af2c786d3e11cf06abee72c0e836
2019/12/14 | 18:53:41 | INFO | [32m[2019-12-14 18:53:41 DEBUG	vault_processor][39m\nCustID: 274380001075245
Name: al osraa
TradeChannel: Self Service T.G
hash: 362f8d7ddeee3174235aa27bf3d4d7d4e0d7cf27d65f9cbe70e357369e02999d
2019/12/14 | 18:53:41 | INFO | [32m[2019-12-14 18:53:41 DEBUG	vault_processor][39m\nCustID: 274380001076054
Name: Mansour Mansour Abdullah al-Amiri Subaie
TradeChannel: HFS Small T.G.
hash: 66841c2863d1688d8132a126f732532bab51ad17aad07e91744ec0347ebb1067
2019/12/14 | 18:53:41 | INFO | [32m[2019-12-14 18:53:41 DEBUG	vault_processor][39m\nCustID: 274380001076508
Name: SANABIL ALAZYZIAH
TradeChannel: HFS Small T.G.
hash: 05a8b1e86b0480bd32930ff26d1256b2d5d497d46b1a11e52ebd1e715a71414e
2019/12/14 | 18:53:41 | INFO | [32m[2019-12-14 18:53:41 DEBUG	vault_processor][39m\nCustID: 274380001077480
Name: AL rashad 8
TradeChannel: RVO Pharma
hash: 0b6094196dd6de09c8526de54edacee95fe0148510a72721f999b0fb20ff49c9
2019/12/14 | 18:53:41 | INFO | [32m[2019-12-14 18:53:41 DEBUG	vault_processor][39m\nCustID: 274380001077490
Name: AL rashad al ashirah
TradeChannel: RVO Pharma
hash: aba609cd4b323eb7872776240e9029f82c89d32a75dbad66d15032450a59b783
2019/12/14 | 18:53:41 | INFO | [32m[2019-12-14 18:53:41 DEBUG	vault_processor][39m\nCustID: 274380001056079
Name: MARKAZ ALMANARATEN
TradeChannel: HFS Small T.G.
hash: b4f2b863dd3ca62818de18e7cd6f3b0557695957e747fd1b5720119df4ebb217
2019/12/14 | 18:53:41 | INFO | [32m[2019-12-14 18:53:41 DEBUG	vault_processor][39m\nCustID: 274380001057887
Name: ABU FAISAL
TradeChannel: HFS Small T.G.
hash: 890ad436f1d16c363891203f7f2c91060ee8b73339bc200e9eaffd0d7aba4a73
2019/12/14 | 18:53:41 | INFO | [32m[2019-12-14 18:53:41 DEBUG	vault_processor][39m\nCustID: 274380001046550
Name: TAMWINAT ALOLA
TradeChannel: HFS Small T.G.
hash: c591c02bf591e82c2170468ce4f3238c1ddd5ff4f59a90bf374901f5ab1a7b51
2019/12/14 | 18:53:41 | INFO | [32m[2019-12-14 18:53:41 DEBUG	vault_processor][39m\nCustID: 274380001078984
Name: omar center
TradeChannel: HFS Small T.G.
hash: b1a4ce38dba36f41c8f3c55fef72999f84b52c0cb6bbe60deab1c6d2b95cde47
2019/12/14 | 18:53:41 | INFO | [32m[2019-12-14 18:53:41 DEBUG	vault_processor][39m\nCustID: 274380001079163
Name: Zahrat Max Lara Trading Est. - Dallat Al
TradeChannel: Discounters T.G
hash: 3b7aa95882a53db0ed40be829456c76917a12573db845f2963dd8ab246b0173b
2019/12/14 | 18:53:41 | INFO | [32m[2019-12-14 18:53:41 DEBUG	vault_processor][39m\nCustID: 274380001081758
Name: N/A
TradeChannel: HFS Small T.G.
hash: 2acd581c1fab42f21dc7ffe903e7356ba237607493123b9954996eec0bddcc03
2019/12/14 | 18:53:41 | INFO | [32m[2019-12-14 18:53:41 DEBUG	vault_processor][39m\nCustID: 274380001074535
Name: F .m .Amal Alkasab
TradeChannel: HFS Small T.G.
hash: d72bc3b7edb1178d1e463d3957a8b387c57dc1e2ba11f9bdf8c2591970dbe811
2019/12/14 | 18:53:41 | INFO | [32m[2019-12-14 18:53:41 DEBUG	vault_processor][39m\nCustID: 274380001081765
Name: N/A
TradeChannel: HFS Small T.G.
hash: 2c644af57b425687c2f4eaa8e45d762c74f928d00fa85acac42f5628d0cbf531
Continuing to vault_processor.1576349621822.log
