******************************************************************************************
**
** Perfect Logger Logging System
** Application Version          : 1.0
** Perfect-Logger Version       : 1.5.2
** Application Start Time (UTC) : 18:49:52 2019/12/14
**
** Copyright 2018 Team whileLOOP
**
******************************************************************************************
**
** Log Number               : #2
** Continuing from Log File : vault_processor.1576349606451.log
** Log Start Time (UTC)     : 18:53:26 2019/12/14
**
******************************************************************************************
2019/12/14 | 18:53:26 | INFO | [32m[2019-12-14 18:53:26 DEBUG	vault_processor][39m\nCustID: 274380001044124
Name: SALEH SATER AL HALIS
TradeChannel: MT Tier 2
hash: 8fa01c2d427e43c24e7173d9ae07a851436e58e6518125be586acab606afc6b4
2019/12/14 | 18:53:26 | INFO | [32m[2019-12-14 18:53:26 DEBUG	vault_processor][39m\nCustID: 274380001044392
Name: ASHQAR 1
TradeChannel: HFS Small T.G.
hash: c3315d46dede8fdcd476db066ac2a8e9f0cb58010e7ac181702518618fe07a31
2019/12/14 | 18:53:26 | INFO | [32m[2019-12-14 18:53:26 DEBUG	vault_processor][39m\nCustID: 274380001044417
Name: MARKAZ AL-TAJ
TradeChannel: HFS Small T.G.
hash: bfe66550b5165186d8bf0f76f1e1380607936f0514aff42aa0151eb71e414aca
2019/12/14 | 18:53:26 | INFO | [32m[2019-12-14 18:53:26 DEBUG	vault_processor][39m\nCustID: 274380001044420
Name: ALSHARQIA
TradeChannel: HFS Small T.G.
hash: c8b72f5c42c51d8362f8397322630a154342e6740757fc50ae33b157931af0ec
2019/12/14 | 18:53:26 | INFO | [32m[2019-12-14 18:53:26 DEBUG	vault_processor][39m\nCustID: 274380001044424
Name: BIN HASSAN
TradeChannel: HFS Small T.G.
hash: 2e536c13630967e10bf5291600d30079175a18a7b43f17ad9038c2b540e6c605
2019/12/14 | 18:53:26 | INFO | [32m[2019-12-14 18:53:26 DEBUG	vault_processor][39m\nCustID: 274380001044460
Name: MEN AJLEK
TradeChannel: HFS Small T.G.
hash: 9a794a22b4ede8380c6549626cae0ef08746f87310b798f0f1d1d7689e1df2bb
2019/12/14 | 18:53:26 | INFO | [32m[2019-12-14 18:53:26 DEBUG	vault_processor][39m\nCustID: 274380001044462
Name: ALYEHYA
TradeChannel: HFS Small T.G.
hash: 2e6ccc0532b7ef563e8fe75fabf59328d053757b5dee6ad80f6a7ffc06d4081d
2019/12/14 | 18:53:26 | INFO | [32m[2019-12-14 18:53:26 DEBUG	vault_processor][39m\nCustID: 274380001044469
Name: ALBAIT ALARABI FOR MARKETING
TradeChannel: HFS Small T.G.
hash: 4c8c44db177b2a16fd0a6934dc757c9b604aa2c204c8a9034efce62610c52ede
2019/12/14 | 18:53:26 | INFO | [32m[2019-12-14 18:53:26 DEBUG	vault_processor][39m\nCustID: 274380001043868
Name: Al Yahya Catering Center
TradeChannel: MT Tier 2
hash: 7fd0a5acc501694d34df7db0fd6c731acfbba0827c71d4d7a3b5f8b5b11fafc7
2019/12/14 | 18:53:26 | INFO | [32m[2019-12-14 18:53:26 DEBUG	vault_processor][39m\nCustID: 274380001044525
Name: ALTAMWIN
TradeChannel: HFS Small T.G.
hash: f731177059b9f656640de7fcff3466cba0db33bb3471d25be30de919bdb0992d
2019/12/14 | 18:53:26 | INFO | [32m[2019-12-14 18:53:26 DEBUG	vault_processor][39m\nCustID: 274380001030085
Name: ALI SAAD AL QAHTANI TRADING EST.
TradeChannel: WS-RTL
hash: fe0172eb3af9d10f929e39991a644b02d1f58419358fef68010018e158c888c7
2019/12/14 | 18:53:26 | INFO | [32m[2019-12-14 18:53:26 DEBUG	vault_processor][39m\nCustID: 274380001044471
Name: ALZOHOR
TradeChannel: HFS Small T.G.
hash: afcc8780d179aebf90132b09bcf745a568be82f318a7cb158c5454b04686437f
2019/12/14 | 18:53:26 | INFO | [32m[2019-12-14 18:53:26 DEBUG	vault_processor][39m\nCustID: 274380001044488
Name: ALTHALATHOON
TradeChannel: HFS Small T.G.
hash: 362e19b8939826bf7bdb5f30035334d99f69d5610b9c5483d5eec95426d544fa
2019/12/14 | 18:53:26 | INFO | [32m[2019-12-14 18:53:26 DEBUG	vault_processor][39m\nCustID: 274380001044494
Name: ALMONTAZAH
TradeChannel: HFS Small T.G.
hash: b63c5a4895c0a88b0db65f78a5ef1f7367c8eb8dd3050d77b9313cf0f22881b9
2019/12/14 | 18:53:26 | INFO | [32m[2019-12-14 18:53:26 DEBUG	vault_processor][39m\nCustID: 274380001044512
Name: TAMWINAT ALHAMAD
TradeChannel: HFS Small T.G.
hash: f1879ae0e5a9779835404b05150e2d197277ac6da13a0167cd093a11b9fb9aff
2019/12/14 | 18:53:26 | INFO | [32m[2019-12-14 18:53:26 DEBUG	vault_processor][39m\nCustID: 274380001044534
Name: HOMOD ALMALEKI
TradeChannel: HFS Small T.G.
hash: 2f5d5a373e6736292588e56ebf5da43038534beeddc081c3ba85ee2be0d3d040
2019/12/14 | 18:53:26 | INFO | [32m[2019-12-14 18:53:26 DEBUG	vault_processor][39m\nCustID: 274380001044567
Name: MEDAWEKH ALSHEMARI
TradeChannel: HFS Small T.G.
hash: 0c5bcd31fc57caa581b4b7a8790a6dde516b097ed64f5f36234293ff156bd5be
2019/12/14 | 18:53:26 | INFO | [32m[2019-12-14 18:53:26 DEBUG	vault_processor][39m\nCustID: 274380001044583
Name: SULTAN
TradeChannel: HFS Small T.G.
hash: 89199f9d04ec6eedeca7a84b2e6602dda06f4a42cc40b064c911d34aa0aa2306
2019/12/14 | 18:53:26 | INFO | [32m[2019-12-14 18:53:26 DEBUG	vault_processor][39m\nCustID: 274380001044586
Name: ALMAZEED
TradeChannel: HFS Small T.G.
hash: defd02d1059938f62469944c21e32ffcb4a8eb454a9135dfe0087b4c5ec31628
2019/12/14 | 18:53:26 | INFO | [32m[2019-12-14 18:53:26 DEBUG	vault_processor][39m\nCustID: 274380001044622
Name: ALSHEHRI
TradeChannel: HFS Small T.G.
hash: 24edcdc5a48a6efd4995b50182ef1ae0471363c288671bd1e347ed0e0a11b5ea
2019/12/14 | 18:53:26 | INFO | [32m[2019-12-14 18:53:26 DEBUG	vault_processor][39m\nCustID: 274380001044511
Name: AMAL 2
TradeChannel: HFS Small T.G.
hash: 786d3659f9dc43935e0d3badc02bb199c24ea1dc1bdf5d953bce0d56d1133dc2
2019/12/14 | 18:53:26 | INFO | [32m[2019-12-14 18:53:26 DEBUG	vault_processor][39m\nCustID: 274380001044478
Name: ALKHIALIA
TradeChannel: HFS Small T.G.
hash: a3ce2793d7c9e8078a9d81221050dc4dc5d3de7dc17dc82a18795b7fdd14e164
2019/12/14 | 18:53:26 | INFO | [32m[2019-12-14 18:53:26 DEBUG	vault_processor][39m\nCustID: 274380001044638
Name: FATMAH ALHARBI
TradeChannel: HFS Small T.G.
hash: 3bb8b7c76629f261916a5465f328242b38943025555fbc12ca54c69c2183733c
2019/12/14 | 18:53:26 | INFO | [32m[2019-12-14 18:53:26 DEBUG	vault_processor][39m\nCustID: 274380001044480
Name: Tuwaijri
TradeChannel: HFS Small T.G.
hash: 82e06a7ab57e46f45265eeb434bf1830af8bf2fa9f6235ceffc62fac6e43c616
2019/12/14 | 18:53:26 | INFO | [32m[2019-12-14 18:53:26 DEBUG	vault_processor][39m\nCustID: 274380001044644
Name: ABDALLAH ALSUWIDAN
TradeChannel: HFS Small T.G.
hash: af9ff2ea92d7f92f31f21fb02639a2bd373284f7849e741439dcdbb83f293e61
2019/12/14 | 18:53:26 | INFO | [32m[2019-12-14 18:53:26 DEBUG	vault_processor][39m\nCustID: 274380001044642
Name: AGHADIR
TradeChannel: HFS Small T.G.
hash: e65119d8ef62b17550230f200df8dca6c1856aa0d505491496de0a00c90f486b
2019/12/14 | 18:53:26 | INFO | [32m[2019-12-14 18:53:26 DEBUG	vault_processor][39m\nCustID: 274380001044640
Name: ALBASHAIR
TradeChannel: HFS Small T.G.
hash: 3156b38b0236ccada9f5a7d2d0d377920ca1cae5984ac729f013f62e7785f8de
2019/12/14 | 18:53:26 | INFO | [32m[2019-12-14 18:53:26 DEBUG	vault_processor][39m\nCustID: 274380001044646
Name: TAIBAH
TradeChannel: HFS Small T.G.
hash: 95514878cb3e1c1924a785878133a45283de52ba9ec7ed764aa894ccf9723c18
2019/12/14 | 18:53:26 | INFO | [32m[2019-12-14 18:53:26 DEBUG	vault_processor][39m\nCustID: 274380001044645
Name: ALOSRAH
TradeChannel: HFS Small T.G.
hash: 4e8975135be27b68bdbd0b5ed2a9249e7dd8b0857fbe33f102b5b7bbdb82d2be
2019/12/14 | 18:53:26 | INFO | [32m[2019-12-14 18:53:26 DEBUG	vault_processor][39m\nCustID: 274380001044643
Name: RASHID ALDOSARI
TradeChannel: HFS Small T.G.
hash: 3182958d68c79bffdd8089f0f36c7e9b453f4b0549e0daf2279952294fc6e569
2019/12/14 | 18:53:26 | INFO | [32m[2019-12-14 18:53:26 DEBUG	vault_processor][39m\nCustID: 274380001044648
Name: ASWAQ FATIMA
TradeChannel: HFS Small T.G.
hash: c5a29a5a7e916add0e2e0a7eeba5272513a79353dd6973b9d658925d1b52e9ba
2019/12/14 | 18:53:26 | INFO | [32m[2019-12-14 18:53:26 DEBUG	vault_processor][39m\nCustID: 274380001044649
Name: ALDOSARI
TradeChannel: HFS Small T.G.
hash: ae6b0c6b85cce0f0666397866163ad4ebdf4ca034726b8935a37aecfd9cb4c3b
2019/12/14 | 18:53:27 | INFO | [32m[2019-12-14 18:53:27 DEBUG	vault_processor][39m\nCustID: 274380001044655
Name: SARAH
TradeChannel: HFS Small T.G.
hash: 272361aa6846375b030d962c9ba3dbc5e93b175ddb5a9c2114753bdb1bf44ddb
2019/12/14 | 18:53:27 | INFO | [32m[2019-12-14 18:53:27 DEBUG	vault_processor][39m\nCustID: 274380001044650
Name: ALBURAIK
TradeChannel: HFS Small T.G.
hash: 93dcbc10e747a29636a5d88486fb4e5ad7f56914e142bc87a61e539cacdae1be
2019/12/14 | 18:53:27 | INFO | [32m[2019-12-14 18:53:27 DEBUG	vault_processor][39m\nCustID: 274380001044656
Name: ALSUWIDER
TradeChannel: HFS Small T.G.
hash: 0be4f936ba96bfcaf2f4cfd07d041f5d538b2607307479825b165cec9e50f392
2019/12/14 | 18:53:27 | INFO | [32m[2019-12-14 18:53:27 DEBUG	vault_processor][39m\nCustID: 274380001044657
Name: ALI HAMDAN
TradeChannel: HFS Small T.G.
hash: ce73f183e0c6b7b83df479773105fe46e9d2948fa74c0f1b0ab18c1edfd28a71
2019/12/14 | 18:53:27 | INFO | [32m[2019-12-14 18:53:27 DEBUG	vault_processor][39m\nCustID: 274380001044660
Name: SAAD ALTAMIMI
TradeChannel: HFS Small T.G.
hash: eb3c150fae97d5bd492f6f36d420a2218a02444ea2cd6be074799233dd2ba647
2019/12/14 | 18:53:27 | INFO | [32m[2019-12-14 18:53:27 DEBUG	vault_processor][39m\nCustID: 274380001044659
Name: ABDULLAH
TradeChannel: HFS Small T.G.
hash: 42c79b9d9759409ae3a013b69f145a7770b0a3f59a29a4364c45559aff81e2e9
2019/12/14 | 18:53:27 | INFO | [32m[2019-12-14 18:53:27 DEBUG	vault_processor][39m\nCustID: 274380001044654
Name: ABDULLAH ALAWAD
TradeChannel: HFS Small T.G.
hash: 25c4f294a2e2585d0a58729092b53770050e47858392ecba3540b73cff34a90d
2019/12/14 | 18:53:27 | INFO | [32m[2019-12-14 18:53:27 DEBUG	vault_processor][39m\nCustID: 274380001044664
Name: FAISAL ALSARAJ
TradeChannel: HFS Small T.G.
hash: 695d485b0f1bd5bf6091092a4b86625e6765c742e9c3c894956fccdc75d82aea
2019/12/14 | 18:53:27 | INFO | [32m[2019-12-14 18:53:27 DEBUG	vault_processor][39m\nCustID: 274380001044663
Name: AWAD ALAHMARI
TradeChannel: HFS Small T.G.
hash: b6a0d95cc5a2214e0728febf5315a8ce934cd0180a8cd01cb9f6e93f90babac5
2019/12/14 | 18:53:27 | INFO | [32m[2019-12-14 18:53:27 DEBUG	vault_processor][39m\nCustID: 274380001044666
Name: SULIMAN
TradeChannel: HFS Small T.G.
hash: e049ac2076002f7e9c058ff62ddad2433612a5b36ad69622b1db08794bd4803e
2019/12/14 | 18:53:27 | INFO | [32m[2019-12-14 18:53:27 DEBUG	vault_processor][39m\nCustID: 274380001044422
Name: ALQARNI 1
TradeChannel: HFS Small T.G.
hash: d6389834f15df81d41228a6d9717ee4e7e6ed89bc8532a7222a94866dd0c7b8d
2019/12/14 | 18:53:27 | INFO | [32m[2019-12-14 18:53:27 DEBUG	vault_processor][39m\nCustID: 274380001044739
Name: MOHAMAD ALNAEEM
TradeChannel: HFS Small T.G.
hash: 6aa3f64fd838e809a7d528f9a18edb676c2ac11ab41ba655e9e52ce9236231ad
2019/12/14 | 18:53:27 | INFO | [32m[2019-12-14 18:53:27 DEBUG	vault_processor][39m\nCustID: 274380001044742
Name: ADIL
TradeChannel: HFS Small T.G.
hash: 2218833c5d781cb97052f1a84c4646c6ab4614b25cf0e0d389ea83ed067434ae
2019/12/14 | 18:53:27 | INFO | [32m[2019-12-14 18:53:27 DEBUG	vault_processor][39m\nCustID: 274380001044740
Name: ALJEED ALDAHABI
TradeChannel: HFS Small T.G.
hash: 05d6617a511edbdcfb3576823cd2d274376f5e823aa637bf960c1548bbe82052
2019/12/14 | 18:53:27 | INFO | [32m[2019-12-14 18:53:27 DEBUG	vault_processor][39m\nCustID: 274380001044667
Name: NASIR ALMOTAWEA
TradeChannel: HFS Small T.G.
hash: e0ae608cf5218a38911084ea024c4f58f64751ffefa3941cafcf556fdc339e7a
2019/12/14 | 18:53:27 | INFO | [32m[2019-12-14 18:53:27 DEBUG	vault_processor][39m\nCustID: 274380001044695
Name: ALAMAKIN
TradeChannel: HFS Small T.G.
hash: 0b372bfae390e4198f200a40960630191e4cfff484b8145f7a944aaa4ea40178
2019/12/14 | 18:53:27 | INFO | [32m[2019-12-14 18:53:27 DEBUG	vault_processor][39m\nCustID: 274380001044743
Name: ALHUWAISH
TradeChannel: HFS Small T.G.
hash: 5dbead8f3830183e92273de4bee62cba56f18b555d085a494203a51c137e91d2
2019/12/14 | 18:53:27 | INFO | [32m[2019-12-14 18:53:27 DEBUG	vault_processor][39m\nCustID: 274380001044744
Name: ALDOSARI
TradeChannel: HFS Small T.G.
hash: 763c97b979f8d601be22dddd07ac6ca9f4b191df0cb501aeade77446d3ea1710
2019/12/14 | 18:53:27 | INFO | [32m[2019-12-14 18:53:27 DEBUG	vault_processor][39m\nCustID: 274380001044745
Name: HAJI
TradeChannel: HFS Small T.G.
hash: 7d34c6f929ac5e9d678442643baead1190678dd888d09181d8f354f5e9a31d9f
2019/12/14 | 18:53:27 | INFO | [32m[2019-12-14 18:53:27 DEBUG	vault_processor][39m\nCustID: 274380001044746
Name: GHAZAWI MOBARAK
TradeChannel: HFS Small T.G.
hash: 125557872d90588bcb44ea3c721a831e597d154ccab26c0221909fd34a115c3b
2019/12/14 | 18:53:27 | INFO | [32m[2019-12-14 18:53:27 DEBUG	vault_processor][39m\nCustID: 274380001044317
Name: ARABIAN FOOD SUPPLIES
TradeChannel: Self Service T.G
hash: 5ef550a3d530e9a05cb16d55a1147673cbc3b5e2c9883bbba4fe890d0d672e0a
2019/12/14 | 18:53:27 | INFO | [32m[2019-12-14 18:53:27 DEBUG	vault_processor][39m\nCustID: 274380001044747
Name: FAHAD SALEH ALSALOUM
TradeChannel: HFS Small T.G.
hash: 94d600f8873c15ed5dce217d50544c214a76a0a198fc582e68a20eb5b7c38bff
2019/12/14 | 18:53:27 | INFO | [32m[2019-12-14 18:53:27 DEBUG	vault_processor][39m\nCustID: 274380001044748
Name: NAIF
TradeChannel: HFS Small T.G.
hash: 0ed28a5b1c154ebd4c260ebc520fb11735ae52b4f3c851eb1009a264002d8ec6
2019/12/14 | 18:53:27 | INFO | [32m[2019-12-14 18:53:27 DEBUG	vault_processor][39m\nCustID: 274380001044750
Name: SALMAN
TradeChannel: HFS Small T.G.
hash: b887392238e7094aa0145bbf3e90609cd951b25a408b2382f8176e236adb17fc
2019/12/14 | 18:53:27 | INFO | [32m[2019-12-14 18:53:27 DEBUG	vault_processor][39m\nCustID: 274380001044815
Name: MAHTAT ALAMANAT
TradeChannel: HFS Small T.G.
hash: 20bd0e1ad47e45c0ac152660615d04f1e821b547047adea229bc0ca96e5afdb4
2019/12/14 | 18:53:27 | INFO | [32m[2019-12-14 18:53:27 DEBUG	vault_processor][39m\nCustID: 274380001045032
Name: ALRAWDAH
TradeChannel: HFS Small T.G.
hash: e1b6b88f2b2b0396512788f1976e5c0f2225d5397fafcfca25dc201cd58a0fd0
2019/12/14 | 18:53:27 | INFO | [32m[2019-12-14 18:53:27 DEBUG	vault_processor][39m\nCustID: 274380001045102
Name: ALJANOUB
TradeChannel: HFS Small T.G.
hash: 58100c62287288972cbd2c8be41d1ca5bfc2a3ba6fe5a9f6aa301d3e889a3fa3
2019/12/14 | 18:53:27 | INFO | [32m[2019-12-14 18:53:27 DEBUG	vault_processor][39m\nCustID: 274380001045100
Name: SUPERMARKET ALBADER
TradeChannel: HFS Small T.G.
hash: 7cf15c3bcb880e0d1046239d436957fb23d51d4a713f2f547c715b42c9a47558
2019/12/14 | 18:53:27 | INFO | [32m[2019-12-14 18:53:27 DEBUG	vault_processor][39m\nCustID: 274380001044869
Name: HAIF AL AMMAR
TradeChannel: HFS Small T.G.
hash: 464c8d618991f4e6b4678ca256bc2d4d68711f11e70f53e558635064d5490bb5
2019/12/14 | 18:53:27 | INFO | [32m[2019-12-14 18:53:27 DEBUG	vault_processor][39m\nCustID: 274380001045119
Name: ALWAHA
TradeChannel: HFS Small T.G.
hash: 51c4726ab2bee743764c957f20c28387a7f25da1fb964a341465b888b0e7481c
2019/12/14 | 18:53:27 | INFO | [32m[2019-12-14 18:53:27 DEBUG	vault_processor][39m\nCustID: 274380001045111
Name: ALQUDS EST.
TradeChannel: HFS Small T.G.
hash: 113cd94f6f60fc63c861fff78deccd4ab4611119f7d8db36329cb7643098c961
2019/12/14 | 18:53:27 | INFO | [32m[2019-12-14 18:53:27 DEBUG	vault_processor][39m\nCustID: 274380001044779
Name: ALMALEKI
TradeChannel: HFS Small T.G.
hash: b7e6480b18de555838b8a81b656651acc7f71b440ee0b63ce4b1a1adcc023527
2019/12/14 | 18:53:27 | INFO | [32m[2019-12-14 18:53:27 DEBUG	vault_processor][39m\nCustID: 274380001045105
Name: ALKHALDIAH ALMARKAZI
TradeChannel: HFS Small T.G.
hash: 9ed1d5d9da25525e8647821ba332489f20a62f5bc45dbb082d97f332b7d528c3
2019/12/14 | 18:53:27 | INFO | [32m[2019-12-14 18:53:27 DEBUG	vault_processor][39m\nCustID: 274380001045125
Name: QEMAT ALKADRA CENTER
TradeChannel: HFS Small T.G.
hash: faf746062631491e4ace366b2b674ce2f72d796567d033139ab49b462bb56cc7
2019/12/14 | 18:53:27 | INFO | [32m[2019-12-14 18:53:27 DEBUG	vault_processor][39m\nCustID: 274380001045121
Name: ALNOUR
TradeChannel: HFS Small T.G.
hash: c758845a5d277f32d52a9050224f5a2ba9935ffbe642aae0b51ae2b047805500
2019/12/14 | 18:53:27 | INFO | [32m[2019-12-14 18:53:27 DEBUG	vault_processor][39m\nCustID: 274380001045144
Name: ALMASEEF
TradeChannel: HFS Small T.G.
hash: 61eefd831ddbc282dab7f2d973644b99fe24793a0757b4ee3c0e815cd26ebde3
2019/12/14 | 18:53:27 | INFO | [32m[2019-12-14 18:53:27 DEBUG	vault_processor][39m\nCustID: 274380001046018
Name: ZEYAD
TradeChannel: HFS Small T.G.
hash: 3b6a4e99fe9042971bf41b57dd11bca460b5497fad61dbaf70ef22c53e024e9b
2019/12/14 | 18:53:27 | INFO | [32m[2019-12-14 18:53:27 DEBUG	vault_processor][39m\nCustID: 274380001045908
Name: ALASEMI MARKET
TradeChannel: HFS Small T.G.
hash: de6084195f3c4a3bf7ba112a5cf85177155bf7d0660e4e91280d98cbca208265
2019/12/14 | 18:53:27 | INFO | [32m[2019-12-14 18:53:27 DEBUG	vault_processor][39m\nCustID: 274380001046027
Name: AL SOLTAN
TradeChannel: HFS Small T.G.
hash: a0c32652f594dbdc64c00a56cde1b760d3bedefa0663cbfd69bf856691278732
2019/12/14 | 18:53:27 | INFO | [32m[2019-12-14 18:53:27 DEBUG	vault_processor][39m\nCustID: 274380001045870
Name: ALJOUD GROCERY
TradeChannel: HFS Small T.G.
hash: 9ba8a83349db6f6d94225efdbf0c0fa26c618fca977ac8d294793e7323070ca4
2019/12/14 | 18:53:27 | INFO | [32m[2019-12-14 18:53:27 DEBUG	vault_processor][39m\nCustID: 274380001045837
Name: ALKHASHEM STATION
TradeChannel: HFS Small T.G.
hash: 46ed6ad85e6ec449995438c6fa0e0360e3dffe012a73c8fd256a718eb869d252
2019/12/14 | 18:53:27 | INFO | [32m[2019-12-14 18:53:27 DEBUG	vault_processor][39m\nCustID: 274380001046236
Name: ALABDULLAH
TradeChannel: HFS Small T.G.
hash: 363c0d024556f2c4f562ae621163f75312310a3123d6e0c748048c781bc02ee8
2019/12/14 | 18:53:27 | INFO | [32m[2019-12-14 18:53:27 DEBUG	vault_processor][39m\nCustID: 274380001045863
Name: MARMAR 2
TradeChannel: HFS Small T.G.
hash: 51ad174e0b076d000b2c5a78e72728ba5dfbcdf806c574da79688d07b124251d
2019/12/14 | 18:53:27 | INFO | [32m[2019-12-14 18:53:27 DEBUG	vault_processor][39m\nCustID: 274380001045866
Name: SOUQ ALKHURAIS
TradeChannel: HFS Small T.G.
hash: 12be75a6b9b09a4fcb4a6b4975be9673d6bb3b2d90d67a0e679223afac9041f8
2019/12/14 | 18:53:27 | INFO | [32m[2019-12-14 18:53:27 DEBUG	vault_processor][39m\nCustID: 274380001046391
Name: ALAMIRAH
TradeChannel: HFS Small T.G.
hash: 272fa68b49d9cdfd11a70dc456b3c02992a1f8a59af460c5cb14971d237d084d
2019/12/14 | 18:53:27 | INFO | [32m[2019-12-14 18:53:27 DEBUG	vault_processor][39m\nCustID: 274380001046932
Name: DAR ALJAZEERA
TradeChannel: HFS Small T.G.
hash: 07a21411d07d050523915754120bef73ee28745e828818fef9da60d6bba95540
2019/12/14 | 18:53:27 | INFO | [32m[2019-12-14 18:53:27 DEBUG	vault_processor][39m\nCustID: 274380001045066
Name: ALHAMADI STORE
TradeChannel: HFS Small T.G.
hash: 03c41753a906eb112262abdd989a40799b7f8c0836c08e8b4f74e92f28297161
2019/12/14 | 18:53:27 | INFO | [32m[2019-12-14 18:53:27 DEBUG	vault_processor][39m\nCustID: 274380001045133
Name: ALKHOZAMA
TradeChannel: HFS Small T.G.
hash: 6e802707a56899ea7c2f11ada651257b3072bc768d277ad8ebe215b6175e4ba2
2019/12/14 | 18:53:27 | INFO | [32m[2019-12-14 18:53:27 DEBUG	vault_processor][39m\nCustID: 274380001047120
Name: SUPERMARKET ALJANOUB
TradeChannel: HFS Small T.G.
hash: 7736d4b78b554cce2e8ca82a8b0a2532974a22ecf7ebb4ba4036e1e5a4205456
2019/12/14 | 18:53:27 | INFO | [32m[2019-12-14 18:53:27 DEBUG	vault_processor][39m\nCustID: 274380001047121
Name: ALHARAMIN
TradeChannel: HFS Small T.G.
hash: 0d5cc4660bce8834623400d0e4b5f00907439e68dd25af17d7ac6407899b3ae9
2019/12/14 | 18:53:27 | INFO | [32m[2019-12-14 18:53:27 DEBUG	vault_processor][39m\nCustID: 274380001047129
Name: ALAJAM
TradeChannel: HFS Small T.G.
hash: d3fd53a7d36721622f06004f9328d84a939bafb0310ec424de5bd9dbae36eaeb
2019/12/14 | 18:53:27 | INFO | [32m[2019-12-14 18:53:27 DEBUG	vault_processor][39m\nCustID: 274380001047134
Name: ALTAWASHI 1
TradeChannel: HFS Small T.G.
hash: b4cfc6dacfda7cf396031efb5f0b234e8eba94ac6685c7f1fe5bd22046ee5f1e
2019/12/14 | 18:53:27 | INFO | [32m[2019-12-14 18:53:27 DEBUG	vault_processor][39m\nCustID: 274380001047135
Name: ALMANAR
TradeChannel: HFS Small T.G.
hash: f327f9476264a60222cea111028ed13e0e17dd7f25de8b2365cfae8ed46983e6
2019/12/14 | 18:53:27 | INFO | [32m[2019-12-14 18:53:27 DEBUG	vault_processor][39m\nCustID: 274380001047170
Name: ALAHLIAH
TradeChannel: HFS Small T.G.
hash: 775c283a7e0c16be4d80c035bf38cdfd0c05169ecd08390712715add5886bc6f
2019/12/14 | 18:53:27 | INFO | [32m[2019-12-14 18:53:27 DEBUG	vault_processor][39m\nCustID: 274380001047502
Name: KADI
TradeChannel: HFS Small T.G.
hash: 9e2cc04e8d22ea19129b467000466f5524755354c5ee3109cab8f8bb9ec9f0f8
2019/12/14 | 18:53:27 | INFO | [32m[2019-12-14 18:53:27 DEBUG	vault_processor][39m\nCustID: 274380001047585
Name: AFRAH ALBADR
TradeChannel: HFS Small T.G.
hash: d524641bc44fb613d87623a05694098453e4525605a77770150944bf4029de2b
2019/12/14 | 18:53:27 | INFO | [32m[2019-12-14 18:53:27 DEBUG	vault_processor][39m\nCustID: 274380001047624
Name: ALESHRAQ
TradeChannel: HFS Small T.G.
hash: ae2735b14f4159cb9ec13bb257043f8f9b9ab9a6f9765552a4469a566add17b7
2019/12/14 | 18:53:27 | INFO | [32m[2019-12-14 18:53:27 DEBUG	vault_processor][39m\nCustID: 274380001048029
Name: ABUMAJED 3
TradeChannel: HFS Small T.G.
hash: 99496680eaccd5cf1d52f479b46cdbc94a9ea1e9a759c2522f02ea942ba220d3
2019/12/14 | 18:53:27 | INFO | [32m[2019-12-14 18:53:27 DEBUG	vault_processor][39m\nCustID: 274380001048063
Name: ALMADEENA
TradeChannel: HFS Small T.G.
hash: ddec5a579631f1298068084d7c637e5555be134118807582eb8d375bf670db64
2019/12/14 | 18:53:27 | INFO | [32m[2019-12-14 18:53:27 DEBUG	vault_processor][39m\nCustID: 274380001048064
Name: SABIYA ALJADEED
TradeChannel: HFS Small T.G.
hash: 908dac3a7336ff305eb10c0876b8a7019d31a06a067f503460c25e869d3f3d5c
Continuing to vault_processor.1576349607323.log
