******************************************************************************************
**
** Perfect Logger Logging System
** Application Version          : 1.0
** Perfect-Logger Version       : 1.5.2
** Application Start Time (UTC) : 18:40:00 2019/12/14
**
** Copyright 2018 Team whileLOOP
**
******************************************************************************************
**
** Log Number               : #44
** Continuing from Log File : vault_processor.1576348972303.log
** Log Start Time (UTC)     : 18:42:52 2019/12/14
**
******************************************************************************************
2019/12/14 | 18:42:52 | INFO | [32m[2019-12-14 18:42:52 DEBUG	vault_processor][39m\nCustID: 274380001045086
Name: ALTAMWIN ALMANZILI
TradeChannel: HFS Small T.G.
hash: 5cd26263cf1958efc8809074cd15ad18b0ba3a63cf9e821fc846d2316f4d6a55
2019/12/14 | 18:42:52 | INFO | [32m[2019-12-14 18:42:52 DEBUG	vault_processor][39m\nCustID: 274380001045518
Name: ALAHQAF
TradeChannel: HFS Small T.G.
hash: 2b0b99b7d59edf71028dcd0d4ad6f94259c5088b8cddda7dacd441c3f1a69b55
2019/12/14 | 18:42:52 | INFO | [32m[2019-12-14 18:42:52 DEBUG	vault_processor][39m\nCustID: 274380001045711
Name: markaz w makbaz ATYAF Madinah lltasweq
TradeChannel: HFS Small T.G.
hash: fddfe5402e429f9020b12209a24ee74978ea141b2674b810d2d732f9383d528b
2019/12/14 | 18:42:52 | INFO | [32m[2019-12-14 18:42:52 DEBUG	vault_processor][39m\nCustID: 274380001068258
Name: souaq alemtyaaz
TradeChannel: HFS Small T.G.
hash: 5c3002572cfaa57765ec0670a409421b46a492f529748e17e820d77d7cb78c73
2019/12/14 | 18:42:52 | INFO | [32m[2019-12-14 18:42:52 DEBUG	vault_processor][39m\nCustID: 274380001069842
Name: MAREAM ALSAMET CENTER TO SHOP
TradeChannel: HFS Small T.G.
hash: 90e27ba0c9c82e5545f38d6ef85a4a48e6d4676cb63128fb584d572affb4c0ec
2019/12/14 | 18:42:52 | INFO | [32m[2019-12-14 18:42:52 DEBUG	vault_processor][39m\nCustID: 274380001070099
Name: Al Abrar Al Zahbiya To Food
TradeChannel: HFS Small T.G.
hash: 9cdff01924b33dee40ad9f8ad3c6c11d67838f1aeb03cdac8043dfc33682de99
2019/12/14 | 18:42:52 | INFO | [32m[2019-12-14 18:42:52 DEBUG	vault_processor][39m\nCustID: 274380001053315
Name: ISLAM PHARMACY
TradeChannel: RVO Pharma
hash: ae2dfa2d86f5b7dd8af37db0bd6b1712456498f2cd7b2ae8ca9ab4447d0376da
2019/12/14 | 18:42:52 | INFO | [32m[2019-12-14 18:42:52 DEBUG	vault_processor][39m\nCustID: 274380001054395
Name: ALMOSAED STORES
TradeChannel: HFS Small T.G.
hash: 6533ab8a9af963d6dc18a14130204c6ff375473034a126f7439a074a28491cb0
2019/12/14 | 18:42:52 | INFO | [32m[2019-12-14 18:42:52 DEBUG	vault_processor][39m\nCustID: 274380001054232
Name: RABWH ALSAMR/ T
TradeChannel: HFS Small T.G.
hash: 17bcb8a776e73737a4fdd3ea7626d22c6b0376a7e96cf6352755b40b9534345e
2019/12/14 | 18:42:52 | INFO | [32m[2019-12-14 18:42:52 DEBUG	vault_processor][39m\nCustID: 274380001071455
Name: Tamoinat Saleh
TradeChannel: HFS Small T.G.
hash: cafa851867c117ca37248b3bd7588062906962954ba541ad8acd0646a9404ca2
2019/12/14 | 18:42:52 | INFO | [32m[2019-12-14 18:42:52 DEBUG	vault_processor][39m\nCustID: 274380001074509
Name: Almhrjan
TradeChannel: HFS Small T.G.
hash: 6ace64b91b4b8681082b2a1760f91e1e5bda9de24795fd07e3cc2afe7ff8a020
2019/12/14 | 18:42:52 | INFO | [32m[2019-12-14 18:42:52 DEBUG	vault_processor][39m\nCustID: 274380001076615
Name: Fedea ganaem Hmad Al Atawi
TradeChannel: HFS Small T.G.
hash: 10405684543cd727a796fc45591cbee3444d48ca55e44ae0f480a1280864a22f
2019/12/14 | 18:42:52 | INFO | [32m[2019-12-14 18:42:52 DEBUG	vault_processor][39m\nCustID: 274380001078905
Name: Hasan Saeed Al Manhaly
TradeChannel: HFS Small T.G.
hash: ef1b4ed89ee1f2e5693fc0a6303c0e831a969e5038fa8e569e4ac4359be31b75
2019/12/14 | 18:42:52 | INFO | [32m[2019-12-14 18:42:52 DEBUG	vault_processor][39m\nCustID: 274380001045993
Name: ALGHADEER
TradeChannel: HFS Small T.G.
hash: 707474964f5dfb35b44050707e024472539af3fd17c44662786c05188a637b8a
2019/12/14 | 18:42:52 | INFO | [32m[2019-12-14 18:42:52 DEBUG	vault_processor][39m\nCustID: 274380001046291
Name: ALKHAIR
TradeChannel: HFS Small T.G.
hash: fa70dc2f519248ed037eeb69eba1c15fec06cafbcb6f4b56636c1a2adf282ecc
2019/12/14 | 18:42:52 | INFO | [32m[2019-12-14 18:42:52 DEBUG	vault_processor][39m\nCustID: 274380001046392
Name: ALOJAIL
TradeChannel: HFS Small T.G.
hash: 5ffade9616c7982987f1902afe01364fe1a0a7b2e047b20885288d297680a5f7
2019/12/14 | 18:42:52 | INFO | [32m[2019-12-14 18:42:52 DEBUG	vault_processor][39m\nCustID: 274380001046625
Name: ALNEMAH
TradeChannel: HFS Small T.G.
hash: 49abd72ba9f753e611e9f0d873f330f20fed6d20e674c06f8dba01750b81ecc5
2019/12/14 | 18:42:52 | INFO | [32m[2019-12-14 18:42:52 DEBUG	vault_processor][39m\nCustID: 274380001046809
Name: ZAD
TradeChannel: HFS Small T.G.
hash: dab67ede489febdf66d61d2428f0b6fd8fbb45a727b16ba499bf5df9411e6351
2019/12/14 | 18:42:52 | INFO | [32m[2019-12-14 18:42:52 DEBUG	vault_processor][39m\nCustID: 274380001048118
Name: AL JAZEERA
TradeChannel: HFS Small T.G.
hash: 64a5dd46aa7bdc4dc9097d1bef6cb9e9094b8cecfda5b378a0a7a3f58b320a28
2019/12/14 | 18:42:52 | INFO | [32m[2019-12-14 18:42:52 DEBUG	vault_processor][39m\nCustID: 274380001048158
Name: ALBADER STORE
TradeChannel: HFS Small T.G.
hash: e39908f5da17f3c330ff8d1b2af43abf1c1097e070dd9301c242e0f44222682e
2019/12/14 | 18:42:52 | INFO | [32m[2019-12-14 18:42:52 DEBUG	vault_processor][39m\nCustID: 274380001048196
Name: ALEKHWAN
TradeChannel: HFS Small T.G.
hash: 17755f7cb6e1db2aa65b03b72fd85a5419260dc46710c39da7eaff41301967ae
2019/12/14 | 18:42:52 | INFO | [32m[2019-12-14 18:42:52 DEBUG	vault_processor][39m\nCustID: 274380001048225
Name: MESHAL
TradeChannel: HFS Small T.G.
hash: 0f9cef452a27e4dd0cc457df803dd75bc4d32b08224f33c70883ab9fdf3bb23a
2019/12/14 | 18:42:52 | INFO | [32m[2019-12-14 18:42:52 DEBUG	vault_processor][39m\nCustID: 274380001048228
Name: MANAMAH
TradeChannel: HFS Small T.G.
hash: 8ae7204d124b2f24fd71cf92505570a5dac06ab9d38316c2b1a02ea155a42643
2019/12/14 | 18:42:52 | INFO | [32m[2019-12-14 18:42:52 DEBUG	vault_processor][39m\nCustID: 274380001048335
Name: ABDALLAH
TradeChannel: HFS Small T.G.
hash: 7aca4a8457c82f21520c669a18b4d8ddee4d56742096b13f6fec2b63a0e1154f
2019/12/14 | 18:42:52 | INFO | [32m[2019-12-14 18:42:52 DEBUG	vault_processor][39m\nCustID: 274380001048423
Name: ALARABAH
TradeChannel: HFS Small T.G.
hash: ef3811c8dae0c47de2a46107738f7b8850b12d2aca93e59b87e932824aa6a17b
2019/12/14 | 18:42:52 | INFO | [32m[2019-12-14 18:42:52 DEBUG	vault_processor][39m\nCustID: 274380001048500
Name: ALSAFINAH ALMARKAZIAH
TradeChannel: HFS Small T.G.
hash: 0159277b86e9dc15e15d1728569fb6ecf6e7018f5c36cc2bf7bec6f86564fdfd
2019/12/14 | 18:42:52 | INFO | [32m[2019-12-14 18:42:52 DEBUG	vault_processor][39m\nCustID: 274380001048502
Name: HAJATI STORE
TradeChannel: HFS Small T.G.
hash: 54fb19046584d0866248de068dc67f570fd59826e9d08bf2a6e32b6124de70b2
2019/12/14 | 18:42:52 | INFO | [32m[2019-12-14 18:42:52 DEBUG	vault_processor][39m\nCustID: 274380001048567
Name: ALMUTLAQ
TradeChannel: HFS Small T.G.
hash: 516d0e141b361ee959fcde7a109b0e8936c70369bea74e805c63461a6630c345
2019/12/14 | 18:42:52 | INFO | [32m[2019-12-14 18:42:52 DEBUG	vault_processor][39m\nCustID: 274380001048626
Name: KHAIBAR
TradeChannel: HFS Small T.G.
hash: 08a117447c808ffff9d834c35e8fdf7466177e40f1deb8e4e2930f7d24ecf2cd
2019/12/14 | 18:42:52 | INFO | [32m[2019-12-14 18:42:52 DEBUG	vault_processor][39m\nCustID: 274380001048762
Name: ALJAZAAR
TradeChannel: HFS Small T.G.
hash: d353f542d7f32a71e50f8a597bb7c4985c17c3fdfb33cbc22bf61ab92c469937
2019/12/14 | 18:42:52 | INFO | [32m[2019-12-14 18:42:52 DEBUG	vault_processor][39m\nCustID: 274380001048933
Name: BALKHAIR
TradeChannel: HFS Small T.G.
hash: 892e890056e255cdea30df1c6330737cf67df07e69251733fdf06e9df8f09b24
2019/12/14 | 18:42:52 | INFO | [32m[2019-12-14 18:42:52 DEBUG	vault_processor][39m\nCustID: 274380001049234
Name: ALBADEEH
TradeChannel: HFS Small T.G.
hash: 8308c520247cc757dbb08408a90422813810d4af3ecc8ba5e77df89572dd60f0
2019/12/14 | 18:42:52 | INFO | [32m[2019-12-14 18:42:52 DEBUG	vault_processor][39m\nCustID: 274380001075189
Name: Dorrat Alariaf
TradeChannel: HFS Small T.G.
hash: 2577ef0f0763c8712024609efaa3d1081fce8bddcbcbb32eb72ad27eae381648
2019/12/14 | 18:42:52 | INFO | [32m[2019-12-14 18:42:52 DEBUG	vault_processor][39m\nCustID: 274380001077371
Name: Thamood PH
TradeChannel: RVO Pharma
hash: 32ce258f5aaad4524c2ea102786a7c9c161579df9828cda71c3576a48ca655e6
2019/12/14 | 18:42:52 | INFO | [32m[2019-12-14 18:42:52 DEBUG	vault_processor][39m\nCustID: 274380001080408
Name: N/A
TradeChannel: HFS Small T.G.
hash: abe4065c6b7706406e6b1ba141c9ae556d9d3a1d9caada6c8ba73153dd911ab7
2019/12/14 | 18:42:52 | INFO | [32m[2019-12-14 18:42:52 DEBUG	vault_processor][39m\nCustID: 274380001049318
Name: ALJAZEERAH
TradeChannel: HFS Small T.G.
hash: 94d3c01793bb773b237c3fa1f10accc2b010f8d3b018f52c9d209fa10ed42dfb
2019/12/14 | 18:42:52 | INFO | [32m[2019-12-14 18:42:52 DEBUG	vault_processor][39m\nCustID: 274380001049332
Name: ALSAKHRAH
TradeChannel: HFS Small T.G.
hash: 03372afc58cee5be0192e736d5059eae47ef17ea905c93e3fd22ed0d92328193
2019/12/14 | 18:42:52 | INFO | [32m[2019-12-14 18:42:52 DEBUG	vault_processor][39m\nCustID: 274380001049361
Name: ALHADAF
TradeChannel: HFS Small T.G.
hash: 3fa7a37280d6726c8ac6a4d5867c648a6c7b520dbe11b6c31c529c6d397172d2
2019/12/14 | 18:42:52 | INFO | [32m[2019-12-14 18:42:52 DEBUG	vault_processor][39m\nCustID: 274380001049601
Name: LuLu Saudi Company Hypermarke
TradeChannel: National Accounts
hash: 752f1a1e6ec59db8c3450b43f43aee5535114882f10393432764c3764317d522
2019/12/14 | 18:42:52 | INFO | [32m[2019-12-14 18:42:52 DEBUG	vault_processor][39m\nCustID: 274380001049779
Name: ALEMAD STORES
TradeChannel: HFS Small T.G.
hash: b477488c6e203e3de1cfdfb387896514823cfdbefe34ab873fb7b32e1ec6e256
2019/12/14 | 18:42:52 | INFO | [32m[2019-12-14 18:42:52 DEBUG	vault_processor][39m\nCustID: 274380001049793
Name: ALSHARQEIAH
TradeChannel: HFS Small T.G.
hash: d7fcb91dbd78895683b6eceeb5a35b58795db3d2528fc2f2cdf78ce0a7f56a35
2019/12/14 | 18:42:52 | INFO | [32m[2019-12-14 18:42:52 DEBUG	vault_processor][39m\nCustID: 274380001068287
Name: tmweenat alkwkab
TradeChannel: HFS Small T.G.
hash: e12a987bdeaa0c77eaa59dbaa807c8363a010381992c9abb81305fd43760aa70
2019/12/14 | 18:42:52 | INFO | [32m[2019-12-14 18:42:52 DEBUG	vault_processor][39m\nCustID: 274380001057651
Name: ALOFOQ
TradeChannel: HFS Small T.G.
hash: 3663a7a76d28a0b0c4a7f8b6d1271b70f591e3c51da82d50df1eb90a0ddcbf13
2019/12/14 | 18:42:52 | INFO | [32m[2019-12-14 18:42:52 DEBUG	vault_processor][39m\nCustID: 274380001059347
Name: ALTOHAMI
TradeChannel: HFS Small T.G.
hash: 1fa53a9294e92ebca902f94b1de462f790f844ea85ed5d00c2d79ee27bf8abfe
2019/12/14 | 18:42:52 | INFO | [32m[2019-12-14 18:42:52 DEBUG	vault_processor][39m\nCustID: 274380001047831
Name: ALYAMAMAH
TradeChannel: HFS Small T.G.
hash: f36561a6ddf5e42cc7041c9dc5b5acbe3080274c66937455b35fb03f526cc32a
Continuing to vault_processor.1576348972724.log
