2019/12/14 | 18:54:02 | INFO | [32m[2019-12-14 18:54:02 DEBUG	vault_processor][39m\nCustID: 274380001051164
Name: ALZAMIL
TradeChannel: HFS Small T.G.
hash: 6fe5dcfbae735f172c3e91363c82d3e95d7e7a7887ff53081a1ff36bc29b997b
******************************************************************************************
**
** Perfect Logger Logging System
** Application Version          : 1.0
** Perfect-Logger Version       : 1.5.2
** Application Start Time (UTC) : 18:49:52 2019/12/14
**
** Copyright 2018 Team whileLOOP
**
******************************************************************************************
**
** Log Number               : #28
** Continuing from Log File : vault_processor.1576349642246.log
** Log Start Time (UTC)     : 18:54:02 2019/12/14
**
******************************************************************************************
2019/12/14 | 18:54:02 | INFO | [32m[2019-12-14 18:54:02 DEBUG	vault_processor][39m\nCustID: 274380001051180
Name: KANARY
TradeChannel: HFS Small T.G.
hash: 0e0d2c82795c34e8cb9744e8becd269435693cb4aa5ced8214aac116c20e1bd1
2019/12/14 | 18:54:02 | INFO | [32m[2019-12-14 18:54:02 DEBUG	vault_processor][39m\nCustID: 274380001052423
Name: SALAT ALDAKHEEL
TradeChannel: HFS Small T.G.
hash: 1ea1ad6fecae5f8183e6ff9b37bab90b44f6e030ce82fb2a43e7b27249358678
2019/12/14 | 18:54:02 | INFO | [32m[2019-12-14 18:54:02 DEBUG	vault_processor][39m\nCustID: 274380001052685
Name: DORAT RAKAN STORES
TradeChannel: HFS Small T.G.
hash: a8df3d8f01f635a4f9caffaa2632a50d7765f6af4c2d2c86456c24acd697101e
2019/12/14 | 18:54:02 | INFO | [32m[2019-12-14 18:54:02 DEBUG	vault_processor][39m\nCustID: 274380001048162
Name: TAMWINAT BAMBER
TradeChannel: HFS Small T.G.
hash: d0af9b2cb87aeefc713082c1b481efa93b23d50246d42699de5c6c86a624ef7e
2019/12/14 | 18:54:02 | INFO | [32m[2019-12-14 18:54:02 DEBUG	vault_processor][39m\nCustID: 274380001048517
Name: SALEM
TradeChannel: HFS Small T.G.
hash: 18be50a65ca3606721c6ad17dd540671946875bb1c11eaaadf5d0a51353e942e
2019/12/14 | 18:54:02 | INFO | [32m[2019-12-14 18:54:02 DEBUG	vault_processor][39m\nCustID: 274380001048718
Name: BAQALAT ALMHARJAN
TradeChannel: HFS Small T.G.
hash: fb2534bcd41b37c210361f6a715156c7ab7fd83b4d4491086c121b568720e57e
2019/12/14 | 18:54:02 | INFO | [32m[2019-12-14 18:54:02 DEBUG	vault_processor][39m\nCustID: 274380001069216
Name: adan
TradeChannel: HFS Small T.G.
hash: 88fd8305ef4bc644f178aca76065616500b223c4238a5377f1eb93ff5ecd0fd6
2019/12/14 | 18:54:02 | INFO | [32m[2019-12-14 18:54:02 DEBUG	vault_processor][39m\nCustID: 274380001053101
Name: AL MADENAH 1
TradeChannel: HFS Small T.G.
hash: 80b3ecbd5fd4a2016763cb85d13c59b9246184208823b7edd9148f38e012c567
2019/12/14 | 18:54:02 | INFO | [32m[2019-12-14 18:54:02 DEBUG	vault_processor][39m\nCustID: 274380001053113
Name: ALZAIN
TradeChannel: HFS Small T.G.
hash: 5b61e1991847ff191434a3a0041e3e3218492d0d81cd7f48e90f2838ce189bcd
2019/12/14 | 18:54:02 | INFO | [32m[2019-12-14 18:54:02 DEBUG	vault_processor][39m\nCustID: 274380001053163
Name: MINI MARKET
TradeChannel: HFS Small T.G.
hash: ef647e9ef74a05b3f0af3b66c5f31d9fdc80f3d4ca06e61c7ce2494bebb94103
2019/12/14 | 18:54:02 | INFO | [32m[2019-12-14 18:54:02 DEBUG	vault_processor][39m\nCustID: 274380001053169
Name: ALAGOAD
TradeChannel: HFS Small T.G.
hash: 80696a06c40c68d69c5739e07d07f1e5fbf46b40b1cf94a02878679c94aebd59
2019/12/14 | 18:54:02 | INFO | [32m[2019-12-14 18:54:02 DEBUG	vault_processor][39m\nCustID: 274380001053255
Name: TMWENAT AL KAYRAT
TradeChannel: HFS Small T.G.
hash: e74d6b00f5757c3d05767f9e95681c4e730fb0b4d55e28172e22a720260b0edd
2019/12/14 | 18:54:02 | INFO | [32m[2019-12-14 18:54:02 DEBUG	vault_processor][39m\nCustID: 274380001053438
Name: ALMOKHTARAH PHARMACY
TradeChannel: RVO Pharma
hash: c0425e8b9abe84175af6928ad298bc9312b1d81beaa0e01d745cff012ef75801
2019/12/14 | 18:54:02 | INFO | [32m[2019-12-14 18:54:02 DEBUG	vault_processor][39m\nCustID: 274380001069563
Name: Zuhair Badrani
TradeChannel: HFS Small T.G.
hash: 7ed9dbcc34e34915fb288618e5c8f8fd5b71869e7c3ce64eef70c18a27d4d5b0
2019/12/14 | 18:54:02 | INFO | [32m[2019-12-14 18:54:02 DEBUG	vault_processor][39m\nCustID: 274380001047337
Name: ALNAZAWI
TradeChannel: Self Service T.G
hash: 7f192f84a7d5f45829be87fe373534e402f632c2f951f9239a0aeba5547c9c13
2019/12/14 | 18:54:02 | INFO | [32m[2019-12-14 18:54:02 DEBUG	vault_processor][39m\nCustID: 274380001047486
Name: ALFAROQE
TradeChannel: HFS Small T.G.
hash: 51f6684f192cc2367a4d36c135984871c6a8538c40b24052ba43785075a0ae1c
2019/12/14 | 18:54:02 | INFO | [32m[2019-12-14 18:54:02 DEBUG	vault_processor][39m\nCustID: 274380001047944
Name: TAMWEENAT SHAQRAA
TradeChannel: HFS Small T.G.
hash: a239d7979135c262973a27287bf818cc4cfde9ff3195babad9cb70cb1b906e2e
2019/12/14 | 18:54:02 | INFO | [32m[2019-12-14 18:54:02 DEBUG	vault_processor][39m\nCustID: 274380001049018
Name: HANE STORE
TradeChannel: HFS Small T.G.
hash: 5eac2f906eb80d1f41d9c6e636c30c222e0bf54bb172a3a28161bdf15791d3e4
2019/12/14 | 18:54:02 | INFO | [32m[2019-12-14 18:54:02 DEBUG	vault_processor][39m\nCustID: 274380001046848
Name: TALEES
TradeChannel: HFS Small T.G.
hash: d80cf29b0569c22162a5a896a063e511714d98358d9a01b901f5be3807c59c0a
2019/12/14 | 18:54:02 | INFO | [32m[2019-12-14 18:54:02 DEBUG	vault_processor][39m\nCustID: 274380001048574
Name: TAMWENATH ALALEEQA
TradeChannel: HFS Small T.G.
hash: 6618272a9366299822dfb335a223dfddfa358c5b6c26042f13ca76592be04ddb
2019/12/14 | 18:54:02 | INFO | [32m[2019-12-14 18:54:02 DEBUG	vault_processor][39m\nCustID: 274380001049306
Name: SAFAA
TradeChannel: HFS Small T.G.
hash: 6b1839ea49c6d44925805d1f39fa8383c0b2553d9866a36c9c682a87ec688b8a
2019/12/14 | 18:54:02 | INFO | [32m[2019-12-14 18:54:02 DEBUG	vault_processor][39m\nCustID: 274380001049383
Name: KHALID ALSEARY
TradeChannel: HFS Small T.G.
hash: e547880d69e1625e78163aa46b2c536ee3bc46049a390feee4b302a314fa75a4
2019/12/14 | 18:54:02 | INFO | [32m[2019-12-14 18:54:02 DEBUG	vault_processor][39m\nCustID: 274380001049601
Name: LuLu Saudi Company Hypermarke
TradeChannel: National Accounts
hash: 752f1a1e6ec59db8c3450b43f43aee5535114882f10393432764c3764317d522
2019/12/14 | 18:54:02 | INFO | [32m[2019-12-14 18:54:02 DEBUG	vault_processor][39m\nCustID: 274380001049880
Name: SAUDI 2
TradeChannel: HFS Small T.G.
hash: 52c608fe4133895c51b316a73467d057a3b600e0f116752a6c986b2ad506f0c0
2019/12/14 | 18:54:02 | INFO | [32m[2019-12-14 18:54:02 DEBUG	vault_processor][39m\nCustID: 274380001049953
Name: MOHAMMAD FAISAL
TradeChannel: HFS Small T.G.
hash: 90d5e8a33a382cb6b3ce300d072a353016cfb4d27b4eed035d0c8567347559d8
2019/12/14 | 18:54:02 | INFO | [32m[2019-12-14 18:54:02 DEBUG	vault_processor][39m\nCustID: 274380001049961
Name: MAJED SALEH
TradeChannel: HFS Small T.G.
hash: 6fe61b61422422f2cb9d82b6756d75a9093e9133ddaaf58e20127e85e72e7f73
2019/12/14 | 18:54:02 | INFO | [32m[2019-12-14 18:54:02 DEBUG	vault_processor][39m\nCustID: 274380001050104
Name: ALKHALEEJ STORE
TradeChannel: HFS Small T.G.
hash: 6922eccabae1d8d58a5ff9bf0058738e06087ed51fd98b43d8bbf6599da90073
2019/12/14 | 18:54:02 | INFO | [32m[2019-12-14 18:54:02 DEBUG	vault_processor][39m\nCustID: 274380001085332
Name: N/A
TradeChannel: RVO Pharma
hash: 07b12da0b5c9f7e3e523f1a6e474befc2f1f3839d9c740181ad602f5dbcab547
2019/12/14 | 18:54:02 | INFO | [32m[2019-12-14 18:54:02 DEBUG	vault_processor][39m\nCustID: 274380001054243
Name: ALAMAL GROCERY
TradeChannel: HFS Small T.G.
hash: 7df886746ae31ccf64aeaf64e7155f2f53b58f08a3696e5a9576175d28296639
2019/12/14 | 18:54:02 | INFO | [32m[2019-12-14 18:54:02 DEBUG	vault_processor][39m\nCustID: 274380001056040
Name: ALOLIAN
TradeChannel: HFS Small T.G.
hash: 830e82dc616ce221ce3da46ed04b07b26efcd243dad2030e939cff6c206f9041
2019/12/14 | 18:54:02 | INFO | [32m[2019-12-14 18:54:02 DEBUG	vault_processor][39m\nCustID: 274380001056043
Name: ALNOUR
TradeChannel: HFS Small T.G.
hash: 4433f2ba31a7c887f66d15783cb1d82e89a5839cc4c4cac815c245a2bdc55ca5
2019/12/14 | 18:54:02 | INFO | [32m[2019-12-14 18:54:02 DEBUG	vault_processor][39m\nCustID: 274380001056059
Name: ALARADEYAH
TradeChannel: HFS Small T.G.
hash: 8182342e1e1ff4830b0be8b2e54adcc90bfd572ee80e4855b7cbf370bc07875a
2019/12/14 | 18:54:02 | INFO | [32m[2019-12-14 18:54:02 DEBUG	vault_processor][39m\nCustID: 274380001056061
Name: ABU FAHAD
TradeChannel: HFS Small T.G.
hash: e9a9dc8aca7b52321b11fd5d6e1817129f64ead356c87cc4d7c1fc96bfd9367f
2019/12/14 | 18:54:02 | INFO | [32m[2019-12-14 18:54:02 DEBUG	vault_processor][39m\nCustID: 274380001056055
Name: ALDAHMI
TradeChannel: HFS Small T.G.
hash: 055c14d166438c90b2ad8aef4155dfb6205a639e5bfdac6a31f672cf5a678112
2019/12/14 | 18:54:02 | INFO | [32m[2019-12-14 18:54:02 DEBUG	vault_processor][39m\nCustID: 274380001049101
Name: FATIMA MEARI
TradeChannel: HFS Small T.G.
hash: c44363230752b76f37f42a86f0d5cb604d9fc4f8d96104a28ce53bf89d7d99c5
2019/12/14 | 18:54:02 | INFO | [32m[2019-12-14 18:54:02 DEBUG	vault_processor][39m\nCustID: 274380001049156
Name: ALHASSAN
TradeChannel: HFS Small T.G.
hash: e5daa4fe45d43306e3c456fe0019577245e425f35fc38d791302d51daadb318b
2019/12/14 | 18:54:02 | INFO | [32m[2019-12-14 18:54:02 DEBUG	vault_processor][39m\nCustID: 274380001049456
Name: ALI MASOOD ALZAHRANE
TradeChannel: HFS Small T.G.
hash: 964304c5465e510a29e534d58dd0082e5954f0f77911374bc7094ccd16747c01
2019/12/14 | 18:54:02 | INFO | [32m[2019-12-14 18:54:02 DEBUG	vault_processor][39m\nCustID: 274380001079591
Name: N/A
TradeChannel: HFS Small T.G.
hash: e63000392080c2976a283b1da3617f39fe66513d5257513f872e86045373391b
2019/12/14 | 18:54:02 | INFO | [32m[2019-12-14 18:54:02 DEBUG	vault_processor][39m\nCustID: 274380001050554
Name: MOHAMMAD ALAQEEL
TradeChannel: HFS Small T.G.
hash: fa5791af62af6255a1202e90e24286352c17a46ca7a4ff1ca96e4736631079ed
2019/12/14 | 18:54:02 | INFO | [32m[2019-12-14 18:54:02 DEBUG	vault_processor][39m\nCustID: 274380001050910
Name: SARAH STORES
TradeChannel: HFS Small T.G.
hash: 314a80adde76f053470750ad6124d5e413e7875a78e36e59f2a75a198c99701f
2019/12/14 | 18:54:02 | INFO | [32m[2019-12-14 18:54:02 DEBUG	vault_processor][39m\nCustID: 274380001050950
Name: ALMADINAH
TradeChannel: HFS Small T.G.
hash: 6a72cc443973ba17395ac7910ef607ec54923149578b7748ef4a3b06092c74e0
Continuing to vault_processor.1576349642697.log
