2019/12/14 | 18:43:02 | INFO | [32m[2019-12-14 18:43:02 DEBUG	vault_processor][39m\nCustID: 274380001044417
Name: MARKAZ AL-TAJ
TradeChannel: HFS Small T.G.
hash: bfe66550b5165186d8bf0f76f1e1380607936f0514aff42aa0151eb71e414aca
******************************************************************************************
**
** Perfect Logger Logging System
** Application Version          : 1.0
** Perfect-Logger Version       : 1.5.2
** Application Start Time (UTC) : 18:40:00 2019/12/14
**
** Copyright 2018 Team whileLOOP
**
******************************************************************************************
**
** Log Number               : #59
** Continuing from Log File : vault_processor.1576348982234.log
** Log Start Time (UTC)     : 18:43:02 2019/12/14
**
******************************************************************************************
2019/12/14 | 18:43:02 | INFO | [32m[2019-12-14 18:43:02 DEBUG	vault_processor][39m\nCustID: 274380001086651
Name: N/A
TradeChannel: HFS Small T.G.
hash: b20a27e0a21fd283e1990b271c8737a6262706eed3f02f6d5d59bf22055a2d74
2019/12/14 | 18:43:02 | INFO | [32m[2019-12-14 18:43:02 DEBUG	vault_processor][39m\nCustID: 274380001087855
Name: N/A
TradeChannel: HFS Small T.G.
hash: 8467fc764517dc105a35ae62853b040454c6ac76dc9b9a2cfdfdcb41f00b796b
2019/12/14 | 18:43:02 | INFO | [32m[2019-12-14 18:43:02 DEBUG	vault_processor][39m\nCustID: 274380001068536
Name: alWafa
TradeChannel: HFS Small T.G.
hash: 535caa42f37fa9e532567455b0a601b65308d98695231bc433fe0bda71269015
2019/12/14 | 18:43:02 | INFO | [32m[2019-12-14 18:43:02 DEBUG	vault_processor][39m\nCustID: 274380001068542
Name: tmwynat bin nmlan
TradeChannel: HFS Small T.G.
hash: 9c7d3b675fd255c4742d3d098adea911aed9813ad48106b523efb443e1303ff8
2019/12/14 | 18:43:02 | INFO | [32m[2019-12-14 18:43:02 DEBUG	vault_processor][39m\nCustID: 274380001068729
Name: Odwan Mohammad Fares El-Ahmari
TradeChannel: HFS Small T.G.
hash: 7c71d0dd1ff086ecf8c201c9f889781815e12383005f1a7176bd3918b6ff8138
2019/12/14 | 18:43:02 | INFO | [32m[2019-12-14 18:43:02 DEBUG	vault_processor][39m\nCustID: 274380001069069
Name: Center ras tnorah
TradeChannel: HFS Small T.G.
hash: e1cfda8dc85e8406106119c3ce84033660368fed5fc9efac3a2a3780673290af
2019/12/14 | 18:43:02 | INFO | [32m[2019-12-14 18:43:02 DEBUG	vault_processor][39m\nCustID: 274380001069160
Name: Layala Sanaid Marzooaq Alharabai
TradeChannel: HFS Small T.G.
hash: 86de039429aed2fd2ff605e68f32f4bbc9119fb5f4038dc5dbeb8b7f448a5793
2019/12/14 | 18:43:02 | INFO | [32m[2019-12-14 18:43:02 DEBUG	vault_processor][39m\nCustID: 274380001069527
Name: Al Sadhan Trading Company
TradeChannel: MT Tier 1
hash: 3b688dc306c3ccba8648e0878bb82a0c5bd30be249f86ed02fcb498a83da744f
2019/12/14 | 18:43:02 | INFO | [32m[2019-12-14 18:43:02 DEBUG	vault_processor][39m\nCustID: 274380001069738
Name: WEJDAN
TradeChannel: HFS Small T.G.
hash: bd3dc89a3f77b3ccfb4122214ac1a65c183482f47ec560f5bcb2e7f95b8af15b
2019/12/14 | 18:43:02 | INFO | [32m[2019-12-14 18:43:02 DEBUG	vault_processor][39m\nCustID: 274380001069762
Name: hayat
TradeChannel: HFS Small T.G.
hash: 5162edfe9e8f395fef9ee20bf4cceee4ffc8e49af19cecf84ee69d81c6070c79
2019/12/14 | 18:43:02 | INFO | [32m[2019-12-14 18:43:02 DEBUG	vault_processor][39m\nCustID: 274380001069857
Name:  EST.Noor ALKHUZAMY  ALTEGAREYA
TradeChannel: HFS Small T.G.
hash: 3da1c78b575bc78286f4b2b73a64ff579406e928084a11074680da050fdbc3b5
2019/12/14 | 18:43:02 | INFO | [32m[2019-12-14 18:43:02 DEBUG	vault_processor][39m\nCustID: 274380001070744
Name: Center Noor state
TradeChannel: HFS Small T.G.
hash: 6a9533b9c4ac00e2484322f86012656273aef324441b89de78fda97c045fc17f
2019/12/14 | 18:43:02 | INFO | [32m[2019-12-14 18:43:02 DEBUG	vault_processor][39m\nCustID: 274380001070834
Name: AL RAY SUPERMARKET
TradeChannel: HFS Small T.G.
hash: 6dd66a63af09ad96634553e6e6162fc95cd7bc9b4beb89e37736b50ddeb4f584
2019/12/14 | 18:43:02 | INFO | [32m[2019-12-14 18:43:02 DEBUG	vault_processor][39m\nCustID: 274380001053086
Name: KHAIBAR
TradeChannel: HFS Small T.G.
hash: 0232e96952972eaada463537d5a4f450e78121b2ac8a2d90f3767f41723e527d
2019/12/14 | 18:43:02 | INFO | [32m[2019-12-14 18:43:02 DEBUG	vault_processor][39m\nCustID: 274380001053193
Name: ALAMEIN
TradeChannel: HFS Small T.G.
hash: 678b1dd171696140f8e39e1ec9bf19b85b421fc55205d33efa6008e77a110dba
2019/12/14 | 18:43:02 | INFO | [32m[2019-12-14 18:43:02 DEBUG	vault_processor][39m\nCustID: 274380001063685
Name: ALHADAF
TradeChannel: HFS Small T.G.
hash: 54029abafe940e7bff8916b25a8dd91915fd7d8d3bf48b069ea2a9d066f15906
2019/12/14 | 18:43:02 | INFO | [32m[2019-12-14 18:43:02 DEBUG	vault_processor][39m\nCustID: 274380001063817
Name: DERATI
TradeChannel: HFS Small T.G.
hash: 4f8fcbd1145d6a18a12f8527e91456184b3d5bd9280538e26a0fdb911d1317ef
2019/12/14 | 18:43:02 | INFO | [32m[2019-12-14 18:43:02 DEBUG	vault_processor][39m\nCustID: 274380001064289
Name: Khidmat AL mashgool EST
TradeChannel: Wholesaler
hash: d9e42dd566b7495f7d1ab015d79196f25fbfc927df3cfd97daa96c41c6f0d053
2019/12/14 | 18:43:02 | INFO | [32m[2019-12-14 18:43:02 DEBUG	vault_processor][39m\nCustID: 274380001070921
Name: Grocery Alaheli
TradeChannel: HFS Small T.G.
hash: 55a989dbd26f5772f104008b5308977d2b8c3d32c05ef3140c24e01740f58bfb
2019/12/14 | 18:43:02 | INFO | [32m[2019-12-14 18:43:02 DEBUG	vault_processor][39m\nCustID: 274380001070925
Name: AL RAIYAN CENTER
TradeChannel: HFS Small T.G.
hash: 6d1faf27b7a72e73a0e534fa5d7684604ec635f65935a17bed765cc9158db70b
2019/12/14 | 18:43:02 | INFO | [32m[2019-12-14 18:43:02 DEBUG	vault_processor][39m\nCustID: 274380001071002
Name: SALAT ALKDAA
TradeChannel: HFS Small T.G.
hash: e7c9fcbac6fee3f85996e49bf2201029b21f41a455f4fdacce55ff6a28c9ce2a
2019/12/14 | 18:43:02 | INFO | [32m[2019-12-14 18:43:02 DEBUG	vault_processor][39m\nCustID: 274380001071006
Name: Tamoinat Al Khalij
TradeChannel: HFS Small T.G.
hash: f6397707202965c154e9d6350c482b05b9c1df83ca8355731abad89f998178d2
2019/12/14 | 18:43:02 | INFO | [32m[2019-12-14 18:43:02 DEBUG	vault_processor][39m\nCustID: 274380001071124
Name: Markiz Alhassan clnr
TradeChannel: HFS Small T.G.
hash: ff9511fe4a03c9a87fb1e74c41280a8a59e0d9fba1251a85f3933ee088b805c0
2019/12/14 | 18:43:02 | INFO | [32m[2019-12-14 18:43:02 DEBUG	vault_processor][39m\nCustID: 274380001071134
Name: Markaz MUSTLZMAT Al Ossrah
TradeChannel: HFS Small T.G.
hash: f550c3ab8fa580ca048642d4981cbfd1ff8bcb6cccb6b869363be511b03b4a9a
2019/12/14 | 18:43:02 | INFO | [32m[2019-12-14 18:43:02 DEBUG	vault_processor][39m\nCustID: 274380001071145
Name: MAKHBAZ W Tamwinat Al Gezaa Alarabi
TradeChannel: HFS Small T.G.
hash: dfd79b428b6322a7b5bd4bbf983f25b105cb7502eb96a5f0818ab14537255dee
2019/12/14 | 18:43:02 | INFO | [32m[2019-12-14 18:43:02 DEBUG	vault_processor][39m\nCustID: 274380001071270
Name: Sanabel Alkhair
TradeChannel: HFS Small T.G.
hash: 16ebfebe8cd4fd1bbeed79439db515dbac07112e396a09d6e973a76542c882b5
2019/12/14 | 18:43:02 | INFO | [32m[2019-12-14 18:43:02 DEBUG	vault_processor][39m\nCustID: 274380001071338
Name: AHMAD ABD ALAZIZ Al Sideeq Store
TradeChannel: HFS Small T.G.
hash: 628900c0336347ff531ea18bb05f82dda366af53931dad919b1b108dbe35185c
2019/12/14 | 18:43:02 | INFO | [32m[2019-12-14 18:43:02 DEBUG	vault_processor][39m\nCustID: 274380001050791
Name: ALMANAL
TradeChannel: HFS Small T.G.
hash: 98b8131c42f9a1f0181e63728cee900338e1bcef4cdce7e2d9ff4838e1585d8e
2019/12/14 | 18:43:02 | INFO | [32m[2019-12-14 18:43:02 DEBUG	vault_processor][39m\nCustID: 274380001051072
Name: ALALAMEEN
TradeChannel: HFS Small T.G.
hash: f3d1f9b0d1d739ac1680aa60ffb95ab3965507c01bc7503961c69a0b4409f2ba
2019/12/14 | 18:43:02 | INFO | [32m[2019-12-14 18:43:02 DEBUG	vault_processor][39m\nCustID: 274380001052624
Name: FATEMAH
TradeChannel: HFS Small T.G.
hash: 710ed577e5c5050cdbc9f5f02cefd0af726a77557fb0c7a8feafe57f84c73fc6
2019/12/14 | 18:43:02 | INFO | [32m[2019-12-14 18:43:02 DEBUG	vault_processor][39m\nCustID: 274380001052695
Name: TAMWINAT THANI ALATAWI
TradeChannel: HFS Small T.G.
hash: bd3d69c67719de429407386018f13c686c622af4436d7ef00184546843d0ecd4
2019/12/14 | 18:43:02 | INFO | [32m[2019-12-14 18:43:02 DEBUG	vault_processor][39m\nCustID: 274380001052811
Name: MASDAR ALKHAIR
TradeChannel: HFS Small T.G.
hash: 3735745543da2ca1617c618282a3d6dad88dc2bbdf890d853524c5908003a0c0
2019/12/14 | 18:43:02 | INFO | [32m[2019-12-14 18:43:02 DEBUG	vault_processor][39m\nCustID: 274380001030013
Name: MAJHOOD GAMAN SAID EL GAMDI
TradeChannel: Wholesaler
hash: 8bb03305d0d2f812cc41aa665575b80e386dd531a51d81d2280bf2961e9a9c42
2019/12/14 | 18:43:02 | INFO | [32m[2019-12-14 18:43:02 DEBUG	vault_processor][39m\nCustID: 274380001067218
Name: tmweenat alshaty
TradeChannel: HFS Small T.G.
hash: a2bd6ee418e4cf8c8abb0d85c6e532e8ef59b098717ac50a90a27051984f2618
2019/12/14 | 18:43:02 | INFO | [32m[2019-12-14 18:43:02 DEBUG	vault_processor][39m\nCustID: 274380001067372
Name: mobark alsyary
TradeChannel: HFS Small T.G.
hash: 7e03705568088e32a7a88839c83d95fcc3071235c5cab4971ecc9e3796bb2585
2019/12/14 | 18:43:02 | INFO | [32m[2019-12-14 18:43:02 DEBUG	vault_processor][39m\nCustID: 274380001052534
Name: ALTADAMUN
TradeChannel: HFS Small T.G.
hash: 17772792cdc06f6df55163e71eb25f22c707d06997e66ebf37f0bfe33d6dbebe
2019/12/14 | 18:43:02 | INFO | [32m[2019-12-14 18:43:02 DEBUG	vault_processor][39m\nCustID: 274380001052668
Name: ALMASHHORY STORES
TradeChannel: HFS Small T.G.
hash: 21b73a1565605e71dce1aff6de0628becc442fe7a4ef552f6729b27f7b64ed35
2019/12/14 | 18:43:02 | INFO | [32m[2019-12-14 18:43:02 DEBUG	vault_processor][39m\nCustID: 274380001054371
Name: BELAL STORE
TradeChannel: HFS Small T.G.
hash: 3cc327967f35169094f425c45f150452e475b85d9aa7090b8e0d7abdfda7b7d7
2019/12/14 | 18:43:02 | INFO | [32m[2019-12-14 18:43:02 DEBUG	vault_processor][39m\nCustID: 274380001055534
Name: ALMERQAB
TradeChannel: HFS Small T.G.
hash: 4ca48959b4b467f3800e732f2d2cb5e5eebb583add7b54c4038e7104d66c4531
2019/12/14 | 18:43:02 | INFO | [32m[2019-12-14 18:43:02 DEBUG	vault_processor][39m\nCustID: 274380001067511
Name: markaz alblasteek
TradeChannel: HFS Small T.G.
hash: f11748350cd16d8c9b964e7bf1dacbb68fb67fdf03ffa09e670fd255b723b87c
2019/12/14 | 18:43:02 | INFO | [32m[2019-12-14 18:43:02 DEBUG	vault_processor][39m\nCustID: 274380001067673
Name: ALMNHALE
TradeChannel: HFS Small T.G.
hash: 7a8e39a97f0a4e8e1bf5bfb87bfdde575f27ff92abde16ff8bb70500e06ac029
Continuing to vault_processor.1576348982712.log
