2019/12/14 | 18:55:48 | INFO | [32m[2019-12-14 18:55:48 DEBUG	vault_processor][39m\nCustID: 274380001098700
Name: N/A
TradeChannel: N/A
hash: 270457fc217431d70b83a41ed4988fd49a6d1bbf117d951da528b17765c6cd97
******************************************************************************************
**
** Perfect Logger Logging System
** Application Version          : 1.0
** Perfect-Logger Version       : 1.5.2
** Application Start Time (UTC) : 18:49:52 2019/12/14
**
** Copyright 2018 Team whileLOOP
**
******************************************************************************************
**
** Log Number               : #112
** Continuing from Log File : vault_processor.1576349748921.log
** Log Start Time (UTC)     : 18:55:48 2019/12/14
**
******************************************************************************************
2019/12/14 | 18:55:48 | INFO | [32m[2019-12-14 18:55:48 DEBUG	vault_processor][39m\nCustID: 274380001101585
Name: N/A
TradeChannel: HFS Small T.G.
hash: eef64453c3f57087bec3fd0739084076874d296256d8452e9e66831fc4ff0254
2019/12/14 | 18:55:48 | INFO | [32m[2019-12-14 18:55:48 DEBUG	vault_processor][39m\nCustID: 274380001101589
Name: N/A
TradeChannel: N/A
hash: e51984a2501d2927a899b4300caa2e4ba53ac8dca9a7c9c1a9c32212c18cdbfa
2019/12/14 | 18:55:48 | INFO | [32m[2019-12-14 18:55:48 DEBUG	vault_processor][39m\nCustID: 274380001101591
Name: N/A
TradeChannel: N/A
hash: 98db7037a367e576c9020bd304345806062bc2856a28600f7d9a88e63b83f061
2019/12/14 | 18:55:48 | INFO | [32m[2019-12-14 18:55:48 DEBUG	vault_processor][39m\nCustID: 274380001101592
Name: N/A
TradeChannel: N/A
hash: 7c2e4e579ea6876d8e91e436a928b766bc05c872973f487df9fcf2b4e7dad99d
2019/12/14 | 18:55:48 | INFO | [32m[2019-12-14 18:55:48 DEBUG	vault_processor][39m\nCustID: 274380001101606
Name: N/A
TradeChannel: N/A
hash: 497d81a187682336453ed9cbeeaf9aa22e39de259f42a03b47cfd027e3e65106
2019/12/14 | 18:55:48 | INFO | [32m[2019-12-14 18:55:48 DEBUG	vault_processor][39m\nCustID: 274380001101620
Name: N/A
TradeChannel: N/A
hash: 884071dfd4ee779d23d4409c3748bd60065b1570bda4b422bfd4cba8c4e2d587
2019/12/14 | 18:55:48 | INFO | [32m[2019-12-14 18:55:48 DEBUG	vault_processor][39m\nCustID: 274380001101611
Name: N/A
TradeChannel: N/A
hash: 784fe42de520d72ed911aa56690c7b292d8a93a33d4d03ed3225362409633636
2019/12/14 | 18:55:52 | INFO | [32m[2019-12-14 18:55:52 DEBUG	vault_processor][39m\nCustID: 274380001101620
Name: N/A
TradeChannel: N/A
hash: 884071dfd4ee779d23d4409c3748bd60065b1570bda4b422bfd4cba8c4e2d587
2019/12/14 | 18:55:52 | INFO | [32m[2019-12-14 18:55:52 DEBUG	vault_processor][39m\nCustID: 274380001101694
Name: N/A
TradeChannel: HFS Small T.G.
hash: 2b51a87ae118fb2368e75197329d0de5e36e1cde95df8923e64dcf7ce15ce084
2019/12/14 | 18:55:52 | INFO | [32m[2019-12-14 18:55:52 DEBUG	vault_processor][39m\nCustID: 274380001101695
Name: N/A
TradeChannel: HFS Small T.G.
hash: d74cf25a7a591898302ed963e108b4e2231f3ff97441e8dc8dbe615faebbee04
2019/12/14 | 18:55:52 | INFO | [32m[2019-12-14 18:55:52 DEBUG	vault_processor][39m\nCustID: 274380001101697
Name: N/A
TradeChannel: HFS Small T.G.
hash: ebce29f460278107c542b59cb0cf243b09e261645fee6c7781d734f206cbc18e
2019/12/14 | 18:55:52 | INFO | [32m[2019-12-14 18:55:52 DEBUG	vault_processor][39m\nCustID: 274380001044191
Name: MOHMMED AHMED AL SHIEKY EST
TradeChannel: Wholesaler
hash: 02b0c1235f4fa391b4a2fb48c4cf75b7c357360f6b2deb57a132c3c1c32936a7
2019/12/14 | 18:55:52 | INFO | [32m[2019-12-14 18:55:52 DEBUG	vault_processor][39m\nCustID: 274380001046502
Name: AL AMJAD EST
TradeChannel: Wholesaler
hash: 1c3c45f120562d402c0228bd973f1901274e59440bc236bb15279bd3257175a6
2019/12/14 | 18:55:52 | INFO | [32m[2019-12-14 18:55:52 DEBUG	vault_processor][39m\nCustID: 274380001046644
Name: Saleh Ahmed Mansour Al Saadi Est
TradeChannel: Sub-D
hash: d304605379f3731710b5e6dddd7391684f65e80f17fe3b4b9334ec39f89643e1
2019/12/14 | 18:55:52 | INFO | [32m[2019-12-14 18:55:52 DEBUG	vault_processor][39m\nCustID: 274380001099274
Name: N/A
TradeChannel: N/A
hash: bee19a71442e827ff39abf8f9b40076f03b71a68af2d71561ad1b43d007dbd7e
2019/12/14 | 18:55:52 | INFO | [32m[2019-12-14 18:55:52 DEBUG	vault_processor][39m\nCustID: 274380001100027
Name: N/A
TradeChannel: N/A
hash: 17f5d73a93bf04fb073b33991f688b4e991d84ecbff53fecb8d28b77a69078e0
2019/12/14 | 18:55:52 | INFO | [32m[2019-12-14 18:55:52 DEBUG	vault_processor][39m\nCustID: 274380001100167
Name: N/A
TradeChannel: N/A
hash: e4ab4e3039384641c1c085e70632b9100cf03df00ce99ded0d576c2df93e7c2d
2019/12/14 | 18:55:52 | INFO | [32m[2019-12-14 18:55:52 DEBUG	vault_processor][39m\nCustID: 274380001101646
Name: N/A
TradeChannel: N/A
hash: be0b6d695b4f2852eb5f733b34f49cd58f7fdd3b72fe6650123e98fe05c9b089
2019/12/14 | 18:55:52 | INFO | [32m[2019-12-14 18:55:52 DEBUG	vault_processor][39m\nCustID: 274380001101698
Name: N/A
TradeChannel: HFS Small T.G.
hash: 4643ce24a016dfc889a2c7747825b03590bc757365c623e504fcee26147efbc8
2019/12/14 | 18:55:52 | INFO | [32m[2019-12-14 18:55:52 DEBUG	vault_processor][39m\nCustID: 274380001101699
Name: N/A
TradeChannel: HFS Small T.G.
hash: e4d0e337ee7efa15e4671c66d855536afed1e94a81b827beaea10ae760d3f7fd
2019/12/14 | 18:55:52 | INFO | [32m[2019-12-14 18:55:52 DEBUG	vault_processor][39m\nCustID: 274380001101700
Name: N/A
TradeChannel: HFS Small T.G.
hash: 3349048732f41c6a4398853eabaa5fc1654c85ca6cbfb1d18763737a46a0f347
2019/12/14 | 18:55:52 | INFO | [32m[2019-12-14 18:55:52 DEBUG	vault_processor][39m\nCustID: 274380001101701
Name: N/A
TradeChannel: HFS Small T.G.
hash: 3e4d830917689c806f3e1c8d3da13dd7b7be7a6c010fa1ccfe329ec5897f796a
2019/12/14 | 18:55:52 | INFO | [32m[2019-12-14 18:55:52 DEBUG	vault_processor][39m\nCustID: 274380001101703
Name: N/A
TradeChannel: HFS Small T.G.
hash: d295e56aadf312bdf49c0b224fe564891d492fd5a44ac33fe3790a00ad6ccea8
2019/12/14 | 18:55:52 | INFO | [32m[2019-12-14 18:55:52 DEBUG	vault_processor][39m\nCustID: 274380001101704
Name: N/A
TradeChannel: HFS Small T.G.
hash: 5cb1f4509674ed89bdd91bb3a335eb64c287d4939db0c9ff3ee5a6b46010f932
2019/12/14 | 18:55:52 | INFO | [32m[2019-12-14 18:55:52 DEBUG	vault_processor][39m\nCustID: 274380001101705
Name: N/A
TradeChannel: HFS Small T.G.
hash: 63379399925eff104d469df29d9bee69a5cc1b9062801ee0f0af3ba3aacc15d1
2019/12/14 | 18:55:52 | INFO | [32m[2019-12-14 18:55:52 DEBUG	vault_processor][39m\nCustID: 274380001101785
Name: N/A
TradeChannel: N/A
hash: bebf3d5810ee71523f187ffbbc27f4adc6181a97f828c5ff5a301314266cd610
2019/12/14 | 18:55:52 | INFO | [32m[2019-12-14 18:55:52 DEBUG	vault_processor][39m\nCustID: 274380001101786
Name: N/A
TradeChannel: N/A
hash: ad19d2bfb5bd888f953627aff440a225aaa8478aaf2a80d410d728c28d063387
2019/12/14 | 18:55:52 | INFO | [32m[2019-12-14 18:55:52 DEBUG	vault_processor][39m\nCustID: 274380001101787
Name: N/A
TradeChannel: N/A
hash: 5c195f23c24aababf2c18cc5d0cd05c94f692a973953c3c2219d8411686e7dd2
2019/12/14 | 18:55:52 | INFO | [32m[2019-12-14 18:55:52 DEBUG	vault_processor][39m\nCustID: 274380001101788
Name: N/A
TradeChannel: N/A
hash: 9cd86fb0d60daebcef219efe79f243989ba09fd91b83f814bc89a691ca2f6acb
2019/12/14 | 18:55:52 | INFO | [32m[2019-12-14 18:55:52 DEBUG	vault_processor][39m\nCustID: 274380001101789
Name: N/A
TradeChannel: N/A
hash: 128b29e3fc6694be88929b46be3e6ed01a77996af18b558235a24560b6b2336f
2019/12/14 | 18:55:52 | INFO | [32m[2019-12-14 18:55:52 DEBUG	vault_processor][39m\nCustID: 274380001101790
Name: N/A
TradeChannel: N/A
hash: 272bce4a2219f115e71a91ccaa6277d4d8deefefbb7ae1f820e1351a1a4dbe70
2019/12/14 | 18:55:52 | INFO | [32m[2019-12-14 18:55:52 DEBUG	vault_processor][39m\nCustID: 274380001101791
Name: N/A
TradeChannel: N/A
hash: 0f8d1d9d44989e1ea2dddee28a6dd782540a02f17763f0b4e7a281c1d91fc488
2019/12/14 | 18:55:52 | INFO | [32m[2019-12-14 18:55:52 DEBUG	vault_processor][39m\nCustID: 274380001101792
Name: N/A
TradeChannel: N/A
hash: ccc46e2e9afe063499c5e6ed9b9d7ed280aba30dbc5f927f2ffe88552c48c9a8
2019/12/14 | 18:55:52 | INFO | [32m[2019-12-14 18:55:52 DEBUG	vault_processor][39m\nCustID: 274380001101794
Name: N/A
TradeChannel: N/A
hash: 6714ea87233770886adf26126038459278725c87dc7c8c3fb97e457df012896f
2019/12/14 | 18:55:52 | INFO | [32m[2019-12-14 18:55:52 DEBUG	vault_processor][39m\nCustID: 274380001101465
Name: N/A
TradeChannel: N/A
hash: 851f0e399daddefe7e56523ccfa879b3a39358dd21aa6552fa216edca08c1d5f
2019/12/14 | 18:55:52 | INFO | [32m[2019-12-14 18:55:52 DEBUG	vault_processor][39m\nCustID: 274380001053283
Name: ALHEJRA PHARMACY
TradeChannel: Pharma Tier 3
hash: de05b10236899b4529819c3d854137f155f1da33907a0491e25b3157188d8d89
2019/12/14 | 18:55:52 | INFO | [32m[2019-12-14 18:55:52 DEBUG	vault_processor][39m\nCustID: 274380001101816
Name: N/A
TradeChannel: N/A
hash: 51dcfcbc21f23b3d803d1aff2b55e8ad0163584aad2cb59710968a8197d23c86
2019/12/14 | 18:55:52 | INFO | [32m[2019-12-14 18:55:52 DEBUG	vault_processor][39m\nCustID: 274380001101817
Name: N/A
TradeChannel: N/A
hash: a39eb79481843a8de5c42b435f6733de1d9d040964adef1bb59876dcba122e24
2019/12/14 | 18:55:52 | INFO | [32m[2019-12-14 18:55:52 DEBUG	vault_processor][39m\nCustID: 274380001101951
Name: N/A
TradeChannel: N/A
hash: 59f2626730e2f263b0c895f3767d62467dd9ea29e516689210ab9f0cf71ec2ad
2019/12/14 | 18:55:52 | INFO | [32m[2019-12-14 18:55:52 DEBUG	vault_processor][39m\nCustID: 274380001101972
Name: N/A
TradeChannel: N/A
hash: 88e3276ac7390ec909b7f50f141190a4a4f44e5c89f068171dc37698c2ecdeac
2019/12/14 | 18:55:52 | INFO | [32m[2019-12-14 18:55:52 DEBUG	vault_processor][39m\nCustID: 274380001101974
Name: N/A
TradeChannel: N/A
hash: b1f8b577e240fab4a2d0eb27ccd2906252a08ca507642dfa5addc4eaff259b88
2019/12/14 | 18:55:52 | INFO | [32m[2019-12-14 18:55:52 DEBUG	vault_processor][39m\nCustID: 274380001101977
Name: N/A
TradeChannel: N/A
hash: e6e32908a53ff9481bd0bea73ed7d0ad587f1a77f93daf233aee1cdecace53f5
2019/12/14 | 18:55:52 | INFO | [32m[2019-12-14 18:55:52 DEBUG	vault_processor][39m\nCustID: 274380001101995
Name: N/A
TradeChannel: N/A
hash: 8fe58988427f7ff575c07be7ec2a2b575e81c3e1c59b23830dc11a6d256cb4b0
2019/12/14 | 18:55:52 | INFO | [32m[2019-12-14 18:55:52 DEBUG	vault_processor][39m\nCustID: 274380001102025
Name: N/A
TradeChannel: HFS Small T.G.
hash: 39f293a459816be3067c6fdc373b873d96ab9a46e484f7567e2ebd76b22b6701
Continuing to vault_processor.1576349752765.log
