******************************************************************************************
**
** Perfect Logger Logging System
** Application Version          : 1.0
** Perfect-Logger Version       : 1.5.2
** Application Start Time (UTC) : 18:49:52 2019/12/14
**
** Copyright 2018 Team whileLOOP
**
******************************************************************************************
**
** Log Number               : #104
** Continuing from Log File : vault_processor.1576349738184.log
** Log Start Time (UTC)     : 18:55:38 2019/12/14
**
******************************************************************************************
2019/12/14 | 18:55:38 | INFO | [32m[2019-12-14 18:55:38 DEBUG	vault_processor][39m\nCustID: 274380001094779
Name: N/A
TradeChannel: N/A
hash: badee95dc9cc0f0814b84b1048a2c8ffbaab727727692321441009c5fbde6e70
2019/12/14 | 18:55:38 | INFO | [32m[2019-12-14 18:55:38 DEBUG	vault_processor][39m\nCustID: 274380001094870
Name: N/A
TradeChannel: N/A
hash: 1d1b18fc2268c061e6fe5a1ef9b60c10d96f1485243dbf2bcc4c55d5f8f64db3
2019/12/14 | 18:55:38 | INFO | [32m[2019-12-14 18:55:38 DEBUG	vault_processor][39m\nCustID: 274380001095240
Name: N/A
TradeChannel: N/A
hash: fcad36e83d5f57353a031be7e40517ce59333414b1b4d0f77dd1ddf7cdaf7ef3
2019/12/14 | 18:55:38 | INFO | [32m[2019-12-14 18:55:38 DEBUG	vault_processor][39m\nCustID: 274380001094620
Name: N/A
TradeChannel: N/A
hash: ef556fab9bce992169913a0e920e769e5f07f76e854fc02b8b42c08cee7b8749
2019/12/14 | 18:55:38 | INFO | [32m[2019-12-14 18:55:38 DEBUG	vault_processor][39m\nCustID: 274380001085237
Name: Dr. Abdullah Mohammed Al Mezher Pharmacy
TradeChannel: RVO Pharma
hash: 660019feec7999481f15bbb26279baaa05c4bf825e706a1a0006899219198763
2019/12/14 | 18:55:38 | INFO | [32m[2019-12-14 18:55:38 DEBUG	vault_processor][39m\nCustID: 274380001085332
Name: N/A
TradeChannel: RVO Pharma
hash: 07b12da0b5c9f7e3e523f1a6e474befc2f1f3839d9c740181ad602f5dbcab547
2019/12/14 | 18:55:38 | INFO | [32m[2019-12-14 18:55:38 DEBUG	vault_processor][39m\nCustID: 274380001085482
Name: N/A
TradeChannel: HFS Small T.G.
hash: ddbe63a7b07e35e577e52cd67d5f620c07e7f7d39c868fa9a6dcdbb7c149e6e8
2019/12/14 | 18:55:38 | INFO | [32m[2019-12-14 18:55:38 DEBUG	vault_processor][39m\nCustID: 274380001086062
Name: N/A
TradeChannel: HFS Small T.G.
hash: 82d2d085ff2ce382d72a998a5b33cbfac6094a021e9abfa9b746657f9c54ed02
2019/12/14 | 18:55:38 | INFO | [32m[2019-12-14 18:55:38 DEBUG	vault_processor][39m\nCustID: 274380001089147
Name: N/A
TradeChannel: HFS Small T.G.
hash: 004a8ea0d3ddf472f6fe55b05d9ca23632e4ee47f475f568ccc0413fb9bc59d2
2019/12/14 | 18:55:38 | INFO | [32m[2019-12-14 18:55:38 DEBUG	vault_processor][39m\nCustID: 274380001089918
Name: N/A
TradeChannel: HFS Small T.G.
hash: 095fa24aba123026f2f26eeb8e95f5a63ab5a76b0c5795f2ac06122954d2a8e9
2019/12/14 | 18:55:38 | INFO | [32m[2019-12-14 18:55:38 DEBUG	vault_processor][39m\nCustID: 274380001080922
Name: N/A
TradeChannel: HFS Small T.G.
hash: fd325f81ec5e1841d04af5ff598279bc0b0e2e6055d9618a5857b0baaeb8b2b3
2019/12/14 | 18:55:38 | INFO | [32m[2019-12-14 18:55:38 DEBUG	vault_processor][39m\nCustID: 274380001046502
Name: AL AMJAD EST
TradeChannel: Wholesaler
hash: 1c3c45f120562d402c0228bd973f1901274e59440bc236bb15279bd3257175a6
2019/12/14 | 18:55:38 | INFO | [32m[2019-12-14 18:55:38 DEBUG	vault_processor][39m\nCustID: 274380001046522
Name: SALMAN FARHAN ALKHALEDI
TradeChannel: HFS Small T.G.
hash: 26c8afb0598aa2cac4fee5d02ba415a430a899fcf962525a6e27d89c4407c684
2019/12/14 | 18:55:38 | INFO | [32m[2019-12-14 18:55:38 DEBUG	vault_processor][39m\nCustID: 274380001047821
Name: EMAD
TradeChannel: HFS Small T.G.
hash: d6421d873c20eb894f2ff16d6f34c03fa88fbe1e7690a91c232feb17afba3b9c
2019/12/14 | 18:55:38 | INFO | [32m[2019-12-14 18:55:38 DEBUG	vault_processor][39m\nCustID: 274380001097654
Name: N/A
TradeChannel: N/A
hash: 4d1a9ac3d5640ea01c33c8abc995f4991992c7b79461e43102fbe41c7ae36c27
2019/12/14 | 18:55:38 | INFO | [32m[2019-12-14 18:55:38 DEBUG	vault_processor][39m\nCustID: 274380001097665
Name: N/A
TradeChannel: HFS Small T.G.
hash: 1a0175899e7642c7f67dd82bd46737e2a18c4191684010ef961fdf51388a60ed
2019/12/14 | 18:55:38 | INFO | [32m[2019-12-14 18:55:38 DEBUG	vault_processor][39m\nCustID: 274380001097674
Name: N/A
TradeChannel: N/A
hash: 22f45eae8a7c31dd8a83004af249b8b783c563dbae1075e693eff97702bfab0b
2019/12/14 | 18:55:38 | INFO | [32m[2019-12-14 18:55:38 DEBUG	vault_processor][39m\nCustID: 274380001097681
Name: N/A
TradeChannel: N/A
hash: 17ebf74995364d43005c98fb2002609ef96a10465e4aeb07edb403689979883c
2019/12/14 | 18:55:38 | INFO | [32m[2019-12-14 18:55:38 DEBUG	vault_processor][39m\nCustID: 274380001097682
Name: N/A
TradeChannel: N/A
hash: 751073652f689e7a6a337d1479d8595a2520785bbcb7e0e9c6c87a48d3f13320
2019/12/14 | 18:55:38 | INFO | [32m[2019-12-14 18:55:38 DEBUG	vault_processor][39m\nCustID: 274380001097711
Name: N/A
TradeChannel: N/A
hash: 14b18687b8dc5447e968494158971ffd8ed2eef8f83ffc9970b339d87ee873fe
2019/12/14 | 18:55:38 | INFO | [32m[2019-12-14 18:55:38 DEBUG	vault_processor][39m\nCustID: 274380001097699
Name: N/A
TradeChannel: N/A
hash: 12dad0b21ed4ed894471e66a4d11923fa350f14176b0addcc61751fba5b37b30
2019/12/14 | 18:55:38 | INFO | [32m[2019-12-14 18:55:38 DEBUG	vault_processor][39m\nCustID: 274380001097718
Name: N/A
TradeChannel: N/A
hash: e8837dd026f6fab2b24cf88d913145ed90604840bd29d511f812f3cc12a1de77
2019/12/14 | 18:55:38 | INFO | [32m[2019-12-14 18:55:38 DEBUG	vault_processor][39m\nCustID: 274380001097767
Name: N/A
TradeChannel: N/A
hash: 7254608fe4fe38f0102cf5d18d3985a923f068a1b312972654f8ed4983531d17
2019/12/14 | 18:55:38 | INFO | [32m[2019-12-14 18:55:38 DEBUG	vault_processor][39m\nCustID: 274380001097772
Name: N/A
TradeChannel: N/A
hash: 24cedf94980b94bc0f42811247a141944aeecc957482129493a26e7ce2b3e8e5
2019/12/14 | 18:55:38 | INFO | [32m[2019-12-14 18:55:38 DEBUG	vault_processor][39m\nCustID: 274380001097793
Name: N/A
TradeChannel: HFS Small T.G.
hash: 43632c635da0be3723c10d49359b68739889ae91f654f7c609c0da71b5a70a74
2019/12/14 | 18:55:38 | INFO | [32m[2019-12-14 18:55:38 DEBUG	vault_processor][39m\nCustID: 274380001097914
Name: N/A
TradeChannel: N/A
hash: 8a5283d3783a7d441c0b3259c24f6de00c2c3669b759fa9b006238924c6cffc2
2019/12/14 | 18:55:38 | INFO | [32m[2019-12-14 18:55:38 DEBUG	vault_processor][39m\nCustID: 274380001097915
Name: N/A
TradeChannel: N/A
hash: c98fc0b9e07ca5c566cee789e03d461f6aaacddb06b8ee0981cf7bcc635ca2f8
2019/12/14 | 18:55:38 | INFO | [32m[2019-12-14 18:55:38 DEBUG	vault_processor][39m\nCustID: 274380001097934
Name: N/A
TradeChannel: HFS Small T.G.
hash: 68ebbeadbb0372170c813d8ffc1f11b40ba084f28a22eaa8e17885800ea0b5af
2019/12/14 | 18:55:38 | INFO | [32m[2019-12-14 18:55:38 DEBUG	vault_processor][39m\nCustID: 274380001097939
Name: N/A
TradeChannel: N/A
hash: b66d99d14ccb8c7cc39dca2fb57ff543da0967ddc22d14eed3c8f98d1ca57d1e
2019/12/14 | 18:55:38 | INFO | [32m[2019-12-14 18:55:38 DEBUG	vault_processor][39m\nCustID: 274380001097951
Name: N/A
TradeChannel: N/A
hash: 1e2f9c147d8d030a719ffef53509d7a92ec4ad058672e72ecc57acdb99d6834e
2019/12/14 | 18:55:38 | INFO | [32m[2019-12-14 18:55:38 DEBUG	vault_processor][39m\nCustID: 274380001097960
Name: N/A
TradeChannel: N/A
hash: 235cd2bc0cd602cb69e8e8628b13d74632f1f2a3e57f0990f21e6c8f42463ed7
2019/12/14 | 18:55:38 | INFO | [32m[2019-12-14 18:55:38 DEBUG	vault_processor][39m\nCustID: 274380001099280
Name: N/A
TradeChannel: N/A
hash: 8f64b16a451cfc6f55b9dc460679fe16eb8efe9fec62ae17cf641305ca492e2b
2019/12/14 | 18:55:38 | INFO | [32m[2019-12-14 18:55:38 DEBUG	vault_processor][39m\nCustID: 274380001099292
Name: N/A
TradeChannel: N/A
hash: 95b61050360de3f76e0337d3c169528b7ded48c5713787cd770ee0f0a7862610
2019/12/14 | 18:55:38 | INFO | [32m[2019-12-14 18:55:38 DEBUG	vault_processor][39m\nCustID: 274380001099301
Name: N/A
TradeChannel: N/A
hash: 60787b8338bfe8b6050cfc636b537ab7678ea77dac4581f01ac875c68421141e
2019/12/14 | 18:55:38 | INFO | [32m[2019-12-14 18:55:38 DEBUG	vault_processor][39m\nCustID: 274380001099367
Name: N/A
TradeChannel: N/A
hash: a4ab60e69bd0440a7c1ba35a557e6ffe5c25bb1d339fca15900672b93afb1afa
2019/12/14 | 18:55:38 | INFO | [32m[2019-12-14 18:55:38 DEBUG	vault_processor][39m\nCustID: 274380001099979
Name: N/A
TradeChannel: N/A
hash: 8e3268b55574a97a45d099bd00d9bf2e7c3b5bd7e128406570217e4011ed1aab
2019/12/14 | 18:55:38 | INFO | [32m[2019-12-14 18:55:38 DEBUG	vault_processor][39m\nCustID: 274380001100004
Name: N/A
TradeChannel: N/A
hash: 8b12b0058ed210176b6700374ed0c1d36cca29a5e56037715bb153b69e319fed
2019/12/14 | 18:55:38 | INFO | [32m[2019-12-14 18:55:38 DEBUG	vault_processor][39m\nCustID: 274380001061076
Name: ALRABEASH
TradeChannel: HFS Small T.G.
hash: 8c661419d3da0a0f5b601db2f93acbf96cb218ef49af6c2dda51b11b9a14f304
2019/12/14 | 18:55:38 | INFO | [32m[2019-12-14 18:55:38 DEBUG	vault_processor][39m\nCustID: 274380001100023
Name: N/A
TradeChannel: N/A
hash: ab41f9de50bdc608700ff0e6b0e15f35193a7a6501c12ff094a16e0c04056b89
2019/12/14 | 18:55:38 | INFO | [32m[2019-12-14 18:55:38 DEBUG	vault_processor][39m\nCustID: 274380001095983
Name: N/A
TradeChannel: N/A
hash: afb387c8e2294c4e0630cd1f62c424edb97768da7f88555e43af035394274c6a
2019/12/14 | 18:55:38 | INFO | [32m[2019-12-14 18:55:38 DEBUG	vault_processor][39m\nCustID: 274380001096007
Name: N/A
TradeChannel: N/A
hash: d813f805f58d954618eef8b8c6c1c551f4c51a55d1544d6b37ac2c03e016c6fa
2019/12/14 | 18:55:39 | INFO | [32m[2019-12-14 18:55:39 DEBUG	vault_processor][39m\nCustID: 274380001096497
Name: N/A
TradeChannel: N/A
hash: c42703d02b30823fff3beddb6c6d3c4adde30f1eca6fd5ecf27c8bb4e095da43
2019/12/14 | 18:55:39 | INFO | [32m[2019-12-14 18:55:39 DEBUG	vault_processor][39m\nCustID: 274380001095982
Name: N/A
TradeChannel: N/A
hash: 7382aba72046549a60a19cd44123209d6f0b572bb2af411f9cd61454f8ca0af5
2019/12/14 | 18:55:39 | INFO | [32m[2019-12-14 18:55:39 DEBUG	vault_processor][39m\nCustID: 274380001096600
Name: N/A
TradeChannel: N/A
hash: 243203eef5b6cd95ff9772b22a557baf76edd132f45bdd0d9b4952d9127b3699
2019/12/14 | 18:55:39 | INFO | [32m[2019-12-14 18:55:39 DEBUG	vault_processor][39m\nCustID: 274380001096676
Name: N/A
TradeChannel: N/A
hash: 5ae19ae011750a88df0cc47ab4d142f5119b927f6b4705d43d876b9b3a45b4e5
2019/12/14 | 18:55:39 | INFO | [32m[2019-12-14 18:55:39 DEBUG	vault_processor][39m\nCustID: 274380001096737
Name: N/A
TradeChannel: N/A
hash: 1db72b78d565f09b7a792e396c918cb6f73123d8ca3aa828e9d50a5aadbe8060
2019/12/14 | 18:55:39 | INFO | [32m[2019-12-14 18:55:39 DEBUG	vault_processor][39m\nCustID: 274380001097012
Name: N/A
TradeChannel: N/A
hash: df8dab54eab9e513bb4626c28993f5e23725c370a458680202ad866b37a2e475
2019/12/14 | 18:55:39 | INFO | [32m[2019-12-14 18:55:39 DEBUG	vault_processor][39m\nCustID: 274380001085246
Name: N/A
TradeChannel: HFS Small T.G.
hash: fe1651611147bf205fb9564c0d9acd8db000fa6beafe61615e0fc6bdc9b090cf
2019/12/14 | 18:55:39 | INFO | [32m[2019-12-14 18:55:39 DEBUG	vault_processor][39m\nCustID: 274380001086413
Name: N/A
TradeChannel: HFS Small T.G.
hash: 599df7192b6412193dcde78cfcdfc67c5bdb29a0a9841009960a1daf9e075151
2019/12/14 | 18:55:39 | INFO | [32m[2019-12-14 18:55:39 DEBUG	vault_processor][39m\nCustID: 274380001089055
Name: N/A
TradeChannel: HFS Small T.G.
hash: 46e6c2f57d72a0804cdcc7dced04ac88ae61c18400ba7f8c7d05c901ca38bd21
2019/12/14 | 18:55:39 | INFO | [32m[2019-12-14 18:55:39 DEBUG	vault_processor][39m\nCustID: 274380001090103
Name: N/A
TradeChannel: HFS Small T.G.
hash: 37e50a3643eeeab4ee6ef6e978a148084f7012d3778040f377ea3c5200c0a95e
2019/12/14 | 18:55:39 | INFO | [32m[2019-12-14 18:55:39 DEBUG	vault_processor][39m\nCustID: 274380001097127
Name: N/A
TradeChannel: N/A
hash: 9fabff3ace4a4736b9d934812f1c0b190dfbe1f15163122407e48a371154820b
2019/12/14 | 18:55:39 | INFO | [32m[2019-12-14 18:55:39 DEBUG	vault_processor][39m\nCustID: 274380001097572
Name: N/A
TradeChannel: N/A
hash: 673c7c61a57b037401a0399431f1335cf33747888adca965765b7e9193021544
2019/12/14 | 18:55:39 | INFO | [32m[2019-12-14 18:55:39 DEBUG	vault_processor][39m\nCustID: 274380001097560
Name: N/A
TradeChannel: N/A
hash: feff30d148d10a09985c16c7ae186c6d4f6bbd03630462abebcec233a718fc6f
2019/12/14 | 18:55:39 | INFO | [32m[2019-12-14 18:55:39 DEBUG	vault_processor][39m\nCustID: 274380001095988
Name: N/A
TradeChannel: N/A
hash: 7df71f2ce8650d0863c1fccd534a652684f5e6d81cabc49420fdbbc9e39275c9
2019/12/14 | 18:55:39 | INFO | [32m[2019-12-14 18:55:39 DEBUG	vault_processor][39m\nCustID: 274380001097995
Name: N/A
TradeChannel: HFS Small T.G.
hash: 828bfb55b34d43ea0ea0111d3fed17340246779e41d52f58427927d0905f65fb
2019/12/14 | 18:55:39 | INFO | [32m[2019-12-14 18:55:39 DEBUG	vault_processor][39m\nCustID: 274380001094619
Name: N/A
TradeChannel: N/A
hash: 9c403e69e10366dbdf4f5287b467ac3b27a7996c7c9effb23bcca4f33bffbd33
2019/12/14 | 18:55:39 | INFO | [32m[2019-12-14 18:55:39 DEBUG	vault_processor][39m\nCustID: 274380001096505
Name: N/A
TradeChannel: N/A
hash: 9a21029a5718ccc06ceab28a20e9c6176a1f0e1b5ddd7cea14b320b9bd0411e1
2019/12/14 | 18:55:39 | INFO | [32m[2019-12-14 18:55:39 DEBUG	vault_processor][39m\nCustID: 274380001098186
Name: N/A
TradeChannel: N/A
hash: fed8ee780bf3341d46e534bf8add3acc2a6d39d2bee8d5d84ba2c0fac86da21e
2019/12/14 | 18:55:39 | INFO | [32m[2019-12-14 18:55:39 DEBUG	vault_processor][39m\nCustID: 274380001098049
Name: N/A
TradeChannel: N/A
hash: 84ef0f1327715ebcdd316142790c808c7a1df3bfde84243b3e2176a9a260cdd8
2019/12/14 | 18:55:39 | INFO | [32m[2019-12-14 18:55:39 DEBUG	vault_processor][39m\nCustID: 274380001098002
Name: N/A
TradeChannel: N/A
hash: 17f7f22845c9e85aed28252161462ba9d0d4fd30ddaadf2b853ea9e2870a87c5
2019/12/14 | 18:55:39 | INFO | [32m[2019-12-14 18:55:39 DEBUG	vault_processor][39m\nCustID: 274380001098198
Name: N/A
TradeChannel: N/A
hash: e7766fe0b2b8df53ef952db4cb6df401493afc167526e5141f71c1778ef6e500
2019/12/14 | 18:55:39 | INFO | [32m[2019-12-14 18:55:39 DEBUG	vault_processor][39m\nCustID: 274380001098192
Name: N/A
TradeChannel: HFS Small T.G.
hash: 5bd42442d64a95dc22c13f0cddbc137f8b6aa9d9d0c72799ca5a751e7cccf469
2019/12/14 | 18:55:39 | INFO | [32m[2019-12-14 18:55:39 DEBUG	vault_processor][39m\nCustID: 274380001098208
Name: N/A
TradeChannel: N/A
hash: 483703fffd3974a24cfe9ea1f7a29a0490a5b404dfea616f86870b0c7dee0dde
2019/12/14 | 18:55:39 | INFO | [32m[2019-12-14 18:55:39 DEBUG	vault_processor][39m\nCustID: 274380001098209
Name: N/A
TradeChannel: HFS Small T.G.
hash: 1d3afdd898f8ffed0e5546d1dc47c06f960879dc606f0b9751f1147d2acd912f
2019/12/14 | 18:55:39 | INFO | [32m[2019-12-14 18:55:39 DEBUG	vault_processor][39m\nCustID: 274380001098227
Name: N/A
TradeChannel: HFS Small T.G.
hash: 927aef0ccd4f1682c1fc0bc042bb862688e04dbd4e7586ef1361add1a8fbbaf4
2019/12/14 | 18:55:39 | INFO | [32m[2019-12-14 18:55:39 DEBUG	vault_processor][39m\nCustID: 274380001098236
Name: N/A
TradeChannel: N/A
hash: 2c31b0833c0fb19599115065724b283fda221d42b073749d982ad3b0e359613a
2019/12/14 | 18:55:39 | INFO | [32m[2019-12-14 18:55:39 DEBUG	vault_processor][39m\nCustID: 274380001098252
Name: N/A
TradeChannel: N/A
hash: 2bf012b26df300a49ec249b39711c839913ba2b5407242c2d89c2f326d2be975
2019/12/14 | 18:55:39 | INFO | [32m[2019-12-14 18:55:39 DEBUG	vault_processor][39m\nCustID: 274380001098386
Name: N/A
TradeChannel: N/A
hash: 142f9b73e9f6ab3dc6cc78d7b833b1d5336cd93b128b69220307083931d40895
2019/12/14 | 18:55:39 | INFO | [32m[2019-12-14 18:55:39 DEBUG	vault_processor][39m\nCustID: 274380001098314
Name: N/A
TradeChannel: HFS Small T.G.
hash: c4e87ab827dca8ee80405ece9e49f2acb2556325728752257f5cb02903ca9979
2019/12/14 | 18:55:39 | INFO | [32m[2019-12-14 18:55:39 DEBUG	vault_processor][39m\nCustID: 274380001098383
Name: N/A
TradeChannel: N/A
hash: f97de9447fc55b67dd5f711e499604f8b57e0dd317acca9ce5500c8b9c77a579
2019/12/14 | 18:55:39 | INFO | [32m[2019-12-14 18:55:39 DEBUG	vault_processor][39m\nCustID: 274380001098311
Name: N/A
TradeChannel: HFS Small T.G.
hash: e01c374319b95a99bebd21b1af0e6e6b2320c9f3ad11d57ae4f6a0a56b6d3a9e
2019/12/14 | 18:55:39 | INFO | [32m[2019-12-14 18:55:39 DEBUG	vault_processor][39m\nCustID: 274380001098254
Name: N/A
TradeChannel: N/A
hash: 78d1c645ebbbc2d8c7420d9c93af11d0ed2bdec27fa63081c6291d6e9f96dbf1
2019/12/14 | 18:55:39 | INFO | [32m[2019-12-14 18:55:39 DEBUG	vault_processor][39m\nCustID: 274380001098393
Name: N/A
TradeChannel: N/A
hash: f7536d723e3b855c5b4ad48a5a973a29fdf1041f8fc7a1f707149771f6a70252
2019/12/14 | 18:55:39 | INFO | [32m[2019-12-14 18:55:39 DEBUG	vault_processor][39m\nCustID: 274380001098497
Name: N/A
TradeChannel: N/A
hash: 21fc308fcfca044046171ee456367ecdbb15372385b892681f7c8841afa83689
2019/12/14 | 18:55:39 | INFO | [32m[2019-12-14 18:55:39 DEBUG	vault_processor][39m\nCustID: 274380001098515
Name: N/A
TradeChannel: RVO Pharma
hash: f3c01fae284c1dc21569f2afe917e8a1a4eec667d43d570d12fb478a54a038e7
2019/12/14 | 18:55:39 | INFO | [32m[2019-12-14 18:55:39 DEBUG	vault_processor][39m\nCustID: 274380001098535
Name: N/A
TradeChannel: N/A
hash: 9003eed3398017e26fa0c9c20471d93c68a7696a02ff063297e31e46169520a0
2019/12/14 | 18:55:39 | INFO | [32m[2019-12-14 18:55:39 DEBUG	vault_processor][39m\nCustID: 274380001098542
Name: N/A
TradeChannel: N/A
hash: 0783c300f67d8b72699ebc455639359e1ee6353e8fe6c2b5b31754e9774b9e16
2019/12/14 | 18:55:39 | INFO | [32m[2019-12-14 18:55:39 DEBUG	vault_processor][39m\nCustID: 274380001098669
Name: N/A
TradeChannel: N/A
hash: 50ae6a0374bee9fe933b1bfd395af9b0b281251282a15a447044881e6a0e70f2
2019/12/14 | 18:55:39 | INFO | [32m[2019-12-14 18:55:39 DEBUG	vault_processor][39m\nCustID: 274380001097712
Name: N/A
TradeChannel: N/A
hash: 0236d11c4bf3719c80d77ff3515038557c411bad2501402e62302ed72682dc9a
2019/12/14 | 18:55:39 | INFO | [32m[2019-12-14 18:55:39 DEBUG	vault_processor][39m\nCustID: 274380001098240
Name: N/A
TradeChannel: N/A
hash: e07f8ce6589ca99e5e052b31e1c992bfdf9a3022a1b9a20a46771a328801e9a2
2019/12/14 | 18:55:39 | INFO | [32m[2019-12-14 18:55:39 DEBUG	vault_processor][39m\nCustID: 274380001098257
Name: N/A
TradeChannel: N/A
hash: 335d8076dde9f3007fab7fe94684e5be6d09fad519d9675493f0bdf2f23b384f
2019/12/14 | 18:55:39 | INFO | [32m[2019-12-14 18:55:39 DEBUG	vault_processor][39m\nCustID: 274380001097725
Name: N/A
TradeChannel: N/A
hash: 628159b82b3d7604f0715fce3aa1dc98b48c8e3b11ef8a89aa358f91f8bac313
2019/12/14 | 18:55:39 | INFO | [32m[2019-12-14 18:55:39 DEBUG	vault_processor][39m\nCustID: 274380001098288
Name: N/A
TradeChannel: N/A
hash: ada78b6642f72cadb521436310c0b24ac61335ff734ce3227ce9a2223e21f0c7
2019/12/14 | 18:55:39 | INFO | [32m[2019-12-14 18:55:39 DEBUG	vault_processor][39m\nCustID: 274380001098452
Name: N/A
TradeChannel: N/A
hash: 30e6e99b84cfe1aa44f0f7ceafd717d8ccc73acd38d7f2b519b3e5e33e8887df
2019/12/14 | 18:55:39 | INFO | [32m[2019-12-14 18:55:39 DEBUG	vault_processor][39m\nCustID: 274380001098689
Name: N/A
TradeChannel: N/A
hash: 2616e4ccaaa271668480002f3c9ea9d172a90a3c477ff82c93d61bf6437296c2
2019/12/14 | 18:55:39 | INFO | [32m[2019-12-14 18:55:39 DEBUG	vault_processor][39m\nCustID: 274380001098695
Name: N/A
TradeChannel: N/A
hash: 91501616a213fd4417d82e20d9d8930d28db751aa892a92a0183770ac38ae4d0
2019/12/14 | 18:55:39 | INFO | [32m[2019-12-14 18:55:39 DEBUG	vault_processor][39m\nCustID: 274380001098697
Name: N/A
TradeChannel: N/A
hash: 9101c92c282afa6322ee62b4fb47c1a335e68e58687c5d8b50dc3f69cb95d156
2019/12/14 | 18:55:39 | INFO | [32m[2019-12-14 18:55:39 DEBUG	vault_processor][39m\nCustID: 274380001098704
Name: N/A
TradeChannel: N/A
hash: 5be38fc5dd85644a3ea7a1327acf3cf976674d83f75362f8e8748b5b95717c96
2019/12/14 | 18:55:39 | INFO | [32m[2019-12-14 18:55:39 DEBUG	vault_processor][39m\nCustID: 274380001098883
Name: N/A
TradeChannel: HFS Small T.G.
hash: 643cdee3da44407d0a9dedb79e752d0a7be4ff9802d511ef28e02e9b56a7d5dc
2019/12/14 | 18:55:39 | INFO | [32m[2019-12-14 18:55:39 DEBUG	vault_processor][39m\nCustID: 274380001098889
Name: N/A
TradeChannel: HFS Small T.G.
hash: 6f6185f06c611dbbbbb8039cc6285a23edd3e368831e7cbfda2c0c976cb0d8f7
2019/12/14 | 18:55:39 | INFO | [32m[2019-12-14 18:55:39 DEBUG	vault_processor][39m\nCustID: 274380001099085
Name: N/A
TradeChannel: HFS Small T.G.
hash: 5c556a676616340f4af286d3a2e8bab90b4f0ad5959204754a8db5973c74bb03
2019/12/14 | 18:55:39 | INFO | [32m[2019-12-14 18:55:39 DEBUG	vault_processor][39m\nCustID: 274380001099062
Name: N/A
TradeChannel: HFS Small T.G.
hash: c6b8a8fffc59774dcd32878ce504796879e1eb78494cbba7d65a2a871f469c15
2019/12/14 | 18:55:39 | INFO | [32m[2019-12-14 18:55:39 DEBUG	vault_processor][39m\nCustID: 274380001098985
Name: N/A
TradeChannel: N/A
hash: f1013797723988223c0b60a339ceeb6b5cb51eb551732aedffe4a5edff651bc2
2019/12/14 | 18:55:39 | INFO | [32m[2019-12-14 18:55:39 DEBUG	vault_processor][39m\nCustID: 274380001099148
Name: N/A
TradeChannel: N/A
hash: f46f14fcd933360ff6614987475c9634adb0f1c50f3a4e504d306647d4a2ecec
2019/12/14 | 18:55:39 | INFO | [32m[2019-12-14 18:55:39 DEBUG	vault_processor][39m\nCustID: 274380001098942
Name: N/A
TradeChannel: HFS Small T.G.
hash: 66eefc0b29130569a62198a356ab97f8598fe1205346c171746a1ceeefb28fb8
2019/12/14 | 18:55:39 | INFO | [32m[2019-12-14 18:55:39 DEBUG	vault_processor][39m\nCustID: 274380001099011
Name: N/A
TradeChannel: HFS Small T.G.
hash: 6ae6b4aa7c8bd9785b643e848ad5420c79c3edf1a64ea5327b00be4efe4ae9bc
2019/12/14 | 18:55:39 | INFO | [32m[2019-12-14 18:55:39 DEBUG	vault_processor][39m\nCustID: 274380001099064
Name: N/A
TradeChannel: HFS Small T.G.
hash: a1c95c8b5ad89985e85156c48b9321f3746e1df11ff4d16bc2b8cd3c6f3f8aad
2019/12/14 | 18:55:39 | INFO | [32m[2019-12-14 18:55:39 DEBUG	vault_processor][39m\nCustID: 274380001098983
Name: N/A
TradeChannel: N/A
hash: 82eaa72c9183ddf47c74d5474a7bd5f1a58078695f4a980f3050b91e25631b89
2019/12/14 | 18:55:39 | INFO | [32m[2019-12-14 18:55:39 DEBUG	vault_processor][39m\nCustID: 274380001098935
Name: N/A
TradeChannel: HFS Small T.G.
hash: b124a7bfdd9878f7bf9e7432d2e51f21fc20c92dcfe4e8cd0dbf8f3f7ea2dc5b
2019/12/14 | 18:55:39 | INFO | [32m[2019-12-14 18:55:39 DEBUG	vault_processor][39m\nCustID: 274380001099074
Name: N/A
TradeChannel: N/A
hash: c7d88c593fd8033ef90ad902fe21f2d88f83c08aed0e69be90e96e72d58a9ae5
Continuing to vault_processor.1576349742264.log
