2019/12/14 | 18:54:31 | INFO | [32m[2019-12-14 18:54:31 DEBUG	vault_processor][39m\nCustID: 274380001058527
Name: MARKAZ WARDAH
TradeChannel: HFS Small T.G.
hash: 1397e6c4f3c701fc154af09201e07bae49fec4eda1e0ca36bfce6a3abc45b027
******************************************************************************************
**
** Perfect Logger Logging System
** Application Version          : 1.0
** Perfect-Logger Version       : 1.5.2
** Application Start Time (UTC) : 18:49:52 2019/12/14
**
** Copyright 2018 Team whileLOOP
**
******************************************************************************************
**
** Log Number               : #50
** Continuing from Log File : vault_processor.1576349671752.log
** Log Start Time (UTC)     : 18:54:31 2019/12/14
**
******************************************************************************************
2019/12/14 | 18:54:31 | INFO | [32m[2019-12-14 18:54:31 DEBUG	vault_processor][39m\nCustID: 274380001089565
Name: N/A
TradeChannel: HFS Small T.G.
hash: db6d148393be5b092f88016aad0ea782d7ae3a076d25c1a126639f45f776aca3
2019/12/14 | 18:54:31 | INFO | [32m[2019-12-14 18:54:31 DEBUG	vault_processor][39m\nCustID: 274380001059224
Name: ALJAWHRAH 2
TradeChannel: HFS Small T.G.
hash: c569f5f88937a3dff5c5399bbc1fe28b7d0f54011d34981dacdd8aa9a205e76b
2019/12/14 | 18:54:31 | INFO | [32m[2019-12-14 18:54:31 DEBUG	vault_processor][39m\nCustID: 274380001059305
Name: SOUQ BIN JABIR
TradeChannel: HFS Small T.G.
hash: 2134cb2b8afa968c77f0a3a0c096d4d23b34ed684880b097dbcbe6176bdfeb1c
2019/12/14 | 18:54:31 | INFO | [32m[2019-12-14 18:54:31 DEBUG	vault_processor][39m\nCustID: 274380001059316
Name: ALSHAMIL
TradeChannel: HFS Small T.G.
hash: 0e0bf051dab660e659d6dcd7b44d29d5ac963e31bbc5b9c3fac99faf4ab57abf
2019/12/14 | 18:54:31 | INFO | [32m[2019-12-14 18:54:31 DEBUG	vault_processor][39m\nCustID: 274380001046013
Name: FAISAL
TradeChannel: HFS Small T.G.
hash: adab11632c386386d4b4f88c1691cca1cf8274626bb5dd9f18d8ec0de3985b39
2019/12/14 | 18:54:31 | INFO | [32m[2019-12-14 18:54:31 DEBUG	vault_processor][39m\nCustID: 274380001046059
Name: ALBARAKA
TradeChannel: HFS Small T.G.
hash: 36964c30cb1ebdf3601b47a3f4a7405442c9529b23331e39d1e7fa5e567c0d23
2019/12/14 | 18:54:31 | INFO | [32m[2019-12-14 18:54:31 DEBUG	vault_processor][39m\nCustID: 274380001046407
Name: ALAMEN STORES
TradeChannel: HFS Small T.G.
hash: 99bef966961a6197b3b8413383c8e95d57e24e130c5337849f113c9e893d8e5e
2019/12/14 | 18:54:31 | INFO | [32m[2019-12-14 18:54:31 DEBUG	vault_processor][39m\nCustID: 274380001046656
Name: Sanabel Al Areeda
TradeChannel: Wholesaler
hash: 24f36fa0f4c18fc120692396ad45565211b02eac1e584c8045ea338fa9691c2c
2019/12/14 | 18:54:31 | INFO | [32m[2019-12-14 18:54:31 DEBUG	vault_processor][39m\nCustID: 274380001059324
Name: Tamwenat Sarah
TradeChannel: HFS Small T.G.
hash: c27e402f834b76c07553ade7828cb8e45d2c91ac135213917cf0499a3c9f99d5
2019/12/14 | 18:54:31 | INFO | [32m[2019-12-14 18:54:31 DEBUG	vault_processor][39m\nCustID: 274380001059329
Name: TAMWINAT ALKHAIR WA ALBARAKA
TradeChannel: HFS Small T.G.
hash: ab299e82a9d6b556c23d73be858237c84f5d61a5ef1528f9140e07315dd184a0
2019/12/14 | 18:54:31 | INFO | [32m[2019-12-14 18:54:31 DEBUG	vault_processor][39m\nCustID: 274380001059501
Name: MARKAZ ALBURJ
TradeChannel: HFS Small T.G.
hash: 1129869fe4d51f603ced8958887cd921fe666f5530c47e5e8a96584a194c746e
2019/12/14 | 18:54:31 | INFO | [32m[2019-12-14 18:54:31 DEBUG	vault_processor][39m\nCustID: 274380001059357
Name: SAUAQ ALAMJAD
TradeChannel: HFS Small T.G.
hash: 94230fa8f453a4b489a359eb2b3889710dc22667e469afb0d0707fc98e611238
2019/12/14 | 18:54:31 | INFO | [32m[2019-12-14 18:54:31 DEBUG	vault_processor][39m\nCustID: 274380001059340
Name: ALJOMAAH
TradeChannel: HFS Small T.G.
hash: cdf4f0a37d42c1d39d409c6a129fd8d93fdd4c6df9f0a5c26aa54a674d03f574
2019/12/14 | 18:54:31 | INFO | [32m[2019-12-14 18:54:31 DEBUG	vault_processor][39m\nCustID: 274380001059638
Name: RAWAN ALEHSAA
TradeChannel: HFS Small T.G.
hash: eb3454177f203e9d1d730e712542d0d0f5c4b1fc478654893624fe4a6db59038
2019/12/14 | 18:54:31 | INFO | [32m[2019-12-14 18:54:31 DEBUG	vault_processor][39m\nCustID: 274380001059784
Name: MARKAZ ALAWALI
TradeChannel: HFS Small T.G.
hash: 414cc36ec71ca1536a537878e699476204ef960fd7843a7f1390cdb7d1bd69fa
2019/12/14 | 18:54:31 | INFO | [32m[2019-12-14 18:54:31 DEBUG	vault_processor][39m\nCustID: 274380001059796
Name: ALAMANA
TradeChannel: HFS Small T.G.
hash: 2561d8f651f26b61f649fbc88cbe7948fb2d8df5c485600e0474b9d392920f80
2019/12/14 | 18:54:31 | INFO | [32m[2019-12-14 18:54:31 DEBUG	vault_processor][39m\nCustID: 274380001059893
Name: MAHTAT ALAMAL
TradeChannel: HFS Small T.G.
hash: 3d065085724bb5ff68bbb6bef3d5452deafc60747c7cfd3c1ad94a8e2fe6cbcf
2019/12/14 | 18:54:31 | INFO | [32m[2019-12-14 18:54:31 DEBUG	vault_processor][39m\nCustID: 274380001051181
Name: BIN SETEEN
TradeChannel: HFS Small T.G.
hash: 85ff168204091e9d18e85ca80459c13b20232d8aee451a5c71d9066b90a2b403
2019/12/14 | 18:54:31 | INFO | [32m[2019-12-14 18:54:31 DEBUG	vault_processor][39m\nCustID: 274380001063255
Name: ALSHAKREEN
TradeChannel: HFS Small T.G.
hash: 3a8120682011fa876c11201f20ce68620caeb56450cb3e649cbab66292ba70d8
2019/12/14 | 18:54:31 | INFO | [32m[2019-12-14 18:54:31 DEBUG	vault_processor][39m\nCustID: 274380001051355
Name: ASWAQ MEAJEB
TradeChannel: HFS Small T.G.
hash: 104106b39ccaf57bf4d381ee7ea96b234cf17e9f12a3dee21ac6054807052e91
2019/12/14 | 18:54:31 | INFO | [32m[2019-12-14 18:54:31 DEBUG	vault_processor][39m\nCustID: 274380001082939
Name: N/A
TradeChannel: HFS Small T.G.
hash: 786bcd3bedd75e701a729f6da766be6e54f2fb9c0029dc7ef354fabbae1bb562
2019/12/14 | 18:54:31 | INFO | [32m[2019-12-14 18:54:31 DEBUG	vault_processor][39m\nCustID: 274380001060026
Name: ALMAZROEYAH
TradeChannel: HFS Small T.G.
hash: 353d52f0fd30a3102eef06b6c586b5963c90d3fce199ffd2853452fd64e1f463
2019/12/14 | 18:54:31 | INFO | [32m[2019-12-14 18:54:31 DEBUG	vault_processor][39m\nCustID: 274380001069763
Name: alwaha
TradeChannel: HFS Small T.G.
hash: 5c3a3a3f40a83999a2ed3b927a37e488e98d591a3f73fc9394edcc5922fa0380
2019/12/14 | 18:54:32 | INFO | [32m[2019-12-14 18:54:32 DEBUG	vault_processor][39m\nCustID: 274380001077308
Name: Dar ELtaiseer
TradeChannel: Wholesaler
hash: ec4aa836a2c3222bb89c74ebf8b699ca5146c91b3c9001f79d9bafebd530f26d
2019/12/14 | 18:54:32 | INFO | [32m[2019-12-14 18:54:32 DEBUG	vault_processor][39m\nCustID: 274380001060003
Name: ALSEBTAIN
TradeChannel: HFS Small T.G.
hash: 143cb7f116af03fa8fb82dc204961b7b03bd5cfe1468abfef880b8f41a7b329d
2019/12/14 | 18:54:32 | INFO | [32m[2019-12-14 18:54:32 DEBUG	vault_processor][39m\nCustID: 274380001060039
Name: ALAZIZIAH
TradeChannel: HFS Small T.G.
hash: 9e561dbf82ceba6860494d355ed6418d069a67c99e4a9d39ebf0b83b6bbee626
2019/12/14 | 18:54:32 | INFO | [32m[2019-12-14 18:54:32 DEBUG	vault_processor][39m\nCustID: 274380001060147
Name: ALNOOR
TradeChannel: HFS Small T.G.
hash: 736e8c24caf7790fb276eec12f039de882fcf36281c8ed7183d0645e4e4f42c9
2019/12/14 | 18:54:32 | INFO | [32m[2019-12-14 18:54:32 DEBUG	vault_processor][39m\nCustID: 274380001060232
Name: ALBADEYAH
TradeChannel: HFS Small T.G.
hash: 2fcc5b955b9c96c30373fd6a59a5333e044339abc10ea90e37ad54b953e7c02f
2019/12/14 | 18:54:32 | INFO | [32m[2019-12-14 18:54:32 DEBUG	vault_processor][39m\nCustID: 274380001060300
Name: ALHAZEMI
TradeChannel: HFS Small T.G.
hash: d81c2a14fce0d25ddf44e9802d546b4cbbd0c0e9d98bdba0aaa0a4f36c0e03c6
2019/12/14 | 18:54:32 | INFO | [32m[2019-12-14 18:54:32 DEBUG	vault_processor][39m\nCustID: 274380001060305
Name: ALFATH 1
TradeChannel: HFS Small T.G.
hash: b59b6e610e78ca26aff2a2cc188cc2479f1e7525fd06e5167e5b518f48edffd0
2019/12/14 | 18:54:32 | INFO | [32m[2019-12-14 18:54:32 DEBUG	vault_processor][39m\nCustID: 274380001060407
Name: ALOBOR ALSEYAHI
TradeChannel: HFS Small T.G.
hash: 92fdf66aa8a2299d45641d011a95984eed335fd0b39b51404b63075fed89a103
2019/12/14 | 18:54:32 | INFO | [32m[2019-12-14 18:54:32 DEBUG	vault_processor][39m\nCustID: 274380001060603
Name: ALHARAMIN CENTER
TradeChannel: HFS Small T.G.
hash: 1fb0955ada74af917473e3f1be68c0de5079cdc8eebecd701df732420ccd1338
2019/12/14 | 18:54:32 | INFO | [32m[2019-12-14 18:54:32 DEBUG	vault_processor][39m\nCustID: 274380001060610
Name: ALSOFYANI CENTER
TradeChannel: HFS Small T.G.
hash: d047dae3881ea6c5cf53df1713b758298f3a98633b86ca0dc91f8c0db11e0ba7
2019/12/14 | 18:54:32 | INFO | [32m[2019-12-14 18:54:32 DEBUG	vault_processor][39m\nCustID: 274380001060628
Name: ALMOLTAQA
TradeChannel: HFS Small T.G.
hash: 9f2d26bf8ef1273a269da059692ea1cb5ec9c092cd782abfb17cff730b0b9c43
2019/12/14 | 18:54:32 | INFO | [32m[2019-12-14 18:54:32 DEBUG	vault_processor][39m\nCustID: 274380001060972
Name: TAMWINAT FOR FOOD
TradeChannel: HFS Small T.G.
hash: b720744b5ff8f4fc1dd90a31233df006011a1c9039cccfbd266ca72bccc9dfce
2019/12/14 | 18:54:32 | INFO | [32m[2019-12-14 18:54:32 DEBUG	vault_processor][39m\nCustID: 274380001060715
Name: ZAD TO FOOD TAMWENAT
TradeChannel: HFS Small T.G.
hash: 1d158bc234e961204d83612b0064d6ae7e8602ccd8cca28f380962c992f7f247
2019/12/14 | 18:54:32 | INFO | [32m[2019-12-14 18:54:32 DEBUG	vault_processor][39m\nCustID: 274380001061009
Name: ALKHAIRAT
TradeChannel: HFS Small T.G.
hash: bc889147d947b097a0feeac599198131bab96d701805b19e9f1fb8671caf28fb
2019/12/14 | 18:54:32 | INFO | [32m[2019-12-14 18:54:32 DEBUG	vault_processor][39m\nCustID: 274380001061122
Name: ALMOTLAQ
TradeChannel: HFS Small T.G.
hash: ec1fa1d078bba9d83b9865dd910b75095a7910c196fecbe40a0ca004a8d7ec32
2019/12/14 | 18:54:32 | INFO | [32m[2019-12-14 18:54:32 DEBUG	vault_processor][39m\nCustID: 274380001061097
Name: GHAZAAL ALSAHRAA
TradeChannel: Discounters T.G
hash: f486e935ba7cf73704dbcad855483c36f7095df8e4115efe581f55c81898045b
2019/12/14 | 18:54:32 | INFO | [32m[2019-12-14 18:54:32 DEBUG	vault_processor][39m\nCustID: 274380001061206
Name: ALTAMIMI
TradeChannel: Discounters T.G
hash: 93d4ed6f4ded0673e7a191cd4ea8eecf7171e7cefc8b592b2c0b3356d55c435e
2019/12/14 | 18:54:32 | INFO | [32m[2019-12-14 18:54:32 DEBUG	vault_processor][39m\nCustID: 274380001061212
Name: SULTAN
TradeChannel: HFS Small T.G.
hash: 36670fd7b3ec8d9565088affaf765b34e569b0aba71ead857a1da4aba3d2c618
2019/12/14 | 18:54:32 | INFO | [32m[2019-12-14 18:54:32 DEBUG	vault_processor][39m\nCustID: 274380001049670
Name: MEQBEL SHAFY
TradeChannel: HFS Small T.G.
hash: 8c10b8c0f4d2523ebbf0aa5d7fb79bb6f7c5b83e1475f8d1f2e5878616767305
2019/12/14 | 18:54:32 | INFO | [32m[2019-12-14 18:54:32 DEBUG	vault_processor][39m\nCustID: 274380001049995
Name: HUDA ALASEERY
TradeChannel: HFS Small T.G.
hash: 7392a312576d329a641d0750a80a62f5ba125970654f9850e3e4b8a9c355486e
2019/12/14 | 18:54:32 | INFO | [32m[2019-12-14 18:54:32 DEBUG	vault_processor][39m\nCustID: 274380001047168
Name: ALRASHEDI
TradeChannel: HFS Small T.G.
hash: 0ded3a26e5766f8276db3368c5f2cdd69c45e5cfe9f616a1a03ec2b3558e9d94
2019/12/14 | 18:54:32 | INFO | [32m[2019-12-14 18:54:32 DEBUG	vault_processor][39m\nCustID: 274380001048684
Name: SHEETH STORE
TradeChannel: HFS Small T.G.
hash: 687c28ac3bddb2410ca38ea38d3db661a0a3fb2e4a35671c09f60d9ffe4112d8
2019/12/14 | 18:54:32 | INFO | [32m[2019-12-14 18:54:32 DEBUG	vault_processor][39m\nCustID: 274380001045118
Name: ALHOLOL
TradeChannel: HFS Small T.G.
hash: 4caae6caeef073793386ce83ebe2f5106569fa3e114adaf78bbb127c7f2f1199
2019/12/14 | 18:54:32 | INFO | [32m[2019-12-14 18:54:32 DEBUG	vault_processor][39m\nCustID: 274380001061349
Name: ALBOSTAN
TradeChannel: HFS Small T.G.
hash: 2052a69bf59a615f0e8f3fe51c80ef8007ce5c63dc70ca75fb5c6b64fd60ead2
2019/12/14 | 18:54:32 | INFO | [32m[2019-12-14 18:54:32 DEBUG	vault_processor][39m\nCustID: 274380001061514
Name: ALMADINAH
TradeChannel: HFS Small T.G.
hash: 0f7fea67807be5e085d33a180bc9bd1840ef80b8bc88e75ac922b260d05890c8
2019/12/14 | 18:54:32 | INFO | [32m[2019-12-14 18:54:32 DEBUG	vault_processor][39m\nCustID: 274380001062030
Name: KAMEEL
TradeChannel: HFS Small T.G.
hash: 77b6098ef789d51baf8cf1b9b6ee2912016ca16fb64975910b7559384da462ac
2019/12/14 | 18:54:32 | INFO | [32m[2019-12-14 18:54:32 DEBUG	vault_processor][39m\nCustID: 274380001062035
Name: KAWKAB ALARD
TradeChannel: HFS Small T.G.
hash: 91c3d196c2390b2d2ec3d68b8694061523ae7615cc9affd1903eb75de23555e9
2019/12/14 | 18:54:32 | INFO | [32m[2019-12-14 18:54:32 DEBUG	vault_processor][39m\nCustID: 274380001062063
Name: ALKHALDEYAH
TradeChannel: HFS Small T.G.
hash: 88a7de8687fb0119179b64da1a8d95002ea917e740dd6ff1c8135a9f1cd41562
2019/12/14 | 18:54:32 | INFO | [32m[2019-12-14 18:54:32 DEBUG	vault_processor][39m\nCustID: 274380001062187
Name: AL TASAN
TradeChannel: HFS Small T.G.
hash: 8f1ce0f99acbb7753c1259f97a8d997aa42c7af7d6338a4ce021ccf666422340
Continuing to vault_processor.1576349672182.log
