2019/12/14 | 18:42:25 | INFO | [32m[2019-12-14 18:42:25 DEBUG	vault_processor][39m\nCustID: 274380001052152
Name: AL SALAM
TradeChannel: HFS Small T.G.
hash: 5c1ec0df8191652311f686f557c709d10f0f558373a27390d81288041bb85477
******************************************************************************************
**
** Perfect Logger Logging System
** Application Version          : 1.0
** Perfect-Logger Version       : 1.5.2
** Application Start Time (UTC) : 18:40:00 2019/12/14
**
** Copyright 2018 Team whileLOOP
**
******************************************************************************************
**
** Log Number               : #14
** Continuing from Log File : vault_processor.1576348945549.log
** Log Start Time (UTC)     : 18:42:25 2019/12/14
**
******************************************************************************************
2019/12/14 | 18:42:25 | INFO | [32m[2019-12-14 18:42:25 DEBUG	vault_processor][39m\nCustID: 274380001059951
Name: ALMATAR ALHADEETH MARKET
TradeChannel: HFS Small T.G.
hash: 103d0a19a75ee001040e4222b17ec04de47a8d914d12c83d29003399b4860309
2019/12/14 | 18:42:25 | INFO | [32m[2019-12-14 18:42:25 DEBUG	vault_processor][39m\nCustID: 274380001053305
Name: BAWAZEER PHARMACY
TradeChannel: RVO Pharma
hash: 889da64f92b072cc3a68717039b010ddf9e4f67cb9dbe0de6328737aae463da4
2019/12/14 | 18:42:25 | INFO | [32m[2019-12-14 18:42:25 DEBUG	vault_processor][39m\nCustID: 274380001052745
Name: MAHTAT ALTAJ
TradeChannel: HFS Small T.G.
hash: eeac0c5a838144ea184e42dfc48d0d411c47e949568813ae5cff6f7dba32c1fe
2019/12/14 | 18:42:25 | INFO | [32m[2019-12-14 18:42:25 DEBUG	vault_processor][39m\nCustID: 274380001060069
Name: ALSAAD
TradeChannel: HFS Small T.G.
hash: f08d9a048386a1774dce29deee88e5d94b75ac6433e5f552af41b3c35c73a59e
2019/12/14 | 18:42:25 | INFO | [32m[2019-12-14 18:42:25 DEBUG	vault_processor][39m\nCustID: 274380001060787
Name: ALHAMMAD Complex
TradeChannel: HFS Small T.G.
hash: f1ba1d74bfb3f2d0ecdabc59b0c0fcfac9e3c2ab1b9629bd09f8c8c571943b66
2019/12/14 | 18:42:25 | INFO | [32m[2019-12-14 18:42:25 DEBUG	vault_processor][39m\nCustID: 274380001060937
Name: Altamayz
TradeChannel: HFS Small T.G.
hash: 7dedd053858f45715820f49b3deec23a354a52f3cc5280875a57b3dc2e590b38
2019/12/14 | 18:42:25 | INFO | [32m[2019-12-14 18:42:25 DEBUG	vault_processor][39m\nCustID: 274380001060789
Name: ALHUJILAN ALFAIZEYAH
TradeChannel: HFS Small T.G.
hash: 317512b04f5bba629f685f1ed6d1af793f060f02a8cf3f817a54aa47f47bbb21
2019/12/14 | 18:42:25 | INFO | [32m[2019-12-14 18:42:25 DEBUG	vault_processor][39m\nCustID: 274380001060969
Name: ALROSHODI
TradeChannel: HFS Small T.G.
hash: 6b7137a6bcf61e3460745f9aa700f0ca7a867c8632049fbfd320a7f4bf4e6269
2019/12/14 | 18:42:25 | INFO | [32m[2019-12-14 18:42:25 DEBUG	vault_processor][39m\nCustID: 274380001060993
Name: ALREMAL
TradeChannel: HFS Small T.G.
hash: 5d2fda47dd45b2889498d1fc602e1f562f0e5b62199c2a23a32bc58aa4114161
2019/12/14 | 18:42:25 | INFO | [32m[2019-12-14 18:42:25 DEBUG	vault_processor][39m\nCustID: 274380001061014
Name: MOR ALSAIL
TradeChannel: HFS Small T.G.
hash: da19451c8d519f1a8e759ca2a1923ec5bf17177e37d9f3af731521ebdfda4d18
2019/12/14 | 18:42:25 | INFO | [32m[2019-12-14 18:42:25 DEBUG	vault_processor][39m\nCustID: 274380001061050
Name: ALMOSHOIQEH
TradeChannel: HFS Small T.G.
hash: 290f365a9fadaa8fcdad959a20c37325aa95b0517be02ac3d24b9f2651391598
2019/12/14 | 18:42:25 | INFO | [32m[2019-12-14 18:42:25 DEBUG	vault_processor][39m\nCustID: 274380001061082
Name: ALEQTISAD STAITION
TradeChannel: HFS Small T.G.
hash: 7c605a3218a8ba3fb373a8cfa9c96269c6fe924eefa5fc2612c78b04d336dfec
2019/12/14 | 18:42:25 | INFO | [32m[2019-12-14 18:42:25 DEBUG	vault_processor][39m\nCustID: 274380001061087
Name: WAFAA ABDULRAHMAN
TradeChannel: HFS Small T.G.
hash: 16040ffd564bab978145a55d0486ac8ae887fc0e1f39b944a54d356fe4761120
2019/12/14 | 18:42:25 | INFO | [32m[2019-12-14 18:42:25 DEBUG	vault_processor][39m\nCustID: 274380001061111
Name: ALQOWISERAH
TradeChannel: HFS Small T.G.
hash: cb2609ee0e633dac7381ee2f78a0ba1d15de7fa060dac66bedc022e18fbc7e95
2019/12/14 | 18:42:25 | INFO | [32m[2019-12-14 18:42:25 DEBUG	vault_processor][39m\nCustID: 274380001061144
Name: ALSEDEARI
TradeChannel: HFS Small T.G.
hash: 0059f6658251f65afb3d93852202369af81e0340fb05f0bf4bfc256107cbfd62
2019/12/14 | 18:42:25 | INFO | [32m[2019-12-14 18:42:25 DEBUG	vault_processor][39m\nCustID: 274380001061256
Name: ALEJTEYAZ
TradeChannel: HFS Small T.G.
hash: 14723619946f0696eb9b5ef74812fed5cd4f33e6d5a491b1a859e86ef60bcf10
2019/12/14 | 18:42:25 | INFO | [32m[2019-12-14 18:42:25 DEBUG	vault_processor][39m\nCustID: 274380001061310
Name: TAMWENAT ALSEARI
TradeChannel: HFS Small T.G.
hash: 90bf275c438eceb2a50b7ac53875adae853a856896a22f0d54d01268b2c0c38b
2019/12/14 | 18:42:25 | INFO | [32m[2019-12-14 18:42:25 DEBUG	vault_processor][39m\nCustID: 274380001061315
Name: Romanah
TradeChannel: HFS Small T.G.
hash: 640e3766d170ac3f8aa786bc9180276605549948dad5a16d21f5377ac8c7db70
2019/12/14 | 18:42:25 | INFO | [32m[2019-12-14 18:42:25 DEBUG	vault_processor][39m\nCustID: 274380001061366
Name: ALFREADI
TradeChannel: HFS Small T.G.
hash: 1c31c2188fe9a411178093a3c3060a45c25b2301017863e91dc00b7ecbab2f12
2019/12/14 | 18:42:25 | INFO | [32m[2019-12-14 18:42:25 DEBUG	vault_processor][39m\nCustID: 274380001061478
Name: ALBEROJ
TradeChannel: HFS Small T.G.
hash: de3d74257385b9965ad44bb851d4dedf846d76fa33458c2a67de0d13063ec2f4
2019/12/14 | 18:42:25 | INFO | [32m[2019-12-14 18:42:25 DEBUG	vault_processor][39m\nCustID: 274380001061555
Name: ALDURAH
TradeChannel: HFS Small T.G.
hash: 9a3a08c0841e72278b96665f12648168635785c2e73abb1f98842a280c23ed61
2019/12/14 | 18:42:25 | INFO | [32m[2019-12-14 18:42:25 DEBUG	vault_processor][39m\nCustID: 274380001051161
Name: ALFAISAL
TradeChannel: HFS Small T.G.
hash: 233cf5e7b992cc051b1484ef425fd21a4ecb11fde34cd111062ee7a28384ac6d
2019/12/14 | 18:42:25 | INFO | [32m[2019-12-14 18:42:25 DEBUG	vault_processor][39m\nCustID: 274380001053304
Name: NOUF PHARMACY
TradeChannel: RVO Pharma
hash: 66e90b9e5ed39ada04d506f2f427df20e2163a18fa459a00f8974f34fea0d3a1
2019/12/14 | 18:42:25 | INFO | [32m[2019-12-14 18:42:25 DEBUG	vault_processor][39m\nCustID: 274380001046985
Name: OSRATY
TradeChannel: HFS Small T.G.
hash: 6c45a3d0fb0a7d8844c1f49b1babf26dcff4f7a911d70d2e83490e5a8bd6c69e
2019/12/14 | 18:42:25 | INFO | [32m[2019-12-14 18:42:25 DEBUG	vault_processor][39m\nCustID: 274380001047059
Name: SULTAN
TradeChannel: HFS Small T.G.
hash: a746e8a5951aebed362a739c25c557dbae9edaa504dab6bbcfa186275e99b985
2019/12/14 | 18:42:25 | INFO | [32m[2019-12-14 18:42:25 DEBUG	vault_processor][39m\nCustID: 274380001059658
Name: ZAIN ALABDEEN
TradeChannel: HFS Small T.G.
hash: a8e362de47daed0ca380e29afa4fc804d3c51eaa9c40d4a38884cb20d4f3f207
2019/12/14 | 18:42:25 | INFO | [32m[2019-12-14 18:42:25 DEBUG	vault_processor][39m\nCustID: 274380001059699
Name: ABULMOHSIN
TradeChannel: HFS Small T.G.
hash: 0c342f3402aa25663df852749b18de198a9469b187e33fc0d3b144d8366d8bc7
2019/12/14 | 18:42:25 | INFO | [32m[2019-12-14 18:42:25 DEBUG	vault_processor][39m\nCustID: 274380001055270
Name: AL SENAN
TradeChannel: HFS Small T.G.
hash: e7efac446ffd0c33f2c87d873cf26937aa007167e8f5f8606a4d1a0ca88e6138
2019/12/14 | 18:42:25 | INFO | [32m[2019-12-14 18:42:25 DEBUG	vault_processor][39m\nCustID: 274380001055539
Name: ALMENHALI
TradeChannel: HFS Small T.G.
hash: ebb1d8592b08b489bb75d25b3768c4bfbdfa8da110c0d0d27a644e296a93d1a7
2019/12/14 | 18:42:25 | INFO | [32m[2019-12-14 18:42:25 DEBUG	vault_processor][39m\nCustID: 274380001047815
Name: ALWEAM SUPERMARKET
TradeChannel: HFS Small T.G.
hash: a814ea43ec80a71190439403f14771db5589974ea6e1aceecb18d7c45babec4d
2019/12/14 | 18:42:25 | INFO | [32m[2019-12-14 18:42:25 DEBUG	vault_processor][39m\nCustID: 274380001048026
Name: AL ARHABEEL
TradeChannel: HFS Small T.G.
hash: 1e10c8d17673f2f6c8a519be586b63ec2065e754f95e750a605d3afcb5ce70cc
2019/12/14 | 18:42:25 | INFO | [32m[2019-12-14 18:42:25 DEBUG	vault_processor][39m\nCustID: 274380001051630
Name: ALMARWAH
TradeChannel: HFS Small T.G.
hash: 241c1464f5e9b7dd1eb5d884b4eb7d1fbf64497795f5654ecadbe6107b690890
2019/12/14 | 18:42:25 | INFO | [32m[2019-12-14 18:42:25 DEBUG	vault_processor][39m\nCustID: 274380001053297
Name: MOHAMAD QADAH EST.PAHRMACY
TradeChannel: RVO Pharma
hash: 8727b830a5367ad50a6f6b03ee6fd613bc25aeb834c281a4dafb435e5f17df7b
2019/12/14 | 18:42:25 | INFO | [32m[2019-12-14 18:42:25 DEBUG	vault_processor][39m\nCustID: 274380001054482
Name: QARYAT ALMOSTAHLIK
TradeChannel: HFS Small T.G.
hash: 808d0a58e7e213927cb9d0d12db546204c9847304e2975d40ecc798b562a560e
2019/12/14 | 18:42:25 | INFO | [32m[2019-12-14 18:42:25 DEBUG	vault_processor][39m\nCustID: 274380001058426
Name: RASHID
TradeChannel: HFS Small T.G.
hash: 33dc00f3583562b35b6c7d646f51a981feddab5cecab23c7b2eb9ae50fea22c2
2019/12/14 | 18:42:25 | INFO | [32m[2019-12-14 18:42:25 DEBUG	vault_processor][39m\nCustID: 274380001058579
Name: ALBADUR
TradeChannel: HFS Small T.G.
hash: a60c4a2ca0c9e09d6888aaf7671386bb5b932067178e371215db5c2471eeee69
2019/12/14 | 18:42:25 | INFO | [32m[2019-12-14 18:42:25 DEBUG	vault_processor][39m\nCustID: 274380001061566
Name: ALGHARBIAH
TradeChannel: HFS Small T.G.
hash: 40a5521e2ff797b3d26a6144fa22ca19bfd3b484fe7ec3ab124e5a7a27dd9db1
2019/12/14 | 18:42:26 | INFO | [32m[2019-12-14 18:42:26 DEBUG	vault_processor][39m\nCustID: 274380001061623
Name: ALMGHAMSI
TradeChannel: HFS Small T.G.
hash: 572f94142df8f2d946688bfc247f98453d28045961514308744f08bebd0049d5
2019/12/14 | 18:42:26 | INFO | [32m[2019-12-14 18:42:26 DEBUG	vault_processor][39m\nCustID: 274380001061914
Name: ALFAHAD
TradeChannel: HFS Small T.G.
hash: 4c51d89e121cc04062602b1aaceb6478945be8798e8c3f62e1dea4864dc053e2
2019/12/14 | 18:42:26 | INFO | [32m[2019-12-14 18:42:26 DEBUG	vault_processor][39m\nCustID: 274380001061926
Name: ABDULRAHMAN ALHASSAN
TradeChannel: HFS Small T.G.
hash: 030ba1afee1c1072b5bcf57f2edd627b8e2f28ffe9b41ff862437bab40d5dab1
2019/12/14 | 18:42:26 | INFO | [32m[2019-12-14 18:42:26 DEBUG	vault_processor][39m\nCustID: 274380001062028
Name: ALSADIQ
TradeChannel: HFS Small T.G.
hash: 37b70252f6c65b778fbc3ec3894a85940baab5d428178b4c8f67f9bd60e6f40d
2019/12/14 | 18:42:26 | INFO | [32m[2019-12-14 18:42:26 DEBUG	vault_processor][39m\nCustID: 274380001062192
Name: SAAD RASHID
TradeChannel: HFS Small T.G.
hash: 7ca91917b840659210ae6dd1f574a1b4e08c957eae4b60f22f13868e07c6044c
2019/12/14 | 18:42:26 | INFO | [32m[2019-12-14 18:42:26 DEBUG	vault_processor][39m\nCustID: 274380001062193
Name: ALAWAEL
TradeChannel: HFS Small T.G.
hash: 10de2c60436baa6843890d2a49b403f73fb07d239ed73fcb9d3d2cf5c4ecc389
2019/12/14 | 18:42:26 | INFO | [32m[2019-12-14 18:42:26 DEBUG	vault_processor][39m\nCustID: 274380001062195
Name: ALADREYAH
TradeChannel: HFS Small T.G.
hash: f52d37ed79ce1d67866c6fa574250306c579360e86f323dde16c5190b5377adb
2019/12/14 | 18:42:26 | INFO | [32m[2019-12-14 18:42:26 DEBUG	vault_processor][39m\nCustID: 274380001062778
Name: AZZAM
TradeChannel: HFS Small T.G.
hash: f77e21370e5f00e2e9271dc3ff4c6897ab889129e82f4ce09afc4140eff1f23e
2019/12/14 | 18:42:26 | INFO | [32m[2019-12-14 18:42:26 DEBUG	vault_processor][39m\nCustID: 274380001062806
Name: ALDAR ALBAIDAA
TradeChannel: HFS Small T.G.
hash: 34dd43320c404bed216048a95cf2276829090b3886d51fd1a5da798936b571c0
2019/12/14 | 18:42:26 | INFO | [32m[2019-12-14 18:42:26 DEBUG	vault_processor][39m\nCustID: 274380001062817
Name: ROKN ALANJAL
TradeChannel: HFS Small T.G.
hash: f66635ad1d7a66a24aa439ac821b30c335ddf5671d1f395d68c3c051ee75fc3c
2019/12/14 | 18:42:26 | INFO | [32m[2019-12-14 18:42:26 DEBUG	vault_processor][39m\nCustID: 274380001062984
Name: ALBADIAH TAMWENAT
TradeChannel: HFS Small T.G.
hash: de8a1427db7c19e72ac1b28bfd3f5caf0a0550a21b857646bdc99ae3d8695b16
2019/12/14 | 18:42:26 | INFO | [32m[2019-12-14 18:42:26 DEBUG	vault_processor][39m\nCustID: 274380001062790
Name: IBRAHIM BIN ZAID
TradeChannel: HFS Small T.G.
hash: 307320dde3742454f7071f55c3ea3a2281848f8823e9eb314c90ad01aa799bbe
2019/12/14 | 18:42:26 | INFO | [32m[2019-12-14 18:42:26 DEBUG	vault_processor][39m\nCustID: 274380001047171
Name: MANAHIL CENTER 2
TradeChannel: HFS Small T.G.
hash: 399e748bbe578798522fe57c435f9f372ceb0b66e67ca03fd2119088d7ba3cf0
2019/12/14 | 18:42:26 | INFO | [32m[2019-12-14 18:42:26 DEBUG	vault_processor][39m\nCustID: 274380001057638
Name: AFIAH
TradeChannel: HFS Small T.G.
hash: 499e6db61ca035408aeeafbe4d7535feb01e4889e7a07424e896aebcaa7635e4
2019/12/14 | 18:42:26 | INFO | [32m[2019-12-14 18:42:26 DEBUG	vault_processor][39m\nCustID: 274380001055723
Name: NAWAF
TradeChannel: HFS Small T.G.
hash: 3b93837d39aae568c0f1f4fa508e092aaac3b144552bf98d1b9bd7d7981d9ea7
2019/12/14 | 18:42:26 | INFO | [32m[2019-12-14 18:42:26 DEBUG	vault_processor][39m\nCustID: 274380001060755
Name: ROKN ALTAMWIN
TradeChannel: HFS Small T.G.
hash: 2a88a83084afd893c2d703d216cefff58bef6f29342639709b7e853d46d4d03c
2019/12/14 | 18:42:26 | INFO | [32m[2019-12-14 18:42:26 DEBUG	vault_processor][39m\nCustID: 274380001058320
Name: supermarket Al Danoub
TradeChannel: HFS Small T.G.
hash: ed512dd44ee4c0c9c9935f0a01aedaa08c2779d2d48e9b509fd1f7f18bd0d34a
2019/12/14 | 18:42:26 | INFO | [32m[2019-12-14 18:42:26 DEBUG	vault_processor][39m\nCustID: 274380001058425
Name: TURKI
TradeChannel: HFS Small T.G.
hash: f6d4ad0be90d8dea051243196167384e55b606c0235db391b5da797e2b852e33
2019/12/14 | 18:42:26 | INFO | [32m[2019-12-14 18:42:26 DEBUG	vault_processor][39m\nCustID: 274380001059712
Name: ZAKI ALGHAMEDI
TradeChannel: HFS Small T.G.
hash: 7ec5cdc6677cab6f04fb3bb0c38ce33828b44227496c1600e4dbf67b6a6b684a
2019/12/14 | 18:42:26 | INFO | [32m[2019-12-14 18:42:26 DEBUG	vault_processor][39m\nCustID: 274380001060947
Name: Tarifi
TradeChannel: HFS Small T.G.
hash: 46152ea623bdcc76182c4a7dc2d59a39db75d810782a3e27e446b517cdb3909f
2019/12/14 | 18:42:26 | INFO | [32m[2019-12-14 18:42:26 DEBUG	vault_processor][39m\nCustID: 274380001061030
Name: ALSHEFAA
TradeChannel: HFS Small T.G.
hash: 12c66071d8c94dc2477e16d02e500377e3fd838cbe875110aa55b5ad640f5647
2019/12/14 | 18:42:26 | INFO | [32m[2019-12-14 18:42:26 DEBUG	vault_processor][39m\nCustID: 274380001061145
Name: ALOTAIBI
TradeChannel: HFS Small T.G.
hash: fe17ae3ffd291d00c8914b6eb64c923d6f78d85bf8f0e5fe13c4e83e4275e770
2019/12/14 | 18:42:26 | INFO | [32m[2019-12-14 18:42:26 DEBUG	vault_processor][39m\nCustID: 274380001057291
Name: FAHAD
TradeChannel: HFS Small T.G.
hash: 450dc1f6c63c8c248f80f6764c59c876b2f85f48efacf5572f9266a9adc22348
2019/12/14 | 18:42:26 | INFO | [32m[2019-12-14 18:42:26 DEBUG	vault_processor][39m\nCustID: 274380001058380
Name: ALSOBAIAI
TradeChannel: HFS Small T.G.
hash: ad42e445f26f9835db99628130cba7ceb2b4b966b79395e6018aae91fc0efbdc
2019/12/14 | 18:42:26 | INFO | [32m[2019-12-14 18:42:26 DEBUG	vault_processor][39m\nCustID: 274380001058582
Name: ALSEFI
TradeChannel: HFS Small T.G.
hash: 841782bf0d882c3a1a1c298f60f157ed54c588e50df6569d82fc3496b21ec741
2019/12/14 | 18:42:26 | INFO | [32m[2019-12-14 18:42:26 DEBUG	vault_processor][39m\nCustID: 274380001060102
Name: ALSALAM
TradeChannel: HFS Small T.G.
hash: a9e39a587845c93b109830b256ec81366ff3b68d8c74f50ba74b549833f4719f
2019/12/14 | 18:42:26 | INFO | [32m[2019-12-14 18:42:26 DEBUG	vault_processor][39m\nCustID: 274380001060836
Name: AHMAD
TradeChannel: HFS Small T.G.
hash: d3311e96c8119366529af649990f7536939d1d137ceb63713679240f5494b657
2019/12/14 | 18:42:26 | INFO | [32m[2019-12-14 18:42:26 DEBUG	vault_processor][39m\nCustID: 274380001061102
Name: AMAL ALBARIJAH
TradeChannel: HFS Small T.G.
hash: bd16bb0668ba1951bef78afb2acebcefdbe82d98f554146fa21d08aa3828037d
2019/12/14 | 18:42:26 | INFO | [32m[2019-12-14 18:42:26 DEBUG	vault_processor][39m\nCustID: 274380001046060
Name: ALHAMRAA
TradeChannel: HFS Small T.G.
hash: fc58d5771d3c3bef818d558cba5b821cc8341f34b757f017e1836a36d3bc038f
2019/12/14 | 18:42:26 | INFO | [32m[2019-12-14 18:42:26 DEBUG	vault_processor][39m\nCustID: 274380001046074
Name: ALQUDS
TradeChannel: HFS Small T.G.
hash: 002baabd72dbbc4cf218a82f8014952b99aefab62794cf7d04ae9bd062e56c66
2019/12/14 | 18:42:26 | INFO | [32m[2019-12-14 18:42:26 DEBUG	vault_processor][39m\nCustID: 274380001061212
Name: SULTAN
TradeChannel: HFS Small T.G.
hash: 36670fd7b3ec8d9565088affaf765b34e569b0aba71ead857a1da4aba3d2c618
2019/12/14 | 18:42:26 | INFO | [32m[2019-12-14 18:42:26 DEBUG	vault_processor][39m\nCustID: 274380001061563
Name: TAIBAH
TradeChannel: HFS Small T.G.
hash: 28c57680b7777c3de59dcf41453d1a916c1dbdf107eaa100fb830c615dfa17a6
2019/12/14 | 18:42:26 | INFO | [32m[2019-12-14 18:42:26 DEBUG	vault_processor][39m\nCustID: 274380001062413
Name: ALSHEHABIAH bqalah
TradeChannel: HFS Small T.G.
hash: f9af3710ba4a4923b6fb09171fc186d58ca37b57d7f96210c30995e4f80ccd37
2019/12/14 | 18:42:26 | INFO | [32m[2019-12-14 18:42:26 DEBUG	vault_processor][39m\nCustID: 274380001062019
Name: ALMASA 2
TradeChannel: HFS Small T.G.
hash: af47adb6f7da3aaff2a072ad481d06c5a53a31e7edd7f66e4e1b456a2fe6b5a2
2019/12/14 | 18:42:26 | INFO | [32m[2019-12-14 18:42:26 DEBUG	vault_processor][39m\nCustID: 274380001062952
Name: ZAHRAT ALSWSAN
TradeChannel: HFS Small T.G.
hash: 432aed8ae80594f2b7c67f7bbde9dc5939af184d077f8c340f168a0b523b5c31
2019/12/14 | 18:42:26 | INFO | [32m[2019-12-14 18:42:26 DEBUG	vault_processor][39m\nCustID: 274380001063362
Name: ALFAWAZ
TradeChannel: HFS Small T.G.
hash: 0738f5b8fa2e61da7061e7f8989821294bc67bcfa951439fc628a3ec951a1c25
2019/12/14 | 18:42:26 | INFO | [32m[2019-12-14 18:42:26 DEBUG	vault_processor][39m\nCustID: 274380001063578
Name: ALABRAJ
TradeChannel: HFS Small T.G.
hash: ae12cc1cf9b263d7c2e3f958c627469a407a71fb16baff6bc1d4ad439f43851b
2019/12/14 | 18:42:26 | INFO | [32m[2019-12-14 18:42:26 DEBUG	vault_processor][39m\nCustID: 274380001049315
Name: ALUSRAH
TradeChannel: HFS Small T.G.
hash: df03a5d548071fb9ce15c16407d1aff3c48b38862f1eae67cab2c35a9d5172ff
2019/12/14 | 18:42:26 | INFO | [32m[2019-12-14 18:42:26 DEBUG	vault_processor][39m\nCustID: 274380001048424
Name: ALNAKHLAH
TradeChannel: HFS Small T.G.
hash: 9237a107a4feb97ecd4fe750afbbaa959d2503282910036d57a86e94b5641481
2019/12/14 | 18:42:26 | INFO | [32m[2019-12-14 18:42:26 DEBUG	vault_processor][39m\nCustID: 274380001063714
Name: ALFADLI
TradeChannel: HFS Small T.G.
hash: 76b4c41a83b99ee6dd89a9ce4e0903d6c81d8c0c5c58d1bb3297a75f7faa7301
2019/12/14 | 18:42:26 | INFO | [32m[2019-12-14 18:42:26 DEBUG	vault_processor][39m\nCustID: 274380001066769
Name: N/A
TradeChannel: HFS Small T.G.
hash: 38949a5592affcbb4186091a6c5e00e8e5e2514801c6816497ccab835d22f2ce
2019/12/14 | 18:42:26 | INFO | [32m[2019-12-14 18:42:26 DEBUG	vault_processor][39m\nCustID: 274380001067387
Name: alwably
TradeChannel: HFS Small T.G.
hash: 8eab9ffe8b64b26c5ebc0a5cceaa1ac9986adc97d90fae3fea0ac56dc38d7073
2019/12/14 | 18:42:26 | INFO | [32m[2019-12-14 18:42:26 DEBUG	vault_processor][39m\nCustID: 274380001067480
Name: ALANKE TO FOOD EST.
TradeChannel: HFS Small T.G.
hash: 973de4a107e82876ab8fa768231e16d16ef39a69cfafc9b66fc0f972b42832c0
2019/12/14 | 18:42:26 | INFO | [32m[2019-12-14 18:42:26 DEBUG	vault_processor][39m\nCustID: 274380001067503
Name: nurah althaweny grocery
TradeChannel: HFS Small T.G.
hash: e005bb4f75e58f78e15e8785c74821b66121c3454d2011ff957a6d08e9b18016
2019/12/14 | 18:42:26 | INFO | [32m[2019-12-14 18:42:26 DEBUG	vault_processor][39m\nCustID: 274380001067559
Name: Azza Hanik
TradeChannel: HFS Small T.G.
hash: 0b355893a7c73e526fdddcf4adf83b7b53a1c48e58974eead0b33b3dcba6d892
2019/12/14 | 18:42:26 | INFO | [32m[2019-12-14 18:42:26 DEBUG	vault_processor][39m\nCustID: 274380001067586
Name: ALSMEHAN
TradeChannel: HFS Small T.G.
hash: 854e8ae4fc83ea83d09befb4908d78b443649aa82d454d29b91577a22d1db765
2019/12/14 | 18:42:26 | INFO | [32m[2019-12-14 18:42:26 DEBUG	vault_processor][39m\nCustID: 274380001067590
Name: BET ALBLASTECE
TradeChannel: HFS Small T.G.
hash: 8ac82f3ca715974a9cb39e378a0bca95fb4f610afa81e412032629dc6e7cd93d
2019/12/14 | 18:42:26 | INFO | [32m[2019-12-14 18:42:26 DEBUG	vault_processor][39m\nCustID: 274380001067603
Name: SWQE ABO ASHRA RIYAL
TradeChannel: HFS Small T.G.
hash: fd7fd47e34e97c134c451d697c0876e359c0242c38423e20cd1a55b33e911389
2019/12/14 | 18:42:26 | INFO | [32m[2019-12-14 18:42:26 DEBUG	vault_processor][39m\nCustID: 274380001067613
Name: T/ALBGADY
TradeChannel: HFS Small T.G.
hash: 7083a96f1dd3547c093bc79aa5399126f6269351296a20b47a7284d49288059d
2019/12/14 | 18:42:26 | INFO | [32m[2019-12-14 18:42:26 DEBUG	vault_processor][39m\nCustID: 274380001067616
Name: T/ALKAHLDY 2
TradeChannel: HFS Small T.G.
hash: 63602f40573afb282ec4fa53edabed935f7d07b57f428302e81a9dccf94af44e
2019/12/14 | 18:42:26 | INFO | [32m[2019-12-14 18:42:26 DEBUG	vault_processor][39m\nCustID: 274380001067684
Name: t / almuteery
TradeChannel: HFS Small T.G.
hash: c8a4a7e7d6abc7f85309703d42076a50b3ec33213c80bbc4218e051967e65664
2019/12/14 | 18:42:26 | INFO | [32m[2019-12-14 18:42:26 DEBUG	vault_processor][39m\nCustID: 274380001067707
Name: SALAT ALGEZAA
TradeChannel: HFS Small T.G.
hash: 16a8cc661b0d43ce1a61f155c51b4e83f0a3b0696172fd7b4866dd8ed17b2267
2019/12/14 | 18:42:26 | INFO | [32m[2019-12-14 18:42:26 DEBUG	vault_processor][39m\nCustID: 274380001067722
Name: Aloabeli Marketing
TradeChannel: HFS Small T.G.
hash: 6f27c3df40c28fb733d00d45277656334bb7f7ffa213433d86fec82d6219777b
2019/12/14 | 18:42:26 | INFO | [32m[2019-12-14 18:42:26 DEBUG	vault_processor][39m\nCustID: 274380001067807
Name: albrgs2
TradeChannel: HFS Small T.G.
hash: 96a22cff4b1b2d7897a2c64e3ee44154b6854635ddcc16369971c9393062a318
2019/12/14 | 18:42:26 | INFO | [32m[2019-12-14 18:42:26 DEBUG	vault_processor][39m\nCustID: 274380001067833
Name: Tamoinat Jood
TradeChannel: HFS Small T.G.
hash: 1d424d3be8509822787d31ebec13858b6fa7f69cfc01e2c56ef71c7fcfdffb11
2019/12/14 | 18:42:26 | INFO | [32m[2019-12-14 18:42:26 DEBUG	vault_processor][39m\nCustID: 274380001067930
Name: alshaab grocery
TradeChannel: HFS Small T.G.
hash: a2001ac94cb7d2448a744ed1eb67ae91a4cdfa0ddd4ce0706ad2a7138707f792
2019/12/14 | 18:42:26 | INFO | [32m[2019-12-14 18:42:26 DEBUG	vault_processor][39m\nCustID: 274380001061264
Name: ALNAJEH
TradeChannel: HFS Small T.G.
hash: 7347137212e792267b58086f0e2da41cdd26b7e17f8d486d8d603c58bfb71ab7
2019/12/14 | 18:42:26 | INFO | [32m[2019-12-14 18:42:26 DEBUG	vault_processor][39m\nCustID: 274380001061338
Name: ALABRAJ
TradeChannel: HFS Small T.G.
hash: de82345a7a217694684cc4c7521ac326081e146e6f1088d85ace4387106f912f
2019/12/14 | 18:42:26 | INFO | [32m[2019-12-14 18:42:26 DEBUG	vault_processor][39m\nCustID: 274380001062357
Name: markaz ALARD ALKHADRAA
TradeChannel: HFS Small T.G.
hash: 5b875f469763a5f6d4e694df3ebb14014b6dfa6a710eba3d589aa9f128463da1
2019/12/14 | 18:42:26 | INFO | [32m[2019-12-14 18:42:26 DEBUG	vault_processor][39m\nCustID: 274380001062556
Name: ALQUDS
TradeChannel: HFS Small T.G.
hash: e88c2d76ecdb7fd8403a4ec17b0cebfcf95b1b28bcbf4a624ac87af7b6e1b70d
2019/12/14 | 18:42:26 | INFO | [32m[2019-12-14 18:42:26 DEBUG	vault_processor][39m\nCustID: 274380001048577
Name: KHALID
TradeChannel: HFS Small T.G.
hash: 9ec384b11f674291b9aafe131c13be10a61e192472ee99c44cc51aef9251ff5e
2019/12/14 | 18:42:26 | INFO | [32m[2019-12-14 18:42:26 DEBUG	vault_processor][39m\nCustID: 274380001061471
Name: ANWAR ALBADAYEA
TradeChannel: HFS Small T.G.
hash: fa7825cab2e931df8fff0f1293ecc5a058937e40cfb4df5f71d8880856ad773a
2019/12/14 | 18:42:26 | INFO | [32m[2019-12-14 18:42:26 DEBUG	vault_processor][39m\nCustID: 274380001062579
Name: ALRAWDAH
TradeChannel: HFS Small T.G.
hash: a3821d8e3b56dfdfb9fc9522c5763859a8966e8015a2c07e583717d238f2ce96
Continuing to vault_processor.1576348947828.log
