******************************************************************************************
**
** Perfect Logger Logging System
** Application Version          : 1.0
** Perfect-Logger Version       : 1.5.2
** Application Start Time (UTC) : 18:49:52 2019/12/14
**
** Copyright 2018 Team whileLOOP
**
******************************************************************************************
**
** Log Number               : #6
** Continuing from Log File : vault_processor.1576349612021.log
** Log Start Time (UTC)     : 18:53:32 2019/12/14
**
******************************************************************************************
2019/12/14 | 18:53:32 | INFO | [32m[2019-12-14 18:53:32 DEBUG	vault_processor][39m\nCustID: 274380001050794
Name: ZEIAD 1
TradeChannel: HFS Small T.G.
hash: f2ff828f480b42cc215aa613e2554e2ff42782f2433971fcb5f50b0675050914
2019/12/14 | 18:53:32 | INFO | [32m[2019-12-14 18:53:32 DEBUG	vault_processor][39m\nCustID: 274380001050981
Name: ALHEMMEDY
TradeChannel: HFS Small T.G.
hash: 471a777f23148e65ea529721323deba8719410fdce9ca6f523f16b5d069ccef5
2019/12/14 | 18:53:32 | INFO | [32m[2019-12-14 18:53:32 DEBUG	vault_processor][39m\nCustID: 274380001051006
Name: ALBARAKAH
TradeChannel: HFS Small T.G.
hash: b500dd61550047c4275ab27b91d716aee9a291c41dd6afc7a54cc5595e193eae
2019/12/14 | 18:53:32 | INFO | [32m[2019-12-14 18:53:32 DEBUG	vault_processor][39m\nCustID: 274380001052707
Name: ALAIELAH 2 STORES
TradeChannel: HFS Small T.G.
hash: cb4234978b9633bb78d75877c2639e5a97186ab9f313fe9f8cd81be9a8e7ba81
2019/12/14 | 18:53:32 | INFO | [32m[2019-12-14 18:53:32 DEBUG	vault_processor][39m\nCustID: 274380001052775
Name: MARKAZ MAKKAH
TradeChannel: HFS Small T.G.
hash: cbe633a9742a641a6744c79c827d2ddaa708102f16784beb4cc4c7c931b71deb
2019/12/14 | 18:53:32 | INFO | [32m[2019-12-14 18:53:32 DEBUG	vault_processor][39m\nCustID: 274380001053342
Name: AL-FARES PHARMACY
TradeChannel: RVO Pharma
hash: e7cdf3d1f5d9a88687c9ccfcaa0dec2df24175df7e0ba0e210b37921f87fbc56
2019/12/14 | 18:53:32 | INFO | [32m[2019-12-14 18:53:32 DEBUG	vault_processor][39m\nCustID: 274380001053684
Name: ALAWAEL
TradeChannel: HFS Small T.G.
hash: 19c01c171dee87b0b63e1402c6121d06d222ad579ccb6ca17464889575eb789e
2019/12/14 | 18:53:32 | INFO | [32m[2019-12-14 18:53:32 DEBUG	vault_processor][39m\nCustID: 274380001054940
Name: ABU GHAZI
TradeChannel: HFS Small T.G.
hash: b17696420105e8ed361ece32572ab0b41d74fb014fb4cf89c660eddfc5760d1e
2019/12/14 | 18:53:32 | INFO | [32m[2019-12-14 18:53:32 DEBUG	vault_processor][39m\nCustID: 274380001055156
Name: Grocery MARHABA
TradeChannel: HFS Small T.G.
hash: 946ff508b1ca90586379e9715b9b42bb999ef9a640ecb3b75ed445d06e5dd9d5
2019/12/14 | 18:53:32 | INFO | [32m[2019-12-14 18:53:32 DEBUG	vault_processor][39m\nCustID: 274380001055188
Name: ALATLAL
TradeChannel: HFS Small T.G.
hash: 88a49c393a97719bfbe7e05515d4865a80fc9087e9114deed414ecaab65e820f
2019/12/14 | 18:53:32 | INFO | [32m[2019-12-14 18:53:32 DEBUG	vault_processor][39m\nCustID: 274380001052055
Name: ALKHEDRAWI
TradeChannel: HFS Small T.G.
hash: b726b79a4171d1df43f0660260084155d51d86f07d8847975a6df8d2fc7b5040
2019/12/14 | 18:53:32 | INFO | [32m[2019-12-14 18:53:32 DEBUG	vault_processor][39m\nCustID: 274380001052573
Name: TAMWINAT ABDULLAH
TradeChannel: HFS Small T.G.
hash: d2549d2e9548d6810c0c197082c6cc73401fa15c36c6bb439bde1b18c4b136b0
2019/12/14 | 18:53:32 | INFO | [32m[2019-12-14 18:53:32 DEBUG	vault_processor][39m\nCustID: 274380001047503
Name: ALBADRANI
TradeChannel: HFS Small T.G.
hash: 3d1b3a118bb0a2120d44f5b35578f91f1c77efeb142b1b286715c328cb8f270c
2019/12/14 | 18:53:32 | INFO | [32m[2019-12-14 18:53:32 DEBUG	vault_processor][39m\nCustID: 274380001055031
Name: BADR ALBAWASIL
TradeChannel: HFS Small T.G.
hash: 687e77416a33405bbf71ca2c6b1f77f5fb0ef2bf6688d8a1593644f4b3443c61
2019/12/14 | 18:53:32 | INFO | [32m[2019-12-14 18:53:32 DEBUG	vault_processor][39m\nCustID: 274380001055423
Name: YEHYA MOHAMMAD AYED
TradeChannel: HFS Small T.G.
hash: ddcfce6e322bd9460441f9fffbd9e6dd395a32bde670249684f71bb5d142a0da
2019/12/14 | 18:53:32 | INFO | [32m[2019-12-14 18:53:32 DEBUG	vault_processor][39m\nCustID: 274380001055425
Name: MARKET ALMADINAH
TradeChannel: HFS Small T.G.
hash: 403533ead8ea1459daa3369f5d23ae0fb5219eb04d2057294fff36737b95f8ab
2019/12/14 | 18:53:32 | INFO | [32m[2019-12-14 18:53:32 DEBUG	vault_processor][39m\nCustID: 274380001055436
Name: ALJAZEERA
TradeChannel: HFS Small T.G.
hash: 3e3368e1c4496f1074026ac6236459e2216f30a0302c89080cd91587a6ec0c44
2019/12/14 | 18:53:32 | INFO | [32m[2019-12-14 18:53:32 DEBUG	vault_processor][39m\nCustID: 274380001055641
Name: SAIF
TradeChannel: HFS Small T.G.
hash: d8309696a1716c8a4567d3e3f55f3d23086f8004f55c80471384cef340ed664a
2019/12/14 | 18:53:32 | INFO | [32m[2019-12-14 18:53:32 DEBUG	vault_processor][39m\nCustID: 274380001055703
Name: YASLEM
TradeChannel: HFS Small T.G.
hash: 6062d819a2b9ca43fc987fd1f2f6ce842f5b5e21e5c5a2f0888923bc273da60d
2019/12/14 | 18:53:32 | INFO | [32m[2019-12-14 18:53:32 DEBUG	vault_processor][39m\nCustID: 274380001055706
Name: MUBARAK
TradeChannel: HFS Small T.G.
hash: 9c5a168035c79bbd4705b98bf8e1ec6df3fa416e53cf9fd0aa360f77a131d1c0
2019/12/14 | 18:53:32 | INFO | [32m[2019-12-14 18:53:32 DEBUG	vault_processor][39m\nCustID: 274380001055773
Name: WABRQ
TradeChannel: HFS Small T.G.
hash: 86bb84ca6d61e17d548bc58e381694ed1d9fe109d778f0dfbfd2d6dcd37a524f
2019/12/14 | 18:53:32 | INFO | [32m[2019-12-14 18:53:32 DEBUG	vault_processor][39m\nCustID: 274380001055690
Name: MATAR LAFI ALADEM
TradeChannel: HFS Small T.G.
hash: a50dac75eb7f561c087e1f85d048676219c5146d7b075969a31e304c6dd8fd6c
2019/12/14 | 18:53:32 | INFO | [32m[2019-12-14 18:53:32 DEBUG	vault_processor][39m\nCustID: 274380001055775
Name: SMAHAH
TradeChannel: HFS Small T.G.
hash: d8540010e7ccd72668bb40e8c999d24b226af2e28edef4f3d724bd54728b399d
2019/12/14 | 18:53:32 | INFO | [32m[2019-12-14 18:53:32 DEBUG	vault_processor][39m\nCustID: 274380001056070
Name: ALHADEQA ALMARKAZIAH
TradeChannel: HFS Small T.G.
hash: c229db34743e77f8de8eb7bed848cbee6895b259dbb5252426b5a041b46e3b61
2019/12/14 | 18:53:32 | INFO | [32m[2019-12-14 18:53:32 DEBUG	vault_processor][39m\nCustID: 274380001056228
Name: ALMAZIL
TradeChannel: HFS Small T.G.
hash: fc74d9741af3c93780c2652ae384607f5b675adc92d909595e35843eaf4c1408
2019/12/14 | 18:53:32 | INFO | [32m[2019-12-14 18:53:32 DEBUG	vault_processor][39m\nCustID: 274380001048927
Name: FAISAL
TradeChannel: HFS Small T.G.
hash: ecabc92b48280e791c85ef9882453c9c3a99f3e557e2aec3752b4a5991bc8618
2019/12/14 | 18:53:32 | INFO | [32m[2019-12-14 18:53:32 DEBUG	vault_processor][39m\nCustID: 274380001049868
Name: HALA 3
TradeChannel: HFS Small T.G.
hash: 1bd88ac7605b48960442348046acd5601a2a80ce444f916010d1eaea4b0b8d63
2019/12/14 | 18:53:32 | INFO | [32m[2019-12-14 18:53:32 DEBUG	vault_processor][39m\nCustID: 274380001050267
Name: WADY ALSALAM
TradeChannel: HFS Small T.G.
hash: b48fafd8e9e072874a94c7bf36239390c542ea7f93491ab87c9bf423cdf2c85a
2019/12/14 | 18:53:32 | INFO | [32m[2019-12-14 18:53:32 DEBUG	vault_processor][39m\nCustID: 274380001056293
Name: Meena Supermarket
TradeChannel: HFS Small T.G.
hash: e98cf37243122ae4ee181686ae4049df2206e5ff5bc03ad027d3abd98ab6fe70
2019/12/14 | 18:53:32 | INFO | [32m[2019-12-14 18:53:32 DEBUG	vault_processor][39m\nCustID: 274380001056309
Name: MAGED ALMARKAZYA
TradeChannel: HFS Small T.G.
hash: 92e345fb95a7ffdf492da1ace6cb7d52437df86985464ad933d63a0ec0e3a7e3
2019/12/14 | 18:53:32 | INFO | [32m[2019-12-14 18:53:32 DEBUG	vault_processor][39m\nCustID: 274380001056637
Name: AL AZIZIAH CENTERAL MARKET
TradeChannel: MT Tier 2
hash: fafa410d3c48e2564c75dfb15473e447752a2a3facc2a146488dfcaebc96a057
2019/12/14 | 18:53:32 | INFO | [32m[2019-12-14 18:53:32 DEBUG	vault_processor][39m\nCustID: 274380001058209
Name: ALMOJ ALAZRAG
TradeChannel: HFS Small T.G.
hash: a2a9c32ee115f5aae18b7300e7c087156042c4b7f5f4fa108eb583f47f21d161
2019/12/14 | 18:53:32 | INFO | [32m[2019-12-14 18:53:32 DEBUG	vault_processor][39m\nCustID: 274380001058358
Name: WATANA
TradeChannel: HFS Small T.G.
hash: 2f529bb7ca97678733afd1063ae58dbe22c709fb9e8809f8836bcf57e43a31ac
2019/12/14 | 18:53:32 | INFO | [32m[2019-12-14 18:53:32 DEBUG	vault_processor][39m\nCustID: 274380001059200
Name: ALZAHRAA
TradeChannel: HFS Small T.G.
hash: 105e1656855216d78f07f8b75a8da369fc20139b44c9dc82ad7b9e2927432657
2019/12/14 | 18:53:32 | INFO | [32m[2019-12-14 18:53:32 DEBUG	vault_processor][39m\nCustID: 274380001058829
Name: ALAHMARI
TradeChannel: HFS Small T.G.
hash: 02011cd8aa88e5c80d2851fed3b35f34091ff6b3ccdad75ee934b960ad81b75f
2019/12/14 | 18:53:32 | INFO | [32m[2019-12-14 18:53:32 DEBUG	vault_processor][39m\nCustID: 274380001059135
Name: ALTANMIAH
TradeChannel: HFS Small T.G.
hash: 0c4addda285d0abb5edaa1af2257ef8520960b8335d83cbb47fa65cdc3abe90e
2019/12/14 | 18:53:32 | INFO | [32m[2019-12-14 18:53:32 DEBUG	vault_processor][39m\nCustID: 274380001059202
Name: ASWAQ YASIR
TradeChannel: HFS Small T.G.
hash: 9ba3911fda2fae2c9c3596481659e504dbe466957894fed3b825939d8dc3e8bc
2019/12/14 | 18:53:32 | INFO | [32m[2019-12-14 18:53:32 DEBUG	vault_processor][39m\nCustID: 274380001050633
Name: ALQAHEEZ
TradeChannel: HFS Small T.G.
hash: 122901c38268909e6d0b7857b9dfe4de313a75f16993b459a160b698f7799bff
2019/12/14 | 18:53:32 | INFO | [32m[2019-12-14 18:53:32 DEBUG	vault_processor][39m\nCustID: 274380001055782
Name: markaz BIN HABIB
TradeChannel: HFS Small T.G.
hash: 19636c087f397c8d36cba201ad6282601502c4a77d0ee5774e25151236c56049
2019/12/14 | 18:53:32 | INFO | [32m[2019-12-14 18:53:32 DEBUG	vault_processor][39m\nCustID: 274380001057891
Name: ALOMARI
TradeChannel: HFS Small T.G.
hash: 161bc7ff1a54852dad5243d43fe7224d6cdc69a9eae80342273c95d60f78d70a
2019/12/14 | 18:53:32 | INFO | [32m[2019-12-14 18:53:32 DEBUG	vault_processor][39m\nCustID: 274380001059203
Name: MESHAL ALSUNAIEI
TradeChannel: HFS Small T.G.
hash: 95b9723164254691f8a551ba8b9b8f843dcdfbdd485f1eca9ba61e8359534cfa
2019/12/14 | 18:53:32 | INFO | [32m[2019-12-14 18:53:32 DEBUG	vault_processor][39m\nCustID: 274380001059239
Name: AL MUNAIF
TradeChannel: HFS Small T.G.
hash: 2a02c8d378f4c4c9329eb3f0a77fd24afc724b9c3107b90e3974ee5040491584
2019/12/14 | 18:53:32 | INFO | [32m[2019-12-14 18:53:32 DEBUG	vault_processor][39m\nCustID: 274380001059139
Name: ALMOTLAG
TradeChannel: HFS Small T.G.
hash: 3e95de54b48ea43cab44eaeb579792290c37088fd60df800ca96256a3dd4cffc
2019/12/14 | 18:53:32 | INFO | [32m[2019-12-14 18:53:32 DEBUG	vault_processor][39m\nCustID: 274380001059227
Name: SOUQ 99
TradeChannel: HFS Small T.G.
hash: 9c9294b0a541c43a56795bb7cb6c49d0d37f8274a3fd6ab581c7943ada62b6e9
2019/12/14 | 18:53:32 | INFO | [32m[2019-12-14 18:53:32 DEBUG	vault_processor][39m\nCustID: 274380001057893
Name: ALJAZERAH
TradeChannel: HFS Small T.G.
hash: d20ba0a18345ae854577d270a32eb64930fd6292cf4ebeaf8846f2fa37e0b2aa
2019/12/14 | 18:53:32 | INFO | [32m[2019-12-14 18:53:32 DEBUG	vault_processor][39m\nCustID: 274380001059268
Name: ALSHATI
TradeChannel: HFS Small T.G.
hash: 4c16453327e95040fae181526b8d2076515e35e645385cb2499d4599cc11b748
2019/12/14 | 18:53:32 | INFO | [32m[2019-12-14 18:53:32 DEBUG	vault_processor][39m\nCustID: 274380001059314
Name: Gorcery ALMOHTARAM
TradeChannel: HFS Small T.G.
hash: 484a3158a95d1d65f5087530c52399d003a2cd282f3d7a67a4d0be13e9f54a0d
2019/12/14 | 18:53:32 | INFO | [32m[2019-12-14 18:53:32 DEBUG	vault_processor][39m\nCustID: 274380001059317
Name: ALRIYADH
TradeChannel: HFS Small T.G.
hash: 16cc0837a21bd14e1724652d9cb534163ca24d74e4890b1556cc3922bc0e80d1
2019/12/14 | 18:53:32 | INFO | [32m[2019-12-14 18:53:32 DEBUG	vault_processor][39m\nCustID: 274380001059598
Name: ALWATANI
TradeChannel: HFS Small T.G.
hash: c4943dea5dc5481af3ae0b68fa43d9ab5afdf9ac0bfba6c784c0d89fee0b67c5
2019/12/14 | 18:53:32 | INFO | [32m[2019-12-14 18:53:32 DEBUG	vault_processor][39m\nCustID: 274380001059599
Name: ALBOSTAN
TradeChannel: HFS Small T.G.
hash: ddeec75520779b89ec88d2cad50abebbf76cd1fe3ffabeea6baa4594dff82b9f
2019/12/14 | 18:53:32 | INFO | [32m[2019-12-14 18:53:32 DEBUG	vault_processor][39m\nCustID: 274380001059697
Name: WARDAT ALFAKHREYA
TradeChannel: HFS Small T.G.
hash: 38f820d068122791957472f761689f5db200a53c404fa2520150a0dacc2e2396
2019/12/14 | 18:53:32 | INFO | [32m[2019-12-14 18:53:32 DEBUG	vault_processor][39m\nCustID: 274380001059700
Name: ALSAMAH
TradeChannel: HFS Small T.G.
hash: e690c4e0f1e806829adcc7e22de5f7a7e43af7a4fbc3f1605a8453b4f8768ee5
2019/12/14 | 18:53:32 | INFO | [32m[2019-12-14 18:53:32 DEBUG	vault_processor][39m\nCustID: 274380001059708
Name: ROKN SALEH
TradeChannel: HFS Small T.G.
hash: e2551ca1202c6d5cf31f07b605b52be4456eaa757cefc21a76a3947b4b48f0f8
2019/12/14 | 18:53:32 | INFO | [32m[2019-12-14 18:53:32 DEBUG	vault_processor][39m\nCustID: 274380001059709
Name: ALAMIR METAB
TradeChannel: HFS Small T.G.
hash: 03a9137f4ae47c64bcd56f40a0836208d0b87b1b4d489a68e16a018754212734
2019/12/14 | 18:53:32 | INFO | [32m[2019-12-14 18:53:32 DEBUG	vault_processor][39m\nCustID: 274380001059755
Name: TOOT FOR Food Supply
TradeChannel: HFS Small T.G.
hash: e0021797150596c80e54c878213c2c15e419506377c2635c86d67b56acddd854
2019/12/14 | 18:53:32 | INFO | [32m[2019-12-14 18:53:32 DEBUG	vault_processor][39m\nCustID: 274380001050997
Name: FAHAD ALSHEMARY
TradeChannel: HFS Small T.G.
hash: c628ebf47afeb7ef91d7019c3e21e06837407c41b05b5cb317b4b78db710c3ab
2019/12/14 | 18:53:32 | INFO | [32m[2019-12-14 18:53:32 DEBUG	vault_processor][39m\nCustID: 274380001052152
Name: AL SALAM
TradeChannel: HFS Small T.G.
hash: 5c1ec0df8191652311f686f557c709d10f0f558373a27390d81288041bb85477
Continuing to vault_processor.1576349615936.log
