******************************************************************************************
**
** Perfect Logger Logging System
** Application Version          : 1.0
** Perfect-Logger Version       : 1.5.2
** Application Start Time (UTC) : 18:49:52 2019/12/14
**
** Copyright 2018 Team whileLOOP
**
******************************************************************************************
**
** Log Number               : #30
** Continuing from Log File : vault_processor.1576349646436.log
** Log Start Time (UTC)     : 18:54:06 2019/12/14
**
******************************************************************************************
2019/12/14 | 18:54:06 | INFO | [32m[2019-12-14 18:54:06 DEBUG	vault_processor][39m\nCustID: 274380001054095
Name: ALREHAB
TradeChannel: HFS Small T.G.
hash: e9c312abf5ea6e2445841f93ee422be45bb22cda1f95ed10d9eeeaa9b194a22a
2019/12/14 | 18:54:06 | INFO | [32m[2019-12-14 18:54:06 DEBUG	vault_processor][39m\nCustID: 274380001054096
Name: ABDRBHU
TradeChannel: HFS Small T.G.
hash: 2852f726fbe91df7d6ab0fce0d0075366e1dbf3cf221a59e9523a1b8f2177b7d
2019/12/14 | 18:54:06 | INFO | [32m[2019-12-14 18:54:06 DEBUG	vault_processor][39m\nCustID: 274380001059067
Name: JEDDAH STORE
TradeChannel: HFS Small T.G.
hash: 451426d7bb51eef3f454d4d6f67d6ffde42dd7bb5008f0b1e1594ac798b7cdaa
2019/12/14 | 18:54:06 | INFO | [32m[2019-12-14 18:54:06 DEBUG	vault_processor][39m\nCustID: 274380001059951
Name: ALMATAR ALHADEETH MARKET
TradeChannel: HFS Small T.G.
hash: 103d0a19a75ee001040e4222b17ec04de47a8d914d12c83d29003399b4860309
2019/12/14 | 18:54:06 | INFO | [32m[2019-12-14 18:54:06 DEBUG	vault_processor][39m\nCustID: 274380001060781
Name: ALEJTEYAZ SHOP
TradeChannel: HFS Small T.G.
hash: 0a49e6f8ad98cceaaf65adbb7db986d5fe6b31975b18bba09f4cc92ee4006704
2019/12/14 | 18:54:06 | INFO | [32m[2019-12-14 18:54:06 DEBUG	vault_processor][39m\nCustID: 274380001060952
Name: ALSHAREEDAH For accessories
TradeChannel: HFS Small T.G.
hash: 095749b9403f26fdb9cf7144b8060b26880fdc03f91bbdac3adfc58253c9af81
2019/12/14 | 18:54:06 | INFO | [32m[2019-12-14 18:54:06 DEBUG	vault_processor][39m\nCustID: 274380001061263
Name: ALSAUDIAH
TradeChannel: HFS Small T.G.
hash: e54157b6d185c98972215e74b625cb095d8f4db70e781855ae33a9d8614f330a
2019/12/14 | 18:54:06 | INFO | [32m[2019-12-14 18:54:06 DEBUG	vault_processor][39m\nCustID: 274380001061320
Name: WALEED
TradeChannel: HFS Small T.G.
hash: 807cf7b02c4aad8be7dc0042a4afc657a3d7bcaea6586b8dd46778bd0a625314
2019/12/14 | 18:54:06 | INFO | [32m[2019-12-14 18:54:06 DEBUG	vault_processor][39m\nCustID: 274380001049197
Name: BAQAALAT ALWATAN
TradeChannel: HFS Small T.G.
hash: a0367566f0d998129d4dbc07177653e62c70cda246aadb7cc10ad2aa0ec6a94c
2019/12/14 | 18:54:06 | INFO | [32m[2019-12-14 18:54:06 DEBUG	vault_processor][39m\nCustID: 274380001056042
Name: MARKAZ DUBAI
TradeChannel: HFS Small T.G.
hash: b062f3dd3a0f306bc0dd77c76547ef1b32c5d4ba4d894cf9e59429f01048af61
2019/12/14 | 18:54:06 | INFO | [32m[2019-12-14 18:54:06 DEBUG	vault_processor][39m\nCustID: 274380001056087
Name: ALMANARAH
TradeChannel: HFS Small T.G.
hash: 4ba81144cadbc5f503359b43cc26ca0d2460a7e0c97abb12e8346800c1e31e8c
2019/12/14 | 18:54:06 | INFO | [32m[2019-12-14 18:54:06 DEBUG	vault_processor][39m\nCustID: 274380001056308
Name: ALASWAQ ALMARKAZYA
TradeChannel: HFS Small T.G.
hash: c53087ede09e28f654b5d5230158650c4e98732eb03755e55db03c19171e1a92
2019/12/14 | 18:54:06 | INFO | [32m[2019-12-14 18:54:06 DEBUG	vault_processor][39m\nCustID: 274380001056808
Name: ALRAYAN
TradeChannel: HFS Small T.G.
hash: 1e6199668e84ae9dde2f3d56e6e631c4fa99adf60794b7f8b250f265c9b95cc3
2019/12/14 | 18:54:06 | INFO | [32m[2019-12-14 18:54:06 DEBUG	vault_processor][39m\nCustID: 274380001061946
Name: ALRAJA
TradeChannel: HFS Small T.G.
hash: 2e32afef43e767cee1ef2988f7d11cf6f8703327c3a43c07fdff060872473531
2019/12/14 | 18:54:06 | INFO | [32m[2019-12-14 18:54:06 DEBUG	vault_processor][39m\nCustID: 274380001061964
Name: ALHANAN
TradeChannel: HFS Small T.G.
hash: f0a285153b22bec597327bfe865634007b8434e9fb0d8b73834b3269275594fd
2019/12/14 | 18:54:06 | INFO | [32m[2019-12-14 18:54:06 DEBUG	vault_processor][39m\nCustID: 274380001062197
Name: ALWADI ALAKHDAR
TradeChannel: HFS Small T.G.
hash: 537bb53a2ec9956a8398280c458615dbee9245cd24bebc47fe55973c081c5d1c
2019/12/14 | 18:54:06 | INFO | [32m[2019-12-14 18:54:06 DEBUG	vault_processor][39m\nCustID: 274380001062200
Name: BIN NOWIHED
TradeChannel: HFS Small T.G.
hash: d272eec2a7dfae3e8f8583516a183f754e1b085ddc346f3b1227fa87352e2596
2019/12/14 | 18:54:06 | INFO | [32m[2019-12-14 18:54:06 DEBUG	vault_processor][39m\nCustID: 274380001062213
Name: QASR LOLO
TradeChannel: HFS Small T.G.
hash: 2b75fba77a0a4e01d5788c6c5052e824237e9681fa92df7e2252615ee34147de
2019/12/14 | 18:54:06 | INFO | [32m[2019-12-14 18:54:06 DEBUG	vault_processor][39m\nCustID: 274380001062445
Name: ALBARAKA 1
TradeChannel: HFS Small T.G.
hash: b7022d911aeb6ca9790263c4ba955fcf7e73a75c3fcefdcece5cf1db12aa1a57
2019/12/14 | 18:54:06 | INFO | [32m[2019-12-14 18:54:06 DEBUG	vault_processor][39m\nCustID: 274380001062461
Name: ALASIMAH
TradeChannel: HFS Small T.G.
hash: 55e9bc85776d5da0b5cf2bdad9c3a80818b34a3a114fc57213a4c41e72bd5cc4
2019/12/14 | 18:54:06 | INFO | [32m[2019-12-14 18:54:06 DEBUG	vault_processor][39m\nCustID: 274380001062963
Name: AHMAD DAHI
TradeChannel: HFS Small T.G.
hash: f72639ff625257e7cbf526bed164721bc05a2f35597079adaeb4fbf0bcc2329e
2019/12/14 | 18:54:06 | INFO | [32m[2019-12-14 18:54:06 DEBUG	vault_processor][39m\nCustID: 274380001062984
Name: ALBADIAH TAMWENAT
TradeChannel: HFS Small T.G.
hash: de8a1427db7c19e72ac1b28bfd3f5caf0a0550a21b857646bdc99ae3d8695b16
2019/12/14 | 18:54:06 | INFO | [32m[2019-12-14 18:54:06 DEBUG	vault_processor][39m\nCustID: 274380001063300
Name: ALNOMANI
TradeChannel: HFS Small T.G.
hash: 0d4fb6a60d0409b3ed9fc7f7093855ab87d3a4f26cab106b20bc73080daf8726
2019/12/14 | 18:54:06 | INFO | [32m[2019-12-14 18:54:06 DEBUG	vault_processor][39m\nCustID: 274380001063344
Name: ASWAQ ALRADENI
TradeChannel: HFS Small T.G.
hash: 7678f29f1baa5ac1ce93d1cb5b5dc75c7c2487ccf045623ddccb1db229d85007
2019/12/14 | 18:54:06 | INFO | [32m[2019-12-14 18:54:06 DEBUG	vault_processor][39m\nCustID: 274380001063432
Name: ALAETEDAL
TradeChannel: HFS Small T.G.
hash: 83f26623b57936d95d56d6c3bd8d325802ffa2a18cb4892990917daade935056
2019/12/14 | 18:54:06 | INFO | [32m[2019-12-14 18:54:06 DEBUG	vault_processor][39m\nCustID: 274380001063439
Name: ALYABES
TradeChannel: HFS Small T.G.
hash: e6634aeec35a1ad75c3d960487a13899b6216cd4e4a12bf89ef1467955f4c8be
2019/12/14 | 18:54:06 | INFO | [32m[2019-12-14 18:54:06 DEBUG	vault_processor][39m\nCustID: 274380001063490
Name: ALANDALUS
TradeChannel: HFS Small T.G.
hash: 996d8cf2020c3979b89bbfd511aa84c8e768b2d8cfed763ca4df62a71ffa9a74
2019/12/14 | 18:54:06 | INFO | [32m[2019-12-14 18:54:06 DEBUG	vault_processor][39m\nCustID: 274380001063518
Name: ILAK 2
TradeChannel: HFS Small T.G.
hash: fa8dcb3222eae0c7b2d5aba23e8c6786541cad4b93b4626b3916dabd79e837ea
2019/12/14 | 18:54:06 | INFO | [32m[2019-12-14 18:54:06 DEBUG	vault_processor][39m\nCustID: 274380001063704
Name: ALFALEH
TradeChannel: HFS Small T.G.
hash: daad3f0bdd4e0702e9917ee389009c3420f0b6b4a828286c9aa97d4a53c88e69
2019/12/14 | 18:54:06 | INFO | [32m[2019-12-14 18:54:06 DEBUG	vault_processor][39m\nCustID: 274380001063710
Name: ASWAQ BA ESHEN 2
TradeChannel: HFS Small T.G.
hash: c733d527f2516b944ef4a95eff594d720c0f1b890d47cd4e5e4aff3b384138b6
2019/12/14 | 18:54:06 | INFO | [32m[2019-12-14 18:54:06 DEBUG	vault_processor][39m\nCustID: 274380001063870
Name: ISTANBOL
TradeChannel: HFS Small T.G.
hash: f24f0b58864f55fafeaba925c8bd41bc66172de919b582e917cc1fa91d7640fe
2019/12/14 | 18:54:06 | INFO | [32m[2019-12-14 18:54:06 DEBUG	vault_processor][39m\nCustID: 274380001057038
Name: ALATTAS
TradeChannel: HFS Small T.G.
hash: f93d5b5a3d6556b7780f59be8f59f1463a6d7898ac5cfd310687640317247a75
2019/12/14 | 18:54:06 | INFO | [32m[2019-12-14 18:54:06 DEBUG	vault_processor][39m\nCustID: 274380001060713
Name: SUKAN ALHAI
TradeChannel: HFS Small T.G.
hash: cb3b620439b6e96ea76726c4a1c0ce226f2e653d02cfcd04c73ee11beb94fb79
2019/12/14 | 18:54:06 | INFO | [32m[2019-12-14 18:54:06 DEBUG	vault_processor][39m\nCustID: 274380001058591
Name: ALJAZERAH
TradeChannel: HFS Small T.G.
hash: 49ea13ed2ed340132035c45f9d6e0283455a48e9ce37ef43087bd3f55f7e48b2
2019/12/14 | 18:54:06 | INFO | [32m[2019-12-14 18:54:06 DEBUG	vault_processor][39m\nCustID: 274380001060823
Name: ALMOHAWAS
TradeChannel: HFS Small T.G.
hash: 6edcfae7f2b5acf753075c03cc769023a7e43925ee62cbefa29b88044775c173
2019/12/14 | 18:54:06 | INFO | [32m[2019-12-14 18:54:06 DEBUG	vault_processor][39m\nCustID: 274380001061137
Name: FAHAD ALMASHOH
TradeChannel: HFS Small T.G.
hash: 298dc30527a4ccfaeff2276e023282dbb9fd021c7b413c05c57af13ba4905888
2019/12/14 | 18:54:06 | INFO | [32m[2019-12-14 18:54:06 DEBUG	vault_processor][39m\nCustID: 274380001061941
Name: TAMWINAT ALREHAB
TradeChannel: HFS Small T.G.
hash: e30fffe1d7a19c334d41e73bf0b0bec98abbc0de4d16bffd83c965dfbf0646e7
2019/12/14 | 18:54:06 | INFO | [32m[2019-12-14 18:54:06 DEBUG	vault_processor][39m\nCustID: 274380001051352
Name: MOHAMED AL-RUBAYAN
TradeChannel: HFS Small T.G.
hash: cf7175d4bb5eacef4f4369c7deb0c96b29f3d4c3f8dd4ecf30174bc8ad877f27
2019/12/14 | 18:54:06 | INFO | [32m[2019-12-14 18:54:06 DEBUG	vault_processor][39m\nCustID: 274380001052697
Name: AMAYER ALHAMRAA STORES
TradeChannel: HFS Small T.G.
hash: 38392fd27d784bd6c4e4052aa404e4a88238e14f2a796b314eda7d8da3b53812
2019/12/14 | 18:54:06 | INFO | [32m[2019-12-14 18:54:06 DEBUG	vault_processor][39m\nCustID: 274380001053111
Name: MOKTAT ALHODA
TradeChannel: HFS Small T.G.
hash: 2d0f5d5327d0e9b9bd5bf9f240c8acdc032e004e4cf35f786b143903b529a9a1
2019/12/14 | 18:54:06 | INFO | [32m[2019-12-14 18:54:06 DEBUG	vault_processor][39m\nCustID: 274380001053115
Name: AMEEN
TradeChannel: HFS Small T.G.
hash: 344fccb76357cd2e03b5725e5915c046b96d44a48718efc827f29ab95b094279
2019/12/14 | 18:54:06 | INFO | [32m[2019-12-14 18:54:06 DEBUG	vault_processor][39m\nCustID: 274380001053116
Name: HALTIT AL GERESE
TradeChannel: HFS Small T.G.
hash: 282d67bd67255cc2bae554d9f6bdf93d28802c0b398993574811e9368e4f0c63
2019/12/14 | 18:54:06 | INFO | [32m[2019-12-14 18:54:06 DEBUG	vault_processor][39m\nCustID: 274380001053275
Name: AFAAQ AL-SAHA PHARMACY
TradeChannel: RVO Pharma
hash: a1deba191479b0086aa2467f2dd54fe8c1c758ee042f591f9f667e38adad2975
Continuing to vault_processor.1576349646837.log
