2019/12/14 | 18:55:17 | INFO | [32m[2019-12-14 18:55:17 DEBUG	vault_processor][39m\nCustID: 274380001085482
Name: N/A
TradeChannel: HFS Small T.G.
hash: ddbe63a7b07e35e577e52cd67d5f620c07e7f7d39c868fa9a6dcdbb7c149e6e8
******************************************************************************************
**
** Perfect Logger Logging System
** Application Version          : 1.0
** Perfect-Logger Version       : 1.5.2
** Application Start Time (UTC) : 18:49:52 2019/12/14
**
** Copyright 2018 Team whileLOOP
**
******************************************************************************************
**
** Log Number               : #86
** Continuing from Log File : vault_processor.1576349717064.log
** Log Start Time (UTC)     : 18:55:17 2019/12/14
**
******************************************************************************************
2019/12/14 | 18:55:17 | INFO | [32m[2019-12-14 18:55:17 DEBUG	vault_processor][39m\nCustID: 274380001088353
Name: N/A
TradeChannel: HFS Small T.G.
hash: 420208455ddb88ec357fa1cc949e2417d767a1345cde1aef529b952c0dd18f8a
2019/12/14 | 18:55:17 | INFO | [32m[2019-12-14 18:55:17 DEBUG	vault_processor][39m\nCustID: 274380001101494
Name: N/A
TradeChannel: N/A
hash: 5fac52b9f3fe69cb34290bc4797edd811f0ac511baf88aa3c6d67d75af32fee2
2019/12/14 | 18:55:17 | INFO | [32m[2019-12-14 18:55:17 DEBUG	vault_processor][39m\nCustID: 274380001101502
Name: N/A
TradeChannel: N/A
hash: 2b013d867d8d4ff47fba3c0c97d45ac152c14e6181dd7ed788eaf0a82dae43c1
2019/12/14 | 18:55:17 | INFO | [32m[2019-12-14 18:55:17 DEBUG	vault_processor][39m\nCustID: 274380001101506
Name: N/A
TradeChannel: N/A
hash: 89ac2335dd1f6945b4718fed37a61ab610bf885aebcf2bf8f81549960baff2ab
2019/12/14 | 18:55:17 | INFO | [32m[2019-12-14 18:55:17 DEBUG	vault_processor][39m\nCustID: 274380001101518
Name: N/A
TradeChannel: N/A
hash: 63f6d6fff56bdc73a44ce5e073e98f57e94915d9f7e4e62afd6b151069cb1cbe
2019/12/14 | 18:55:17 | INFO | [32m[2019-12-14 18:55:17 DEBUG	vault_processor][39m\nCustID: 274380001101521
Name: N/A
TradeChannel: N/A
hash: 80e980e1dda0356d26f55343f153f3adc98eb1d2ffa65030b6775f5a92f6c039
2019/12/14 | 18:55:17 | INFO | [32m[2019-12-14 18:55:17 DEBUG	vault_processor][39m\nCustID: 274380001101535
Name: N/A
TradeChannel: N/A
hash: 8396f293f63f5980e635f5b6c1d663e1e762d4c1141a6d9deddf86e0e502965e
2019/12/14 | 18:55:17 | INFO | [32m[2019-12-14 18:55:17 DEBUG	vault_processor][39m\nCustID: 274380001101549
Name: N/A
TradeChannel: N/A
hash: 8ecb0212aed80b5b16063e838c46eff1a6cf8f1ec729bf2c7dcc55f93f418306
2019/12/14 | 18:55:17 | INFO | [32m[2019-12-14 18:55:17 DEBUG	vault_processor][39m\nCustID: 274380001101568
Name: N/A
TradeChannel: N/A
hash: c067713f47ed1d99c9b25c3eafa7445eea1d4571c2acc51ef984e1283f2fc3a8
2019/12/14 | 18:55:17 | INFO | [32m[2019-12-14 18:55:17 DEBUG	vault_processor][39m\nCustID: 274380001101575
Name: N/A
TradeChannel: N/A
hash: d15013f58e94b9d748fc8e61d06ed194a6548f9c0302c7289e68dd61f0d2fc63
2019/12/14 | 18:55:17 | INFO | [32m[2019-12-14 18:55:17 DEBUG	vault_processor][39m\nCustID: 274380001101608
Name: N/A
TradeChannel: N/A
hash: 00b1da4c5aca3d367ce2c6990a184a7d30afeb3471718dbef1438ec94c400551
2019/12/14 | 18:55:17 | INFO | [32m[2019-12-14 18:55:17 DEBUG	vault_processor][39m\nCustID: 274380001101613
Name: N/A
TradeChannel: N/A
hash: f7aa6f008e96c5c4f6ae4a5d2ac4f8cc0ff356021b78f18154f44cf5973639d4
2019/12/14 | 18:55:17 | INFO | [32m[2019-12-14 18:55:17 DEBUG	vault_processor][39m\nCustID: 274380001101637
Name: N/A
TradeChannel: N/A
hash: 33cbe3cfccc6724487d55848b2f28aa29a34fa3d3c0bca6aa5472620d24f70e0
2019/12/14 | 18:55:17 | INFO | [32m[2019-12-14 18:55:17 DEBUG	vault_processor][39m\nCustID: 274380001101680
Name: N/A
TradeChannel: N/A
hash: f54f142e2fd4d013c3d3000fd95cf87a512d1f8ba4bedbdd7df63ebae61fc17f
2019/12/14 | 18:55:17 | INFO | [32m[2019-12-14 18:55:17 DEBUG	vault_processor][39m\nCustID: 274380001101681
Name: N/A
TradeChannel: N/A
hash: 45d1430fd0faed8fb8a62e226a34e83fe6b64cfd8c625396c12555b47475ba44
2019/12/14 | 18:55:17 | INFO | [32m[2019-12-14 18:55:17 DEBUG	vault_processor][39m\nCustID: 274380001101684
Name: N/A
TradeChannel: N/A
hash: 8439c6a53ed323f2ff7bec2140fe16eadc1369ecc0045dce810df220ebd2029f
2019/12/14 | 18:55:17 | INFO | [32m[2019-12-14 18:55:17 DEBUG	vault_processor][39m\nCustID: 274380001067263
Name: Majed Abdullah Mohammed Al-Hamoud
TradeChannel: Wholesaler
hash: 3a40dbb378300b984fd1260b7be21cf334ba2f3063b5236eb3854755e2cf141f
2019/12/14 | 18:55:17 | INFO | [32m[2019-12-14 18:55:17 DEBUG	vault_processor][39m\nCustID: 274380001063249
Name: ALKABI
TradeChannel: HFS Small T.G.
hash: ffdf0e04666e9393e4ee796da9d49b52e28770ee05395be356b3439dc1d98de1
2019/12/14 | 18:55:17 | INFO | [32m[2019-12-14 18:55:17 DEBUG	vault_processor][39m\nCustID: 274380001084154
Name: N/A
TradeChannel: HFS Small T.G.
hash: ac63b18cf3ced09a50f577e1fe0a21da3c41c1f476cd7c4ad4172c6dd4352eeb
2019/12/14 | 18:55:17 | INFO | [32m[2019-12-14 18:55:17 DEBUG	vault_processor][39m\nCustID: 274380001101687
Name: N/A
TradeChannel: N/A
hash: 40e32d1e6083573211c6f9add35245c6254c932ca0a45d7ab89b0aa438ef945c
2019/12/14 | 18:55:17 | INFO | [32m[2019-12-14 18:55:17 DEBUG	vault_processor][39m\nCustID: 274380001101689
Name: N/A
TradeChannel: N/A
hash: c94eebbfc9be4c0017f2c5b33339cebee5be90b6ae5b6ac31434f15f2809c4c6
2019/12/14 | 18:55:17 | INFO | [32m[2019-12-14 18:55:17 DEBUG	vault_processor][39m\nCustID: 274380001101690
Name: N/A
TradeChannel: N/A
hash: f797d357667f77b1690277baa35d1cdbbc66ee5f9df5678ae8f6d05247a9cc5b
2019/12/14 | 18:55:17 | INFO | [32m[2019-12-14 18:55:17 DEBUG	vault_processor][39m\nCustID: 274380001101692
Name: N/A
TradeChannel: N/A
hash: e1c360059b631b1ad89c918f9b75a4d3640cbab94032f2c1cf72543bb3de9e7f
2019/12/14 | 18:55:17 | INFO | [32m[2019-12-14 18:55:17 DEBUG	vault_processor][39m\nCustID: 274380001101693
Name: N/A
TradeChannel: N/A
hash: eacf27db03024b9b9df16edd01285ab24598a1a24fad9fff26d92b437ce3e6ce
2019/12/14 | 18:55:17 | INFO | [32m[2019-12-14 18:55:17 DEBUG	vault_processor][39m\nCustID: 274380001101720
Name: N/A
TradeChannel: N/A
hash: 7fae1cd026d204d98cbef9419f51c150013b109b828f47b170be5cc6509b0f78
2019/12/14 | 18:55:17 | INFO | [32m[2019-12-14 18:55:17 DEBUG	vault_processor][39m\nCustID: 274380001101763
Name: N/A
TradeChannel: N/A
hash: 17889fc5af2be709c9a13c7a30c47ccf0b25a3a4d7a26ad2a4e0b70115d58e87
2019/12/14 | 18:55:17 | INFO | [32m[2019-12-14 18:55:17 DEBUG	vault_processor][39m\nCustID: 274380001101764
Name: N/A
TradeChannel: N/A
hash: e3fff47597f060231bc199db458695e71f181bc793e679d56d17b31d0dc407d0
2019/12/14 | 18:55:17 | INFO | [32m[2019-12-14 18:55:17 DEBUG	vault_processor][39m\nCustID: 274380001101765
Name: N/A
TradeChannel: N/A
hash: ad5ec55b574386d010d00bae30bc99870556cb33b6881238cd84f4748fee73b4
2019/12/14 | 18:55:17 | INFO | [32m[2019-12-14 18:55:17 DEBUG	vault_processor][39m\nCustID: 274380001101768
Name: N/A
TradeChannel: N/A
hash: 0738d9adb8b470e19d5dc6b1d353d0bc7a77282c4849db3cbcda5d6b6ddc6212
2019/12/14 | 18:55:17 | INFO | [32m[2019-12-14 18:55:17 DEBUG	vault_processor][39m\nCustID: 274380001101782
Name: N/A
TradeChannel: N/A
hash: 6c50ab6fb7226716adb0d7612f86cd70f644c14b9dccbce7109e3bc9c14ad28b
2019/12/14 | 18:55:17 | INFO | [32m[2019-12-14 18:55:17 DEBUG	vault_processor][39m\nCustID: 274380001101781
Name: N/A
TradeChannel: N/A
hash: 06a197a87a3b1a5c1a67a3111e20e4416dfedd57106f79b3f5d611c693962440
2019/12/14 | 18:55:17 | INFO | [32m[2019-12-14 18:55:17 DEBUG	vault_processor][39m\nCustID: 274380001101780
Name: N/A
TradeChannel: N/A
hash: ab9ae07ec3bfba4d84b9a88724963b63687768b3c7445bc17745d8ea6714e4ad
2019/12/14 | 18:55:17 | INFO | [32m[2019-12-14 18:55:17 DEBUG	vault_processor][39m\nCustID: 274380001101908
Name: N/A
TradeChannel: N/A
hash: 16bb6b35d6e4a1e3edaecde1fb5f09c9ff78c4f62173b2e3c45ca212a026a846
2019/12/14 | 18:55:17 | INFO | [32m[2019-12-14 18:55:17 DEBUG	vault_processor][39m\nCustID: 274380001101909
Name: N/A
TradeChannel: N/A
hash: 3ba0121d536f3547a988deec7e092eb21f49234e1ce4b65d2c31f9141d61dc47
2019/12/14 | 18:55:17 | INFO | [32m[2019-12-14 18:55:17 DEBUG	vault_processor][39m\nCustID: 274380001101910
Name: N/A
TradeChannel: N/A
hash: 997cbed7de4210f7a9503cde026fbd8810614395e4a443cbcc5ee8ed8488fd8a
2019/12/14 | 18:55:17 | INFO | [32m[2019-12-14 18:55:17 DEBUG	vault_processor][39m\nCustID: 274380001101911
Name: N/A
TradeChannel: N/A
hash: 9ac94a3a5f41fea04f5f89ce2d4c95e266355e6f3601f3b14d6e723c87d223c1
2019/12/14 | 18:55:17 | INFO | [32m[2019-12-14 18:55:17 DEBUG	vault_processor][39m\nCustID: 274380001101912
Name: N/A
TradeChannel: N/A
hash: 37b17974d6c5a232e6b30a6824671f9dfafcf3877a1612cf02ef77438346ec1e
2019/12/14 | 18:55:17 | INFO | [32m[2019-12-14 18:55:17 DEBUG	vault_processor][39m\nCustID: 274380001059937
Name: YAHYA SAAD ALYAHYA  EST.
TradeChannel: Wholesaler
hash: f67fb3d106bd8c9b4d915a093b7572844e10f4041770efad8b2e29a2ac33bf83
2019/12/14 | 18:55:17 | INFO | [32m[2019-12-14 18:55:17 DEBUG	vault_processor][39m\nCustID: 274380001043910
Name: Mohammed Abdulrahman All Shekh CO .
TradeChannel: Wholesaler
hash: 82de79f379edcea5612366c102616a62211bcf07fe2fa9b8527ab14e398662db
2019/12/14 | 18:55:17 | INFO | [32m[2019-12-14 18:55:17 DEBUG	vault_processor][39m\nCustID: 274380001058586
Name: ALNAHDI
TradeChannel: HFS Small T.G.
hash: c283f5777ddafeaa06bd613fd61434ac717640fd346d06267cfb2d72ebb1d741
2019/12/14 | 18:55:17 | INFO | [32m[2019-12-14 18:55:17 DEBUG	vault_processor][39m\nCustID: 274380001049432
Name: TAMWEENAT ALKHALID
TradeChannel: HFS Small T.G.
hash: 17e554e9f74d8319deffe16ce793cf2436f08db69107e2c039efeff0ba9917e4
2019/12/14 | 18:55:17 | INFO | [32m[2019-12-14 18:55:17 DEBUG	vault_processor][39m\nCustID: 274380001051136
Name: MOATAZ KHALED ASAD
TradeChannel: HFS Small T.G.
hash: fc211c785f9d032c0110fc7a2ee299620263beb152f0d755d03fc48fedc63905
2019/12/14 | 18:55:17 | INFO | [32m[2019-12-14 18:55:17 DEBUG	vault_processor][39m\nCustID: 274380001063752
Name: ALOMARI
TradeChannel: HFS Small T.G.
hash: 1ad81984ab89effed2bb17349e161b1f02839c2d14fa3d232c1b5226e825d9bc
2019/12/14 | 18:55:17 | INFO | [32m[2019-12-14 18:55:17 DEBUG	vault_processor][39m\nCustID: 274380001069942
Name: Mr. Anas Abudawood Villa.
TradeChannel: Semi-Wholesaler T.G
hash: 0644b7e6a126ee506224b9da3d24fd38f1d369502a9a09d768aed927fe943d07
2019/12/14 | 18:55:17 | INFO | [32m[2019-12-14 18:55:17 DEBUG	vault_processor][39m\nCustID: 274380001079120
Name: Amal Mohammed Ahmed Al Hitari Est. - Al-
TradeChannel: Discounters T.G
hash: acf655430eaf52bd5338d0c0d2d3d4717c437a81025289db69ab37fa980b87ca
2019/12/14 | 18:55:17 | INFO | [32m[2019-12-14 18:55:17 DEBUG	vault_processor][39m\nCustID: 274380001067085
Name: MARKEZ KHAIRAT ALSHARQIAH
TradeChannel: HFS Small T.G.
hash: c352e28498a0f806459312fc8481ce8e7925f3b10b37c5c6db7dcf44504e6d63
2019/12/14 | 18:55:17 | INFO | [32m[2019-12-14 18:55:17 DEBUG	vault_processor][39m\nCustID: 274380001080949
Name: N/A
TradeChannel: HFS Small T.G.
hash: dc3e4bc484bde6095ac949144ff249506ac3360baf23f2cd542a56cb89176c78
2019/12/14 | 18:55:17 | INFO | [32m[2019-12-14 18:55:17 DEBUG	vault_processor][39m\nCustID: 274380001083446
Name: N/A
TradeChannel: HFS Small T.G.
hash: c6f1c4b9f3a1c861c4cd6d6311a35eed82ec8b1c0a55589a3d1d6090ecf7b74b
2019/12/14 | 18:55:17 | INFO | [32m[2019-12-14 18:55:17 DEBUG	vault_processor][39m\nCustID: 274380001090603
Name: N/A
TradeChannel: HFS Small T.G.
hash: 8f60cc8739a019fa70e526fd639dbfb7114679f0b6e1f20784c26920eb69d5d3
2019/12/14 | 18:55:17 | INFO | [32m[2019-12-14 18:55:17 DEBUG	vault_processor][39m\nCustID: 274380001090419
Name: N/A
TradeChannel: HFS Small T.G.
hash: 7f03f20e42a4a29f01a4cd2f4e46a98da8907404b472a484da9bb22f17b7f7e0
2019/12/14 | 18:55:17 | INFO | [32m[2019-12-14 18:55:17 DEBUG	vault_processor][39m\nCustID: 274380001056352
Name: NAHDI MEDICAL COMPANY
TradeChannel: Pharma Tier 1
hash: cd2eb8d9140c1942563ca224fa0653cbda1d233a449971d3ef64ec158bc5132d
2019/12/14 | 18:55:17 | INFO | [32m[2019-12-14 18:55:17 DEBUG	vault_processor][39m\nCustID: 274380001101913
Name: N/A
TradeChannel: N/A
hash: 2a5cd6f54787cdeb5adfed3f0a036236b0fb47bf6c71d2126aabff462edbbacb
Continuing to vault_processor.1576349717581.log
