******************************************************************************************
**
** Perfect Logger Logging System
** Application Version          : 1.0
** Perfect-Logger Version       : 1.5.2
** Application Start Time (UTC) : 18:49:52 2019/12/14
**
** Copyright 2018 Team whileLOOP
**
******************************************************************************************
**
** Log Number               : #71
** Continuing from Log File : vault_processor.1576349697298.log
** Log Start Time (UTC)     : 18:54:57 2019/12/14
**
******************************************************************************************
2019/12/14 | 18:54:57 | INFO | [32m[2019-12-14 18:54:57 DEBUG	vault_processor][39m\nCustID: 274380001062114
Name: ALBAIT ALSHARQI 2
TradeChannel: HFS Small T.G.
hash: e71e41c241c7b1567eab00e980bddd80cc2320fb5230f27fc47e7d2d12a31567
2019/12/14 | 18:54:57 | INFO | [32m[2019-12-14 18:54:57 DEBUG	vault_processor][39m\nCustID: 274380001062376
Name: Danube Co. For Food Stuffs
TradeChannel: National Accounts
hash: fb787d276ac99d338b4104d63d3231a5cde65ca37d84b1c16050d9ab98a0012e
2019/12/14 | 18:54:57 | INFO | [32m[2019-12-14 18:54:57 DEBUG	vault_processor][39m\nCustID: 274380001063819
Name: ALSHOLAA 1
TradeChannel: Self Service T.G
hash: c048e910d05869208e7f1937ce795a795f13cb931d3cf1e3312513a7289d54ef
2019/12/14 | 18:54:57 | INFO | [32m[2019-12-14 18:54:57 DEBUG	vault_processor][39m\nCustID: 274380001071275
Name: Alhashem
TradeChannel: HFS Small T.G.
hash: 73bb61c723e190e45dd0c4855e58566e53831f43438e997dbae56cf5ec9476d1
2019/12/14 | 18:54:57 | INFO | [32m[2019-12-14 18:54:57 DEBUG	vault_processor][39m\nCustID: 274380001072860
Name: Markaz alkhir liltsweq
TradeChannel: HFS Small T.G.
hash: a9eba3cddea1198dba66029cee86f03013bf3f46d443dd5c95b03dd88ceca06c
2019/12/14 | 18:54:57 | INFO | [32m[2019-12-14 18:54:57 DEBUG	vault_processor][39m\nCustID: 274380001073427
Name: Anwar Elbahr Est.
TradeChannel: HFS Small T.G.
hash: 7de8751015bfbc15af99aa157b65680d9157d83026b3ae015d60d3792c9e1023
2019/12/14 | 18:54:57 | INFO | [32m[2019-12-14 18:54:57 DEBUG	vault_processor][39m\nCustID: 274380001085632
Name: N/A
TradeChannel: HFS Small T.G.
hash: ecb4cfb9e0598b388aa614f5962553c39ffd8c27da9ed39d61ad02a8f2a40770
2019/12/14 | 18:54:57 | INFO | [32m[2019-12-14 18:54:57 DEBUG	vault_processor][39m\nCustID: 274380001087196
Name: N/A
TradeChannel: HFS Small T.G.
hash: 7daa1b1a9ba5081415a09eaed1c3eb4bac0af88d218a436ffad1f988be25f1cb
2019/12/14 | 18:54:57 | INFO | [32m[2019-12-14 18:54:57 DEBUG	vault_processor][39m\nCustID: 274380001088189
Name: N/A
TradeChannel: HFS Small T.G.
hash: b3973818154d491fef9d3b4dedbd60c051b95a240848716c5bd2bf53322f3bbd
2019/12/14 | 18:54:57 | INFO | [32m[2019-12-14 18:54:57 DEBUG	vault_processor][39m\nCustID: 274380001089203
Name: N/A
TradeChannel: HFS Small T.G.
hash: 00d4488e2d27af1b09d0fd693ec3a1d65391093c4ab435ca213364313f344498
2019/12/14 | 18:54:57 | INFO | [32m[2019-12-14 18:54:57 DEBUG	vault_processor][39m\nCustID: 274380001089787
Name: siadliat mizalat aldiwa' 4
TradeChannel: RVO Pharma
hash: 3a981baf2f23457d52aa5f1c5dc31ff40280908bb6ba3da01a583ec625ea75ed
2019/12/14 | 18:54:57 | INFO | [32m[2019-12-14 18:54:57 DEBUG	vault_processor][39m\nCustID: 274380001090087
Name: N/A
TradeChannel: HFS Small T.G.
hash: 8fa0dfa0981010eabe03a46c548aad166b21ac807e119ebefb4a18c33eb6e356
2019/12/14 | 18:54:57 | INFO | [32m[2019-12-14 18:54:57 DEBUG	vault_processor][39m\nCustID: 274380001090147
Name: N/A
TradeChannel: HFS Small T.G.
hash: 2712dc7508a57bc6e654ee069a0297f878b9a95eaafe8cbc7e77a53067fc95a9
2019/12/14 | 18:54:57 | INFO | [32m[2019-12-14 18:54:57 DEBUG	vault_processor][39m\nCustID: 274380001090259
Name: N/A
TradeChannel: HFS Small T.G.
hash: 0a8fc4f0b9ec083cbfee928bb7f58872c0de8514686a76664a2b568a5c20de02
2019/12/14 | 18:54:57 | INFO | [32m[2019-12-14 18:54:57 DEBUG	vault_processor][39m\nCustID: 274380001064463
Name: Abdulrhman gumman alkamdi EST.
TradeChannel: Self Service T.G
hash: 2cfc7fd03a8caa7ec200f87dfb7508e19f44ac29261cdf35f425c6b824735627
2019/12/14 | 18:54:57 | INFO | [32m[2019-12-14 18:54:57 DEBUG	vault_processor][39m\nCustID: 274380001066242
Name: JEAIDI 1
TradeChannel: HFS Small T.G.
hash: 2585b49df6cec655bc0128b16560a32a631febb6c1f0acd2a7bd319f764b01a4
2019/12/14 | 18:54:57 | INFO | [32m[2019-12-14 18:54:57 DEBUG	vault_processor][39m\nCustID: 274380001067054
Name: AlSaqqaf Medical Company Ltd.
TradeChannel: Pharma Tier 2
hash: da64e2930aa1799c00e02f718c134e6576d58a759fe28f12906cfe3f5346ecad
2019/12/14 | 18:54:57 | INFO | [32m[2019-12-14 18:54:57 DEBUG	vault_processor][39m\nCustID: 274380001067448
Name: MOHAMED ABDULLAH MESHEKHES GROCERY
TradeChannel: HFS Small T.G.
hash: 1e2665e78c76c189762830e7ba6e2eee1663f62cb8cd3f8a774521378b1fdedd
2019/12/14 | 18:54:57 | INFO | [32m[2019-12-14 18:54:57 DEBUG	vault_processor][39m\nCustID: 274380001067451
Name: BAQALT ALDOHAH
TradeChannel: HFS Small T.G.
hash: 9454c58aad1f7d7b207305894fa170606a20f5e5415be66db5491c4c0b6b96d8
2019/12/14 | 18:54:57 | INFO | [32m[2019-12-14 18:54:57 DEBUG	vault_processor][39m\nCustID: 274380001069527
Name: Al Sadhan Trading Company
TradeChannel: MT Tier 1
hash: 3b688dc306c3ccba8648e0878bb82a0c5bd30be249f86ed02fcb498a83da744f
2019/12/14 | 18:54:57 | INFO | [32m[2019-12-14 18:54:57 DEBUG	vault_processor][39m\nCustID: 274380001070745
Name: RAHAF CENTER
TradeChannel: HFS Small T.G.
hash: 0d18838d812d93ac7ea710432d6a9a27d4f29f6b48da8e034d2b528a5150d943
2019/12/14 | 18:54:57 | INFO | [32m[2019-12-14 18:54:57 DEBUG	vault_processor][39m\nCustID: 274380001071189
Name: clouds Supermarket
TradeChannel: HFS Small T.G.
hash: 86b2944d89f4550e60fb39962b4dad8778335583cbd888a050425c78ef9d7e65
2019/12/14 | 18:54:57 | INFO | [32m[2019-12-14 18:54:57 DEBUG	vault_processor][39m\nCustID: 274380001072180
Name: SUPERMARKET Najar
TradeChannel: HFS Small T.G.
hash: 1246fe940f06867451e2af2355515ad8176541fde6307aa559695f0db72fa21b
2019/12/14 | 18:54:57 | INFO | [32m[2019-12-14 18:54:57 DEBUG	vault_processor][39m\nCustID: 274380001072283
Name: SLMAN ALNAEMI EST.
TradeChannel: HFS Small T.G.
hash: 4a3d14ac6be65bc918cdfeff827ae4e680afe09339336ab6c47aed7eec52a257
2019/12/14 | 18:54:57 | INFO | [32m[2019-12-14 18:54:57 DEBUG	vault_processor][39m\nCustID: 274380001072399
Name: AL JAWAD SENTER
TradeChannel: HFS Small T.G.
hash: cbc0a019f75a1d67aca6ece07daab9664448ae8d8c9bb86abeb9820d2a1098c7
2019/12/14 | 18:54:57 | INFO | [32m[2019-12-14 18:54:57 DEBUG	vault_processor][39m\nCustID: 274380001063895
Name: IBRAHIM HAMAD
TradeChannel: HFS Small T.G.
hash: cb1d9105598e9ba963485139974e3726dbe7881ad1a26a1643a45ab22b1a8e80
2019/12/14 | 18:54:57 | INFO | [32m[2019-12-14 18:54:57 DEBUG	vault_processor][39m\nCustID: 274380001073122
Name: AAEL YA BALASH
TradeChannel: Discounters T.G
hash: daddcd8bd27cd9a9ffd7ea8332f556caa306c6a5394c5bf1c34bccb5c43e32a2
2019/12/14 | 18:54:57 | INFO | [32m[2019-12-14 18:54:57 DEBUG	vault_processor][39m\nCustID: 274380001072911
Name: aswak marie alnahdy
TradeChannel: HFS Small T.G.
hash: 4509d74e5cd29fbe5db78124745da47df18c94da81e60591f7f10dd67b31f211
2019/12/14 | 18:54:57 | INFO | [32m[2019-12-14 18:54:57 DEBUG	vault_processor][39m\nCustID: 274380001073027
Name: Nasser Nasser Elkahtani
TradeChannel: HFS Small T.G.
hash: 6c76ee984cc1c590e302d7241bec625692e6de6194fb640e79eeef726de17dc7
2019/12/14 | 18:54:57 | INFO | [32m[2019-12-14 18:54:57 DEBUG	vault_processor][39m\nCustID: 274380001068498
Name: aswaq and makabiz alshrafya
TradeChannel: HFS Small T.G.
hash: 5e35f0694a9fda18a8db2e06b1d9733018593a949dd29bc53829faf2de46148b
2019/12/14 | 18:54:57 | INFO | [32m[2019-12-14 18:54:57 DEBUG	vault_processor][39m\nCustID: 274380001072869
Name: Khaleej
TradeChannel: HFS Small T.G.
hash: 7af30bf9ea0db71c293304e2dd316a39588e1543dccb9c289e400ecf5277c24d
2019/12/14 | 18:54:57 | INFO | [32m[2019-12-14 18:54:57 DEBUG	vault_processor][39m\nCustID: 274380001075196
Name: Tamwinat Madaen
TradeChannel: HFS Small T.G.
hash: ebbc2f9ea375f3a562f44a4b95ed74e6c898a594f73b4f2d27aa4891444b6657
2019/12/14 | 18:54:57 | INFO | [32m[2019-12-14 18:54:57 DEBUG	vault_processor][39m\nCustID: 274380001077507
Name: Moqeem 2
TradeChannel: RVO Pharma
hash: 36841b0f2e00c4ef043ec6cf1674d84dbf2d601693d047df8fe22f559f58e1fc
2019/12/14 | 18:54:57 | INFO | [32m[2019-12-14 18:54:57 DEBUG	vault_processor][39m\nCustID: 274380001078483
Name: AL nemri center
TradeChannel: HFS Small T.G.
hash: 5733aabdc6523586ae4428535a58388514906a91351c8b73e0776591a4ace4b4
2019/12/14 | 18:54:57 | INFO | [32m[2019-12-14 18:54:57 DEBUG	vault_processor][39m\nCustID: 274380001073381
Name: Durrat nobla Pharmacy
TradeChannel: Pharma Tier 3
hash: 50e6ed7aa0fd04b5ee35493c7b1e10b741297989ec69773ff3adca82edd18bc9
2019/12/14 | 18:54:57 | INFO | [32m[2019-12-14 18:54:57 DEBUG	vault_processor][39m\nCustID: 274380001076068
Name: H.ahalena Ltd warehouse. Here life
TradeChannel: Wholesaler
hash: 3df2354b1b4053d458c3602506275ea65a75dda243c97e99289ffcab4e69f2f8
2019/12/14 | 18:54:57 | INFO | [32m[2019-12-14 18:54:57 DEBUG	vault_processor][39m\nCustID: 274380001076089
Name: Ali saleh Al Arjaan
TradeChannel: HFS Small T.G.
hash: a15e83031b60e42c145e49f58137066bec6ae9eadc4f3429e38a670b3a4daba9
2019/12/14 | 18:54:57 | INFO | [32m[2019-12-14 18:54:57 DEBUG	vault_processor][39m\nCustID: 274380001076686
Name: karaz ahmar Co.
TradeChannel: Self Service T.G
hash: 92e5a58d95a86fb82999394ef4ba23afea756e54fe05ebf8cb820016a9902a81
2019/12/14 | 18:54:57 | INFO | [32m[2019-12-14 18:54:57 DEBUG	vault_processor][39m\nCustID: 274380001076814
Name: Rawat Dubai
TradeChannel: Discounters T.G
hash: 8575f759ee8b30371351943d2a5e0d4283e5c2b57ba626ccea51ec823c10a4b1
2019/12/14 | 18:54:57 | INFO | [32m[2019-12-14 18:54:57 DEBUG	vault_processor][39m\nCustID: 274380001076935
Name: Petromin Company - Primo
TradeChannel: Self Service T.G
hash: b9e89f88834cb7f7f03eee117944bfe2ab050e55fbe6fad7ea807066fd7222ac
2019/12/14 | 18:54:57 | INFO | [32m[2019-12-14 18:54:57 DEBUG	vault_processor][39m\nCustID: 274380001078104
Name: Sedrat Alnahl store for food
TradeChannel: HFS Small T.G.
hash: f7f7077fcd77bfb4bb270d20d8c12f392e5452d11d3b0475afe51e53cd987391
2019/12/14 | 18:54:57 | INFO | [32m[2019-12-14 18:54:57 DEBUG	vault_processor][39m\nCustID: 274380001078147
Name: Al Mokhtar Pharmacy Company
TradeChannel: Pharma Tier 3
hash: af060d8c4aa826c97d01c5009201ec0cd8b08bf84703cbcfa9be84ab1b865099
2019/12/14 | 18:54:57 | INFO | [32m[2019-12-14 18:54:57 DEBUG	vault_processor][39m\nCustID: 274380001078445
Name: Alam Hala CO.
TradeChannel: HFS Small T.G.
hash: fb22b158036996ad9816dde96d81490927f3dc29902502ea3822fde902a0e77e
2019/12/14 | 18:54:57 | INFO | [32m[2019-12-14 18:54:57 DEBUG	vault_processor][39m\nCustID: 274380001078932
Name: Basma Pharmacy
TradeChannel: RVO Pharma
hash: 16d070c636595d88e6ba77c75711f7ca52ca8b80da24dbd0488590fbc3c4d45b
2019/12/14 | 18:54:57 | INFO | [32m[2019-12-14 18:54:57 DEBUG	vault_processor][39m\nCustID: 274380001079015
Name: Green Gold Trading Company -
TradeChannel: Self Service T.G
hash: 925f7400bf5a5909a805d59ef630a96e18a4017371dc244062b8b891a2b36923
2019/12/14 | 18:54:57 | INFO | [32m[2019-12-14 18:54:57 DEBUG	vault_processor][39m\nCustID: 274380001073948
Name: Issa saleh Huil
TradeChannel: HFS Small T.G.
hash: bde39cc06a33bdc5c48a1da04d574bf0fb9ee428dac6f4c791a183b6ab8f8d4d
2019/12/14 | 18:54:57 | INFO | [32m[2019-12-14 18:54:57 DEBUG	vault_processor][39m\nCustID: 274380001074529
Name: Nibras Al Wesam
TradeChannel: HFS Small T.G.
hash: 242f488ab2279db139b9d9f6b682c4606edc0fd6a9dc8e115c78ca4d18a940aa
2019/12/14 | 18:54:57 | INFO | [32m[2019-12-14 18:54:57 DEBUG	vault_processor][39m\nCustID: 274380001075932
Name: AL-RAED
TradeChannel: HFS Small T.G.
hash: e8dcefdd346c335981a5b7ab1fb8ac9a27151f89e383f3848777833d8f501dc4
2019/12/14 | 18:54:57 | INFO | [32m[2019-12-14 18:54:57 DEBUG	vault_processor][39m\nCustID: 274380001090594
Name: N/A
TradeChannel: HFS Small T.G.
hash: 5e76d7f7f82142a631c6cd49b01b12092ef4b32b3d1e025eff8fdaaea8315b1f
2019/12/14 | 18:54:57 | INFO | [32m[2019-12-14 18:54:57 DEBUG	vault_processor][39m\nCustID: 274380001043911
Name: Mohammed Saeed Mohammed Balubaid Trading
TradeChannel: WS-RTL
hash: 73af74afee827920ba47fb83f1b3e150fe32e54ac7bb7147546e23285a8bb22d
2019/12/14 | 18:54:57 | INFO | [32m[2019-12-14 18:54:57 DEBUG	vault_processor][39m\nCustID: 274380001076566
Name: Grocery Palm
TradeChannel: HFS Small T.G.
hash: 059327100a251a4adde8129a11b957bd70c2d4c24a832b88f8f78397c3be59f2
2019/12/14 | 18:54:57 | INFO | [32m[2019-12-14 18:54:57 DEBUG	vault_processor][39m\nCustID: 274380001078847
Name: Jihad Center & Bakery
TradeChannel: HFS Small T.G.
hash: 70508f739562902d6dfbbcc16b03158e6ea9c8374be414672ff607810f16e487
2019/12/14 | 18:54:57 | INFO | [32m[2019-12-14 18:54:57 DEBUG	vault_processor][39m\nCustID: 274380001078840
Name: Al Mulaqa Market Center & Bakery
TradeChannel: HFS Small T.G.
hash: 66735819adacc5a2eb3956ef37ca242a2d1c1e96b2b0390abd2db908d64fc31c
2019/12/14 | 18:54:57 | INFO | [32m[2019-12-14 18:54:57 DEBUG	vault_processor][39m\nCustID: 274380001079075
Name: LAMA AL BAHOTH EST
TradeChannel: Sub-D
hash: a18f7d271361c918d67b8c89bd3faff3c5435aa3f213638e739b4640e6edc378
2019/12/14 | 18:54:57 | INFO | [32m[2019-12-14 18:54:57 DEBUG	vault_processor][39m\nCustID: 274380001079178
Name: Qnadeel Almona Trading Est.
TradeChannel: Semi-Wholesaler T.G
hash: 623dc169b0b399dbcc659cec40fe1c5334484eb3a52aa9902cf8802d0ab607cc
2019/12/14 | 18:54:57 | INFO | [32m[2019-12-14 18:54:57 DEBUG	vault_processor][39m\nCustID: 274380001079323
Name: Safwan Al Khair Trading Est
TradeChannel: Wholesaler
hash: 2454646f65acab8347605122030974465117fe36ca6aa4861a584284594924a1
2019/12/14 | 18:54:57 | INFO | [32m[2019-12-14 18:54:57 DEBUG	vault_processor][39m\nCustID: 274380001079345
Name: Mohammed Khalifa Al Jaidan Est. - Al Ame
TradeChannel: Discounters T.G
hash: 6eb944076801bd4f0b64236b6f58d6e8bd379ee158b03ceddb57339a23c19c74
2019/12/14 | 18:54:57 | INFO | [32m[2019-12-14 18:54:57 DEBUG	vault_processor][39m\nCustID: 274380001079735
Name: N/A
TradeChannel: HFS Small T.G.
hash: 3abb0f746cddb230d0d367d647657151a5d94ca67880b79ca99cf678d3bb15af
2019/12/14 | 18:54:57 | INFO | [32m[2019-12-14 18:54:57 DEBUG	vault_processor][39m\nCustID: 274380001080370
Name: N/A
TradeChannel: HFS Small T.G.
hash: b32b16ef6f886579237b229eec28758aff1e23d8bf6782f600aadd639d59cf3e
Continuing to vault_processor.1576349697558.log
