******************************************************************************************
**
** Perfect Logger Logging System
** Application Version          : 1.0
** Perfect-Logger Version       : 1.5.2
** Application Start Time (UTC) : 18:49:52 2019/12/14
**
** Copyright 2018 Team whileLOOP
**
******************************************************************************************
**
** Log Number               : #46
** Continuing from Log File : vault_processor.1576349666635.log
** Log Start Time (UTC)     : 18:54:26 2019/12/14
**
******************************************************************************************
2019/12/14 | 18:54:26 | INFO | [32m[2019-12-14 18:54:26 DEBUG	vault_processor][39m\nCustID: 274380001080455
Name: N/A
TradeChannel: HFS Small T.G.
hash: a7ff9d218a76ccd1c619ef0627cb712fb1785aea6c40a16533a64dceb5691e3a
2019/12/14 | 18:54:26 | INFO | [32m[2019-12-14 18:54:26 DEBUG	vault_processor][39m\nCustID: 274380001081662
Name: N/A
TradeChannel: HFS Small T.G.
hash: 8ff1f1e1eea9bf35cbe7f35912b8f3db7087af2bd537c313faafed834cd62e96
2019/12/14 | 18:54:26 | INFO | [32m[2019-12-14 18:54:26 DEBUG	vault_processor][39m\nCustID: 274380001068444
Name: SALMA MUHAMMED HMDAN ALONIZY
TradeChannel: HFS Small T.G.
hash: e2ec8bbfed247cdb36a40cedb946750c00b7ade78b2cb0970043f07fa9e02357
2019/12/14 | 18:54:26 | INFO | [32m[2019-12-14 18:54:26 DEBUG	vault_processor][39m\nCustID: 274380001090269
Name: N/A
TradeChannel: HFS Small T.G.
hash: e7f54afc1a255d3d940aec5e898fd844fabede5a97c185ac1a8339635fbddd8d
2019/12/14 | 18:54:26 | INFO | [32m[2019-12-14 18:54:26 DEBUG	vault_processor][39m\nCustID: 274380001043911
Name: Mohammed Saeed Mohammed Balubaid Trading
TradeChannel: WS-RTL
hash: 73af74afee827920ba47fb83f1b3e150fe32e54ac7bb7147546e23285a8bb22d
2019/12/14 | 18:54:26 | INFO | [32m[2019-12-14 18:54:26 DEBUG	vault_processor][39m\nCustID: 274380001044097
Name: MOHAMMED ABDOLLAH GARULLOH
TradeChannel: Wholesaler
hash: c7d73f90079b97b16297478c1cb5011b669dd8f7daf2eb78ac180c740cbf03b8
2019/12/14 | 18:54:26 | INFO | [32m[2019-12-14 18:54:26 DEBUG	vault_processor][39m\nCustID: 274380001049871
Name: AWAFY
TradeChannel: HFS Small T.G.
hash: 45c887f1564810537d2bff387aaefa9db99262c124b84cecd05d62a11626a8ab
2019/12/14 | 18:54:26 | INFO | [32m[2019-12-14 18:54:26 DEBUG	vault_processor][39m\nCustID: 274380001050304
Name: FAHED BADR ALANZY
TradeChannel: HFS Small T.G.
hash: 1a9d177f2d2281b86bcaf1922ffefa784baed8e41bf8893f7651fece19fa4545
2019/12/14 | 18:54:26 | INFO | [32m[2019-12-14 18:54:26 DEBUG	vault_processor][39m\nCustID: 274380001050902
Name: WATANY STORE
TradeChannel: HFS Small T.G.
hash: 1af7aeceb8649eba8ac9cff89256819b628f733cd92de4f12b626bcc84abe2b9
2019/12/14 | 18:54:26 | INFO | [32m[2019-12-14 18:54:26 DEBUG	vault_processor][39m\nCustID: 274380001051216
Name: ALUSRAH
TradeChannel: HFS Small T.G.
hash: 217b38f88ca49dbc24cb6838caba73ee461e142c1350ad7777db85c5cb9e21ff
2019/12/14 | 18:54:26 | INFO | [32m[2019-12-14 18:54:26 DEBUG	vault_processor][39m\nCustID: 274380001089710
Name: N/A
TradeChannel: HFS Small T.G.
hash: 63f3e4c70c68c8c0139b3ee12468a28a179aece79701efd6fc8f5cab2bffc37f
2019/12/14 | 18:54:26 | INFO | [32m[2019-12-14 18:54:26 DEBUG	vault_processor][39m\nCustID: 274380001090569
Name: N/A
TradeChannel: HFS Small T.G.
hash: a3a60f0f59af6750983a145713cc136dfc10877b0c9dde355d88078769386baa
2019/12/14 | 18:54:26 | INFO | [32m[2019-12-14 18:54:26 DEBUG	vault_processor][39m\nCustID: 274380001030044
Name: Matajer Alwatan
TradeChannel: Wholesaler
hash: 779942ecf0dea594fd386c8b8085401fbcaa9afcfbb4897fceab86bd141fe33b
2019/12/14 | 18:54:26 | INFO | [32m[2019-12-14 18:54:26 DEBUG	vault_processor][39m\nCustID: 274380001030049
Name: allulu al satie Trading & Import Co.
TradeChannel: Wholesaler
hash: b04355d22436dcb30ed490eb57c388383b0f083f2d1bdcf0a610cf10f8bdb8d3
2019/12/14 | 18:54:26 | INFO | [32m[2019-12-14 18:54:26 DEBUG	vault_processor][39m\nCustID: 274380001052770
Name: ALJAWHRAH
TradeChannel: HFS Small T.G.
hash: f4c6a7428ad6380323cad49b063d6b3da7f8a31176ae0fe2fc62a618786708ca
2019/12/14 | 18:54:26 | INFO | [32m[2019-12-14 18:54:26 DEBUG	vault_processor][39m\nCustID: 274380001052778
Name: ALASHEMI
TradeChannel: HFS Small T.G.
hash: 391328c0a780c59d81795c8e486aac64af73c73cfd9dc3e47e6c1be2c1d22a0b
2019/12/14 | 18:54:26 | INFO | [32m[2019-12-14 18:54:26 DEBUG	vault_processor][39m\nCustID: 274380001052844
Name: ALMAYDAH
TradeChannel: HFS Small T.G.
hash: cb85930e25fe5483b6688d93ce405021dc83a5af6c70c81618b64810f73248dd
2019/12/14 | 18:54:26 | INFO | [32m[2019-12-14 18:54:26 DEBUG	vault_processor][39m\nCustID: 274380001052903
Name: ALGAWHRH
TradeChannel: HFS Small T.G.
hash: bc6e792a1833609b38bc03883ebdc4580f6ef76ef6736f0ca8c202395b5a7813
2019/12/14 | 18:54:26 | INFO | [32m[2019-12-14 18:54:26 DEBUG	vault_processor][39m\nCustID: 274380001053083
Name: ALAJWAD 2
TradeChannel: HFS Small T.G.
hash: 91565249c670b271633704471eace157cbb2faf4d41c79bac9a532804f2e2f4b
2019/12/14 | 18:54:26 | INFO | [32m[2019-12-14 18:54:26 DEBUG	vault_processor][39m\nCustID: 274380001053102
Name: ALSAUDYAH STORES
TradeChannel: HFS Small T.G.
hash: bedbe7ac27ce2d72b0541a68d0077e75e5a43ebe2426942e339e34d6b4f2b551
2019/12/14 | 18:54:26 | INFO | [32m[2019-12-14 18:54:26 DEBUG	vault_processor][39m\nCustID: 274380001053110
Name: ALHODA MARKETS
TradeChannel: HFS Small T.G.
hash: 314c7d13d585173cd31a99c61eab7db85324f73eb519c721fc0c12455831c0e7
2019/12/14 | 18:54:26 | INFO | [32m[2019-12-14 18:54:26 DEBUG	vault_processor][39m\nCustID: 274380001053136
Name: ALJAWHRAH
TradeChannel: HFS Small T.G.
hash: fc59351de1056413f0a452e6feeeb7fe5c8d0c58143eb26e16e3ffa1dad73b89
2019/12/14 | 18:54:26 | INFO | [32m[2019-12-14 18:54:26 DEBUG	vault_processor][39m\nCustID: 274380001053154
Name: ALHARAS ALMALKY
TradeChannel: HFS Small T.G.
hash: cf27f2396c5892018114cd18dfeb65a26a824a406509a1683d945b2012332b97
2019/12/14 | 18:54:26 | INFO | [32m[2019-12-14 18:54:26 DEBUG	vault_processor][39m\nCustID: 274380001053263
Name: ALOSRAH  PHARMACY
TradeChannel: Pharma Tier 3
hash: 0673d9dbbbe10d278c9d9442a807be4203e9762e74dc28910c17ff5eef52f6a0
2019/12/14 | 18:54:26 | INFO | [32m[2019-12-14 18:54:26 DEBUG	vault_processor][39m\nCustID: 274380001053280
Name: GAWHARAT EL-MATAR PHARMACY
TradeChannel: Pharma Tier 3
hash: cce8c76914ac5ef8159517c7db7359bd6f370b827d3912837e658c3bac00804b
2019/12/14 | 18:54:26 | INFO | [32m[2019-12-14 18:54:26 DEBUG	vault_processor][39m\nCustID: 274380001053514
Name: AHL AL-MADINAH PHARMACY (1)
TradeChannel: Pharma Tier 3
hash: 571e420c1ee819b2fee4bf97090fea47ceecbb8e85fc02fdd6b7da38e7fba7f1
2019/12/14 | 18:54:26 | INFO | [32m[2019-12-14 18:54:26 DEBUG	vault_processor][39m\nCustID: 274380001055661
Name: BANDAR
TradeChannel: HFS Small T.G.
hash: 297a408154ed93bc1c94dea430461fbcfcfb5181a2752fd998b5d9528ce6f117
2019/12/14 | 18:54:26 | INFO | [32m[2019-12-14 18:54:26 DEBUG	vault_processor][39m\nCustID: 274380001067539
Name: OUR HOME FOR PLASTIC
TradeChannel: HFS Small T.G.
hash: a0cebe08bc7e4ffb2bf8d22e4f86b64336f3132f507e478194ae6a3be8b70eed
2019/12/14 | 18:54:26 | INFO | [32m[2019-12-14 18:54:26 DEBUG	vault_processor][39m\nCustID: 274380001070100
Name: FAISAL HARI AL DEFIRI STORE
TradeChannel: HFS Small T.G.
hash: 2edbbf937266093a0a30f50b6b85cdc3ab805cc4e5fc0fbe77768b03a53f9509
2019/12/14 | 18:54:26 | INFO | [32m[2019-12-14 18:54:26 DEBUG	vault_processor][39m\nCustID: 274380001072322
Name: Sandal Altamer Est
TradeChannel: Wholesaler
hash: c31a115c65b524b6b3960f723c2267b6e6793cbd7a50f8a4195f2b05fc871b79
2019/12/14 | 18:54:26 | INFO | [32m[2019-12-14 18:54:26 DEBUG	vault_processor][39m\nCustID: 274380001044622
Name: ALSHEHRI
TradeChannel: HFS Small T.G.
hash: 24edcdc5a48a6efd4995b50182ef1ae0471363c288671bd1e347ed0e0a11b5ea
2019/12/14 | 18:54:26 | INFO | [32m[2019-12-14 18:54:26 DEBUG	vault_processor][39m\nCustID: 274380001063908
Name: ALZOHOR
TradeChannel: HFS Small T.G.
hash: 03d930aa09984dc6202722c3202c8fecf99544e654d455028785687bd92a02a3
2019/12/14 | 18:54:26 | INFO | [32m[2019-12-14 18:54:26 DEBUG	vault_processor][39m\nCustID: 274380001062923
Name: DORAT ALTAMWINAT
TradeChannel: HFS Small T.G.
hash: 4a842d8fef1b742c0d33abd1e578ff9302618c0c72e3d6db21c49d53868c41e8
2019/12/14 | 18:54:26 | INFO | [32m[2019-12-14 18:54:26 DEBUG	vault_processor][39m\nCustID: 274380001044104
Name: SALEH ALI SOFAN
TradeChannel: Wholesaler
hash: 096555a1d28a211c3865c6806363e425d29a092a3904ee9d9515a04b9fdad257
2019/12/14 | 18:54:26 | INFO | [32m[2019-12-14 18:54:26 DEBUG	vault_processor][39m\nCustID: 274380001044184
Name: Afaq Saleh Company Limited
TradeChannel: Wholesaler
hash: 7e957362bf55bf72b77b851708da97648df0312a7708f3d2b6425c26392a2806
2019/12/14 | 18:54:27 | INFO | [32m[2019-12-14 18:54:27 DEBUG	vault_processor][39m\nCustID: 274380001045019
Name: TURKI
TradeChannel: HFS Small T.G.
hash: 4fb3e8ebceb97d429f8fc199be3cc1bdabda163d51bacefc834de7966b3a2f7a
2019/12/14 | 18:54:27 | INFO | [32m[2019-12-14 18:54:27 DEBUG	vault_processor][39m\nCustID: 274380001045085
Name: ALMUDHISH
TradeChannel: HFS Small T.G.
hash: a46b1cc56b64883d89938b9f914444496277ea9438c7694f7e25eb4b1cc20c5d
2019/12/14 | 18:54:27 | INFO | [32m[2019-12-14 18:54:27 DEBUG	vault_processor][39m\nCustID: 274380001051624
Name: JULIJELAH
TradeChannel: HFS Small T.G.
hash: 094755a8c8bce1dc3c4a228ec6c81b268c190d234ec588e311ceccd358bebe99
2019/12/14 | 18:54:27 | INFO | [32m[2019-12-14 18:54:27 DEBUG	vault_processor][39m\nCustID: 274380001051858
Name: FARES
TradeChannel: HFS Small T.G.
hash: 4513296fc8781a5eaec07e8a3582d4115adcc392485cacf2f21698a5be294e57
2019/12/14 | 18:54:27 | INFO | [32m[2019-12-14 18:54:27 DEBUG	vault_processor][39m\nCustID: 274380001051866
Name: EYADAH STORES
TradeChannel: HFS Small T.G.
hash: 99254e96cdfaec873066a5091892b970f55b1a7f9e237341d52734fb32d90c9e
2019/12/14 | 18:54:27 | INFO | [32m[2019-12-14 18:54:27 DEBUG	vault_processor][39m\nCustID: 274380001051965
Name: LOGAIN STORE
TradeChannel: HFS Small T.G.
hash: 3262375b8d9a985e9c6fb3416e6ac028eb96c459c44caf21992caa8c5e19e0f0
2019/12/14 | 18:54:27 | INFO | [32m[2019-12-14 18:54:27 DEBUG	vault_processor][39m\nCustID: 274380001052064
Name: AL HAMDAN
TradeChannel: HFS Small T.G.
hash: 472356c6e46260911d2283c6695345b85a210c18af5f88cf50fc40a297a4541e
2019/12/14 | 18:54:27 | INFO | [32m[2019-12-14 18:54:27 DEBUG	vault_processor][39m\nCustID: 274380001053534
Name: ALMOSTAHLIK
TradeChannel: HFS Small T.G.
hash: 15456d09fb52cc2456ea3b511a5f2f2f0ffa8311730e321b7ab99d96e3ffb9fa
2019/12/14 | 18:54:27 | INFO | [32m[2019-12-14 18:54:27 DEBUG	vault_processor][39m\nCustID: 274380001053561
Name: ROTANA
TradeChannel: HFS Small T.G.
hash: 7b41d3dc79098b4dbe6175c1b43293bc513354a676c82436b91515915f20d240
Continuing to vault_processor.1576349667101.log
