2019/12/14 | 18:42:22 | INFO | [32m[2019-12-14 18:42:22 DEBUG	vault_processor][39m\nCustID: 274380001052152
Name: AL SALAM
TradeChannel: HFS Small T.G.
hash: 5c1ec0df8191652311f686f557c709d10f0f558373a27390d81288041bb85477
******************************************************************************************
**
** Perfect Logger Logging System
** Application Version          : 1.0
** Perfect-Logger Version       : 1.5.2
** Application Start Time (UTC) : 18:40:00 2019/12/14
**
** Copyright 2018 Team whileLOOP
**
******************************************************************************************
**
** Log Number               : #10
** Continuing from Log File : vault_processor.1576348942276.log
** Log Start Time (UTC)     : 18:42:22 2019/12/14
**
******************************************************************************************
2019/12/14 | 18:42:22 | INFO | [32m[2019-12-14 18:42:22 DEBUG	vault_processor][39m\nCustID: 274380001045674
Name: SALAT ALGHEDAA
TradeChannel: HFS Small T.G.
hash: 039395a4a6bf8d986b98bac5fb7049a248c95126bbce3cb7d6daea584a2c8512
2019/12/14 | 18:42:22 | INFO | [32m[2019-12-14 18:42:22 DEBUG	vault_processor][39m\nCustID: 274380001046240
Name: MESAHRI
TradeChannel: HFS Small T.G.
hash: 8d87e56374293510e3c5cc68eae04d4cb92353dc18395d2013d96db97008dda6
2019/12/14 | 18:42:22 | INFO | [32m[2019-12-14 18:42:22 DEBUG	vault_processor][39m\nCustID: 274380001046003
Name: AL HAMID
TradeChannel: HFS Small T.G.
hash: b88c04e9e3e35efd73c5001c3186cf3c1ed2b7a028f84dd6dfec73dc5ff42fed
2019/12/14 | 18:42:22 | INFO | [32m[2019-12-14 18:42:22 DEBUG	vault_processor][39m\nCustID: 274380001048097
Name: ALHARAMAIN
TradeChannel: HFS Small T.G.
hash: 4db9356f01c215553f2808fb5a2ade0dff233d61777f40cf033a02e91356c669
2019/12/14 | 18:42:22 | INFO | [32m[2019-12-14 18:42:22 DEBUG	vault_processor][39m\nCustID: 274380001048102
Name: ALJAZEERA
TradeChannel: HFS Small T.G.
hash: b8dd69d93b2ae0100af0733b4e8f6b42dc39e7fcbd146cb8162183303e664b89
2019/12/14 | 18:42:22 | INFO | [32m[2019-12-14 18:42:22 DEBUG	vault_processor][39m\nCustID: 274380001048106
Name: ALQASADY
TradeChannel: HFS Small T.G.
hash: 2877799243fdc61b7a465b71d7cbb58230bc2482d1dc39b46642c74d694c60f7
2019/12/14 | 18:42:22 | INFO | [32m[2019-12-14 18:42:22 DEBUG	vault_processor][39m\nCustID: 274380001048107
Name: DAHEEQA
TradeChannel: HFS Small T.G.
hash: e65902d08eb95186681b1cb094294d667b24711da99db40dd5c3977f01dccffd
2019/12/14 | 18:42:22 | INFO | [32m[2019-12-14 18:42:22 DEBUG	vault_processor][39m\nCustID: 274380001048111
Name: AL MANSOOR
TradeChannel: HFS Small T.G.
hash: d2e594f50de00b9ef3fed049794b47ca367f3da774e7d3560216a30093b7a26d
2019/12/14 | 18:42:22 | INFO | [32m[2019-12-14 18:42:22 DEBUG	vault_processor][39m\nCustID: 274380001048227
Name: RENAD
TradeChannel: HFS Small T.G.
hash: 1e9384b6565baef60badb55c4be8519410bb24cc244dd6ecbc3faa4de305ffa2
2019/12/14 | 18:42:22 | INFO | [32m[2019-12-14 18:42:22 DEBUG	vault_processor][39m\nCustID: 274380001048795
Name: ALABAAD
TradeChannel: HFS Small T.G.
hash: 32e70446f0d80659ccc94005a5ae04a288eb69019770aa662d8945cbbb95675a
2019/12/14 | 18:42:22 | INFO | [32m[2019-12-14 18:42:22 DEBUG	vault_processor][39m\nCustID: 274380001048426
Name: ALSHAREEF
TradeChannel: HFS Small T.G.
hash: 4288c9f745a67d0f795741869f212a3c853c4a87274a5b780ad29790f1b76f06
2019/12/14 | 18:42:22 | INFO | [32m[2019-12-14 18:42:22 DEBUG	vault_processor][39m\nCustID: 274380001048517
Name: SALEM
TradeChannel: HFS Small T.G.
hash: 18be50a65ca3606721c6ad17dd540671946875bb1c11eaaadf5d0a51353e942e
2019/12/14 | 18:42:22 | INFO | [32m[2019-12-14 18:42:22 DEBUG	vault_processor][39m\nCustID: 274380001048569
Name: ASWAQ ALI ALMRKZYA
TradeChannel: HFS Small T.G.
hash: cd8a22dedc17eef7afd868e97c193aeb1a0bcd24f989bfe138dc18f72b05ac97
2019/12/14 | 18:42:22 | INFO | [32m[2019-12-14 18:42:22 DEBUG	vault_processor][39m\nCustID: 274380001049261
Name: BAQAALT ABHA
TradeChannel: HFS Small T.G.
hash: 4ae860b4e0e33fe8f8e6561cda6d1d9595d7e6d2b385277b8228dc47b62ddd19
2019/12/14 | 18:42:22 | INFO | [32m[2019-12-14 18:42:22 DEBUG	vault_processor][39m\nCustID: 274380001049272
Name: ALARAB
TradeChannel: HFS Small T.G.
hash: ce6c72375076f893b51c3c565459c4269280e3294e1d2c0e4b10013ae8449a66
2019/12/14 | 18:42:22 | INFO | [32m[2019-12-14 18:42:22 DEBUG	vault_processor][39m\nCustID: 274380001049381
Name: AHMED ALSANEEDE
TradeChannel: HFS Small T.G.
hash: 411543ede1730ac514e46fb38ed2ae9770633e9a6652bcf6ccea8f18bcd0b3c4
2019/12/14 | 18:42:22 | INFO | [32m[2019-12-14 18:42:22 DEBUG	vault_processor][39m\nCustID: 274380001049390
Name: WAEL QASIM
TradeChannel: HFS Small T.G.
hash: a569c277f69a7c40fd52908d3a5b67fccfa904ceb0a94fd954035386b6db6675
2019/12/14 | 18:42:22 | INFO | [32m[2019-12-14 18:42:22 DEBUG	vault_processor][39m\nCustID: 274380001049419
Name: ALASEEL
TradeChannel: HFS Small T.G.
hash: 4a6954283761f47c5fa1dcfae14a3007de8bf39a3161318b7dc70171cee5ebd3
2019/12/14 | 18:42:22 | INFO | [32m[2019-12-14 18:42:22 DEBUG	vault_processor][39m\nCustID: 274380001049604
Name: ALFORAT
TradeChannel: HFS Small T.G.
hash: 04faf969c3db4a284c536a4f91edb47899e943977d3ed25ee4782c91828ee434
2019/12/14 | 18:42:22 | INFO | [32m[2019-12-14 18:42:22 DEBUG	vault_processor][39m\nCustID: 274380001049605
Name: BADR
TradeChannel: HFS Small T.G.
hash: 2b7e47ad1b8ddcfa29165606f35db7c5e8336d9910940f4b45a8cd2c6bb920cb
2019/12/14 | 18:42:22 | INFO | [32m[2019-12-14 18:42:22 DEBUG	vault_processor][39m\nCustID: 274380001050340
Name: MADD 2
TradeChannel: HFS Small T.G.
hash: 89d931ab93ce3490c8d0d62671c75faa640bc2615ac0896cb00b61007d806cc2
2019/12/14 | 18:42:22 | INFO | [32m[2019-12-14 18:42:22 DEBUG	vault_processor][39m\nCustID: 274380001050463
Name: DAR ALSHAMAL
TradeChannel: HFS Small T.G.
hash: 54f32f4442efc014f3b30346dc17eed59222265d3667ef6a4fd5d91d54520d08
2019/12/14 | 18:42:22 | INFO | [32m[2019-12-14 18:42:22 DEBUG	vault_processor][39m\nCustID: 274380001050583
Name: ALAROSI
TradeChannel: HFS Small T.G.
hash: ca9afbb7dd5515ae1f7e24d00c5979a810e8b406a1c61cac8b713e623ab0b2f4
2019/12/14 | 18:42:22 | INFO | [32m[2019-12-14 18:42:22 DEBUG	vault_processor][39m\nCustID: 274380001050341
Name: NAWAF ABDALAZIZ
TradeChannel: HFS Small T.G.
hash: c23d383b05b5cde29e9551e22d951476f3e32213ed0a33569a25245f71ff1079
2019/12/14 | 18:42:22 | INFO | [32m[2019-12-14 18:42:22 DEBUG	vault_processor][39m\nCustID: 274380001050447
Name: ABDULLAH ALSEEF
TradeChannel: HFS Small T.G.
hash: ee6de5f2502f446452d0bb036b3444882782d95d8ade0134eed580909ed93a4c
2019/12/14 | 18:42:22 | INFO | [32m[2019-12-14 18:42:22 DEBUG	vault_processor][39m\nCustID: 274380001050591
Name: ALMADEENAH
TradeChannel: HFS Small T.G.
hash: 8a445de4c99329ea2d10bd474bb057468fd66c78f8eca3e317ebbf167d5b2a6e
2019/12/14 | 18:42:22 | INFO | [32m[2019-12-14 18:42:22 DEBUG	vault_processor][39m\nCustID: 274380001050788
Name: ALOSSRAH
TradeChannel: HFS Small T.G.
hash: 46c40e6c81489575bae7c9a0350c9ed560367a8a1e6bcba3602efa0abe443652
2019/12/14 | 18:42:22 | INFO | [32m[2019-12-14 18:42:22 DEBUG	vault_processor][39m\nCustID: 274380001050792
Name: ALMOMAIAZ
TradeChannel: HFS Small T.G.
hash: 2a92cbcc3b7ddb0ef6450ce2978874dfc5a57c6c33094a19cad5c740fa55d96c
2019/12/14 | 18:42:22 | INFO | [32m[2019-12-14 18:42:22 DEBUG	vault_processor][39m\nCustID: 274380001048061
Name: BAQALA ALAMAIDAN
TradeChannel: HFS Small T.G.
hash: 0c40c3761164245f1776da4552e9bfddfad604373d630cb02bef9f313f581695
2019/12/14 | 18:42:22 | INFO | [32m[2019-12-14 18:42:22 DEBUG	vault_processor][39m\nCustID: 274380001049904
Name: BADR 2
TradeChannel: HFS Small T.G.
hash: 0d9fae9b73fc02312785887908902cad0646a7a6cbb408953f7c901ac1266f78
2019/12/14 | 18:42:22 | INFO | [32m[2019-12-14 18:42:22 DEBUG	vault_processor][39m\nCustID: 274380001050344
Name: ABDALAZIZ ALSAEDY
TradeChannel: HFS Small T.G.
hash: c66a91f7fdfc64a16451d1cb53d1ee76bdfae47321cf9586fc0e3fe7563fb1ef
2019/12/14 | 18:42:22 | INFO | [32m[2019-12-14 18:42:22 DEBUG	vault_processor][39m\nCustID: 274380001050460
Name: HAYAA ABDULLAH SALEH
TradeChannel: HFS Small T.G.
hash: 39641ecacc7442fe7928d980e7bebe35abde6c36425e43a0ff91b634a9f0c304
2019/12/14 | 18:42:22 | INFO | [32m[2019-12-14 18:42:22 DEBUG	vault_processor][39m\nCustID: 274380001050572
Name: ALKHEIR
TradeChannel: HFS Small T.G.
hash: 6ef143c291c846935c4d585a28dc246375b01a8f2ae5761eff0a127a51b00af8
2019/12/14 | 18:42:22 | INFO | [32m[2019-12-14 18:42:22 DEBUG	vault_processor][39m\nCustID: 274380001050584
Name: TAIBAH
TradeChannel: HFS Small T.G.
hash: 841f8c411b72ed1ddf91dd10d468333ebb0378f186dc6b4b588b330211442c7f
2019/12/14 | 18:42:22 | INFO | [32m[2019-12-14 18:42:22 DEBUG	vault_processor][39m\nCustID: 274380001050585
Name: MAJED
TradeChannel: HFS Small T.G.
hash: 49d230baab8cd242f904b7318cb7ebc635f9fa8e90b60d516d2e7ec7a773b33e
2019/12/14 | 18:42:22 | INFO | [32m[2019-12-14 18:42:22 DEBUG	vault_processor][39m\nCustID: 274380001050968
Name: ZAHWAH OTEEQ ALSHEMARY
TradeChannel: HFS Small T.G.
hash: 6ec30c8b51b8b3c4995d3466faab00807d510eefe99384838d5cc2297707fb4d
2019/12/14 | 18:42:22 | INFO | [32m[2019-12-14 18:42:22 DEBUG	vault_processor][39m\nCustID: 274380001050971
Name: HMOUD ALAWAD
TradeChannel: HFS Small T.G.
hash: bf8ea5c661c1ec649cde67d1eedeb0db5f4e2e2dceec53a27c338581f3ba5318
2019/12/14 | 18:42:22 | INFO | [32m[2019-12-14 18:42:22 DEBUG	vault_processor][39m\nCustID: 274380001051411
Name: TAMWEENAT ALGHEZAEIAH
TradeChannel: HFS Small T.G.
hash: 6d1686cb8478d7ebd63eab64f1432b8f9e1db5b40e5583922f86ea0b4babcf51
2019/12/14 | 18:42:22 | INFO | [32m[2019-12-14 18:42:22 DEBUG	vault_processor][39m\nCustID: 274380001051404
Name: FRHAN
TradeChannel: HFS Small T.G.
hash: f1530ec648b3a52a65178afe3eac94c06acd8d8440725d3ee93cb9dadd4f06ff
2019/12/14 | 18:42:22 | INFO | [32m[2019-12-14 18:42:22 DEBUG	vault_processor][39m\nCustID: 274380001051412
Name: ALBANDR
TradeChannel: HFS Small T.G.
hash: ccea64e4b21ab7209fde37fcd5854c8938b2100a4dbde992005930fe5c84ef4c
2019/12/14 | 18:42:22 | INFO | [32m[2019-12-14 18:42:22 DEBUG	vault_processor][39m\nCustID: 274380001051419
Name: ALBARAKAH
TradeChannel: HFS Small T.G.
hash: 6fbdca563c73d420cc3bc9c2bf4e8a6bb43c9076cabfd1b2623a05c0c7c2fdbb
2019/12/14 | 18:42:22 | INFO | [32m[2019-12-14 18:42:22 DEBUG	vault_processor][39m\nCustID: 274380001051635
Name: ALAIELAT
TradeChannel: HFS Small T.G.
hash: c502c9c964d190cdd114852b0f355d1df4220aa62187f988050cb301b55e5d3c
2019/12/14 | 18:42:22 | INFO | [32m[2019-12-14 18:42:22 DEBUG	vault_processor][39m\nCustID: 274380001051916
Name: TAMWENAT Abdul Rahman Al Anzi
TradeChannel: HFS Small T.G.
hash: 4dce6a89e0992d00c836ee734314e0f1db5cb04663fc50376e5cd1986b0658d2
2019/12/14 | 18:42:22 | INFO | [32m[2019-12-14 18:42:22 DEBUG	vault_processor][39m\nCustID: 274380001048589
Name: ALSAAH
TradeChannel: HFS Small T.G.
hash: b9bb06caa353dec27a7983a9cc8477a9b730dede124e6190a7f668ae2cce9cf3
2019/12/14 | 18:42:22 | INFO | [32m[2019-12-14 18:42:22 DEBUG	vault_processor][39m\nCustID: 274380001050794
Name: ZEIAD 1
TradeChannel: HFS Small T.G.
hash: f2ff828f480b42cc215aa613e2554e2ff42782f2433971fcb5f50b0675050914
2019/12/14 | 18:42:22 | INFO | [32m[2019-12-14 18:42:22 DEBUG	vault_processor][39m\nCustID: 274380001050981
Name: ALHEMMEDY
TradeChannel: HFS Small T.G.
hash: 471a777f23148e65ea529721323deba8719410fdce9ca6f523f16b5d069ccef5
2019/12/14 | 18:42:22 | INFO | [32m[2019-12-14 18:42:22 DEBUG	vault_processor][39m\nCustID: 274380001051006
Name: ALBARAKAH
TradeChannel: HFS Small T.G.
hash: b500dd61550047c4275ab27b91d716aee9a291c41dd6afc7a54cc5595e193eae
2019/12/14 | 18:42:22 | INFO | [32m[2019-12-14 18:42:22 DEBUG	vault_processor][39m\nCustID: 274380001052707
Name: ALAIELAH 2 STORES
TradeChannel: HFS Small T.G.
hash: cb4234978b9633bb78d75877c2639e5a97186ab9f313fe9f8cd81be9a8e7ba81
2019/12/14 | 18:42:22 | INFO | [32m[2019-12-14 18:42:22 DEBUG	vault_processor][39m\nCustID: 274380001052775
Name: MARKAZ MAKKAH
TradeChannel: HFS Small T.G.
hash: cbe633a9742a641a6744c79c827d2ddaa708102f16784beb4cc4c7c931b71deb
2019/12/14 | 18:42:22 | INFO | [32m[2019-12-14 18:42:22 DEBUG	vault_processor][39m\nCustID: 274380001053342
Name: AL-FARES PHARMACY
TradeChannel: RVO Pharma
hash: e7cdf3d1f5d9a88687c9ccfcaa0dec2df24175df7e0ba0e210b37921f87fbc56
2019/12/14 | 18:42:22 | INFO | [32m[2019-12-14 18:42:22 DEBUG	vault_processor][39m\nCustID: 274380001053684
Name: ALAWAEL
TradeChannel: HFS Small T.G.
hash: 19c01c171dee87b0b63e1402c6121d06d222ad579ccb6ca17464889575eb789e
Continuing to vault_processor.1576348942766.log
