2019/12/14 | 18:54:12 | INFO | [32m[2019-12-14 18:54:12 DEBUG	vault_processor][39m\nCustID: 274380001078263
Name: Vitamin Pharmacy
TradeChannel: RVO Pharma
hash: 57f2202635c46dc8e6bf8c33d1bb32370a8d905487f39958b94b885790d62855
******************************************************************************************
**
** Perfect Logger Logging System
** Application Version          : 1.0
** Perfect-Logger Version       : 1.5.2
** Application Start Time (UTC) : 18:49:52 2019/12/14
**
** Copyright 2018 Team whileLOOP
**
******************************************************************************************
**
** Log Number               : #36
** Continuing from Log File : vault_processor.1576349652341.log
** Log Start Time (UTC)     : 18:54:12 2019/12/14
**
******************************************************************************************
2019/12/14 | 18:54:12 | INFO | [32m[2019-12-14 18:54:12 DEBUG	vault_processor][39m\nCustID: 274380001078394
Name: karaz elbuostan
TradeChannel: HFS Small T.G.
hash: da233887f37a2599171fded4279e85367c7c6879d6a607e0c8f41c0127a289da
2019/12/14 | 18:54:12 | INFO | [32m[2019-12-14 18:54:12 DEBUG	vault_processor][39m\nCustID: 274380001078395
Name: mazaya el arkan
TradeChannel: HFS Small T.G.
hash: 7d7e82d8c9d70f476a76b39c56a75aaf34f3403050832e94fd0252dcf9e7f3b1
2019/12/14 | 18:54:12 | INFO | [32m[2019-12-14 18:54:12 DEBUG	vault_processor][39m\nCustID: 274380001078414
Name: eldaem elgezaey
TradeChannel: HFS Small T.G.
hash: 032587bdc64b03cc79e1866d7e7819e2a6bde1a646bcd8552bbc607fcb4dbcce
2019/12/14 | 18:54:12 | INFO | [32m[2019-12-14 18:54:12 DEBUG	vault_processor][39m\nCustID: 274380001078956
Name: Damas Medical Company
TradeChannel: Pharma Tier 2
hash: e4242c546fbe9eb4055516dba97041b542c6971cb118b6e419fb14ff0bbc6250
2019/12/14 | 18:54:12 | INFO | [32m[2019-12-14 18:54:12 DEBUG	vault_processor][39m\nCustID: 274380001079043
Name: Ahmed Nayef Al Manjaf Al Salimi Trading
TradeChannel: Self Service T.G
hash: 2814daa72af29c66105cae5f509e6fb8c645ca4e522f1cd3b678194bbc9c4cfa
2019/12/14 | 18:54:12 | INFO | [32m[2019-12-14 18:54:12 DEBUG	vault_processor][39m\nCustID: 274380001079108
Name: Hussain Awad Musaeid Al - Qahtani Tradin
TradeChannel: HFS Small T.G.
hash: 56db83fa73280388b4519b214ed342d359d2856026ee21e964ef0b977b9e9561
2019/12/14 | 18:54:12 | INFO | [32m[2019-12-14 18:54:12 DEBUG	vault_processor][39m\nCustID: 274380001079309
Name: Al Makarem Food Trading Est.
TradeChannel: Wholesaler
hash: ab48aa70d2a1946e3bdf6532d940ce000aa408e569b92fb4dd43929caa9bc4f2
2019/12/14 | 18:54:12 | INFO | [32m[2019-12-14 18:54:12 DEBUG	vault_processor][39m\nCustID: 274380001079317
Name: Tarek AbdElrazak Othman Al-Abbasi Est. K
TradeChannel: HFS Small T.G.
hash: 1ebea13d4d4486b23ae8e11b7130c94b296b79f00ab18699ea19f8659757ed2e
2019/12/14 | 18:54:12 | INFO | [32m[2019-12-14 18:54:12 DEBUG	vault_processor][39m\nCustID: 274380001079350
Name: Mothook Center For wholesale - Trusty Ma
TradeChannel: Self Service T.G
hash: bc1b1ef8172b989fa9a9f873d3e224c4c3935db29961954ebdfd51c698b0a71b
2019/12/14 | 18:54:12 | INFO | [32m[2019-12-14 18:54:12 DEBUG	vault_processor][39m\nCustID: 274380001068559
Name: REFAH
TradeChannel: HFS Small T.G.
hash: d6abea20405ea0088d4234c44c67ad3385e4d46d4f44d656a7f4e716be24c6f6
2019/12/14 | 18:54:12 | INFO | [32m[2019-12-14 18:54:12 DEBUG	vault_processor][39m\nCustID: 274380001070969
Name: Tamoinat Mohammed Hadi
TradeChannel: HFS Small T.G.
hash: 39133fd5de8c98ca24e97863d38c76489a0fea58a0c9029c99ebf48d8209660f
2019/12/14 | 18:54:12 | INFO | [32m[2019-12-14 18:54:12 DEBUG	vault_processor][39m\nCustID: 274380001072460
Name: Sabri est
TradeChannel: HFS Small T.G.
hash: b4a65ebbc824386789bfa34bf9e5cdd3d77d73898ea27a853af05e18413c1cf0
2019/12/14 | 18:54:12 | INFO | [32m[2019-12-14 18:54:12 DEBUG	vault_processor][39m\nCustID: 274380001076591
Name: Al Rabwa
TradeChannel: HFS Small T.G.
hash: 69d86c7d78e5b583fac79902b9d73e60b088ae579e3eeff5840632fe9ae470bf
2019/12/14 | 18:54:12 | INFO | [32m[2019-12-14 18:54:12 DEBUG	vault_processor][39m\nCustID: 274380001054231
Name: ALSALAMAH
TradeChannel: HFS Small T.G.
hash: fa863bd43103af65d718e14dff43dcba8c56263f3e52a344fee11ef54eefb581
2019/12/14 | 18:54:12 | INFO | [32m[2019-12-14 18:54:12 DEBUG	vault_processor][39m\nCustID: 274380001077334
Name: AL Tawheed PH
TradeChannel: RVO Pharma
hash: c827890bdeca61354d32fe2fa29ef7a6abea43c13b53519a9209f6fc35aeb889
2019/12/14 | 18:54:12 | INFO | [32m[2019-12-14 18:54:12 DEBUG	vault_processor][39m\nCustID: 274380001077635
Name: ryadh el kaar
TradeChannel: HFS Small T.G.
hash: e493995727eb8f9431c9525ee55754073f51438feacd571e542f55836808aca4
2019/12/14 | 18:54:12 | INFO | [32m[2019-12-14 18:54:12 DEBUG	vault_processor][39m\nCustID: 274380001078439
Name: N/A
TradeChannel: HFS Small T.G.
hash: e6a00b0c5ffa4b84cd565c9b7446c2d35e96ea66dc9eced1df775e05548b447e
2019/12/14 | 18:54:12 | INFO | [32m[2019-12-14 18:54:12 DEBUG	vault_processor][39m\nCustID: 274380001079233
Name: Jeser Al Wesam Est.
TradeChannel: HFS Small T.G.
hash: ee72f538d6eb91fab078449d0f0dca7121900272b0b34065a9f6271491e82b8e
2019/12/14 | 18:54:12 | INFO | [32m[2019-12-14 18:54:12 DEBUG	vault_processor][39m\nCustID: 274380001079250
Name: Al Saadah
TradeChannel: HFS Small T.G.
hash: 8057e2cd93a07399efe053f394d41b324f9cc52f88d457af64ea0f5686b5db2e
2019/12/14 | 18:54:12 | INFO | [32m[2019-12-14 18:54:12 DEBUG	vault_processor][39m\nCustID: 274380001048596
Name: TAMWEENAT HAMADAH
TradeChannel: HFS Small T.G.
hash: 42a7ef6a1bd0a017b4ca31562ae3b8615ac9c0c04871e7bea461f820b3aa626e
2019/12/14 | 18:54:12 | INFO | [32m[2019-12-14 18:54:12 DEBUG	vault_processor][39m\nCustID: 274380001079402
Name: N/A
TradeChannel: HFS Small T.G.
hash: 0fe25d2522215f3eea79a9c334efea1aeb5dce13996c4853198a2db10c91f950
2019/12/14 | 18:54:12 | INFO | [32m[2019-12-14 18:54:12 DEBUG	vault_processor][39m\nCustID: 274380001079586
Name: N/A
TradeChannel: HFS Small T.G.
hash: 0cd992a48d33804c36671ffbc4fd11ffd55a86b6ecc9e82bc51b36da509b43fa
2019/12/14 | 18:54:12 | INFO | [32m[2019-12-14 18:54:12 DEBUG	vault_processor][39m\nCustID: 274380001079831
Name: N/A
TradeChannel: HFS Small T.G.
hash: 2eddce632b261f4835c130174e702ab8c46beb4c348fe1a3d2279d641a0145c0
2019/12/14 | 18:54:12 | INFO | [32m[2019-12-14 18:54:12 DEBUG	vault_processor][39m\nCustID: 274380001079963
Name: N/A
TradeChannel: HFS Small T.G.
hash: 184c7241949ab54d14a9761489e7a6df3ea67ff1754e90385081f3e80c9e731d
2019/12/14 | 18:54:12 | INFO | [32m[2019-12-14 18:54:12 DEBUG	vault_processor][39m\nCustID: 274380001080391
Name: N/A
TradeChannel: HFS Small T.G.
hash: 8217b0caa378554e2d8b4b103b9d77660261012015583f43f2d2f300418742dc
2019/12/14 | 18:54:12 | INFO | [32m[2019-12-14 18:54:12 DEBUG	vault_processor][39m\nCustID: 274380001080442
Name: N/A
TradeChannel: HFS Small T.G.
hash: 2c7935d7215aac4a892537bf699b0c792698d15c89ae52f09a58eee078ac05c7
2019/12/14 | 18:54:12 | INFO | [32m[2019-12-14 18:54:12 DEBUG	vault_processor][39m\nCustID: 274380001080445
Name: N/A
TradeChannel: HFS Small T.G.
hash: 698825861a1a84680bf10826b5b7a01f0a06d2784cab3d20c72e41cbb5b837b1
2019/12/14 | 18:54:12 | INFO | [32m[2019-12-14 18:54:12 DEBUG	vault_processor][39m\nCustID: 274380001080446
Name: N/A
TradeChannel: HFS Small T.G.
hash: 563fdd1472d8fceb49aa68fbd19e4ae15ab0872d1b4d0e97379b33908a7dfa40
2019/12/14 | 18:54:12 | INFO | [32m[2019-12-14 18:54:12 DEBUG	vault_processor][39m\nCustID: 274380001080448
Name: N/A
TradeChannel: HFS Small T.G.
hash: 91d4ecbfeb991ec16bf546ad8669f72ecc494076d587dd1beff027b2ecf93abd
2019/12/14 | 18:54:12 | INFO | [32m[2019-12-14 18:54:12 DEBUG	vault_processor][39m\nCustID: 274380001080451
Name: N/A
TradeChannel: HFS Small T.G.
hash: e9ea32682b2330bfbda7c1e9f684cdf8aa61025935b14f58bcfb34188ecdb229
2019/12/14 | 18:54:12 | INFO | [32m[2019-12-14 18:54:12 DEBUG	vault_processor][39m\nCustID: 274380001080452
Name: N/A
TradeChannel: HFS Small T.G.
hash: e7cc6611c46b686c29fc2fb8b113c261869fb6bc9dce15aa3b0ed455c8b7f3b6
2019/12/14 | 18:54:12 | INFO | [32m[2019-12-14 18:54:12 DEBUG	vault_processor][39m\nCustID: 274380001080522
Name: N/A
TradeChannel: HFS Small T.G.
hash: 810b8bf558d5b709d97272a565cd1b6cefc03f415d9b71ed3088badc960ec9b6
2019/12/14 | 18:54:12 | INFO | [32m[2019-12-14 18:54:12 DEBUG	vault_processor][39m\nCustID: 274380001080555
Name: N/A
TradeChannel: HFS Small T.G.
hash: c6c1b3e4ed993f1954934dac9469a30e166e97d1cbbc595f6be11cdc03202ce8
2019/12/14 | 18:54:12 | INFO | [32m[2019-12-14 18:54:12 DEBUG	vault_processor][39m\nCustID: 274380001080574
Name: N/A
TradeChannel: HFS Small T.G.
hash: 86258f2c999115706033bddb881b9d0e376ac36a882ccceef86923e13d86a6c7
2019/12/14 | 18:54:12 | INFO | [32m[2019-12-14 18:54:12 DEBUG	vault_processor][39m\nCustID: 274380001080645
Name: N/A
TradeChannel: HFS Small T.G.
hash: cb4ef3b5ec5b22261422c20761365d156b0e3d03a13093cefef0dc387c160a8e
2019/12/14 | 18:54:12 | INFO | [32m[2019-12-14 18:54:12 DEBUG	vault_processor][39m\nCustID: 274380001079667
Name: N/A
TradeChannel: HFS Small T.G.
hash: 074ff436d3b4651bc65fff9c74c3ec8f07e37ab468f631b54e676bad1bd3741a
2019/12/14 | 18:54:12 | INFO | [32m[2019-12-14 18:54:12 DEBUG	vault_processor][39m\nCustID: 274380001079840
Name: N/A
TradeChannel: HFS Small T.G.
hash: 7945630b30b05cb3bf1c997d66d866bf1abec15c3f8bdf3512172e01a0c6d59b
2019/12/14 | 18:54:12 | INFO | [32m[2019-12-14 18:54:12 DEBUG	vault_processor][39m\nCustID: 274380001080447
Name: N/A
TradeChannel: HFS Small T.G.
hash: a81cb1cbfd18b7eead6fd7cf47d4edd3d8a87aa35193e683b2a71bd1f5376bc9
2019/12/14 | 18:54:12 | INFO | [32m[2019-12-14 18:54:12 DEBUG	vault_processor][39m\nCustID: 274380001080453
Name: N/A
TradeChannel: HFS Small T.G.
hash: 0b9bc85a124c3f63d2a0f8e0e8577dda2e50c823e9b0f292888dd5217e005e55
2019/12/14 | 18:54:12 | INFO | [32m[2019-12-14 18:54:12 DEBUG	vault_processor][39m\nCustID: 274380001080536
Name: N/A
TradeChannel: HFS Small T.G.
hash: 44fa5dc4ba7f856967022b135e4430be052ffe5a7c9be67c7f20e01814c847ec
2019/12/14 | 18:54:12 | INFO | [32m[2019-12-14 18:54:12 DEBUG	vault_processor][39m\nCustID: 274380001080655
Name: N/A
TradeChannel: HFS Small T.G.
hash: fb93f551cb5025c7c73e18b02aca8ae533a1965176bda08b860c56fbeeb5ff51
Continuing to vault_processor.1576349652828.log
