******************************************************************************************
**
** Perfect Logger Logging System
** Application Version          : 1.0
** Perfect-Logger Version       : 1.5.2
** Application Start Time (UTC) : 19:11:31 2019/12/14
**
** Copyright 2018 Team whileLOOP
**
******************************************************************************************
**
** Log Number               : #1
** Continuing from Log File : vault_processor.1576350691829.log
** Log Start Time (UTC)     : 19:11:31 2019/12/14
**
******************************************************************************************
2019/12/14 | 19:12:24 | INFO | [32m[2019-12-14 19:12:24 DEBUG	vault_processor][39m\nCustID: 274380001092225
Name: N/A
TradeChannel: N/A
hash: a7e1cbb1f9172bcc1240d92f3cfe84d6dff7c59c2df0fe332b906e3b667ffdd8
2019/12/14 | 19:12:24 | INFO | [32m[2019-12-14 19:12:24 DEBUG	vault_processor][39m\nCustID: 274380001092356
Name: N/A
TradeChannel: N/A
hash: 7020fa099fc4d22c68c36d7ab38aba5b5733aaabfa390e11f6ea80ea1c30c9c1
2019/12/14 | 19:12:24 | INFO | [32m[2019-12-14 19:12:24 DEBUG	vault_processor][39m\nCustID: 274380001051156
Name: TAIBAH
TradeChannel: HFS Small T.G.
hash: d63efce5858640020e708f4baab9f933163fce378d2dfeb2edcbd4c6fda6c045
2019/12/14 | 19:12:24 | INFO | [32m[2019-12-14 19:12:24 DEBUG	vault_processor][39m\nCustID: 274380001092420
Name: N/A
TradeChannel: HFS Small T.G.
hash: c90b7370f9d096d99bdad8ce63343c4180d4ca9093df209ec313dcb083140476
2019/12/14 | 19:12:24 | INFO | [32m[2019-12-14 19:12:24 DEBUG	vault_processor][39m\nCustID: 274380001092443
Name: N/A
TradeChannel: HFS Small T.G.
hash: 43a05991c76c224a89f9af80b2861739378d7cf8842eef565556a2f8a5d68fa4
2019/12/14 | 19:12:24 | INFO | [32m[2019-12-14 19:12:24 DEBUG	vault_processor][39m\nCustID: 274380001094633
Name: N/A
TradeChannel: HFS Small T.G.
hash: 3110b308400888c0c39444d9e05e81fc5b4aa6a4a7cbe9d518f323c668e8acaf
2019/12/14 | 19:12:24 | INFO | [32m[2019-12-14 19:12:24 DEBUG	vault_processor][39m\nCustID: 274380001092691
Name: N/A
TradeChannel: HFS Small T.G.
hash: 474db2a62d68870f0de2f743ba297c59b72b3958cec867308ede90b63e8ac2e9
2019/12/14 | 19:12:24 | INFO | [32m[2019-12-14 19:12:24 DEBUG	vault_processor][39m\nCustID: 274380001054229
Name: FIRST ALTHMIRI MEDICAL PHARMACY
TradeChannel: Pharma Tier 3
hash: 53f949cf316e7760786d4096aa30a2418a3f988d1fa360d1882f488462658038
2019/12/14 | 19:12:24 | INFO | [32m[2019-12-14 19:12:24 DEBUG	vault_processor][39m\nCustID: 274380001055098
Name: AL METRIK CO FOR TRADING
TradeChannel: Pharma Tier 2
hash: 5fb21e8867271f3815450b7160de2ba769a62139f2c52c3e11ea99f23e239eed
2019/12/14 | 19:12:24 | INFO | [32m[2019-12-14 19:12:24 DEBUG	vault_processor][39m\nCustID: 274380001053341
Name: UNIVERSITY PHARMACY
TradeChannel: RVO Pharma
hash: 8cc647058e83c936b3c8769c97e4f628be7be020a48c6b487de5f73dacffad67
2019/12/14 | 19:12:24 | INFO | [32m[2019-12-14 19:12:24 DEBUG	vault_processor][39m\nCustID: 274380001056620
Name: AREEJ AL MADINAH CO
TradeChannel: Pharma Tier 3
hash: 9e0e1d450f3ad7b66a7424d4ecf0c47669275d914b170e63063281d3f5ce48b5
2019/12/14 | 19:12:24 | INFO | [32m[2019-12-14 19:12:24 DEBUG	vault_processor][39m\nCustID: 274380001095182
Name: N/A
TradeChannel: N/A
hash: a97bd152d23c45a9804b7904b415cbe8b64220d646fe8c884aaced73d8753699
2019/12/14 | 19:12:24 | INFO | [32m[2019-12-14 19:12:24 DEBUG	vault_processor][39m\nCustID: 274380001095212
Name: N/A
TradeChannel: HFS Small T.G.
hash: 160189877c362a16cb27582989d82f7797e7cf0a182699d44d4fb8dbdb6dfd66
2019/12/14 | 19:12:25 | INFO | [32m[2019-12-14 19:12:25 DEBUG	vault_processor][39m\nCustID: 274380001095318
Name: N/A
TradeChannel: N/A
hash: 1c3ef45bed0c83ed32d16668e4f60def492ae8f7e5d82f8fcf866677f1d2cf1b
2019/12/14 | 19:12:25 | INFO | [32m[2019-12-14 19:12:25 DEBUG	vault_processor][39m\nCustID: 274380001092228
Name: N/A
TradeChannel: N/A
hash: d6aa732f03969268dec7b6cf2392c28e7cf1754a8f1a97df25da2e229198f349
2019/12/14 | 19:12:25 | INFO | [32m[2019-12-14 19:12:25 DEBUG	vault_processor][39m\nCustID: 274380001044246
Name: Mohammed & Ibrahim Al Manaei Trading Com
TradeChannel: Wholesaler
hash: aa403f45de32ab97b96f390db4f3472af82ec4a5f748fecbf1740c5ff18ed686
2019/12/14 | 19:12:25 | INFO | [32m[2019-12-14 19:12:25 DEBUG	vault_processor][39m\nCustID: 274380001058648
Name: ALKHAIRAT
TradeChannel: Self Service T.G
hash: de5da7604b81f451148d6dc04a77b2e6318cac74a903971f21c91a1d99ea34e0
2019/12/14 | 19:12:25 | INFO | [32m[2019-12-14 19:12:25 DEBUG	vault_processor][39m\nCustID: 274380001062376
Name: Danube Co. For Food Stuffs
TradeChannel: National Accounts
hash: fb787d276ac99d338b4104d63d3231a5cde65ca37d84b1c16050d9ab98a0012e
2019/12/14 | 19:12:25 | INFO | [32m[2019-12-14 19:12:25 DEBUG	vault_processor][39m\nCustID: 274380001064288
Name: Tamoinat Fahd
TradeChannel: Self Service T.G
hash: 2894e992e16303f5c78338b5094e4596d8a267585abf43ab7135371748f46a0a
2019/12/14 | 19:12:25 | INFO | [32m[2019-12-14 19:12:25 DEBUG	vault_processor][39m\nCustID: 274380001071845
Name: Al Unezi EST
TradeChannel: Wholesaler
hash: d382e78f2f7b48f91b8f8ff8ac33202c3f17d3e2d7fb88ad063d6e3f4d48e122
2019/12/14 | 19:12:25 | INFO | [32m[2019-12-14 19:12:25 DEBUG	vault_processor][39m\nCustID: 274380001072003
Name: MAKHABEZ & TAMWENAT BREMAN
TradeChannel: Self Service T.G
hash: f39476e90eb06f1809cf9d03dae01654b256d382bdb3a2e95bcd20e65caccdce
2019/12/14 | 19:12:25 | INFO | [32m[2019-12-14 19:12:25 DEBUG	vault_processor][39m\nCustID: 274380001072657
Name: Pharmacy Majid AL-BISHRY
TradeChannel: Pharma Tier 3
hash: 4d1377027beca6d071ee73697b8d2a05333c694acc77f8b344acc9acd97875f1
2019/12/14 | 19:12:25 | INFO | [32m[2019-12-14 19:12:25 DEBUG	vault_processor][39m\nCustID: 274380001095536
Name: N/A
TradeChannel: N/A
hash: cabbff23a40af25369981574970941f4884dd44295ecf4dc1d38aabe24c7284d
2019/12/14 | 19:12:25 | INFO | [32m[2019-12-14 19:12:25 DEBUG	vault_processor][39m\nCustID: 274380001062844
Name: MARKAZ ALATSHAN
TradeChannel: Self Service T.G
hash: 43e1a1e2461d16c8a95ec1aa59d73cefd9cb30c1614dee7cd5d834d9dc2d5072
2019/12/14 | 19:12:25 | INFO | [32m[2019-12-14 19:12:25 DEBUG	vault_processor][39m\nCustID: 274380001096215
Name: N/A
TradeChannel: HFS Small T.G.
hash: ae0522b926c33662fd4482453715667bc9dc2fcce9eb201b0f05d901eca99945
2019/12/14 | 19:12:25 | INFO | [32m[2019-12-14 19:12:25 DEBUG	vault_processor][39m\nCustID: 274380001095885
Name: N/A
TradeChannel: HFS Small T.G.
hash: 391c4b780c08c7080dbd0bc6b1eb2f6276a3947c5184a458013d7463a9693055
2019/12/14 | 19:12:25 | INFO | [32m[2019-12-14 19:12:25 DEBUG	vault_processor][39m\nCustID: 274380001096513
Name: N/A
TradeChannel: N/A
hash: 1bfe7f22552bd730fa2372f90573333158ac0aa41fb8ce48522dbe74eccfcdca
2019/12/14 | 19:12:25 | INFO | [32m[2019-12-14 19:12:25 DEBUG	vault_processor][39m\nCustID: 274380001096714
Name: N/A
TradeChannel: HFS Small T.G.
hash: 1ad4231782381008b265da80c410a2654eb379d8bef72ea1c69987e8104f4b44
2019/12/14 | 19:12:25 | INFO | [32m[2019-12-14 19:12:25 DEBUG	vault_processor][39m\nCustID: 274380001096516
Name: N/A
TradeChannel: N/A
hash: 9a6d19f1d3fa791a6ba4aebcdf4d0447c32970c62945082f30974c7d2df2a624
2019/12/14 | 19:12:25 | INFO | [32m[2019-12-14 19:12:25 DEBUG	vault_processor][39m\nCustID: 274380001096591
Name: N/A
TradeChannel: N/A
hash: 0a586a6cafe7e6994f0beb77e7611606c471d4513b1bb4b2498056775f33f4f8
2019/12/14 | 19:12:25 | INFO | [32m[2019-12-14 19:12:25 DEBUG	vault_processor][39m\nCustID: 274380001096661
Name: N/A
TradeChannel: N/A
hash: e51627f020aa055206b7416a6e69a97945434896c378f63a441081f3c9086d5f
2019/12/14 | 19:12:25 | INFO | [32m[2019-12-14 19:12:25 DEBUG	vault_processor][39m\nCustID: 274380001096726
Name: N/A
TradeChannel: N/A
hash: 0276a32a1d9684cfba597a650c59274fd7c05de0dacbb528007a0ed0bf577b55
2019/12/14 | 19:12:25 | INFO | [32m[2019-12-14 19:12:25 DEBUG	vault_processor][39m\nCustID: 274380001073136
Name: Mazaya Dubi
TradeChannel: Discounters T.G
hash: c917e422f9d8105a47eb5fc261671320aa21251ae999c5a2c1335e4cfc333709
2019/12/14 | 19:12:25 | INFO | [32m[2019-12-14 19:12:25 DEBUG	vault_processor][39m\nCustID: 274380001078973
Name: Zahret Haneen PH
TradeChannel: Pharma Tier 3
hash: e5d0632b76b2319aa69c7aeee743f0afdb00d3eadffa7f3e293fc946c3e8001d
2019/12/14 | 19:12:25 | INFO | [32m[2019-12-14 19:12:25 DEBUG	vault_processor][39m\nCustID: 274380001077383
Name: Mamlakat AL Elag 13
TradeChannel: RVO Pharma
hash: aa014d7b6cf507955cfed026a8bb50b2067198b55eda1fcabbee08dc3df60dd9
2019/12/14 | 19:12:25 | INFO | [32m[2019-12-14 19:12:25 DEBUG	vault_processor][39m\nCustID: 274380001072991
Name: Al rihely center
TradeChannel: Self Service T.G
hash: 40ff8ae45f4d9f35b986395c4deaaa8b3d7bb6215c5fb9f7e378fdb0a0cd34b6
2019/12/14 | 19:12:25 | INFO | [32m[2019-12-14 19:12:25 DEBUG	vault_processor][39m\nCustID: 274380001076188
Name:  AL- kayal
TradeChannel: Pharma Tier 3
hash: e9f06b8e54c3bfff4e819e6d3f5202831f856f9e5155f8bad26d1eb52b449741
2019/12/14 | 19:12:25 | INFO | [32m[2019-12-14 19:12:25 DEBUG	vault_processor][39m\nCustID: 274380001101629
Name: N/A
TradeChannel: N/A
hash: 84453baf3fe56f05076cc07310e416dd83f570ab83935737032b4919d5fb89bb
2019/12/14 | 19:12:25 | INFO | [32m[2019-12-14 19:12:25 DEBUG	vault_processor][39m\nCustID: 274380001057594
Name: HALA 2
TradeChannel: HFS Small T.G.
hash: b83c284dadd7bed94e465c87abbd10c0871a7226977ab5ba751a06801dfc2e1a
2019/12/14 | 19:12:25 | INFO | [32m[2019-12-14 19:12:25 DEBUG	vault_processor][39m\nCustID: 274380001079042
Name: Khadeer Saleh Mansour Establishment TR -
TradeChannel: MT Tier 1
hash: aa1c1aabc18a754d75a662b56376bd120854d186c29757f29bf9d905a518728d
2019/12/14 | 19:12:25 | INFO | [32m[2019-12-14 19:12:25 DEBUG	vault_processor][39m\nCustID: 274380001091471
Name: N/A
TradeChannel: N/A
hash: 66f9779a899f4950872f79891d0b5642841f94a3311c0102354e05e20cd32bf2
2019/12/14 | 19:12:25 | INFO | [32m[2019-12-14 19:12:25 DEBUG	vault_processor][39m\nCustID: 274380001090941
Name: N/A
TradeChannel: N/A
hash: 8ed623c4b91723f105bf02b018815ccb1cd5e3b952221c81c65373da0da5b678
2019/12/14 | 19:12:25 | INFO | [32m[2019-12-14 19:12:25 DEBUG	vault_processor][39m\nCustID: 274380001090959
Name: N/A
TradeChannel: N/A
hash: 89e8e18f34e29b5a6d18d250bb077bc4e4e64eed99367fab27027e7c04453079
2019/12/14 | 19:12:25 | INFO | [32m[2019-12-14 19:12:25 DEBUG	vault_processor][39m\nCustID: 274380001090986
Name: N/A
TradeChannel: HFS Small T.G.
hash: ab78f502e1aea917cbd6d43a3620413caeb581be7721f69aed63d60c4da37d55
2019/12/14 | 19:12:25 | INFO | [32m[2019-12-14 19:12:25 DEBUG	vault_processor][39m\nCustID: 274380001091367
Name: N/A
TradeChannel: HFS Small T.G.
hash: 2d38b54bf76b4ce05f381c4b6ba3213a00692d001c43835d7c29ec60dc989c5f
2019/12/14 | 19:12:25 | INFO | [32m[2019-12-14 19:12:25 DEBUG	vault_processor][39m\nCustID: 274380001091156
Name: N/A
TradeChannel: N/A
hash: e5b41892b5032c8a78bbcb21e49180d1f8490182424928f1d1320169ff00bcb5
2019/12/14 | 19:12:25 | INFO | [32m[2019-12-14 19:12:25 DEBUG	vault_processor][39m\nCustID: 274380001094371
Name: N/A
TradeChannel: N/A
hash: 1d7b71d2fb266c4c2e73e16b885c7c0894241c736825b4bc0d228ddb572ac262
2019/12/14 | 19:12:25 | INFO | [32m[2019-12-14 19:12:25 DEBUG	vault_processor][39m\nCustID: 274380001091369
Name: N/A
TradeChannel: HFS Small T.G.
hash: 4b44f49d864bab757fdf44e5b12eb4e76b35147fad509712cda3e69b3b587ff6
2019/12/14 | 19:12:25 | INFO | [32m[2019-12-14 19:12:25 DEBUG	vault_processor][39m\nCustID: 274380001091397
Name: N/A
TradeChannel: N/A
hash: 0edbff944e9b72b2db138dc81df358f8941224846f07eb1987b149703f021f35
2019/12/14 | 19:12:25 | INFO | [32m[2019-12-14 19:12:25 DEBUG	vault_processor][39m\nCustID: 274380001091462
Name: N/A
TradeChannel: HFS Small T.G.
hash: 653f7e26c3663e46a2693403bb69391e961e09fb538be4a5bb8f3906012b61b0
2019/12/14 | 19:12:25 | INFO | [32m[2019-12-14 19:12:25 DEBUG	vault_processor][39m\nCustID: 274380001096837
Name: N/A
TradeChannel: N/A
hash: 680307fa5ce6e6bf6a025cc712d4cc715a533e4202c2b15a65b9673a441bad03
2019/12/14 | 19:12:25 | INFO | [32m[2019-12-14 19:12:25 DEBUG	vault_processor][39m\nCustID: 274380001091528
Name: N/A
TradeChannel: N/A
hash: 404d1f4b694f1dd340c95e7af466afa2d7f98a1e3ddad3ea0fb6516740ebe10a
2019/12/14 | 19:12:25 | INFO | [32m[2019-12-14 19:12:25 DEBUG	vault_processor][39m\nCustID: 274380001056702
Name: AL TAMMIMY EST.
TradeChannel: Wholesaler
hash: 65f9bce1293c90ece4a6dd30c6a23e9409fb0f482a708097e6fdaf60fa73d58e
2019/12/14 | 19:12:25 | INFO | [32m[2019-12-14 19:12:25 DEBUG	vault_processor][39m\nCustID: 274380001091566
Name: N/A
TradeChannel: HFS Small T.G.
hash: ac94739481f94b1fb1c2c7cf5a6cdcb5e4b6a79efeb3a05ad7bcc725ffb4a11f
Continuing to vault_processor.1576350745407.log
