******************************************************************************************
**
** Perfect Logger Logging System
** Application Version          : 1.0
** Perfect-Logger Version       : 1.5.2
** Application Start Time (UTC) : 18:40:00 2019/12/14
**
** Copyright 2018 Team whileLOOP
**
******************************************************************************************
**
** Log Number               : #108
** Continuing from Log File : vault_processor.1576349021426.log
** Log Start Time (UTC)     : 18:43:41 2019/12/14
**
******************************************************************************************
2019/12/14 | 18:43:41 | INFO | [32m[2019-12-14 18:43:41 DEBUG	vault_processor][39m\nCustID: 274380001099585
Name: N/A
TradeChannel: N/A
hash: 5076ba76d08ed95de75036f1964c8fd69c98a4e9094f7e639742d5dac95786f7
2019/12/14 | 18:43:41 | INFO | [32m[2019-12-14 18:43:41 DEBUG	vault_processor][39m\nCustID: 274380001099650
Name: N/A
TradeChannel: N/A
hash: 9947f1914d9e7192120ed8671486f0bdfe1731d83d7763e0d3509e7ec210ad87
2019/12/14 | 18:43:41 | INFO | [32m[2019-12-14 18:43:41 DEBUG	vault_processor][39m\nCustID: 274380001099651
Name: N/A
TradeChannel: N/A
hash: e03a950e7a8204ad8e8d367cc58e4b5c3485b4a36b8717352f83e5ef83a5b331
2019/12/14 | 18:43:41 | INFO | [32m[2019-12-14 18:43:41 DEBUG	vault_processor][39m\nCustID: 274380001099670
Name: N/A
TradeChannel: N/A
hash: 0a8b814043190b035a27152da9fc51dc3d3905da2411dbf356a2b4abf6003895
2019/12/14 | 18:43:41 | INFO | [32m[2019-12-14 18:43:41 DEBUG	vault_processor][39m\nCustID: 274380001099747
Name: N/A
TradeChannel: N/A
hash: ffc13892c6f25f270a0dc3b9e47762db576b2f5413aa7727b5e59c5720bfb7e9
2019/12/14 | 18:43:41 | INFO | [32m[2019-12-14 18:43:41 DEBUG	vault_processor][39m\nCustID: 274380001099852
Name: N/A
TradeChannel: N/A
hash: 2602f0544036d4bf2dea3538ae8bcf809fb2cb32447e280b4bdb3ca7da6ef6ea
2019/12/14 | 18:43:41 | INFO | [32m[2019-12-14 18:43:41 DEBUG	vault_processor][39m\nCustID: 274380001099821
Name: N/A
TradeChannel: N/A
hash: 9d709b4f4141829af4aa2e05d443eaa4c0e0baa6720b966e753e357183ce8320
2019/12/14 | 18:43:41 | INFO | [32m[2019-12-14 18:43:41 DEBUG	vault_processor][39m\nCustID: 274380001099866
Name: N/A
TradeChannel: N/A
hash: c7091f32304eb2bea9e387520a495e9e576b5701ad56007485226a087c11b7d0
2019/12/14 | 18:43:41 | INFO | [32m[2019-12-14 18:43:41 DEBUG	vault_processor][39m\nCustID: 274380001099868
Name: N/A
TradeChannel: N/A
hash: accabd23424f6d5eafa6716baa7fdccf5241c3d2cefef90612c0b4702ea2e31c
2019/12/14 | 18:43:41 | INFO | [32m[2019-12-14 18:43:41 DEBUG	vault_processor][39m\nCustID: 274380001099874
Name: N/A
TradeChannel: N/A
hash: 6fe118c7875c10c3eb8526a4d7d156c615c576ef51d994c7c1ea2ea1e0c74875
2019/12/14 | 18:43:41 | INFO | [32m[2019-12-14 18:43:41 DEBUG	vault_processor][39m\nCustID: 274380001099876
Name: N/A
TradeChannel: N/A
hash: 6f61727d3356f37b4b6a32665480e3ece36029858bbabba2106176c6c762a698
2019/12/14 | 18:43:41 | INFO | [32m[2019-12-14 18:43:41 DEBUG	vault_processor][39m\nCustID: 274380001097437
Name: N/A
TradeChannel: N/A
hash: cce19040472cc7cee600881ad2bf380f156c033b025620e697a94aa67725e1bc
2019/12/14 | 18:43:41 | INFO | [32m[2019-12-14 18:43:41 DEBUG	vault_processor][39m\nCustID: 274380001097475
Name: N/A
TradeChannel: N/A
hash: 0c2e8df403a05334e34405bb4e86fb3bcfbeca31961875aef7387ef1a356d769
2019/12/14 | 18:43:41 | INFO | [32m[2019-12-14 18:43:41 DEBUG	vault_processor][39m\nCustID: 274380001097585
Name: N/A
TradeChannel: N/A
hash: 002b732ec5e276d5e8afcc56f27a615e62c51c9270908da1209917a05e3abf95
2019/12/14 | 18:43:41 | INFO | [32m[2019-12-14 18:43:41 DEBUG	vault_processor][39m\nCustID: 274380001097845
Name: N/A
TradeChannel: N/A
hash: 5fc27d756ef096ca33d652dea67afca2014d355516c74a7aead8ab03293c460c
2019/12/14 | 18:43:41 | INFO | [32m[2019-12-14 18:43:41 DEBUG	vault_processor][39m\nCustID: 274380001096589
Name: N/A
TradeChannel: N/A
hash: 9cc1f7a1f429736a28b46104682a8ee38630ea3e269a56c19d4666290dd4f16f
2019/12/14 | 18:43:41 | INFO | [32m[2019-12-14 18:43:41 DEBUG	vault_processor][39m\nCustID: 274380001096613
Name: N/A
TradeChannel: N/A
hash: 7a27c49b99937d2f7144455464b17e1b987b6c5d0cfe239cd7263dd2f4f79f29
2019/12/14 | 18:43:41 | INFO | [32m[2019-12-14 18:43:41 DEBUG	vault_processor][39m\nCustID: 274380001044472
Name: ZAHRAT ALKHALEEJ
TradeChannel: HFS Small T.G.
hash: ac7477181cbd73c365658381d07b7472557405bf17ce8cf16661d7de94f8bb3f
2019/12/14 | 18:43:41 | INFO | [32m[2019-12-14 18:43:41 DEBUG	vault_processor][39m\nCustID: 274380001091810
Name: N/A
TradeChannel: N/A
hash: a9851f86bf7878c296e93404e02c5b1aab58838533d98e7f1bde3a9fa704d01d
2019/12/14 | 18:43:41 | INFO | [32m[2019-12-14 18:43:41 DEBUG	vault_processor][39m\nCustID: 274380001099877
Name: N/A
TradeChannel: N/A
hash: 864c4a460e955ac6a507d17f916d084b335684774709710ab93b51c6caf69f92
2019/12/14 | 18:43:41 | INFO | [32m[2019-12-14 18:43:41 DEBUG	vault_processor][39m\nCustID: 274380001099878
Name: N/A
TradeChannel: N/A
hash: 5aa564e079764872905f3eb194044470920378277e615e7fa0a3f63edc63323f
2019/12/14 | 18:43:41 | INFO | [32m[2019-12-14 18:43:41 DEBUG	vault_processor][39m\nCustID: 274380001100140
Name: N/A
TradeChannel: N/A
hash: 3978330f9663f78f6e3f473bd6e7d67e2110be1f4c31d12bd9be07261bb9b543
2019/12/14 | 18:43:41 | INFO | [32m[2019-12-14 18:43:41 DEBUG	vault_processor][39m\nCustID: 274380001099879
Name: N/A
TradeChannel: N/A
hash: 9d833aaff43638cd75cbe53e741acb673eef25bdbe67cd5e144adfd51709f274
2019/12/14 | 18:43:41 | INFO | [32m[2019-12-14 18:43:41 DEBUG	vault_processor][39m\nCustID: 274380001100142
Name: N/A
TradeChannel: N/A
hash: 72fb4bd8e612dd4dfba637118c6493a30d530629d1b9fa2c97b10a11863818c2
2019/12/14 | 18:43:41 | INFO | [32m[2019-12-14 18:43:41 DEBUG	vault_processor][39m\nCustID: 274380001100143
Name: N/A
TradeChannel: N/A
hash: 9ac61ab6cddfef778f94c23fa928b232a0a16610cc6afe0f2468e4447f962ab1
2019/12/14 | 18:43:41 | INFO | [32m[2019-12-14 18:43:41 DEBUG	vault_processor][39m\nCustID: 274380001100144
Name: N/A
TradeChannel: N/A
hash: 297c0e3d4bdbd1227325a40e5632434c730852e91b93c7ba78c9a053f008ea0c
2019/12/14 | 18:43:41 | INFO | [32m[2019-12-14 18:43:41 DEBUG	vault_processor][39m\nCustID: 274380001100145
Name: N/A
TradeChannel: N/A
hash: c9ced529a2b3d94daae5ff35172831a967f49a3ed9f6e1b0ee96af765443f1ab
2019/12/14 | 18:43:41 | INFO | [32m[2019-12-14 18:43:41 DEBUG	vault_processor][39m\nCustID: 274380001100172
Name: N/A
TradeChannel: N/A
hash: 1492733a27bea56113ffb5b3c0d5b88f668a3516e516a1e21f63207d864e4909
2019/12/14 | 18:43:41 | INFO | [32m[2019-12-14 18:43:41 DEBUG	vault_processor][39m\nCustID: 274380001100173
Name: N/A
TradeChannel: N/A
hash: 64677c093fa4fc68224b0b5a6d75f7a6fe01ccaba621ac3abf26cbbafbfc0c69
2019/12/14 | 18:43:41 | INFO | [32m[2019-12-14 18:43:41 DEBUG	vault_processor][39m\nCustID: 274380001100174
Name: N/A
TradeChannel: N/A
hash: 845889dd966a2a7d538aa75de58dcdfc98b275ff7e18222e70a489e824667ce7
2019/12/14 | 18:43:41 | INFO | [32m[2019-12-14 18:43:41 DEBUG	vault_processor][39m\nCustID: 274380001100254
Name: N/A
TradeChannel: N/A
hash: bfb8b1ad5e2f3979b34ba399538a74ede360cecca3457c226d8f71de77c18019
2019/12/14 | 18:43:41 | INFO | [32m[2019-12-14 18:43:41 DEBUG	vault_processor][39m\nCustID: 274380001100299
Name: N/A
TradeChannel: N/A
hash: d5acd2ade5490817d697db57c201f167e6e53964e84a49c5a42e7b704b24c12e
2019/12/14 | 18:43:41 | INFO | [32m[2019-12-14 18:43:41 DEBUG	vault_processor][39m\nCustID: 274380001100456
Name: N/A
TradeChannel: N/A
hash: 9e0e5b1cf131a49effab7d329da02d99cc67f0bdbca8279bb6e2a66fb61a784c
2019/12/14 | 18:43:41 | INFO | [32m[2019-12-14 18:43:41 DEBUG	vault_processor][39m\nCustID: 274380001100478
Name: N/A
TradeChannel: N/A
hash: fcdcb56a58f0dc4b85deb025b772214e49b57842a345ca541f766fae2be6f193
2019/12/14 | 18:43:41 | INFO | [32m[2019-12-14 18:43:41 DEBUG	vault_processor][39m\nCustID: 274380001100489
Name: N/A
TradeChannel: N/A
hash: feb4c2b768d60f533d6529e7623a45b05a15b6e596cb72770cb6b555b1bfe6e5
2019/12/14 | 18:43:41 | INFO | [32m[2019-12-14 18:43:41 DEBUG	vault_processor][39m\nCustID: 274380001100516
Name: N/A
TradeChannel: N/A
hash: 7b39e85a2779ee2e3feba28abe784780f7bf6ef8e1bcc6d1c6a7a281f66bc8b8
2019/12/14 | 18:43:41 | INFO | [32m[2019-12-14 18:43:41 DEBUG	vault_processor][39m\nCustID: 274380001100517
Name: N/A
TradeChannel: N/A
hash: 80bb121b0cf5376e0330ed0b49ac0690748e911b476a64688e6c2662e83254fb
2019/12/14 | 18:43:41 | INFO | [32m[2019-12-14 18:43:41 DEBUG	vault_processor][39m\nCustID: 274380001100519
Name: N/A
TradeChannel: N/A
hash: 0715a66beabe89ba13ca4df6f54797d3ee90fd9d0cf15d1dcd0da021874aed76
2019/12/14 | 18:43:41 | INFO | [32m[2019-12-14 18:43:41 DEBUG	vault_processor][39m\nCustID: 274380001100523
Name: N/A
TradeChannel: N/A
hash: 2b5697ba898883adb087d086ae1f9b3b877b484afb49c56a0550f1f4d14ac781
2019/12/14 | 18:43:41 | INFO | [32m[2019-12-14 18:43:41 DEBUG	vault_processor][39m\nCustID: 274380001100521
Name: N/A
TradeChannel: N/A
hash: b1c06f4fbe23215accdaa65fee7328356cea4714e4ce0f6409b5f40f9edc6fbb
2019/12/14 | 18:43:41 | INFO | [32m[2019-12-14 18:43:41 DEBUG	vault_processor][39m\nCustID: 274380001101511
Name: N/A
TradeChannel: N/A
hash: d5929a020307c1bfbbb2dbbe0a43abe18316e9c106efebca329f0e5d244f4d15
2019/12/14 | 18:43:41 | INFO | [32m[2019-12-14 18:43:41 DEBUG	vault_processor][39m\nCustID: 274380001092105
Name: N/A
TradeChannel: N/A
hash: c43b9e48ad12a861b0143d93dcc36a7e8276653de18e1e4aa1fe712ebb4c1863
2019/12/14 | 18:43:41 | INFO | [32m[2019-12-14 18:43:41 DEBUG	vault_processor][39m\nCustID: 274380001100639
Name: N/A
TradeChannel: N/A
hash: eb9b141e83c28281dfd5f9adc708e7167fcb8a943837c46ac6df30d19977fc04
2019/12/14 | 18:43:41 | INFO | [32m[2019-12-14 18:43:41 DEBUG	vault_processor][39m\nCustID: 274380001100649
Name: N/A
TradeChannel: N/A
hash: 5f314dd8051ba75e41516a788ad718a0b837deae734e89384bedb48047876de8
2019/12/14 | 18:43:41 | INFO | [32m[2019-12-14 18:43:41 DEBUG	vault_processor][39m\nCustID: 274380001100653
Name: N/A
TradeChannel: N/A
hash: 0b8e7bb715226adf780393e359c302daada695c125a13a4ca292ac07d6305415
2019/12/14 | 18:43:41 | INFO | [32m[2019-12-14 18:43:41 DEBUG	vault_processor][39m\nCustID: 274380001100658
Name: N/A
TradeChannel: N/A
hash: 3382257334e8468051305629166f6b0fa8c621712b965551dae53f41b8100c54
2019/12/14 | 18:43:41 | INFO | [32m[2019-12-14 18:43:41 DEBUG	vault_processor][39m\nCustID: 274380001100668
Name: N/A
TradeChannel: N/A
hash: 106d1c124e215b67cfc682d4283859f58b0c08141cef1afd221eb2418f1e0079
2019/12/14 | 18:43:41 | INFO | [32m[2019-12-14 18:43:41 DEBUG	vault_processor][39m\nCustID: 274380001100672
Name: N/A
TradeChannel: N/A
hash: 970627801c9ba4d8b7626f917813f2f1b4e055d1c3bf1b0c8fd5fdbcc5ecf828
2019/12/14 | 18:43:41 | INFO | [32m[2019-12-14 18:43:41 DEBUG	vault_processor][39m\nCustID: 274380001100676
Name: N/A
TradeChannel: N/A
hash: 7fcbee257d9cfd6da64fd8c4bfe0c328abab2d233d76bc08c12ddcd0bffff5e2
2019/12/14 | 18:43:41 | INFO | [32m[2019-12-14 18:43:41 DEBUG	vault_processor][39m\nCustID: 274380001100682
Name: N/A
TradeChannel: N/A
hash: d1e2475cf7ec541c71c7f2eff9634ed478e21bbc637a140f0c089273b7618abb
2019/12/14 | 18:43:41 | INFO | [32m[2019-12-14 18:43:41 DEBUG	vault_processor][39m\nCustID: 274380001100709
Name: N/A
TradeChannel: N/A
hash: 2a18ac4c152632264d4f68b0a4bf19913c7a8dab644c4bcec99c0ae282913774
2019/12/14 | 18:43:41 | INFO | [32m[2019-12-14 18:43:41 DEBUG	vault_processor][39m\nCustID: 274380001100711
Name: N/A
TradeChannel: N/A
hash: 3bca43ed4964125b02923bf6e9e61d785c4f60c82176a0c881a184368512f706
2019/12/14 | 18:43:41 | INFO | [32m[2019-12-14 18:43:41 DEBUG	vault_processor][39m\nCustID: 274380001100717
Name: N/A
TradeChannel: N/A
hash: a96c9165e709969abb7af9be4a18e6df48e7ed741a2df1fd6403aefdd7e0c043
2019/12/14 | 18:43:41 | INFO | [32m[2019-12-14 18:43:41 DEBUG	vault_processor][39m\nCustID: 274380001100803
Name: N/A
TradeChannel: N/A
hash: 82034be0b6fee404dff71015114ed1122cc47a2def959c9113e3202bd6747528
2019/12/14 | 18:43:41 | INFO | [32m[2019-12-14 18:43:41 DEBUG	vault_processor][39m\nCustID: 274380001100840
Name: N/A
TradeChannel: N/A
hash: 789cb30dff916da3b187fad913aec40761204805826a3e17f223876a6958bee7
2019/12/14 | 18:43:41 | INFO | [32m[2019-12-14 18:43:41 DEBUG	vault_processor][39m\nCustID: 274380001100857
Name: N/A
TradeChannel: N/A
hash: 46a1b1a964e5d960ba9b3a585857371a3d7a954669e870969b58278739e3ce92
2019/12/14 | 18:43:41 | INFO | [32m[2019-12-14 18:43:41 DEBUG	vault_processor][39m\nCustID: 274380001100858
Name: N/A
TradeChannel: N/A
hash: b42bc41f0ddf6e0bc00ee76b237f3f58f54fe41b0f95a61cb08fabab4a3909aa
Continuing to vault_processor.1576349021742.log
