******************************************************************************************
**
** Perfect Logger Logging System
** Application Version          : 1.0
** Perfect-Logger Version       : 1.5.2
** Application Start Time (UTC) : 18:40:00 2019/12/14
**
** Copyright 2018 Team whileLOOP
**
******************************************************************************************
**
** Log Number               : #39
** Continuing from Log File : vault_processor.1576348967031.log
** Log Start Time (UTC)     : 18:42:47 2019/12/14
**
******************************************************************************************
2019/12/14 | 18:42:47 | INFO | [32m[2019-12-14 18:42:47 DEBUG	vault_processor][39m\nCustID: 274380001078263
Name: Vitamin Pharmacy
TradeChannel: RVO Pharma
hash: 57f2202635c46dc8e6bf8c33d1bb32370a8d905487f39958b94b885790d62855
2019/12/14 | 18:42:47 | INFO | [32m[2019-12-14 18:42:47 DEBUG	vault_processor][39m\nCustID: 274380001078394
Name: karaz elbuostan
TradeChannel: HFS Small T.G.
hash: da233887f37a2599171fded4279e85367c7c6879d6a607e0c8f41c0127a289da
2019/12/14 | 18:42:47 | INFO | [32m[2019-12-14 18:42:47 DEBUG	vault_processor][39m\nCustID: 274380001078395
Name: mazaya el arkan
TradeChannel: HFS Small T.G.
hash: 7d7e82d8c9d70f476a76b39c56a75aaf34f3403050832e94fd0252dcf9e7f3b1
2019/12/14 | 18:42:47 | INFO | [32m[2019-12-14 18:42:47 DEBUG	vault_processor][39m\nCustID: 274380001078414
Name: eldaem elgezaey
TradeChannel: HFS Small T.G.
hash: 032587bdc64b03cc79e1866d7e7819e2a6bde1a646bcd8552bbc607fcb4dbcce
2019/12/14 | 18:42:47 | INFO | [32m[2019-12-14 18:42:47 DEBUG	vault_processor][39m\nCustID: 274380001078956
Name: Damas Medical Company
TradeChannel: Pharma Tier 2
hash: e4242c546fbe9eb4055516dba97041b542c6971cb118b6e419fb14ff0bbc6250
2019/12/14 | 18:42:47 | INFO | [32m[2019-12-14 18:42:47 DEBUG	vault_processor][39m\nCustID: 274380001079043
Name: Ahmed Nayef Al Manjaf Al Salimi Trading
TradeChannel: Self Service T.G
hash: 2814daa72af29c66105cae5f509e6fb8c645ca4e522f1cd3b678194bbc9c4cfa
2019/12/14 | 18:42:47 | INFO | [32m[2019-12-14 18:42:47 DEBUG	vault_processor][39m\nCustID: 274380001079108
Name: Hussain Awad Musaeid Al - Qahtani Tradin
TradeChannel: HFS Small T.G.
hash: 56db83fa73280388b4519b214ed342d359d2856026ee21e964ef0b977b9e9561
2019/12/14 | 18:42:47 | INFO | [32m[2019-12-14 18:42:47 DEBUG	vault_processor][39m\nCustID: 274380001079309
Name: Al Makarem Food Trading Est.
TradeChannel: Wholesaler
hash: ab48aa70d2a1946e3bdf6532d940ce000aa408e569b92fb4dd43929caa9bc4f2
2019/12/14 | 18:42:47 | INFO | [32m[2019-12-14 18:42:47 DEBUG	vault_processor][39m\nCustID: 274380001079317
Name: Tarek AbdElrazak Othman Al-Abbasi Est. K
TradeChannel: HFS Small T.G.
hash: 1ebea13d4d4486b23ae8e11b7130c94b296b79f00ab18699ea19f8659757ed2e
2019/12/14 | 18:42:47 | INFO | [32m[2019-12-14 18:42:47 DEBUG	vault_processor][39m\nCustID: 274380001079350
Name: Mothook Center For wholesale - Trusty Ma
TradeChannel: Self Service T.G
hash: bc1b1ef8172b989fa9a9f873d3e224c4c3935db29961954ebdfd51c698b0a71b
2019/12/14 | 18:42:47 | INFO | [32m[2019-12-14 18:42:47 DEBUG	vault_processor][39m\nCustID: 274380001068559
Name: REFAH
TradeChannel: HFS Small T.G.
hash: d6abea20405ea0088d4234c44c67ad3385e4d46d4f44d656a7f4e716be24c6f6
2019/12/14 | 18:42:47 | INFO | [32m[2019-12-14 18:42:47 DEBUG	vault_processor][39m\nCustID: 274380001070969
Name: Tamoinat Mohammed Hadi
TradeChannel: HFS Small T.G.
hash: 39133fd5de8c98ca24e97863d38c76489a0fea58a0c9029c99ebf48d8209660f
2019/12/14 | 18:42:47 | INFO | [32m[2019-12-14 18:42:47 DEBUG	vault_processor][39m\nCustID: 274380001076591
Name: Al Rabwa
TradeChannel: HFS Small T.G.
hash: 69d86c7d78e5b583fac79902b9d73e60b088ae579e3eeff5840632fe9ae470bf
2019/12/14 | 18:42:47 | INFO | [32m[2019-12-14 18:42:47 DEBUG	vault_processor][39m\nCustID: 274380001072460
Name: Sabri est
TradeChannel: HFS Small T.G.
hash: b4a65ebbc824386789bfa34bf9e5cdd3d77d73898ea27a853af05e18413c1cf0
2019/12/14 | 18:42:47 | INFO | [32m[2019-12-14 18:42:47 DEBUG	vault_processor][39m\nCustID: 274380001054231
Name: ALSALAMAH
TradeChannel: HFS Small T.G.
hash: fa863bd43103af65d718e14dff43dcba8c56263f3e52a344fee11ef54eefb581
2019/12/14 | 18:42:47 | INFO | [32m[2019-12-14 18:42:47 DEBUG	vault_processor][39m\nCustID: 274380001077334
Name: AL Tawheed PH
TradeChannel: RVO Pharma
hash: c827890bdeca61354d32fe2fa29ef7a6abea43c13b53519a9209f6fc35aeb889
2019/12/14 | 18:42:47 | INFO | [32m[2019-12-14 18:42:47 DEBUG	vault_processor][39m\nCustID: 274380001078439
Name: N/A
TradeChannel: HFS Small T.G.
hash: e6a00b0c5ffa4b84cd565c9b7446c2d35e96ea66dc9eced1df775e05548b447e
2019/12/14 | 18:42:47 | INFO | [32m[2019-12-14 18:42:47 DEBUG	vault_processor][39m\nCustID: 274380001077635
Name: ryadh el kaar
TradeChannel: HFS Small T.G.
hash: e493995727eb8f9431c9525ee55754073f51438feacd571e542f55836808aca4
2019/12/14 | 18:42:47 | INFO | [32m[2019-12-14 18:42:47 DEBUG	vault_processor][39m\nCustID: 274380001079233
Name: Jeser Al Wesam Est.
TradeChannel: HFS Small T.G.
hash: ee72f538d6eb91fab078449d0f0dca7121900272b0b34065a9f6271491e82b8e
2019/12/14 | 18:42:47 | INFO | [32m[2019-12-14 18:42:47 DEBUG	vault_processor][39m\nCustID: 274380001079250
Name: Al Saadah
TradeChannel: HFS Small T.G.
hash: 8057e2cd93a07399efe053f394d41b324f9cc52f88d457af64ea0f5686b5db2e
2019/12/14 | 18:42:47 | INFO | [32m[2019-12-14 18:42:47 DEBUG	vault_processor][39m\nCustID: 274380001048596
Name: TAMWEENAT HAMADAH
TradeChannel: HFS Small T.G.
hash: 42a7ef6a1bd0a017b4ca31562ae3b8615ac9c0c04871e7bea461f820b3aa626e
2019/12/14 | 18:42:47 | INFO | [32m[2019-12-14 18:42:47 DEBUG	vault_processor][39m\nCustID: 274380001079402
Name: N/A
TradeChannel: HFS Small T.G.
hash: 0fe25d2522215f3eea79a9c334efea1aeb5dce13996c4853198a2db10c91f950
2019/12/14 | 18:42:47 | INFO | [32m[2019-12-14 18:42:47 DEBUG	vault_processor][39m\nCustID: 274380001079586
Name: N/A
TradeChannel: HFS Small T.G.
hash: 0cd992a48d33804c36671ffbc4fd11ffd55a86b6ecc9e82bc51b36da509b43fa
2019/12/14 | 18:42:47 | INFO | [32m[2019-12-14 18:42:47 DEBUG	vault_processor][39m\nCustID: 274380001079831
Name: N/A
TradeChannel: HFS Small T.G.
hash: 2eddce632b261f4835c130174e702ab8c46beb4c348fe1a3d2279d641a0145c0
2019/12/14 | 18:42:47 | INFO | [32m[2019-12-14 18:42:47 DEBUG	vault_processor][39m\nCustID: 274380001079963
Name: N/A
TradeChannel: HFS Small T.G.
hash: 184c7241949ab54d14a9761489e7a6df3ea67ff1754e90385081f3e80c9e731d
2019/12/14 | 18:42:47 | INFO | [32m[2019-12-14 18:42:47 DEBUG	vault_processor][39m\nCustID: 274380001080391
Name: N/A
TradeChannel: HFS Small T.G.
hash: 8217b0caa378554e2d8b4b103b9d77660261012015583f43f2d2f300418742dc
2019/12/14 | 18:42:47 | INFO | [32m[2019-12-14 18:42:47 DEBUG	vault_processor][39m\nCustID: 274380001080442
Name: N/A
TradeChannel: HFS Small T.G.
hash: 2c7935d7215aac4a892537bf699b0c792698d15c89ae52f09a58eee078ac05c7
2019/12/14 | 18:42:47 | INFO | [32m[2019-12-14 18:42:47 DEBUG	vault_processor][39m\nCustID: 274380001080445
Name: N/A
TradeChannel: HFS Small T.G.
hash: 698825861a1a84680bf10826b5b7a01f0a06d2784cab3d20c72e41cbb5b837b1
2019/12/14 | 18:42:47 | INFO | [32m[2019-12-14 18:42:47 DEBUG	vault_processor][39m\nCustID: 274380001080446
Name: N/A
TradeChannel: HFS Small T.G.
hash: 563fdd1472d8fceb49aa68fbd19e4ae15ab0872d1b4d0e97379b33908a7dfa40
2019/12/14 | 18:42:47 | INFO | [32m[2019-12-14 18:42:47 DEBUG	vault_processor][39m\nCustID: 274380001080448
Name: N/A
TradeChannel: HFS Small T.G.
hash: 91d4ecbfeb991ec16bf546ad8669f72ecc494076d587dd1beff027b2ecf93abd
2019/12/14 | 18:42:47 | INFO | [32m[2019-12-14 18:42:47 DEBUG	vault_processor][39m\nCustID: 274380001080451
Name: N/A
TradeChannel: HFS Small T.G.
hash: e9ea32682b2330bfbda7c1e9f684cdf8aa61025935b14f58bcfb34188ecdb229
2019/12/14 | 18:42:47 | INFO | [32m[2019-12-14 18:42:47 DEBUG	vault_processor][39m\nCustID: 274380001080452
Name: N/A
TradeChannel: HFS Small T.G.
hash: e7cc6611c46b686c29fc2fb8b113c261869fb6bc9dce15aa3b0ed455c8b7f3b6
2019/12/14 | 18:42:47 | INFO | [32m[2019-12-14 18:42:47 DEBUG	vault_processor][39m\nCustID: 274380001080522
Name: N/A
TradeChannel: HFS Small T.G.
hash: 810b8bf558d5b709d97272a565cd1b6cefc03f415d9b71ed3088badc960ec9b6
2019/12/14 | 18:42:47 | INFO | [32m[2019-12-14 18:42:47 DEBUG	vault_processor][39m\nCustID: 274380001080555
Name: N/A
TradeChannel: HFS Small T.G.
hash: c6c1b3e4ed993f1954934dac9469a30e166e97d1cbbc595f6be11cdc03202ce8
2019/12/14 | 18:42:47 | INFO | [32m[2019-12-14 18:42:47 DEBUG	vault_processor][39m\nCustID: 274380001080574
Name: N/A
TradeChannel: HFS Small T.G.
hash: 86258f2c999115706033bddb881b9d0e376ac36a882ccceef86923e13d86a6c7
2019/12/14 | 18:42:47 | INFO | [32m[2019-12-14 18:42:47 DEBUG	vault_processor][39m\nCustID: 274380001080645
Name: N/A
TradeChannel: HFS Small T.G.
hash: cb4ef3b5ec5b22261422c20761365d156b0e3d03a13093cefef0dc387c160a8e
2019/12/14 | 18:42:47 | INFO | [32m[2019-12-14 18:42:47 DEBUG	vault_processor][39m\nCustID: 274380001079667
Name: N/A
TradeChannel: HFS Small T.G.
hash: 074ff436d3b4651bc65fff9c74c3ec8f07e37ab468f631b54e676bad1bd3741a
2019/12/14 | 18:42:47 | INFO | [32m[2019-12-14 18:42:47 DEBUG	vault_processor][39m\nCustID: 274380001080453
Name: N/A
TradeChannel: HFS Small T.G.
hash: 0b9bc85a124c3f63d2a0f8e0e8577dda2e50c823e9b0f292888dd5217e005e55
2019/12/14 | 18:42:47 | INFO | [32m[2019-12-14 18:42:47 DEBUG	vault_processor][39m\nCustID: 274380001080655
Name: N/A
TradeChannel: HFS Small T.G.
hash: fb93f551cb5025c7c73e18b02aca8ae533a1965176bda08b860c56fbeeb5ff51
2019/12/14 | 18:42:47 | INFO | [32m[2019-12-14 18:42:47 DEBUG	vault_processor][39m\nCustID: 274380001081633
Name: N/A
TradeChannel: HFS Small T.G.
hash: 17bd0e3a8c42667f2c38a0932b9b784a7396e6d9010e069c95d0fd076b63b76d
2019/12/14 | 18:42:47 | INFO | [32m[2019-12-14 18:42:47 DEBUG	vault_processor][39m\nCustID: 274380001080447
Name: N/A
TradeChannel: HFS Small T.G.
hash: a81cb1cbfd18b7eead6fd7cf47d4edd3d8a87aa35193e683b2a71bd1f5376bc9
2019/12/14 | 18:42:47 | INFO | [32m[2019-12-14 18:42:47 DEBUG	vault_processor][39m\nCustID: 274380001080536
Name: N/A
TradeChannel: HFS Small T.G.
hash: 44fa5dc4ba7f856967022b135e4430be052ffe5a7c9be67c7f20e01814c847ec
2019/12/14 | 18:42:47 | INFO | [32m[2019-12-14 18:42:47 DEBUG	vault_processor][39m\nCustID: 274380001079840
Name: N/A
TradeChannel: HFS Small T.G.
hash: 7945630b30b05cb3bf1c997d66d866bf1abec15c3f8bdf3512172e01a0c6d59b
2019/12/14 | 18:42:47 | INFO | [32m[2019-12-14 18:42:47 DEBUG	vault_processor][39m\nCustID: 274380001081846
Name: N/A
TradeChannel: HFS Small T.G.
hash: b0e0ea0bf5fb1ac9009797244e22e98d90b0a936ea4df06285511dd455e34809
2019/12/14 | 18:42:47 | INFO | [32m[2019-12-14 18:42:47 DEBUG	vault_processor][39m\nCustID: 274380001051129
Name: ALMOTLAQ
TradeChannel: HFS Small T.G.
hash: fdece989656a192927928315bb64d2cf5f8951c4801bfb3d2accf011a3045a4b
2019/12/14 | 18:42:47 | INFO | [32m[2019-12-14 18:42:47 DEBUG	vault_processor][39m\nCustID: 274380001051713
Name: FUHAID ALLUHAIBI
TradeChannel: HFS Small T.G.
hash: abab163554c6a1091db6f82ad5a95564470487f2120b9c5f432db797e212979e
2019/12/14 | 18:42:47 | INFO | [32m[2019-12-14 18:42:47 DEBUG	vault_processor][39m\nCustID: 274380001052687
Name: ALWALEED STORES
TradeChannel: HFS Small T.G.
hash: 13d32c0493cd70503ae8e773e849aeb83a3416d5c8462ade19f16a28eb0f718d
2019/12/14 | 18:42:47 | INFO | [32m[2019-12-14 18:42:47 DEBUG	vault_processor][39m\nCustID: 274380001081984
Name: N/A
TradeChannel: HFS Small T.G.
hash: 8ea336cfec85ff8e4a3282acffe28f8534f6f971a5c783065430f85f41a9523a
2019/12/14 | 18:42:47 | INFO | [32m[2019-12-14 18:42:47 DEBUG	vault_processor][39m\nCustID: 274380001082205
Name: N/A
TradeChannel: HFS Small T.G.
hash: 01eba83fb915ee0c885287819079f0188f4c6deb765d0490d9d703e05c0a909f
2019/12/14 | 18:42:47 | INFO | [32m[2019-12-14 18:42:47 DEBUG	vault_processor][39m\nCustID: 274380001082418
Name: N/A
TradeChannel: HFS Small T.G.
hash: a9d1d72d4302e0582ccd84994d69243cfb42e99bc3bf18cd0138e2d407d9055b
2019/12/14 | 18:42:47 | INFO | [32m[2019-12-14 18:42:47 DEBUG	vault_processor][39m\nCustID: 274380001082642
Name: N/A
TradeChannel: HFS Small T.G.
hash: d849d69f03a2193bb28507a3223bf36a64190fd07d83e06c4c6902def8b32915
2019/12/14 | 18:42:47 | INFO | [32m[2019-12-14 18:42:47 DEBUG	vault_processor][39m\nCustID: 274380001082740
Name: N/A
TradeChannel: HFS Small T.G.
hash: c892c27e7bb7190ec8fef85f12a06bc47b0261c92e597b6fe524fbaeed9528a9
2019/12/14 | 18:42:47 | INFO | [32m[2019-12-14 18:42:47 DEBUG	vault_processor][39m\nCustID: 274380001082651
Name: N/A
TradeChannel: HFS Small T.G.
hash: 41181ade91effb67d9d221ec66fa6d3c3550358a9127d6036f280aa04d9b3165
2019/12/14 | 18:42:47 | INFO | [32m[2019-12-14 18:42:47 DEBUG	vault_processor][39m\nCustID: 274380001082956
Name: N/A
TradeChannel: HFS Small T.G.
hash: 1d15a52610c55820346a87bd7f827034aab7076f8078a9125b1600125aaa20f0
2019/12/14 | 18:42:47 | INFO | [32m[2019-12-14 18:42:47 DEBUG	vault_processor][39m\nCustID: 274380001082966
Name: N/A
TradeChannel: HFS Small T.G.
hash: 3874dca8acfe275bfa3acbdd88632b88d4ff18741209389003d4e72164a459cb
2019/12/14 | 18:42:47 | INFO | [32m[2019-12-14 18:42:47 DEBUG	vault_processor][39m\nCustID: 274380001082984
Name: N/A
TradeChannel: HFS Small T.G.
hash: f374796f010321d0b6b662e9aeb39485308ace2aba04d9454aa3a1d03b8bc73a
2019/12/14 | 18:42:47 | INFO | [32m[2019-12-14 18:42:47 DEBUG	vault_processor][39m\nCustID: 274380001082970
Name: N/A
TradeChannel: HFS Small T.G.
hash: 4945d895bd0f286e614f6f937f9ad5a1058da0fa896653f4d2f9276ee97f5c56
2019/12/14 | 18:42:47 | INFO | [32m[2019-12-14 18:42:47 DEBUG	vault_processor][39m\nCustID: 274380001083054
Name: N/A
TradeChannel: HFS Small T.G.
hash: 74e6d57e431ba05002cc52c841f8ec43e642c3c93666ee7790c37baa4297c40a
2019/12/14 | 18:42:47 | INFO | [32m[2019-12-14 18:42:47 DEBUG	vault_processor][39m\nCustID: 274380001083391
Name: N/A
TradeChannel: HFS Small T.G.
hash: 405257b0bf2ff65c4aa609bebfd9756c3f8e4a2cde50e91d676d392498c0945a
2019/12/14 | 18:42:47 | INFO | [32m[2019-12-14 18:42:47 DEBUG	vault_processor][39m\nCustID: 274380001083407
Name: N/A
TradeChannel: HFS Small T.G.
hash: 06ed05ed65028392b36d451a70e662fe6d1a9cbc99bd72bfceb7d960e3a18333
2019/12/14 | 18:42:47 | INFO | [32m[2019-12-14 18:42:47 DEBUG	vault_processor][39m\nCustID: 274380001083424
Name: N/A
TradeChannel: HFS Small T.G.
hash: b2c4221d07248485509007da7dfb745fe157ebc4fae461a0327031acb0de2193
2019/12/14 | 18:42:47 | INFO | [32m[2019-12-14 18:42:47 DEBUG	vault_processor][39m\nCustID: 274380001083442
Name: N/A
TradeChannel: HFS Small T.G.
hash: c12da527e78c928d70d527f41763b922a15da1c0083d56b78f0c04756ddcdb13
2019/12/14 | 18:42:47 | INFO | [32m[2019-12-14 18:42:47 DEBUG	vault_processor][39m\nCustID: 274380001083450
Name: N/A
TradeChannel: HFS Small T.G.
hash: 533a3bc28c630dc47c3ef1eb3033acfd6455c4725e1269a2c56c65f6164e36de
2019/12/14 | 18:42:47 | INFO | [32m[2019-12-14 18:42:47 DEBUG	vault_processor][39m\nCustID: 274380001083511
Name: N/A
TradeChannel: HFS Small T.G.
hash: d18362140d856d611193516989298e2ab37ae3243393ccfa8efe77d283919b71
2019/12/14 | 18:42:47 | INFO | [32m[2019-12-14 18:42:47 DEBUG	vault_processor][39m\nCustID: 274380001083791
Name: N/A
TradeChannel: HFS Small T.G.
hash: 76baed83d0795d614e5950a44ae87267b2d707c0055e36037cecf8dec90e2c1d
2019/12/14 | 18:42:47 | INFO | [32m[2019-12-14 18:42:47 DEBUG	vault_processor][39m\nCustID: 274380001055729
Name: ABDULLRAMAN
TradeChannel: HFS Small T.G.
hash: 27141189c3feaa08376049cc5abaf7772b5fa8715b507fdf3546e184c0554c71
2019/12/14 | 18:42:47 | INFO | [32m[2019-12-14 18:42:47 DEBUG	vault_processor][39m\nCustID: 274380001080659
Name: N/A
TradeChannel: HFS Small T.G.
hash: 0460886396b914091749464859f6465cbb572cdc21ba92cf92227d40737b1a25
2019/12/14 | 18:42:47 | INFO | [32m[2019-12-14 18:42:47 DEBUG	vault_processor][39m\nCustID: 274380001080971
Name: N/A
TradeChannel: HFS Small T.G.
hash: 581728722001e04d76a23c10e83f3634a19323d3e6873e48409d9f94f71f8c11
2019/12/14 | 18:42:47 | INFO | [32m[2019-12-14 18:42:47 DEBUG	vault_processor][39m\nCustID: 274380001082294
Name: N/A
TradeChannel: HFS Small T.G.
hash: e8f39b3551a43f2185a86097dfc9078ca189ad40f0ec2c18e6c155d09fe490fd
2019/12/14 | 18:42:47 | INFO | [32m[2019-12-14 18:42:47 DEBUG	vault_processor][39m\nCustID: 274380001082533
Name: N/A
TradeChannel: HFS Small T.G.
hash: c8ba8af920750bbdb83f1c3016887ac27efdd51c8f71c5bc25f6f47ce08f19d7
2019/12/14 | 18:42:47 | INFO | [32m[2019-12-14 18:42:47 DEBUG	vault_processor][39m\nCustID: 274380001083126
Name: N/A
TradeChannel: HFS Small T.G.
hash: 32c4dab30354c20342773094e9011caeb40a20348f05e0ac0b9d4cce874332e0
2019/12/14 | 18:42:47 | INFO | [32m[2019-12-14 18:42:47 DEBUG	vault_processor][39m\nCustID: 274380001083466
Name: N/A
TradeChannel: HFS Small T.G.
hash: b53b34e3a7741cc6e22d611f9aac9590b45cfd6609edf0d0b62ff275b21fa7e0
2019/12/14 | 18:42:47 | INFO | [32m[2019-12-14 18:42:47 DEBUG	vault_processor][39m\nCustID: 274380001083496
Name: N/A
TradeChannel: HFS Small T.G.
hash: 8c1aa18e3dea55fcc98aff6e84e4bc17df5bb29f5fda2dd431eccdf21177279b
2019/12/14 | 18:42:47 | INFO | [32m[2019-12-14 18:42:47 DEBUG	vault_processor][39m\nCustID: 274380001083500
Name: N/A
TradeChannel: HFS Small T.G.
hash: 35f6a52a668a0bbd3f04c527c28765869cfe37a5afff728f61567d91fb083fbb
2019/12/14 | 18:42:47 | INFO | [32m[2019-12-14 18:42:47 DEBUG	vault_processor][39m\nCustID: 274380001053088
Name: ALMAQADY
TradeChannel: HFS Small T.G.
hash: 614ff01efc5a641e7bc93c315437ac98e585bbd127815687b6072b0b9cc71a81
2019/12/14 | 18:42:47 | INFO | [32m[2019-12-14 18:42:47 DEBUG	vault_processor][39m\nCustID: 274380001053282
Name: INTERNATIONAL MEDECAL CENTER
TradeChannel: Pharma Tier 3
hash: e2cb4b9380e3a11fe1259d643b1a871a1d882b645e3db1381c3833f55aaeb003
2019/12/14 | 18:42:47 | INFO | [32m[2019-12-14 18:42:47 DEBUG	vault_processor][39m\nCustID: 274380001054137
Name: TMWEENAT ALMDENAH 3
TradeChannel: HFS Small T.G.
hash: 3d42aadb005e3c225cda383bb1f12e9244c61c3225936060448fce53a4bccda5
2019/12/14 | 18:42:47 | INFO | [32m[2019-12-14 18:42:47 DEBUG	vault_processor][39m\nCustID: 274380001083807
Name: N/A
TradeChannel: HFS Small T.G.
hash: ea298276bb04c10a03076d5d4a5a944dda481b24d8a2a3eb115bde9356f36f01
2019/12/14 | 18:42:47 | INFO | [32m[2019-12-14 18:42:47 DEBUG	vault_processor][39m\nCustID: 274380001084315
Name: N/A
TradeChannel: HFS Small T.G.
hash: 3089ba3fc13915720a21314057e339f775051d27be75f431d2dbeef8ff0579a5
2019/12/14 | 18:42:47 | INFO | [32m[2019-12-14 18:42:47 DEBUG	vault_processor][39m\nCustID: 274380001084335
Name: N/A
TradeChannel: HFS Small T.G.
hash: 87f914a62115d5de79d03fdff47fd6f5d1da892213f6a91a1b5d4c3f8c800e27
2019/12/14 | 18:42:47 | INFO | [32m[2019-12-14 18:42:47 DEBUG	vault_processor][39m\nCustID: 274380001084384
Name: N/A
TradeChannel: HFS Small T.G.
hash: 72b4c28495abdb2778165462c478ab0384d396ea66de928a2ac4c4026feb76ed
2019/12/14 | 18:42:47 | INFO | [32m[2019-12-14 18:42:47 DEBUG	vault_processor][39m\nCustID: 274380001085165
Name: N/A
TradeChannel: HFS Small T.G.
hash: 4930c0b479bf9fe350064ce11332c07dda040d5da1062680664f707adee8f853
2019/12/14 | 18:42:47 | INFO | [32m[2019-12-14 18:42:47 DEBUG	vault_processor][39m\nCustID: 274380001085296
Name: siadliat nasir alqahtani
TradeChannel: RVO Pharma
hash: c8bfdab5571c6b27a0730ea962a39953174b2eefbbdb0203199889593f6dec61
2019/12/14 | 18:42:47 | INFO | [32m[2019-12-14 18:42:47 DEBUG	vault_processor][39m\nCustID: 274380001086314
Name: N/A
TradeChannel: HFS Small T.G.
hash: c9aa6bd3c4e179889cca248c23078e22c44c4328380901542fbfa1e65b29fe58
2019/12/14 | 18:42:47 | INFO | [32m[2019-12-14 18:42:47 DEBUG	vault_processor][39m\nCustID: 274380001087265
Name: N/A
TradeChannel: RVO Pharma
hash: deaf8e58cd8253ff58f784d820127430b15ef0ef4fe4ca8bf1cfe5fa23161e4d
2019/12/14 | 18:42:47 | INFO | [32m[2019-12-14 18:42:47 DEBUG	vault_processor][39m\nCustID: 274380001087194
Name: N/A
TradeChannel: HFS Small T.G.
hash: 25a7a73ecd27b295e65da5f201c031b2d86908b1722baf329d273505f515010e
2019/12/14 | 18:42:47 | INFO | [32m[2019-12-14 18:42:47 DEBUG	vault_processor][39m\nCustID: 274380001090215
Name: N/A
TradeChannel: HFS Small T.G.
hash: ec25975f731929482c74a9577c9570406c05ce121c0ecfa8b3ac9d7bae0384d7
2019/12/14 | 18:42:47 | INFO | [32m[2019-12-14 18:42:47 DEBUG	vault_processor][39m\nCustID: 274380001090317
Name: N/A
TradeChannel: HFS Small T.G.
hash: 708fc92043ee56876ae0b1338705bc5c8aebcf54315cfcc20e41be7f63a4b51b
2019/12/14 | 18:42:47 | INFO | [32m[2019-12-14 18:42:47 DEBUG	vault_processor][39m\nCustID: 274380001090164
Name: N/A
TradeChannel: HFS Small T.G.
hash: 1bfbdad09b4af4dc1b003ef811c7a02d1d5b4d66c438235b1bd6ca885929c239
2019/12/14 | 18:42:47 | INFO | [32m[2019-12-14 18:42:47 DEBUG	vault_processor][39m\nCustID: 274380001089330
Name: N/A
TradeChannel: HFS Small T.G.
hash: 22ea6849d19690ba5e5eb20b8bef5a024498101fe999f19dd718739a045c8783
2019/12/14 | 18:42:47 | INFO | [32m[2019-12-14 18:42:47 DEBUG	vault_processor][39m\nCustID: 274380001086752
Name: N/A
TradeChannel: HFS Small T.G.
hash: 1d8f5d7717834c954e5224f5d83a27939996a961306cb0b89175dcf541d099c9
2019/12/14 | 18:42:47 | INFO | [32m[2019-12-14 18:42:47 DEBUG	vault_processor][39m\nCustID: 274380001090461
Name: N/A
TradeChannel: HFS Small T.G.
hash: 49f25a4850b67815adbf9f2324087bbfdd4296adbc79ff009e1cdfc1c880b3e3
2019/12/14 | 18:42:47 | INFO | [32m[2019-12-14 18:42:47 DEBUG	vault_processor][39m\nCustID: 274380001090863
Name: Tadaweena Pharmacy
TradeChannel: Pharma Tier 3
hash: 8e48c833ebf2a5d9b14494463325bea05039f01d3b123e159bf00dee22058ccf
2019/12/14 | 18:42:47 | INFO | [32m[2019-12-14 18:42:47 DEBUG	vault_processor][39m\nCustID: 274380001080254
Name: N/A
TradeChannel: HFS Small T.G.
hash: ad15a759fad1de92d528af3ce47c92497c7a01ed3a8beb5c0c1d40c98e802d19
2019/12/14 | 18:42:47 | INFO | [32m[2019-12-14 18:42:47 DEBUG	vault_processor][39m\nCustID: 274380001030075
Name: AL DAYJEE CENTER
TradeChannel: Self Service T.G
hash: d8597d4483bb5f5b1b805763741e522e1b18e7f78e2a8c20158f1caa9c62f2bf
2019/12/14 | 18:42:47 | INFO | [32m[2019-12-14 18:42:47 DEBUG	vault_processor][39m\nCustID: 274380001054381
Name: ZAFIR MOBARAK
TradeChannel: HFS Small T.G.
hash: c66b142d28119ba9d40b6f378094f8677ed284e7afe1e330fe0e8f14322a6fbd
2019/12/14 | 18:42:47 | INFO | [32m[2019-12-14 18:42:47 DEBUG	vault_processor][39m\nCustID: 274380001054330
Name: RAGHAD
TradeChannel: HFS Small T.G.
hash: 80f9dce82cdfdf395affef12afd721ce5ccb8e167a732db1362960321a362b1a
2019/12/14 | 18:42:47 | INFO | [32m[2019-12-14 18:42:47 DEBUG	vault_processor][39m\nCustID: 274380001055718
Name: ALWAN
TradeChannel: HFS Small T.G.
hash: 3c8e142417096e1cf002d3f1a708c9e6c4597145112e2b31a9a219fd0b58f335
2019/12/14 | 18:42:47 | INFO | [32m[2019-12-14 18:42:47 DEBUG	vault_processor][39m\nCustID: 274380001030086
Name: FARM SUPERSTORES
TradeChannel: National Accounts
hash: 4ebbabcf519ee18222c78f811d26dc6c01892d69ed8a7f2206bd03382467a7ba
2019/12/14 | 18:42:47 | INFO | [32m[2019-12-14 18:42:47 DEBUG	vault_processor][39m\nCustID: 274380001044149
Name: ALRAYAH SHOPPING CENTER BRANCH NO 1
TradeChannel: MT Tier 1
hash: 03ac190e63fe1a664fd0fa6418584ea361f996279b3c04460e302176ae3256f3
2019/12/14 | 18:42:47 | INFO | [32m[2019-12-14 18:42:47 DEBUG	vault_processor][39m\nCustID: 274380001054388
Name: ABU ABDALLAH STORES
TradeChannel: HFS Small T.G.
hash: a4ce0e8f49dbc5ebefef2530a962d8e1d62525f8c8a9484b15fad49039315e61
Continuing to vault_processor.1576348969269.log
