******************************************************************************************
**
** Perfect Logger Logging System
** Application Version          : 1.0
** Perfect-Logger Version       : 1.5.2
** Application Start Time (UTC) : 18:49:52 2019/12/14
**
** Copyright 2018 Team whileLOOP
**
******************************************************************************************
**
** Log Number               : #117
** Continuing from Log File : vault_processor.1576349757839.log
** Log Start Time (UTC)     : 18:55:57 2019/12/14
**
******************************************************************************************
2019/12/14 | 18:55:57 | INFO | [32m[2019-12-14 18:55:57 DEBUG	vault_processor][39m\nCustID: 274380001095536
Name: N/A
TradeChannel: N/A
hash: cabbff23a40af25369981574970941f4884dd44295ecf4dc1d38aabe24c7284d
2019/12/14 | 18:55:57 | INFO | [32m[2019-12-14 18:55:57 DEBUG	vault_processor][39m\nCustID: 274380001095684
Name: N/A
TradeChannel: N/A
hash: 53189649e6b79f273e4c7f4455510b02b3c5a6c4f67c0aec18eb89b9422a22d8
2019/12/14 | 18:55:57 | INFO | [32m[2019-12-14 18:55:57 DEBUG	vault_processor][39m\nCustID: 274380001095885
Name: N/A
TradeChannel: HFS Small T.G.
hash: 391c4b780c08c7080dbd0bc6b1eb2f6276a3947c5184a458013d7463a9693055
2019/12/14 | 18:55:57 | INFO | [32m[2019-12-14 18:55:57 DEBUG	vault_processor][39m\nCustID: 274380001095981
Name: N/A
TradeChannel: N/A
hash: 5f6dadc531afffdbe16f95821d831ef8feacd012827b80cc185091e960e8de01
2019/12/14 | 18:55:57 | INFO | [32m[2019-12-14 18:55:57 DEBUG	vault_processor][39m\nCustID: 274380001096215
Name: N/A
TradeChannel: HFS Small T.G.
hash: ae0522b926c33662fd4482453715667bc9dc2fcce9eb201b0f05d901eca99945
2019/12/14 | 18:55:57 | INFO | [32m[2019-12-14 18:55:57 DEBUG	vault_processor][39m\nCustID: 274380001096468
Name: N/A
TradeChannel: N/A
hash: 344ff0580a7a8f1e5cb38151b0aa34070cf75e33a896dba8cb47148f32f10ba4
2019/12/14 | 18:55:57 | INFO | [32m[2019-12-14 18:55:57 DEBUG	vault_processor][39m\nCustID: 274380001096513
Name: N/A
TradeChannel: N/A
hash: 1bfe7f22552bd730fa2372f90573333158ac0aa41fb8ce48522dbe74eccfcdca
2019/12/14 | 18:55:57 | INFO | [32m[2019-12-14 18:55:57 DEBUG	vault_processor][39m\nCustID: 274380001096516
Name: N/A
TradeChannel: N/A
hash: 9a6d19f1d3fa791a6ba4aebcdf4d0447c32970c62945082f30974c7d2df2a624
2019/12/14 | 18:55:57 | INFO | [32m[2019-12-14 18:55:57 DEBUG	vault_processor][39m\nCustID: 274380001096527
Name: N/A
TradeChannel: HFS Small T.G.
hash: 9ab0c70f56cd29d1f894779ce4ca2785ad96f033ad1869a9e2dbc202b18923be
2019/12/14 | 18:55:57 | INFO | [32m[2019-12-14 18:55:57 DEBUG	vault_processor][39m\nCustID: 274380001096591
Name: N/A
TradeChannel: N/A
hash: 0a586a6cafe7e6994f0beb77e7611606c471d4513b1bb4b2498056775f33f4f8
2019/12/14 | 18:55:57 | INFO | [32m[2019-12-14 18:55:57 DEBUG	vault_processor][39m\nCustID: 274380001096603
Name: N/A
TradeChannel: N/A
hash: 6506e7a8ec98e21bd2dcffcf2ff3619c468846bd954aab819be66f6da8596989
2019/12/14 | 18:55:57 | INFO | [32m[2019-12-14 18:55:57 DEBUG	vault_processor][39m\nCustID: 274380001096661
Name: N/A
TradeChannel: N/A
hash: e51627f020aa055206b7416a6e69a97945434896c378f63a441081f3c9086d5f
2019/12/14 | 18:55:57 | INFO | [32m[2019-12-14 18:55:57 DEBUG	vault_processor][39m\nCustID: 274380001096663
Name: N/A
TradeChannel: N/A
hash: 8e9b7e721d2fb67de3a0fca629303a1e72d5b717b5fe88bf50383b9a1de9297f
2019/12/14 | 18:55:57 | INFO | [32m[2019-12-14 18:55:57 DEBUG	vault_processor][39m\nCustID: 274380001096714
Name: N/A
TradeChannel: HFS Small T.G.
hash: 1ad4231782381008b265da80c410a2654eb379d8bef72ea1c69987e8104f4b44
2019/12/14 | 18:55:57 | INFO | [32m[2019-12-14 18:55:57 DEBUG	vault_processor][39m\nCustID: 274380001096726
Name: N/A
TradeChannel: N/A
hash: 0276a32a1d9684cfba597a650c59274fd7c05de0dacbb528007a0ed0bf577b55
2019/12/14 | 18:55:57 | INFO | [32m[2019-12-14 18:55:57 DEBUG	vault_processor][39m\nCustID: 274380001096749
Name: N/A
TradeChannel: HFS Small T.G.
hash: a2386b425dea34b7594de0ee147b5d8ec9e386630f5cdd6dcba1aace7e1cac42
2019/12/14 | 18:55:57 | INFO | [32m[2019-12-14 18:55:57 DEBUG	vault_processor][39m\nCustID: 274380001072991
Name: Al rihely center
TradeChannel: Self Service T.G
hash: 40ff8ae45f4d9f35b986395c4deaaa8b3d7bb6215c5fb9f7e378fdb0a0cd34b6
2019/12/14 | 18:55:57 | INFO | [32m[2019-12-14 18:55:57 DEBUG	vault_processor][39m\nCustID: 274380001073003
Name: Abdul Mohsen Al Qabasani Trading Est.
TradeChannel: Sub-D
hash: 0577439bd51e994262383a5d5339686809dcf5a16807c436ee24582d64b88853
2019/12/14 | 18:55:57 | INFO | [32m[2019-12-14 18:55:57 DEBUG	vault_processor][39m\nCustID: 274380001073136
Name: Mazaya Dubi
TradeChannel: Discounters T.G
hash: c917e422f9d8105a47eb5fc261671320aa21251ae999c5a2c1335e4cfc333709
2019/12/14 | 18:55:57 | INFO | [32m[2019-12-14 18:55:57 DEBUG	vault_processor][39m\nCustID: 274380001073714
Name: Markaz Shmoh llkamalayat
TradeChannel: Discounters T.G
hash: 3ec60209d4a9e2e85aefb2c7a20828b9eb7f19cd267009d647bba7afca857d97
2019/12/14 | 18:55:57 | INFO | [32m[2019-12-14 18:55:57 DEBUG	vault_processor][39m\nCustID: 274380001076188
Name:  AL- kayal
TradeChannel: Pharma Tier 3
hash: e9f06b8e54c3bfff4e819e6d3f5202831f856f9e5155f8bad26d1eb52b449741
2019/12/14 | 18:55:57 | INFO | [32m[2019-12-14 18:55:57 DEBUG	vault_processor][39m\nCustID: 274380001077181
Name: Safwa Alanaya limited .CO
TradeChannel: Wholesaler
hash: 597a38474a2b667915ba2163975f861805ffb8ccb7c4ab0b624eee92acbcc77b
2019/12/14 | 18:55:57 | INFO | [32m[2019-12-14 18:55:57 DEBUG	vault_processor][39m\nCustID: 274380001077383
Name: Mamlakat AL Elag 13
TradeChannel: RVO Pharma
hash: aa014d7b6cf507955cfed026a8bb50b2067198b55eda1fcabbee08dc3df60dd9
2019/12/14 | 18:55:57 | INFO | [32m[2019-12-14 18:55:57 DEBUG	vault_processor][39m\nCustID: 274380001078726
Name: Fahd Abdullraheem Al FaraJ Trading EST.
TradeChannel: Self Service T.G
hash: 2e03e082cd3da4a1ba7593897c202dca9d70c070bcaae9d5bd4be3d522ff163b
2019/12/14 | 18:55:57 | INFO | [32m[2019-12-14 18:55:57 DEBUG	vault_processor][39m\nCustID: 274380001078973
Name: Zahret Haneen PH
TradeChannel: Pharma Tier 3
hash: e5d0632b76b2319aa69c7aeee743f0afdb00d3eadffa7f3e293fc946c3e8001d
2019/12/14 | 18:55:57 | INFO | [32m[2019-12-14 18:55:57 DEBUG	vault_processor][39m\nCustID: 274380001050264
Name: ALZAYTONAH
TradeChannel: HFS Small T.G.
hash: 53c3f08e1159be71f03397cd5197e58cb08d486d239504f8729601e3a690b070
2019/12/14 | 18:55:57 | INFO | [32m[2019-12-14 18:55:57 DEBUG	vault_processor][39m\nCustID: 274380001080220
Name: N/A
TradeChannel: Self Service T.G
hash: 98717459058dc8c9845c1097971e7b577608384099f154807f2b76daec47d38f
2019/12/14 | 18:55:57 | INFO | [32m[2019-12-14 18:55:57 DEBUG	vault_processor][39m\nCustID: 274380001101629
Name: N/A
TradeChannel: N/A
hash: 84453baf3fe56f05076cc07310e416dd83f570ab83935737032b4919d5fb89bb
2019/12/14 | 18:55:57 | INFO | [32m[2019-12-14 18:55:57 DEBUG	vault_processor][39m\nCustID: 274380001057594
Name: HALA 2
TradeChannel: HFS Small T.G.
hash: b83c284dadd7bed94e465c87abbd10c0871a7226977ab5ba751a06801dfc2e1a
2019/12/14 | 18:55:57 | INFO | [32m[2019-12-14 18:55:57 DEBUG	vault_processor][39m\nCustID: 274380001077994
Name: AL Arkan PH
TradeChannel: RVO Pharma
hash: ee14970b5a9493ae9286cdb114d3bd00a8279d154e3275a4da2d302542448dc0
2019/12/14 | 18:55:57 | INFO | [32m[2019-12-14 18:55:57 DEBUG	vault_processor][39m\nCustID: 274380001079042
Name: Khadeer Saleh Mansour Establishment TR -
TradeChannel: MT Tier 1
hash: aa1c1aabc18a754d75a662b56376bd120854d186c29757f29bf9d905a518728d
2019/12/14 | 18:55:57 | INFO | [32m[2019-12-14 18:55:57 DEBUG	vault_processor][39m\nCustID: 274380001091424
Name: N/A
TradeChannel: N/A
hash: 57446e230f7054be4fdbc417e27ab1d218f9567b271b79945e728760e98e33d3
2019/12/14 | 18:55:57 | INFO | [32m[2019-12-14 18:55:57 DEBUG	vault_processor][39m\nCustID: 274380001091471
Name: N/A
TradeChannel: N/A
hash: 66f9779a899f4950872f79891d0b5642841f94a3311c0102354e05e20cd32bf2
2019/12/14 | 18:55:57 | INFO | [32m[2019-12-14 18:55:57 DEBUG	vault_processor][39m\nCustID: 274380001087849
Name: N/A
TradeChannel: HFS Small T.G.
hash: 529f40cd04c182bf054defe6c8f17fb4471bc7a7c39aa9491c41c77f873580f2
2019/12/14 | 18:55:57 | INFO | [32m[2019-12-14 18:55:57 DEBUG	vault_processor][39m\nCustID: 274380001090941
Name: N/A
TradeChannel: N/A
hash: 8ed623c4b91723f105bf02b018815ccb1cd5e3b952221c81c65373da0da5b678
2019/12/14 | 18:55:57 | INFO | [32m[2019-12-14 18:55:57 DEBUG	vault_processor][39m\nCustID: 274380001090958
Name: N/A
TradeChannel: N/A
hash: d66cd94aa64884484650ec971f5c904b1d28ef78c9d08141135e11a25b8a1b06
2019/12/14 | 18:55:57 | INFO | [32m[2019-12-14 18:55:57 DEBUG	vault_processor][39m\nCustID: 274380001090959
Name: N/A
TradeChannel: N/A
hash: 89e8e18f34e29b5a6d18d250bb077bc4e4e64eed99367fab27027e7c04453079
2019/12/14 | 18:55:58 | INFO | [32m[2019-12-14 18:55:57 DEBUG	vault_processor][39m\nCustID: 274380001090967
Name: N/A
TradeChannel: N/A
hash: b145da3b1b69d62939223756773b602b3629bd662058b6d0a067b402010c623d
2019/12/14 | 18:55:58 | INFO | [32m[2019-12-14 18:55:58 DEBUG	vault_processor][39m\nCustID: 274380001090986
Name: N/A
TradeChannel: HFS Small T.G.
hash: ab78f502e1aea917cbd6d43a3620413caeb581be7721f69aed63d60c4da37d55
2019/12/14 | 18:55:58 | INFO | [32m[2019-12-14 18:55:58 DEBUG	vault_processor][39m\nCustID: 274380001091022
Name: N/A
TradeChannel: N/A
hash: 722aa1f8ef33b8eb01422d4660a6f75c5a7c01e5125bd2f38da0babd88ae8688
2019/12/14 | 18:55:58 | INFO | [32m[2019-12-14 18:55:58 DEBUG	vault_processor][39m\nCustID: 274380001091147
Name: N/A
TradeChannel: N/A
hash: facf1220b74105fb2d4c10ad0c9241d63cf56420959dd0c5b0a1618de73ae9a5
2019/12/14 | 18:55:58 | INFO | [32m[2019-12-14 18:55:58 DEBUG	vault_processor][39m\nCustID: 274380001091156
Name: N/A
TradeChannel: N/A
hash: e5b41892b5032c8a78bbcb21e49180d1f8490182424928f1d1320169ff00bcb5
2019/12/14 | 18:55:58 | INFO | [32m[2019-12-14 18:55:58 DEBUG	vault_processor][39m\nCustID: 274380001091176
Name: N/A
TradeChannel: N/A
hash: 51b2d838683de7d60086f29fed76427f85814703d0cebd4b3660e4ef6c58aa09
2019/12/14 | 18:55:58 | INFO | [32m[2019-12-14 18:55:58 DEBUG	vault_processor][39m\nCustID: 274380001091225
Name: N/A
TradeChannel: N/A
hash: 32174b96273ebef824597796d94adb38590806df4abdc25856a7bddae18856dc
2019/12/14 | 18:55:58 | INFO | [32m[2019-12-14 18:55:58 DEBUG	vault_processor][39m\nCustID: 274380001091367
Name: N/A
TradeChannel: HFS Small T.G.
hash: 2d38b54bf76b4ce05f381c4b6ba3213a00692d001c43835d7c29ec60dc989c5f
2019/12/14 | 18:55:58 | INFO | [32m[2019-12-14 18:55:58 DEBUG	vault_processor][39m\nCustID: 274380001091368
Name: N/A
TradeChannel: N/A
hash: b7e2e3fb574e6120f14755e27295db367b1e5d1b9b1b8ed91a697774917a2cd7
2019/12/14 | 18:55:58 | INFO | [32m[2019-12-14 18:55:58 DEBUG	vault_processor][39m\nCustID: 274380001091369
Name: N/A
TradeChannel: HFS Small T.G.
hash: 4b44f49d864bab757fdf44e5b12eb4e76b35147fad509712cda3e69b3b587ff6
2019/12/14 | 18:55:58 | INFO | [32m[2019-12-14 18:55:58 DEBUG	vault_processor][39m\nCustID: 274380001091373
Name: N/A
TradeChannel: HFS Small T.G.
hash: 4bb3cb86b75b9ba2cd899c3ecf00ad5ac4b2fdfe450bccbeda1a0bf53ee3f0b5
2019/12/14 | 18:55:58 | INFO | [32m[2019-12-14 18:55:58 DEBUG	vault_processor][39m\nCustID: 274380001091397
Name: N/A
TradeChannel: N/A
hash: 0edbff944e9b72b2db138dc81df358f8941224846f07eb1987b149703f021f35
2019/12/14 | 18:55:58 | INFO | [32m[2019-12-14 18:55:58 DEBUG	vault_processor][39m\nCustID: 274380001091398
Name: N/A
TradeChannel: HFS Small T.G.
hash: 42c01bb68d92e401b9a22d5bc40fd115cd75b2514d31e4509b7be94a36425606
2019/12/14 | 18:55:58 | INFO | [32m[2019-12-14 18:55:58 DEBUG	vault_processor][39m\nCustID: 274380001091462
Name: N/A
TradeChannel: HFS Small T.G.
hash: 653f7e26c3663e46a2693403bb69391e961e09fb538be4a5bb8f3906012b61b0
2019/12/14 | 18:55:58 | INFO | [32m[2019-12-14 18:55:58 DEBUG	vault_processor][39m\nCustID: 274380001091465
Name: N/A
TradeChannel: N/A
hash: 28f78f9922c6a697ff20c662e68e1169e9212ecf840eb58f09c4997347331574
2019/12/14 | 18:55:58 | INFO | [32m[2019-12-14 18:55:58 DEBUG	vault_processor][39m\nCustID: 274380001091528
Name: N/A
TradeChannel: N/A
hash: 404d1f4b694f1dd340c95e7af466afa2d7f98a1e3ddad3ea0fb6516740ebe10a
2019/12/14 | 18:55:58 | INFO | [32m[2019-12-14 18:55:58 DEBUG	vault_processor][39m\nCustID: 274380001091566
Name: N/A
TradeChannel: HFS Small T.G.
hash: ac94739481f94b1fb1c2c7cf5a6cdcb5e4b6a79efeb3a05ad7bcc725ffb4a11f
2019/12/14 | 18:55:58 | INFO | [32m[2019-12-14 18:55:58 DEBUG	vault_processor][39m\nCustID: 274380001096837
Name: N/A
TradeChannel: N/A
hash: 680307fa5ce6e6bf6a025cc712d4cc715a533e4202c2b15a65b9673a441bad03
2019/12/14 | 18:55:58 | INFO | [32m[2019-12-14 18:55:58 DEBUG	vault_processor][39m\nCustID: 274380001062376
Name: Danube Co. For Food Stuffs
TradeChannel: National Accounts
hash: fb787d276ac99d338b4104d63d3231a5cde65ca37d84b1c16050d9ab98a0012e
Continuing to vault_processor.1576349932006.log
