2019/12/14 | 18:43:36 | INFO | [32m[2019-12-14 18:43:36 DEBUG	vault_processor][39m\nCustID: 274380001097574
Name: N/A
TradeChannel: N/A
hash: 009ac659522ec52a573e632b63796ba67de34ddf32fec3c93bad8ac3002318fb
******************************************************************************************
**
** Perfect Logger Logging System
** Application Version          : 1.0
** Perfect-Logger Version       : 1.5.2
** Application Start Time (UTC) : 18:40:00 2019/12/14
**
** Copyright 2018 Team whileLOOP
**
******************************************************************************************
**
** Log Number               : #102
** Continuing from Log File : vault_processor.1576349016103.log
** Log Start Time (UTC)     : 18:43:36 2019/12/14
**
******************************************************************************************
2019/12/14 | 18:43:36 | INFO | [32m[2019-12-14 18:43:36 DEBUG	vault_processor][39m\nCustID: 274380001097714
Name: N/A
TradeChannel: N/A
hash: e17498bd1d350ff0d31d14b1d749d8e950b794619e10d7b1c1796f8c3304d0f1
2019/12/14 | 18:43:36 | INFO | [32m[2019-12-14 18:43:36 DEBUG	vault_processor][39m\nCustID: 274380001097710
Name: N/A
TradeChannel: N/A
hash: e4645f6d5a50c348e2dd65760b5d6c06ecd143b36b68c585c39d991ba5b8f75f
2019/12/14 | 18:43:36 | INFO | [32m[2019-12-14 18:43:36 DEBUG	vault_processor][39m\nCustID: 274380001097586
Name: N/A
TradeChannel: N/A
hash: e127f348a71441dad682c351427cfa4b7231dae92d3d92760b5f8d953ffd2bc0
2019/12/14 | 18:43:36 | INFO | [32m[2019-12-14 18:43:36 DEBUG	vault_processor][39m\nCustID: 274380001097719
Name: N/A
TradeChannel: N/A
hash: 159196f6e1d5720120dfe7ecbbafd982463d9bc9c5acec4ae039068b84587bea
2019/12/14 | 18:43:36 | INFO | [32m[2019-12-14 18:43:36 DEBUG	vault_processor][39m\nCustID: 274380001097868
Name: N/A
TradeChannel: N/A
hash: cf9c249f1821273cb6bca2210e27faf526e623b2bc35f1d7dc74ce19810e7411
2019/12/14 | 18:43:36 | INFO | [32m[2019-12-14 18:43:36 DEBUG	vault_processor][39m\nCustID: 274380001090868
Name: AL KAYAN PHARMA TRADING EST.
TradeChannel: Wholesaler
hash: 092e6d7d8dc5e9f8fcd13d40f397866cbb507fd54461f019a8966121329f89f0
2019/12/14 | 18:43:36 | INFO | [32m[2019-12-14 18:43:36 DEBUG	vault_processor][39m\nCustID: 274380001091530
Name: N/A
TradeChannel: N/A
hash: bb7e41c33b5dca1a4a8af7e6b840ef86b94316e4ae49dafdc1af529258af968d
2019/12/14 | 18:43:36 | INFO | [32m[2019-12-14 18:43:36 DEBUG	vault_processor][39m\nCustID: 274380001091550
Name: N/A
TradeChannel: N/A
hash: dfb8c2b64ed6d8774a0e6681543acddaa2c15dae9e7a1ab1778f1905600c00c2
2019/12/14 | 18:43:36 | INFO | [32m[2019-12-14 18:43:36 DEBUG	vault_processor][39m\nCustID: 274380001091553
Name: N/A
TradeChannel: N/A
hash: 9a667ccfbda359f03e9d437a26a4dfa06e36fc47bcf3be695d2c4e95c1ecd111
2019/12/14 | 18:43:36 | INFO | [32m[2019-12-14 18:43:36 DEBUG	vault_processor][39m\nCustID: 274380001091545
Name: N/A
TradeChannel: N/A
hash: 1f5f23b1232e151b9ebc4e84be497a3583a497d02e1c50ac49c4ccada7e61154
2019/12/14 | 18:43:36 | INFO | [32m[2019-12-14 18:43:36 DEBUG	vault_processor][39m\nCustID: 274380001097145
Name: N/A
TradeChannel: HFS Small T.G.
hash: bfd5d48607bcccd1331d235dd8fb253d4494e37002bd7f844b7678b5e2acc04e
2019/12/14 | 18:43:36 | INFO | [32m[2019-12-14 18:43:36 DEBUG	vault_processor][39m\nCustID: 274380001097177
Name: N/A
TradeChannel: N/A
hash: 113122e25c4afc55f7dfea1ce2deeb8fe1eef0de623f48e404e2b2c4ba9f0553
2019/12/14 | 18:43:36 | INFO | [32m[2019-12-14 18:43:36 DEBUG	vault_processor][39m\nCustID: 274380001097182
Name: N/A
TradeChannel: N/A
hash: 8ed5cce09020adfd5ab398fd26886d819959be628a0e00ba316a29e70d755c82
2019/12/14 | 18:43:36 | INFO | [32m[2019-12-14 18:43:36 DEBUG	vault_processor][39m\nCustID: 274380001097293
Name: N/A
TradeChannel: HFS Small T.G.
hash: dc567690ba84fd20451f50ad9b5500e0a9dcc97cc2a5f8a0b5a253c15b4d6076
2019/12/14 | 18:43:36 | INFO | [32m[2019-12-14 18:43:36 DEBUG	vault_processor][39m\nCustID: 274380001097365
Name: N/A
TradeChannel: N/A
hash: 670aae31655b96399bfd237ea5c3ae0a7cc1466030713dea6ec4e8225d1e840c
2019/12/14 | 18:43:36 | INFO | [32m[2019-12-14 18:43:36 DEBUG	vault_processor][39m\nCustID: 274380001097370
Name: N/A
TradeChannel: N/A
hash: d659b8b60a4b7be247253ebb4f630a570e75ccf2526df0ce0bd1e4b92d7a25b8
2019/12/14 | 18:43:36 | INFO | [32m[2019-12-14 18:43:36 DEBUG	vault_processor][39m\nCustID: 274380001097404
Name: N/A
TradeChannel: N/A
hash: 3349245d012a76221d97ca82fff6355e69e5a83d902dae07afc57c35927f2252
2019/12/14 | 18:43:36 | INFO | [32m[2019-12-14 18:43:36 DEBUG	vault_processor][39m\nCustID: 274380001097382
Name: N/A
TradeChannel: N/A
hash: 4aad83a7f298562f3108cd43b9a0f683b03d5c3b82739e83940ac3b8428031ec
2019/12/14 | 18:43:36 | INFO | [32m[2019-12-14 18:43:36 DEBUG	vault_processor][39m\nCustID: 274380001097410
Name: N/A
TradeChannel: HFS Small T.G.
hash: 1b6ed7995f181ca55d04232fe94cb99e39e57b6daa26e8b3805e8031761d1a3a
2019/12/14 | 18:43:36 | INFO | [32m[2019-12-14 18:43:36 DEBUG	vault_processor][39m\nCustID: 274380001097412
Name: N/A
TradeChannel: N/A
hash: 6078589d225509ac2241b88869f93c9852894ccb5d22eed425969faf19819164
2019/12/14 | 18:43:36 | INFO | [32m[2019-12-14 18:43:36 DEBUG	vault_processor][39m\nCustID: 274380001097441
Name: N/A
TradeChannel: HFS Small T.G.
hash: 8bcacca0fb7c1e0572001cd3f5978ff66332147b260b86f63acfa69ef680dc3c
2019/12/14 | 18:43:36 | INFO | [32m[2019-12-14 18:43:36 DEBUG	vault_processor][39m\nCustID: 274380001097427
Name: N/A
TradeChannel: HFS Small T.G.
hash: 19ace32c01591843eca1cdaab05c91040ab6c4dcf1d3542b806e4e4420f5e126
2019/12/14 | 18:43:36 | INFO | [32m[2019-12-14 18:43:36 DEBUG	vault_processor][39m\nCustID: 274380001097415
Name: N/A
TradeChannel: HFS Small T.G.
hash: cb440a06d4a39a0467bdc63b2cb35df759beabb6c7d29aaa0a7884666c706f08
2019/12/14 | 18:43:36 | INFO | [32m[2019-12-14 18:43:36 DEBUG	vault_processor][39m\nCustID: 274380001097434
Name: N/A
TradeChannel: N/A
hash: c868efc50c9712e3f60ec6e96c1bc61b2799b3161a2fd4a4d3b26ba1cf6fa69f
2019/12/14 | 18:43:36 | INFO | [32m[2019-12-14 18:43:36 DEBUG	vault_processor][39m\nCustID: 274380001097451
Name: N/A
TradeChannel: N/A
hash: d5184ad08884277afea739423ae3586642bc0f7afcfdfd77fea32401d49f76a8
2019/12/14 | 18:43:36 | INFO | [32m[2019-12-14 18:43:36 DEBUG	vault_processor][39m\nCustID: 274380001097480
Name: N/A
TradeChannel: N/A
hash: 006343ae868f50f459dc1d5d234286756c094b9a73bd2e9bac59f6506caebb25
2019/12/14 | 18:43:36 | INFO | [32m[2019-12-14 18:43:36 DEBUG	vault_processor][39m\nCustID: 274380001098653
Name: N/A
TradeChannel: N/A
hash: f1de25faf134b99a11dd74238f4e22cfca71a3dfcaf3408711f5b477efd06fd2
2019/12/14 | 18:43:36 | INFO | [32m[2019-12-14 18:43:36 DEBUG	vault_processor][39m\nCustID: 274380001098188
Name: N/A
TradeChannel: N/A
hash: a689b70daa729d0a3a84c9813d85783842d92ac5564d048b921032cbbabab5a1
2019/12/14 | 18:43:36 | INFO | [32m[2019-12-14 18:43:36 DEBUG	vault_processor][39m\nCustID: 274380001098737
Name: N/A
TradeChannel: N/A
hash: f5baf3b14b4c68ac62d011e7b3a9fc394054bc55c065f41f683abeaa70672d5d
2019/12/14 | 18:43:36 | INFO | [32m[2019-12-14 18:43:36 DEBUG	vault_processor][39m\nCustID: 274380001098896
Name: N/A
TradeChannel: N/A
hash: 86b28da382304672b4367a8ea3c70bbc6d9501951d5276b65c77ae99647b3b43
2019/12/14 | 18:43:36 | INFO | [32m[2019-12-14 18:43:36 DEBUG	vault_processor][39m\nCustID: 274380001098900
Name: N/A
TradeChannel: N/A
hash: 25bf38a7b28295a8ed9f7dd79018b5c9b2830a5a4e71540f15e07aa939a10dcf
2019/12/14 | 18:43:36 | INFO | [32m[2019-12-14 18:43:36 DEBUG	vault_processor][39m\nCustID: 274380001099177
Name: N/A
TradeChannel: N/A
hash: 84068a1033d297a87a06051b933eff90022d9ff68534e7b6b1022a90551974de
2019/12/14 | 18:43:36 | INFO | [32m[2019-12-14 18:43:36 DEBUG	vault_processor][39m\nCustID: 274380001099107
Name: N/A
TradeChannel: N/A
hash: 5611d858c4f370ac801116253695d036d2909b2999a24560c503a3606951e117
2019/12/14 | 18:43:36 | INFO | [32m[2019-12-14 18:43:36 DEBUG	vault_processor][39m\nCustID: 274380001099220
Name: N/A
TradeChannel: N/A
hash: 575ef7031b8ff03a8afd8e587698a7da2066b4ced5f73d77c839e4f92a77c684
2019/12/14 | 18:43:36 | INFO | [32m[2019-12-14 18:43:36 DEBUG	vault_processor][39m\nCustID: 274380001099268
Name: N/A
TradeChannel: N/A
hash: 4e1daebcb74e1a85fd1a1f54a8e8949dc2b1a199fe55fcb8690c2860d594c347
2019/12/14 | 18:43:36 | INFO | [32m[2019-12-14 18:43:36 DEBUG	vault_processor][39m\nCustID: 274380001099271
Name: N/A
TradeChannel: N/A
hash: 0b15277266b4a187bc302a420229324368641d44279ff441828bacd7f0abbb6e
2019/12/14 | 18:43:36 | INFO | [32m[2019-12-14 18:43:36 DEBUG	vault_processor][39m\nCustID: 274380001099278
Name: N/A
TradeChannel: N/A
hash: 3b4637b94015a1244ac761a505fe35454f1e1556a60008a2614aa8713842a3a7
2019/12/14 | 18:43:36 | INFO | [32m[2019-12-14 18:43:36 DEBUG	vault_processor][39m\nCustID: 274380001091551
Name: N/A
TradeChannel: N/A
hash: 061a97946f772f32883e5c3697417db26c21769c0715137fc13958b6280fd58c
2019/12/14 | 18:43:36 | INFO | [32m[2019-12-14 18:43:36 DEBUG	vault_processor][39m\nCustID: 274380001091573
Name: N/A
TradeChannel: N/A
hash: 9300884add3e0398a249d6ceea653b844411ef091db1a3425c114d3452dc2dd4
2019/12/14 | 18:43:36 | INFO | [32m[2019-12-14 18:43:36 DEBUG	vault_processor][39m\nCustID: 274380001092000
Name: N/A
TradeChannel: N/A
hash: 51f159006b97fc6133fb53fb568a1608ff61d6a7d78b91fa0e65a9951dffd409
2019/12/14 | 18:43:36 | INFO | [32m[2019-12-14 18:43:36 DEBUG	vault_processor][39m\nCustID: 274380001097486
Name: N/A
TradeChannel: N/A
hash: 251f21e1f919bfb0b4771d6e4aaa382a4072421d1aa9fc48e5116bdd49c52e0c
2019/12/14 | 18:43:36 | INFO | [32m[2019-12-14 18:43:36 DEBUG	vault_processor][39m\nCustID: 274380001097503
Name: N/A
TradeChannel: HFS Small T.G.
hash: 0e2b37cffe73d087467362a5ce9bbd97ed825a54a64a05fd1fc17973c91714a1
2019/12/14 | 18:43:36 | INFO | [32m[2019-12-14 18:43:36 DEBUG	vault_processor][39m\nCustID: 274380001097508
Name: N/A
TradeChannel: HFS Small T.G.
hash: 3f7aac5ff61b597a2feb54227231d5c9079e6691c193a54cf7957e3735aef3eb
2019/12/14 | 18:43:36 | INFO | [32m[2019-12-14 18:43:36 DEBUG	vault_processor][39m\nCustID: 274380001097510
Name: N/A
TradeChannel: HFS Small T.G.
hash: 1ec928cde6795f6e554b6d9e8871deb607c29dc3458a85b310b2326b992277c2
2019/12/14 | 18:43:36 | INFO | [32m[2019-12-14 18:43:36 DEBUG	vault_processor][39m\nCustID: 274380001097515
Name: N/A
TradeChannel: HFS Small T.G.
hash: 1c9940927a2849304b39c0740de44b4054877b890c11cfa8ca32a7d231e0723a
2019/12/14 | 18:43:36 | INFO | [32m[2019-12-14 18:43:36 DEBUG	vault_processor][39m\nCustID: 274380001097516
Name: N/A
TradeChannel: HFS Small T.G.
hash: 82c3d8f7a4c2b7c167e862dd9aa6f5abd3641992223edf9517389d6ddca86942
2019/12/14 | 18:43:36 | INFO | [32m[2019-12-14 18:43:36 DEBUG	vault_processor][39m\nCustID: 274380001097520
Name: N/A
TradeChannel: N/A
hash: 237e5644b729b014510e5cabeb169dd30787d9b10378794b7780dff1baaf3329
2019/12/14 | 18:43:36 | INFO | [32m[2019-12-14 18:43:36 DEBUG	vault_processor][39m\nCustID: 274380001097522
Name: N/A
TradeChannel: HFS Small T.G.
hash: a1a9a1c2764c2276e99018446a63f8386556848cd69e2f2ad0c2ec607d22c90e
2019/12/14 | 18:43:36 | INFO | [32m[2019-12-14 18:43:36 DEBUG	vault_processor][39m\nCustID: 274380001097530
Name: N/A
TradeChannel: N/A
hash: 5d3a673afa2d66fb8d9ae5954e142ff639b062aadf183d7eccc093253fda30bf
2019/12/14 | 18:43:36 | INFO | [32m[2019-12-14 18:43:36 DEBUG	vault_processor][39m\nCustID: 274380001097535
Name: N/A
TradeChannel: N/A
hash: e0add53eeac4881d12096dd655b1ad1fd0f67660d2babee87694e61b386bb294
2019/12/14 | 18:43:36 | INFO | [32m[2019-12-14 18:43:36 DEBUG	vault_processor][39m\nCustID: 274380001097537
Name: N/A
TradeChannel: N/A
hash: a1e329794ed30206cd6c99430ab22039ae4863e739cefd106d429adfd90bd092
2019/12/14 | 18:43:36 | INFO | [32m[2019-12-14 18:43:36 DEBUG	vault_processor][39m\nCustID: 274380001097540
Name: N/A
TradeChannel: N/A
hash: 086f6970a22f3c9e3ce6647fcefb0377c569906d017d2ac597f9b4d3406d4777
2019/12/14 | 18:43:36 | INFO | [32m[2019-12-14 18:43:36 DEBUG	vault_processor][39m\nCustID: 274380001097542
Name: N/A
TradeChannel: N/A
hash: cdc8f7960e337a4668039bd86f278ef658297dd3c0565c186c0f159d284f2f61
2019/12/14 | 18:43:36 | INFO | [32m[2019-12-14 18:43:36 DEBUG	vault_processor][39m\nCustID: 274380001097546
Name: N/A
TradeChannel: N/A
hash: 67953fd18afd8d8f682a3e7e506a2e0dc464450230db0d1e7ecfbd62163a62ae
2019/12/14 | 18:43:36 | INFO | [32m[2019-12-14 18:43:36 DEBUG	vault_processor][39m\nCustID: 274380001097554
Name: N/A
TradeChannel: N/A
hash: ea3482922f47879041439c3757d177935931444a0ee86519845c0824b9cd4eeb
2019/12/14 | 18:43:36 | INFO | [32m[2019-12-14 18:43:36 DEBUG	vault_processor][39m\nCustID: 274380001097570
Name: N/A
TradeChannel: N/A
hash: 098a1cdc87528291729391ce894f4c61d64fa97944458988e1bca09fcd4af9f4
2019/12/14 | 18:43:36 | INFO | [32m[2019-12-14 18:43:36 DEBUG	vault_processor][39m\nCustID: 274380001097573
Name: N/A
TradeChannel: N/A
hash: ff6c130530e129198574cfd2892f3acb8e7988630e0c194bf0b77234d64ade22
2019/12/14 | 18:43:36 | INFO | [32m[2019-12-14 18:43:36 DEBUG	vault_processor][39m\nCustID: 274380001046023
Name: ALKARAMA
TradeChannel: HFS Small T.G.
hash: 3afc1bfedd611d5a3c27c58b80da4a19854abe009469d10d0a600852e92f5f04
2019/12/14 | 18:43:36 | INFO | [32m[2019-12-14 18:43:36 DEBUG	vault_processor][39m\nCustID: 274380001083677
Name: N/A
TradeChannel: HFS Small T.G.
hash: a85d5af755edccd784ee273f12e3d357520b932327519257ec178aa221063470
2019/12/14 | 18:43:36 | INFO | [32m[2019-12-14 18:43:36 DEBUG	vault_processor][39m\nCustID: 274380001097589
Name: N/A
TradeChannel: N/A
hash: 918f7478c91b9709af12f2016f8bf6678bf82831f5354c3b4fabf2ec8f6a028e
2019/12/14 | 18:43:36 | INFO | [32m[2019-12-14 18:43:36 DEBUG	vault_processor][39m\nCustID: 274380001046010
Name: MUMTAZ
TradeChannel: HFS Small T.G.
hash: ab511746f099ca4a79326f2ea5ab516b8ae6f75c84f315da37a8616cd88fbf8e
2019/12/14 | 18:43:36 | INFO | [32m[2019-12-14 18:43:36 DEBUG	vault_processor][39m\nCustID: 274380001053796
Name: ASL AL DAWAA PHARMACY
TradeChannel: RVO Pharma
hash: 0a9aaffa4e4bbc7804157775b14bf1b520d685c04dddcfd66bfa0a23ecfb4c4c
2019/12/14 | 18:43:36 | INFO | [32m[2019-12-14 18:43:36 DEBUG	vault_processor][39m\nCustID: 274380001094779
Name: N/A
TradeChannel: N/A
hash: badee95dc9cc0f0814b84b1048a2c8ffbaab727727692321441009c5fbde6e70
Continuing to vault_processor.1576349018041.log
