2019/12/14 | 18:59:20 | INFO | [32m[2019-12-14 18:59:20 DEBUG	vault_processor][39m\nCustID: 274380001091566
Name: N/A
TradeChannel: HFS Small T.G.
hash: ac94739481f94b1fb1c2c7cf5a6cdcb5e4b6a79efeb3a05ad7bcc725ffb4a11f
******************************************************************************************
**
** Perfect Logger Logging System
** Application Version          : 1.0
** Perfect-Logger Version       : 1.5.2
** Application Start Time (UTC) : 18:49:52 2019/12/14
**
** Copyright 2018 Team whileLOOP
**
******************************************************************************************
**
** Log Number               : #121
** Continuing from Log File : vault_processor.1576349960068.log
** Log Start Time (UTC)     : 18:59:20 2019/12/14
**
******************************************************************************************
2019/12/14 | 18:59:20 | INFO | [32m[2019-12-14 18:59:20 DEBUG	vault_processor][39m\nCustID: 274380001096837
Name: N/A
TradeChannel: N/A
hash: 680307fa5ce6e6bf6a025cc712d4cc715a533e4202c2b15a65b9673a441bad03
2019/12/14 | 18:59:20 | INFO | [32m[2019-12-14 18:59:20 DEBUG	vault_processor][39m\nCustID: 274380001062376
Name: Danube Co. For Food Stuffs
TradeChannel: National Accounts
hash: fb787d276ac99d338b4104d63d3231a5cde65ca37d84b1c16050d9ab98a0012e
