******************************************************************************************
**
** Perfect Logger Logging System
** Application Version          : 1.0
** Perfect-Logger Version       : 1.5.2
** Application Start Time (UTC) : 18:40:00 2019/12/14
**
** Copyright 2018 Team whileLOOP
**
******************************************************************************************
**
** Log Number               : #48
** Continuing from Log File : vault_processor.1576348973805.log
** Log Start Time (UTC)     : 18:42:53 2019/12/14
**
******************************************************************************************
2019/12/14 | 18:42:53 | INFO | [32m[2019-12-14 18:42:53 DEBUG	vault_processor][39m\nCustID: 274380001083966
Name: N/A
TradeChannel: HFS Small T.G.
hash: 8fb075477344b6dbc746e71fce756b21cc11eacbbcf2daf749a1c43ac94270a9
2019/12/14 | 18:42:53 | INFO | [32m[2019-12-14 18:42:53 DEBUG	vault_processor][39m\nCustID: 274380001085201
Name: N/A
TradeChannel: HFS Small T.G.
hash: 2808071eda6c51c26977d2fc53faa4fe78386df2a74129cb537110a32827744f
2019/12/14 | 18:42:53 | INFO | [32m[2019-12-14 18:42:53 DEBUG	vault_processor][39m\nCustID: 274380001086318
Name: N/A
TradeChannel: HFS Small T.G.
hash: 125f5699fd9d27da39d8ceabe2cdf3bd41f81417cf4591aa0ec90728117f282f
2019/12/14 | 18:42:53 | INFO | [32m[2019-12-14 18:42:53 DEBUG	vault_processor][39m\nCustID: 274380001051588
Name: ALTOWIRQI
TradeChannel: HFS Small T.G.
hash: afecf6ccbc68def77552373933646a0911fa10deb5755a3133dcadca1d57d5e1
2019/12/14 | 18:42:53 | INFO | [32m[2019-12-14 18:42:53 DEBUG	vault_processor][39m\nCustID: 274380001051461
Name: BAWABAT JEDDAH
TradeChannel: HFS Small T.G.
hash: cea59a56c2205d2625f4de66a84c76fb45f2369edd929705ef58b4d1a34b579d
2019/12/14 | 18:42:53 | INFO | [32m[2019-12-14 18:42:53 DEBUG	vault_processor][39m\nCustID: 274380001090117
Name: N/A
TradeChannel: HFS Small T.G.
hash: 3492b7770e2642fdd34f0ac2c50de1b75315d4402dfd14647affe8af2bb03bad
2019/12/14 | 18:42:53 | INFO | [32m[2019-12-14 18:42:53 DEBUG	vault_processor][39m\nCustID: 274380001051692
Name: LARA EL SHARQ
TradeChannel: HFS Small T.G.
hash: 3ab98095dfabf181d36817bc43985d55a1070dd29a76487093d980631a4566bd
2019/12/14 | 18:42:53 | INFO | [32m[2019-12-14 18:42:53 DEBUG	vault_processor][39m\nCustID: 274380001051715
Name: HAMAD HAMDAN
TradeChannel: HFS Small T.G.
hash: c9bea3b83e683e7001a7f6767e5980f7c27c5b9eb26ef6aef1d885386d131c8e
2019/12/14 | 18:42:53 | INFO | [32m[2019-12-14 18:42:53 DEBUG	vault_processor][39m\nCustID: 274380001051817
Name: AL TOHAMY
TradeChannel: HFS Small T.G.
hash: d6f7612267572abfc5d6ece72637eea9d14be54c953c176ac1bb8318c821c0ca
2019/12/14 | 18:42:53 | INFO | [32m[2019-12-14 18:42:53 DEBUG	vault_processor][39m\nCustID: 274380001051908
Name: ALSALAM MALL
TradeChannel: HFS Small T.G.
hash: 06161e2d44b7d0cd3c438e42b18ec02fbdb878852c833d3606b6cac3e287abc2
2019/12/14 | 18:42:53 | INFO | [32m[2019-12-14 18:42:53 DEBUG	vault_processor][39m\nCustID: 274380001051989
Name: AJYAL ALGHAD STORE
TradeChannel: HFS Small T.G.
hash: cbe42bab8dd5a53cd8f70691a4ca296c831468d1ba6eecee9af2b752ca77f9e1
2019/12/14 | 18:42:53 | INFO | [32m[2019-12-14 18:42:53 DEBUG	vault_processor][39m\nCustID: 274380001052071
Name: ALBELADY
TradeChannel: HFS Small T.G.
hash: 1dbb8aabe743ff0ed1c3bacec740e0fa279e7d6f2e63d001854a8c2b2bd9d117
2019/12/14 | 18:42:53 | INFO | [32m[2019-12-14 18:42:53 DEBUG	vault_processor][39m\nCustID: 274380001052213
Name: Al Madai
TradeChannel: HFS Small T.G.
hash: fa5a30c6f3851066f4987584a9040cc6d2124620b05751a0223545eee4ef697b
2019/12/14 | 18:42:53 | INFO | [32m[2019-12-14 18:42:53 DEBUG	vault_processor][39m\nCustID: 274380001052611
Name: ALRASHEED
TradeChannel: HFS Small T.G.
hash: 09ce9869521a13a4f3e97d8b87c48174bba35c2acd422bd0f48f6afdeff4f3b0
2019/12/14 | 18:42:53 | INFO | [32m[2019-12-14 18:42:53 DEBUG	vault_processor][39m\nCustID: 274380001052622
Name: ALJAFARI STATION
TradeChannel: HFS Small T.G.
hash: 50eff4bf8c27c6742d74deedf46e3c858739043f56c4ff39ad37f0c4b3ad6aa9
2019/12/14 | 18:42:53 | INFO | [32m[2019-12-14 18:42:53 DEBUG	vault_processor][39m\nCustID: 274380001052660
Name: ALMOKHATAT
TradeChannel: HFS Small T.G.
hash: 26ebbafa684965873d5342b521103807d301a53444a31f189b109fc2609e4b52
2019/12/14 | 18:42:53 | INFO | [32m[2019-12-14 18:42:53 DEBUG	vault_processor][39m\nCustID: 274380001052717
Name: BAKERU AND STORES ALRABEA
TradeChannel: HFS Small T.G.
hash: ad353bc94bf57f4ea7242b7050f2e936db652359e852d9e216169392da9ebe94
2019/12/14 | 18:42:53 | INFO | [32m[2019-12-14 18:42:53 DEBUG	vault_processor][39m\nCustID: 274380001063001
Name: ALESDRAH
TradeChannel: HFS Small T.G.
hash: ddcc2c7661675433c44c46cafd32ad35e58dfec8dec73f55aec0c86c2ab44cb7
2019/12/14 | 18:42:53 | INFO | [32m[2019-12-14 18:42:53 DEBUG	vault_processor][39m\nCustID: 274380001080455
Name: N/A
TradeChannel: HFS Small T.G.
hash: a7ff9d218a76ccd1c619ef0627cb712fb1785aea6c40a16533a64dceb5691e3a
2019/12/14 | 18:42:55 | INFO | [32m[2019-12-14 18:42:55 DEBUG	vault_processor][39m\nCustID: 274380001080455
Name: N/A
TradeChannel: HFS Small T.G.
hash: a7ff9d218a76ccd1c619ef0627cb712fb1785aea6c40a16533a64dceb5691e3a
2019/12/14 | 18:42:55 | INFO | [32m[2019-12-14 18:42:55 DEBUG	vault_processor][39m\nCustID: 274380001068444
Name: SALMA MUHAMMED HMDAN ALONIZY
TradeChannel: HFS Small T.G.
hash: e2ec8bbfed247cdb36a40cedb946750c00b7ade78b2cb0970043f07fa9e02357
2019/12/14 | 18:42:55 | INFO | [32m[2019-12-14 18:42:55 DEBUG	vault_processor][39m\nCustID: 274380001081662
Name: N/A
TradeChannel: HFS Small T.G.
hash: 8ff1f1e1eea9bf35cbe7f35912b8f3db7087af2bd537c313faafed834cd62e96
2019/12/14 | 18:42:55 | INFO | [32m[2019-12-14 18:42:55 DEBUG	vault_processor][39m\nCustID: 274380001090269
Name: N/A
TradeChannel: HFS Small T.G.
hash: e7f54afc1a255d3d940aec5e898fd844fabede5a97c185ac1a8339635fbddd8d
2019/12/14 | 18:42:55 | INFO | [32m[2019-12-14 18:42:55 DEBUG	vault_processor][39m\nCustID: 274380001043911
Name: Mohammed Saeed Mohammed Balubaid Trading
TradeChannel: WS-RTL
hash: 73af74afee827920ba47fb83f1b3e150fe32e54ac7bb7147546e23285a8bb22d
2019/12/14 | 18:42:55 | INFO | [32m[2019-12-14 18:42:55 DEBUG	vault_processor][39m\nCustID: 274380001044097
Name: MOHAMMED ABDOLLAH GARULLOH
TradeChannel: Wholesaler
hash: c7d73f90079b97b16297478c1cb5011b669dd8f7daf2eb78ac180c740cbf03b8
2019/12/14 | 18:42:55 | INFO | [32m[2019-12-14 18:42:55 DEBUG	vault_processor][39m\nCustID: 274380001049871
Name: AWAFY
TradeChannel: HFS Small T.G.
hash: 45c887f1564810537d2bff387aaefa9db99262c124b84cecd05d62a11626a8ab
2019/12/14 | 18:42:55 | INFO | [32m[2019-12-14 18:42:55 DEBUG	vault_processor][39m\nCustID: 274380001050304
Name: FAHED BADR ALANZY
TradeChannel: HFS Small T.G.
hash: 1a9d177f2d2281b86bcaf1922ffefa784baed8e41bf8893f7651fece19fa4545
2019/12/14 | 18:42:55 | INFO | [32m[2019-12-14 18:42:55 DEBUG	vault_processor][39m\nCustID: 274380001050902
Name: WATANY STORE
TradeChannel: HFS Small T.G.
hash: 1af7aeceb8649eba8ac9cff89256819b628f733cd92de4f12b626bcc84abe2b9
2019/12/14 | 18:42:55 | INFO | [32m[2019-12-14 18:42:55 DEBUG	vault_processor][39m\nCustID: 274380001051216
Name: ALUSRAH
TradeChannel: HFS Small T.G.
hash: 217b38f88ca49dbc24cb6838caba73ee461e142c1350ad7777db85c5cb9e21ff
2019/12/14 | 18:42:55 | INFO | [32m[2019-12-14 18:42:55 DEBUG	vault_processor][39m\nCustID: 274380001089710
Name: N/A
TradeChannel: HFS Small T.G.
hash: 63f3e4c70c68c8c0139b3ee12468a28a179aece79701efd6fc8f5cab2bffc37f
2019/12/14 | 18:42:55 | INFO | [32m[2019-12-14 18:42:55 DEBUG	vault_processor][39m\nCustID: 274380001090569
Name: N/A
TradeChannel: HFS Small T.G.
hash: a3a60f0f59af6750983a145713cc136dfc10877b0c9dde355d88078769386baa
2019/12/14 | 18:42:55 | INFO | [32m[2019-12-14 18:42:55 DEBUG	vault_processor][39m\nCustID: 274380001030049
Name: allulu al satie Trading & Import Co.
TradeChannel: Wholesaler
hash: b04355d22436dcb30ed490eb57c388383b0f083f2d1bdcf0a610cf10f8bdb8d3
2019/12/14 | 18:42:55 | INFO | [32m[2019-12-14 18:42:55 DEBUG	vault_processor][39m\nCustID: 274380001030044
Name: Matajer Alwatan
TradeChannel: Wholesaler
hash: 779942ecf0dea594fd386c8b8085401fbcaa9afcfbb4897fceab86bd141fe33b
2019/12/14 | 18:42:55 | INFO | [32m[2019-12-14 18:42:55 DEBUG	vault_processor][39m\nCustID: 274380001052770
Name: ALJAWHRAH
TradeChannel: HFS Small T.G.
hash: f4c6a7428ad6380323cad49b063d6b3da7f8a31176ae0fe2fc62a618786708ca
2019/12/14 | 18:42:55 | INFO | [32m[2019-12-14 18:42:55 DEBUG	vault_processor][39m\nCustID: 274380001052778
Name: ALASHEMI
TradeChannel: HFS Small T.G.
hash: 391328c0a780c59d81795c8e486aac64af73c73cfd9dc3e47e6c1be2c1d22a0b
2019/12/14 | 18:42:55 | INFO | [32m[2019-12-14 18:42:55 DEBUG	vault_processor][39m\nCustID: 274380001052844
Name: ALMAYDAH
TradeChannel: HFS Small T.G.
hash: cb85930e25fe5483b6688d93ce405021dc83a5af6c70c81618b64810f73248dd
2019/12/14 | 18:42:55 | INFO | [32m[2019-12-14 18:42:55 DEBUG	vault_processor][39m\nCustID: 274380001052903
Name: ALGAWHRH
TradeChannel: HFS Small T.G.
hash: bc6e792a1833609b38bc03883ebdc4580f6ef76ef6736f0ca8c202395b5a7813
2019/12/14 | 18:42:55 | INFO | [32m[2019-12-14 18:42:55 DEBUG	vault_processor][39m\nCustID: 274380001053083
Name: ALAJWAD 2
TradeChannel: HFS Small T.G.
hash: 91565249c670b271633704471eace157cbb2faf4d41c79bac9a532804f2e2f4b
2019/12/14 | 18:42:55 | INFO | [32m[2019-12-14 18:42:55 DEBUG	vault_processor][39m\nCustID: 274380001053102
Name: ALSAUDYAH STORES
TradeChannel: HFS Small T.G.
hash: bedbe7ac27ce2d72b0541a68d0077e75e5a43ebe2426942e339e34d6b4f2b551
2019/12/14 | 18:42:55 | INFO | [32m[2019-12-14 18:42:55 DEBUG	vault_processor][39m\nCustID: 274380001053110
Name: ALHODA MARKETS
TradeChannel: HFS Small T.G.
hash: 314c7d13d585173cd31a99c61eab7db85324f73eb519c721fc0c12455831c0e7
2019/12/14 | 18:42:55 | INFO | [32m[2019-12-14 18:42:55 DEBUG	vault_processor][39m\nCustID: 274380001053136
Name: ALJAWHRAH
TradeChannel: HFS Small T.G.
hash: fc59351de1056413f0a452e6feeeb7fe5c8d0c58143eb26e16e3ffa1dad73b89
2019/12/14 | 18:42:55 | INFO | [32m[2019-12-14 18:42:55 DEBUG	vault_processor][39m\nCustID: 274380001053154
Name: ALHARAS ALMALKY
TradeChannel: HFS Small T.G.
hash: cf27f2396c5892018114cd18dfeb65a26a824a406509a1683d945b2012332b97
Continuing to vault_processor.1576348975626.log
