******************************************************************************************
**
** Perfect Logger Logging System
** Application Version          : 1.0
** Perfect-Logger Version       : 1.5.2
** Application Start Time (UTC) : 18:40:00 2019/12/14
**
** Copyright 2018 Team whileLOOP
**
******************************************************************************************
**
** Log Number               : #105
** Continuing from Log File : vault_processor.1576349018827.log
** Log Start Time (UTC)     : 18:43:38 2019/12/14
**
******************************************************************************************
2019/12/14 | 18:43:38 | INFO | [32m[2019-12-14 18:43:38 DEBUG	vault_processor][39m\nCustID: 274380001094779
Name: N/A
TradeChannel: N/A
hash: badee95dc9cc0f0814b84b1048a2c8ffbaab727727692321441009c5fbde6e70
2019/12/14 | 18:43:38 | INFO | [32m[2019-12-14 18:43:38 DEBUG	vault_processor][39m\nCustID: 274380001094870
Name: N/A
TradeChannel: N/A
hash: 1d1b18fc2268c061e6fe5a1ef9b60c10d96f1485243dbf2bcc4c55d5f8f64db3
2019/12/14 | 18:43:38 | INFO | [32m[2019-12-14 18:43:38 DEBUG	vault_processor][39m\nCustID: 274380001095240
Name: N/A
TradeChannel: N/A
hash: fcad36e83d5f57353a031be7e40517ce59333414b1b4d0f77dd1ddf7cdaf7ef3
2019/12/14 | 18:43:38 | INFO | [32m[2019-12-14 18:43:38 DEBUG	vault_processor][39m\nCustID: 274380001094620
Name: N/A
TradeChannel: N/A
hash: ef556fab9bce992169913a0e920e769e5f07f76e854fc02b8b42c08cee7b8749
2019/12/14 | 18:43:38 | INFO | [32m[2019-12-14 18:43:38 DEBUG	vault_processor][39m\nCustID: 274380001085237
Name: Dr. Abdullah Mohammed Al Mezher Pharmacy
TradeChannel: RVO Pharma
hash: 660019feec7999481f15bbb26279baaa05c4bf825e706a1a0006899219198763
2019/12/14 | 18:43:38 | INFO | [32m[2019-12-14 18:43:38 DEBUG	vault_processor][39m\nCustID: 274380001085332
Name: N/A
TradeChannel: RVO Pharma
hash: 07b12da0b5c9f7e3e523f1a6e474befc2f1f3839d9c740181ad602f5dbcab547
2019/12/14 | 18:43:38 | INFO | [32m[2019-12-14 18:43:38 DEBUG	vault_processor][39m\nCustID: 274380001086062
Name: N/A
TradeChannel: HFS Small T.G.
hash: 82d2d085ff2ce382d72a998a5b33cbfac6094a021e9abfa9b746657f9c54ed02
2019/12/14 | 18:43:38 | INFO | [32m[2019-12-14 18:43:38 DEBUG	vault_processor][39m\nCustID: 274380001085482
Name: N/A
TradeChannel: HFS Small T.G.
hash: ddbe63a7b07e35e577e52cd67d5f620c07e7f7d39c868fa9a6dcdbb7c149e6e8
2019/12/14 | 18:43:38 | INFO | [32m[2019-12-14 18:43:38 DEBUG	vault_processor][39m\nCustID: 274380001089147
Name: N/A
TradeChannel: HFS Small T.G.
hash: 004a8ea0d3ddf472f6fe55b05d9ca23632e4ee47f475f568ccc0413fb9bc59d2
2019/12/14 | 18:43:38 | INFO | [32m[2019-12-14 18:43:38 DEBUG	vault_processor][39m\nCustID: 274380001089918
Name: N/A
TradeChannel: HFS Small T.G.
hash: 095fa24aba123026f2f26eeb8e95f5a63ab5a76b0c5795f2ac06122954d2a8e9
2019/12/14 | 18:43:38 | INFO | [32m[2019-12-14 18:43:38 DEBUG	vault_processor][39m\nCustID: 274380001080922
Name: N/A
TradeChannel: HFS Small T.G.
hash: fd325f81ec5e1841d04af5ff598279bc0b0e2e6055d9618a5857b0baaeb8b2b3
2019/12/14 | 18:43:38 | INFO | [32m[2019-12-14 18:43:38 DEBUG	vault_processor][39m\nCustID: 274380001046502
Name: AL AMJAD EST
TradeChannel: Wholesaler
hash: 1c3c45f120562d402c0228bd973f1901274e59440bc236bb15279bd3257175a6
2019/12/14 | 18:43:39 | INFO | [32m[2019-12-14 18:43:39 DEBUG	vault_processor][39m\nCustID: 274380001046522
Name: SALMAN FARHAN ALKHALEDI
TradeChannel: HFS Small T.G.
hash: 26c8afb0598aa2cac4fee5d02ba415a430a899fcf962525a6e27d89c4407c684
2019/12/14 | 18:43:39 | INFO | [32m[2019-12-14 18:43:39 DEBUG	vault_processor][39m\nCustID: 274380001047821
Name: EMAD
TradeChannel: HFS Small T.G.
hash: d6421d873c20eb894f2ff16d6f34c03fa88fbe1e7690a91c232feb17afba3b9c
2019/12/14 | 18:43:39 | INFO | [32m[2019-12-14 18:43:39 DEBUG	vault_processor][39m\nCustID: 274380001097654
Name: N/A
TradeChannel: N/A
hash: 4d1a9ac3d5640ea01c33c8abc995f4991992c7b79461e43102fbe41c7ae36c27
2019/12/14 | 18:43:39 | INFO | [32m[2019-12-14 18:43:39 DEBUG	vault_processor][39m\nCustID: 274380001097681
Name: N/A
TradeChannel: N/A
hash: 17ebf74995364d43005c98fb2002609ef96a10465e4aeb07edb403689979883c
2019/12/14 | 18:43:39 | INFO | [32m[2019-12-14 18:43:39 DEBUG	vault_processor][39m\nCustID: 274380001097682
Name: N/A
TradeChannel: N/A
hash: 751073652f689e7a6a337d1479d8595a2520785bbcb7e0e9c6c87a48d3f13320
2019/12/14 | 18:43:39 | INFO | [32m[2019-12-14 18:43:39 DEBUG	vault_processor][39m\nCustID: 274380001097665
Name: N/A
TradeChannel: HFS Small T.G.
hash: 1a0175899e7642c7f67dd82bd46737e2a18c4191684010ef961fdf51388a60ed
2019/12/14 | 18:43:39 | INFO | [32m[2019-12-14 18:43:39 DEBUG	vault_processor][39m\nCustID: 274380001097674
Name: N/A
TradeChannel: N/A
hash: 22f45eae8a7c31dd8a83004af249b8b783c563dbae1075e693eff97702bfab0b
2019/12/14 | 18:43:39 | INFO | [32m[2019-12-14 18:43:39 DEBUG	vault_processor][39m\nCustID: 274380001097699
Name: N/A
TradeChannel: N/A
hash: 12dad0b21ed4ed894471e66a4d11923fa350f14176b0addcc61751fba5b37b30
2019/12/14 | 18:43:39 | INFO | [32m[2019-12-14 18:43:39 DEBUG	vault_processor][39m\nCustID: 274380001097711
Name: N/A
TradeChannel: N/A
hash: 14b18687b8dc5447e968494158971ffd8ed2eef8f83ffc9970b339d87ee873fe
2019/12/14 | 18:43:39 | INFO | [32m[2019-12-14 18:43:39 DEBUG	vault_processor][39m\nCustID: 274380001097718
Name: N/A
TradeChannel: N/A
hash: e8837dd026f6fab2b24cf88d913145ed90604840bd29d511f812f3cc12a1de77
2019/12/14 | 18:43:39 | INFO | [32m[2019-12-14 18:43:39 DEBUG	vault_processor][39m\nCustID: 274380001097767
Name: N/A
TradeChannel: N/A
hash: 7254608fe4fe38f0102cf5d18d3985a923f068a1b312972654f8ed4983531d17
2019/12/14 | 18:43:39 | INFO | [32m[2019-12-14 18:43:39 DEBUG	vault_processor][39m\nCustID: 274380001097772
Name: N/A
TradeChannel: N/A
hash: 24cedf94980b94bc0f42811247a141944aeecc957482129493a26e7ce2b3e8e5
2019/12/14 | 18:43:39 | INFO | [32m[2019-12-14 18:43:39 DEBUG	vault_processor][39m\nCustID: 274380001097793
Name: N/A
TradeChannel: HFS Small T.G.
hash: 43632c635da0be3723c10d49359b68739889ae91f654f7c609c0da71b5a70a74
2019/12/14 | 18:43:39 | INFO | [32m[2019-12-14 18:43:39 DEBUG	vault_processor][39m\nCustID: 274380001097914
Name: N/A
TradeChannel: N/A
hash: 8a5283d3783a7d441c0b3259c24f6de00c2c3669b759fa9b006238924c6cffc2
2019/12/14 | 18:43:39 | INFO | [32m[2019-12-14 18:43:39 DEBUG	vault_processor][39m\nCustID: 274380001097915
Name: N/A
TradeChannel: N/A
hash: c98fc0b9e07ca5c566cee789e03d461f6aaacddb06b8ee0981cf7bcc635ca2f8
2019/12/14 | 18:43:39 | INFO | [32m[2019-12-14 18:43:39 DEBUG	vault_processor][39m\nCustID: 274380001097934
Name: N/A
TradeChannel: HFS Small T.G.
hash: 68ebbeadbb0372170c813d8ffc1f11b40ba084f28a22eaa8e17885800ea0b5af
2019/12/14 | 18:43:39 | INFO | [32m[2019-12-14 18:43:39 DEBUG	vault_processor][39m\nCustID: 274380001097939
Name: N/A
TradeChannel: N/A
hash: b66d99d14ccb8c7cc39dca2fb57ff543da0967ddc22d14eed3c8f98d1ca57d1e
2019/12/14 | 18:43:39 | INFO | [32m[2019-12-14 18:43:39 DEBUG	vault_processor][39m\nCustID: 274380001097951
Name: N/A
TradeChannel: N/A
hash: 1e2f9c147d8d030a719ffef53509d7a92ec4ad058672e72ecc57acdb99d6834e
2019/12/14 | 18:43:39 | INFO | [32m[2019-12-14 18:43:39 DEBUG	vault_processor][39m\nCustID: 274380001099301
Name: N/A
TradeChannel: N/A
hash: 60787b8338bfe8b6050cfc636b537ab7678ea77dac4581f01ac875c68421141e
2019/12/14 | 18:43:39 | INFO | [32m[2019-12-14 18:43:39 DEBUG	vault_processor][39m\nCustID: 274380001097960
Name: N/A
TradeChannel: N/A
hash: 235cd2bc0cd602cb69e8e8628b13d74632f1f2a3e57f0990f21e6c8f42463ed7
2019/12/14 | 18:43:39 | INFO | [32m[2019-12-14 18:43:39 DEBUG	vault_processor][39m\nCustID: 274380001099280
Name: N/A
TradeChannel: N/A
hash: 8f64b16a451cfc6f55b9dc460679fe16eb8efe9fec62ae17cf641305ca492e2b
2019/12/14 | 18:43:39 | INFO | [32m[2019-12-14 18:43:39 DEBUG	vault_processor][39m\nCustID: 274380001099292
Name: N/A
TradeChannel: N/A
hash: 95b61050360de3f76e0337d3c169528b7ded48c5713787cd770ee0f0a7862610
2019/12/14 | 18:43:39 | INFO | [32m[2019-12-14 18:43:39 DEBUG	vault_processor][39m\nCustID: 274380001099367
Name: N/A
TradeChannel: N/A
hash: a4ab60e69bd0440a7c1ba35a557e6ffe5c25bb1d339fca15900672b93afb1afa
2019/12/14 | 18:43:39 | INFO | [32m[2019-12-14 18:43:39 DEBUG	vault_processor][39m\nCustID: 274380001099979
Name: N/A
TradeChannel: N/A
hash: 8e3268b55574a97a45d099bd00d9bf2e7c3b5bd7e128406570217e4011ed1aab
2019/12/14 | 18:43:39 | INFO | [32m[2019-12-14 18:43:39 DEBUG	vault_processor][39m\nCustID: 274380001100004
Name: N/A
TradeChannel: N/A
hash: 8b12b0058ed210176b6700374ed0c1d36cca29a5e56037715bb153b69e319fed
2019/12/14 | 18:43:39 | INFO | [32m[2019-12-14 18:43:39 DEBUG	vault_processor][39m\nCustID: 274380001100023
Name: N/A
TradeChannel: N/A
hash: ab41f9de50bdc608700ff0e6b0e15f35193a7a6501c12ff094a16e0c04056b89
2019/12/14 | 18:43:39 | INFO | [32m[2019-12-14 18:43:39 DEBUG	vault_processor][39m\nCustID: 274380001061076
Name: ALRABEASH
TradeChannel: HFS Small T.G.
hash: 8c661419d3da0a0f5b601db2f93acbf96cb218ef49af6c2dda51b11b9a14f304
2019/12/14 | 18:43:39 | INFO | [32m[2019-12-14 18:43:39 DEBUG	vault_processor][39m\nCustID: 274380001095982
Name: N/A
TradeChannel: N/A
hash: 7382aba72046549a60a19cd44123209d6f0b572bb2af411f9cd61454f8ca0af5
2019/12/14 | 18:43:39 | INFO | [32m[2019-12-14 18:43:39 DEBUG	vault_processor][39m\nCustID: 274380001095983
Name: N/A
TradeChannel: N/A
hash: afb387c8e2294c4e0630cd1f62c424edb97768da7f88555e43af035394274c6a
2019/12/14 | 18:43:39 | INFO | [32m[2019-12-14 18:43:39 DEBUG	vault_processor][39m\nCustID: 274380001096007
Name: N/A
TradeChannel: N/A
hash: d813f805f58d954618eef8b8c6c1c551f4c51a55d1544d6b37ac2c03e016c6fa
2019/12/14 | 18:43:39 | INFO | [32m[2019-12-14 18:43:39 DEBUG	vault_processor][39m\nCustID: 274380001096497
Name: N/A
TradeChannel: N/A
hash: c42703d02b30823fff3beddb6c6d3c4adde30f1eca6fd5ecf27c8bb4e095da43
2019/12/14 | 18:43:39 | INFO | [32m[2019-12-14 18:43:39 DEBUG	vault_processor][39m\nCustID: 274380001096600
Name: N/A
TradeChannel: N/A
hash: 243203eef5b6cd95ff9772b22a557baf76edd132f45bdd0d9b4952d9127b3699
Continuing to vault_processor.1576349019326.log
