******************************************************************************************
**
** Perfect Logger Logging System
** Application Version          : 1.0
** Perfect-Logger Version       : 1.5.2
** Application Start Time (UTC) : 18:40:00 2019/12/14
**
** Copyright 2018 Team whileLOOP
**
******************************************************************************************
**
** Log Number               : #73
** Continuing from Log File : vault_processor.1576348991910.log
** Log Start Time (UTC)     : 18:43:11 2019/12/14
**
******************************************************************************************
2019/12/14 | 18:43:11 | INFO | [32m[2019-12-14 18:43:11 DEBUG	vault_processor][39m\nCustID: 274380001074280
Name: Remas
TradeChannel: HFS Small T.G.
hash: a7a3d6a264791f945b43f5bf90610292a48289bff5d159547a35e48e82f2ba91
2019/12/14 | 18:43:11 | INFO | [32m[2019-12-14 18:43:11 DEBUG	vault_processor][39m\nCustID: 274380001030086
Name: FARM SUPERSTORES
TradeChannel: National Accounts
hash: 4ebbabcf519ee18222c78f811d26dc6c01892d69ed8a7f2206bd03382467a7ba
2019/12/14 | 18:43:11 | INFO | [32m[2019-12-14 18:43:11 DEBUG	vault_processor][39m\nCustID: 274380001076598
Name: Toma
TradeChannel: HFS Small T.G.
hash: faf2bb903cd11bb17880584fe9fd2a174435fa252153dc66183c924ec1bb07c2
2019/12/14 | 18:43:11 | INFO | [32m[2019-12-14 18:43:11 DEBUG	vault_processor][39m\nCustID: 274380001043912
Name: ABDULLAH AL OTHAIM COMMERCIAL COMPANY
TradeChannel: National Accounts
hash: ec8728fb2a85f241b739a8b08793bf0fecceca00d71983ca7f4b92f78a52a7c7
2019/12/14 | 18:43:11 | INFO | [32m[2019-12-14 18:43:11 DEBUG	vault_processor][39m\nCustID: 274380001030109
Name: TAMIMI COMPANY
TradeChannel: National Accounts
hash: 8ce4d97cdf464df216aae8d9c66c2b0031609f94dd6334129f5da6bb0a751f4f
2019/12/14 | 18:43:11 | INFO | [32m[2019-12-14 18:43:11 DEBUG	vault_processor][39m\nCustID: 274380001043990
Name: Omar Saleh Babkr & Partners Company
TradeChannel: Wholesaler
hash: 1687d5b75875a5dc3338edf88459c11622d800780cf4c167aa2d943a7b153a87
2019/12/14 | 18:43:11 | INFO | [32m[2019-12-14 18:43:11 DEBUG	vault_processor][39m\nCustID: 274380001044203
Name: MANDAREN FOR FOODS
TradeChannel: MT Tier 2
hash: 69d2e9ee307db898b6234761665e0d8c2bab25a11b1286d7a7d359afa3fc72f2
2019/12/14 | 18:43:11 | INFO | [32m[2019-12-14 18:43:11 DEBUG	vault_processor][39m\nCustID: 274380001044925
Name: Mari Bin Mubarak Bin Mahfouz & Partners
TradeChannel: MT Tier 2
hash: 25cd796e15a82858fbc7fe99c67bd7e60a639f6761f70c66008e071cfd86b2ec
2019/12/14 | 18:43:11 | INFO | [32m[2019-12-14 18:43:11 DEBUG	vault_processor][39m\nCustID: 274380001044526
Name: LALAAT ALNOJOOM TRADING COMPANY
TradeChannel: Wholesaler
hash: 2ec2bc259a0d4ae8bd07a0a84a61b89254aca70b2519e69bb7e4b20fed51bfb6
2019/12/14 | 18:43:11 | INFO | [32m[2019-12-14 18:43:11 DEBUG	vault_processor][39m\nCustID: 274380001044299
Name: AL SAMAKAH TRADING EST
TradeChannel: Self Service T.G
hash: d214dc9b2a57c9a4b0f26a227f1b118dfb112da0cf9c467c2f419266b5990b71
2019/12/14 | 18:43:11 | INFO | [32m[2019-12-14 18:43:11 DEBUG	vault_processor][39m\nCustID: 274380001044266
Name: AL HALAWANI FRIDGE
TradeChannel: Wholesaler
hash: a539c515800a1b870bbc965b219cd27f1ac2e79986b8b666e4b0210983b65b2e
2019/12/14 | 18:43:11 | INFO | [32m[2019-12-14 18:43:11 DEBUG	vault_processor][39m\nCustID: 274380001044237
Name: Arabic Marketing Company - Euromarchia
TradeChannel: MT Tier 2
hash: 97964606b15e3a581ab22be4867a2e145c1710ff9ab7acac93c16412b11b5789
2019/12/14 | 18:43:11 | INFO | [32m[2019-12-14 18:43:11 DEBUG	vault_processor][39m\nCustID: 274380001044676
Name: Rameez Inet'l. Tdg. Co.
TradeChannel: MT Tier 2
hash: ddaa051af5598f8f482f1310d7f4fc6dfab211d377848a7eb3161d06a2fdad00
2019/12/14 | 18:43:11 | INFO | [32m[2019-12-14 18:43:11 DEBUG	vault_processor][39m\nCustID: 274380001045286
Name: ZAIN ALABEDEEN
TradeChannel: HFS Small T.G.
hash: 0affd1ca571b2ef6efd54ad4f2c7eac8884b5f19f2cac7ae95975dc1a7078fd1
2019/12/14 | 18:43:12 | INFO | [32m[2019-12-14 18:43:12 DEBUG	vault_processor][39m\nCustID: 274380001043995
Name:  PANDA
TradeChannel: National Accounts
hash: 2f256630f520201f54d2ac248e6ac94809030b3c6885502a24c0c1c97b8f2b35
2019/12/14 | 18:43:13 | INFO | [32m[2019-12-14 18:43:13 DEBUG	vault_processor][39m\nCustID: 274380001045286
Name: ZAIN ALABEDEEN
TradeChannel: HFS Small T.G.
hash: 0affd1ca571b2ef6efd54ad4f2c7eac8884b5f19f2cac7ae95975dc1a7078fd1
2019/12/14 | 18:43:13 | INFO | [32m[2019-12-14 18:43:13 DEBUG	vault_processor][39m\nCustID: 274380001045320
Name: ALMOLOHI TO FOOD
TradeChannel: Semi-Wholesaler T.G
hash: 980fb70e7e070973cf961544f62c4a3f3caf8c078aa5b93d2fccec5d2c1f5b31
2019/12/14 | 18:43:13 | INFO | [32m[2019-12-14 18:43:13 DEBUG	vault_processor][39m\nCustID: 274380001045919
Name: IMAN LUTF ALDIN KHOJAH TRD EST
TradeChannel: Wholesaler
hash: 98775054c06f14bdac45095935f094460f42161befec584e604e6115c0afa2d1
2019/12/14 | 18:43:13 | INFO | [32m[2019-12-14 18:43:13 DEBUG	vault_processor][39m\nCustID: 274380001046522
Name: SALMAN FARHAN ALKHALEDI
TradeChannel: HFS Small T.G.
hash: 26c8afb0598aa2cac4fee5d02ba415a430a899fcf962525a6e27d89c4407c684
2019/12/14 | 18:43:13 | INFO | [32m[2019-12-14 18:43:13 DEBUG	vault_processor][39m\nCustID: 274380001047012
Name: Al Mulbari Trading Est.
TradeChannel: HFS Small T.G.
hash: 4d6fc181322a479ee60144ffdf4ed2a9b36f603e365ac803c94184157745572d
2019/12/14 | 18:43:13 | INFO | [32m[2019-12-14 18:43:13 DEBUG	vault_processor][39m\nCustID: 274380001048162
Name: TAMWINAT BAMBER
TradeChannel: HFS Small T.G.
hash: d0af9b2cb87aeefc713082c1b481efa93b23d50246d42699de5c6c86a624ef7e
2019/12/14 | 18:43:13 | INFO | [32m[2019-12-14 18:43:13 DEBUG	vault_processor][39m\nCustID: 274380001050747
Name: ALABAD
TradeChannel: HFS Small T.G.
hash: a59df966c07fd702cdecd40ab411f7fc54fc49c60b98ea4883c8391ab6994997
2019/12/14 | 18:43:13 | INFO | [32m[2019-12-14 18:43:13 DEBUG	vault_processor][39m\nCustID: 274380001050784
Name: ALABDALLAH
TradeChannel: HFS Small T.G.
hash: 3f92577f90502addd5b38d5f4cac4ed0defddb354cee08058c6c37e1c2d0bb32
2019/12/14 | 18:43:13 | INFO | [32m[2019-12-14 18:43:13 DEBUG	vault_processor][39m\nCustID: 274380001069868
Name: Center EBN Enas
TradeChannel: HFS Small T.G.
hash: 473e7de8cc16ad5d8ac52a2be513cae091422a2edaec55968c59deb2ba3a8aba
2019/12/14 | 18:43:13 | INFO | [32m[2019-12-14 18:43:13 DEBUG	vault_processor][39m\nCustID: 274380001063280
Name: ALKHALEDI
TradeChannel: HFS Small T.G.
hash: 25c9e52f0f1f298e9f2c32acab92a509fcfc15674f62387827c324f1f8c0dc2f
2019/12/14 | 18:43:13 | INFO | [32m[2019-12-14 18:43:13 DEBUG	vault_processor][39m\nCustID: 274380001063765
Name: ALASWAQ ALMARKAZIA
TradeChannel: HFS Small T.G.
hash: 6c25232a2301c280484813bfee5168f9ef8a1744b91ffbd9d10c15f4e4736b94
2019/12/14 | 18:43:13 | INFO | [32m[2019-12-14 18:43:13 DEBUG	vault_processor][39m\nCustID: 274380001068594
Name: ABDALRHMAN ALKLEL
TradeChannel: HFS Small T.G.
hash: ca531106addd868c479cf358722052ceba5dc922371feff54aa89160711cf326
2019/12/14 | 18:43:13 | INFO | [32m[2019-12-14 18:43:13 DEBUG	vault_processor][39m\nCustID: 274380001047058
Name: ALNASIR
TradeChannel: HFS Small T.G.
hash: 48a85d37653c72318dda8cc7f8bd5754912f06f296801fe1d6910deed13fa9df
2019/12/14 | 18:43:13 | INFO | [32m[2019-12-14 18:43:13 DEBUG	vault_processor][39m\nCustID: 274380001050165
Name: ABEERY STORE
TradeChannel: HFS Small T.G.
hash: f85d93c54ccb30b195f1d79c134a066d57cd7da75ed08c4db6b7240e927dbc67
2019/12/14 | 18:43:13 | INFO | [32m[2019-12-14 18:43:13 DEBUG	vault_processor][39m\nCustID: 274380001051528
Name: ALTASAWOQ ALSAHAL
TradeChannel: HFS Small T.G.
hash: a80be3f1479e90d4d9b31eecb280f369a5fb984a7433c1096c26535b5756e58a
2019/12/14 | 18:43:13 | INFO | [32m[2019-12-14 18:43:13 DEBUG	vault_processor][39m\nCustID: 274380001052290
Name: ALMANSOURAH
TradeChannel: HFS Small T.G.
hash: 49eaabc8c00dc8ab33b8b7504007fab8f044cb3fbf747ce196a6f4d044db18a5
2019/12/14 | 18:43:13 | INFO | [32m[2019-12-14 18:43:13 DEBUG	vault_processor][39m\nCustID: 274380001052315
Name: SALAT ALGHEZAA
TradeChannel: Self Service T.G
hash: efb611f1e5784bd122fe4ed2cc85b0d712a1977d3768f66af1c61750c568808e
2019/12/14 | 18:43:13 | INFO | [32m[2019-12-14 18:43:13 DEBUG	vault_processor][39m\nCustID: 274380001053491
Name: ALMOUSA HOSPITAL
TradeChannel: Pharma Tier 3
hash: 17d7dfb6c46be35614acedcb24cf63b9d329eb36abe75b2b3bd4f84d686f4c7f
2019/12/14 | 18:43:13 | INFO | [32m[2019-12-14 18:43:13 DEBUG	vault_processor][39m\nCustID: 274380001053497
Name: ALMUNAJAH PHARMACY
TradeChannel: Pharma Tier 3
hash: 1e12dbdbe5e973cf02314f73b0b411d161bf3e0c62b25620c2adf331ed1808a1
2019/12/14 | 18:43:13 | INFO | [32m[2019-12-14 18:43:13 DEBUG	vault_processor][39m\nCustID: 274380001054381
Name: ZAFIR MOBARAK
TradeChannel: HFS Small T.G.
hash: c66b142d28119ba9d40b6f378094f8677ed284e7afe1e330fe0e8f14322a6fbd
2019/12/14 | 18:43:13 | INFO | [32m[2019-12-14 18:43:13 DEBUG	vault_processor][39m\nCustID: 274380001054967
Name: QAWAFIL ALSHARQ
TradeChannel: HFS Small T.G.
hash: 0559a34df80f9363b82de665303a67d5654256fdd8e501f2321342469d7e56a4
2019/12/14 | 18:43:13 | INFO | [32m[2019-12-14 18:43:13 DEBUG	vault_processor][39m\nCustID: 274380001055040
Name: MARKAZ ALMEKHLAFI
TradeChannel: Discounters T.G
hash: ea0dd791b2c5dc154062fe438c4641f41a1af004ed9828ec4694265a4f3b93c1
2019/12/14 | 18:43:13 | INFO | [32m[2019-12-14 18:43:13 DEBUG	vault_processor][39m\nCustID: 274380001055206
Name: SALEH ALI MOHAMMED ABUZAID CENTER
TradeChannel: HFS Small T.G.
hash: c52bd18633c91b392d9f12aeb1b8d1706d9467aacb97522cb8ff9ddeb95d1c18
2019/12/14 | 18:43:13 | INFO | [32m[2019-12-14 18:43:13 DEBUG	vault_processor][39m\nCustID: 274380001055930
Name: ALMEDBAA
TradeChannel: Self Service T.G
hash: 6d7986a5fa5019eb34b6603854d3d918d5ae6328dee071dfa002287af0404b69
2019/12/14 | 18:43:13 | INFO | [32m[2019-12-14 18:43:13 DEBUG	vault_processor][39m\nCustID: 274380001056205
Name: Al Mulbari Trading Est.
TradeChannel: HFS Small T.G.
hash: 0c8243e44249be0a6f7b3a0c9dcdf25e7ddd58ed5043dfdac48a1f4159249ecc
Continuing to vault_processor.1576348993913.log
