******************************************************************************************
**
** Perfect Logger Logging System
** Application Version          : 1.0
** Perfect-Logger Version       : 1.5.2
** Application Start Time (UTC) : 18:59:43 2019/12/14
**
** Copyright 2018 Team whileLOOP
**
******************************************************************************************
**
** Log Number               : #2
** Continuing from Log File : vault_processor.1576350007879.log
** Log Start Time (UTC)     : 19:00:07 2019/12/14
**
******************************************************************************************
2019/12/14 | 19:00:07 | INFO | [32m[2019-12-14 19:00:07 DEBUG	vault_processor][39m\nCustID: 274380001091022
Name: N/A
TradeChannel: N/A
hash: 722aa1f8ef33b8eb01422d4660a6f75c5a7c01e5125bd2f38da0babd88ae8688
2019/12/14 | 19:00:07 | INFO | [32m[2019-12-14 19:00:07 DEBUG	vault_processor][39m\nCustID: 274380001091147
Name: N/A
TradeChannel: N/A
hash: facf1220b74105fb2d4c10ad0c9241d63cf56420959dd0c5b0a1618de73ae9a5
2019/12/14 | 19:00:07 | INFO | [32m[2019-12-14 19:00:07 DEBUG	vault_processor][39m\nCustID: 274380001091156
Name: N/A
TradeChannel: N/A
hash: e5b41892b5032c8a78bbcb21e49180d1f8490182424928f1d1320169ff00bcb5
2019/12/14 | 19:00:07 | INFO | [32m[2019-12-14 19:00:07 DEBUG	vault_processor][39m\nCustID: 274380001091176
Name: N/A
TradeChannel: N/A
hash: 51b2d838683de7d60086f29fed76427f85814703d0cebd4b3660e4ef6c58aa09
2019/12/14 | 19:00:07 | INFO | [32m[2019-12-14 19:00:07 DEBUG	vault_processor][39m\nCustID: 274380001091225
Name: N/A
TradeChannel: N/A
hash: 32174b96273ebef824597796d94adb38590806df4abdc25856a7bddae18856dc
2019/12/14 | 19:00:07 | INFO | [32m[2019-12-14 19:00:07 DEBUG	vault_processor][39m\nCustID: 274380001091367
Name: N/A
TradeChannel: HFS Small T.G.
hash: 2d38b54bf76b4ce05f381c4b6ba3213a00692d001c43835d7c29ec60dc989c5f
2019/12/14 | 19:00:07 | INFO | [32m[2019-12-14 19:00:07 DEBUG	vault_processor][39m\nCustID: 274380001091368
Name: N/A
TradeChannel: N/A
hash: b7e2e3fb574e6120f14755e27295db367b1e5d1b9b1b8ed91a697774917a2cd7
2019/12/14 | 19:00:07 | INFO | [32m[2019-12-14 19:00:07 DEBUG	vault_processor][39m\nCustID: 274380001091369
Name: N/A
TradeChannel: HFS Small T.G.
hash: 4b44f49d864bab757fdf44e5b12eb4e76b35147fad509712cda3e69b3b587ff6
2019/12/14 | 19:00:07 | INFO | [32m[2019-12-14 19:00:07 DEBUG	vault_processor][39m\nCustID: 274380001091373
Name: N/A
TradeChannel: HFS Small T.G.
hash: 4bb3cb86b75b9ba2cd899c3ecf00ad5ac4b2fdfe450bccbeda1a0bf53ee3f0b5
2019/12/14 | 19:00:07 | INFO | [32m[2019-12-14 19:00:07 DEBUG	vault_processor][39m\nCustID: 274380001091397
Name: N/A
TradeChannel: N/A
hash: 0edbff944e9b72b2db138dc81df358f8941224846f07eb1987b149703f021f35
2019/12/14 | 19:00:07 | INFO | [32m[2019-12-14 19:00:07 DEBUG	vault_processor][39m\nCustID: 274380001091398
Name: N/A
TradeChannel: HFS Small T.G.
hash: 42c01bb68d92e401b9a22d5bc40fd115cd75b2514d31e4509b7be94a36425606
2019/12/14 | 19:00:07 | INFO | [32m[2019-12-14 19:00:07 DEBUG	vault_processor][39m\nCustID: 274380001091462
Name: N/A
TradeChannel: HFS Small T.G.
hash: 653f7e26c3663e46a2693403bb69391e961e09fb538be4a5bb8f3906012b61b0
2019/12/14 | 19:00:07 | INFO | [32m[2019-12-14 19:00:07 DEBUG	vault_processor][39m\nCustID: 274380001091465
Name: N/A
TradeChannel: N/A
hash: 28f78f9922c6a697ff20c662e68e1169e9212ecf840eb58f09c4997347331574
2019/12/14 | 19:00:07 | INFO | [32m[2019-12-14 19:00:07 DEBUG	vault_processor][39m\nCustID: 274380001091528
Name: N/A
TradeChannel: N/A
hash: 404d1f4b694f1dd340c95e7af466afa2d7f98a1e3ddad3ea0fb6516740ebe10a
2019/12/14 | 19:00:07 | INFO | [32m[2019-12-14 19:00:07 DEBUG	vault_processor][39m\nCustID: 274380001091566
Name: N/A
TradeChannel: HFS Small T.G.
hash: ac94739481f94b1fb1c2c7cf5a6cdcb5e4b6a79efeb3a05ad7bcc725ffb4a11f
2019/12/14 | 19:00:07 | INFO | [32m[2019-12-14 19:00:07 DEBUG	vault_processor][39m\nCustID: 274380001096837
Name: N/A
TradeChannel: N/A
hash: 680307fa5ce6e6bf6a025cc712d4cc715a533e4202c2b15a65b9673a441bad03
2019/12/14 | 19:00:07 | INFO | [32m[2019-12-14 19:00:07 DEBUG	vault_processor][39m\nCustID: 274380001062376
Name: Danube Co. For Food Stuffs
TradeChannel: National Accounts
hash: fb787d276ac99d338b4104d63d3231a5cde65ca37d84b1c16050d9ab98a0012e
