2019/12/14 | 18:43:47 | INFO | [32m[2019-12-14 18:43:47 DEBUG	vault_processor][39m\nCustID: 274380001101991
Name: N/A
TradeChannel: N/A
hash: 6e14d1abc782f8f50c57e82c97ef39a7b0aa9659d03481110945f18bcca0795d
******************************************************************************************
**
** Perfect Logger Logging System
** Application Version          : 1.0
** Perfect-Logger Version       : 1.5.2
** Application Start Time (UTC) : 18:40:00 2019/12/14
**
** Copyright 2018 Team whileLOOP
**
******************************************************************************************
**
** Log Number               : #116
** Continuing from Log File : vault_processor.1576349027490.log
** Log Start Time (UTC)     : 18:43:47 2019/12/14
**
******************************************************************************************
2019/12/14 | 18:43:47 | INFO | [32m[2019-12-14 18:43:47 DEBUG	vault_processor][39m\nCustID: 274380001102010
Name: N/A
TradeChannel: N/A
hash: 88d62e54fa9cf1ef38278c6f4ef0898672630fe97f65b181451759ceefffa804
2019/12/14 | 18:43:47 | INFO | [32m[2019-12-14 18:43:47 DEBUG	vault_processor][39m\nCustID: 274380001102099
Name: N/A
TradeChannel: N/A
hash: be35eb5e119003b76a2007360dda1bd19132b3f6a9b0e4e7f0854c2bd5a07f71
2019/12/14 | 18:43:47 | INFO | [32m[2019-12-14 18:43:47 DEBUG	vault_processor][39m\nCustID: 274380001102151
Name: N/A
TradeChannel: N/A
hash: a626e6465b69287d32f0351ae5897d143831a0ab86fd1a0967ccf6a3b49b5a78
2019/12/14 | 18:43:47 | INFO | [32m[2019-12-14 18:43:47 DEBUG	vault_processor][39m\nCustID: 274380001102154
Name: N/A
TradeChannel: HFS Small T.G.
hash: abbf4ed9c3300068976adcfd3959d0ac765f0c72d696aea1387e6cf76264e9e5
2019/12/14 | 18:43:47 | INFO | [32m[2019-12-14 18:43:47 DEBUG	vault_processor][39m\nCustID: 274380001102164
Name: N/A
TradeChannel: N/A
hash: c94d446f7a9f7f8d94eca361ea717cce6953354243b47c3aa523a9b094e60e1e
2019/12/14 | 18:43:47 | INFO | [32m[2019-12-14 18:43:47 DEBUG	vault_processor][39m\nCustID: 274380001102165
Name: N/A
TradeChannel: HFS Small T.G.
hash: b3eb350f23aeeeb534bdb0c9476407091d336193383e2c0ee1b665083c711b1f
2019/12/14 | 18:43:47 | INFO | [32m[2019-12-14 18:43:47 DEBUG	vault_processor][39m\nCustID: 274380001102166
Name: N/A
TradeChannel: HFS Small T.G.
hash: 232141158161a7c705242930d58ef92f1673d208c40455119a04caa21ddbfbc3
2019/12/14 | 18:43:47 | INFO | [32m[2019-12-14 18:43:47 DEBUG	vault_processor][39m\nCustID: 274380001102167
Name: N/A
TradeChannel: HFS Small T.G.
hash: 233efc0a6cbe1c4809deec6f44b95413159ddb3aef237746b6bde132d9f70ebb
2019/12/14 | 18:43:47 | INFO | [32m[2019-12-14 18:43:47 DEBUG	vault_processor][39m\nCustID: 274380001102179
Name: N/A
TradeChannel: N/A
hash: 5dbf76b248c9b13cc49bc070b17f31dec4d35b046990cdf98b73e348d037a66c
2019/12/14 | 18:43:47 | INFO | [32m[2019-12-14 18:43:47 DEBUG	vault_processor][39m\nCustID: 274380001102220
Name: N/A
TradeChannel: HFS Small T.G.
hash: b6068e51db66cf2e9736d2f0d3ca5b64abac1bee20cb258a3c60ae7ac965a0cf
2019/12/14 | 18:43:47 | INFO | [32m[2019-12-14 18:43:47 DEBUG	vault_processor][39m\nCustID: 274380001102222
Name: N/A
TradeChannel: HFS Small T.G.
hash: 38a721d90eeb0216ef8aeb3320d822221e17e6a1b94cf2eff958b9e3dee1a10f
2019/12/14 | 18:43:47 | INFO | [32m[2019-12-14 18:43:47 DEBUG	vault_processor][39m\nCustID: 274380001102224
Name: N/A
TradeChannel: HFS Small T.G.
hash: 1a668265a4dd1041e63e8eb49e93b2d188945936e85cbbb56d7c247bb2ea25c0
2019/12/14 | 18:43:47 | INFO | [32m[2019-12-14 18:43:47 DEBUG	vault_processor][39m\nCustID: 274380001102229
Name: N/A
TradeChannel: N/A
hash: 2c82061f47680679166acccc60cce2b9d94fc8fba4834f62ff8580630bacc3b4
2019/12/14 | 18:43:47 | INFO | [32m[2019-12-14 18:43:47 DEBUG	vault_processor][39m\nCustID: 274380001030001
Name: al matajer al arabiyah al mahdodah-srwat
TradeChannel: MT Tier 2
hash: 8e731b881821761a5cfee555b62bf157640b48e4c702b99ebc94826f30ab1ec3
2019/12/14 | 18:43:47 | INFO | [32m[2019-12-14 18:43:47 DEBUG	vault_processor][39m\nCustID: 274380001030007
Name: FATTAH SUPERMARKET
TradeChannel: Self Service T.G
hash: f8150256ae8ddf94062584226ae700ffaa1c9dae806168091c3fceeaac96bc13
2019/12/14 | 18:43:47 | INFO | [32m[2019-12-14 18:43:47 DEBUG	vault_processor][39m\nCustID: 274380001069941
Name: Sheikh Ismail Abudawood Villa.
TradeChannel: Semi-Wholesaler T.G
hash: c9cc0663e124cbd997761fd24446bba2aa2103e382138295369b1c9eff0e40f1
2019/12/14 | 18:43:47 | INFO | [32m[2019-12-14 18:43:47 DEBUG	vault_processor][39m\nCustID: 274380001073118
Name: Bareeq Al Shames Pharmacy
TradeChannel: Pharma Tier 3
hash: 7f8ecdbd4579ca5ff8acd6f55bc92f180cbae5b0585010351203e89645de6683
2019/12/14 | 18:43:47 | INFO | [32m[2019-12-14 18:43:47 DEBUG	vault_processor][39m\nCustID: 274380001074065
Name: Momaizat AL Ebdaa EST
TradeChannel: Wholesaler
hash: f60ed5c54e6dfdb1ed7c90a61c6c251e330b8339c8157fed2181375f9222b5c3
2019/12/14 | 18:43:47 | INFO | [32m[2019-12-14 18:43:47 DEBUG	vault_processor][39m\nCustID: 274380001074308
Name: ALANBAREAH
TradeChannel: Wholesaler
hash: aa28af76bda8b601613adcf80f1ee4d3c6a57fb7c1cbb7e3dfb6ee947bf18920
2019/12/14 | 18:43:47 | INFO | [32m[2019-12-14 18:43:47 DEBUG	vault_processor][39m\nCustID: 274380001102216
Name: N/A
TradeChannel: N/A
hash: 2bb4bf7f380fcddca26e4c500a555ce0a6b064426a08ec4e66b469198eb5c0ad
2019/12/14 | 18:43:47 | INFO | [32m[2019-12-14 18:43:47 DEBUG	vault_processor][39m\nCustID: 274380001102330
Name: N/A
TradeChannel: N/A
hash: d58a950600aa726c7d72a87dfa16854f27c1f4de2c69d997e1869df4b4b303e0
2019/12/14 | 18:43:47 | INFO | [32m[2019-12-14 18:43:47 DEBUG	vault_processor][39m\nCustID: 274380001077418
Name: Hassen Aldwaeia Pharmacy
TradeChannel: RVO Pharma
hash: 6f962d270a51494a9f24da010d7809f35a975e1c81778b666a5ca96af337ebbc
2019/12/14 | 18:43:47 | INFO | [32m[2019-12-14 18:43:47 DEBUG	vault_processor][39m\nCustID: 274380001078956
Name: Damas Medical Company
TradeChannel: Pharma Tier 2
hash: e4242c546fbe9eb4055516dba97041b542c6971cb118b6e419fb14ff0bbc6250
2019/12/14 | 18:43:47 | INFO | [32m[2019-12-14 18:43:47 DEBUG	vault_processor][39m\nCustID: 274380001090903
Name: N/A
TradeChannel: N/A
hash: 6a3ff524f3f912cd9f28fa3a0c72641a7965dca8be88d78745894a9bbc6b7c91
2019/12/14 | 18:43:47 | INFO | [32m[2019-12-14 18:43:47 DEBUG	vault_processor][39m\nCustID: 274380001091012
Name: N/A
TradeChannel: N/A
hash: f3abf9289382984e7b7949ebddf6a6340a664ed9b3472311c484e85e82306f4a
2019/12/14 | 18:43:47 | INFO | [32m[2019-12-14 18:43:47 DEBUG	vault_processor][39m\nCustID: 274380001091023
Name: N/A
TradeChannel: N/A
hash: cb163dd801274278b95fc854f2988c0d2d29ea77b9a00f0d3e369862592703f0
2019/12/14 | 18:43:47 | INFO | [32m[2019-12-14 18:43:47 DEBUG	vault_processor][39m\nCustID: 274380001091502
Name: N/A
TradeChannel: HFS Small T.G.
hash: a97c4cd5ad09c7ae5867b891255c5399f3a3bbc78e09ec37c5d674a7081f5f18
2019/12/14 | 18:43:47 | INFO | [32m[2019-12-14 18:43:47 DEBUG	vault_processor][39m\nCustID: 274380001091512
Name: N/A
TradeChannel: N/A
hash: f2cd2224e8129ad1b1d508947f25e16aec077e40818e52e06611901800add81c
2019/12/14 | 18:43:47 | INFO | [32m[2019-12-14 18:43:47 DEBUG	vault_processor][39m\nCustID: 274380001091559
Name: N/A
TradeChannel: N/A
hash: 08425844bf8b05194258d4d4e37b2f38efa16f8f3fd19ded9d15aa3840c5d19e
2019/12/14 | 18:43:47 | INFO | [32m[2019-12-14 18:43:47 DEBUG	vault_processor][39m\nCustID: 274380001091712
Name: N/A
TradeChannel: N/A
hash: f57fc1e57709906d617571d2242184f2fa1e75c2e7ad7c731be431791c4c367b
2019/12/14 | 18:43:47 | INFO | [32m[2019-12-14 18:43:47 DEBUG	vault_processor][39m\nCustID: 274380001030086
Name: FARM SUPERSTORES
TradeChannel: National Accounts
hash: 4ebbabcf519ee18222c78f811d26dc6c01892d69ed8a7f2206bd03382467a7ba
2019/12/14 | 18:43:47 | INFO | [32m[2019-12-14 18:43:47 DEBUG	vault_processor][39m\nCustID: 274380001030109
Name: TAMIMI COMPANY
TradeChannel: National Accounts
hash: 8ce4d97cdf464df216aae8d9c66c2b0031609f94dd6334129f5da6bb0a751f4f
2019/12/14 | 18:43:47 | INFO | [32m[2019-12-14 18:43:47 DEBUG	vault_processor][39m\nCustID: 274380001091840
Name: N/A
TradeChannel: N/A
hash: 834948fcfe03d6db168f2d93bc732f83bd76c2a09d90276e5fb6621cc46749c0
2019/12/14 | 18:43:47 | INFO | [32m[2019-12-14 18:43:47 DEBUG	vault_processor][39m\nCustID: 274380001091849
Name: N/A
TradeChannel: HFS Small T.G.
hash: 72be3ed7ea0eabec51940a241d52e78a562492313be615c8a7609320ac3237a6
2019/12/14 | 18:43:47 | INFO | [32m[2019-12-14 18:43:47 DEBUG	vault_processor][39m\nCustID: 274380001091871
Name: N/A
TradeChannel: N/A
hash: f78074dda5a4190510f0c726101408ba08c51b64ee202c5ee527e2defb1a0eaf
2019/12/14 | 18:43:47 | INFO | [32m[2019-12-14 18:43:47 DEBUG	vault_processor][39m\nCustID: 274380001091923
Name: N/A
TradeChannel: N/A
hash: 9f07d68678cd41fa99cf93db8c530b29b5dbbaab3664d030cc36860ce4ee2a58
2019/12/14 | 18:43:47 | INFO | [32m[2019-12-14 18:43:47 DEBUG	vault_processor][39m\nCustID: 274380001091962
Name: N/A
TradeChannel: N/A
hash: 90b440b3777c69e787da2037611103b9fe3eaee7e639753dacf45a653bae6c14
2019/12/14 | 18:43:47 | INFO | [32m[2019-12-14 18:43:47 DEBUG	vault_processor][39m\nCustID: 274380001091971
Name: N/A
TradeChannel: HFS Small T.G.
hash: 644fa88c2854c7409ce1c348d5cb0e902229fdc7ba82d9f85e62da6a9eed6ac2
2019/12/14 | 18:43:47 | INFO | [32m[2019-12-14 18:43:47 DEBUG	vault_processor][39m\nCustID: 274380001092065
Name: N/A
TradeChannel: HFS Small T.G.
hash: b8f4529f20b504fe321211267d65b80c61c0ddd7060befade35f91b14d92b2b9
2019/12/14 | 18:43:47 | INFO | [32m[2019-12-14 18:43:47 DEBUG	vault_processor][39m\nCustID: 274380001043995
Name:  PANDA
TradeChannel: National Accounts
hash: 2f256630f520201f54d2ac248e6ac94809030b3c6885502a24c0c1c97b8f2b35
2019/12/14 | 18:43:47 | INFO | [32m[2019-12-14 18:43:47 DEBUG	vault_processor][39m\nCustID: 274380001045324
Name: moheet
TradeChannel: Wholesaler
hash: 415075d52efac0e9cbbcc1b3f09b05d7d8d35ec6be7a0e38c2629c6cc2697256
2019/12/14 | 18:43:47 | INFO | [32m[2019-12-14 18:43:47 DEBUG	vault_processor][39m\nCustID: 274380001044250
Name: AL HAMYDI AHMED AL RASHED
TradeChannel: Wholesaler
hash: da7851030043ca16317bb49f36e35edd1ce303ad256696117d27726108ff0cbb
2019/12/14 | 18:43:47 | INFO | [32m[2019-12-14 18:43:47 DEBUG	vault_processor][39m\nCustID: 274380001045232
Name: Abuwaheed Shopping Center
TradeChannel: Wholesaler
hash: 2ac8fe94d6e95b1916ef008d3a5d32a346b1d3193e97779cd0bb575fcb686868
2019/12/14 | 18:43:47 | INFO | [32m[2019-12-14 18:43:47 DEBUG	vault_processor][39m\nCustID: 274380001045950
Name: ABU FAREE FOR SUITS & PARTMENTS
TradeChannel: Wholesaler
hash: 4094bfc90ee5d35e3e886f268c2dc856569b78a1700368888afe778ea4bbf964
2019/12/14 | 18:43:47 | INFO | [32m[2019-12-14 18:43:47 DEBUG	vault_processor][39m\nCustID: 274380001045956
Name: ALA KIFAK TRADE EST
TradeChannel: MT Tier 2
hash: 9001c177494b36e827b3195c1e76fd1913c2353ecc4b67bc4220f15f929b9cf1
2019/12/14 | 18:43:47 | INFO | [32m[2019-12-14 18:43:47 DEBUG	vault_processor][39m\nCustID: 274380001046534
Name: SULYMAN RASHED ALJARBOA EST
TradeChannel: Wholesaler
hash: a57cb48a2fe54cc379dbfc88785994f35533ed80aeeff35f3c855015e91b506d
2019/12/14 | 18:43:47 | INFO | [32m[2019-12-14 18:43:47 DEBUG	vault_processor][39m\nCustID: 274380001046656
Name: Sanabel Al Areeda
TradeChannel: Wholesaler
hash: 24f36fa0f4c18fc120692396ad45565211b02eac1e584c8045ea338fa9691c2c
2019/12/14 | 18:43:47 | INFO | [32m[2019-12-14 18:43:47 DEBUG	vault_processor][39m\nCustID: 274380001052714
Name: MARKAZ ALQASEER
TradeChannel: Self Service T.G
hash: 6a3a1d16a01db6e936aec6a42475706e9c46473d21dd8fc48fc6b1bafc68b63e
2019/12/14 | 18:43:47 | INFO | [32m[2019-12-14 18:43:47 DEBUG	vault_processor][39m\nCustID: 274380001053665
Name: AL AIN AL AZIZIAH PHARMACY
TradeChannel: Pharma Tier 3
hash: 45c974aac1f844048e683e2ba713c7e5fda1306f6f3771383ca6eb73754f1708
2019/12/14 | 18:43:47 | INFO | [32m[2019-12-14 18:43:47 DEBUG	vault_processor][39m\nCustID: 274380001053736
Name: UM ALHAMAM ALKHAIREYAH PHARMACY
TradeChannel: Pharma Tier 3
hash: 6b14f00ee878d991c85063455ce68f90d70226977d1917d3044378fca6049f5e
2019/12/14 | 18:43:47 | INFO | [32m[2019-12-14 18:43:47 DEBUG	vault_processor][39m\nCustID: 274380001101476
Name: N/A
TradeChannel: N/A
hash: 649cd41623a7fe9d4a8fb96095c44d4db6eca4ca8353831bc49c583b72497fb8
2019/12/14 | 18:43:47 | INFO | [32m[2019-12-14 18:43:47 DEBUG	vault_processor][39m\nCustID: 274380001055004
Name:  Baradat Alkhaleeg Est. For Maet & Froze
TradeChannel: Semi-Wholesaler T.G
hash: 29a9a02a8386cf5ebd6ef703967d81f863f60f5c6dc562d424e6f333a2bf19d3
2019/12/14 | 18:43:47 | INFO | [32m[2019-12-14 18:43:47 DEBUG	vault_processor][39m\nCustID: 274380001092069
Name: N/A
TradeChannel: HFS Small T.G.
hash: cd8aac87ee0a06b6155c9c89d6480a8efd54f1a32959dec30cb4dda7f182e3b0
2019/12/14 | 18:43:47 | INFO | [32m[2019-12-14 18:43:47 DEBUG	vault_processor][39m\nCustID: 274380001092072
Name: N/A
TradeChannel: HFS Small T.G.
hash: 8aa3e7f46e6b5d3dfb4cd11c5a67eae92d1bcd851ce908918bd4ed1da3142ae7
2019/12/14 | 18:43:47 | INFO | [32m[2019-12-14 18:43:47 DEBUG	vault_processor][39m\nCustID: 274380001092073
Name: N/A
TradeChannel: HFS Small T.G.
hash: 2bee203170567a8e358673c4795e9279f721d115bdbb93bfb9cd72aa01fe4a56
2019/12/14 | 18:43:47 | INFO | [32m[2019-12-14 18:43:47 DEBUG	vault_processor][39m\nCustID: 274380001092099
Name: N/A
TradeChannel: N/A
hash: 23dabb4417c18b500d66a2c156e4328f0c83fa991005da81eafc6b7bb3d015cd
Continuing to vault_processor.1576349027855.log
