2019/12/14 | 18:43:50 | INFO | [32m[2019-12-14 18:43:50 DEBUG	vault_processor][39m\nCustID: 274380001062376
Name: Danube Co. For Food Stuffs
TradeChannel: National Accounts
hash: fb787d276ac99d338b4104d63d3231a5cde65ca37d84b1c16050d9ab98a0012e
******************************************************************************************
**
** Perfect Logger Logging System
** Application Version          : 1.0
** Perfect-Logger Version       : 1.5.2
** Application Start Time (UTC) : 18:40:00 2019/12/14
**
** Copyright 2018 Team whileLOOP
**
******************************************************************************************
**
** Log Number               : #121
** Continuing from Log File : vault_processor.1576349030715.log
** Log Start Time (UTC)     : 18:43:50 2019/12/14
**
******************************************************************************************
