2019/12/14 | 18:42:50 | INFO | [32m[2019-12-14 18:42:50 DEBUG	vault_processor][39m\nCustID: 274380001044149
Name: ALRAYAH SHOPPING CENTER BRANCH NO 1
TradeChannel: MT Tier 1
hash: 03ac190e63fe1a664fd0fa6418584ea361f996279b3c04460e302176ae3256f3
******************************************************************************************
**
** Perfect Logger Logging System
** Application Version          : 1.0
** Perfect-Logger Version       : 1.5.2
** Application Start Time (UTC) : 18:40:00 2019/12/14
**
** Copyright 2018 Team whileLOOP
**
******************************************************************************************
**
** Log Number               : #42
** Continuing from Log File : vault_processor.1576348970020.log
** Log Start Time (UTC)     : 18:42:50 2019/12/14
**
******************************************************************************************
2019/12/14 | 18:42:50 | INFO | [32m[2019-12-14 18:42:50 DEBUG	vault_processor][39m\nCustID: 274380001044203
Name: MANDAREN FOR FOODS
TradeChannel: MT Tier 2
hash: 69d2e9ee307db898b6234761665e0d8c2bab25a11b1286d7a7d359afa3fc72f2
2019/12/14 | 18:42:50 | INFO | [32m[2019-12-14 18:42:50 DEBUG	vault_processor][39m\nCustID: 274380001044216
Name: Abdulaziz bn naji Co.
TradeChannel: MT Tier 2
hash: 32d2d7ef2aae20c4e2479f71fc0aa9ba009164aeff9359b6a10081a36dec0713
2019/12/14 | 18:42:50 | INFO | [32m[2019-12-14 18:42:50 DEBUG	vault_processor][39m\nCustID: 274380001044221
Name: AHMED MOHAMED KOMAYET
TradeChannel: Wholesaler
hash: fa34f0fddcb83b2a840570ad50e5f87f61a09b8d7c9f48c147e1f73341896160
2019/12/14 | 18:42:50 | INFO | [32m[2019-12-14 18:42:50 DEBUG	vault_processor][39m\nCustID: 274380001044414
Name: ALBADIA
TradeChannel: HFS Small T.G.
hash: 46e5bb6d385c647ac25c6f0147c863556cd7b707ac6ca5ff4b23d7e6cf98bf01
2019/12/14 | 18:42:50 | INFO | [32m[2019-12-14 18:42:50 DEBUG	vault_processor][39m\nCustID: 274380001044440
Name: ALMANARAH
TradeChannel: HFS Small T.G.
hash: e850437c59c4a76e778044046899166f774ddf8f373e72b7262801f42dfe6783
2019/12/14 | 18:42:50 | INFO | [32m[2019-12-14 18:42:50 DEBUG	vault_processor][39m\nCustID: 274380001044471
Name: ALZOHOR
TradeChannel: HFS Small T.G.
hash: afcc8780d179aebf90132b09bcf745a568be82f318a7cb158c5454b04686437f
2019/12/14 | 18:42:50 | INFO | [32m[2019-12-14 18:42:50 DEBUG	vault_processor][39m\nCustID: 274380001044570
Name: ABDULLAH BADI ALSHEMARI
TradeChannel: HFS Small T.G.
hash: 19648bed1f0a5b859cf01e4ae928bbba249c506a6e758985608b39f17c8c94ec
2019/12/14 | 18:42:50 | INFO | [32m[2019-12-14 18:42:50 DEBUG	vault_processor][39m\nCustID: 274380001044573
Name: KHALID
TradeChannel: HFS Small T.G.
hash: 425ae2fbcbc8989e815ec0a145fd2cff6b6f05bcc9af397ff076d23fb5feea39
2019/12/14 | 18:42:50 | INFO | [32m[2019-12-14 18:42:50 DEBUG	vault_processor][39m\nCustID: 274380001044640
Name: ALBASHAIR
TradeChannel: HFS Small T.G.
hash: 3156b38b0236ccada9f5a7d2d0d377920ca1cae5984ac729f013f62e7785f8de
2019/12/14 | 18:42:50 | INFO | [32m[2019-12-14 18:42:50 DEBUG	vault_processor][39m\nCustID: 274380001083801
Name: N/A
TradeChannel: HFS Small T.G.
hash: a569f508e7462e94a751f28115b806a87f523427710437758c48ccc48d8e92a0
2019/12/14 | 18:42:50 | INFO | [32m[2019-12-14 18:42:50 DEBUG	vault_processor][39m\nCustID: 274380001084362
Name: N/A
TradeChannel: HFS Small T.G.
hash: 4e32459dbaa12e968ad66cadacfb4fdd35f0fbd97de1869278047445b1e35106
2019/12/14 | 18:42:50 | INFO | [32m[2019-12-14 18:42:50 DEBUG	vault_processor][39m\nCustID: 274380001085166
Name: N/A
TradeChannel: HFS Small T.G.
hash: e30aecd2d7978978120ccc3c0f0980e44c8e1f89f5988b49c9ab04a311ca552a
2019/12/14 | 18:42:50 | INFO | [32m[2019-12-14 18:42:50 DEBUG	vault_processor][39m\nCustID: 274380001085632
Name: N/A
TradeChannel: HFS Small T.G.
hash: ecb4cfb9e0598b388aa614f5962553c39ffd8c27da9ed39d61ad02a8f2a40770
2019/12/14 | 18:42:50 | INFO | [32m[2019-12-14 18:42:50 DEBUG	vault_processor][39m\nCustID: 274380001085754
Name: siadliat salih
TradeChannel: RVO Pharma
hash: 67b1d5ffa00fafda832d3d5e640995f777a5279b8aa8940a4bc6f2a2bc2ef795
2019/12/14 | 18:42:50 | INFO | [32m[2019-12-14 18:42:50 DEBUG	vault_processor][39m\nCustID: 274380001086295
Name: N/A
TradeChannel: HFS Small T.G.
hash: 52e9753dc0647906e1c2719104d7b7d76da2074494bd55022f89664f6a8d838b
2019/12/14 | 18:42:50 | INFO | [32m[2019-12-14 18:42:50 DEBUG	vault_processor][39m\nCustID: 274380001086324
Name: N/A
TradeChannel: HFS Small T.G.
hash: c3cd836e1ff308307beaa49f81e747243f56db7209612d910fbfc82d30146da1
2019/12/14 | 18:42:50 | INFO | [32m[2019-12-14 18:42:50 DEBUG	vault_processor][39m\nCustID: 274380001086658
Name: N/A
TradeChannel: HFS Small T.G.
hash: 2a6296a8f17e502cc073532e77cc763d235d76163cb4acbc909beba2defa22c7
2019/12/14 | 18:42:50 | INFO | [32m[2019-12-14 18:42:50 DEBUG	vault_processor][39m\nCustID: 274380001089623
Name: N/A
TradeChannel: HFS Small T.G.
hash: 4fe6500055d79587d53dd24ac42bb296b75c46251d1ff2e4bf24df99a6386d61
2019/12/14 | 18:42:50 | INFO | [32m[2019-12-14 18:42:50 DEBUG	vault_processor][39m\nCustID: 274380001089656
Name: N/A
TradeChannel: HFS Small T.G.
hash: f360a288d9652ede032ef7c86e0408b33004f449ba03fdf83f0c8f0ccb11c08e
2019/12/14 | 18:42:50 | INFO | [32m[2019-12-14 18:42:50 DEBUG	vault_processor][39m\nCustID: 274380001089723
Name: N/A
TradeChannel: HFS Small T.G.
hash: c04e9c9d1694f8fe6d2a63bc396227a037679090b85a2b8d34c7fefd5b523d41
2019/12/14 | 18:42:50 | INFO | [32m[2019-12-14 18:42:50 DEBUG	vault_processor][39m\nCustID: 274380001090023
Name: N/A
TradeChannel: HFS Small T.G.
hash: 58f545da5705737308dc1a833ffb2ff6699ff88c63dd6d1312b3cc2eaaa69eec
2019/12/14 | 18:42:50 | INFO | [32m[2019-12-14 18:42:50 DEBUG	vault_processor][39m\nCustID: 274380001090028
Name: N/A
TradeChannel: HFS Small T.G.
hash: 0071b0ea84dbb90782a94d2307b9e30ecb4101372683d357a39d5868d58f06a2
2019/12/14 | 18:42:50 | INFO | [32m[2019-12-14 18:42:50 DEBUG	vault_processor][39m\nCustID: 274380001057672
Name: ALWATANIAH
TradeChannel: HFS Small T.G.
hash: bfdb962508f8ccd33d055477ecfdc27dcf940c8f7d43253f94e7645fe5767a78
2019/12/14 | 18:42:50 | INFO | [32m[2019-12-14 18:42:50 DEBUG	vault_processor][39m\nCustID: 274380001059698
Name: ALASEMA
TradeChannel: HFS Small T.G.
hash: 32407c60fb58b8c4e105a1827f0cfb826f4af0d4ed84a5cc7e2287bd966a5081
2019/12/14 | 18:42:50 | INFO | [32m[2019-12-14 18:42:50 DEBUG	vault_processor][39m\nCustID: 274380001044643
Name: RASHID ALDOSARI
TradeChannel: HFS Small T.G.
hash: 3182958d68c79bffdd8089f0f36c7e9b453f4b0549e0daf2279952294fc6e569
2019/12/14 | 18:42:50 | INFO | [32m[2019-12-14 18:42:50 DEBUG	vault_processor][39m\nCustID: 274380001044645
Name: ALOSRAH
TradeChannel: HFS Small T.G.
hash: 4e8975135be27b68bdbd0b5ed2a9249e7dd8b0857fbe33f102b5b7bbdb82d2be
2019/12/14 | 18:42:50 | INFO | [32m[2019-12-14 18:42:50 DEBUG	vault_processor][39m\nCustID: 274380001044646
Name: TAIBAH
TradeChannel: HFS Small T.G.
hash: 95514878cb3e1c1924a785878133a45283de52ba9ec7ed764aa894ccf9723c18
2019/12/14 | 18:42:50 | INFO | [32m[2019-12-14 18:42:50 DEBUG	vault_processor][39m\nCustID: 274380001044648
Name: ASWAQ FATIMA
TradeChannel: HFS Small T.G.
hash: c5a29a5a7e916add0e2e0a7eeba5272513a79353dd6973b9d658925d1b52e9ba
2019/12/14 | 18:42:50 | INFO | [32m[2019-12-14 18:42:50 DEBUG	vault_processor][39m\nCustID: 274380001044720
Name: ALKHAIR
TradeChannel: HFS Small T.G.
hash: cc8e6e198f4a99768fc356d20067d4b148d451ae3de428bcb1883fa9d915b5fe
2019/12/14 | 18:42:50 | INFO | [32m[2019-12-14 18:42:50 DEBUG	vault_processor][39m\nCustID: 274380001044816
Name: ALAMIN
TradeChannel: HFS Small T.G.
hash: edb8920f8f457d437c5b8a3fac6b7cabf9f17edc98cfcf17598f3c7f35f19f47
2019/12/14 | 18:42:50 | INFO | [32m[2019-12-14 18:42:50 DEBUG	vault_processor][39m\nCustID: 274380001044843
Name: SALMAN ALFARESI
TradeChannel: HFS Small T.G.
hash: 4da8f3afc08b857a4936315b2304f844533d5e7c2bb8e20b46f880d1f643fb6e
2019/12/14 | 18:42:50 | INFO | [32m[2019-12-14 18:42:50 DEBUG	vault_processor][39m\nCustID: 274380001044796
Name: MAZEN
TradeChannel: HFS Small T.G.
hash: 1e22794d56d426c5ae47e3cfbe16c8576c5fae7a1c02d712f2b22939f2729348
2019/12/14 | 18:42:50 | INFO | [32m[2019-12-14 18:42:50 DEBUG	vault_processor][39m\nCustID: 274380001044961
Name: ALEDWANI
TradeChannel: HFS Small T.G.
hash: 98f9efcd3bf5ec136b67dd0d68d44aa6a0fe19572bf0659c5c027ad6ae8b8ffa
2019/12/14 | 18:42:50 | INFO | [32m[2019-12-14 18:42:50 DEBUG	vault_processor][39m\nCustID: 274380001045016
Name: ALTAISER
TradeChannel: HFS Small T.G.
hash: bf709daddf4653047bb205deba6ef83db1f156724e3fb3a71a84c3a683c2e8b8
2019/12/14 | 18:42:50 | INFO | [32m[2019-12-14 18:42:50 DEBUG	vault_processor][39m\nCustID: 274380001045072
Name: MASARAH
TradeChannel: HFS Small T.G.
hash: 49abe3598135d56875642b8256d1f66893dfe0fd76b8fc42138d343591d4e696
2019/12/14 | 18:42:50 | INFO | [32m[2019-12-14 18:42:50 DEBUG	vault_processor][39m\nCustID: 274380001045090
Name: ALZAYED
TradeChannel: HFS Small T.G.
hash: f1fbba1b14671f181c301670746b3f488b4f4bd717d1f8ae17f755b9b487c831
2019/12/14 | 18:42:50 | INFO | [32m[2019-12-14 18:42:50 DEBUG	vault_processor][39m\nCustID: 274380001045206
Name: ALTAYAR
TradeChannel: HFS Small T.G.
hash: 8f5d02817a5e403d0622347c6b439f538364b6eb799681735b546e4e5da3cd8d
2019/12/14 | 18:42:50 | INFO | [32m[2019-12-14 18:42:50 DEBUG	vault_processor][39m\nCustID: 274380001045212
Name: ALFORSAN
TradeChannel: Self Service T.G
hash: 1018609a1101a5958436d011cf9617970d33b4df98f62edb91b4390e346e6471
2019/12/14 | 18:42:50 | INFO | [32m[2019-12-14 18:42:50 DEBUG	vault_processor][39m\nCustID: 274380001057625
Name: ALSHARQ
TradeChannel: HFS Small T.G.
hash: f3e830a205adc9d68cd1b5f45dad8ae72ee8459111de35864469ec32aae2a790
2019/12/14 | 18:42:50 | INFO | [32m[2019-12-14 18:42:50 DEBUG	vault_processor][39m\nCustID: 274380001057633
Name: SAHARI
TradeChannel: HFS Small T.G.
hash: cc989a90fff477be49f51a752e5cabe32790653f689f42fb93fd3f7a3f4d1112
2019/12/14 | 18:42:50 | INFO | [32m[2019-12-14 18:42:50 DEBUG	vault_processor][39m\nCustID: 274380001059052
Name: ALGADI
TradeChannel: HFS Small T.G.
hash: fa8c7cc823b891c6b327de3daa961ec14c4da5e62821a7392248ff85dbaf0ebc
2019/12/14 | 18:42:50 | INFO | [32m[2019-12-14 18:42:50 DEBUG	vault_processor][39m\nCustID: 274380001060824
Name: ALFREADI
TradeChannel: HFS Small T.G.
hash: c5ecd79f3711ec76c1928f25e1efd6ee40de007393277b8bd5221ff08dfd8f61
Continuing to vault_processor.1576348970464.log
