******************************************************************************************
**
** Perfect Logger Logging System
** Application Version          : 1.0
** Perfect-Logger Version       : 1.5.2
** Application Start Time (UTC) : 18:49:52 2019/12/14
**
** Copyright 2018 Team whileLOOP
**
******************************************************************************************
**
** Log Number               : #15
** Continuing from Log File : vault_processor.1576349626110.log
** Log Start Time (UTC)     : 18:53:46 2019/12/14
**
******************************************************************************************
2019/12/14 | 18:53:46 | INFO | [32m[2019-12-14 18:53:46 DEBUG	vault_processor][39m\nCustID: 274380001081765
Name: N/A
TradeChannel: HFS Small T.G.
hash: 2c644af57b425687c2f4eaa8e45d762c74f928d00fa85acac42f5628d0cbf531
2019/12/14 | 18:53:46 | INFO | [32m[2019-12-14 18:53:46 DEBUG	vault_processor][39m\nCustID: 274380001081869
Name: N/A
TradeChannel: HFS Small T.G.
hash: 4ab74e21249d2e3a8cc52513a70c646f0f72b0ea0069a6a87f8c4d00344b0f2e
2019/12/14 | 18:53:46 | INFO | [32m[2019-12-14 18:53:46 DEBUG	vault_processor][39m\nCustID: 274380001081887
Name: N/A
TradeChannel: HFS Small T.G.
hash: ee4697ed6bedc6fe386dd156a1fba15fbc7a83a89a4014d1dcefdc3fc296e131
2019/12/14 | 18:53:46 | INFO | [32m[2019-12-14 18:53:46 DEBUG	vault_processor][39m\nCustID: 274380001081906
Name: N/A
TradeChannel: HFS Small T.G.
hash: b8bcdd272207c889e53fa98be358976f9c02c52e00c7c0390a505580f7e6b4ba
2019/12/14 | 18:53:46 | INFO | [32m[2019-12-14 18:53:46 DEBUG	vault_processor][39m\nCustID: 274380001081956
Name: N/A
TradeChannel: HFS Small T.G.
hash: 700331ef924353c183230380640d388003adeac18595661711e4906b40d07979
2019/12/14 | 18:53:46 | INFO | [32m[2019-12-14 18:53:46 DEBUG	vault_processor][39m\nCustID: 274380001081970
Name: N/A
TradeChannel: HFS Small T.G.
hash: ff5bb780bf6903db14ccb668fc8b600ded542155e2737d404eb984f4dfd45e11
2019/12/14 | 18:53:46 | INFO | [32m[2019-12-14 18:53:46 DEBUG	vault_processor][39m\nCustID: 274380001081983
Name: N/A
TradeChannel: HFS Small T.G.
hash: d176a36234a93bf4334f38dcaf3ababe5319fef37de9b29b82e449b7bd16e369
2019/12/14 | 18:53:46 | INFO | [32m[2019-12-14 18:53:46 DEBUG	vault_processor][39m\nCustID: 274380001082044
Name: N/A
TradeChannel: HFS Small T.G.
hash: 146e9c7ab5875be4a851b70f66b71c9ebf2fe177dbafc2fe71ebb3c9d9d008bd
2019/12/14 | 18:53:46 | INFO | [32m[2019-12-14 18:53:46 DEBUG	vault_processor][39m\nCustID: 274380001082300
Name: N/A
TradeChannel: HFS Small T.G.
hash: 51a868a05bfb996839531a6825ce284bae74176fdd7507c50954ad977775ca4e
2019/12/14 | 18:53:46 | INFO | [32m[2019-12-14 18:53:46 DEBUG	vault_processor][39m\nCustID: 274380001082303
Name: N/A
TradeChannel: HFS Small T.G.
hash: 22e475b4055a8f2e4c2f27343082be9ef873c27ef8c62208ac9cab13851e598e
2019/12/14 | 18:53:46 | INFO | [32m[2019-12-14 18:53:46 DEBUG	vault_processor][39m\nCustID: 274380001082379
Name: N/A
TradeChannel: HFS Small T.G.
hash: c0064eff8c3c68757774d989227ad49dc3e9a26e3a6d7ee3b93ceadd87ade74b
2019/12/14 | 18:53:46 | INFO | [32m[2019-12-14 18:53:46 DEBUG	vault_processor][39m\nCustID: 274380001082411
Name: N/A
TradeChannel: HFS Small T.G.
hash: 47901258e08caf3d27ddb9b166bc788bb7e951688b083698dfed944a409fa9fe
2019/12/14 | 18:53:46 | INFO | [32m[2019-12-14 18:53:46 DEBUG	vault_processor][39m\nCustID: 274380001082428
Name: N/A
TradeChannel: HFS Small T.G.
hash: 3e172a59e9232c8a3d90e92553d381c1a07de5ee27b5406cfc5c2ea8f7762400
2019/12/14 | 18:53:46 | INFO | [32m[2019-12-14 18:53:46 DEBUG	vault_processor][39m\nCustID: 274380001082455
Name: N/A
TradeChannel: HFS Small T.G.
hash: 76fd8d6d91254e8c443171d202ff2f8602de9af892e0c38cdc875abb2021fb1d
2019/12/14 | 18:53:46 | INFO | [32m[2019-12-14 18:53:46 DEBUG	vault_processor][39m\nCustID: 274380001082497
Name: N/A
TradeChannel: HFS Small T.G.
hash: a28e0d3e319e2bed63887bcc915ab80ddac0b571ab6d71ce8ee4cdaf53f97fa1
2019/12/14 | 18:53:46 | INFO | [32m[2019-12-14 18:53:46 DEBUG	vault_processor][39m\nCustID: 274380001070188
Name: ALMNSHYA STATION SUPPLIES
TradeChannel: HFS Small T.G.
hash: 3011bdb2ee6316c314b6d47e29eafbe29e7bbfe772eff1d58c2185db91f35b78
2019/12/14 | 18:53:46 | INFO | [32m[2019-12-14 18:53:46 DEBUG	vault_processor][39m\nCustID: 274380001079600
Name: N/A
TradeChannel: HFS Small T.G.
hash: 22d3e2dccc359380feaad26d5ffcc7d9ee2d7c12a5d314b9e1e652ce7ac6ed68
2019/12/14 | 18:53:46 | INFO | [32m[2019-12-14 18:53:46 DEBUG	vault_processor][39m\nCustID: 274380001081320
Name: N/A
TradeChannel: HFS Small T.G.
hash: 8ff72def9e5ddfb7a50ea0817ee6ea192e04fb1ec6c977683dc47c79483a6910
2019/12/14 | 18:53:46 | INFO | [32m[2019-12-14 18:53:46 DEBUG	vault_processor][39m\nCustID: 274380001081832
Name: N/A
TradeChannel: HFS Small T.G.
hash: 3abd955e511787e1ee409c92dcc98eae7e3677757977ee2c08ec3a28e7f0ae87
2019/12/14 | 18:53:46 | INFO | [32m[2019-12-14 18:53:46 DEBUG	vault_processor][39m\nCustID: 274380001082614
Name: N/A
TradeChannel: HFS Small T.G.
hash: 4d90cb35f8f20767f870ceab49df0fd0a70c7b4a1354f4c6b2aa54ab95e5e2f3
2019/12/14 | 18:53:46 | INFO | [32m[2019-12-14 18:53:46 DEBUG	vault_processor][39m\nCustID: 274380001082783
Name: N/A
TradeChannel: HFS Small T.G.
hash: 9225e330e6d0b23fcd089f3c1b8821b4fd5a4ec76f12a08a6897f35661df5adc
2019/12/14 | 18:53:46 | INFO | [32m[2019-12-14 18:53:46 DEBUG	vault_processor][39m\nCustID: 274380001082848
Name: N/A
TradeChannel: HFS Small T.G.
hash: 85f61553f1b92bc21f1c675f58f5236ca54e50588f76909d15fa6e796348c92a
2019/12/14 | 18:53:46 | INFO | [32m[2019-12-14 18:53:46 DEBUG	vault_processor][39m\nCustID: 274380001082853
Name: N/A
TradeChannel: HFS Small T.G.
hash: fac411b12bc69fceafc633035d5c6340fc6dbe486869d9618b9df50f612b8208
2019/12/14 | 18:53:46 | INFO | [32m[2019-12-14 18:53:46 DEBUG	vault_processor][39m\nCustID: 274380001082874
Name: N/A
TradeChannel: HFS Small T.G.
hash: 9111be2460aadb52c03fe202f7ba30ae3246136c37f0865f8c8222901fa59eb7
2019/12/14 | 18:53:46 | INFO | [32m[2019-12-14 18:53:46 DEBUG	vault_processor][39m\nCustID: 274380001082913
Name: N/A
TradeChannel: HFS Small T.G.
hash: 9296e4e9fa530882443c7755031dc6dbbc566fbd1f3f7b29a195b22d290b1cb6
2019/12/14 | 18:53:46 | INFO | [32m[2019-12-14 18:53:46 DEBUG	vault_processor][39m\nCustID: 274380001082943
Name: N/A
TradeChannel: HFS Small T.G.
hash: 60915c8ff3e3a70292bb7043b630a75f16fcf0ad2a4530320fbc130dbf0fc7fc
2019/12/14 | 18:53:46 | INFO | [32m[2019-12-14 18:53:46 DEBUG	vault_processor][39m\nCustID: 274380001083683
Name: N/A
TradeChannel: HFS Small T.G.
hash: 23780e3505870227d69ea2fc2b75003856e2099aca8dab3bbba68dc49009a89f
2019/12/14 | 18:53:46 | INFO | [32m[2019-12-14 18:53:46 DEBUG	vault_processor][39m\nCustID: 274380001083851
Name: N/A
TradeChannel: HFS Small T.G.
hash: 21c3e6a12c386c59901760d1925692370ec8ff0401d315f503a5090e4466d02b
2019/12/14 | 18:53:46 | INFO | [32m[2019-12-14 18:53:46 DEBUG	vault_processor][39m\nCustID: 274380001084482
Name: N/A
TradeChannel: HFS Small T.G.
hash: 8499de16d7e37c0279382d8bf03439ad42afeb63799fdc69c09f0c8b01f83629
2019/12/14 | 18:53:46 | INFO | [32m[2019-12-14 18:53:46 DEBUG	vault_processor][39m\nCustID: 274380001084248
Name: N/A
TradeChannel: HFS Small T.G.
hash: b95a1788f8430a8dada3484ffe880d020723b288b90233b551669797ca7eab54
2019/12/14 | 18:53:46 | INFO | [32m[2019-12-14 18:53:46 DEBUG	vault_processor][39m\nCustID: 274380001084948
Name: N/A
TradeChannel: HFS Small T.G.
hash: 9a2f2dceeebe07999b5bda4c104d95ac3d03214443368c2a86edad7194d85206
2019/12/14 | 18:53:46 | INFO | [32m[2019-12-14 18:53:46 DEBUG	vault_processor][39m\nCustID: 274380001084645
Name: N/A
TradeChannel: HFS Small T.G.
hash: 3327994b7dc2d4236a605cd8ea350d419c019418bbe2f2db51195b3ec7e41463
2019/12/14 | 18:53:46 | INFO | [32m[2019-12-14 18:53:46 DEBUG	vault_processor][39m\nCustID: 274380001085236
Name: N/A
TradeChannel: HFS Small T.G.
hash: 088557b609af79f084636a60bf2b303cbee2511561764bbf7e4ba3f689fbeeb6
2019/12/14 | 18:53:46 | INFO | [32m[2019-12-14 18:53:46 DEBUG	vault_processor][39m\nCustID: 274380001085279
Name: N/A
TradeChannel: HFS Small T.G.
hash: 36c3d82eec60b89e216e6a47638f0eb762ff6d07b765522da883bce70e06153e
2019/12/14 | 18:53:46 | INFO | [32m[2019-12-14 18:53:46 DEBUG	vault_processor][39m\nCustID: 274380001075887
Name: MARKAZ ALAQIQ
TradeChannel: HFS Small T.G.
hash: 1d70cdbe35c435534218c364e50c449ab8cf400afc3002edec639bd47a070b26
2019/12/14 | 18:53:46 | INFO | [32m[2019-12-14 18:53:46 DEBUG	vault_processor][39m\nCustID: 274380001081994
Name: N/A
TradeChannel: HFS Small T.G.
hash: 2e020dd0c156f79a2c24ea1ddcc0a629a3f78d6225d9b35e3c486085836b44e7
2019/12/14 | 18:53:46 | INFO | [32m[2019-12-14 18:53:46 DEBUG	vault_processor][39m\nCustID: 274380001082077
Name: N/A
TradeChannel: HFS Small T.G.
hash: 98882ee23256b564a4e696f8ab7dadad321a9ca5104b8ce3fe4df39e13f3a4cc
2019/12/14 | 18:53:46 | INFO | [32m[2019-12-14 18:53:46 DEBUG	vault_processor][39m\nCustID: 274380001082199
Name: N/A
TradeChannel: HFS Small T.G.
hash: 0d155de843d3ac172cdaa585c5ddb39656a0fb81db1d10f8100fb7d35dfbb12e
2019/12/14 | 18:53:46 | INFO | [32m[2019-12-14 18:53:46 DEBUG	vault_processor][39m\nCustID: 274380001082301
Name: N/A
TradeChannel: HFS Small T.G.
hash: 9a2cc53f972a61ea3284ba19b69987d56a0565b769c569e1cc741c0267a2ce22
2019/12/14 | 18:53:46 | INFO | [32m[2019-12-14 18:53:46 DEBUG	vault_processor][39m\nCustID: 274380001082710
Name: N/A
TradeChannel: HFS Small T.G.
hash: 16074f9a434a429b2b106ca8b3947031712601f0c328ca57b16e820bb272f1e7
2019/12/14 | 18:53:46 | INFO | [32m[2019-12-14 18:53:46 DEBUG	vault_processor][39m\nCustID: 274380001085288
Name: N/A
TradeChannel: HFS Small T.G.
hash: bf2cb350ffe1acda245225f1f2bc3b6426dcc096076d35b627ee73dfdb359591
2019/12/14 | 18:53:46 | INFO | [32m[2019-12-14 18:53:46 DEBUG	vault_processor][39m\nCustID: 274380001085397
Name: N/A
TradeChannel: HFS Small T.G.
hash: 03b8059c3110d01f2dddb27dbb5f41c4319264a6a049016a735bff17b5407b82
2019/12/14 | 18:53:46 | INFO | [32m[2019-12-14 18:53:46 DEBUG	vault_processor][39m\nCustID: 274380001085594
Name: N/A
TradeChannel: HFS Small T.G.
hash: 7a81adb772cf75f456b62007478f2f19bc9348e3051a81e020399ae54c07e5f4
Continuing to vault_processor.1576349626594.log
