******************************************************************************************
**
** Perfect Logger Logging System
** Application Version          : 1.0
** Perfect-Logger Version       : 1.5.2
** Application Start Time (UTC) : 18:49:52 2019/12/14
**
** Copyright 2018 Team whileLOOP
**
******************************************************************************************
**
** Log Number               : #62
** Continuing from Log File : vault_processor.1576349683342.log
** Log Start Time (UTC)     : 18:54:43 2019/12/14
**
******************************************************************************************
2019/12/14 | 18:54:43 | INFO | [32m[2019-12-14 18:54:43 DEBUG	vault_processor][39m\nCustID: 274380001061622
Name: ALANSAR
TradeChannel: HFS Small T.G.
hash: 1c73f285cc2ffca707ecde29b55c3f32c2818d398e841ce13b86ba8f75ec705e
2019/12/14 | 18:54:43 | INFO | [32m[2019-12-14 18:54:43 DEBUG	vault_processor][39m\nCustID: 274380001061497
Name: THURIAT ALKHALEEJ
TradeChannel: HFS Small T.G.
hash: ab0fe9bd6a1a0ded5e0c319ecd2ef6b338cee0b33454c6116e99589ea99d5337
2019/12/14 | 18:54:43 | INFO | [32m[2019-12-14 18:54:43 DEBUG	vault_processor][39m\nCustID: 274380001061560
Name: FAISAL
TradeChannel: HFS Small T.G.
hash: 753cf9d941333c4fb76fbb3309842e7b6c67c4c0963786d4407031fca37bb2d1
2019/12/14 | 18:54:43 | INFO | [32m[2019-12-14 18:54:43 DEBUG	vault_processor][39m\nCustID: 274380001079080
Name: arzaq almadinat marikat
TradeChannel: HFS Small T.G.
hash: e884aed085418e2af3738b29b0fdf9a349cd73348265a717b331fb156769e769
2019/12/14 | 18:54:43 | INFO | [32m[2019-12-14 18:54:43 DEBUG	vault_processor][39m\nCustID: 274380001079365
Name: N/A
TradeChannel: HFS Small T.G.
hash: 5e2004e6c5d2fff45abb2131414423ddd8a70fd4ea73d1f259bfc5e40e179277
2019/12/14 | 18:54:43 | INFO | [32m[2019-12-14 18:54:43 DEBUG	vault_processor][39m\nCustID: 274380001079444
Name: N/A
TradeChannel: HFS Small T.G.
hash: b696217c7e419f3168a6a7f11b87740a2a46d892e796a946071e2553929aa850
2019/12/14 | 18:54:43 | INFO | [32m[2019-12-14 18:54:43 DEBUG	vault_processor][39m\nCustID: 274380001079634
Name: N/A
TradeChannel: HFS Small T.G.
hash: d523853a5087b43abc6d2053a043a5a1507bc70cfe507867df202ceea9b1e109
2019/12/14 | 18:54:43 | INFO | [32m[2019-12-14 18:54:43 DEBUG	vault_processor][39m\nCustID: 274380001080258
Name: N/A
TradeChannel: HFS Small T.G.
hash: c79230696cfa9899da273d4984a386d33fdf240eb75ebaa852f51de22f0fd4b4
2019/12/14 | 18:54:43 | INFO | [32m[2019-12-14 18:54:43 DEBUG	vault_processor][39m\nCustID: 274380001079970
Name: N/A
TradeChannel: HFS Small T.G.
hash: 4371dcf952792675c2e9124b52578af7b9bd387784f2f4e9e0d0652b99836119
2019/12/14 | 18:54:43 | INFO | [32m[2019-12-14 18:54:43 DEBUG	vault_processor][39m\nCustID: 274380001052308
Name: ALHARETHI
TradeChannel: HFS Small T.G.
hash: 66f77f56691bef9afda38a53fc89605d9bd009a696a14995ba79ad0fba917009
2019/12/14 | 18:54:43 | INFO | [32m[2019-12-14 18:54:43 DEBUG	vault_processor][39m\nCustID: 274380001080834
Name: N/A
TradeChannel: HFS Small T.G.
hash: 8b174263ba8079ee49a68852de4e812da735cc3bd7d79c87f12c829a12f370f1
2019/12/14 | 18:54:43 | INFO | [32m[2019-12-14 18:54:43 DEBUG	vault_processor][39m\nCustID: 274380001080861
Name: N/A
TradeChannel: HFS Small T.G.
hash: f4f05c4d4e88e87e13a56843847e1ed454c923231c31adb16e9b8fe8336bbc78
2019/12/14 | 18:54:43 | INFO | [32m[2019-12-14 18:54:43 DEBUG	vault_processor][39m\nCustID: 274380001080892
Name: N/A
TradeChannel: HFS Small T.G.
hash: 56773ddfe830a2df3c18a11660a3dfdfa4df33daa1c943e17a73b916ac53dd4c
2019/12/14 | 18:54:46 | INFO | [32m[2019-12-14 18:54:46 DEBUG	vault_processor][39m\nCustID: 274380001080892
Name: N/A
TradeChannel: HFS Small T.G.
hash: 56773ddfe830a2df3c18a11660a3dfdfa4df33daa1c943e17a73b916ac53dd4c
2019/12/14 | 18:54:46 | INFO | [32m[2019-12-14 18:54:46 DEBUG	vault_processor][39m\nCustID: 274380001080947
Name: N/A
TradeChannel: HFS Small T.G.
hash: 48e8d274bb158a2b5b4c22919a4cdec5c583b1ce837f791846893e93683f08b1
2019/12/14 | 18:54:46 | INFO | [32m[2019-12-14 18:54:46 DEBUG	vault_processor][39m\nCustID: 274380001081003
Name: N/A
TradeChannel: HFS Small T.G.
hash: 8dbb09abdbd2c539a4071585486f7385b7fa91bcec20946559b5ed9ce68a75ac
2019/12/14 | 18:54:46 | INFO | [32m[2019-12-14 18:54:46 DEBUG	vault_processor][39m\nCustID: 274380001081129
Name: N/A
TradeChannel: HFS Small T.G.
hash: 71909e84e441a027b5b2d2ca6ffb21ea9be0a2f7c6da0ec8aa6e08f9d5270066
2019/12/14 | 18:54:46 | INFO | [32m[2019-12-14 18:54:46 DEBUG	vault_processor][39m\nCustID: 274380001080918
Name: N/A
TradeChannel: HFS Small T.G.
hash: 2f22e8bbaf846da72adacd7565d24c98a3acbd98d908eded8af65c8c4b62ea8a
2019/12/14 | 18:54:46 | INFO | [32m[2019-12-14 18:54:46 DEBUG	vault_processor][39m\nCustID: 274380001081089
Name: N/A
TradeChannel: HFS Small T.G.
hash: f3a8bcf896cd78bf2c30c2332ebc752e03b70f19b0786c056478c655b5b57036
2019/12/14 | 18:54:46 | INFO | [32m[2019-12-14 18:54:46 DEBUG	vault_processor][39m\nCustID: 274380001081134
Name: N/A
TradeChannel: HFS Small T.G.
hash: 9163218d568054984ee1ccda8bdd2b42768cbab38365afa719bfff69679d4e77
2019/12/14 | 18:54:46 | INFO | [32m[2019-12-14 18:54:46 DEBUG	vault_processor][39m\nCustID: 274380001081144
Name: N/A
TradeChannel: HFS Small T.G.
hash: 7dc9670eec983ef5721b4b28da3a06c5861bc1b8061a3621610d02d079a7990a
2019/12/14 | 18:54:46 | INFO | [32m[2019-12-14 18:54:46 DEBUG	vault_processor][39m\nCustID: 274380001081155
Name: N/A
TradeChannel: HFS Small T.G.
hash: 837ab956b00ea7f675ed1b6ed93bc139247108dba45bdc9863b9b3719d708198
2019/12/14 | 18:54:46 | INFO | [32m[2019-12-14 18:54:46 DEBUG	vault_processor][39m\nCustID: 274380001081161
Name: N/A
TradeChannel: HFS Small T.G.
hash: b3387a91c6f946e80dce7478a523eb8068caebce5e0a8e3799bd4f693993b05c
2019/12/14 | 18:54:46 | INFO | [32m[2019-12-14 18:54:46 DEBUG	vault_processor][39m\nCustID: 274380001081180
Name: N/A
TradeChannel: HFS Small T.G.
hash: 8b797c5fb4e70b0c8b71d59b9679e0e3548466b734c13954b20543868f6935e4
2019/12/14 | 18:54:46 | INFO | [32m[2019-12-14 18:54:46 DEBUG	vault_processor][39m\nCustID: 274380001081551
Name: N/A
TradeChannel: HFS Small T.G.
hash: a83674101ea06814192b0960c7279ecde618b59aab1cc87bcd024fa873fc3d77
2019/12/14 | 18:54:46 | INFO | [32m[2019-12-14 18:54:46 DEBUG	vault_processor][39m\nCustID: 274380001082001
Name: N/A
TradeChannel: HFS Small T.G.
hash: 11ebe84487eaf92c0eb0abff5773fb37f0c40ef8c0f321d62595e90b49cd248e
2019/12/14 | 18:54:46 | INFO | [32m[2019-12-14 18:54:46 DEBUG	vault_processor][39m\nCustID: 274380001081898
Name: N/A
TradeChannel: HFS Small T.G.
hash: 2a78b4f0037d8ece70a8925032735f956a1a6c344373a3b2ac1ada6dcbd9cf78
2019/12/14 | 18:54:46 | INFO | [32m[2019-12-14 18:54:46 DEBUG	vault_processor][39m\nCustID: 274380001080315
Name: N/A
TradeChannel: HFS Small T.G.
hash: 79adf94f31cf3d583d0d9d858df84db14434657417cc3c73fffb67f1bfb6a9f6
2019/12/14 | 18:54:46 | INFO | [32m[2019-12-14 18:54:46 DEBUG	vault_processor][39m\nCustID: 274380001080358
Name: N/A
TradeChannel: HFS Small T.G.
hash: 7c37879530cbfaabf9e059aa714e433407f048803a7ebe3fe89b5b5325cb6006
2019/12/14 | 18:54:46 | INFO | [32m[2019-12-14 18:54:46 DEBUG	vault_processor][39m\nCustID: 274380001080560
Name: N/A
TradeChannel: HFS Small T.G.
hash: f0882b93aacbfd4f45868899360b8c25a078ad9cf263c414247a5fc3a1f5366e
2019/12/14 | 18:54:46 | INFO | [32m[2019-12-14 18:54:46 DEBUG	vault_processor][39m\nCustID: 274380001080820
Name: N/A
TradeChannel: HFS Small T.G.
hash: 7687376c3916f69c9ccd9a57dca14032327665a924f157da6e1d60fd2e82276a
2019/12/14 | 18:54:46 | INFO | [32m[2019-12-14 18:54:46 DEBUG	vault_processor][39m\nCustID: 274380001062403
Name: ALAHMADI
TradeChannel: HFS Small T.G.
hash: b4ba153904dd62668a15c16f432083d26a0c2ad7c1d5d45e3fe2e017f5b1b57b
2019/12/14 | 18:54:46 | INFO | [32m[2019-12-14 18:54:46 DEBUG	vault_processor][39m\nCustID: 274380001080614
Name: N/A
TradeChannel: HFS Small T.G.
hash: 7a3029a8f9074e8757b443c8561aa545f0cedabfa95bdd1b2bf81aeadfaac440
2019/12/14 | 18:54:46 | INFO | [32m[2019-12-14 18:54:46 DEBUG	vault_processor][39m\nCustID: 274380001063181
Name: ALHASANIN
TradeChannel: HFS Small T.G.
hash: 042a1e3b52ccc795314fc0b189239642ce26f1af97083fe5572a7fd8fbc11bb1
2019/12/14 | 18:54:47 | INFO | [32m[2019-12-14 18:54:47 DEBUG	vault_processor][39m\nCustID: 274380001055156
Name: Grocery MARHABA
TradeChannel: HFS Small T.G.
hash: 946ff508b1ca90586379e9715b9b42bb999ef9a640ecb3b75ed445d06e5dd9d5
2019/12/14 | 18:54:47 | INFO | [32m[2019-12-14 18:54:47 DEBUG	vault_processor][39m\nCustID: 274380001061404
Name: AWAN
TradeChannel: HFS Small T.G.
hash: 9da839c3d93f6ef2e33597b65a72ed88730c8d350e9ec35fde81cbae8dd66196
2019/12/14 | 18:54:47 | INFO | [32m[2019-12-14 18:54:47 DEBUG	vault_processor][39m\nCustID: 274380001062055
Name: OBHOR STORE
TradeChannel: HFS Small T.G.
hash: 60c7e6eb8f3ae2195b5e0ece07d381033f8e21996f7776bcc4c8da473362aafc
2019/12/14 | 18:54:47 | INFO | [32m[2019-12-14 18:54:47 DEBUG	vault_processor][39m\nCustID: 274380001082176
Name: N/A
TradeChannel: HFS Small T.G.
hash: 165869f9855e6ba6ac44adc9f8c71961996ddc02de0ff338948adf385837d70f
2019/12/14 | 18:54:47 | INFO | [32m[2019-12-14 18:54:47 DEBUG	vault_processor][39m\nCustID: 274380001082222
Name: N/A
TradeChannel: HFS Small T.G.
hash: 53e4d3894d1d267430480bb4fce03e01aaadf38cc7b6eae92e79ead6e010a6ff
2019/12/14 | 18:54:47 | INFO | [32m[2019-12-14 18:54:47 DEBUG	vault_processor][39m\nCustID: 274380001082353
Name: N/A
TradeChannel: HFS Small T.G.
hash: 36c384f5cacfb8e57cfd9bcb7371416d53516895a74f8fa987c23beb60b210f7
2019/12/14 | 18:54:47 | INFO | [32m[2019-12-14 18:54:47 DEBUG	vault_processor][39m\nCustID: 274380001082586
Name: N/A
TradeChannel: HFS Small T.G.
hash: 4dd8e8935df1a27b68b7c039a52dfc4ec881ca19d0a384f314e3bf5806b4475d
2019/12/14 | 18:54:47 | INFO | [32m[2019-12-14 18:54:47 DEBUG	vault_processor][39m\nCustID: 274380001082507
Name: N/A
TradeChannel: HFS Small T.G.
hash: d5b13b391a10d557948dda5408982fcaead4b3c3967ca7718f9c9d90bf5cca01
2019/12/14 | 18:54:47 | INFO | [32m[2019-12-14 18:54:47 DEBUG	vault_processor][39m\nCustID: 274380001082474
Name: N/A
TradeChannel: HFS Small T.G.
hash: aa506d0d7333b8c516d0fbfff308a6bb497b0293b968b698e6f2d8c7bec84568
2019/12/14 | 18:54:47 | INFO | [32m[2019-12-14 18:54:47 DEBUG	vault_processor][39m\nCustID: 274380001082378
Name: N/A
TradeChannel: HFS Small T.G.
hash: 83bb7bb4260e993ebad71a01e1fd39ec4819429eb2f6033ea36b1e8e3caed6ee
2019/12/14 | 18:54:47 | INFO | [32m[2019-12-14 18:54:47 DEBUG	vault_processor][39m\nCustID: 274380001082809
Name: N/A
TradeChannel: HFS Small T.G.
hash: cb0dea833e8b813b3dd35cb46abf5ddcf2fd59d707ff7a955a95fc7c9db00e77
2019/12/14 | 18:54:47 | INFO | [32m[2019-12-14 18:54:47 DEBUG	vault_processor][39m\nCustID: 274380001082842
Name: N/A
TradeChannel: HFS Small T.G.
hash: 554a6d87aeef58f824683fd91301e376dc2bf181508fce2ed61667dfebcedd9c
2019/12/14 | 18:54:47 | INFO | [32m[2019-12-14 18:54:47 DEBUG	vault_processor][39m\nCustID: 274380001082903
Name: N/A
TradeChannel: HFS Small T.G.
hash: 2f6148bbc77de4ccf856b3b5eb30ac3b0860f163c35ba5c48418944864244272
Continuing to vault_processor.1576349687126.log
