2019/12/14 | 18:41:54 | INFO | [32m[2019-12-14 18:41:54 DEBUG	vault_processor][39m\nCustID: 274380001098922
Name: N/A
TradeChannel: HFS Small T.G.
hash: a4090c961de0b859e6020213538faabf35251a91e3fae27df36379a5985e53e0
******************************************************************************************
**
** Perfect Logger Logging System
** Application Version          : 1.0
** Perfect-Logger Version       : 1.5.2
** Application Start Time (UTC) : 18:40:00 2019/12/14
**
** Copyright 2018 Team whileLOOP
**
******************************************************************************************
**
** Log Number               : #5
** Continuing from Log File : vault_processor.1576348914185.log
** Log Start Time (UTC)     : 18:41:54 2019/12/14
**
******************************************************************************************
2019/12/14 | 18:41:54 | INFO | [32m[2019-12-14 18:41:54 DEBUG	vault_processor][39m\nCustID: 274380001098930
Name: N/A
TradeChannel: HFS Small T.G.
hash: bfb294977df85238b3d4b3708f1c7341fe872d088c70b84bd015fb6db0d974e8
2019/12/14 | 18:41:54 | INFO | [32m[2019-12-14 18:41:54 DEBUG	vault_processor][39m\nCustID: 274380001098932
Name: N/A
TradeChannel: HFS Small T.G.
hash: 2e114de15317e22ebb180926a561f60a3755101ec595ea90d0ef5716ff205284
2019/12/14 | 18:41:54 | INFO | [32m[2019-12-14 18:41:54 DEBUG	vault_processor][39m\nCustID: 274380001098933
Name: N/A
TradeChannel: HFS Small T.G.
hash: d481c1e426dc12b2fd9ac93362b9fcc6a8330417cc0238c4771610101c2489a2
2019/12/14 | 18:41:54 | INFO | [32m[2019-12-14 18:41:54 DEBUG	vault_processor][39m\nCustID: 274380001098998
Name: N/A
TradeChannel: HFS Small T.G.
hash: 42e4a12ed907eaae6d4e49d68827832fc2e4417a22997702579454eb93434caf
2019/12/14 | 18:41:54 | INFO | [32m[2019-12-14 18:41:54 DEBUG	vault_processor][39m\nCustID: 274380001099020
Name: N/A
TradeChannel: HFS Small T.G.
hash: f13b3c5bd3b59327b7fb414aa3170ff3ee6896910ae412c53fdb832fa55d83c9
2019/12/14 | 18:41:54 | INFO | [32m[2019-12-14 18:41:54 DEBUG	vault_processor][39m\nCustID: 274380001099022
Name: N/A
TradeChannel: HFS Small T.G.
hash: 1ea49cf95fd434a48888fb9da8671f38ef34575dd88bf4a29870a3d6ed60a947
2019/12/14 | 18:41:54 | INFO | [32m[2019-12-14 18:41:54 DEBUG	vault_processor][39m\nCustID: 274380001099025
Name: N/A
TradeChannel: HFS Small T.G.
hash: 70421803401162db8b7d06f53ae3ffbdea276e1147d5d327bf608e80542883d0
2019/12/14 | 18:41:54 | INFO | [32m[2019-12-14 18:41:54 DEBUG	vault_processor][39m\nCustID: 274380001099028
Name: N/A
TradeChannel: HFS Small T.G.
hash: b24c45a4bf74662fe438e114a1ca1e01d5bd1a1dd73d1bf7ef71b3958d0b1ae6
2019/12/14 | 18:41:54 | INFO | [32m[2019-12-14 18:41:54 DEBUG	vault_processor][39m\nCustID: 274380001099087
Name: N/A
TradeChannel: HFS Small T.G.
hash: 55bd95ff81f6b7e4d5362c5640fee4b94a1e49abfecf34502496cef28bf85a7a
2019/12/14 | 18:41:54 | INFO | [32m[2019-12-14 18:41:54 DEBUG	vault_processor][39m\nCustID: 274380001099088
Name: N/A
TradeChannel: HFS Small T.G.
hash: 871c7815ad66d48ec7f2020a7e2cbae4ceb5a3de7db064261bd7420c2d220f5c
2019/12/14 | 18:41:54 | INFO | [32m[2019-12-14 18:41:54 DEBUG	vault_processor][39m\nCustID: 274380001099094
Name: N/A
TradeChannel: HFS Small T.G.
hash: 42b0b25a079ed9721ca46bdf79ee8f5e69349c3aebfab039c5cf422b814cde5c
2019/12/14 | 18:41:54 | INFO | [32m[2019-12-14 18:41:54 DEBUG	vault_processor][39m\nCustID: 274380001099150
Name: N/A
TradeChannel: HFS Small T.G.
hash: 5025d6c2364acea1dc5195425a4ff4a1f0a18fd4d53583f2ab2948b85a8d309b
2019/12/14 | 18:41:54 | INFO | [32m[2019-12-14 18:41:54 DEBUG	vault_processor][39m\nCustID: 274380001099226
Name: N/A
TradeChannel: HFS Small T.G.
hash: f44a5bacde76d468b76de54d43ea1574016ec1ca6e2f81a0110c616ab89d83b5
2019/12/14 | 18:41:54 | INFO | [32m[2019-12-14 18:41:54 DEBUG	vault_processor][39m\nCustID: 274380001099227
Name: N/A
TradeChannel: HFS Small T.G.
hash: 97b806c15af52fed79efc23c03afca6ac5e640a22a805bc25ce51b5ada7a5231
2019/12/14 | 18:41:54 | INFO | [32m[2019-12-14 18:41:54 DEBUG	vault_processor][39m\nCustID: 274380001098785
Name: N/A
TradeChannel: HFS Small T.G.
hash: fbc59955c783f3320c27d398a61349153721f89b375ec4219abf9f6a213b8062
2019/12/14 | 18:41:54 | INFO | [32m[2019-12-14 18:41:54 DEBUG	vault_processor][39m\nCustID: 274380001095654
Name: N/A
TradeChannel: HFS Small T.G.
hash: f12185e32695f3f92248ec3985a270cbb386680eb7602480ee4424dd5d991a36
2019/12/14 | 18:41:54 | INFO | [32m[2019-12-14 18:41:54 DEBUG	vault_processor][39m\nCustID: 274380001098885
Name: N/A
TradeChannel: HFS Small T.G.
hash: 19ca0e3bc690ce4458e196124507a612fe914bdfa029cd3b69ad4efb5aa05b98
2019/12/14 | 18:41:54 | INFO | [32m[2019-12-14 18:41:54 DEBUG	vault_processor][39m\nCustID: 274380001098970
Name: N/A
TradeChannel: HFS Small T.G.
hash: a4c022565bca320d6adbf133054dc83c828ab2cf62c1c662fe771b41b5f64f2a
2019/12/14 | 18:41:54 | INFO | [32m[2019-12-14 18:41:54 DEBUG	vault_processor][39m\nCustID: 274380001098984
Name: N/A
TradeChannel: HFS Small T.G.
hash: 81c8bff077fd76f85cc733d6ee161dee8aad0481c11127ae7029cb2a9baa7cb9
2019/12/14 | 18:41:54 | INFO | [32m[2019-12-14 18:41:54 DEBUG	vault_processor][39m\nCustID: 274380001099058
Name: N/A
TradeChannel: HFS Small T.G.
hash: 6cab9796416b63f45d7ec14ee8f54e11b2d7ef06df3f3e4aaab4a0ecc9ddbaeb
2019/12/14 | 18:41:54 | INFO | [32m[2019-12-14 18:41:54 DEBUG	vault_processor][39m\nCustID: 274380001099190
Name: N/A
TradeChannel: HFS Small T.G.
hash: bc22b67222321739a93b798020da811f4f6ea1533f59b912d077f92c4f47cf38
2019/12/14 | 18:41:54 | INFO | [32m[2019-12-14 18:41:54 DEBUG	vault_processor][39m\nCustID: 274380001099212
Name: N/A
TradeChannel: HFS Small T.G.
hash: 0f25428f796cff5b1b4fd98eaa294bb295f1704f7e3df1340d32ba5ecc2d62e2
2019/12/14 | 18:41:54 | INFO | [32m[2019-12-14 18:41:54 DEBUG	vault_processor][39m\nCustID: 274380001099231
Name: N/A
TradeChannel: HFS Small T.G.
hash: 1244b87484ad9e9735f2ac7abfa7ee5a93564afc30f684e3c6a213a94289e15d
2019/12/14 | 18:41:54 | INFO | [32m[2019-12-14 18:41:54 DEBUG	vault_processor][39m\nCustID: 274380001099304
Name: N/A
TradeChannel: HFS Small T.G.
hash: 0547f4ec1fda1129854ec361c5e509c3c21bb46ed4d6812b3f208275ab60ddc0
2019/12/14 | 18:41:54 | INFO | [32m[2019-12-14 18:41:54 DEBUG	vault_processor][39m\nCustID: 274380001099308
Name: N/A
TradeChannel: HFS Small T.G.
hash: 76b61b408410ff3bd6a18408e35d35e50fef51e4f7e8450787046f186b6dad6d
2019/12/14 | 18:41:54 | INFO | [32m[2019-12-14 18:41:54 DEBUG	vault_processor][39m\nCustID: 274380001099311
Name: N/A
TradeChannel: HFS Small T.G.
hash: ba3fcb4c1c7192521a7c4b0fc0379dc8b8bb2ce66b2e5dca199c5a6974f98035
2019/12/14 | 18:41:54 | INFO | [32m[2019-12-14 18:41:54 DEBUG	vault_processor][39m\nCustID: 274380001099312
Name: N/A
TradeChannel: HFS Small T.G.
hash: bc48b92272a71b31415d681ac60926c89d29b2dbfd97032d18c84dddfbf8e746
2019/12/14 | 18:41:54 | INFO | [32m[2019-12-14 18:41:54 DEBUG	vault_processor][39m\nCustID: 274380001099313
Name: N/A
TradeChannel: HFS Small T.G.
hash: 024f5ca4e72489c13ca64cce3cedd5ccba2849f5849ecd5bf98ce9391a098879
2019/12/14 | 18:41:54 | INFO | [32m[2019-12-14 18:41:54 DEBUG	vault_processor][39m\nCustID: 274380001099314
Name: N/A
TradeChannel: HFS Small T.G.
hash: 1fbdf1d82bed2061fb08305efba01d090fd0afa8d2626e19847e9c586a14c3ca
2019/12/14 | 18:41:54 | INFO | [32m[2019-12-14 18:41:54 DEBUG	vault_processor][39m\nCustID: 274380001099315
Name: N/A
TradeChannel: HFS Small T.G.
hash: 7eb57877a78cb5fdb2377039cfd9a8d563ab81b07281795b6f9413edba6d6d12
2019/12/14 | 18:41:54 | INFO | [32m[2019-12-14 18:41:54 DEBUG	vault_processor][39m\nCustID: 274380001099318
Name: N/A
TradeChannel: HFS Small T.G.
hash: 6a7ed842d9f40e2106049fc14dd60451e8f85080d3d523ddb8390a4de999e2d2
2019/12/14 | 18:41:54 | INFO | [32m[2019-12-14 18:41:54 DEBUG	vault_processor][39m\nCustID: 274380001099319
Name: N/A
TradeChannel: HFS Small T.G.
hash: c511cf8b301c546777790f43f4617882b2d195f50075bdd48f1c673514a36225
2019/12/14 | 18:41:54 | INFO | [32m[2019-12-14 18:41:54 DEBUG	vault_processor][39m\nCustID: 274380001099321
Name: N/A
TradeChannel: HFS Small T.G.
hash: ae7d70593e40207e454deb34bffbd19fa2c303852493778bc212c78dc4aa0c28
2019/12/14 | 18:41:54 | INFO | [32m[2019-12-14 18:41:54 DEBUG	vault_processor][39m\nCustID: 274380001099385
Name: N/A
TradeChannel: HFS Small T.G.
hash: 9f61dd37fdec02b503a8cd4804099c5595f8b181667542854d4d10006eadcb9e
2019/12/14 | 18:41:54 | INFO | [32m[2019-12-14 18:41:54 DEBUG	vault_processor][39m\nCustID: 274380001099320
Name: N/A
TradeChannel: HFS Small T.G.
hash: 3a76eb0f12845699d1276158cd0c1d5262df849307d65a85c5bc984e229ecb09
2019/12/14 | 18:41:54 | INFO | [32m[2019-12-14 18:41:54 DEBUG	vault_processor][39m\nCustID: 274380001099394
Name: N/A
TradeChannel: HFS Small T.G.
hash: 314cccaccec1f911c2f3cd5460bc7fae1524c8328f3a7e30e1b9ebf3d81c0869
2019/12/14 | 18:41:54 | INFO | [32m[2019-12-14 18:41:54 DEBUG	vault_processor][39m\nCustID: 274380001099402
Name: N/A
TradeChannel: HFS Small T.G.
hash: 3b861fcdbdfb932b3f2721d8beb41d4456ee72b72807dc1015c248ad224bf3d6
2019/12/14 | 18:41:54 | INFO | [32m[2019-12-14 18:41:54 DEBUG	vault_processor][39m\nCustID: 274380001099413
Name: N/A
TradeChannel: HFS Small T.G.
hash: 9686e32f34fa0311dd99b5956a7df280a251fcf725455e0884a7ec94b90f7660
2019/12/14 | 18:41:54 | INFO | [32m[2019-12-14 18:41:54 DEBUG	vault_processor][39m\nCustID: 274380001099444
Name: N/A
TradeChannel: HFS Small T.G.
hash: a5ac2ec1d8ae8c7029ee0ee7cbf84c6f25098d810b3de18b9b8ec114c829cae2
2019/12/14 | 18:41:54 | INFO | [32m[2019-12-14 18:41:54 DEBUG	vault_processor][39m\nCustID: 274380001099479
Name: N/A
TradeChannel: HFS Small T.G.
hash: 3e07cdbdc9f868f5b79dcecc87691c7b203466cd8f0e75f3030a257a6c3774ed
2019/12/14 | 18:41:54 | INFO | [32m[2019-12-14 18:41:54 DEBUG	vault_processor][39m\nCustID: 274380001099570
Name: N/A
TradeChannel: HFS Small T.G.
hash: a34d0c0fbd7adfd934fd934d29be22ba293f4be4075ca637d823042722d8acc0
2019/12/14 | 18:41:54 | INFO | [32m[2019-12-14 18:41:54 DEBUG	vault_processor][39m\nCustID: 274380001099596
Name: N/A
TradeChannel: HFS Small T.G.
hash: 97e28700337d06be7294c51357748820232ec15747947f99f664a2000c666eb4
2019/12/14 | 18:41:54 | INFO | [32m[2019-12-14 18:41:54 DEBUG	vault_processor][39m\nCustID: 274380001099646
Name: N/A
TradeChannel: HFS Small T.G.
hash: f4a7418bfcf5ff7609b60949402678b654b496c0ea40769c7f22c0eab3dc508b
2019/12/14 | 18:41:54 | INFO | [32m[2019-12-14 18:41:54 DEBUG	vault_processor][39m\nCustID: 274380001099653
Name: N/A
TradeChannel: HFS Small T.G.
hash: 93c0b453c97052b09f4ad7f5145bffe23d560f9931829ab6fad0f0a448bdf132
2019/12/14 | 18:41:54 | INFO | [32m[2019-12-14 18:41:54 DEBUG	vault_processor][39m\nCustID: 274380001095772
Name: N/A
TradeChannel: HFS Small T.G.
hash: 23ca1c240b6737bdd59cb6394da13f98624880bd2291c9971c4eba7319578c87
2019/12/14 | 18:41:54 | INFO | [32m[2019-12-14 18:41:54 DEBUG	vault_processor][39m\nCustID: 274380001099275
Name: N/A
TradeChannel: HFS Small T.G.
hash: 40048625410cf18c658ab9f8d81a1a471f10e3a6793fcaab88d74b1b5de7c939
2019/12/14 | 18:41:54 | INFO | [32m[2019-12-14 18:41:54 DEBUG	vault_processor][39m\nCustID: 274380001099293
Name: N/A
TradeChannel: HFS Small T.G.
hash: b6a0e96fcf54e0d926870e8610a8b07afcb10a9f3215e085624fb9c02ea59015
2019/12/14 | 18:41:54 | INFO | [32m[2019-12-14 18:41:54 DEBUG	vault_processor][39m\nCustID: 274380001099325
Name: N/A
TradeChannel: HFS Small T.G.
hash: 3843ecac67e88014a7fbc752a73e335c6679a724f1e3b071072ecc95157aa4fb
2019/12/14 | 18:41:54 | INFO | [32m[2019-12-14 18:41:54 DEBUG	vault_processor][39m\nCustID: 274380001099336
Name: N/A
TradeChannel: HFS Small T.G.
hash: 468b330684b92ef05bad2b975890a2e2fb06fd82b89a3613df11e7ea893222f8
2019/12/14 | 18:41:54 | INFO | [32m[2019-12-14 18:41:54 DEBUG	vault_processor][39m\nCustID: 274380001099486
Name: N/A
TradeChannel: HFS Small T.G.
hash: e10b7beb4935bdc06cb40c7dea939e0a72b3f85e329bf1b0a074a545814d4268
2019/12/14 | 18:41:54 | INFO | [32m[2019-12-14 18:41:54 DEBUG	vault_processor][39m\nCustID: 274380001099514
Name: N/A
TradeChannel: HFS Small T.G.
hash: e6458402816fb0e610f9b70916480f8691e00c98bae30c77d5ea0bb943655bf1
2019/12/14 | 18:41:54 | INFO | [32m[2019-12-14 18:41:54 DEBUG	vault_processor][39m\nCustID: 274380001099528
Name: N/A
TradeChannel: HFS Small T.G.
hash: b7163eacb13d38a3aa5f9b303788aa1a642b8746ed9454ea6d6621609d644dea
2019/12/14 | 18:41:54 | INFO | [32m[2019-12-14 18:41:54 DEBUG	vault_processor][39m\nCustID: 274380001099534
Name: N/A
TradeChannel: HFS Small T.G.
hash: 8ed0bc00e7433464449b622d16ca12f53ec8f063a12e418e7c1699b18867cb56
2019/12/14 | 18:41:54 | INFO | [32m[2019-12-14 18:41:54 DEBUG	vault_processor][39m\nCustID: 274380001099541
Name: N/A
TradeChannel: HFS Small T.G.
hash: 584630f1c6f979897e2e90bd62ad893a5f18bb56c1df95ade9424ed5e4e4aa9a
2019/12/14 | 18:41:54 | INFO | [32m[2019-12-14 18:41:54 DEBUG	vault_processor][39m\nCustID: 274380001099616
Name: N/A
TradeChannel: HFS Small T.G.
hash: db4ea9a8acbbcc7e559ce6cbb28f977c15b19a0639686dd979d8cba0bf24a05e
2019/12/14 | 18:41:54 | INFO | [32m[2019-12-14 18:41:54 DEBUG	vault_processor][39m\nCustID: 274380001099567
Name: N/A
TradeChannel: HFS Small T.G.
hash: 3d95c307d66762983322e8790716570336574630b695b909d61505c5e68ddd89
2019/12/14 | 18:41:54 | INFO | [32m[2019-12-14 18:41:54 DEBUG	vault_processor][39m\nCustID: 274380001091615
Name: N/A
TradeChannel: HFS Small T.G.
hash: 6ff6a024675aa7115825f4a42f3aa629ea2b43aec91681e2a05582583e0d986d
2019/12/14 | 18:41:54 | INFO | [32m[2019-12-14 18:41:54 DEBUG	vault_processor][39m\nCustID: 274380001099625
Name: N/A
TradeChannel: HFS Small T.G.
hash: ee86caeca64dd12a114b56e2fbbfe2d948b63ce0dec152b10198831eee71cef9
2019/12/14 | 18:41:54 | INFO | [32m[2019-12-14 18:41:54 DEBUG	vault_processor][39m\nCustID: 274380001099669
Name: N/A
TradeChannel: HFS Small T.G.
hash: 784fa10faaa38846cc5cec77ff2a6a809abd6c79eda05eb63d73abb978845191
2019/12/14 | 18:41:54 | INFO | [32m[2019-12-14 18:41:54 DEBUG	vault_processor][39m\nCustID: 274380001099944
Name: N/A
TradeChannel: HFS Small T.G.
hash: 2a02795951e8e40d1f522f468edbe420f3f49ff4e692254866f64dea48d27ccf
2019/12/14 | 18:41:54 | INFO | [32m[2019-12-14 18:41:54 DEBUG	vault_processor][39m\nCustID: 274380001099640
Name: N/A
TradeChannel: HFS Small T.G.
hash: 6824c8e10afba58fb285873e3aa83a0426315d2c2e8dcb59852d207b1d0784e2
2019/12/14 | 18:41:54 | INFO | [32m[2019-12-14 18:41:54 DEBUG	vault_processor][39m\nCustID: 274380001091772
Name: N/A
TradeChannel: HFS Small T.G.
hash: 7c72de35f638649e6f79f8b8eac64e58e63719f486809ba665716b1982940b60
2019/12/14 | 18:41:54 | INFO | [32m[2019-12-14 18:41:54 DEBUG	vault_processor][39m\nCustID: 274380001099635
Name: N/A
TradeChannel: HFS Small T.G.
hash: f668c2ca09030e5fe19b7540d2fe103977f3f768e7bea6b0f0d74b1d3ba66bcd
2019/12/14 | 18:41:54 | INFO | [32m[2019-12-14 18:41:54 DEBUG	vault_processor][39m\nCustID: 274380001099849
Name: N/A
TradeChannel: HFS Small T.G.
hash: 759ad7a8ae78be5207df0ac885239d524afabad2f68bfa174a5e24e303993ea9
2019/12/14 | 18:41:54 | INFO | [32m[2019-12-14 18:41:54 DEBUG	vault_processor][39m\nCustID: 274380001099737
Name: N/A
TradeChannel: HFS Small T.G.
hash: b497e025f038fdbb85f79e7aad7065e90fb0c2c0f72ff2613b3ef9748d1bb197
2019/12/14 | 18:41:54 | INFO | [32m[2019-12-14 18:41:54 DEBUG	vault_processor][39m\nCustID: 274380001099739
Name: N/A
TradeChannel: HFS Small T.G.
hash: e97d0c8e66e023a8dcef7dc7dd6f01d45bcaab13bdbe3ac15dac3b752af11011
2019/12/14 | 18:41:54 | INFO | [32m[2019-12-14 18:41:54 DEBUG	vault_processor][39m\nCustID: 274380001099763
Name: N/A
TradeChannel: HFS Small T.G.
hash: fac6149e65014d0783f3ed10bac69a0be4ac04891cd2e74037999095e05d4509
2019/12/14 | 18:41:54 | INFO | [32m[2019-12-14 18:41:54 DEBUG	vault_processor][39m\nCustID: 274380001099861
Name: N/A
TradeChannel: HFS Small T.G.
hash: a9c255c025a02d94a14ceaea5cd897ed0bbd5e0ea435dd57aad6572f60e896f6
2019/12/14 | 18:41:54 | INFO | [32m[2019-12-14 18:41:54 DEBUG	vault_processor][39m\nCustID: 274380001099880
Name: N/A
TradeChannel: HFS Small T.G.
hash: d364a92443bd392a61beda5970f0a682fedbcec1ee8135d91626e1798d2a5de8
2019/12/14 | 18:41:54 | INFO | [32m[2019-12-14 18:41:54 DEBUG	vault_processor][39m\nCustID: 274380001099881
Name: N/A
TradeChannel: HFS Small T.G.
hash: fbcd95219ba4e50561cf2befe4916fd1a761c1eb43fddbf9c1cadeacc51d7622
2019/12/14 | 18:41:54 | INFO | [32m[2019-12-14 18:41:54 DEBUG	vault_processor][39m\nCustID: 274380001099883
Name: N/A
TradeChannel: HFS Small T.G.
hash: 731867727001c5c5917a4b6e4559b7d844f232629b94be471d0a8c1fc965e188
2019/12/14 | 18:41:54 | INFO | [32m[2019-12-14 18:41:54 DEBUG	vault_processor][39m\nCustID: 274380001099934
Name: N/A
TradeChannel: HFS Small T.G.
hash: 60def634d9b067e16f6d0c92ee4f22c6f8d191d2b97959f00f9002b46ad69eb5
2019/12/14 | 18:41:54 | INFO | [32m[2019-12-14 18:41:54 DEBUG	vault_processor][39m\nCustID: 274380001099936
Name: N/A
TradeChannel: HFS Small T.G.
hash: 8c2c7c30de4d99d23965f0252079e62a5da71ad71735e04785dd5d00db3811db
2019/12/14 | 18:41:54 | INFO | [32m[2019-12-14 18:41:54 DEBUG	vault_processor][39m\nCustID: 274380001099937
Name: N/A
TradeChannel: HFS Small T.G.
hash: 6e21799d83dd62379cc28e52860dd9c9ff3ec1c21b0f61023f2acf711273ac4b
2019/12/14 | 18:41:54 | INFO | [32m[2019-12-14 18:41:54 DEBUG	vault_processor][39m\nCustID: 274380001099938
Name: N/A
TradeChannel: HFS Small T.G.
hash: 883ada8d999d2bec185a6c96754e03fa27d0929094a37b445279c3a9e6687acb
2019/12/14 | 18:41:54 | INFO | [32m[2019-12-14 18:41:54 DEBUG	vault_processor][39m\nCustID: 274380001099942
Name: N/A
TradeChannel: HFS Small T.G.
hash: 1a47152d5d27b5c535da95544e8bdd52ebcf41ac7c7ee360ef3760183c6f0cb1
2019/12/14 | 18:41:54 | INFO | [32m[2019-12-14 18:41:54 DEBUG	vault_processor][39m\nCustID: 274380001099945
Name: N/A
TradeChannel: HFS Small T.G.
hash: 4e01b03e282f95ac676e36a92a190c912a1920bc53f25b3f9a7d31b50bb0bfe2
2019/12/14 | 18:41:54 | INFO | [32m[2019-12-14 18:41:54 DEBUG	vault_processor][39m\nCustID: 274380001099949
Name: N/A
TradeChannel: HFS Small T.G.
hash: 58491ecd22b39ee8433fd69217cf247f8aac1bc99239573c13d697a85c6711f3
2019/12/14 | 18:41:54 | INFO | [32m[2019-12-14 18:41:54 DEBUG	vault_processor][39m\nCustID: 274380001099980
Name: N/A
TradeChannel: HFS Small T.G.
hash: a79ce13701a844a8383ec38a31df0da0fd2534ebb5a9515b187505b0c2cb14fd
2019/12/14 | 18:41:54 | INFO | [32m[2019-12-14 18:41:54 DEBUG	vault_processor][39m\nCustID: 274380001100281
Name: N/A
TradeChannel: HFS Small T.G.
hash: ccc49ef70f1b769bbff656a455d5ec912820868170503327d2f096dc6775f91b
2019/12/14 | 18:41:54 | INFO | [32m[2019-12-14 18:41:54 DEBUG	vault_processor][39m\nCustID: 274380001100147
Name: N/A
TradeChannel: HFS Small T.G.
hash: 1fa1706f7d9c165212ac61d6e925568f6718d249feab689056bc35064b761c2c
2019/12/14 | 18:41:54 | INFO | [32m[2019-12-14 18:41:54 DEBUG	vault_processor][39m\nCustID: 274380001100437
Name: N/A
TradeChannel: HFS Small T.G.
hash: a6a4081a1767350c2cd20478e95a4ebb926eccb6c30579742a35376bbe096d9b
2019/12/14 | 18:41:54 | INFO | [32m[2019-12-14 18:41:54 DEBUG	vault_processor][39m\nCustID: 274380001100539
Name: N/A
TradeChannel: HFS Small T.G.
hash: 77b8f69385527c3504da829f20f409257ec21f78dc89b628071d8988ef0c3310
2019/12/14 | 18:41:54 | INFO | [32m[2019-12-14 18:41:54 DEBUG	vault_processor][39m\nCustID: 274380001100542
Name: N/A
TradeChannel: HFS Small T.G.
hash: 27efb16f20dced44daa09611f355ed4ea9a1d007ec6b140e667372ad4854b3a1
2019/12/14 | 18:41:54 | INFO | [32m[2019-12-14 18:41:54 DEBUG	vault_processor][39m\nCustID: 274380001100750
Name: N/A
TradeChannel: HFS Small T.G.
hash: 1aa368b26eeb4ed40ad9b820e053dd22942ec7ca52119854163e61cee4c52435
2019/12/14 | 18:41:54 | INFO | [32m[2019-12-14 18:41:54 DEBUG	vault_processor][39m\nCustID: 274380001100294
Name: N/A
TradeChannel: HFS Small T.G.
hash: 42a01472dcdaff9a1d8de9da29dd1a46cea4df38e31dd0f491db7837cd5b82ff
2019/12/14 | 18:41:54 | INFO | [32m[2019-12-14 18:41:54 DEBUG	vault_processor][39m\nCustID: 274380001100617
Name: N/A
TradeChannel: HFS Small T.G.
hash: 51e78b486104b8b519d426cb344615d898b99e99daf350e5854fe580c24535f2
2019/12/14 | 18:41:54 | INFO | [32m[2019-12-14 18:41:54 DEBUG	vault_processor][39m\nCustID: 274380001100302
Name: N/A
TradeChannel: HFS Small T.G.
hash: f24677de13ff501d4caf0149e51672e503bcbfcdf025b51d864afbc69dcc27a3
2019/12/14 | 18:41:54 | INFO | [32m[2019-12-14 18:41:54 DEBUG	vault_processor][39m\nCustID: 274380001100686
Name: N/A
TradeChannel: HFS Small T.G.
hash: 616bd5c19163a817866b3b653d646d607e04c3d582df6bc5392b9704daf3c086
2019/12/14 | 18:41:54 | INFO | [32m[2019-12-14 18:41:54 DEBUG	vault_processor][39m\nCustID: 274380001100752
Name: N/A
TradeChannel: HFS Small T.G.
hash: d848a54fdd50a64f4d12f1e6772967a943227214ba93cbb72071d9eb9f4d1e61
2019/12/14 | 18:41:54 | INFO | [32m[2019-12-14 18:41:54 DEBUG	vault_processor][39m\nCustID: 274380001100745
Name: N/A
TradeChannel: HFS Small T.G.
hash: 88050dfb32a41a712da51e4db18ebad46c259716c196bcf0a14fb6590d18ab95
2019/12/14 | 18:41:54 | INFO | [32m[2019-12-14 18:41:54 DEBUG	vault_processor][39m\nCustID: 274380001100656
Name: N/A
TradeChannel: HFS Small T.G.
hash: 422e559c47546a25e12272b28f0696658e149106c64fcec2b2193a4c58f1b63c
2019/12/14 | 18:41:54 | INFO | [32m[2019-12-14 18:41:54 DEBUG	vault_processor][39m\nCustID: 274380001100543
Name: N/A
TradeChannel: HFS Small T.G.
hash: 57957dacabf0331fd58806bf2307e73e23b53b85326e1411fccdd99b16416ced
2019/12/14 | 18:41:54 | INFO | [32m[2019-12-14 18:41:54 DEBUG	vault_processor][39m\nCustID: 274380001100402
Name: N/A
TradeChannel: HFS Small T.G.
hash: 94ebadd08d3473c5d68b8b55d8f027bd31dd42085f80aa2293ddbf5921a37727
Continuing to vault_processor.1576348914849.log
