******************************************************************************************
**
** Perfect Logger Logging System
** Application Version          : 1.0
** Perfect-Logger Version       : 1.5.2
** Application Start Time (UTC) : 18:49:52 2019/12/14
**
** Copyright 2018 Team whileLOOP
**
******************************************************************************************
**
** Log Number               : #55
** Continuing from Log File : vault_processor.1576349677037.log
** Log Start Time (UTC)     : 18:54:37 2019/12/14
**
******************************************************************************************
2019/12/14 | 18:54:37 | INFO | [32m[2019-12-14 18:54:37 DEBUG	vault_processor][39m\nCustID: 274380001067372
Name: mobark alsyary
TradeChannel: HFS Small T.G.
hash: 7e03705568088e32a7a88839c83d95fcc3071235c5cab4971ecc9e3796bb2585
2019/12/14 | 18:54:37 | INFO | [32m[2019-12-14 18:54:37 DEBUG	vault_processor][39m\nCustID: 274380001067218
Name: tmweenat alshaty
TradeChannel: HFS Small T.G.
hash: a2bd6ee418e4cf8c8abb0d85c6e532e8ef59b098717ac50a90a27051984f2618
2019/12/14 | 18:54:37 | INFO | [32m[2019-12-14 18:54:37 DEBUG	vault_processor][39m\nCustID: 274380001052534
Name: ALTADAMUN
TradeChannel: HFS Small T.G.
hash: 17772792cdc06f6df55163e71eb25f22c707d06997e66ebf37f0bfe33d6dbebe
2019/12/14 | 18:54:37 | INFO | [32m[2019-12-14 18:54:37 DEBUG	vault_processor][39m\nCustID: 274380001052668
Name: ALMASHHORY STORES
TradeChannel: HFS Small T.G.
hash: 21b73a1565605e71dce1aff6de0628becc442fe7a4ef552f6729b27f7b64ed35
2019/12/14 | 18:54:37 | INFO | [32m[2019-12-14 18:54:37 DEBUG	vault_processor][39m\nCustID: 274380001067673
Name: ALMNHALE
TradeChannel: HFS Small T.G.
hash: 7a8e39a97f0a4e8e1bf5bfb87bfdde575f27ff92abde16ff8bb70500e06ac029
2019/12/14 | 18:54:37 | INFO | [32m[2019-12-14 18:54:37 DEBUG	vault_processor][39m\nCustID: 274380001054371
Name: BELAL STORE
TradeChannel: HFS Small T.G.
hash: 3cc327967f35169094f425c45f150452e475b85d9aa7090b8e0d7abdfda7b7d7
2019/12/14 | 18:54:37 | INFO | [32m[2019-12-14 18:54:37 DEBUG	vault_processor][39m\nCustID: 274380001068075
Name: leen centar
TradeChannel: HFS Small T.G.
hash: 9aa6422cc63aa9edfd6ddec22e7ec3fe85142f54b9833db279ad82dac37d2c42
2019/12/14 | 18:54:37 | INFO | [32m[2019-12-14 18:54:37 DEBUG	vault_processor][39m\nCustID: 274380001068046
Name: tmweenat alaqsaa
TradeChannel: HFS Small T.G.
hash: 19ad6d6881b385d871b382425054c3a5479bc91cc84ecb7ec7598823d1eb1b6e
2019/12/14 | 18:54:37 | INFO | [32m[2019-12-14 18:54:37 DEBUG	vault_processor][39m\nCustID: 274380001055534
Name: ALMERQAB
TradeChannel: HFS Small T.G.
hash: 4ca48959b4b467f3800e732f2d2cb5e5eebb583add7b54c4038e7104d66c4531
2019/12/14 | 18:54:37 | INFO | [32m[2019-12-14 18:54:37 DEBUG	vault_processor][39m\nCustID: 274380001067717
Name: tmweenat lafy salih alharby 1
TradeChannel: HFS Small T.G.
hash: 95595ebaf52471e768f9c472e8080bb310269090c997e3a352d5326d3c84b72b
2019/12/14 | 18:54:37 | INFO | [32m[2019-12-14 18:54:37 DEBUG	vault_processor][39m\nCustID: 274380001067816
Name: wsam hail
TradeChannel: HFS Small T.G.
hash: 5e714d3ed3f88a5b212bc9c2f633da59970d79666d17feebaa6e4a092f0166fc
2019/12/14 | 18:54:37 | INFO | [32m[2019-12-14 18:54:37 DEBUG	vault_processor][39m\nCustID: 274380001068056
Name: mariam al zahrani est.
TradeChannel: HFS Small T.G.
hash: a49e83826a8393644d15848f8c053d708224c08e6cf8dc6b4386c6dc8a608894
2019/12/14 | 18:54:37 | INFO | [32m[2019-12-14 18:54:37 DEBUG	vault_processor][39m\nCustID: 274380001067511
Name: markaz alblasteek
TradeChannel: HFS Small T.G.
hash: f11748350cd16d8c9b964e7bf1dacbb68fb67fdf03ffa09e670fd255b723b87c
2019/12/14 | 18:54:37 | INFO | [32m[2019-12-14 18:54:37 DEBUG	vault_processor][39m\nCustID: 274380001068445
Name: ABD AWAD AWAD ALTHBITI
TradeChannel: HFS Small T.G.
hash: 225a2c9bba3364aede8c71c84c5cbc2dbd06a587c9f9d34ed6c30596b7367166
2019/12/14 | 18:54:37 | INFO | [32m[2019-12-14 18:54:37 DEBUG	vault_processor][39m\nCustID: 274380001071339
Name: ABDULLAH SALEH AL LIJWANI ALTJARIYAH EST
TradeChannel: HFS Small T.G.
hash: bef07d1af26634e951f717293f1d802067053fcdf0232fad423483b27a5c6665
2019/12/14 | 18:54:37 | INFO | [32m[2019-12-14 18:54:37 DEBUG	vault_processor][39m\nCustID: 274380001071340
Name: Tamwinat Bwabah Jeddah
TradeChannel: HFS Small T.G.
hash: a3e609ee0a54dba21b5ad4b79127fc9702ed51a6d539895b6ec6c9907dd39770
2019/12/14 | 18:54:37 | INFO | [32m[2019-12-14 18:54:37 DEBUG	vault_processor][39m\nCustID: 274380001071992
Name: All people supplier
TradeChannel: Self Service T.G
hash: dae810c7fcefdfb416e409d16a706a7f78a368e8cef949ab79ea767bcc98e8e6
2019/12/14 | 18:54:37 | INFO | [32m[2019-12-14 18:54:37 DEBUG	vault_processor][39m\nCustID: 274380001071971
Name: AL-TAIBEN
TradeChannel: HFS Small T.G.
hash: e76e17cd899dc5f4829e708212b0fec11a13d03e0e505118b7195462cffed61b
2019/12/14 | 18:54:37 | INFO | [32m[2019-12-14 18:54:37 DEBUG	vault_processor][39m\nCustID: 274380001071974
Name: Beqalet ALAMIRAH
TradeChannel: HFS Small T.G.
hash: 5436cb0b4bfbd4c75fa22b7b0119f4bebcec7eeb5e3b60a987f31225e1eb9fc9
2019/12/14 | 18:54:37 | INFO | [32m[2019-12-14 18:54:37 DEBUG	vault_processor][39m\nCustID: 274380001071341
Name: BADER WAREHOUSE
TradeChannel: HFS Small T.G.
hash: c48c6950ef356be06b3a8fc8827df80fc493604e4123f62eb6a068db66ce03a9
2019/12/14 | 18:54:37 | INFO | [32m[2019-12-14 18:54:37 DEBUG	vault_processor][39m\nCustID: 274380001071343
Name: ALAKKI W.H .PLST&CLNR
TradeChannel: HFS Small T.G.
hash: 5c746fbf604155f40aaf6b8811f72623d2361c70a67e753fc4598af3ea2fc521
2019/12/14 | 18:54:37 | INFO | [32m[2019-12-14 18:54:37 DEBUG	vault_processor][39m\nCustID: 274380001072161
Name: Al-Ghazali
TradeChannel: HFS Small T.G.
hash: 6b702ba2aeed65bfaf88ac2c80d25d6f581c2eb57be29b771362c50d21fb7c08
2019/12/14 | 18:54:37 | INFO | [32m[2019-12-14 18:54:37 DEBUG	vault_processor][39m\nCustID: 274380001072178
Name: HALA Arabic and French Sweets
TradeChannel: HFS Small T.G.
hash: 253d34c8f5fcec1e5355c6eeadd916a5af6b94b2cef30003515e5e0476bbf353
2019/12/14 | 18:54:37 | INFO | [32m[2019-12-14 18:54:37 DEBUG	vault_processor][39m\nCustID: 274380001044386
Name: ALI DAKHIL 2
TradeChannel: HFS Small T.G.
hash: 0602c40a87659008d18546712461469de5f015845206ba3b144133b9cb5e3ec5
2019/12/14 | 18:54:37 | INFO | [32m[2019-12-14 18:54:37 DEBUG	vault_processor][39m\nCustID: 274380001054036
Name: KHALIL ALI
TradeChannel: HFS Small T.G.
hash: f61939cb648f3d0e2660d52b2dfc516ef6940b7ed3203df51afe61870a8df48c
2019/12/14 | 18:54:37 | INFO | [32m[2019-12-14 18:54:37 DEBUG	vault_processor][39m\nCustID: 274380001044642
Name: AGHADIR
TradeChannel: HFS Small T.G.
hash: e65119d8ef62b17550230f200df8dca6c1856aa0d505491496de0a00c90f486b
2019/12/14 | 18:54:37 | INFO | [32m[2019-12-14 18:54:37 DEBUG	vault_processor][39m\nCustID: 274380001057910
Name: ALMANARAT
TradeChannel: HFS Small T.G.
hash: d71bc227d761b223df92c79a95ade99359a374733392bad302e529381b9fcc14
2019/12/14 | 18:54:37 | INFO | [32m[2019-12-14 18:54:37 DEBUG	vault_processor][39m\nCustID: 274380001058398
Name: HALA
TradeChannel: HFS Small T.G.
hash: 68f6b7e1a37edc12bbaefdb042e9217f293d87ad5c19e7daf2451e7d672c6def
2019/12/14 | 18:54:37 | INFO | [32m[2019-12-14 18:54:37 DEBUG	vault_processor][39m\nCustID: 274380001058399
Name: ALMANAR
TradeChannel: HFS Small T.G.
hash: 0e8db909c1caff21b8bce34f3534bd16c6be8763e8f6274b1b6f7927c4b1ef39
2019/12/14 | 18:54:37 | INFO | [32m[2019-12-14 18:54:37 DEBUG	vault_processor][39m\nCustID: 274380001058783
Name: ALBAREH
TradeChannel: HFS Small T.G.
hash: 287c5fe2c0098476d741e3ce3a352cbe93c9becd3f356b902992b799ee2aec1a
2019/12/14 | 18:54:37 | INFO | [32m[2019-12-14 18:54:37 DEBUG	vault_processor][39m\nCustID: 274380001072255
Name: BQAHAT AL KHEER
TradeChannel: HFS Small T.G.
hash: 5e83c435ff8415458544f27bf66770c0304381a1564f7ba6a8edaa88c1a5166e
2019/12/14 | 18:54:37 | INFO | [32m[2019-12-14 18:54:37 DEBUG	vault_processor][39m\nCustID: 274380001072250
Name: BQAHAT AL JAZEERAH 2
TradeChannel: HFS Small T.G.
hash: 944f7eb71b54a1f1c11d36249dcdb49595a9d737ef6a71f04ca59af8b773a2f9
2019/12/14 | 18:54:37 | INFO | [32m[2019-12-14 18:54:37 DEBUG	vault_processor][39m\nCustID: 274380001072270
Name: Bassam Alsharq Tdg. Est.
TradeChannel: HFS Small T.G.
hash: 1b13a12e14a9af0783365b4ffc873d56bef3ab7bac94f1faca5e8d918e45aab3
2019/12/14 | 18:54:37 | INFO | [32m[2019-12-14 18:54:37 DEBUG	vault_processor][39m\nCustID: 274380001072422
Name: Mohammed Saleh Baglab est
TradeChannel: HFS Small T.G.
hash: feaec5d74b89e9666b129e7a9b4aa33485d210bc4ad5a9e8375d1b89b56581ad
2019/12/14 | 18:54:37 | INFO | [32m[2019-12-14 18:54:37 DEBUG	vault_processor][39m\nCustID: 274380001072480
Name: Abdulaziz Al Harthy Plastic
TradeChannel: HFS Small T.G.
hash: b0ca8feea02347474b7555b0f0d1305b334c3da02ba22bfa27f8cd82b609373f
2019/12/14 | 18:54:37 | INFO | [32m[2019-12-14 18:54:37 DEBUG	vault_processor][39m\nCustID: 274380001072644
Name: BAKET ALMALKI EST
TradeChannel: HFS Small T.G.
hash: d709a450cac5b0493d964b57f91769b15a0a84f8addd11865ec7867a32563052
2019/12/14 | 18:54:37 | INFO | [32m[2019-12-14 18:54:37 DEBUG	vault_processor][39m\nCustID: 274380001072761
Name: AL SAWARIC CENTER
TradeChannel: HFS Small T.G.
hash: 409954f666a61bf4f1cbef76d24a631cd3e55be40959425063bd5c27c49d5fa8
2019/12/14 | 18:54:37 | INFO | [32m[2019-12-14 18:54:37 DEBUG	vault_processor][39m\nCustID: 274380001072818
Name: TAMWINAT AL RABI
TradeChannel: HFS Small T.G.
hash: 07e1bf96e14eeac78b2b961a5a6fa7256154dc6bcad2b5f5b190d919d7cddc0a
2019/12/14 | 18:54:37 | INFO | [32m[2019-12-14 18:54:37 DEBUG	vault_processor][39m\nCustID: 274380001072802
Name: Tamoinat central flowers
TradeChannel: HFS Small T.G.
hash: 86ef2be989cde80cb2946d8bb4938283afc27c296e774780c87ce6d28bc6b4e0
2019/12/14 | 18:54:37 | INFO | [32m[2019-12-14 18:54:37 DEBUG	vault_processor][39m\nCustID: 274380001073031
Name: Nasr Mohsen Elbohiri
TradeChannel: HFS Small T.G.
hash: 30d0186260cb1155d87eb2fa5bac2753e9d49e91b1d93cf4fa4c9ac9ab8cb412
2019/12/14 | 18:54:37 | INFO | [32m[2019-12-14 18:54:37 DEBUG	vault_processor][39m\nCustID: 274380001073087
Name: ALANOOD ALKHLIJ CENTER
TradeChannel: HFS Small T.G.
hash: 14393f39ca4817fd8297231ba790d6e5e9d06a1f9b4beb5a76e1b3d067d87ef4
2019/12/14 | 18:54:37 | INFO | [32m[2019-12-14 18:54:37 DEBUG	vault_processor][39m\nCustID: 274380001073420
Name: Mohammad Awad Elharthy Groc.
TradeChannel: HFS Small T.G.
hash: ab957f4d1c9a316353ad1c279a0f7fa2a6ed4148ba90055b9ed13f6a1b774458
2019/12/14 | 18:54:37 | INFO | [32m[2019-12-14 18:54:37 DEBUG	vault_processor][39m\nCustID: 274380001044748
Name: NAIF
TradeChannel: HFS Small T.G.
hash: 0ed28a5b1c154ebd4c260ebc520fb11735ae52b4f3c851eb1009a264002d8ec6
2019/12/14 | 18:54:37 | INFO | [32m[2019-12-14 18:54:37 DEBUG	vault_processor][39m\nCustID: 274380001045745
Name: AL RFADAH WHOLESALE BRANCH EST
TradeChannel: Wholesaler
hash: 630f6f718c0a3a9901064ac453aec7102ee433c04a2943ce9285a2cb096e0cad
2019/12/14 | 18:54:37 | INFO | [32m[2019-12-14 18:54:37 DEBUG	vault_processor][39m\nCustID: 274380001055496
Name: ALTEL ALZAINABI
TradeChannel: HFS Small T.G.
hash: 5dd196849f432bbae84ed7043ea581291473430b997fb09ca9e0590e278803b4
2019/12/14 | 18:54:37 | INFO | [32m[2019-12-14 18:54:37 DEBUG	vault_processor][39m\nCustID: 274380001070846
Name: YAHIA AL FIFI GROCERY
TradeChannel: HFS Small T.G.
hash: 8fbe11731a99aafdef41e01a6df88d7a249afe62b367bac8b2f3428e75da5bea
2019/12/14 | 18:54:37 | INFO | [32m[2019-12-14 18:54:37 DEBUG	vault_processor][39m\nCustID: 274380001069746
Name: NEMAT ALFAIHAA
TradeChannel: HFS Small T.G.
hash: ac84f9b8d0d403f517d31be5a1f19146402a710fc5421a3fa8fb00ce84677d86
2019/12/14 | 18:54:37 | INFO | [32m[2019-12-14 18:54:37 DEBUG	vault_processor][39m\nCustID: 274380001055132
Name: SAEED ALAMMARI
TradeChannel: HFS Small T.G.
hash: ec9acecf478afb31dd90b4037bede74bcdb66f50100fa8279f975363a1f628aa
2019/12/14 | 18:54:37 | INFO | [32m[2019-12-14 18:54:37 DEBUG	vault_processor][39m\nCustID: 274380001057677
Name: TAIBAH
TradeChannel: HFS Small T.G.
hash: 03747a81582e2bb5665556dac1e71f7314a351cfa9789376e4d74b46534f2487
2019/12/14 | 18:54:37 | INFO | [32m[2019-12-14 18:54:37 DEBUG	vault_processor][39m\nCustID: 274380001055687
Name: ALEKHTEYAR
TradeChannel: HFS Small T.G.
hash: 5a7faef5c07a49e4135af309fe4d7a7e1a615b0cccac8557f1d6e58b5946e282
2019/12/14 | 18:54:37 | INFO | [32m[2019-12-14 18:54:37 DEBUG	vault_processor][39m\nCustID: 274380001073572
Name: Salama senter
TradeChannel: HFS Small T.G.
hash: 8c2734f915b2e254eeae9c35dd375ccc1f824054dc3acd27751dfc143c94833f
2019/12/14 | 18:54:37 | INFO | [32m[2019-12-14 18:54:37 DEBUG	vault_processor][39m\nCustID: 274380001054901
Name: ALHEJAZ
TradeChannel: HFS Small T.G.
hash: 1eab4f7f83cb924fc5642ca36900b72981d1b5bcbaf618b63b841f2545b64b04
2019/12/14 | 18:54:37 | INFO | [32m[2019-12-14 18:54:37 DEBUG	vault_processor][39m\nCustID: 274380001056168
Name: AL BALSAM PHARMACY
TradeChannel: Pharma Tier 3
hash: ee8af84f14bc74fc6cb25379895eba6a03bf857828d7a9e0d54a0362d4923260
2019/12/14 | 18:54:37 | INFO | [32m[2019-12-14 18:54:37 DEBUG	vault_processor][39m\nCustID: 274380001073600
Name: Fahd Elhajeri
TradeChannel: HFS Small T.G.
hash: 5d6b27242d689959ef5a0be16e27810afa7959a8e1dde1b809469d4afeee8c97
2019/12/14 | 18:54:37 | INFO | [32m[2019-12-14 18:54:37 DEBUG	vault_processor][39m\nCustID: 274380001073612
Name: Yahya Saleh Hajar (Rokn grocery Sal
TradeChannel: HFS Small T.G.
hash: 85b0d68a7991dba3c198f0be5b5c7c1c6f9e47c967158d4696fb52a8b4aafd1b
2019/12/14 | 18:54:37 | INFO | [32m[2019-12-14 18:54:37 DEBUG	vault_processor][39m\nCustID: 274380001073687
Name: Ben Lozan
TradeChannel: HFS Small T.G.
hash: 7676db787135466665499f28300a461b9b42d0093823d9cc9569ea5d285a0544
2019/12/14 | 18:54:37 | INFO | [32m[2019-12-14 18:54:37 DEBUG	vault_processor][39m\nCustID: 274380001073905
Name: saleh slih al mnhali
TradeChannel: HFS Small T.G.
hash: f8459ccd8691a48c4cc15808afb2db1270883207ff7ae52f765c150696f82112
2019/12/14 | 18:54:37 | INFO | [32m[2019-12-14 18:54:37 DEBUG	vault_processor][39m\nCustID: 274380001074045
Name: Tamoinat Yasser m. g.
TradeChannel: HFS Small T.G.
hash: 64437ab8ec342055bfbfab197881cc6225671bb308cb3831e8bb7846d9d11282
2019/12/14 | 18:54:37 | INFO | [32m[2019-12-14 18:54:37 DEBUG	vault_processor][39m\nCustID: 274380001073929
Name: Fahed Ali
TradeChannel: HFS Small T.G.
hash: 486363fa604a97462943986c4e50ef93c2db5b093a29036417f5867f24b7371b
2019/12/14 | 18:54:37 | INFO | [32m[2019-12-14 18:54:37 DEBUG	vault_processor][39m\nCustID: 274380001073965
Name: Al barakah
TradeChannel: HFS Small T.G.
hash: ddd4cd27071351671bb0b206bbae8b57ec248fb2763976fd445f884e07eb05d0
2019/12/14 | 18:54:37 | INFO | [32m[2019-12-14 18:54:37 DEBUG	vault_processor][39m\nCustID: 274380001074044
Name: Tamoinat Therbh m. G.
TradeChannel: HFS Small T.G.
hash: 5cb58a191582d7d9dfdfd8324b9caed1f492a6a19affd85ccf0b5eb309c9616b
2019/12/14 | 18:54:37 | INFO | [32m[2019-12-14 18:54:37 DEBUG	vault_processor][39m\nCustID: 274380001074363
Name: Ebn Khaldon Cent.
TradeChannel: HFS Small T.G.
hash: f972e5aca6ac119c8e9bfdc15f1f9933f3bcaf082b927a4bec7b6926bb674470
2019/12/14 | 18:54:37 | INFO | [32m[2019-12-14 18:54:37 DEBUG	vault_processor][39m\nCustID: 274380001074422
Name: Center Tiba marketing
TradeChannel: HFS Small T.G.
hash: 947f92879fa1c12df9ff9bfcc3bd5c894aea69219f503484b3e51e9efcf1a421
2019/12/14 | 18:54:37 | INFO | [32m[2019-12-14 18:54:37 DEBUG	vault_processor][39m\nCustID: 274380001075340
Name: Nesma super market
TradeChannel: HFS Small T.G.
hash: 650ff313ba32317a6a9867d59b8f1728ca08c6fc2dda78418abe064281210d07
2019/12/14 | 18:54:37 | INFO | [32m[2019-12-14 18:54:37 DEBUG	vault_processor][39m\nCustID: 274380001075711
Name: Shamaat Aldanah 1
TradeChannel: Self Service T.G
hash: 8696098dc20c306d987e11017a14a8edab077ecb3a7773e0a6de4b52ca7c6dcb
2019/12/14 | 18:54:37 | INFO | [32m[2019-12-14 18:54:37 DEBUG	vault_processor][39m\nCustID: 274380001075875
Name: RAWABY ALMAHBUBA
TradeChannel: HFS Small T.G.
hash: b40cb1ec5d49706154e76d7a641d6a938c6e345f80ef38d8e6d4cd4793f7a63b
2019/12/14 | 18:54:37 | INFO | [32m[2019-12-14 18:54:37 DEBUG	vault_processor][39m\nCustID: 274380001075913
Name: Al Alwan alsafia Wholesale & Retail Trad
TradeChannel: Sub-D
hash: e1b47b6dbc7673197f3395439294e7fc0aec58323b17a715c66a490cbbe555bc
Continuing to vault_processor.1576349677691.log
