2019/12/14 | 18:54:01 | INFO | [32m[2019-12-14 18:54:01 DEBUG	vault_processor][39m\nCustID: 274380001076050
Name: Tamwenat AL fahad 1
TradeChannel: HFS Small T.G.
hash: 25382467ac5569425025388796a097f749fb43a413291ac4c5766ecf3a8a77a7
******************************************************************************************
**
** Perfect Logger Logging System
** Application Version          : 1.0
** Perfect-Logger Version       : 1.5.2
** Application Start Time (UTC) : 18:49:52 2019/12/14
**
** Copyright 2018 Team whileLOOP
**
******************************************************************************************
**
** Log Number               : #27
** Continuing from Log File : vault_processor.1576349641795.log
** Log Start Time (UTC)     : 18:54:01 2019/12/14
**
******************************************************************************************
2019/12/14 | 18:54:01 | INFO | [32m[2019-12-14 18:54:01 DEBUG	vault_processor][39m\nCustID: 274380001076561
Name: Aesha Al Balawi
TradeChannel: HFS Small T.G.
hash: 71cdd50179a430692b4f0c7253361e2badc22f27cb36ecaa0a410614be50b193
2019/12/14 | 18:54:01 | INFO | [32m[2019-12-14 18:54:01 DEBUG	vault_processor][39m\nCustID: 274380001052663
Name: ABU SULIMAN STORES
TradeChannel: HFS Small T.G.
hash: d8f24ba58c655fc5fdd09c934a658ef4f4bf57b5f76f125ef9a072180cfa6d43
2019/12/14 | 18:54:01 | INFO | [32m[2019-12-14 18:54:01 DEBUG	vault_processor][39m\nCustID: 274380001053189
Name: AL SAMaher
TradeChannel: HFS Small T.G.
hash: f211eeb1466fed44d65ede73578d04aac647835cb3d2d120549ca3b6a2501da4
2019/12/14 | 18:54:01 | INFO | [32m[2019-12-14 18:54:01 DEBUG	vault_processor][39m\nCustID: 274380001053314
Name: EKLEL PHARMACY
TradeChannel: RVO Pharma
hash: a4e14d5cb2626391da4bb46ea779c4190cc1a0a72f2a1353ebb9d309d7787696
2019/12/14 | 18:54:01 | INFO | [32m[2019-12-14 18:54:01 DEBUG	vault_processor][39m\nCustID: 274380001053777
Name: ADWEYAT ALWATAN PHARMACY
TradeChannel: RVO Pharma
hash: 619023ef08549328f2de47184200065e5c3b1d9087dca6420592cedb3153e83a
2019/12/14 | 18:54:01 | INFO | [32m[2019-12-14 18:54:01 DEBUG	vault_processor][39m\nCustID: 274380001054356
Name: SAEED STORES
TradeChannel: HFS Small T.G.
hash: 1182e0011b93b477c9ee5819739803c2e7031d0eee0cabdb4d4672bc0e720517
2019/12/14 | 18:54:01 | INFO | [32m[2019-12-14 18:54:01 DEBUG	vault_processor][39m\nCustID: 274380001054445
Name: HBAH
TradeChannel: HFS Small T.G.
hash: 6e5b04d6a0b29ffc525643951fe70ab33c24826b81650158ac2fa0b9d3ff1a7d
2019/12/14 | 18:54:01 | INFO | [32m[2019-12-14 18:54:01 DEBUG	vault_processor][39m\nCustID: 274380001055034
Name: ALRAYAH TAMWENAT
TradeChannel: HFS Small T.G.
hash: 9f6502059646c14cf74aa9235d327123d3bd10dbf9064af6e10d422c06e936ef
2019/12/14 | 18:54:01 | INFO | [32m[2019-12-14 18:54:01 DEBUG	vault_processor][39m\nCustID: 274380001048941
Name: KHALEEFAH
TradeChannel: HFS Small T.G.
hash: 7880f446ede998539c338a9ffa1bd0bd7195d4707cfc11bf9d912bb46067e7a4
2019/12/14 | 18:54:01 | INFO | [32m[2019-12-14 18:54:01 DEBUG	vault_processor][39m\nCustID: 274380001056038
Name: TAMWINAT SARAH
TradeChannel: HFS Small T.G.
hash: 07a5ca43665e2c0139a301cd25790ec9fff5cc78526860d9d7b306b0b96835ca
2019/12/14 | 18:54:01 | INFO | [32m[2019-12-14 18:54:01 DEBUG	vault_processor][39m\nCustID: 274380001056273
Name: ASWAQ HARTI
TradeChannel: HFS Small T.G.
hash: 5c860e416c6c4e3b1ea357a1aaee17bb398aa55456e1adaac26ad674fd87922e
2019/12/14 | 18:54:01 | INFO | [32m[2019-12-14 18:54:01 DEBUG	vault_processor][39m\nCustID: 274380001056807
Name: ALEMTEYAZ
TradeChannel: HFS Small T.G.
hash: f926f67945c38c454422726e23e5e43cc7008798c319fb783c551e7e375fb95e
2019/12/14 | 18:54:01 | INFO | [32m[2019-12-14 18:54:01 DEBUG	vault_processor][39m\nCustID: 274380001050557
Name: HAMAD ALRAJHY
TradeChannel: HFS Small T.G.
hash: e5d0827900ee30fd433efc7061d52506865d0115e93525cb028bcb57a32f9337
2019/12/14 | 18:54:01 | INFO | [32m[2019-12-14 18:54:01 DEBUG	vault_processor][39m\nCustID: 274380001050993
Name: ALSHATEA
TradeChannel: HFS Small T.G.
hash: 0a8d34f97ceff65098d3a2d4a44da9003bdfcaf88679f8917afc5464ea566f61
2019/12/14 | 18:54:01 | INFO | [32m[2019-12-14 18:54:01 DEBUG	vault_processor][39m\nCustID: 274380001051330
Name: MOHAMMED ABDULRAZZAQ
TradeChannel: HFS Small T.G.
hash: c58939a18bd2529cc9c4d7ecd116a52b05b4a1bc7aba9491511d80a3ff6d55c1
2019/12/14 | 18:54:01 | INFO | [32m[2019-12-14 18:54:01 DEBUG	vault_processor][39m\nCustID: 274380001051421
Name: ALQANAAH
TradeChannel: HFS Small T.G.
hash: deba7bca231060ffc5a05a5fc78721388e6909f80e4a74733f3a78a09b96ddd1
2019/12/14 | 18:54:01 | INFO | [32m[2019-12-14 18:54:01 DEBUG	vault_processor][39m\nCustID: 274380001049608
Name: MAMA
TradeChannel: HFS Small T.G.
hash: d982ebfc0896317d77e31396d555b3dfe5d4af73297e91c742314d01a2c7b0d5
2019/12/14 | 18:54:01 | INFO | [32m[2019-12-14 18:54:01 DEBUG	vault_processor][39m\nCustID: 274380001051474
Name: MJMUAAT BIN LADEN ALSAUDIYA ALMHDOODAH
TradeChannel: Discounters T.G
hash: 011be1eb3fd10b294cae73159bd65bc7974c7e1bd6827637ceb5eedd35245ff9
2019/12/14 | 18:54:01 | INFO | [32m[2019-12-14 18:54:01 DEBUG	vault_processor][39m\nCustID: 274380001052164
Name: YASMEN
TradeChannel: HFS Small T.G.
hash: a3f8e7c4781dadeca22eb4c960e5ab975e639a2801ff4df8a0271e2b43263da9
2019/12/14 | 18:54:01 | INFO | [32m[2019-12-14 18:54:01 DEBUG	vault_processor][39m\nCustID: 274380001057008
Name: ASWAQ MESHAL AL MARKAZIYAH
TradeChannel: HFS Small T.G.
hash: 76d0cb1adc58a320a60077694f557bfb30d3062c55e648bb27e3e6663dc2d88d
2019/12/14 | 18:54:01 | INFO | [32m[2019-12-14 18:54:01 DEBUG	vault_processor][39m\nCustID: 274380001057177
Name: ALBARAKA
TradeChannel: HFS Small T.G.
hash: 0254a16b61a8ce0372de3429a541984ba247b70389109356425fdbaed384870e
2019/12/14 | 18:54:01 | INFO | [32m[2019-12-14 18:54:01 DEBUG	vault_processor][39m\nCustID: 274380001057661
Name: HALA 1
TradeChannel: HFS Small T.G.
hash: b1a3b76054b82682e972fe4f47ae2bb1b642aac0eb3e883f970479f30c5912cc
2019/12/14 | 18:54:01 | INFO | [32m[2019-12-14 18:54:01 DEBUG	vault_processor][39m\nCustID: 274380001058163
Name: SAKEN
TradeChannel: HFS Small T.G.
hash: b46220d17552569c8cef8280f9a245e2779f96db666e67d8836a8d0c136ec59d
2019/12/14 | 18:54:01 | INFO | [32m[2019-12-14 18:54:01 DEBUG	vault_processor][39m\nCustID: 274380001058799
Name: BIN TALEB
TradeChannel: HFS Small T.G.
hash: ee4bbbd0ab5725bffd61089a749eac9b28f6d11ade7a975b2ae993ba915c9d42
2019/12/14 | 18:54:01 | INFO | [32m[2019-12-14 18:54:01 DEBUG	vault_processor][39m\nCustID: 274380001059182
Name: ALHARAMEN
TradeChannel: HFS Small T.G.
hash: 348d3186831c376b88aae4a4c5b3e9c3e3e0807cab4df1c2f5469ee37eb322f9
2019/12/14 | 18:54:01 | INFO | [32m[2019-12-14 18:54:01 DEBUG	vault_processor][39m\nCustID: 274380001060666
Name: SULIMAN To provide 2
TradeChannel: HFS Small T.G.
hash: 9c1404535ebd7f039eaad324f6639ba0e0fac9827437cbd944cdbf8cc7b5be98
2019/12/14 | 18:54:02 | INFO | [32m[2019-12-14 18:54:01 DEBUG	vault_processor][39m\nCustID: 274380001060698
Name: SAMI LLToffeeR
TradeChannel: HFS Small T.G.
hash: d41d291941aa6483d3fc99964281527bfdb68b1a5a830facc0d91b9c32ad005b
2019/12/14 | 18:54:02 | INFO | [32m[2019-12-14 18:54:02 DEBUG	vault_processor][39m\nCustID: 274380001060729
Name: Nora
TradeChannel: HFS Small T.G.
hash: 2204ec85da090351116577d57d07e93f8f0adc2c16bcc2316ec05c2edb92d0f8
2019/12/14 | 18:54:02 | INFO | [32m[2019-12-14 18:54:02 DEBUG	vault_processor][39m\nCustID: 274380001060737
Name: Malak
TradeChannel: HFS Small T.G.
hash: 5655d6b50622f32630aba4ad712a6615a1bd0bfce3819c129fb509c69d9e9c8d
2019/12/14 | 18:54:02 | INFO | [32m[2019-12-14 18:54:02 DEBUG	vault_processor][39m\nCustID: 274380001060741
Name: ALTASHEELAT COMPANY
TradeChannel: HFS Small T.G.
hash: fd5ac74ec4fdf0e2cba51b2d78cdc7f7a6cbb1fd83008b2ea2235562a1e9eb63
2019/12/14 | 18:54:02 | INFO | [32m[2019-12-14 18:54:02 DEBUG	vault_processor][39m\nCustID: 274380001060754
Name: ALBURAIKI
TradeChannel: HFS Small T.G.
hash: 9d811184eaad30c3f133cb2c1dc1917948717b7a452e1ce709e05535891aa887
2019/12/14 | 18:54:02 | INFO | [32m[2019-12-14 18:54:02 DEBUG	vault_processor][39m\nCustID: 274380001060821
Name: ALTHOWINI
TradeChannel: HFS Small T.G.
hash: 6c10d857c24d2a46843207ba35e0892ef514f42c4e16baa087d0c0669d1e4691
2019/12/14 | 18:54:02 | INFO | [32m[2019-12-14 18:54:02 DEBUG	vault_processor][39m\nCustID: 274380001049699
Name: ALMADEENH STORE
TradeChannel: HFS Small T.G.
hash: f27d3888bc101e50f322d07cfc9a93fbadcd6911152b725e7325c45d0b8f7b26
2019/12/14 | 18:54:02 | INFO | [32m[2019-12-14 18:54:02 DEBUG	vault_processor][39m\nCustID: 274380001082907
Name: N/A
TradeChannel: HFS Small T.G.
hash: b350ec07e4703fbbc6490051b42d839d9fa4531ecc6bbcb387450b8541857459
2019/12/14 | 18:54:02 | INFO | [32m[2019-12-14 18:54:02 DEBUG	vault_processor][39m\nCustID: 274380001049976
Name: ZAHRET ALAQEEQ
TradeChannel: HFS Small T.G.
hash: d4af710e2e0cacc07018397160c471d435ce9afeb7fd96241ed60ccb187129b2
2019/12/14 | 18:54:02 | INFO | [32m[2019-12-14 18:54:02 DEBUG	vault_processor][39m\nCustID: 274380001050282
Name: NAWAF HABEEB ALSHAMRY
TradeChannel: HFS Small T.G.
hash: 3d6b417b242dd6f4992610f8cc3b6114a3752c7d1333f94586057d75cca5a70a
2019/12/14 | 18:54:02 | INFO | [32m[2019-12-14 18:54:02 DEBUG	vault_processor][39m\nCustID: 274380001060849
Name: ALSAYER
TradeChannel: HFS Small T.G.
hash: d4a96ac49afe5a4b0b04f8fba59d9345cf2b2f96d9eddbcba646830b8b629904
2019/12/14 | 18:54:02 | INFO | [32m[2019-12-14 18:54:02 DEBUG	vault_processor][39m\nCustID: 274380001060908
Name: JAWHRAT ALESKAN
TradeChannel: Self Service T.G
hash: 46dc8907b2df6e4e7921d8690d36883b27c195ef6ffa83fd49d2395cfbcfbe0e
2019/12/14 | 18:54:02 | INFO | [32m[2019-12-14 18:54:02 DEBUG	vault_processor][39m\nCustID: 274380001060961
Name: KHALIFAH
TradeChannel: HFS Small T.G.
hash: fd033b8770cbf11581cd0e4d7c442d2870c8e70408eb16d58dab95fe6a45c415
2019/12/14 | 18:54:02 | INFO | [32m[2019-12-14 18:54:02 DEBUG	vault_processor][39m\nCustID: 274380001060964
Name: ALHURISANI 2
TradeChannel: HFS Small T.G.
hash: 2fefcd6ff7d7ba435be694e476a9a22928f1f86716cb9ae7336ac1fc2a36a715
2019/12/14 | 18:54:02 | INFO | [32m[2019-12-14 18:54:02 DEBUG	vault_processor][39m\nCustID: 274380001060989
Name: ALSINDEBAD
TradeChannel: HFS Small T.G.
hash: 6a29b388b6c99506326f5992ee272abfcf56c1e57fb9843bfe1523397e9cb3f9
2019/12/14 | 18:54:02 | INFO | [32m[2019-12-14 18:54:02 DEBUG	vault_processor][39m\nCustID: 274380001061117
Name: ALTALIB
TradeChannel: HFS Small T.G.
hash: 319190d5c9914dd7215ced6a97310ef6eaac1bda1d21cae2780169810fead519
2019/12/14 | 18:54:02 | INFO | [32m[2019-12-14 18:54:02 DEBUG	vault_processor][39m\nCustID: 274380001061418
Name: ALHASOON
TradeChannel: HFS Small T.G.
hash: 20bc14675e4e0ca2a7b2ff01376f70d19e67e055ce21288c89bb5731a2fb7265
2019/12/14 | 18:54:02 | INFO | [32m[2019-12-14 18:54:02 DEBUG	vault_processor][39m\nCustID: 274380001061188
Name: ALNAKHLAH
TradeChannel: HFS Small T.G.
hash: ef6984e028b5023f7237b4d2b50048d523bbd50f67bafa33602b0bd1691264d4
2019/12/14 | 18:54:02 | INFO | [32m[2019-12-14 18:54:02 DEBUG	vault_processor][39m\nCustID: 274380001061003
Name: YOUSSEF ALHAFETI
TradeChannel: HFS Small T.G.
hash: 4f9377ff4a392e979c5c208dbd298090be130e97c53a08f3f994e4166a20f469
2019/12/14 | 18:54:02 | INFO | [32m[2019-12-14 18:54:02 DEBUG	vault_processor][39m\nCustID: 274380001061423
Name: SUHAIL
TradeChannel: HFS Small T.G.
hash: 1700ce2851a0f9f3c5ccb5db155abd5084dd5f39778d6b3159c3a0ab908bfeaf
2019/12/14 | 18:54:02 | INFO | [32m[2019-12-14 18:54:02 DEBUG	vault_processor][39m\nCustID: 274380001061438
Name: YATHRIB MARKIT
TradeChannel: HFS Small T.G.
hash: 73948a6b733f8a43733e5a758742a8e47473c82710d2b5e31da83a9ad542a82f
2019/12/14 | 18:54:02 | INFO | [32m[2019-12-14 18:54:02 DEBUG	vault_processor][39m\nCustID: 274380001061447
Name: ALJAWHRAH
TradeChannel: HFS Small T.G.
hash: 56c8c01794ad5fdd0a41ed765463614d470af70001f135a2c2d3dd24e883ab18
2019/12/14 | 18:54:02 | INFO | [32m[2019-12-14 18:54:02 DEBUG	vault_processor][39m\nCustID: 274380001061453
Name: HASSAN ALBAKR
TradeChannel: HFS Small T.G.
hash: 75b98ec49d192a6b4b3390c5ad2a7a1acb52403bbdb07fcd5384826acb20e8d1
2019/12/14 | 18:54:02 | INFO | [32m[2019-12-14 18:54:02 DEBUG	vault_processor][39m\nCustID: 274380001052965
Name: ALREDA
TradeChannel: HFS Small T.G.
hash: 9e7e150e3271a487a58e76082634a7ee973bc52f9c59213ee7559ebf5c400bc3
2019/12/14 | 18:54:02 | INFO | [32m[2019-12-14 18:54:02 DEBUG	vault_processor][39m\nCustID: 274380001061811
Name: MENI MARKET TAIBAH
TradeChannel: HFS Small T.G.
hash: 1a9652bbaaf82c6e7bb0940cf47778fe8c008868f1ee5d556786a4b5c47ee8db
2019/12/14 | 18:54:02 | INFO | [32m[2019-12-14 18:54:02 DEBUG	vault_processor][39m\nCustID: 274380001053117
Name: TYBAH 2
TradeChannel: HFS Small T.G.
hash: 146fc88e800014dc703410fe60116b759a072f2d273bc31664e27d75b569b30c
2019/12/14 | 18:54:02 | INFO | [32m[2019-12-14 18:54:02 DEBUG	vault_processor][39m\nCustID: 274380001052710
Name: NAHR ALATAA
TradeChannel: HFS Small T.G.
hash: 6acc8b866a26c20b53a83d604b33d273f35f0ded6758ba34e5da0d6110dfbad0
2019/12/14 | 18:54:02 | INFO | [32m[2019-12-14 18:54:02 DEBUG	vault_processor][39m\nCustID: 274380001057136
Name: NABATI
TradeChannel: HFS Small T.G.
hash: 9849b89c6a3a7e812e06c9691c3d84787d57db832d8c58e5c6cec93282173af1
2019/12/14 | 18:54:02 | INFO | [32m[2019-12-14 18:54:02 DEBUG	vault_processor][39m\nCustID: 274380001057664
Name: ALAMJAD
TradeChannel: HFS Small T.G.
hash: a4bc0519978ece7466d12b9ee271375bcf1aafef8286481244370f26ed15c61e
2019/12/14 | 18:54:02 | INFO | [32m[2019-12-14 18:54:02 DEBUG	vault_processor][39m\nCustID: 274380001058038
Name: AL AHMAD
TradeChannel: HFS Small T.G.
hash: b5a20331437244a35aedfe6614310f429dcfbc073bd6edb3e887296c9d4972ff
2019/12/14 | 18:54:02 | INFO | [32m[2019-12-14 18:54:02 DEBUG	vault_processor][39m\nCustID: 274380001050804
Name: MINI MARKET SAMER
TradeChannel: HFS Small T.G.
hash: 58fe593aba83f8a7ae4fb7509c93c10de8ecf51f0fc391e5e723f252111f3d96
2019/12/14 | 18:54:02 | INFO | [32m[2019-12-14 18:54:02 DEBUG	vault_processor][39m\nCustID: 274380001054095
Name: ALREHAB
TradeChannel: HFS Small T.G.
hash: e9c312abf5ea6e2445841f93ee422be45bb22cda1f95ed10d9eeeaa9b194a22a
Continuing to vault_processor.1576349642246.log
