2019/12/14 | 18:43:20 | INFO | [32m[2019-12-14 18:43:20 DEBUG	vault_processor][39m\nCustID: 274380001077509
Name: AL hokama
TradeChannel: RVO Pharma
hash: 5ce3d19b422f16a8f106a774cd0f89aa8e8b363036645231b077f37e1d89ffc6
******************************************************************************************
**
** Perfect Logger Logging System
** Application Version          : 1.0
** Perfect-Logger Version       : 1.5.2
** Application Start Time (UTC) : 18:40:00 2019/12/14
**
** Copyright 2018 Team whileLOOP
**
******************************************************************************************
**
** Log Number               : #84
** Continuing from Log File : vault_processor.1576349000845.log
** Log Start Time (UTC)     : 18:43:20 2019/12/14
**
******************************************************************************************
2019/12/14 | 18:43:20 | INFO | [32m[2019-12-14 18:43:20 DEBUG	vault_processor][39m\nCustID: 274380001097200
Name: N/A
TradeChannel: N/A
hash: 3936aac653c7841044480d09d75d984cd020164d47d05d2e0bae1f711e2fd95a
2019/12/14 | 18:43:20 | INFO | [32m[2019-12-14 18:43:20 DEBUG	vault_processor][39m\nCustID: 274380001097210
Name: N/A
TradeChannel: N/A
hash: b3ffc96249623672501d818ec466b4c275d4409cf819b9ef31f1a171ce41f94d
2019/12/14 | 18:43:20 | INFO | [32m[2019-12-14 18:43:20 DEBUG	vault_processor][39m\nCustID: 274380001097213
Name: N/A
TradeChannel: N/A
hash: fc1344cc4a5393dc032d8ef773504e0bfc97ac4b94713f2124690f15b91e1ee8
2019/12/14 | 18:43:20 | INFO | [32m[2019-12-14 18:43:20 DEBUG	vault_processor][39m\nCustID: 274380001097351
Name: N/A
TradeChannel: N/A
hash: ae2464c3224a76247dfd397a9b7f5a62c3daeb72519d453ff440a353ab76692e
2019/12/14 | 18:43:20 | INFO | [32m[2019-12-14 18:43:20 DEBUG	vault_processor][39m\nCustID: 274380001097393
Name: N/A
TradeChannel: N/A
hash: 993158ec3cfcdac6e9492d15feeb09a140b03712875247f45a068646daab0fe8
2019/12/14 | 18:43:20 | INFO | [32m[2019-12-14 18:43:20 DEBUG	vault_processor][39m\nCustID: 274380001097405
Name: N/A
TradeChannel: N/A
hash: 12e7a751117d833b5382e8a3cfb8dd56f3863f528fbcbe75511c40ad55102fb7
2019/12/14 | 18:43:20 | INFO | [32m[2019-12-14 18:43:20 DEBUG	vault_processor][39m\nCustID: 274380001097435
Name: N/A
TradeChannel: N/A
hash: 2a80e3160563e855e1aa412b2fd945fa21ab132f87b042f42c70a58ce8ee5858
2019/12/14 | 18:43:20 | INFO | [32m[2019-12-14 18:43:20 DEBUG	vault_processor][39m\nCustID: 274380001097512
Name: N/A
TradeChannel: N/A
hash: 2fa0c4d9818ab01bb98e8df048327260e36345232e39c5967013c863967e19f4
2019/12/14 | 18:43:20 | INFO | [32m[2019-12-14 18:43:20 DEBUG	vault_processor][39m\nCustID: 274380001097513
Name: N/A
TradeChannel: N/A
hash: 3749b1127e36a45b1ec4ece4979c40c5f04e197b0d606ee397f05feba4e75987
2019/12/14 | 18:43:21 | INFO | [32m[2019-12-14 18:43:21 DEBUG	vault_processor][39m\nCustID: 274380001097539
Name: N/A
TradeChannel: N/A
hash: ddb0054c03a567a66b590103e9a0d16cb426b9cc5837eb52544c5f91ba998e4b
2019/12/14 | 18:43:21 | INFO | [32m[2019-12-14 18:43:21 DEBUG	vault_processor][39m\nCustID: 274380001097547
Name: N/A
TradeChannel: N/A
hash: 921cae54bb1fa1bfd57590e6ee93011c3b6de5c009cd7f29c1c3d46a8b16ff39
2019/12/14 | 18:43:21 | INFO | [32m[2019-12-14 18:43:21 DEBUG	vault_processor][39m\nCustID: 274380001097541
Name: N/A
TradeChannel: N/A
hash: c38f7a94f085bb4b2c0c022669b9bc8f5e33df996fc60adecc27d1bb598794a2
2019/12/14 | 18:43:21 | INFO | [32m[2019-12-14 18:43:21 DEBUG	vault_processor][39m\nCustID: 274380001097550
Name: N/A
TradeChannel: N/A
hash: 2b7c02b19249652291912f0492b41ec1b9ed6869643d6abf9597c36f0941b6df
2019/12/14 | 18:43:21 | INFO | [32m[2019-12-14 18:43:21 DEBUG	vault_processor][39m\nCustID: 274380001097557
Name: N/A
TradeChannel: N/A
hash: 2a30ad0f0debf442ac7ddf0bdccf59c2008f9e1cfebc3cd1dc787f1495691247
2019/12/14 | 18:43:21 | INFO | [32m[2019-12-14 18:43:21 DEBUG	vault_processor][39m\nCustID: 274380001097563
Name: N/A
TradeChannel: N/A
hash: 2ed5bafca67ac99d3b0ad4c01eaae9519ac518b1b4c58b96bc6730d0ab661e44
2019/12/14 | 18:43:21 | INFO | [32m[2019-12-14 18:43:21 DEBUG	vault_processor][39m\nCustID: 274380001097577
Name: N/A
TradeChannel: N/A
hash: 88cfc7a42398fa504f5dcd7556098e5c6e4a3aa3b7c4e3d3b8a9f5383ce21019
2019/12/14 | 18:43:21 | INFO | [32m[2019-12-14 18:43:21 DEBUG	vault_processor][39m\nCustID: 274380001097582
Name: N/A
TradeChannel: N/A
hash: 8fe08a52f3f2a7aa87e3dafe2744a0d7414c5bd7b53a9ee34ee431b1689e6eec
2019/12/14 | 18:43:21 | INFO | [32m[2019-12-14 18:43:21 DEBUG	vault_processor][39m\nCustID: 274380001097584
Name: N/A
TradeChannel: N/A
hash: d55eaaade92bcfd6ebe3dfcf83a034a1576580c758030528db262e99b64da165
2019/12/14 | 18:43:21 | INFO | [32m[2019-12-14 18:43:21 DEBUG	vault_processor][39m\nCustID: 274380001079578
Name: N/A
TradeChannel: HFS Small T.G.
hash: 418a4d4fbd602b79057c235638afe505ead8c69f77e0ac237f42eafa38c039dd
2019/12/14 | 18:43:21 | INFO | [32m[2019-12-14 18:43:21 DEBUG	vault_processor][39m\nCustID: 274380001082292
Name: N/A
TradeChannel: HFS Small T.G.
hash: fdcbb66852b9d7da92f1e3425fb77bb540cd5d6c782d6ba9e5c90a375eb9b042
2019/12/14 | 18:43:21 | INFO | [32m[2019-12-14 18:43:21 DEBUG	vault_processor][39m\nCustID: 274380001082574
Name: N/A
TradeChannel: HFS Small T.G.
hash: 93e76a8480b99b5c9a713dbc39facb27af7c4c1884923c303e812b50725140b6
2019/12/14 | 18:43:21 | INFO | [32m[2019-12-14 18:43:21 DEBUG	vault_processor][39m\nCustID: 274380001082854
Name: N/A
TradeChannel: HFS Small T.G.
hash: 980470d6174ca16c71f9ad363120ff7c4a922602c0e23650810a527b79281fce
2019/12/14 | 18:43:21 | INFO | [32m[2019-12-14 18:43:21 DEBUG	vault_processor][39m\nCustID: 274380001081426
Name: N/A
TradeChannel: HFS Small T.G.
hash: cbb85d302db9b59a9f74203004feeec72011752654a0ee65b01acef3aa62ad71
2019/12/14 | 18:43:21 | INFO | [32m[2019-12-14 18:43:21 DEBUG	vault_processor][39m\nCustID: 274380001063257
Name: ALKHOLOD
TradeChannel: HFS Small T.G.
hash: 368e8a8e387721be670c09ee0af1f0508bec7e7b14ba6f7cc00de707231d4453
2019/12/14 | 18:43:21 | INFO | [32m[2019-12-14 18:43:21 DEBUG	vault_processor][39m\nCustID: 274380001082552
Name: N/A
TradeChannel: HFS Small T.G.
hash: d4e5ae9f4d9d2ebc7d6efb6d5ee27f7f9db2ef83ba5f9dd26f376314882f55e6
2019/12/14 | 18:43:21 | INFO | [32m[2019-12-14 18:43:21 DEBUG	vault_processor][39m\nCustID: 274380001083012
Name: N/A
TradeChannel: HFS Small T.G.
hash: 9b4311fe7c7ca9a8fd6eee9b901888ae41c32dec04900bb3deeba658ad73ec4a
2019/12/14 | 18:43:21 | INFO | [32m[2019-12-14 18:43:21 DEBUG	vault_processor][39m\nCustID: 274380001083527
Name: N/A
TradeChannel: HFS Small T.G.
hash: bab47f76a1b027a0a7f64678f7eccec5ebd71b48a9e53e6f5e7e75a205e35b98
2019/12/14 | 18:43:21 | INFO | [32m[2019-12-14 18:43:21 DEBUG	vault_processor][39m\nCustID: 274380001083093
Name: N/A
TradeChannel: HFS Small T.G.
hash: ec7a65f28c57577360e1743cbd7ed5abb81b1e954fb766595b7c75cfa73e2b23
2019/12/14 | 18:43:21 | INFO | [32m[2019-12-14 18:43:21 DEBUG	vault_processor][39m\nCustID: 274380001045496
Name: SAAD TRADING EST.
TradeChannel: Wholesaler
hash: ed7487be813fc7321e20f78b9f3f2dce5a493fbb08924adb27577338e4af9f8b
2019/12/14 | 18:43:21 | INFO | [32m[2019-12-14 18:43:21 DEBUG	vault_processor][39m\nCustID: 274380001097638
Name: N/A
TradeChannel: N/A
hash: e28a718a3ee963eff2baa70be3a27fd9ae93c2aee37f6487eaedb6d6d2e3c126
2019/12/14 | 18:43:21 | INFO | [32m[2019-12-14 18:43:21 DEBUG	vault_processor][39m\nCustID: 274380001097721
Name: N/A
TradeChannel: N/A
hash: 9247ea0db35fec0ffaa69b32c219960f172e6d68f90214699c0ff5ab4aecb6af
2019/12/14 | 18:43:21 | INFO | [32m[2019-12-14 18:43:21 DEBUG	vault_processor][39m\nCustID: 274380001044143
Name:  Bin Dawood Stores Trading Co.
TradeChannel: National Accounts
hash: bb3d81c887a829d8278f6670b3b0e82115689276267cbd98db7136738f931fe1
2019/12/14 | 18:43:21 | INFO | [32m[2019-12-14 18:43:21 DEBUG	vault_processor][39m\nCustID: 274380001045667
Name: ALSHARQIAH 2
TradeChannel: HFS Small T.G.
hash: 15f0e2a96b5371939f0ce031bbe309d09f5df049d8dacef2725d296ba86d168b
2019/12/14 | 18:43:21 | INFO | [32m[2019-12-14 18:43:21 DEBUG	vault_processor][39m\nCustID: 274380001097723
Name: N/A
TradeChannel: N/A
hash: 00c022c95eb29e58e2275f67b8bfeae41329a77af79539a850c25fe251afc224
2019/12/14 | 18:43:21 | INFO | [32m[2019-12-14 18:43:21 DEBUG	vault_processor][39m\nCustID: 274380001097804
Name: N/A
TradeChannel: N/A
hash: fef3d7a9a04460dd0d531eda63e4afcaec66e902e99110bcbd55b43c5b208466
2019/12/14 | 18:43:21 | INFO | [32m[2019-12-14 18:43:21 DEBUG	vault_processor][39m\nCustID: 274380001044246
Name: Mohammed & Ibrahim Al Manaei Trading Com
TradeChannel: Wholesaler
hash: aa403f45de32ab97b96f390db4f3472af82ec4a5f748fecbf1740c5ff18ed686
2019/12/14 | 18:43:21 | INFO | [32m[2019-12-14 18:43:21 DEBUG	vault_processor][39m\nCustID: 274380001097680
Name: N/A
TradeChannel: N/A
hash: 0c3f9ce45bb43558d544f0a8e7d6efef0e505795efd5028771fc717334322d99
2019/12/14 | 18:43:21 | INFO | [32m[2019-12-14 18:43:21 DEBUG	vault_processor][39m\nCustID: 274380001044111
Name: Abdo Hassan Hakami & Sons Company
TradeChannel: Wholesaler
hash: 682177c72c976774663fc362442526f7c9b37b273d3cf19ebf2c1d3dfa0c3239
2019/12/14 | 18:43:21 | INFO | [32m[2019-12-14 18:43:21 DEBUG	vault_processor][39m\nCustID: 274380001097706
Name: N/A
TradeChannel: N/A
hash: 422ba204bdad2e3b07230fef2fcc771302ea6a74fc9c03373c2ff25d737d0d13
2019/12/14 | 18:43:21 | INFO | [32m[2019-12-14 18:43:21 DEBUG	vault_processor][39m\nCustID: 274380001097832
Name: N/A
TradeChannel: N/A
hash: 3f7089c6bd4cf5dab3849352fe25600b52161cac85d975a0c2ee0cb2cee33b99
2019/12/14 | 18:43:21 | INFO | [32m[2019-12-14 18:43:21 DEBUG	vault_processor][39m\nCustID: 274380001097881
Name: N/A
TradeChannel: N/A
hash: 86d84646950a7481b7f98d4a919351922aca77a896c7d45be607d99ba3ca562d
2019/12/14 | 18:43:21 | INFO | [32m[2019-12-14 18:43:21 DEBUG	vault_processor][39m\nCustID: 274380001097917
Name: N/A
TradeChannel: N/A
hash: 644a224501245f83c887ed131d39636b81020156e4199d888d5ece6203a59f2e
2019/12/14 | 18:43:21 | INFO | [32m[2019-12-14 18:43:21 DEBUG	vault_processor][39m\nCustID: 274380001098103
Name: N/A
TradeChannel: N/A
hash: 40fe9ddc5951587419430c44ab42b38f3cf529761d16ed85d5dc3dc2f5ab7350
2019/12/14 | 18:43:21 | INFO | [32m[2019-12-14 18:43:21 DEBUG	vault_processor][39m\nCustID: 274380001098261
Name: N/A
TradeChannel: N/A
hash: a6e95852ccfaabdc5ba2d90e6b07dc6ff6d34b4dfcea992e48e247f09ec935d4
2019/12/14 | 18:43:21 | INFO | [32m[2019-12-14 18:43:21 DEBUG	vault_processor][39m\nCustID: 274380001098259
Name: N/A
TradeChannel: N/A
hash: f8b46872f96650e81a20cec48e12feab4a7ee89cc06810232dc0bf4779005bbb
2019/12/14 | 18:43:21 | INFO | [32m[2019-12-14 18:43:21 DEBUG	vault_processor][39m\nCustID: 274380001098338
Name: N/A
TradeChannel: N/A
hash: 262cbc0e5838e2e8b4524d5c83893f185508a9842056cb7bbb880031ec294b82
2019/12/14 | 18:43:21 | INFO | [32m[2019-12-14 18:43:21 DEBUG	vault_processor][39m\nCustID: 274380001098346
Name: N/A
TradeChannel: N/A
hash: a0d233b0b496ef552a99df26af4eb2131e97c9684be4d838b233ed166e5fe8c5
2019/12/14 | 18:43:21 | INFO | [32m[2019-12-14 18:43:21 DEBUG	vault_processor][39m\nCustID: 274380001098354
Name: N/A
TradeChannel: N/A
hash: 34cae04083bc1fec58c343ef9ffc25add309ee0ae48ae03ab30a9d6cf7b9cd78
2019/12/14 | 18:43:21 | INFO | [32m[2019-12-14 18:43:21 DEBUG	vault_processor][39m\nCustID: 274380001098376
Name: N/A
TradeChannel: N/A
hash: 97d43f964327851f94ec9f124451aba1d5439f84ce81f1a8d598089179a5cb60
2019/12/14 | 18:43:21 | INFO | [32m[2019-12-14 18:43:21 DEBUG	vault_processor][39m\nCustID: 274380001098443
Name: N/A
TradeChannel: N/A
hash: efd4d0a2e8885bf7d925d8ad6de87c516887a4d57c1362cf3ee6257f643585f5
2019/12/14 | 18:43:21 | INFO | [32m[2019-12-14 18:43:21 DEBUG	vault_processor][39m\nCustID: 274380001098420
Name: N/A
TradeChannel: N/A
hash: 34ac2278aa2a984683b8236fe44422cdeac3dfd2af2e937b7fd9282f45539e80
2019/12/14 | 18:43:21 | INFO | [32m[2019-12-14 18:43:21 DEBUG	vault_processor][39m\nCustID: 274380001074529
Name: Nibras Al Wesam
TradeChannel: HFS Small T.G.
hash: 242f488ab2279db139b9d9f6b682c4606edc0fd6a9dc8e115c78ca4d18a940aa
2019/12/14 | 18:43:21 | INFO | [32m[2019-12-14 18:43:21 DEBUG	vault_processor][39m\nCustID: 274380001098475
Name: N/A
TradeChannel: N/A
hash: 7d0dc754824efc14471227d5943497497f4b056478f329ad09c947e62d02dbe3
2019/12/14 | 18:43:21 | INFO | [32m[2019-12-14 18:43:21 DEBUG	vault_processor][39m\nCustID: 274380001098476
Name: N/A
TradeChannel: N/A
hash: 54b3c8b870dda3511ff7377f6e8380e6c21a445b30adcbd5750b83d35495568e
2019/12/14 | 18:43:21 | INFO | [32m[2019-12-14 18:43:21 DEBUG	vault_processor][39m\nCustID: 274380001076608
Name: Odedallah
TradeChannel: HFS Small T.G.
hash: dc8ba7604fc310fdbb0aafb00371b810213668aadbb396993d987e20162ea53e
2019/12/14 | 18:43:21 | INFO | [32m[2019-12-14 18:43:21 DEBUG	vault_processor][39m\nCustID: 274380001083543
Name: N/A
TradeChannel: HFS Small T.G.
hash: 5a4b5b55e5b58960ad5e6e70f76627235dd1ed23dc2daabf7fc1d7ee6f5a23ff
2019/12/14 | 18:43:21 | INFO | [32m[2019-12-14 18:43:21 DEBUG	vault_processor][39m\nCustID: 274380001083677
Name: N/A
TradeChannel: HFS Small T.G.
hash: a85d5af755edccd784ee273f12e3d357520b932327519257ec178aa221063470
2019/12/14 | 18:43:21 | INFO | [32m[2019-12-14 18:43:21 DEBUG	vault_processor][39m\nCustID: 274380001083517
Name: N/A
TradeChannel: HFS Small T.G.
hash: ddece51f93c2a7a27618fe47b8042aa6ce31ce9cde449e068df4c8f140207b00
2019/12/14 | 18:43:21 | INFO | [32m[2019-12-14 18:43:21 DEBUG	vault_processor][39m\nCustID: 274380001085086
Name: N/A
TradeChannel: HFS Small T.G.
hash: a105e13002d8cb981a6da170e65c83c21e91fb18109e044c7bcafa693feb1aea
2019/12/14 | 18:43:21 | INFO | [32m[2019-12-14 18:43:21 DEBUG	vault_processor][39m\nCustID: 274380001085087
Name: N/A
TradeChannel: HFS Small T.G.
hash: 6d7aaafb66a572c16b5f51f2150b0e4dbfdc181fc3e1af95b3ac2d1a0fd14c60
2019/12/14 | 18:43:21 | INFO | [32m[2019-12-14 18:43:21 DEBUG	vault_processor][39m\nCustID: 274380001098551
Name: N/A
TradeChannel: N/A
hash: e4b6b620ec61e82b52b4aa115f28454b313c6b9c34649914fcbad10ec0eda9da
Continuing to vault_processor.1576349002773.log
