******************************************************************************************
**
** Perfect Logger Logging System
** Application Version          : 1.0
** Perfect-Logger Version       : 1.5.2
** Application Start Time (UTC) : 18:49:52 2019/12/14
**
** Copyright 2018 Team whileLOOP
**
******************************************************************************************
**
** Log Number               : #59
** Continuing from Log File : vault_processor.1576349682168.log
** Log Start Time (UTC)     : 18:54:42 2019/12/14
**
******************************************************************************************
2019/12/14 | 18:54:42 | INFO | [32m[2019-12-14 18:54:42 DEBUG	vault_processor][39m\nCustID: 274380001048840
Name: ALTAYEB
TradeChannel: HFS Small T.G.
hash: dba973fe4f89011a3b37dc789a451648ac63430cdae987abd3cb093274b83501
2019/12/14 | 18:54:42 | INFO | [32m[2019-12-14 18:54:42 DEBUG	vault_processor][39m\nCustID: 274380001049158
Name: ABDULLAH
TradeChannel: HFS Small T.G.
hash: ffd9e7ffad115feb6e61830f3d481ee2a1f0d74bebaf17d3de91d33696c15abd
2019/12/14 | 18:54:42 | INFO | [32m[2019-12-14 18:54:42 DEBUG	vault_processor][39m\nCustID: 274380001058252
Name: ABDULAZIZ
TradeChannel: HFS Small T.G.
hash: 1d99a9e30e357953b6c7eeb3ab258403f10bf78d66883dd08a81597bcde829bb
2019/12/14 | 18:54:42 | INFO | [32m[2019-12-14 18:54:42 DEBUG	vault_processor][39m\nCustID: 274380001069293
Name: AHMED KHAMES
TradeChannel: HFS Small T.G.
hash: dd627a708d4a46bd923a7e7acefc71ed6130bc8b759649d79e796840800d80e1
2019/12/14 | 18:54:42 | INFO | [32m[2019-12-14 18:54:42 DEBUG	vault_processor][39m\nCustID: 274380001074595
Name: Group Company Nasban
TradeChannel: Wholesaler
hash: d31eb7d8b6dc990cd286ebf680bb485ccd1e2f72da889331c86e273cbc27b49b
2019/12/14 | 18:54:42 | INFO | [32m[2019-12-14 18:54:42 DEBUG	vault_processor][39m\nCustID: 274380001075728
Name: wahat al tiryaq PH.
TradeChannel: RVO Pharma
hash: f8416174eeeeb26041607d4488769ab417ed99388359c7bd57984a3a2ddcd172
2019/12/14 | 18:54:42 | INFO | [32m[2019-12-14 18:54:42 DEBUG	vault_processor][39m\nCustID: 274380001075926
Name: WASM ALJUD
TradeChannel: HFS Small T.G.
hash: 8cc11431b13e52806a6c1b238c1ceaf8f238cc5792fd06f1d4cebf605fffef75
2019/12/14 | 18:54:42 | INFO | [32m[2019-12-14 18:54:42 DEBUG	vault_processor][39m\nCustID: 274380001076033
Name: Markaz Al-Youbi
TradeChannel: HFS Small T.G.
hash: 6238b799f05e22c05ba54b61de1e6d528025d555d95bf12bce5ef6716da64d75
2019/12/14 | 18:54:42 | INFO | [32m[2019-12-14 18:54:42 DEBUG	vault_processor][39m\nCustID: 274380001050745
Name: ALHARAMEEN
TradeChannel: HFS Small T.G.
hash: f56f80be0403ae05e4d401e342c6d9da58ae9fe26e551320a9aeaf759151e4c0
2019/12/14 | 18:54:42 | INFO | [32m[2019-12-14 18:54:42 DEBUG	vault_processor][39m\nCustID: 274380001050755
Name: KHOLUOD
TradeChannel: HFS Small T.G.
hash: d6c7bd53f2b542e43da14107f0a3b59bf31eb3c69719f3246a2bf601b5d0fba5
2019/12/14 | 18:54:42 | INFO | [32m[2019-12-14 18:54:42 DEBUG	vault_processor][39m\nCustID: 274380001059630
Name: ALOSRAH
TradeChannel: HFS Small T.G.
hash: 895c6d860eb63a2756f73f9d6905e77b4fbb65c0140e8cf58d05b35eaec402ef
2019/12/14 | 18:54:42 | INFO | [32m[2019-12-14 18:54:42 DEBUG	vault_processor][39m\nCustID: 274380001076587
Name: Qurtuba
TradeChannel: HFS Small T.G.
hash: 6c995a37489311373e338b2f8eaa05e3131f323e47e476cbd83da454cf4343c9
2019/12/14 | 18:54:42 | INFO | [32m[2019-12-14 18:54:42 DEBUG	vault_processor][39m\nCustID: 274380001052055
Name: ALKHEDRAWI
TradeChannel: HFS Small T.G.
hash: b726b79a4171d1df43f0660260084155d51d86f07d8847975a6df8d2fc7b5040
2019/12/14 | 18:54:42 | INFO | [32m[2019-12-14 18:54:42 DEBUG	vault_processor][39m\nCustID: 274380001045844
Name: SOUQ ALBAYAN
TradeChannel: HFS Small T.G.
hash: aacc255d3ca684498a5fcf522ebd5baf4aeb0ffd659990c8ddad8ecddadcb3ff
2019/12/14 | 18:54:42 | INFO | [32m[2019-12-14 18:54:42 DEBUG	vault_processor][39m\nCustID: 274380001059654
Name: ALMOHARAQ
TradeChannel: HFS Small T.G.
hash: a69a887d7eddcf1dea1e6a0aad9e1331e48d292713c0bfbce4340cb4b54e1b5b
2019/12/14 | 18:54:42 | INFO | [32m[2019-12-14 18:54:42 DEBUG	vault_processor][39m\nCustID: 274380001060002
Name: ALSIBTAIN
TradeChannel: HFS Small T.G.
hash: 43d622854bba508abf43d3faf43dc21cfba473f31148de830d386c52483fd43d
2019/12/14 | 18:54:42 | INFO | [32m[2019-12-14 18:54:42 DEBUG	vault_processor][39m\nCustID: 274380001060023
Name: ALAIELAH
TradeChannel: HFS Small T.G.
hash: 305a716bd57e64e2bbf0328e0aab6663148e13be596017d851d87f85df5270d1
2019/12/14 | 18:54:42 | INFO | [32m[2019-12-14 18:54:42 DEBUG	vault_processor][39m\nCustID: 274380001060242
Name: ALBARAKA
TradeChannel: HFS Small T.G.
hash: 066650670f2f1c2dbda8ff1512b1b3a73fd5b89ba8ddae3a8bf9e1564eb50d9d
2019/12/14 | 18:54:42 | INFO | [32m[2019-12-14 18:54:42 DEBUG	vault_processor][39m\nCustID: 274380001060344
Name: bakala rabeeh
TradeChannel: HFS Small T.G.
hash: f8d9a71354b545be10f0c5347ac44c2ff0e4cde35566bd327cf83d24f1dbf900
2019/12/14 | 18:54:42 | INFO | [32m[2019-12-14 18:54:42 DEBUG	vault_processor][39m\nCustID: 274380001061199
Name: TAREQ ALMALIK FAISAL
TradeChannel: HFS Small T.G.
hash: 0946a1a73844a5f600d8f9075f7e07f47abc70b1cd1e97f581a78464be568ae7
2019/12/14 | 18:54:42 | INFO | [32m[2019-12-14 18:54:42 DEBUG	vault_processor][39m\nCustID: 274380001080248
Name: N/A
TradeChannel: HFS Small T.G.
hash: d95beb5339e49f3dfa2a5f2a19d51e3052bed40a439d47fcb8405a0322fa54b8
2019/12/14 | 18:54:42 | INFO | [32m[2019-12-14 18:54:42 DEBUG	vault_processor][39m\nCustID: 274380001080256
Name: N/A
TradeChannel: HFS Small T.G.
hash: 2a5fda80a8c0d07a7f5f792dff4a03737b8f892f4a7ec32c95a80e1e876783cb
2019/12/14 | 18:54:42 | INFO | [32m[2019-12-14 18:54:42 DEBUG	vault_processor][39m\nCustID: 274380001080287
Name: N/A
TradeChannel: HFS Small T.G.
hash: e43397803a18dfb35b826457ba9366c85a6a821ee99978871eb3389831179690
2019/12/14 | 18:54:42 | INFO | [32m[2019-12-14 18:54:42 DEBUG	vault_processor][39m\nCustID: 274380001080301
Name: N/A
TradeChannel: HFS Small T.G.
hash: 7953c08abc8f5659ddc431faa965575ca0cd0954a0a5230c2cb3e8487ab67158
2019/12/14 | 18:54:42 | INFO | [32m[2019-12-14 18:54:42 DEBUG	vault_processor][39m\nCustID: 274380001080323
Name: N/A
TradeChannel: HFS Small T.G.
hash: 1ed0653bab2451c65d8cdd8cdc4584db7c5d077c666718215fd22699c17554f8
2019/12/14 | 18:54:42 | INFO | [32m[2019-12-14 18:54:42 DEBUG	vault_processor][39m\nCustID: 274380001080334
Name: N/A
TradeChannel: HFS Small T.G.
hash: c57eac70d7d496a1daccdfc579d5ba63775ae01169fc5e2af7ab65ec50a28dcc
2019/12/14 | 18:54:42 | INFO | [32m[2019-12-14 18:54:42 DEBUG	vault_processor][39m\nCustID: 274380001080317
Name: N/A
TradeChannel: HFS Small T.G.
hash: 7dc0e89e51c627e0c4f9b659d00e45b501ec65507be25116e7ac9069bca88069
2019/12/14 | 18:54:42 | INFO | [32m[2019-12-14 18:54:42 DEBUG	vault_processor][39m\nCustID: 274380001080336
Name: N/A
TradeChannel: HFS Small T.G.
hash: 0333ea41d1852306d76ad5393a9a0b117d7cae5b8d1b79779981e7c13292c4db
2019/12/14 | 18:54:42 | INFO | [32m[2019-12-14 18:54:42 DEBUG	vault_processor][39m\nCustID: 274380001080341
Name: N/A
TradeChannel: HFS Small T.G.
hash: 90e7a9096e869083a125e2af1cb9deeda04267532407205de374a929c51dfe39
2019/12/14 | 18:54:42 | INFO | [32m[2019-12-14 18:54:42 DEBUG	vault_processor][39m\nCustID: 274380001080349
Name: N/A
TradeChannel: HFS Small T.G.
hash: 5ebe404249acb29f5e77d501d88fdc60229b7bdb1fa7a74742f5b849d6541775
2019/12/14 | 18:54:42 | INFO | [32m[2019-12-14 18:54:42 DEBUG	vault_processor][39m\nCustID: 274380001080460
Name: N/A
TradeChannel: HFS Small T.G.
hash: 72b17bbae427ba5205484b5051ad56d89545713b3a2794240f4d42a69025ead2
2019/12/14 | 18:54:42 | INFO | [32m[2019-12-14 18:54:42 DEBUG	vault_processor][39m\nCustID: 274380001080752
Name: N/A
TradeChannel: HFS Small T.G.
hash: bf7a5855dacd75cffdb12a383e5a81f65470ad563479051eb3f52f5d9e18e5e8
2019/12/14 | 18:54:42 | INFO | [32m[2019-12-14 18:54:42 DEBUG	vault_processor][39m\nCustID: 274380001080767
Name: N/A
TradeChannel: HFS Small T.G.
hash: df91152ad321fd2fde8f255caa26e218a82bf7afb319df2a696a222e750dc35f
2019/12/14 | 18:54:42 | INFO | [32m[2019-12-14 18:54:42 DEBUG	vault_processor][39m\nCustID: 274380001052090
Name: ABU FAHAD
TradeChannel: HFS Small T.G.
hash: 44b7b1c8e21f1037f6196105144a4fc78dcb6332d28d97f19800387df97a161f
2019/12/14 | 18:54:42 | INFO | [32m[2019-12-14 18:54:42 DEBUG	vault_processor][39m\nCustID: 274380001052148
Name: AL MOSA
TradeChannel: HFS Small T.G.
hash: 246bcdb53388b3d78dbd438ab66e816c25c6171f56814b1f6d42a390de5c29ce
2019/12/14 | 18:54:42 | INFO | [32m[2019-12-14 18:54:42 DEBUG	vault_processor][39m\nCustID: 274380001053077
Name: ALSALAM 2
TradeChannel: HFS Small T.G.
hash: 485b77608f70d1c6f14bfd54980d342bc5fc534c87e3c9418925db6b93351728
2019/12/14 | 18:54:42 | INFO | [32m[2019-12-14 18:54:42 DEBUG	vault_processor][39m\nCustID: 274380001060007
Name: WALAD ALDEERAH
TradeChannel: HFS Small T.G.
hash: abb88cb0c7fd3b0a0d05a0e401d393ea217256dac456d1671ca86806dbdfadd7
2019/12/14 | 18:54:42 | INFO | [32m[2019-12-14 18:54:42 DEBUG	vault_processor][39m\nCustID: 274380001060740
Name: MAWASM ALSANAH LTD. COMPANY
TradeChannel: Discounters T.G
hash: 9b6329fba083d2870858215bc0e49a45a24b8433c3fe2332fd4b432d922c12c8
2019/12/14 | 18:54:42 | INFO | [32m[2019-12-14 18:54:42 DEBUG	vault_processor][39m\nCustID: 274380001060832
Name: ISMAIL
TradeChannel: HFS Small T.G.
hash: bb208b8d4ea88843648e5337ed5de9a04592fe401613d7fd976529bb21a85a6d
2019/12/14 | 18:54:42 | INFO | [32m[2019-12-14 18:54:42 DEBUG	vault_processor][39m\nCustID: 274380001060833
Name: ALASWAQ ALMARKAZIA
TradeChannel: HFS Small T.G.
hash: c2f008b0a9dc114ee68baebdf35207eeabd62b7459a545ade31f8a5800f54723
2019/12/14 | 18:54:42 | INFO | [32m[2019-12-14 18:54:42 DEBUG	vault_processor][39m\nCustID: 274380001076513
Name: FADIL
TradeChannel: HFS Small T.G.
hash: d0a39660da10c4d9e3fd4f88184ff711c7a56dc68249ccf300a50dff7a095356
2019/12/14 | 18:54:42 | INFO | [32m[2019-12-14 18:54:42 DEBUG	vault_processor][39m\nCustID: 274380001078592
Name: Marhaba
TradeChannel: HFS Small T.G.
hash: 64346cf1eb28232bc01e866bc77a2d89738f5fbbc952bfaf1d2e6ad2f591972e
2019/12/14 | 18:54:42 | INFO | [32m[2019-12-14 18:54:42 DEBUG	vault_processor][39m\nCustID: 274380001078604
Name: Abu Thamer
TradeChannel: HFS Small T.G.
hash: 1ad44c5b645c1d046bfbf0cca96a8d20db7a5532696374c0f5ac210efd3c0d82
2019/12/14 | 18:54:42 | INFO | [32m[2019-12-14 18:54:42 DEBUG	vault_processor][39m\nCustID: 274380001078628
Name: baqalat almusitat
TradeChannel: HFS Small T.G.
hash: d46a7a725ce8ad8c7327758d0ab5c907a524a51ddb3c79c2840feeefb5d4b497
2019/12/14 | 18:54:42 | INFO | [32m[2019-12-14 18:54:42 DEBUG	vault_processor][39m\nCustID: 274380001078607
Name: Al Taeser
TradeChannel: HFS Small T.G.
hash: 7175129202afc851bc7b36b65336deead8c6f04be02559f728060ada893e9283
2019/12/14 | 18:54:42 | INFO | [32m[2019-12-14 18:54:42 DEBUG	vault_processor][39m\nCustID: 274380001061128
Name: ASWAQ ALDAWAR
TradeChannel: HFS Small T.G.
hash: 321d6682ef52222f860f7c8a17e9e74fd0d198d03d09403441f0870c3af5669e
2019/12/14 | 18:54:42 | INFO | [32m[2019-12-14 18:54:42 DEBUG	vault_processor][39m\nCustID: 274380001061374
Name: ALMOHANA FOR FOOD
TradeChannel: HFS Small T.G.
hash: b1a7231325f323b40bb2558c1dae00af93b2ce5e740ac956512937b3b9ec6c67
2019/12/14 | 18:54:42 | INFO | [32m[2019-12-14 18:54:42 DEBUG	vault_processor][39m\nCustID: 274380001061497
Name: THURIAT ALKHALEEJ
TradeChannel: HFS Small T.G.
hash: ab0fe9bd6a1a0ded5e0c319ecd2ef6b338cee0b33454c6116e99589ea99d5337
2019/12/14 | 18:54:42 | INFO | [32m[2019-12-14 18:54:42 DEBUG	vault_processor][39m\nCustID: 274380001061560
Name: FAISAL
TradeChannel: HFS Small T.G.
hash: 753cf9d941333c4fb76fbb3309842e7b6c67c4c0963786d4407031fca37bb2d1
2019/12/14 | 18:54:42 | INFO | [32m[2019-12-14 18:54:42 DEBUG	vault_processor][39m\nCustID: 274380001079080
Name: arzaq almadinat marikat
TradeChannel: HFS Small T.G.
hash: e884aed085418e2af3738b29b0fdf9a349cd73348265a717b331fb156769e769
2019/12/14 | 18:54:42 | INFO | [32m[2019-12-14 18:54:42 DEBUG	vault_processor][39m\nCustID: 274380001061622
Name: ALANSAR
TradeChannel: HFS Small T.G.
hash: 1c73f285cc2ffca707ecde29b55c3f32c2818d398e841ce13b86ba8f75ec705e
2019/12/14 | 18:54:42 | INFO | [32m[2019-12-14 18:54:42 DEBUG	vault_processor][39m\nCustID: 274380001079365
Name: N/A
TradeChannel: HFS Small T.G.
hash: 5e2004e6c5d2fff45abb2131414423ddd8a70fd4ea73d1f259bfc5e40e179277
2019/12/14 | 18:54:42 | INFO | [32m[2019-12-14 18:54:42 DEBUG	vault_processor][39m\nCustID: 274380001079444
Name: N/A
TradeChannel: HFS Small T.G.
hash: b696217c7e419f3168a6a7f11b87740a2a46d892e796a946071e2553929aa850
2019/12/14 | 18:54:42 | INFO | [32m[2019-12-14 18:54:42 DEBUG	vault_processor][39m\nCustID: 274380001079634
Name: N/A
TradeChannel: HFS Small T.G.
hash: d523853a5087b43abc6d2053a043a5a1507bc70cfe507867df202ceea9b1e109
2019/12/14 | 18:54:42 | INFO | [32m[2019-12-14 18:54:42 DEBUG	vault_processor][39m\nCustID: 274380001079970
Name: N/A
TradeChannel: HFS Small T.G.
hash: 4371dcf952792675c2e9124b52578af7b9bd387784f2f4e9e0d0652b99836119
2019/12/14 | 18:54:42 | INFO | [32m[2019-12-14 18:54:42 DEBUG	vault_processor][39m\nCustID: 274380001080258
Name: N/A
TradeChannel: HFS Small T.G.
hash: c79230696cfa9899da273d4984a386d33fdf240eb75ebaa852f51de22f0fd4b4
2019/12/14 | 18:54:42 | INFO | [32m[2019-12-14 18:54:42 DEBUG	vault_processor][39m\nCustID: 274380001052308
Name: ALHARETHI
TradeChannel: HFS Small T.G.
hash: 66f77f56691bef9afda38a53fc89605d9bd009a696a14995ba79ad0fba917009
2019/12/14 | 18:54:42 | INFO | [32m[2019-12-14 18:54:42 DEBUG	vault_processor][39m\nCustID: 274380001080861
Name: N/A
TradeChannel: HFS Small T.G.
hash: f4f05c4d4e88e87e13a56843847e1ed454c923231c31adb16e9b8fe8336bbc78
2019/12/14 | 18:54:42 | INFO | [32m[2019-12-14 18:54:42 DEBUG	vault_processor][39m\nCustID: 274380001080834
Name: N/A
TradeChannel: HFS Small T.G.
hash: 8b174263ba8079ee49a68852de4e812da735cc3bd7d79c87f12c829a12f370f1
2019/12/14 | 18:54:42 | INFO | [32m[2019-12-14 18:54:42 DEBUG	vault_processor][39m\nCustID: 274380001080892
Name: N/A
TradeChannel: HFS Small T.G.
hash: 56773ddfe830a2df3c18a11660a3dfdfa4df33daa1c943e17a73b916ac53dd4c
Continuing to vault_processor.1576349682631.log
