******************************************************************************************
**
** Perfect Logger Logging System
** Application Version          : 1.0
** Perfect-Logger Version       : 1.5.2
** Application Start Time (UTC) : 18:40:00 2019/12/14
**
** Copyright 2018 Team whileLOOP
**
******************************************************************************************
**
** Log Number               : #15
** Continuing from Log File : vault_processor.1576348947828.log
** Log Start Time (UTC)     : 18:42:27 2019/12/14
**
******************************************************************************************
2019/12/14 | 18:42:27 | INFO | [32m[2019-12-14 18:42:27 DEBUG	vault_processor][39m\nCustID: 274380001062579
Name: ALRAWDAH
TradeChannel: HFS Small T.G.
hash: a3821d8e3b56dfdfb9fc9522c5763859a8966e8015a2c07e583717d238f2ce96
2019/12/14 | 18:42:27 | INFO | [32m[2019-12-14 18:42:27 DEBUG	vault_processor][39m\nCustID: 274380001067143
Name: ALAMWAJ ALDHABIAH 1EST.FOR FOOD
TradeChannel: HFS Small T.G.
hash: a317494990acf6ab54ccf9763f49b36129dec5c1ae59b8e5d45623e5f6ca2a67
2019/12/14 | 18:42:27 | INFO | [32m[2019-12-14 18:42:27 DEBUG	vault_processor][39m\nCustID: 274380001067179
Name: HADEL AL SHARQ EST.FOOD
TradeChannel: HFS Small T.G.
hash: 3837d7386ce2d96cf70ac874d331267dc98ee9781e7082e2450eb29ee3be6668
2019/12/14 | 18:42:27 | INFO | [32m[2019-12-14 18:42:27 DEBUG	vault_processor][39m\nCustID: 274380001067377
Name: ABER KLEYF ALHARBY SUPPLIES
TradeChannel: HFS Small T.G.
hash: b5e7a90979156f6769a2abf22b65d2986b99820b3400046222ce890380623b4b
2019/12/14 | 18:42:27 | INFO | [32m[2019-12-14 18:42:27 DEBUG	vault_processor][39m\nCustID: 274380001067496
Name: ALQFARY
TradeChannel: HFS Small T.G.
hash: 149075c1a804f9c491117ef07746b620a35de3d7d567702f5d272e501a706c3c
2019/12/14 | 18:42:27 | INFO | [32m[2019-12-14 18:42:27 DEBUG	vault_processor][39m\nCustID: 274380001067703
Name: Abdullah Alrackby
TradeChannel: HFS Small T.G.
hash: b5ed7857605d545d865cc999e0261d1c9d21d50ef402c6c57b988587adec43db
2019/12/14 | 18:42:27 | INFO | [32m[2019-12-14 18:42:27 DEBUG	vault_processor][39m\nCustID: 274380001050751
Name: ZAMZAM
TradeChannel: HFS Small T.G.
hash: 5ef31bbfd97fa458ff1146981397112a9effa399b6bda1c03bfe4f93eaf8e568
2019/12/14 | 18:42:27 | INFO | [32m[2019-12-14 18:42:27 DEBUG	vault_processor][39m\nCustID: 274380001067945
Name: baqahalt al hizam
TradeChannel: HFS Small T.G.
hash: 027c9ef2e0432b2d810e23b199248af568383f0c2d757cf024aa67b441dfdbf9
2019/12/14 | 18:42:27 | INFO | [32m[2019-12-14 18:42:27 DEBUG	vault_processor][39m\nCustID: 274380001068243
Name: Supermarkets shdaa
TradeChannel: HFS Small T.G.
hash: 3e226c6027ecf7d60d01820976125c71b386b41fb8e2de0c7a71ff92f08cfed2
2019/12/14 | 18:42:27 | INFO | [32m[2019-12-14 18:42:27 DEBUG	vault_processor][39m\nCustID: 274380001068477
Name: Baz  alkamis
TradeChannel: HFS Small T.G.
hash: c4c6b30158d2126d7364fb8829329ecdcdda069c025ae607dd0472d92f4b4de8
2019/12/14 | 18:42:27 | INFO | [32m[2019-12-14 18:42:27 DEBUG	vault_processor][39m\nCustID: 274380001068515
Name: kayrat blady
TradeChannel: HFS Small T.G.
hash: fd6af806be4689fad4b8a35a6196bb913585a0e873dfd8eb00ece124a61805b8
2019/12/14 | 18:42:27 | INFO | [32m[2019-12-14 18:42:27 DEBUG	vault_processor][39m\nCustID: 274380001068517
Name: Beqalah AS SAFA
TradeChannel: HFS Small T.G.
hash: 45ffdb2aa9a3bec55443aa65d68f8b6684e577f6de8d69d5681bcfbb2a53307f
2019/12/14 | 18:42:28 | INFO | [32m[2019-12-14 18:42:28 DEBUG	vault_processor][39m\nCustID: 274380001068520
Name: swaq Majid
TradeChannel: HFS Small T.G.
hash: 153cbfd8a8124ef91f9393a40dea4eb8a60c7a4f0090320a2688e79a44b55f22
2019/12/14 | 18:42:28 | INFO | [32m[2019-12-14 18:42:28 DEBUG	vault_processor][39m\nCustID: 274380001068549
Name: Faisaliah
TradeChannel: HFS Small T.G.
hash: 4445f9323ac2919dbd5cee8299ee3caf43ce871b103240f2bda076d08b22d39c
2019/12/14 | 18:42:28 | INFO | [32m[2019-12-14 18:42:28 DEBUG	vault_processor][39m\nCustID: 274380001069064
Name: Tamoinat Abdul Rahman ALAbdan
TradeChannel: HFS Small T.G.
hash: 9f3913c908675ba03e79d2f981ea75fa177ce982d81fb867a46d2fcd48564a42
2019/12/14 | 18:42:28 | INFO | [32m[2019-12-14 18:42:28 DEBUG	vault_processor][39m\nCustID: 274380001069048
Name: Tamoinat ALAsmari
TradeChannel: HFS Small T.G.
hash: 78e07fd74518ed86018b579a9a2d25a95f2c28fb6ec3addfe5725f86c5f110f0
2019/12/14 | 18:42:28 | INFO | [32m[2019-12-14 18:42:28 DEBUG	vault_processor][39m\nCustID: 274380001069100
Name: Sadiah Hamed Mohammed Alsarani
TradeChannel: HFS Small T.G.
hash: 3966cff7d64c2ac77954e39857c74da0805198428254b4c79b4f84cceaf40530
2019/12/14 | 18:42:28 | INFO | [32m[2019-12-14 18:42:28 DEBUG	vault_processor][39m\nCustID: 274380001069122
Name: Saedah Salem Awad Aljahani
TradeChannel: HFS Small T.G.
hash: 8736695a6aa017b400775d065429be8f6ce87102d0456e6fe16a6488ef1bc0d4
2019/12/14 | 18:42:28 | INFO | [32m[2019-12-14 18:42:28 DEBUG	vault_processor][39m\nCustID: 274380001069154
Name: Abdulrahman Mohammed Ali Alkhaldi
TradeChannel: HFS Small T.G.
hash: 178eb032bb565780ae69991b7b1bbce530185f720db22a79bf97757e573f4bba
2019/12/14 | 18:42:28 | INFO | [32m[2019-12-14 18:42:28 DEBUG	vault_processor][39m\nCustID: 274380001069832
Name: Delta To Food
TradeChannel: HFS Small T.G.
hash: 541061bbd33f494cfe8c3a7f2489a1fb5e1d71962d806f6f927ca1db3e6727fa
2019/12/14 | 18:42:28 | INFO | [32m[2019-12-14 18:42:28 DEBUG	vault_processor][39m\nCustID: 274380001069430
Name: alfozan
TradeChannel: HFS Small T.G.
hash: 443748fb74b140df56a8ed055ca14ab757244a7e0217dadec92c52e2defa7d82
2019/12/14 | 18:42:28 | INFO | [32m[2019-12-14 18:42:28 DEBUG	vault_processor][39m\nCustID: 274380001070761
Name: AL GAWHARH
TradeChannel: HFS Small T.G.
hash: 8d995c4d291c1d2b83ba569dbb8a3267e37d4554fc1526c9cc75dd65e809dfba
2019/12/14 | 18:42:28 | INFO | [32m[2019-12-14 18:42:28 DEBUG	vault_processor][39m\nCustID: 274380001073413
Name: Madinat Elomal Groc.
TradeChannel: HFS Small T.G.
hash: 9741cfb7460e8808c5921d23ef9d25e0137edd867e898d4b4cc4e40c962fb000
2019/12/14 | 18:42:28 | INFO | [32m[2019-12-14 18:42:28 DEBUG	vault_processor][39m\nCustID: 274380001073591
Name: Dubai Center
TradeChannel: HFS Small T.G.
hash: 2de543a42096423e3af575a6f3c85223d3427b9524b30ce226bf8967415d61c4
2019/12/14 | 18:42:28 | INFO | [32m[2019-12-14 18:42:28 DEBUG	vault_processor][39m\nCustID: 274380001073806
Name: Hayfa Alsadi
TradeChannel: HFS Small T.G.
hash: 84060f9e0a9f5660f40b15241e53f7d0b82e94e6ddefe55200b7d2ef26884c43
2019/12/14 | 18:42:28 | INFO | [32m[2019-12-14 18:42:28 DEBUG	vault_processor][39m\nCustID: 274380001073841
Name: Abdrab Elrasol Zazam Est.
TradeChannel: HFS Small T.G.
hash: 405300e7881684f203228ac6fb1abf001bc6febb4262c55db59318d78cb2f4ed
2019/12/14 | 18:42:28 | INFO | [32m[2019-12-14 18:42:28 DEBUG	vault_processor][39m\nCustID: 274380001073855
Name: Mohammad Elsaiary Groc.
TradeChannel: HFS Small T.G.
hash: a18213d97da18796a9c4dd5332fbae17b2382232701791d0cf5710378f01a117
2019/12/14 | 18:42:28 | INFO | [32m[2019-12-14 18:42:28 DEBUG	vault_processor][39m\nCustID: 274380001074033
Name: Grocery Areej m 3 for sale. g
TradeChannel: HFS Small T.G.
hash: beca53db8ea75e83d1997608e49918470e46eae8ad430530193aa9324cf10310
2019/12/14 | 18:42:28 | INFO | [32m[2019-12-14 18:42:28 DEBUG	vault_processor][39m\nCustID: 274380001074036
Name: Tamoinat Shargat m
TradeChannel: HFS Small T.G.
hash: 97784c09351c7ac0bc4d8ed5efa506c1d2a71a4d22ccf9cb23191c5dd8bf9626
2019/12/14 | 18:42:28 | INFO | [32m[2019-12-14 18:42:28 DEBUG	vault_processor][39m\nCustID: 274380001050719
Name: OMAR ALMAZEENY
TradeChannel: HFS Small T.G.
hash: 6a2c6f4600d11b1aa086d46178d30abaac7d199da46fb06911c3c3c98450d830
2019/12/14 | 18:42:28 | INFO | [32m[2019-12-14 18:42:28 DEBUG	vault_processor][39m\nCustID: 274380001061114
Name: JAMAYEL
TradeChannel: HFS Small T.G.
hash: ddf8d0737688d690f4e05b3a33000be0b71b9da53366a0b76dd73540b0f7cc47
2019/12/14 | 18:42:28 | INFO | [32m[2019-12-14 18:42:28 DEBUG	vault_processor][39m\nCustID: 274380001047943
Name: TAMWEENAT HASAN SALEEM
TradeChannel: HFS Small T.G.
hash: 427e13455917c0db7954e6e120e1548ea1888dc00f1bc16e0a467a2e9a385bc9
2019/12/14 | 18:42:28 | INFO | [32m[2019-12-14 18:42:28 DEBUG	vault_processor][39m\nCustID: 274380001063556
Name: NAIF
TradeChannel: HFS Small T.G.
hash: bc775eef969acb89534d630082b36d384fabcaac601a940d7002dd1d48ec196b
2019/12/14 | 18:42:28 | INFO | [32m[2019-12-14 18:42:28 DEBUG	vault_processor][39m\nCustID: 274380001051625
Name: MAHA
TradeChannel: HFS Small T.G.
hash: 381508f69a5af3076f1976389b69c118c560c77fb463eb07babaa3a5d88d0635
2019/12/14 | 18:42:28 | INFO | [32m[2019-12-14 18:42:28 DEBUG	vault_processor][39m\nCustID: 274380001067460
Name: BEQALT ALSABAEI
TradeChannel: HFS Small T.G.
hash: b297a0384fbcb633b40e8c5f3cc7f0fcc7b951fed623cf750d1c928e8499ab81
2019/12/14 | 18:42:28 | INFO | [32m[2019-12-14 18:42:28 DEBUG	vault_processor][39m\nCustID: 274380001068073
Name: ali alsenan grocery
TradeChannel: HFS Small T.G.
hash: 6115c6114e4c34a6de955542348448c87ada4567a9b5cc3f3b6c761ec120ab45
2019/12/14 | 18:42:28 | INFO | [32m[2019-12-14 18:42:28 DEBUG	vault_processor][39m\nCustID: 274380001046132
Name: RAWAFID ALSAHRAA CENTER
TradeChannel: HFS Small T.G.
hash: 8cd62838aaf501cf5fd7a14d529381bf1b22126e46851a80d3681a1f194acfb2
2019/12/14 | 18:42:28 | INFO | [32m[2019-12-14 18:42:28 DEBUG	vault_processor][39m\nCustID: 274380001057616
Name: ABDULRAHMAN ALSAIF LILTAKHFIDAT
TradeChannel: HFS Small T.G.
hash: 088ada7c6ab0b2036f5eb9fb454e3160137b6965eeceeb12293cafc3a3ca491a
2019/12/14 | 18:42:28 | INFO | [32m[2019-12-14 18:42:28 DEBUG	vault_processor][39m\nCustID: 274380001067561
Name: ALFAREEJ EST. GROERY
TradeChannel: HFS Small T.G.
hash: d99fac9352f9e7a86ed83e0f32665a0b1248a19e39db36abfc43761e58f6b4f4
2019/12/14 | 18:42:28 | INFO | [32m[2019-12-14 18:42:28 DEBUG	vault_processor][39m\nCustID: 274380001046758
Name: ALQAFILAH
TradeChannel: HFS Small T.G.
hash: 89d401795bcb94b662de133d2df2a7451acf5541cb1956f4d98001ca620684ef
2019/12/14 | 18:42:28 | INFO | [32m[2019-12-14 18:42:28 DEBUG	vault_processor][39m\nCustID: 274380001046763
Name: ALHAMEDI
TradeChannel: HFS Small T.G.
hash: a1905c56cfc0b8deb89b000a3835e4a1a7d8e5de22dac4aa109890aea8fca332
2019/12/14 | 18:42:28 | INFO | [32m[2019-12-14 18:42:28 DEBUG	vault_processor][39m\nCustID: 274380001047060
Name: SENAA
TradeChannel: HFS Small T.G.
hash: e58a52e37fce8903138dc87c9fb4cfea78f546f18c0a67d173c178f629c1c276
2019/12/14 | 18:42:28 | INFO | [32m[2019-12-14 18:42:28 DEBUG	vault_processor][39m\nCustID: 274380001060783
Name: AHMAD
TradeChannel: HFS Small T.G.
hash: 3c461d950e471906a519c40dfe0e0e5079a976914e9fc92f0a59cf5ed8e191cd
2019/12/14 | 18:42:28 | INFO | [32m[2019-12-14 18:42:28 DEBUG	vault_processor][39m\nCustID: 274380001047567
Name: ALGHARBIAH 1
TradeChannel: HFS Small T.G.
hash: f4157ec9314be62cb60b6f8e0b069a2a7a0b931b3d939cd507c952a81013c08c
2019/12/14 | 18:42:28 | INFO | [32m[2019-12-14 18:42:28 DEBUG	vault_processor][39m\nCustID: 274380001048056
Name: SHAHAD 2
TradeChannel: HFS Small T.G.
hash: a57c40423695c2748e06ac9740177770a4c504d94a8c48633b87d6ab59de0bd2
2019/12/14 | 18:42:28 | INFO | [32m[2019-12-14 18:42:28 DEBUG	vault_processor][39m\nCustID: 274380001072124
Name: Nour alyaqeen
TradeChannel: HFS Small T.G.
hash: 60d946c340b33d93c7aac1e337ae846a0cdcd241fd21e872159d3c255007dbe4
2019/12/14 | 18:42:28 | INFO | [32m[2019-12-14 18:42:28 DEBUG	vault_processor][39m\nCustID: 274380001074037
Name: Grocery Jewel Shark m. G.
TradeChannel: HFS Small T.G.
hash: 3db207a632b3be23b167fb5a11c99dee20e351425c61504f92f4bc37e34df811
2019/12/14 | 18:42:28 | INFO | [32m[2019-12-14 18:42:28 DEBUG	vault_processor][39m\nCustID: 274380001074242
Name: Aldohah Cent.
TradeChannel: HFS Small T.G.
hash: b6cabd384b1d9e51c0ddad2d0adc19933093e02e749df4cfc3ce4fc2ef649ada
2019/12/14 | 18:42:28 | INFO | [32m[2019-12-14 18:42:28 DEBUG	vault_processor][39m\nCustID: 274380001055719
Name: FALAH
TradeChannel: HFS Small T.G.
hash: 713534564fc40393461ce72fa55cf1f72baf2b10c883d20c5d31ae0033daaeeb
2019/12/14 | 18:42:28 | INFO | [32m[2019-12-14 18:42:28 DEBUG	vault_processor][39m\nCustID: 274380001074673
Name: Ali Essa Groc.
TradeChannel: HFS Small T.G.
hash: e88919a5a1422b2eed0e6dd871461aa572f07f4cb66384c5f4e006de35720712
2019/12/14 | 18:42:28 | INFO | [32m[2019-12-14 18:42:28 DEBUG	vault_processor][39m\nCustID: 274380001074374
Name: Almizan Cent.
TradeChannel: HFS Small T.G.
hash: 2e3c02be5fad51a4ef28fabdd57ce60c6e522b224394034ccf2e866c2c9a86fc
2019/12/14 | 18:42:28 | INFO | [32m[2019-12-14 18:42:28 DEBUG	vault_processor][39m\nCustID: 274380001074570
Name: Tamoinat alwrooad
TradeChannel: HFS Small T.G.
hash: 1eeb0c70fc561b77fbd53568383175cb441c86ab99939bac2f11d7eb82e45e83
Continuing to vault_processor.1576348948218.log
