2019/12/14 | 18:55:42 | INFO | [32m[2019-12-14 18:55:42 DEBUG	vault_processor][39m\nCustID: 274380001099148
Name: N/A
TradeChannel: N/A
hash: f46f14fcd933360ff6614987475c9634adb0f1c50f3a4e504d306647d4a2ecec
******************************************************************************************
**
** Perfect Logger Logging System
** Application Version          : 1.0
** Perfect-Logger Version       : 1.5.2
** Application Start Time (UTC) : 18:49:52 2019/12/14
**
** Copyright 2018 Team whileLOOP
**
******************************************************************************************
**
** Log Number               : #105
** Continuing from Log File : vault_processor.1576349742264.log
** Log Start Time (UTC)     : 18:55:42 2019/12/14
**
******************************************************************************************
2019/12/14 | 18:55:42 | INFO | [32m[2019-12-14 18:55:42 DEBUG	vault_processor][39m\nCustID: 274380001062750
Name: ALSHERAA ALAKHDAR
TradeChannel: HFS Small T.G.
hash: 56080ecd04726d19c37095af6b09523a9b711af04a4911091459315bef2a385a
2019/12/14 | 18:55:42 | INFO | [32m[2019-12-14 18:55:42 DEBUG	vault_processor][39m\nCustID: 274380001096625
Name: N/A
TradeChannel: N/A
hash: 20313561406a46dea589eef525b84822cbc10eda13e500ee1add84f65054cc80
2019/12/14 | 18:55:42 | INFO | [32m[2019-12-14 18:55:42 DEBUG	vault_processor][39m\nCustID: 274380001096694
Name: N/A
TradeChannel: N/A
hash: 8d26e768828d526e7cd4e9bf2bced79f2f29807f46dda1d07891268630bd8539
2019/12/14 | 18:55:42 | INFO | [32m[2019-12-14 18:55:42 DEBUG	vault_processor][39m\nCustID: 274380001096943
Name: N/A
TradeChannel: N/A
hash: 7ef17c1c3d93e9b8a89368ad1960508ac392f4053d461a88533c7962a74d1de0
2019/12/14 | 18:55:42 | INFO | [32m[2019-12-14 18:55:42 DEBUG	vault_processor][39m\nCustID: 274380001078698
Name: Bayarq Al Tawfiq Trading Est
TradeChannel: Self Service T.G
hash: 66f5da3fe95fee06a1659d766c7cc392999cb7f6d1d408817c13857d7fd939b9
2019/12/14 | 18:55:42 | INFO | [32m[2019-12-14 18:55:42 DEBUG	vault_processor][39m\nCustID: 274380001091715
Name: N/A
TradeChannel: N/A
hash: a0a9297ec3088f5b0669bea7d15b41a5449457c075918af71deb5f2d389752cf
2019/12/14 | 18:55:42 | INFO | [32m[2019-12-14 18:55:42 DEBUG	vault_processor][39m\nCustID: 274380001091552
Name: N/A
TradeChannel: N/A
hash: cefe5448453b76a61df8bdab22dd2b2a5d7fdf563a3fd183bc88e1baec40ac14
2019/12/14 | 18:55:42 | INFO | [32m[2019-12-14 18:55:42 DEBUG	vault_processor][39m\nCustID: 274380001098471
Name: N/A
TradeChannel: N/A
hash: f313f7fd90d4cacf234cf4c93e0d53f75905b3ef8bf3ca13486121f1a038a69e
2019/12/14 | 18:55:42 | INFO | [32m[2019-12-14 18:55:42 DEBUG	vault_processor][39m\nCustID: 274380001098804
Name: N/A
TradeChannel: N/A
hash: 50b50222f71ba0cafaf7630bd7a747de81d4fa226b77b965f4002cf88a66e6b4
2019/12/14 | 18:55:42 | INFO | [32m[2019-12-14 18:55:42 DEBUG	vault_processor][39m\nCustID: 274380001098805
Name: N/A
TradeChannel: N/A
hash: 875749505a40375c2493c52e73939408f37d5dd03366b81ec5304cecb481ab74
2019/12/14 | 18:55:42 | INFO | [32m[2019-12-14 18:55:42 DEBUG	vault_processor][39m\nCustID: 274380001098865
Name: N/A
TradeChannel: N/A
hash: 1501ab6da9d76931db85ab7679a5fcc67f60ef9a8470c8e3357a35a5dccb1716
2019/12/14 | 18:55:42 | INFO | [32m[2019-12-14 18:55:42 DEBUG	vault_processor][39m\nCustID: 274380001098710
Name: N/A
TradeChannel: N/A
hash: 6708a5ccbcfbefb71c183f739e6e8d883a0e4ef5764c3f310bd7901352fddde9
2019/12/14 | 18:55:42 | INFO | [32m[2019-12-14 18:55:42 DEBUG	vault_processor][39m\nCustID: 274380001098895
Name: N/A
TradeChannel: N/A
hash: 6088e1d1ec03005aebc826472822d01ed8ed3ef2eb50f65a42fd60344901c5df
2019/12/14 | 18:55:42 | INFO | [32m[2019-12-14 18:55:42 DEBUG	vault_processor][39m\nCustID: 274380001098914
Name: N/A
TradeChannel: N/A
hash: 68b23e74b419e580b67eda1d224f79c659ac1b6cc6d48b6d96d570e1b792a8e0
2019/12/14 | 18:55:42 | INFO | [32m[2019-12-14 18:55:42 DEBUG	vault_processor][39m\nCustID: 274380001099149
Name: N/A
TradeChannel: N/A
hash: 3e8c8e27777aa7e0c156cd98feb73445299c9f73af580dafeae0dbc8697e2439
2019/12/14 | 18:55:42 | INFO | [32m[2019-12-14 18:55:42 DEBUG	vault_processor][39m\nCustID: 274380001099156
Name: N/A
TradeChannel: HFS Small T.G.
hash: a4c55b24b7e78fe820692f26afef532bd1f7f2d6aacf9127127045a5877cd37d
2019/12/14 | 18:55:42 | INFO | [32m[2019-12-14 18:55:42 DEBUG	vault_processor][39m\nCustID: 274380001099185
Name: N/A
TradeChannel: HFS Small T.G.
hash: cec08bc55c3767709226805f34e21a8f8700356c7efef47a8c644006934986ca
2019/12/14 | 18:55:42 | INFO | [32m[2019-12-14 18:55:42 DEBUG	vault_processor][39m\nCustID: 274380001099189
Name: N/A
TradeChannel: HFS Small T.G.
hash: 51b2050261b9fb49a0e19c0cd5de1372d35cb41c875a3214efaddc505c548cb8
2019/12/14 | 18:55:42 | INFO | [32m[2019-12-14 18:55:42 DEBUG	vault_processor][39m\nCustID: 274380001099255
Name: N/A
TradeChannel: HFS Small T.G.
hash: f9d00d1039602c30111d7df2e1d379b0e74254c98a0f3acb116c09e9d341f471
2019/12/14 | 18:55:42 | INFO | [32m[2019-12-14 18:55:42 DEBUG	vault_processor][39m\nCustID: 274380001099250
Name: N/A
TradeChannel: N/A
hash: 9cf3dcc4accc2c44ff8a3675ef5aa715e34c96164731e5898e493209ba84a96a
2019/12/14 | 18:55:42 | INFO | [32m[2019-12-14 18:55:42 DEBUG	vault_processor][39m\nCustID: 274380001099191
Name: N/A
TradeChannel: HFS Small T.G.
hash: c64f38ead6ecc6f7e834dd40c3e0ce95cdbea41cff0e4d17c52cc06c0bb1a790
2019/12/14 | 18:55:42 | INFO | [32m[2019-12-14 18:55:42 DEBUG	vault_processor][39m\nCustID: 274380001099262
Name: N/A
TradeChannel: N/A
hash: 01302dc777e5378c37cce05303fd7d61e8522409f9cf3c0ecf94873ff9bde230
2019/12/14 | 18:55:42 | INFO | [32m[2019-12-14 18:55:42 DEBUG	vault_processor][39m\nCustID: 274380001099267
Name: N/A
TradeChannel: HFS Small T.G.
hash: a2a2d748f966ec559e2072968e5680d2aefdf7310ebad1710d24a11685597517
2019/12/14 | 18:55:42 | INFO | [32m[2019-12-14 18:55:42 DEBUG	vault_processor][39m\nCustID: 274380001099269
Name: N/A
TradeChannel: HFS Small T.G.
hash: fe9ce3390953e42e7ee2d9a934d554de25c7e9e6a43986e41bf5b40522edbc6d
2019/12/14 | 18:55:42 | INFO | [32m[2019-12-14 18:55:42 DEBUG	vault_processor][39m\nCustID: 274380001099369
Name: N/A
TradeChannel: N/A
hash: a6929faacd2f82970514f0c693eca143e37d52fd77a007d3650887b551fa3b2d
2019/12/14 | 18:55:42 | INFO | [32m[2019-12-14 18:55:42 DEBUG	vault_processor][39m\nCustID: 274380001099372
Name: N/A
TradeChannel: HFS Small T.G.
hash: ad4aacd9e63cb096a0687568d7d637aeb77ceecabe2b1a44377273516ea49cd7
2019/12/14 | 18:55:42 | INFO | [32m[2019-12-14 18:55:42 DEBUG	vault_processor][39m\nCustID: 274380001099373
Name: N/A
TradeChannel: N/A
hash: d1766f78e4ee256fbc62e3da583bb968f0a821f1702c970608655a63b0aac203
2019/12/14 | 18:55:42 | INFO | [32m[2019-12-14 18:55:42 DEBUG	vault_processor][39m\nCustID: 274380001099375
Name: N/A
TradeChannel: N/A
hash: d02977a6a464af3b72d86b6c6fc758726e07dc26ffa07da58653e32a7acc2fb8
2019/12/14 | 18:55:42 | INFO | [32m[2019-12-14 18:55:42 DEBUG	vault_processor][39m\nCustID: 274380001099377
Name: N/A
TradeChannel: HFS Small T.G.
hash: 3e6515221e9b62298bf5da345a46fb00c7edfb02818125b180858dcc068c9eb4
2019/12/14 | 18:55:42 | INFO | [32m[2019-12-14 18:55:42 DEBUG	vault_processor][39m\nCustID: 274380001099379
Name: N/A
TradeChannel: HFS Small T.G.
hash: 54f76f3937997b31c2473ea0f97525243783b2550c20d36be800473968a67166
2019/12/14 | 18:55:42 | INFO | [32m[2019-12-14 18:55:42 DEBUG	vault_processor][39m\nCustID: 274380001099381
Name: N/A
TradeChannel: HFS Small T.G.
hash: a72fd45c7df90d1e1e341c5ca43bdc49d43f43055314732737400b0e19ba8239
2019/12/14 | 18:55:42 | INFO | [32m[2019-12-14 18:55:42 DEBUG	vault_processor][39m\nCustID: 274380001099382
Name: N/A
TradeChannel: HFS Small T.G.
hash: eb190f745cdee8f7223ee31b892ee4200a495c8666eef87dd9833cdf58a7ef01
2019/12/14 | 18:55:42 | INFO | [32m[2019-12-14 18:55:42 DEBUG	vault_processor][39m\nCustID: 274380001099392
Name: N/A
TradeChannel: N/A
hash: 152c04dfabe698c9611cbc47bcd946e51661a8d688ba2c06155a021c2c6d9cbf
2019/12/14 | 18:55:42 | INFO | [32m[2019-12-14 18:55:42 DEBUG	vault_processor][39m\nCustID: 274380001101291
Name: N/A
TradeChannel: N/A
hash: f3f6e2f6ed01072fa7894e53c22da99a8079ab1e82c272399890bd102cd4643e
2019/12/14 | 18:55:42 | INFO | [32m[2019-12-14 18:55:42 DEBUG	vault_processor][39m\nCustID: 274380001081274
Name: N/A
TradeChannel: HFS Small T.G.
hash: f09c46ff894fd49af3874cd9e0069b8a9e9d64916ea92a847a63c478b0acdfa6
2019/12/14 | 18:55:42 | INFO | [32m[2019-12-14 18:55:42 DEBUG	vault_processor][39m\nCustID: 274380001046434
Name: RAKAN
TradeChannel: HFS Small T.G.
hash: 478bb371bd7407d8f23f1bb143329200518a562b6f93c699f5802292c648df4c
2019/12/14 | 18:55:42 | INFO | [32m[2019-12-14 18:55:42 DEBUG	vault_processor][39m\nCustID: 274380001099428
Name: N/A
TradeChannel: N/A
hash: 5e120400d78c23074eb876b57d0309ce65c38ef6336df46342004b6076f727c5
2019/12/14 | 18:55:42 | INFO | [32m[2019-12-14 18:55:42 DEBUG	vault_processor][39m\nCustID: 274380001099475
Name: N/A
TradeChannel: N/A
hash: 4fe4ebdc21370365229991f9c4aa41c1a939d8d9808c1830f59ed3791f1ba81a
2019/12/14 | 18:55:42 | INFO | [32m[2019-12-14 18:55:42 DEBUG	vault_processor][39m\nCustID: 274380001099476
Name: N/A
TradeChannel: N/A
hash: b1d621f03e5c96eb98032695c39d21889a4a9c5bfb5f7362255c28cb836a75e7
2019/12/14 | 18:55:42 | INFO | [32m[2019-12-14 18:55:42 DEBUG	vault_processor][39m\nCustID: 274380001099485
Name: N/A
TradeChannel: N/A
hash: be0e04904e39228bb160bedba5be7dfe2a93bc1cf1070561402ea012d3ed1d3a
2019/12/14 | 18:55:42 | INFO | [32m[2019-12-14 18:55:42 DEBUG	vault_processor][39m\nCustID: 274380001099495
Name: N/A
TradeChannel: N/A
hash: 96e11c90b887c435015fd9c9d360e1aa95d408c3277f57ad9e01d8f379d030ae
2019/12/14 | 18:55:42 | INFO | [32m[2019-12-14 18:55:42 DEBUG	vault_processor][39m\nCustID: 274380001099513
Name: N/A
TradeChannel: N/A
hash: 7e491ba4cc27f22e7d7b97ba3bbe98b84205374212e157e8192d5f98ec8ae700
2019/12/14 | 18:55:42 | INFO | [32m[2019-12-14 18:55:42 DEBUG	vault_processor][39m\nCustID: 274380001099553
Name: N/A
TradeChannel: N/A
hash: 33cfe638fa0a32ab42e226c5daba9857e3f5e1a626b35b5bade1d32a3c1cd229
2019/12/14 | 18:55:42 | INFO | [32m[2019-12-14 18:55:42 DEBUG	vault_processor][39m\nCustID: 274380001099585
Name: N/A
TradeChannel: N/A
hash: 5076ba76d08ed95de75036f1964c8fd69c98a4e9094f7e639742d5dac95786f7
2019/12/14 | 18:55:42 | INFO | [32m[2019-12-14 18:55:42 DEBUG	vault_processor][39m\nCustID: 274380001099650
Name: N/A
TradeChannel: N/A
hash: 9947f1914d9e7192120ed8671486f0bdfe1731d83d7763e0d3509e7ec210ad87
2019/12/14 | 18:55:42 | INFO | [32m[2019-12-14 18:55:42 DEBUG	vault_processor][39m\nCustID: 274380001099651
Name: N/A
TradeChannel: N/A
hash: e03a950e7a8204ad8e8d367cc58e4b5c3485b4a36b8717352f83e5ef83a5b331
2019/12/14 | 18:55:42 | INFO | [32m[2019-12-14 18:55:42 DEBUG	vault_processor][39m\nCustID: 274380001099670
Name: N/A
TradeChannel: N/A
hash: 0a8b814043190b035a27152da9fc51dc3d3905da2411dbf356a2b4abf6003895
2019/12/14 | 18:55:42 | INFO | [32m[2019-12-14 18:55:42 DEBUG	vault_processor][39m\nCustID: 274380001099747
Name: N/A
TradeChannel: N/A
hash: ffc13892c6f25f270a0dc3b9e47762db576b2f5413aa7727b5e59c5720bfb7e9
2019/12/14 | 18:55:42 | INFO | [32m[2019-12-14 18:55:42 DEBUG	vault_processor][39m\nCustID: 274380001099821
Name: N/A
TradeChannel: N/A
hash: 9d709b4f4141829af4aa2e05d443eaa4c0e0baa6720b966e753e357183ce8320
2019/12/14 | 18:55:42 | INFO | [32m[2019-12-14 18:55:42 DEBUG	vault_processor][39m\nCustID: 274380001099852
Name: N/A
TradeChannel: N/A
hash: 2602f0544036d4bf2dea3538ae8bcf809fb2cb32447e280b4bdb3ca7da6ef6ea
2019/12/14 | 18:55:42 | INFO | [32m[2019-12-14 18:55:42 DEBUG	vault_processor][39m\nCustID: 274380001099866
Name: N/A
TradeChannel: N/A
hash: c7091f32304eb2bea9e387520a495e9e576b5701ad56007485226a087c11b7d0
2019/12/14 | 18:55:42 | INFO | [32m[2019-12-14 18:55:42 DEBUG	vault_processor][39m\nCustID: 274380001099868
Name: N/A
TradeChannel: N/A
hash: accabd23424f6d5eafa6716baa7fdccf5241c3d2cefef90612c0b4702ea2e31c
2019/12/14 | 18:55:42 | INFO | [32m[2019-12-14 18:55:42 DEBUG	vault_processor][39m\nCustID: 274380001099874
Name: N/A
TradeChannel: N/A
hash: 6fe118c7875c10c3eb8526a4d7d156c615c576ef51d994c7c1ea2ea1e0c74875
2019/12/14 | 18:55:42 | INFO | [32m[2019-12-14 18:55:42 DEBUG	vault_processor][39m\nCustID: 274380001099876
Name: N/A
TradeChannel: N/A
hash: 6f61727d3356f37b4b6a32665480e3ece36029858bbabba2106176c6c762a698
2019/12/14 | 18:55:42 | INFO | [32m[2019-12-14 18:55:42 DEBUG	vault_processor][39m\nCustID: 274380001097437
Name: N/A
TradeChannel: N/A
hash: cce19040472cc7cee600881ad2bf380f156c033b025620e697a94aa67725e1bc
2019/12/14 | 18:55:42 | INFO | [32m[2019-12-14 18:55:42 DEBUG	vault_processor][39m\nCustID: 274380001097475
Name: N/A
TradeChannel: N/A
hash: 0c2e8df403a05334e34405bb4e86fb3bcfbeca31961875aef7387ef1a356d769
2019/12/14 | 18:55:42 | INFO | [32m[2019-12-14 18:55:42 DEBUG	vault_processor][39m\nCustID: 274380001097845
Name: N/A
TradeChannel: N/A
hash: 5fc27d756ef096ca33d652dea67afca2014d355516c74a7aead8ab03293c460c
2019/12/14 | 18:55:42 | INFO | [32m[2019-12-14 18:55:42 DEBUG	vault_processor][39m\nCustID: 274380001097585
Name: N/A
TradeChannel: N/A
hash: 002b732ec5e276d5e8afcc56f27a615e62c51c9270908da1209917a05e3abf95
2019/12/14 | 18:55:42 | INFO | [32m[2019-12-14 18:55:42 DEBUG	vault_processor][39m\nCustID: 274380001096589
Name: N/A
TradeChannel: N/A
hash: 9cc1f7a1f429736a28b46104682a8ee38630ea3e269a56c19d4666290dd4f16f
2019/12/14 | 18:55:42 | INFO | [32m[2019-12-14 18:55:42 DEBUG	vault_processor][39m\nCustID: 274380001096613
Name: N/A
TradeChannel: N/A
hash: 7a27c49b99937d2f7144455464b17e1b987b6c5d0cfe239cd7263dd2f4f79f29
2019/12/14 | 18:55:42 | INFO | [32m[2019-12-14 18:55:42 DEBUG	vault_processor][39m\nCustID: 274380001044472
Name: ZAHRAT ALKHALEEJ
TradeChannel: HFS Small T.G.
hash: ac7477181cbd73c365658381d07b7472557405bf17ce8cf16661d7de94f8bb3f
2019/12/14 | 18:55:42 | INFO | [32m[2019-12-14 18:55:42 DEBUG	vault_processor][39m\nCustID: 274380001091810
Name: N/A
TradeChannel: N/A
hash: a9851f86bf7878c296e93404e02c5b1aab58838533d98e7f1bde3a9fa704d01d
2019/12/14 | 18:55:42 | INFO | [32m[2019-12-14 18:55:42 DEBUG	vault_processor][39m\nCustID: 274380001099877
Name: N/A
TradeChannel: N/A
hash: 864c4a460e955ac6a507d17f916d084b335684774709710ab93b51c6caf69f92
2019/12/14 | 18:55:42 | INFO | [32m[2019-12-14 18:55:42 DEBUG	vault_processor][39m\nCustID: 274380001099878
Name: N/A
TradeChannel: N/A
hash: 5aa564e079764872905f3eb194044470920378277e615e7fa0a3f63edc63323f
2019/12/14 | 18:55:42 | INFO | [32m[2019-12-14 18:55:42 DEBUG	vault_processor][39m\nCustID: 274380001099879
Name: N/A
TradeChannel: N/A
hash: 9d833aaff43638cd75cbe53e741acb673eef25bdbe67cd5e144adfd51709f274
2019/12/14 | 18:55:42 | INFO | [32m[2019-12-14 18:55:42 DEBUG	vault_processor][39m\nCustID: 274380001100140
Name: N/A
TradeChannel: N/A
hash: 3978330f9663f78f6e3f473bd6e7d67e2110be1f4c31d12bd9be07261bb9b543
2019/12/14 | 18:55:42 | INFO | [32m[2019-12-14 18:55:42 DEBUG	vault_processor][39m\nCustID: 274380001100142
Name: N/A
TradeChannel: N/A
hash: 72fb4bd8e612dd4dfba637118c6493a30d530629d1b9fa2c97b10a11863818c2
2019/12/14 | 18:55:42 | INFO | [32m[2019-12-14 18:55:42 DEBUG	vault_processor][39m\nCustID: 274380001100143
Name: N/A
TradeChannel: N/A
hash: 9ac61ab6cddfef778f94c23fa928b232a0a16610cc6afe0f2468e4447f962ab1
2019/12/14 | 18:55:42 | INFO | [32m[2019-12-14 18:55:42 DEBUG	vault_processor][39m\nCustID: 274380001100144
Name: N/A
TradeChannel: N/A
hash: 297c0e3d4bdbd1227325a40e5632434c730852e91b93c7ba78c9a053f008ea0c
2019/12/14 | 18:55:42 | INFO | [32m[2019-12-14 18:55:42 DEBUG	vault_processor][39m\nCustID: 274380001100145
Name: N/A
TradeChannel: N/A
hash: c9ced529a2b3d94daae5ff35172831a967f49a3ed9f6e1b0ee96af765443f1ab
2019/12/14 | 18:55:42 | INFO | [32m[2019-12-14 18:55:42 DEBUG	vault_processor][39m\nCustID: 274380001100172
Name: N/A
TradeChannel: N/A
hash: 1492733a27bea56113ffb5b3c0d5b88f668a3516e516a1e21f63207d864e4909
2019/12/14 | 18:55:42 | INFO | [32m[2019-12-14 18:55:42 DEBUG	vault_processor][39m\nCustID: 274380001100173
Name: N/A
TradeChannel: N/A
hash: 64677c093fa4fc68224b0b5a6d75f7a6fe01ccaba621ac3abf26cbbafbfc0c69
2019/12/14 | 18:55:42 | INFO | [32m[2019-12-14 18:55:42 DEBUG	vault_processor][39m\nCustID: 274380001100174
Name: N/A
TradeChannel: N/A
hash: 845889dd966a2a7d538aa75de58dcdfc98b275ff7e18222e70a489e824667ce7
2019/12/14 | 18:55:42 | INFO | [32m[2019-12-14 18:55:42 DEBUG	vault_processor][39m\nCustID: 274380001100254
Name: N/A
TradeChannel: N/A
hash: bfb8b1ad5e2f3979b34ba399538a74ede360cecca3457c226d8f71de77c18019
2019/12/14 | 18:55:42 | INFO | [32m[2019-12-14 18:55:42 DEBUG	vault_processor][39m\nCustID: 274380001100299
Name: N/A
TradeChannel: N/A
hash: d5acd2ade5490817d697db57c201f167e6e53964e84a49c5a42e7b704b24c12e
2019/12/14 | 18:55:42 | INFO | [32m[2019-12-14 18:55:42 DEBUG	vault_processor][39m\nCustID: 274380001100456
Name: N/A
TradeChannel: N/A
hash: 9e0e5b1cf131a49effab7d329da02d99cc67f0bdbca8279bb6e2a66fb61a784c
2019/12/14 | 18:55:42 | INFO | [32m[2019-12-14 18:55:42 DEBUG	vault_processor][39m\nCustID: 274380001100639
Name: N/A
TradeChannel: N/A
hash: eb9b141e83c28281dfd5f9adc708e7167fcb8a943837c46ac6df30d19977fc04
2019/12/14 | 18:55:42 | INFO | [32m[2019-12-14 18:55:42 DEBUG	vault_processor][39m\nCustID: 274380001100649
Name: N/A
TradeChannel: N/A
hash: 5f314dd8051ba75e41516a788ad718a0b837deae734e89384bedb48047876de8
2019/12/14 | 18:55:42 | INFO | [32m[2019-12-14 18:55:42 DEBUG	vault_processor][39m\nCustID: 274380001100653
Name: N/A
TradeChannel: N/A
hash: 0b8e7bb715226adf780393e359c302daada695c125a13a4ca292ac07d6305415
2019/12/14 | 18:55:42 | INFO | [32m[2019-12-14 18:55:42 DEBUG	vault_processor][39m\nCustID: 274380001100658
Name: N/A
TradeChannel: N/A
hash: 3382257334e8468051305629166f6b0fa8c621712b965551dae53f41b8100c54
2019/12/14 | 18:55:42 | INFO | [32m[2019-12-14 18:55:42 DEBUG	vault_processor][39m\nCustID: 274380001100489
Name: N/A
TradeChannel: N/A
hash: feb4c2b768d60f533d6529e7623a45b05a15b6e596cb72770cb6b555b1bfe6e5
2019/12/14 | 18:55:42 | INFO | [32m[2019-12-14 18:55:42 DEBUG	vault_processor][39m\nCustID: 274380001100517
Name: N/A
TradeChannel: N/A
hash: 80bb121b0cf5376e0330ed0b49ac0690748e911b476a64688e6c2662e83254fb
2019/12/14 | 18:55:42 | INFO | [32m[2019-12-14 18:55:42 DEBUG	vault_processor][39m\nCustID: 274380001100516
Name: N/A
TradeChannel: N/A
hash: 7b39e85a2779ee2e3feba28abe784780f7bf6ef8e1bcc6d1c6a7a281f66bc8b8
2019/12/14 | 18:55:42 | INFO | [32m[2019-12-14 18:55:42 DEBUG	vault_processor][39m\nCustID: 274380001100523
Name: N/A
TradeChannel: N/A
hash: 2b5697ba898883adb087d086ae1f9b3b877b484afb49c56a0550f1f4d14ac781
2019/12/14 | 18:55:42 | INFO | [32m[2019-12-14 18:55:42 DEBUG	vault_processor][39m\nCustID: 274380001101511
Name: N/A
TradeChannel: N/A
hash: d5929a020307c1bfbbb2dbbe0a43abe18316e9c106efebca329f0e5d244f4d15
2019/12/14 | 18:55:42 | INFO | [32m[2019-12-14 18:55:42 DEBUG	vault_processor][39m\nCustID: 274380001100521
Name: N/A
TradeChannel: N/A
hash: b1c06f4fbe23215accdaa65fee7328356cea4714e4ce0f6409b5f40f9edc6fbb
2019/12/14 | 18:55:42 | INFO | [32m[2019-12-14 18:55:42 DEBUG	vault_processor][39m\nCustID: 274380001100519
Name: N/A
TradeChannel: N/A
hash: 0715a66beabe89ba13ca4df6f54797d3ee90fd9d0cf15d1dcd0da021874aed76
2019/12/14 | 18:55:42 | INFO | [32m[2019-12-14 18:55:42 DEBUG	vault_processor][39m\nCustID: 274380001100478
Name: N/A
TradeChannel: N/A
hash: fcdcb56a58f0dc4b85deb025b772214e49b57842a345ca541f766fae2be6f193
2019/12/14 | 18:55:42 | INFO | [32m[2019-12-14 18:55:42 DEBUG	vault_processor][39m\nCustID: 274380001092105
Name: N/A
TradeChannel: N/A
hash: c43b9e48ad12a861b0143d93dcc36a7e8276653de18e1e4aa1fe712ebb4c1863
2019/12/14 | 18:55:42 | INFO | [32m[2019-12-14 18:55:42 DEBUG	vault_processor][39m\nCustID: 274380001100668
Name: N/A
TradeChannel: N/A
hash: 106d1c124e215b67cfc682d4283859f58b0c08141cef1afd221eb2418f1e0079
2019/12/14 | 18:55:42 | INFO | [32m[2019-12-14 18:55:42 DEBUG	vault_processor][39m\nCustID: 274380001100672
Name: N/A
TradeChannel: N/A
hash: 970627801c9ba4d8b7626f917813f2f1b4e055d1c3bf1b0c8fd5fdbcc5ecf828
2019/12/14 | 18:55:42 | INFO | [32m[2019-12-14 18:55:42 DEBUG	vault_processor][39m\nCustID: 274380001100676
Name: N/A
TradeChannel: N/A
hash: 7fcbee257d9cfd6da64fd8c4bfe0c328abab2d233d76bc08c12ddcd0bffff5e2
2019/12/14 | 18:55:42 | INFO | [32m[2019-12-14 18:55:42 DEBUG	vault_processor][39m\nCustID: 274380001100709
Name: N/A
TradeChannel: N/A
hash: 2a18ac4c152632264d4f68b0a4bf19913c7a8dab644c4bcec99c0ae282913774
2019/12/14 | 18:55:42 | INFO | [32m[2019-12-14 18:55:42 DEBUG	vault_processor][39m\nCustID: 274380001100682
Name: N/A
TradeChannel: N/A
hash: d1e2475cf7ec541c71c7f2eff9634ed478e21bbc637a140f0c089273b7618abb
2019/12/14 | 18:55:42 | INFO | [32m[2019-12-14 18:55:42 DEBUG	vault_processor][39m\nCustID: 274380001100711
Name: N/A
TradeChannel: N/A
hash: 3bca43ed4964125b02923bf6e9e61d785c4f60c82176a0c881a184368512f706
2019/12/14 | 18:55:42 | INFO | [32m[2019-12-14 18:55:42 DEBUG	vault_processor][39m\nCustID: 274380001100717
Name: N/A
TradeChannel: N/A
hash: a96c9165e709969abb7af9be4a18e6df48e7ed741a2df1fd6403aefdd7e0c043
2019/12/14 | 18:55:42 | INFO | [32m[2019-12-14 18:55:42 DEBUG	vault_processor][39m\nCustID: 274380001100803
Name: N/A
TradeChannel: N/A
hash: 82034be0b6fee404dff71015114ed1122cc47a2def959c9113e3202bd6747528
2019/12/14 | 18:55:42 | INFO | [32m[2019-12-14 18:55:42 DEBUG	vault_processor][39m\nCustID: 274380001100840
Name: N/A
TradeChannel: N/A
hash: 789cb30dff916da3b187fad913aec40761204805826a3e17f223876a6958bee7
2019/12/14 | 18:55:42 | INFO | [32m[2019-12-14 18:55:42 DEBUG	vault_processor][39m\nCustID: 274380001100857
Name: N/A
TradeChannel: N/A
hash: 46a1b1a964e5d960ba9b3a585857371a3d7a954669e870969b58278739e3ce92
2019/12/14 | 18:55:42 | INFO | [32m[2019-12-14 18:55:42 DEBUG	vault_processor][39m\nCustID: 274380001100858
Name: N/A
TradeChannel: N/A
hash: b42bc41f0ddf6e0bc00ee76b237f3f58f54fe41b0f95a61cb08fabab4a3909aa
Continuing to vault_processor.1576349742930.log
