2019/12/14 | 18:43:35 | INFO | [32m[2019-12-14 18:43:35 DEBUG	vault_processor][39m\nCustID: 274380001097573
Name: N/A
TradeChannel: N/A
hash: ff6c130530e129198574cfd2892f3acb8e7988630e0c194bf0b77234d64ade22
******************************************************************************************
**
** Perfect Logger Logging System
** Application Version          : 1.0
** Perfect-Logger Version       : 1.5.2
** Application Start Time (UTC) : 18:40:00 2019/12/14
**
** Copyright 2018 Team whileLOOP
**
******************************************************************************************
**
** Log Number               : #101
** Continuing from Log File : vault_processor.1576349015568.log
** Log Start Time (UTC)     : 18:43:35 2019/12/14
**
******************************************************************************************
2019/12/14 | 18:43:35 | INFO | [32m[2019-12-14 18:43:35 DEBUG	vault_processor][39m\nCustID: 274380001097589
Name: N/A
TradeChannel: N/A
hash: 918f7478c91b9709af12f2016f8bf6678bf82831f5354c3b4fabf2ec8f6a028e
2019/12/14 | 18:43:35 | INFO | [32m[2019-12-14 18:43:35 DEBUG	vault_processor][39m\nCustID: 274380001046010
Name: MUMTAZ
TradeChannel: HFS Small T.G.
hash: ab511746f099ca4a79326f2ea5ab516b8ae6f75c84f315da37a8616cd88fbf8e
2019/12/14 | 18:43:35 | INFO | [32m[2019-12-14 18:43:35 DEBUG	vault_processor][39m\nCustID: 274380001046023
Name: ALKARAMA
TradeChannel: HFS Small T.G.
hash: 3afc1bfedd611d5a3c27c58b80da4a19854abe009469d10d0a600852e92f5f04
2019/12/14 | 18:43:35 | INFO | [32m[2019-12-14 18:43:35 DEBUG	vault_processor][39m\nCustID: 274380001083677
Name: N/A
TradeChannel: HFS Small T.G.
hash: a85d5af755edccd784ee273f12e3d357520b932327519257ec178aa221063470
2019/12/14 | 18:43:35 | INFO | [32m[2019-12-14 18:43:35 DEBUG	vault_processor][39m\nCustID: 274380001053796
Name: ASL AL DAWAA PHARMACY
TradeChannel: RVO Pharma
hash: 0a9aaffa4e4bbc7804157775b14bf1b520d685c04dddcfd66bfa0a23ecfb4c4c
2019/12/14 | 18:43:35 | INFO | [32m[2019-12-14 18:43:35 DEBUG	vault_processor][39m\nCustID: 274380001094779
Name: N/A
TradeChannel: N/A
hash: badee95dc9cc0f0814b84b1048a2c8ffbaab727727692321441009c5fbde6e70
2019/12/14 | 18:43:35 | INFO | [32m[2019-12-14 18:43:35 DEBUG	vault_processor][39m\nCustID: 274380001097021
Name: N/A
TradeChannel: N/A
hash: 85646dbb9d7cf7698ec04b235cce4d4fc6bae8d9306d6fd90018e290398a874b
2019/12/14 | 18:43:35 | INFO | [32m[2019-12-14 18:43:35 DEBUG	vault_processor][39m\nCustID: 274380001097123
Name: N/A
TradeChannel: N/A
hash: 43be4e401caec5c6409e505edddcfd55f72b262fcb2a11a286d5414e90be0c20
2019/12/14 | 18:43:35 | INFO | [32m[2019-12-14 18:43:35 DEBUG	vault_processor][39m\nCustID: 274380001097125
Name: N/A
TradeChannel: N/A
hash: adc94dfa9bd5757880d9c4712db388ca8702f3f66797bc3d3daae9deea9eb264
2019/12/14 | 18:43:35 | INFO | [32m[2019-12-14 18:43:35 DEBUG	vault_processor][39m\nCustID: 274380001097191
Name: N/A
TradeChannel: N/A
hash: 65582e290d6cd47b07c46c6dbe394b5c330dce2761ef9b42b05ad42cdd113ffe
2019/12/14 | 18:43:35 | INFO | [32m[2019-12-14 18:43:35 DEBUG	vault_processor][39m\nCustID: 274380001097442
Name: N/A
TradeChannel: N/A
hash: f5cd8f5b70e87019505555087216ee1736b97857227d982bf14031e57eba9ae4
2019/12/14 | 18:43:35 | INFO | [32m[2019-12-14 18:43:35 DEBUG	vault_processor][39m\nCustID: 274380001097456
Name: N/A
TradeChannel: N/A
hash: 72455a72173031f3734a45d16cf0a2de56461e48d78474b380e101c585068772
2019/12/14 | 18:43:35 | INFO | [32m[2019-12-14 18:43:35 DEBUG	vault_processor][39m\nCustID: 274380001097492
Name: N/A
TradeChannel: N/A
hash: 4fbc46280bc1539db95ea9e402e204d6dd5cc01e2efc6800ac097ca8754314a2
2019/12/14 | 18:43:35 | INFO | [32m[2019-12-14 18:43:35 DEBUG	vault_processor][39m\nCustID: 274380001045680
Name: ALFAHAD
TradeChannel: HFS Small T.G.
hash: 1a6134b3d67ebe9f76330c9889bfcaa86beb2a7fe17d69c7c972468a8039fb91
2019/12/14 | 18:43:35 | INFO | [32m[2019-12-14 18:43:35 DEBUG	vault_processor][39m\nCustID: 274380001081698
Name: N/A
TradeChannel: HFS Small T.G.
hash: f1b73c0c94983294568354f79b5f754cc5d2e3854409710eff03e0eacbaa1a5e
2019/12/14 | 18:43:35 | INFO | [32m[2019-12-14 18:43:35 DEBUG	vault_processor][39m\nCustID: 274380001083688
Name: N/A
TradeChannel: HFS Small T.G.
hash: 26d18827388fcfcbe977abff33802eb20f5ccbba6bba0359fbe4c88dbe6d1138
2019/12/14 | 18:43:35 | INFO | [32m[2019-12-14 18:43:35 DEBUG	vault_processor][39m\nCustID: 274380001084069
Name: N/A
TradeChannel: HFS Small T.G.
hash: b9571056833243ed1cfaaab45116c6bc58f3d28b7c90f2f779fdaaf40c008b78
2019/12/14 | 18:43:35 | INFO | [32m[2019-12-14 18:43:35 DEBUG	vault_processor][39m\nCustID: 274380001085291
Name: siadliat saediun 5
TradeChannel: RVO Pharma
hash: 7497702b8c82f5e9c75936698f0f965e13cc979f7702806c2e8d8da6694ef82a
2019/12/14 | 18:43:35 | INFO | [32m[2019-12-14 18:43:35 DEBUG	vault_processor][39m\nCustID: 274380001089512
Name: N/A
TradeChannel: HFS Small T.G.
hash: ffd9e6319aec22a17e633cc63a09c228fbeda327b5449d6173b7c67d4c9a3fe5
2019/12/14 | 18:43:35 | INFO | [32m[2019-12-14 18:43:35 DEBUG	vault_processor][39m\nCustID: 274380001053130
Name: ROKN AL SHAREIF
TradeChannel: HFS Small T.G.
hash: aa62da0120ee37a1b4c0b6ca35bb0e778360ab446e9c2571a4763fbd7af797b4
2019/12/14 | 18:43:35 | INFO | [32m[2019-12-14 18:43:35 DEBUG	vault_processor][39m\nCustID: 274380001085594
Name: N/A
TradeChannel: HFS Small T.G.
hash: 7a81adb772cf75f456b62007478f2f19bc9348e3051a81e020399ae54c07e5f4
2019/12/14 | 18:43:35 | INFO | [32m[2019-12-14 18:43:35 DEBUG	vault_processor][39m\nCustID: 274380001096572
Name: N/A
TradeChannel: HFS Small T.G.
hash: e63c7dbc419be0ccdb4eadadf31e759d0d84597df800c259e464e2a960a4d335
2019/12/14 | 18:43:35 | INFO | [32m[2019-12-14 18:43:35 DEBUG	vault_processor][39m\nCustID: 274380001096578
Name: N/A
TradeChannel: HFS Small T.G.
hash: f5644c6e6195149bd3c3b05880e6cfe7d5a1c34ca07195c4319e3b6794679ba5
2019/12/14 | 18:43:35 | INFO | [32m[2019-12-14 18:43:35 DEBUG	vault_processor][39m\nCustID: 274380001096587
Name: N/A
TradeChannel: N/A
hash: e874eebf01a74dc54e214e70c4d411c9003bc32d0048009caa00f689bf51f7b3
2019/12/14 | 18:43:35 | INFO | [32m[2019-12-14 18:43:35 DEBUG	vault_processor][39m\nCustID: 274380001096712
Name: N/A
TradeChannel: N/A
hash: abc21491dbadc020b768d8ed4298f34754b16a9d8c74b11bb6e9f763d4124f9c
2019/12/14 | 18:43:35 | INFO | [32m[2019-12-14 18:43:35 DEBUG	vault_processor][39m\nCustID: 274380001096762
Name: N/A
TradeChannel: N/A
hash: 0180969b33e3ef6b6b863a6b4d0578b90c1548f3823799e031d9469f27cabca2
2019/12/14 | 18:43:35 | INFO | [32m[2019-12-14 18:43:35 DEBUG	vault_processor][39m\nCustID: 274380001096766
Name: N/A
TradeChannel: N/A
hash: 23773d78bd2c61b34954914fdaa17d9c20eed46bc2b2ab3d3264385473e75e88
2019/12/14 | 18:43:35 | INFO | [32m[2019-12-14 18:43:35 DEBUG	vault_processor][39m\nCustID: 274380001096778
Name: N/A
TradeChannel: N/A
hash: 78282ba26a58c3a4334174708cc882ee902115e60dacf2fc4f4e411ca5b6aa86
2019/12/14 | 18:43:35 | INFO | [32m[2019-12-14 18:43:35 DEBUG	vault_processor][39m\nCustID: 274380001096790
Name: N/A
TradeChannel: HFS Small T.G.
hash: 0cb38d66656670b38df0dcc4e6d0fd05568f96a46b235b5bc3f821fae4b90ca4
2019/12/14 | 18:43:35 | INFO | [32m[2019-12-14 18:43:35 DEBUG	vault_processor][39m\nCustID: 274380001096917
Name: N/A
TradeChannel: N/A
hash: 4c12657910fcfce1a29be4dfce4b8e7beb88832a9e06715d0e7219e53fd31852
2019/12/14 | 18:43:35 | INFO | [32m[2019-12-14 18:43:35 DEBUG	vault_processor][39m\nCustID: 274380001096947
Name: N/A
TradeChannel: N/A
hash: e7c67c097ee7be7b44256efd3998dbb5f04212ed8da2e05262d248af5ed367d1
2019/12/14 | 18:43:35 | INFO | [32m[2019-12-14 18:43:35 DEBUG	vault_processor][39m\nCustID: 274380001096964
Name: N/A
TradeChannel: N/A
hash: 5f2ca05a38f7066c5fc6a9b2958de753c8bc95a35a9b050892d1679c6095e9a2
2019/12/14 | 18:43:35 | INFO | [32m[2019-12-14 18:43:35 DEBUG	vault_processor][39m\nCustID: 274380001096969
Name: N/A
TradeChannel: N/A
hash: 4754b254d894df2b2e1a60b4f79c618f34405fd50cb48de70f6067454c29eca1
2019/12/14 | 18:43:35 | INFO | [32m[2019-12-14 18:43:35 DEBUG	vault_processor][39m\nCustID: 274380001096970
Name: N/A
TradeChannel: N/A
hash: 01dec8d714953ddc180adedd13994cff86645500e62b1cfbe7332ae37e8f5c16
2019/12/14 | 18:43:36 | INFO | [32m[2019-12-14 18:43:36 DEBUG	vault_processor][39m\nCustID: 274380001096988
Name: N/A
TradeChannel: N/A
hash: 5f917d84286ef615837f5555365fc26c1022815cdcdf4f7bbcd205bc2cfc18ba
2019/12/14 | 18:43:36 | INFO | [32m[2019-12-14 18:43:36 DEBUG	vault_processor][39m\nCustID: 274380001096993
Name: N/A
TradeChannel: N/A
hash: d1af5e53978ca054d5bf00d6b80f91ae3040cda98168436b46c183ae313030ed
2019/12/14 | 18:43:36 | INFO | [32m[2019-12-14 18:43:36 DEBUG	vault_processor][39m\nCustID: 274380001096999
Name: N/A
TradeChannel: N/A
hash: 7830c6528f8209763f8fd9ad5dbad716fefb398a27ece6f416f59eac0870ea9b
2019/12/14 | 18:43:36 | INFO | [32m[2019-12-14 18:43:36 DEBUG	vault_processor][39m\nCustID: 274380001097018
Name: N/A
TradeChannel: N/A
hash: 7f692339aa18a9da04682cd15766bc52851bf7b8de38e538a2db567d2c09a5b7
2019/12/14 | 18:43:36 | INFO | [32m[2019-12-14 18:43:36 DEBUG	vault_processor][39m\nCustID: 274380001097060
Name: N/A
TradeChannel: HFS Small T.G.
hash: 3f545dd421e9de48023176a35a68565aebd05acb5e0f3e7399b4820cbebaf14f
2019/12/14 | 18:43:36 | INFO | [32m[2019-12-14 18:43:36 DEBUG	vault_processor][39m\nCustID: 274380001097500
Name: N/A
TradeChannel: N/A
hash: f6e740b42622fee7c3cfb1e9c80e9360d2489bf43b07191ec07fb713fefcce85
2019/12/14 | 18:43:36 | INFO | [32m[2019-12-14 18:43:36 DEBUG	vault_processor][39m\nCustID: 274380001097552
Name: N/A
TradeChannel: N/A
hash: aba0545538988c79755419ce49dde04d4303b7a0b8043358e1a6ec51b84ebbac
2019/12/14 | 18:43:36 | INFO | [32m[2019-12-14 18:43:36 DEBUG	vault_processor][39m\nCustID: 274380001097558
Name: N/A
TradeChannel: N/A
hash: 0bb3ab66621331713426e07e5978163e1dc75f5f88e46747730dd71d212f2d0d
2019/12/14 | 18:43:36 | INFO | [32m[2019-12-14 18:43:36 DEBUG	vault_processor][39m\nCustID: 274380001097561
Name: N/A
TradeChannel: N/A
hash: ab2671270eb656a45f9eb69010453d999a51c8f2b1d3747161383d57c8ffa4ca
Continuing to vault_processor.1576349016103.log
