******************************************************************************************
**
** Perfect Logger Logging System
** Application Version          : 1.0
** Perfect-Logger Version       : 1.5.2
** Application Start Time (UTC) : 18:49:52 2019/12/14
**
** Copyright 2018 Team whileLOOP
**
******************************************************************************************
**
** Log Number               : #76
** Continuing from Log File : vault_processor.1576349702555.log
** Log Start Time (UTC)     : 18:55:02 2019/12/14
**
******************************************************************************************
2019/12/14 | 18:55:02 | INFO | [32m[2019-12-14 18:55:02 DEBUG	vault_processor][39m\nCustID: 274380001094849
Name: N/A
TradeChannel: N/A
hash: 4fa522cca4fecb7e5a458687b8e77e7243da051fcb099cc696b09bf499d06c59
2019/12/14 | 18:55:02 | INFO | [32m[2019-12-14 18:55:02 DEBUG	vault_processor][39m\nCustID: 274380001094716
Name: N/A
TradeChannel: N/A
hash: 302fbcc6c649e57994d8ed686e4551b9c2c0c39a68d291a38ebec61fa887a55e
2019/12/14 | 18:55:02 | INFO | [32m[2019-12-14 18:55:02 DEBUG	vault_processor][39m\nCustID: 274380001094690
Name: N/A
TradeChannel: N/A
hash: 3e2d9a55df0fe1077e780f514dde514585b67685c335cba16b333081d9823f18
2019/12/14 | 18:55:02 | INFO | [32m[2019-12-14 18:55:02 DEBUG	vault_processor][39m\nCustID: 274380001094748
Name: N/A
TradeChannel: N/A
hash: acb15b70edb64a567c2f0f1adf94cd8adb9a14e3b97c5080247429fc082e232a
2019/12/14 | 18:55:02 | INFO | [32m[2019-12-14 18:55:02 DEBUG	vault_processor][39m\nCustID: 274380001095360
Name: N/A
TradeChannel: N/A
hash: 0d4d400a7f754118b8b732afcd89de30a86c9bbcadafc9258f94230dfeab8141
2019/12/14 | 18:55:02 | INFO | [32m[2019-12-14 18:55:02 DEBUG	vault_processor][39m\nCustID: 274380001095252
Name: N/A
TradeChannel: N/A
hash: 6af8e59e8ed6909c5eba8fbb205700f6996bef944b63ba1469dfc353185ed730
2019/12/14 | 18:55:02 | INFO | [32m[2019-12-14 18:55:02 DEBUG	vault_processor][39m\nCustID: 274380001095371
Name: N/A
TradeChannel: N/A
hash: b073ec3ce4870ee0f0aeaa544a3c7021ce1b46723ef739800489fb561d478862
2019/12/14 | 18:55:02 | INFO | [32m[2019-12-14 18:55:02 DEBUG	vault_processor][39m\nCustID: 274380001095363
Name: N/A
TradeChannel: N/A
hash: 326a0dd9ba948ccc32cb58a252f51df379013ef7e33df509d984c3416a88206d
2019/12/14 | 18:55:02 | INFO | [32m[2019-12-14 18:55:02 DEBUG	vault_processor][39m\nCustID: 274380001095376
Name: N/A
TradeChannel: N/A
hash: ca5fed7b372760164ee37d124659e9c50801349d5e6d1c18af4366877e1859c0
2019/12/14 | 18:55:02 | INFO | [32m[2019-12-14 18:55:02 DEBUG	vault_processor][39m\nCustID: 274380001095382
Name: N/A
TradeChannel: N/A
hash: 61389a3b917b8e4e5e943010f7583a78d788f3540b54427ef57ebe22760976b9
2019/12/14 | 18:55:02 | INFO | [32m[2019-12-14 18:55:02 DEBUG	vault_processor][39m\nCustID: 274380001095608
Name: N/A
TradeChannel: N/A
hash: 6c0cd8a0750dfd8a88b62a35a7c9fbaebf2a9ead2aadeaf69aad26c86258a1b9
2019/12/14 | 18:55:02 | INFO | [32m[2019-12-14 18:55:02 DEBUG	vault_processor][39m\nCustID: 274380001095688
Name: N/A
TradeChannel: N/A
hash: ae2f095a02bd4527bde194e6a143e85957150244e2e056d7ee6aaa402ede16bb
2019/12/14 | 18:55:02 | INFO | [32m[2019-12-14 18:55:02 DEBUG	vault_processor][39m\nCustID: 274380001078285
Name: Sulayman Salih Zayd Alziyd
TradeChannel: Sub-D
hash: 371da431d91bda1806cce71f6405090dbcf5b6cd9c563b868971015140e017e7
2019/12/14 | 18:55:02 | INFO | [32m[2019-12-14 18:55:02 DEBUG	vault_processor][39m\nCustID: 274380001081591
Name: N/A
TradeChannel: HFS Small T.G.
hash: 5a1f7c86262c2ab5179d86d23bbf9bc8921da0881ce862991e3a73e7f5468b48
2019/12/14 | 18:55:02 | INFO | [32m[2019-12-14 18:55:02 DEBUG	vault_processor][39m\nCustID: 274380001080370
Name: N/A
TradeChannel: HFS Small T.G.
hash: b32b16ef6f886579237b229eec28758aff1e23d8bf6782f600aadd639d59cf3e
2019/12/14 | 18:55:02 | INFO | [32m[2019-12-14 18:55:02 DEBUG	vault_processor][39m\nCustID: 274380001080962
Name: N/A
TradeChannel: HFS Small T.G.
hash: 4bc22bf328fc4dcfd834b93b530288504bade22c7c697163cba0adfd114be7d2
2019/12/14 | 18:55:02 | INFO | [32m[2019-12-14 18:55:02 DEBUG	vault_processor][39m\nCustID: 274380001081127
Name: N/A
TradeChannel: HFS Small T.G.
hash: 126c4344dae79b0f0ad2b6d7eb754e0dd79789a23d82b001f2ad8de3cacdfa71
2019/12/14 | 18:55:02 | INFO | [32m[2019-12-14 18:55:02 DEBUG	vault_processor][39m\nCustID: 274380001081430
Name: N/A
TradeChannel: HFS Small T.G.
hash: 92639c8bba1209e890bcead74de869e3f25f6edcf9c2e2f1102fe47c9752c95c
2019/12/14 | 18:55:02 | INFO | [32m[2019-12-14 18:55:02 DEBUG	vault_processor][39m\nCustID: 274380001081171
Name: N/A
TradeChannel: HFS Small T.G.
hash: 4d71f56a056881e930568b80128dc4e21ac8dc39e0b312bded8b36b3ecef48eb
2019/12/14 | 18:55:02 | INFO | [32m[2019-12-14 18:55:02 DEBUG	vault_processor][39m\nCustID: 274380001081179
Name: N/A
TradeChannel: HFS Small T.G.
hash: db3c7697a63a0029210c8455c3b69dc888c23285c2e33c0501bb44351156aee0
2019/12/14 | 18:55:02 | INFO | [32m[2019-12-14 18:55:02 DEBUG	vault_processor][39m\nCustID: 274380001081481
Name: N/A
TradeChannel: HFS Small T.G.
hash: 1a0c98ec8d025ef210b3b717c2dc57beb5cc9916567286bced655b5dff5a0dee
2019/12/14 | 18:55:02 | INFO | [32m[2019-12-14 18:55:02 DEBUG	vault_processor][39m\nCustID: 274380001081499
Name: N/A
TradeChannel: HFS Small T.G.
hash: f7b89f3629631ef46db194962ae6e0b4234290663819daac5f2e40c466f54c0f
2019/12/14 | 18:55:02 | INFO | [32m[2019-12-14 18:55:02 DEBUG	vault_processor][39m\nCustID: 274380001081508
Name: N/A
TradeChannel: HFS Small T.G.
hash: 52454369a1f51d968ddb5872c5a9c90e5561c9aece672532e9dcb98fba5eec2f
2019/12/14 | 18:55:02 | INFO | [32m[2019-12-14 18:55:02 DEBUG	vault_processor][39m\nCustID: 274380001081531
Name: N/A
TradeChannel: HFS Small T.G.
hash: 3d03a83df1f7a533e8f66928a04f00dce7caa267d0275730c19e458da74e14d9
2019/12/14 | 18:55:02 | INFO | [32m[2019-12-14 18:55:02 DEBUG	vault_processor][39m\nCustID: 274380001081609
Name: N/A
TradeChannel: HFS Small T.G.
hash: 5b531064ab2414f4fcbffb6f015286dde3459754d23feebab2307500c8232a84
2019/12/14 | 18:55:02 | INFO | [32m[2019-12-14 18:55:02 DEBUG	vault_processor][39m\nCustID: 274380001078926
Name: Saoud Pharmacy5
TradeChannel: RVO Pharma
hash: f2e1b25c5adf51d68717981e3fb61e624bba18684adbe32cfa6db8ae1912199d
2019/12/14 | 18:55:02 | INFO | [32m[2019-12-14 18:55:02 DEBUG	vault_processor][39m\nCustID: 274380001073684
Name: Family
TradeChannel: HFS Small T.G.
hash: 8c504377f32fe0b44fc162491e6a03b7b3d3014dbc1ca1c3f3a20d3eec654a6b
2019/12/14 | 18:55:02 | INFO | [32m[2019-12-14 18:55:02 DEBUG	vault_processor][39m\nCustID: 274380001082798
Name: N/A
TradeChannel: HFS Small T.G.
hash: 9fc9768492492fce5f6b2eb47ddd70eff3dc477f98652a61d7b3691ea26c1fef
2019/12/14 | 18:55:02 | INFO | [32m[2019-12-14 18:55:02 DEBUG	vault_processor][39m\nCustID: 274380001082946
Name: N/A
TradeChannel: HFS Small T.G.
hash: 6555db8e231d143b3fe851587a1ad8b342105c43d25060e75236416f204b2d60
2019/12/14 | 18:55:02 | INFO | [32m[2019-12-14 18:55:02 DEBUG	vault_processor][39m\nCustID: 274380001083049
Name: N/A
TradeChannel: HFS Small T.G.
hash: 7afe73d02d713c990b7048ee649c8df1e5c650f7f928286780561ae46b006db3
2019/12/14 | 18:55:02 | INFO | [32m[2019-12-14 18:55:02 DEBUG	vault_processor][39m\nCustID: 274380001083404
Name: N/A
TradeChannel: HFS Small T.G.
hash: 607ea165f192fa723adc52938e8661c9ea1caf468c10054c94bf5913d158e6af
2019/12/14 | 18:55:02 | INFO | [32m[2019-12-14 18:55:02 DEBUG	vault_processor][39m\nCustID: 274380001083690
Name: N/A
TradeChannel: HFS Small T.G.
hash: 4eeb707a3269e105589858af1a227c792de06ce6db9fb5698261278d159b7ff3
2019/12/14 | 18:55:02 | INFO | [32m[2019-12-14 18:55:02 DEBUG	vault_processor][39m\nCustID: 274380001083700
Name: N/A
TradeChannel: HFS Small T.G.
hash: 0d72e87b118016b487669fef68dbc83c12ab05295ea1299a3cb3887a07de61aa
2019/12/14 | 18:55:02 | INFO | [32m[2019-12-14 18:55:02 DEBUG	vault_processor][39m\nCustID: 274380001083731
Name: aleimayat alddayima Pharmacy
TradeChannel: RVO Pharma
hash: c36ce85652856ae94a795282690dc1d3efe83e7b84475ac75a35c9ae263119ef
2019/12/14 | 18:55:02 | INFO | [32m[2019-12-14 18:55:02 DEBUG	vault_processor][39m\nCustID: 274380001084253
Name: N/A
TradeChannel: HFS Small T.G.
hash: 747768bdb0475ab12d0264b9c8ff19f19b1e146871b4649ccc0c69b0501d4d58
2019/12/14 | 18:55:02 | INFO | [32m[2019-12-14 18:55:02 DEBUG	vault_processor][39m\nCustID: 274380001085253
Name: siadliat talab alshshamil
TradeChannel: RVO Pharma
hash: b4a077d185eb8f05f8b8af7f8a172c5137a993b4b234442251f4e5743a48df68
2019/12/14 | 18:55:02 | INFO | [32m[2019-12-14 18:55:02 DEBUG	vault_processor][39m\nCustID: 274380001085554
Name: N/A
TradeChannel: HFS Small T.G.
hash: 96805562e0976e6993f540614f3440ce875f3b4f95e875de1d3dcd814201406c
2019/12/14 | 18:55:02 | INFO | [32m[2019-12-14 18:55:02 DEBUG	vault_processor][39m\nCustID: 274380001086374
Name: N/A
TradeChannel: HFS Small T.G.
hash: c31db59ad24b0eb07beb896dbf4ada2175d93355f1fc2764777ee637833582b4
2019/12/14 | 18:55:02 | INFO | [32m[2019-12-14 18:55:02 DEBUG	vault_processor][39m\nCustID: 274380001087809
Name: N/A
TradeChannel: HFS Small T.G.
hash: d6f878112c4e72f2b9f660aa8250fd19cdc73cfa9ef1a977319890ce0911bea5
2019/12/14 | 18:55:02 | INFO | [32m[2019-12-14 18:55:02 DEBUG	vault_processor][39m\nCustID: 274380001088740
Name: N/A
TradeChannel: HFS Small T.G.
hash: d4e3b6ecff9f132e010911ba366cee7176a975d7c080d1556b3a8628201e6f60
2019/12/14 | 18:55:02 | INFO | [32m[2019-12-14 18:55:02 DEBUG	vault_processor][39m\nCustID: 274380001089979
Name: N/A
TradeChannel: HFS Small T.G.
hash: 0b0c66b515a3a121d43ab46bd74db21514fa32e4dea34ed63af20e57e96ee064
2019/12/14 | 18:55:02 | INFO | [32m[2019-12-14 18:55:02 DEBUG	vault_processor][39m\nCustID: 274380001090109
Name: N/A
TradeChannel: HFS Small T.G.
hash: e0b18f677a4d28b76813afce17ca451e9c9595e4bbdec4dcfa0198f9ab81f6dd
2019/12/14 | 18:55:03 | INFO | [32m[2019-12-14 18:55:03 DEBUG	vault_processor][39m\nCustID: 274380001090160
Name: N/A
TradeChannel: HFS Small T.G.
hash: bc7e612b493875e5b1157b5bdb3b0e899a5ce90fb757803234dc94a7189c5eb8
2019/12/14 | 18:55:03 | INFO | [32m[2019-12-14 18:55:03 DEBUG	vault_processor][39m\nCustID: 274380001090428
Name: N/A
TradeChannel: HFS Small T.G.
hash: 1e1687c4370334b7db7a347be7776a263e72cc5150faa2e820c906b74454dd4b
Continuing to vault_processor.1576349703054.log
