******************************************************************************************
**
** Perfect Logger Logging System
** Application Version          : 1.0
** Perfect-Logger Version       : 1.5.2
** Application Start Time (UTC) : 18:40:00 2019/12/14
**
** Copyright 2018 Team whileLOOP
**
******************************************************************************************
**
** Log Number               : #21
** Continuing from Log File : vault_processor.1576348951622.log
** Log Start Time (UTC)     : 18:42:31 2019/12/14
**
******************************************************************************************
2019/12/14 | 18:42:31 | INFO | [32m[2019-12-14 18:42:31 DEBUG	vault_processor][39m\nCustID: 274380001081765
Name: N/A
TradeChannel: HFS Small T.G.
hash: 2c644af57b425687c2f4eaa8e45d762c74f928d00fa85acac42f5628d0cbf531
2019/12/14 | 18:42:31 | INFO | [32m[2019-12-14 18:42:31 DEBUG	vault_processor][39m\nCustID: 274380001081869
Name: N/A
TradeChannel: HFS Small T.G.
hash: 4ab74e21249d2e3a8cc52513a70c646f0f72b0ea0069a6a87f8c4d00344b0f2e
2019/12/14 | 18:42:31 | INFO | [32m[2019-12-14 18:42:31 DEBUG	vault_processor][39m\nCustID: 274380001081887
Name: N/A
TradeChannel: HFS Small T.G.
hash: ee4697ed6bedc6fe386dd156a1fba15fbc7a83a89a4014d1dcefdc3fc296e131
2019/12/14 | 18:42:31 | INFO | [32m[2019-12-14 18:42:31 DEBUG	vault_processor][39m\nCustID: 274380001081906
Name: N/A
TradeChannel: HFS Small T.G.
hash: b8bcdd272207c889e53fa98be358976f9c02c52e00c7c0390a505580f7e6b4ba
2019/12/14 | 18:42:31 | INFO | [32m[2019-12-14 18:42:31 DEBUG	vault_processor][39m\nCustID: 274380001081956
Name: N/A
TradeChannel: HFS Small T.G.
hash: 700331ef924353c183230380640d388003adeac18595661711e4906b40d07979
2019/12/14 | 18:42:31 | INFO | [32m[2019-12-14 18:42:31 DEBUG	vault_processor][39m\nCustID: 274380001081970
Name: N/A
TradeChannel: HFS Small T.G.
hash: ff5bb780bf6903db14ccb668fc8b600ded542155e2737d404eb984f4dfd45e11
2019/12/14 | 18:42:31 | INFO | [32m[2019-12-14 18:42:31 DEBUG	vault_processor][39m\nCustID: 274380001081983
Name: N/A
TradeChannel: HFS Small T.G.
hash: d176a36234a93bf4334f38dcaf3ababe5319fef37de9b29b82e449b7bd16e369
2019/12/14 | 18:42:31 | INFO | [32m[2019-12-14 18:42:31 DEBUG	vault_processor][39m\nCustID: 274380001082044
Name: N/A
TradeChannel: HFS Small T.G.
hash: 146e9c7ab5875be4a851b70f66b71c9ebf2fe177dbafc2fe71ebb3c9d9d008bd
2019/12/14 | 18:42:31 | INFO | [32m[2019-12-14 18:42:31 DEBUG	vault_processor][39m\nCustID: 274380001082300
Name: N/A
TradeChannel: HFS Small T.G.
hash: 51a868a05bfb996839531a6825ce284bae74176fdd7507c50954ad977775ca4e
2019/12/14 | 18:42:31 | INFO | [32m[2019-12-14 18:42:31 DEBUG	vault_processor][39m\nCustID: 274380001082303
Name: N/A
TradeChannel: HFS Small T.G.
hash: 22e475b4055a8f2e4c2f27343082be9ef873c27ef8c62208ac9cab13851e598e
2019/12/14 | 18:42:31 | INFO | [32m[2019-12-14 18:42:31 DEBUG	vault_processor][39m\nCustID: 274380001082379
Name: N/A
TradeChannel: HFS Small T.G.
hash: c0064eff8c3c68757774d989227ad49dc3e9a26e3a6d7ee3b93ceadd87ade74b
2019/12/14 | 18:42:31 | INFO | [32m[2019-12-14 18:42:31 DEBUG	vault_processor][39m\nCustID: 274380001082411
Name: N/A
TradeChannel: HFS Small T.G.
hash: 47901258e08caf3d27ddb9b166bc788bb7e951688b083698dfed944a409fa9fe
2019/12/14 | 18:42:31 | INFO | [32m[2019-12-14 18:42:31 DEBUG	vault_processor][39m\nCustID: 274380001082428
Name: N/A
TradeChannel: HFS Small T.G.
hash: 3e172a59e9232c8a3d90e92553d381c1a07de5ee27b5406cfc5c2ea8f7762400
2019/12/14 | 18:42:31 | INFO | [32m[2019-12-14 18:42:31 DEBUG	vault_processor][39m\nCustID: 274380001082455
Name: N/A
TradeChannel: HFS Small T.G.
hash: 76fd8d6d91254e8c443171d202ff2f8602de9af892e0c38cdc875abb2021fb1d
2019/12/14 | 18:42:31 | INFO | [32m[2019-12-14 18:42:31 DEBUG	vault_processor][39m\nCustID: 274380001082497
Name: N/A
TradeChannel: HFS Small T.G.
hash: a28e0d3e319e2bed63887bcc915ab80ddac0b571ab6d71ce8ee4cdaf53f97fa1
2019/12/14 | 18:42:31 | INFO | [32m[2019-12-14 18:42:31 DEBUG	vault_processor][39m\nCustID: 274380001070188
Name: ALMNSHYA STATION SUPPLIES
TradeChannel: HFS Small T.G.
hash: 3011bdb2ee6316c314b6d47e29eafbe29e7bbfe772eff1d58c2185db91f35b78
2019/12/14 | 18:42:31 | INFO | [32m[2019-12-14 18:42:31 DEBUG	vault_processor][39m\nCustID: 274380001079600
Name: N/A
TradeChannel: HFS Small T.G.
hash: 22d3e2dccc359380feaad26d5ffcc7d9ee2d7c12a5d314b9e1e652ce7ac6ed68
2019/12/14 | 18:42:31 | INFO | [32m[2019-12-14 18:42:31 DEBUG	vault_processor][39m\nCustID: 274380001081320
Name: N/A
TradeChannel: HFS Small T.G.
hash: 8ff72def9e5ddfb7a50ea0817ee6ea192e04fb1ec6c977683dc47c79483a6910
2019/12/14 | 18:42:31 | INFO | [32m[2019-12-14 18:42:31 DEBUG	vault_processor][39m\nCustID: 274380001081832
Name: N/A
TradeChannel: HFS Small T.G.
hash: 3abd955e511787e1ee409c92dcc98eae7e3677757977ee2c08ec3a28e7f0ae87
2019/12/14 | 18:42:31 | INFO | [32m[2019-12-14 18:42:31 DEBUG	vault_processor][39m\nCustID: 274380001082614
Name: N/A
TradeChannel: HFS Small T.G.
hash: 4d90cb35f8f20767f870ceab49df0fd0a70c7b4a1354f4c6b2aa54ab95e5e2f3
2019/12/14 | 18:42:31 | INFO | [32m[2019-12-14 18:42:31 DEBUG	vault_processor][39m\nCustID: 274380001082783
Name: N/A
TradeChannel: HFS Small T.G.
hash: 9225e330e6d0b23fcd089f3c1b8821b4fd5a4ec76f12a08a6897f35661df5adc
2019/12/14 | 18:42:31 | INFO | [32m[2019-12-14 18:42:31 DEBUG	vault_processor][39m\nCustID: 274380001082848
Name: N/A
TradeChannel: HFS Small T.G.
hash: 85f61553f1b92bc21f1c675f58f5236ca54e50588f76909d15fa6e796348c92a
2019/12/14 | 18:42:31 | INFO | [32m[2019-12-14 18:42:31 DEBUG	vault_processor][39m\nCustID: 274380001082853
Name: N/A
TradeChannel: HFS Small T.G.
hash: fac411b12bc69fceafc633035d5c6340fc6dbe486869d9618b9df50f612b8208
2019/12/14 | 18:42:31 | INFO | [32m[2019-12-14 18:42:31 DEBUG	vault_processor][39m\nCustID: 274380001082874
Name: N/A
TradeChannel: HFS Small T.G.
hash: 9111be2460aadb52c03fe202f7ba30ae3246136c37f0865f8c8222901fa59eb7
2019/12/14 | 18:42:32 | INFO | [32m[2019-12-14 18:42:32 DEBUG	vault_processor][39m\nCustID: 274380001082913
Name: N/A
TradeChannel: HFS Small T.G.
hash: 9296e4e9fa530882443c7755031dc6dbbc566fbd1f3f7b29a195b22d290b1cb6
2019/12/14 | 18:42:32 | INFO | [32m[2019-12-14 18:42:32 DEBUG	vault_processor][39m\nCustID: 274380001082943
Name: N/A
TradeChannel: HFS Small T.G.
hash: 60915c8ff3e3a70292bb7043b630a75f16fcf0ad2a4530320fbc130dbf0fc7fc
2019/12/14 | 18:42:32 | INFO | [32m[2019-12-14 18:42:32 DEBUG	vault_processor][39m\nCustID: 274380001083683
Name: N/A
TradeChannel: HFS Small T.G.
hash: 23780e3505870227d69ea2fc2b75003856e2099aca8dab3bbba68dc49009a89f
2019/12/14 | 18:42:32 | INFO | [32m[2019-12-14 18:42:32 DEBUG	vault_processor][39m\nCustID: 274380001083851
Name: N/A
TradeChannel: HFS Small T.G.
hash: 21c3e6a12c386c59901760d1925692370ec8ff0401d315f503a5090e4466d02b
2019/12/14 | 18:42:32 | INFO | [32m[2019-12-14 18:42:32 DEBUG	vault_processor][39m\nCustID: 274380001084248
Name: N/A
TradeChannel: HFS Small T.G.
hash: b95a1788f8430a8dada3484ffe880d020723b288b90233b551669797ca7eab54
2019/12/14 | 18:42:32 | INFO | [32m[2019-12-14 18:42:32 DEBUG	vault_processor][39m\nCustID: 274380001084482
Name: N/A
TradeChannel: HFS Small T.G.
hash: 8499de16d7e37c0279382d8bf03439ad42afeb63799fdc69c09f0c8b01f83629
2019/12/14 | 18:42:32 | INFO | [32m[2019-12-14 18:42:32 DEBUG	vault_processor][39m\nCustID: 274380001084645
Name: N/A
TradeChannel: HFS Small T.G.
hash: 3327994b7dc2d4236a605cd8ea350d419c019418bbe2f2db51195b3ec7e41463
2019/12/14 | 18:42:32 | INFO | [32m[2019-12-14 18:42:32 DEBUG	vault_processor][39m\nCustID: 274380001084948
Name: N/A
TradeChannel: HFS Small T.G.
hash: 9a2f2dceeebe07999b5bda4c104d95ac3d03214443368c2a86edad7194d85206
2019/12/14 | 18:42:32 | INFO | [32m[2019-12-14 18:42:32 DEBUG	vault_processor][39m\nCustID: 274380001085236
Name: N/A
TradeChannel: HFS Small T.G.
hash: 088557b609af79f084636a60bf2b303cbee2511561764bbf7e4ba3f689fbeeb6
2019/12/14 | 18:42:32 | INFO | [32m[2019-12-14 18:42:32 DEBUG	vault_processor][39m\nCustID: 274380001085279
Name: N/A
TradeChannel: HFS Small T.G.
hash: 36c3d82eec60b89e216e6a47638f0eb762ff6d07b765522da883bce70e06153e
2019/12/14 | 18:42:32 | INFO | [32m[2019-12-14 18:42:32 DEBUG	vault_processor][39m\nCustID: 274380001075887
Name: MARKAZ ALAQIQ
TradeChannel: HFS Small T.G.
hash: 1d70cdbe35c435534218c364e50c449ab8cf400afc3002edec639bd47a070b26
2019/12/14 | 18:42:32 | INFO | [32m[2019-12-14 18:42:32 DEBUG	vault_processor][39m\nCustID: 274380001081994
Name: N/A
TradeChannel: HFS Small T.G.
hash: 2e020dd0c156f79a2c24ea1ddcc0a629a3f78d6225d9b35e3c486085836b44e7
2019/12/14 | 18:42:32 | INFO | [32m[2019-12-14 18:42:32 DEBUG	vault_processor][39m\nCustID: 274380001082077
Name: N/A
TradeChannel: HFS Small T.G.
hash: 98882ee23256b564a4e696f8ab7dadad321a9ca5104b8ce3fe4df39e13f3a4cc
2019/12/14 | 18:42:32 | INFO | [32m[2019-12-14 18:42:32 DEBUG	vault_processor][39m\nCustID: 274380001082199
Name: N/A
TradeChannel: HFS Small T.G.
hash: 0d155de843d3ac172cdaa585c5ddb39656a0fb81db1d10f8100fb7d35dfbb12e
2019/12/14 | 18:42:32 | INFO | [32m[2019-12-14 18:42:32 DEBUG	vault_processor][39m\nCustID: 274380001082301
Name: N/A
TradeChannel: HFS Small T.G.
hash: 9a2cc53f972a61ea3284ba19b69987d56a0565b769c569e1cc741c0267a2ce22
2019/12/14 | 18:42:32 | INFO | [32m[2019-12-14 18:42:32 DEBUG	vault_processor][39m\nCustID: 274380001082710
Name: N/A
TradeChannel: HFS Small T.G.
hash: 16074f9a434a429b2b106ca8b3947031712601f0c328ca57b16e820bb272f1e7
2019/12/14 | 18:42:32 | INFO | [32m[2019-12-14 18:42:32 DEBUG	vault_processor][39m\nCustID: 274380001085288
Name: N/A
TradeChannel: HFS Small T.G.
hash: bf2cb350ffe1acda245225f1f2bc3b6426dcc096076d35b627ee73dfdb359591
2019/12/14 | 18:42:32 | INFO | [32m[2019-12-14 18:42:32 DEBUG	vault_processor][39m\nCustID: 274380001085594
Name: N/A
TradeChannel: HFS Small T.G.
hash: 7a81adb772cf75f456b62007478f2f19bc9348e3051a81e020399ae54c07e5f4
2019/12/14 | 18:42:32 | INFO | [32m[2019-12-14 18:42:32 DEBUG	vault_processor][39m\nCustID: 274380001085397
Name: N/A
TradeChannel: HFS Small T.G.
hash: 03b8059c3110d01f2dddb27dbb5f41c4319264a6a049016a735bff17b5407b82
2019/12/14 | 18:42:32 | INFO | [32m[2019-12-14 18:42:32 DEBUG	vault_processor][39m\nCustID: 274380001085778
Name: siadliat alkhalidiat alhaditha
TradeChannel: RVO Pharma
hash: 00270a38883b73c7a0855d5b90ced3fb2f5a28072213a3040042bca83cc8004c
2019/12/14 | 18:42:32 | INFO | [32m[2019-12-14 18:42:32 DEBUG	vault_processor][39m\nCustID: 274380001086457
Name: N/A
TradeChannel: HFS Small T.G.
hash: 8273483d92208ea23670bd4398e1f96f5100f1980c507e4f0bf78745930cf89f
2019/12/14 | 18:42:32 | INFO | [32m[2019-12-14 18:42:32 DEBUG	vault_processor][39m\nCustID: 274380001087366
Name: N/A
TradeChannel: HFS Small T.G.
hash: 91392678612f76244dcd420c6398e926fda4a49a1e8ad80ccfa329e1a7eef90e
2019/12/14 | 18:42:32 | INFO | [32m[2019-12-14 18:42:32 DEBUG	vault_processor][39m\nCustID: 274380001087372
Name: N/A
TradeChannel: HFS Small T.G.
hash: 9d05b9aebf7aa37a0612871f9dfe0cf7cfcdd653e56f322c50a18c6cf6a2fdf3
2019/12/14 | 18:42:32 | INFO | [32m[2019-12-14 18:42:32 DEBUG	vault_processor][39m\nCustID: 274380001087463
Name: sayadliat yasir
TradeChannel: RVO Pharma
hash: 3d6daf97971464af740a50ff080f4a6a04cd1590601fea9966e0570d94ce77c9
2019/12/14 | 18:42:32 | INFO | [32m[2019-12-14 18:42:32 DEBUG	vault_processor][39m\nCustID: 274380001087609
Name: N/A
TradeChannel: HFS Small T.G.
hash: e87b81f0aab9ec424685a682206faff63395da4f4e0117af8b18e3c4a526f403
2019/12/14 | 18:42:32 | INFO | [32m[2019-12-14 18:42:32 DEBUG	vault_processor][39m\nCustID: 274380001087642
Name: sayadliat hayat abha
TradeChannel: RVO Pharma
hash: 35066ae4c159d0386dd557c0b6e05f626fea8525cfcb31222c703a235f20a619
2019/12/14 | 18:42:32 | INFO | [32m[2019-12-14 18:42:32 DEBUG	vault_processor][39m\nCustID: 274380001089035
Name: N/A
TradeChannel: HFS Small T.G.
hash: b075d3726d5cd6b11478443cce418a51df5de08dab0cf9595197f61f7bee662a
2019/12/14 | 18:42:32 | INFO | [32m[2019-12-14 18:42:32 DEBUG	vault_processor][39m\nCustID: 274380001089897
Name: N/A
TradeChannel: HFS Small T.G.
hash: a25bcfa2b4951f39d67dfb41a7881f9353a334352e869dbfc686eef1bdf656a8
2019/12/14 | 18:42:32 | INFO | [32m[2019-12-14 18:42:32 DEBUG	vault_processor][39m\nCustID: 274380001090237
Name: N/A
TradeChannel: HFS Small T.G.
hash: 7125f683265dab16c2a18ca55949c4b4c0a17a5706dc0da3e686e6ba3b700ea2
2019/12/14 | 18:42:32 | INFO | [32m[2019-12-14 18:42:32 DEBUG	vault_processor][39m\nCustID: 274380001090407
Name: N/A
TradeChannel: HFS Small T.G.
hash: 0ed0406b3b507cb591ec7e8ef7c54206a7b99513d19f51ee31105b7a436f8696
2019/12/14 | 18:42:32 | INFO | [32m[2019-12-14 18:42:32 DEBUG	vault_processor][39m\nCustID: 274380001090697
Name: Khalid Ibrahim Rashed Al Aql Trading Sto
TradeChannel: Discounters T.G
hash: f7f37d68a4506e87fbce381a722a685ee02de0543fd4b5424565f9156687ce78
2019/12/14 | 18:42:32 | INFO | [32m[2019-12-14 18:42:32 DEBUG	vault_processor][39m\nCustID: 274380001043909
Name: Salah Fahd Al Mazroue Trading Est.
TradeChannel: Wholesaler
hash: e55f37bffb7bc4e75971ba76fae7788c458caa38016d1e7b0e1d0d7669ddb3c5
2019/12/14 | 18:42:32 | INFO | [32m[2019-12-14 18:42:32 DEBUG	vault_processor][39m\nCustID: 274380001057635
Name: ALMANZIL 1
TradeChannel: HFS Small T.G.
hash: d75b7b4c052296e58f1a3873744d32457c2c42ed8f7da1c871861132fafcbea9
2019/12/14 | 18:42:32 | INFO | [32m[2019-12-14 18:42:32 DEBUG	vault_processor][39m\nCustID: 274380001050268
Name: ALAMAN
TradeChannel: HFS Small T.G.
hash: 96de4a2ac4f2ebf40dd12b6574b7eb3689276cdc7783a6f923803b74455452dd
2019/12/14 | 18:42:32 | INFO | [32m[2019-12-14 18:42:32 DEBUG	vault_processor][39m\nCustID: 274380001057637
Name: NAJMAT ALKHALEJ
TradeChannel: HFS Small T.G.
hash: dd87ab555372bff848820c4f3984ba49f9b5e6edb4153d3d5f91f7af281be11c
2019/12/14 | 18:42:32 | INFO | [32m[2019-12-14 18:42:32 DEBUG	vault_processor][39m\nCustID: 274380001043995
Name:  PANDA
TradeChannel: National Accounts
hash: 2f256630f520201f54d2ac248e6ac94809030b3c6885502a24c0c1c97b8f2b35
2019/12/14 | 18:42:32 | INFO | [32m[2019-12-14 18:42:32 DEBUG	vault_processor][39m\nCustID: 274380001044143
Name:  Bin Dawood Stores Trading Co.
TradeChannel: National Accounts
hash: bb3d81c887a829d8278f6670b3b0e82115689276267cbd98db7136738f931fe1
2019/12/14 | 18:42:32 | INFO | [32m[2019-12-14 18:42:32 DEBUG	vault_processor][39m\nCustID: 274380001044175
Name: ALSHAMASY EST
TradeChannel: Wholesaler
hash: 5aea580593fe7a99f4d09c4dc6488233972b57a46c37416768a730eb3e815e5a
2019/12/14 | 18:42:32 | INFO | [32m[2019-12-14 18:42:32 DEBUG	vault_processor][39m\nCustID: 274380001044265
Name: ALGHEDEYEA LE AL TAMWEN
TradeChannel: HFS Small T.G.
hash: 585243371c56afe542cd7b81687611e06c7ffd81a5c916b264d5f00afbcaaa21
2019/12/14 | 18:42:32 | INFO | [32m[2019-12-14 18:42:32 DEBUG	vault_processor][39m\nCustID: 274380001044566
Name: RASHED ALENZI
TradeChannel: HFS Small T.G.
hash: d3d981812b2902981e81f6fc7c9acea64fe12bab405c1fd81320283f99ba1e85
2019/12/14 | 18:42:32 | INFO | [32m[2019-12-14 18:42:32 DEBUG	vault_processor][39m\nCustID: 274380001044568
Name: FEREH MAAJON ALMARADI
TradeChannel: HFS Small T.G.
hash: 09cf8abd9eeaf54bdb9ce0d0d03c1ca3de588f723417a1621a1d8e9e281d977b
2019/12/14 | 18:42:32 | INFO | [32m[2019-12-14 18:42:32 DEBUG	vault_processor][39m\nCustID: 274380001044572
Name: ALMAHTAH
TradeChannel: HFS Small T.G.
hash: 442f79be78871c37544a9b51d6b3ef7e6d5ebf6e15ec8727048141d6df15b3ed
2019/12/14 | 18:42:32 | INFO | [32m[2019-12-14 18:42:32 DEBUG	vault_processor][39m\nCustID: 274380001044581
Name: MESHARI
TradeChannel: HFS Small T.G.
hash: e8697e140a4ec80e33274256174f34cec0847c8d4074251c7eb99143d6cc9b5e
2019/12/14 | 18:42:32 | INFO | [32m[2019-12-14 18:42:32 DEBUG	vault_processor][39m\nCustID: 274380001044583
Name: SULTAN
TradeChannel: HFS Small T.G.
hash: 89199f9d04ec6eedeca7a84b2e6602dda06f4a42cc40b064c911d34aa0aa2306
2019/12/14 | 18:42:32 | INFO | [32m[2019-12-14 18:42:32 DEBUG	vault_processor][39m\nCustID: 274380001044652
Name: ALZROUD
TradeChannel: HFS Small T.G.
hash: b320e442724a995184327d029918f7678df60c2a238127f6992161f08db9aab4
2019/12/14 | 18:42:32 | INFO | [32m[2019-12-14 18:42:32 DEBUG	vault_processor][39m\nCustID: 274380001044653
Name: JAMEEL 1
TradeChannel: HFS Small T.G.
hash: 1cc5b4dad4fbc4375ce07d8655d377635339c39709f8938d0b5e21c64ef1b60b
2019/12/14 | 18:42:32 | INFO | [32m[2019-12-14 18:42:32 DEBUG	vault_processor][39m\nCustID: 274380001044753
Name: ALASMARI
TradeChannel: HFS Small T.G.
hash: f34908b328d4ee2f8c5e6fdd76c13a168e430b8f43493da5e4d8288652948585
2019/12/14 | 18:42:32 | INFO | [32m[2019-12-14 18:42:32 DEBUG	vault_processor][39m\nCustID: 274380001044754
Name: FAHAD ALOTHMAN
TradeChannel: HFS Small T.G.
hash: 4872d7db99d819dbcd8115d958046d4e95933c43543de64854349fca9d5e1ce8
2019/12/14 | 18:42:32 | INFO | [32m[2019-12-14 18:42:32 DEBUG	vault_processor][39m\nCustID: 274380001078173
Name: Salat Alaailah
TradeChannel: HFS Small T.G.
hash: 4f2035416ec9d089e12d5d4ae271ab15abfadabc160d9191a09c77ac759a4740
2019/12/14 | 18:42:32 | INFO | [32m[2019-12-14 18:42:32 DEBUG	vault_processor][39m\nCustID: 274380001054560
Name: ALTAKHASUSY
TradeChannel: HFS Small T.G.
hash: b81c9e86b0d2a7ed1ee9724b6222f318c6a75d6387e6f036f7791406bab300af
2019/12/14 | 18:42:32 | INFO | [32m[2019-12-14 18:42:32 DEBUG	vault_processor][39m\nCustID: 274380001069900
Name: Supermarket Abu Musa
TradeChannel: HFS Small T.G.
hash: 810711e4ab7611b71dd06e6347ef86ded07079b137ed93e374671559081b3521
2019/12/14 | 18:42:32 | INFO | [32m[2019-12-14 18:42:32 DEBUG	vault_processor][39m\nCustID: 274380001074575
Name: Grocery wafa
TradeChannel: HFS Small T.G.
hash: 73b3276d723599b9e4f9aa2b18c25cfc188444fb13ce370de1c31997d26dca85
2019/12/14 | 18:42:32 | INFO | [32m[2019-12-14 18:42:32 DEBUG	vault_processor][39m\nCustID: 274380001044755
Name: ALNASBAN
TradeChannel: HFS Small T.G.
hash: cc1da92910f62d68f692a24d7afb86c88d52e5e7e492b3ecc7a9f029655fc8b3
2019/12/14 | 18:42:32 | INFO | [32m[2019-12-14 18:42:32 DEBUG	vault_processor][39m\nCustID: 274380001044756
Name: ALSAARAN
TradeChannel: HFS Small T.G.
hash: 99893f1f080c903855abb5ae446e296f0a1a692b88e2171455937fe484b50800
2019/12/14 | 18:42:32 | INFO | [32m[2019-12-14 18:42:32 DEBUG	vault_processor][39m\nCustID: 274380001044757
Name: TURKI ALFAWZAN
TradeChannel: HFS Small T.G.
hash: 768b716ad502aff05d3d7593ef42031386d5e0a41b16e67c0b5fbc077923c033
2019/12/14 | 18:42:32 | INFO | [32m[2019-12-14 18:42:32 DEBUG	vault_processor][39m\nCustID: 274380001044758
Name: NASIR ALDOWIB
TradeChannel: HFS Small T.G.
hash: a380c41660dee659e5bfefd0bfc6ff393557011a33a79569e3d622a05deb2a9c
2019/12/14 | 18:42:32 | INFO | [32m[2019-12-14 18:42:32 DEBUG	vault_processor][39m\nCustID: 274380001044759
Name: ALFARIS
TradeChannel: HFS Small T.G.
hash: b07db9e007f555cadaa873e78c89fce9469bb0b15a647958db5731972260336a
2019/12/14 | 18:42:32 | INFO | [32m[2019-12-14 18:42:32 DEBUG	vault_processor][39m\nCustID: 274380001044770
Name: BAIT ALJAZEERA
TradeChannel: HFS Small T.G.
hash: 2b9c7033eaeaa95a749377ee180abe6c1d3857e9336ce526458c3f02dac198ba
2019/12/14 | 18:42:32 | INFO | [32m[2019-12-14 18:42:32 DEBUG	vault_processor][39m\nCustID: 274380001058356
Name: ALRAYAN
TradeChannel: HFS Small T.G.
hash: fc9f66cb880e4fd4c47d10c20dfe6975451ce41ab8935c078472a9bddf651451
2019/12/14 | 18:42:32 | INFO | [32m[2019-12-14 18:42:32 DEBUG	vault_processor][39m\nCustID: 274380001079112
Name: Founder of Rahima Jewel for Marketing ES
TradeChannel: HFS Small T.G.
hash: 0579d9beac66db707b6467b68b831faf40134911753921e16b410ec0c67c63ba
2019/12/14 | 18:42:32 | INFO | [32m[2019-12-14 18:42:32 DEBUG	vault_processor][39m\nCustID: 274380001082866
Name: N/A
TradeChannel: HFS Small T.G.
hash: 00cba23fa48ba7b5ec30c52b2312b78265c0947a344f5997876572b230022c7a
2019/12/14 | 18:42:32 | INFO | [32m[2019-12-14 18:42:32 DEBUG	vault_processor][39m\nCustID: 274380001082900
Name: N/A
TradeChannel: HFS Small T.G.
hash: 2ced09b059caf78182810c38abf9379afaf90e8aa94a4f7c8dc5015f2f1abe06
2019/12/14 | 18:42:32 | INFO | [32m[2019-12-14 18:42:32 DEBUG	vault_processor][39m\nCustID: 274380001087491
Name: sayadliat watan 'abaha
TradeChannel: RVO Pharma
hash: afd145ed87037e55389098fbbb23b3e973cca1f28573efe2bcba4a39700b839b
2019/12/14 | 18:42:32 | INFO | [32m[2019-12-14 18:42:32 DEBUG	vault_processor][39m\nCustID: 274380001089869
Name: N/A
TradeChannel: HFS Small T.G.
hash: 1acca0ac6f4907b15ce5ecd5e39f6d5bfd4faf62485682b4ec6be8a28d0e6066
2019/12/14 | 18:42:32 | INFO | [32m[2019-12-14 18:42:32 DEBUG	vault_processor][39m\nCustID: 274380001044777
Name: ABU ABDULWAHAB
TradeChannel: HFS Small T.G.
hash: 3b5fd2328a5aadb2c6d55b2520fde7e7dd38230ff36568a303b90f1341b27380
2019/12/14 | 18:42:32 | INFO | [32m[2019-12-14 18:42:32 DEBUG	vault_processor][39m\nCustID: 274380001044841
Name: ASWAQ ZAD
TradeChannel: HFS Small T.G.
hash: 1be20bac660ca3ac098970ac49c218853791e8bbfa2cb09e49b9dcf0189ca869
2019/12/14 | 18:42:32 | INFO | [32m[2019-12-14 18:42:32 DEBUG	vault_processor][39m\nCustID: 274380001045063
Name: AMAIER ALMUTAIRI STORE
TradeChannel: HFS Small T.G.
hash: be1779c343c7d037c2c8c087f10a57e187317633c11cfc7b6cd95d6765ee1824
2019/12/14 | 18:42:32 | INFO | [32m[2019-12-14 18:42:32 DEBUG	vault_processor][39m\nCustID: 274380001045103
Name: M ALJAWHRAH
TradeChannel: HFS Small T.G.
hash: e2112cec53771a463a747f662cae9e083d0b5b5b8690d289bb1abe278cab4b13
2019/12/14 | 18:42:32 | INFO | [32m[2019-12-14 18:42:32 DEBUG	vault_processor][39m\nCustID: 274380001045104
Name: ALNAWRAS EST
TradeChannel: HFS Small T.G.
hash: 4f8242938fd9bd267826b80ef5e58d037c8413575bd0230f4000f3e5bdacdb5e
2019/12/14 | 18:42:32 | INFO | [32m[2019-12-14 18:42:32 DEBUG	vault_processor][39m\nCustID: 274380001045107
Name: ALSHABY STATION
TradeChannel: HFS Small T.G.
hash: c609d16d2dd6d9082eca630f7ed2e4f050c00e984d7bc8ed7f844b1b1282c4c2
2019/12/14 | 18:42:32 | INFO | [32m[2019-12-14 18:42:32 DEBUG	vault_processor][39m\nCustID: 274380001045109
Name: MOTHALATH ALDARB STATION
TradeChannel: HFS Small T.G.
hash: 98628c68933997a2afeba454d71f2569558e011a0d93a7081bfb24496fa3e113
2019/12/14 | 18:42:32 | INFO | [32m[2019-12-14 18:42:32 DEBUG	vault_processor][39m\nCustID: 274380001045114
Name: ALASEFAH
TradeChannel: HFS Small T.G.
hash: 1c83192040cb1224a3783774ad185909476d371bd1f2f7e68c20b16231d457af
2019/12/14 | 18:42:32 | INFO | [32m[2019-12-14 18:42:32 DEBUG	vault_processor][39m\nCustID: 274380001045118
Name: ALHOLOL
TradeChannel: HFS Small T.G.
hash: 4caae6caeef073793386ce83ebe2f5106569fa3e114adaf78bbb127c7f2f1199
2019/12/14 | 18:42:32 | INFO | [32m[2019-12-14 18:42:32 DEBUG	vault_processor][39m\nCustID: 274380001090048
Name: N/A
TradeChannel: HFS Small T.G.
hash: f7d1aeac7530871f0cb5495460b877c538bf590727749a104ee41e8711a8d7e1
2019/12/14 | 18:42:32 | INFO | [32m[2019-12-14 18:42:32 DEBUG	vault_processor][39m\nCustID: 274380001043912
Name: ABDULLAH AL OTHAIM COMMERCIAL COMPANY
TradeChannel: National Accounts
hash: ec8728fb2a85f241b739a8b08793bf0fecceca00d71983ca7f4b92f78a52a7c7
2019/12/14 | 18:42:32 | INFO | [32m[2019-12-14 18:42:32 DEBUG	vault_processor][39m\nCustID: 274380001044378
Name: ASWAQ AYMAN
TradeChannel: HFS Small T.G.
hash: c057dbd089c7766e26b354753530d67ad61313bf5a395730bd7a33fe13d53dce
2019/12/14 | 18:42:32 | INFO | [32m[2019-12-14 18:42:32 DEBUG	vault_processor][39m\nCustID: 274380001076044
Name: AL mooj center
TradeChannel: HFS Small T.G.
hash: 9ebb1d7b929fc7f77e33b64afcc4cba78670bc48dc481febb855952c2fa00724
Continuing to vault_processor.1576348953996.log
