******************************************************************************************
**
** Perfect Logger Logging System
** Application Version          : 1.0
** Perfect-Logger Version       : 1.5.2
** Application Start Time (UTC) : 18:49:52 2019/12/14
**
** Copyright 2018 Team whileLOOP
**
******************************************************************************************
**
** Log Number               : #51
** Continuing from Log File : vault_processor.1576349672182.log
** Log Start Time (UTC)     : 18:54:32 2019/12/14
**
******************************************************************************************
2019/12/14 | 18:54:32 | INFO | [32m[2019-12-14 18:54:32 DEBUG	vault_processor][39m\nCustID: 274380001062226
Name: OKAZ
TradeChannel: HFS Small T.G.
hash: b30b5fb4a39333d9c9c48e6fb91002e5a29443630edd4e62b2f08efabfa2727e
2019/12/14 | 18:54:32 | INFO | [32m[2019-12-14 18:54:32 DEBUG	vault_processor][39m\nCustID: 274380001062228
Name: ALBAHJAH
TradeChannel: HFS Small T.G.
hash: ef6e2896a1761bdbb2888505d136ed020d3a1f90542d5f12f15e05495f94ee1c
2019/12/14 | 18:54:32 | INFO | [32m[2019-12-14 18:54:32 DEBUG	vault_processor][39m\nCustID: 274380001062289
Name: ALHIJAZ
TradeChannel: HFS Small T.G.
hash: 2453da52d05dcd65c9533b1401ebb76d2547bb45a501ef748fff2e7fcaeba920
2019/12/14 | 18:54:32 | INFO | [32m[2019-12-14 18:54:32 DEBUG	vault_processor][39m\nCustID: 274380001062372
Name: ALBESHRAWI
TradeChannel: Self Service T.G
hash: ace13768c0766c572acc97440d9dbe926d98279db5150a75cf28b89c4e434e40
2019/12/14 | 18:54:32 | INFO | [32m[2019-12-14 18:54:32 DEBUG	vault_processor][39m\nCustID: 274380001062376
Name: Danube Co. For Food Stuffs
TradeChannel: National Accounts
hash: fb787d276ac99d338b4104d63d3231a5cde65ca37d84b1c16050d9ab98a0012e
2019/12/14 | 18:54:32 | INFO | [32m[2019-12-14 18:54:32 DEBUG	vault_processor][39m\nCustID: 274380001082828
Name: N/A
TradeChannel: HFS Small T.G.
hash: dfeb2a854c40f30c1cf54bf98883072d1450146565f779750f2e7310d260f634
2019/12/14 | 18:54:32 | INFO | [32m[2019-12-14 18:54:32 DEBUG	vault_processor][39m\nCustID: 274380001049597
Name: Sayyaf Mohammed Ali Trading Est
TradeChannel: Sub-D
hash: 36f1426bdebe1c56367d10ac2fe88c4ede49e0e985c173e1f050e287564e8bc5
2019/12/14 | 18:54:32 | INFO | [32m[2019-12-14 18:54:32 DEBUG	vault_processor][39m\nCustID: 274380001060036
Name: SANABIL ALJAZERAH
TradeChannel: HFS Small T.G.
hash: 9f1227ee272fcfe0c557bc7c444c93fb508c362d820c4536095ca09ba908803a
2019/12/14 | 18:54:32 | INFO | [32m[2019-12-14 18:54:32 DEBUG	vault_processor][39m\nCustID: 274380001060052
Name: ALMOHAMAD SALIH
TradeChannel: HFS Small T.G.
hash: 21872a7866bb9b070afaad893d81e82c26a23103aa9f0d5e89b3aed651fa1f79
2019/12/14 | 18:54:32 | INFO | [32m[2019-12-14 18:54:32 DEBUG	vault_processor][39m\nCustID: 274380001060172
Name: AWAD SAAD ALI SOFAN
TradeChannel: Wholesaler
hash: adef746f4010bd1b909f2a7fcd779de73e8fafc813a48e4143b2314c90bb3872
2019/12/14 | 18:54:32 | INFO | [32m[2019-12-14 18:54:32 DEBUG	vault_processor][39m\nCustID: 274380001060819
Name: ALSahli
TradeChannel: HFS Small T.G.
hash: aa480e1883fca313b21478e8bef6b82a77a7c4a6f3708f9dcab52175cfe6abd1
2019/12/14 | 18:54:32 | INFO | [32m[2019-12-14 18:54:32 DEBUG	vault_processor][39m\nCustID: 274380001060198
Name: ALHARAM
TradeChannel: HFS Small T.G.
hash: 44af9df41d2e42b78d7f681b7400a3220266b72d9c5d15185cb9cada175754e1
2019/12/14 | 18:54:32 | INFO | [32m[2019-12-14 18:54:32 DEBUG	vault_processor][39m\nCustID: 274380001061014
Name: MOR ALSAIL
TradeChannel: HFS Small T.G.
hash: da19451c8d519f1a8e759ca2a1923ec5bf17177e37d9f3af731521ebdfda4d18
2019/12/14 | 18:54:32 | INFO | [32m[2019-12-14 18:54:32 DEBUG	vault_processor][39m\nCustID: 274380001062906
Name: ALNASEEM
TradeChannel: HFS Small T.G.
hash: 0810ef3b1ae450041bcbaf3a26c98f389d32c73f4c2dd2746995bf69d7b26733
2019/12/14 | 18:54:32 | INFO | [32m[2019-12-14 18:54:32 DEBUG	vault_processor][39m\nCustID: 274380001062719
Name: bakala al kairath
TradeChannel: HFS Small T.G.
hash: 9e0ce9125151f5952cf8a52a86a896282e02b3a0b99b631b03c1700a3a95af3b
2019/12/14 | 18:54:32 | INFO | [32m[2019-12-14 18:54:32 DEBUG	vault_processor][39m\nCustID: 274380001063655
Name: ALRIYADH
TradeChannel: HFS Small T.G.
hash: fbe25a7b34660d390e70aec7ab757240e0a6063d84032f5e0b540ed8486463fa
2019/12/14 | 18:54:32 | INFO | [32m[2019-12-14 18:54:32 DEBUG	vault_processor][39m\nCustID: 274380001063776
Name: ALOTIBI 1
TradeChannel: HFS Small T.G.
hash: 28db25f689996f4aee7e360de1234fdad01222ba0584a3d459849bd94aca7e1c
2019/12/14 | 18:54:32 | INFO | [32m[2019-12-14 18:54:32 DEBUG	vault_processor][39m\nCustID: 274380001063793
Name: OHOD
TradeChannel: HFS Small T.G.
hash: 79657c1852099ff7608018bd96ff26a800aa5f3f697e8510a5b728c8e67a73f9
2019/12/14 | 18:54:32 | INFO | [32m[2019-12-14 18:54:32 DEBUG	vault_processor][39m\nCustID: 274380001066993
Name: Makhazin Almamlaka
TradeChannel: Self Service T.G
hash: 0fd73550fd8055b786d8609ec79e5a5528488bccbdd69989ba1907602c48be0a
2019/12/14 | 18:54:32 | INFO | [32m[2019-12-14 18:54:32 DEBUG	vault_processor][39m\nCustID: 274380001066834
Name: Jawahrah
TradeChannel: HFS Small T.G.
hash: 9409d1ab8e9a624226bd2e1f8c30de8cfcd736add82a6fc5c6e110cebe590f19
2019/12/14 | 18:54:32 | INFO | [32m[2019-12-14 18:54:32 DEBUG	vault_processor][39m\nCustID: 274380001085303
Name: siadliat alsaalih
TradeChannel: RVO Pharma
hash: 38c00fab19bc8ba6cb299fce743a72d4491225b986ecdb58847b8313216a121c
2019/12/14 | 18:54:32 | INFO | [32m[2019-12-14 18:54:32 DEBUG	vault_processor][39m\nCustID: 274380001083599
Name: N/A
TradeChannel: HFS Small T.G.
hash: 5d48f647f68da39acf2daa687ef00ba3a88bae9d7ed93073b182739b1f3a8938
2019/12/14 | 18:54:32 | INFO | [32m[2019-12-14 18:54:32 DEBUG	vault_processor][39m\nCustID: 274380001047463
Name: RAKAN
TradeChannel: HFS Small T.G.
hash: abdd27ca6f7d33a5f0846396bf92eab56209ef41988e8b3105a7458e3c04c6b4
2019/12/14 | 18:54:32 | INFO | [32m[2019-12-14 18:54:32 DEBUG	vault_processor][39m\nCustID: 274380001048451
Name: ALMNEAZLAH
TradeChannel: HFS Small T.G.
hash: d4e722e85c7e4b7a89907f0c1439fdb5e64c196705400c33a2779dcc64c7a5d0
2019/12/14 | 18:54:32 | INFO | [32m[2019-12-14 18:54:32 DEBUG	vault_processor][39m\nCustID: 274380001061201
Name: ALNOWISER
TradeChannel: HFS Small T.G.
hash: cf8828160b227e530e22e1e2047b4d0e0c654b06fc5b35374801fbf1c76d21a8
2019/12/14 | 18:54:32 | INFO | [32m[2019-12-14 18:54:32 DEBUG	vault_processor][39m\nCustID: 274380001061237
Name: SULIMAN To provide
TradeChannel: HFS Small T.G.
hash: b225a02f23aaec94be02ad23a369eb5a205ea906bda040b764cee06bf5e239a5
2019/12/14 | 18:54:32 | INFO | [32m[2019-12-14 18:54:32 DEBUG	vault_processor][39m\nCustID: 274380001061546
Name: TAIBAH
TradeChannel: HFS Small T.G.
hash: bf27613e896b99c0f8e89d9371ba0caee10f77cdc8fcaa4a9c31f72986bf694b
2019/12/14 | 18:54:32 | INFO | [32m[2019-12-14 18:54:32 DEBUG	vault_processor][39m\nCustID: 274380001062025
Name: ALZAHRANI
TradeChannel: HFS Small T.G.
hash: 55ba538e571a91f2ff69346dbe4ce19595a4672dec25cd352a84b8a9df2e3b90
2019/12/14 | 18:54:32 | INFO | [32m[2019-12-14 18:54:32 DEBUG	vault_processor][39m\nCustID: 274380001067146
Name: Gawad Ali Alsalem EST. TRADING
TradeChannel: HFS Small T.G.
hash: 573b07912be6f04b79e38512e04fb8793c71fbe0e30951c8937c68c4d40a2bd1
2019/12/14 | 18:54:32 | INFO | [32m[2019-12-14 18:54:32 DEBUG	vault_processor][39m\nCustID: 274380001067417
Name: nurah alharby
TradeChannel: HFS Small T.G.
hash: 8ac35bd8bd5b84f4869a275874c576cdb20c7ee685ee6247c1e63d35ce953ed0
2019/12/14 | 18:54:32 | INFO | [32m[2019-12-14 18:54:32 DEBUG	vault_processor][39m\nCustID: 274380001067342
Name: ALMALKY CENTER TO MARKTING
TradeChannel: HFS Small T.G.
hash: 87b48728828733c678338090f0620483aecf44c1def8e84267eaca3596858d91
2019/12/14 | 18:54:32 | INFO | [32m[2019-12-14 18:54:32 DEBUG	vault_processor][39m\nCustID: 274380001067348
Name: MARKAZ TASWEEQ TO FOOD-ALSHAMEL
TradeChannel: HFS Small T.G.
hash: 08297d130b9895e2bbf2a4b7f6fcd0297c5bd0096e51b8d3662eaa60e0a79231
2019/12/14 | 18:54:32 | INFO | [32m[2019-12-14 18:54:32 DEBUG	vault_processor][39m\nCustID: 274380001067263
Name: Majed Abdullah Mohammed Al-Hamoud
TradeChannel: Wholesaler
hash: 3a40dbb378300b984fd1260b7be21cf334ba2f3063b5236eb3854755e2cf141f
2019/12/14 | 18:54:32 | INFO | [32m[2019-12-14 18:54:32 DEBUG	vault_processor][39m\nCustID: 274380001067691
Name: t/Mohammed
TradeChannel: HFS Small T.G.
hash: c1b3da97a65eeef7ddeb845171e4d59742723c151b600b337ab6f9862c25a449
2019/12/14 | 18:54:32 | INFO | [32m[2019-12-14 18:54:32 DEBUG	vault_processor][39m\nCustID: 274380001067915
Name: SOUQ ALMATAL
TradeChannel: HFS Small T.G.
hash: 842fbf654309e91cecee526bdcde5493c0a918d8a4b18838e317ba7a54647ed8
2019/12/14 | 18:54:32 | INFO | [32m[2019-12-14 18:54:32 DEBUG	vault_processor][39m\nCustID: 274380001067929
Name: alfjir market
TradeChannel: HFS Small T.G.
hash: 7ef88b8b64c3c817e1edd28f9811db8ba43d6acf91feadb3b01a45c0607cdb86
2019/12/14 | 18:54:32 | INFO | [32m[2019-12-14 18:54:32 DEBUG	vault_processor][39m\nCustID: 274380001068173
Name: ALNAHDY
TradeChannel: HFS Small T.G.
hash: 375dfc4f1b08a23945f297f85b665c43023a07ef01c6b127a29840555d97f9e4
2019/12/14 | 18:54:32 | INFO | [32m[2019-12-14 18:54:32 DEBUG	vault_processor][39m\nCustID: 274380001068533
Name: jod
TradeChannel: HFS Small T.G.
hash: 8da9f9be3f17cb5547da9adf703471e21c69bf47fed795c7c5669959a43f6409
2019/12/14 | 18:54:32 | INFO | [32m[2019-12-14 18:54:32 DEBUG	vault_processor][39m\nCustID: 274380001051973
Name: ALHARAMIN
TradeChannel: HFS Small T.G.
hash: 02505e4338353a2ce8bcdec53ee52f14b3a2e916198e159494fa375a5cbac1fa
2019/12/14 | 18:54:32 | INFO | [32m[2019-12-14 18:54:32 DEBUG	vault_processor][39m\nCustID: 274380001048767
Name: TAMWEENAT ALJAZEERAH
TradeChannel: HFS Small T.G.
hash: cef8582cc69f2243f441619bbed8da7f6937e527b5fa874f8a06c7d4778c6504
2019/12/14 | 18:54:32 | INFO | [32m[2019-12-14 18:54:32 DEBUG	vault_processor][39m\nCustID: 274380001089746
Name: N/A
TradeChannel: HFS Small T.G.
hash: 46d94733f5d954e1d800b30ba1a4295b9f9450a3f9f6853b69c0f171b15d0091
2019/12/14 | 18:54:32 | INFO | [32m[2019-12-14 18:54:32 DEBUG	vault_processor][39m\nCustID: 274380001044417
Name: MARKAZ AL-TAJ
TradeChannel: HFS Small T.G.
hash: bfe66550b5165186d8bf0f76f1e1380607936f0514aff42aa0151eb71e414aca
Continuing to vault_processor.1576349672529.log
