2019/12/14 | 18:43:11 | INFO | [32m[2019-12-14 18:43:11 DEBUG	vault_processor][39m\nCustID: 274380001090264
Name: N/A
TradeChannel: HFS Small T.G.
hash: 56a34320c4d8b28e7a134cecd6cb934b80e719616fbee70926c82be7218458ea
******************************************************************************************
**
** Perfect Logger Logging System
** Application Version          : 1.0
** Perfect-Logger Version       : 1.5.2
** Application Start Time (UTC) : 18:40:00 2019/12/14
**
** Copyright 2018 Team whileLOOP
**
******************************************************************************************
**
** Log Number               : #71
** Continuing from Log File : vault_processor.1576348991340.log
** Log Start Time (UTC)     : 18:43:11 2019/12/14
**
******************************************************************************************
2019/12/14 | 18:43:11 | INFO | [32m[2019-12-14 18:43:11 DEBUG	vault_processor][39m\nCustID: 274380001090418
Name: N/A
TradeChannel: HFS Small T.G.
hash: bce4986e8f118e50861501b6c560ad3c4358349b8c69c52121734c2abe970ba8
2019/12/14 | 18:43:11 | INFO | [32m[2019-12-14 18:43:11 DEBUG	vault_processor][39m\nCustID: 274380001090487
Name: N/A
TradeChannel: HFS Small T.G.
hash: 403eac83aa888c1d8953b17fce3d9a8c2df6538507c7e77ff82e54134ed4546c
2019/12/14 | 18:43:11 | INFO | [32m[2019-12-14 18:43:11 DEBUG	vault_processor][39m\nCustID: 274380001090612
Name: Azak Al Jaxera Com
TradeChannel: Self Service T.G
hash: 0cfb6c51ed79ce57bdc3f942089a0cd379aeeafeefd3a305da1f3931fcb2d442
2019/12/14 | 18:43:11 | INFO | [32m[2019-12-14 18:43:11 DEBUG	vault_processor][39m\nCustID: 274380001090864
Name: Ahmed Mohamed Said Basamh - Khairat Al H
TradeChannel: Grocery A T.G
hash: dd154e4cbe499d565cdadfa007cf7d6fb0d0ae1e3a18c53c4b8a1e88e2785456
2019/12/14 | 18:43:11 | INFO | [32m[2019-12-14 18:43:11 DEBUG	vault_processor][39m\nCustID: 274380001061040
Name: MARKAZ ALJUBAIRI
TradeChannel: HFS Small T.G.
hash: 1af504e991b78418f1118089e8d4535afa0bcd7ecdf18e5f98a752cdaff737c9
2019/12/14 | 18:43:11 | INFO | [32m[2019-12-14 18:43:11 DEBUG	vault_processor][39m\nCustID: 274380001061102
Name: AMAL ALBARIJAH
TradeChannel: HFS Small T.G.
hash: bd16bb0668ba1951bef78afb2acebcefdbe82d98f554146fa21d08aa3828037d
2019/12/14 | 18:43:11 | INFO | [32m[2019-12-14 18:43:11 DEBUG	vault_processor][39m\nCustID: 274380001043909
Name: Salah Fahd Al Mazroue Trading Est.
TradeChannel: Wholesaler
hash: e55f37bffb7bc4e75971ba76fae7788c458caa38016d1e7b0e1d0d7669ddb3c5
2019/12/14 | 18:43:11 | INFO | [32m[2019-12-14 18:43:11 DEBUG	vault_processor][39m\nCustID: 274380001043995
Name:  PANDA
TradeChannel: National Accounts
hash: 2f256630f520201f54d2ac248e6ac94809030b3c6885502a24c0c1c97b8f2b35
2019/12/14 | 18:43:11 | INFO | [32m[2019-12-14 18:43:11 DEBUG	vault_processor][39m\nCustID: 274380001049469
Name: MOHAMER BN HAMIDAN ALHARBY CENTER
TradeChannel: Wholesaler
hash: b6d70f4ef73cd5dc376785bb7a08117bea04741448938daad898a19762d53285
2019/12/14 | 18:43:11 | INFO | [32m[2019-12-14 18:43:11 DEBUG	vault_processor][39m\nCustID: 274380001049601
Name: LuLu Saudi Company Hypermarke
TradeChannel: National Accounts
hash: 752f1a1e6ec59db8c3450b43f43aee5535114882f10393432764c3764317d522
2019/12/14 | 18:43:11 | INFO | [32m[2019-12-14 18:43:11 DEBUG	vault_processor][39m\nCustID: 274380001073308
Name: ABDULAZIZ ALHAMAD EST.
TradeChannel: Wholesaler
hash: 403cdb9cfcedfd9b582ea62a0d0379c0f6e6acbc08b72423fad8d15dd31afb53
2019/12/14 | 18:43:11 | INFO | [32m[2019-12-14 18:43:11 DEBUG	vault_processor][39m\nCustID: 274380001073571
Name: Myadeen International. CO
TradeChannel: Wholesaler
hash: ab645c19aa8e403802a1110f234209599088836f9d919621a72503b203b564e8
2019/12/14 | 18:43:11 | INFO | [32m[2019-12-14 18:43:11 DEBUG	vault_processor][39m\nCustID: 274380001076524
Name: Fatimah AL mohana - Badae AL fahad
TradeChannel: Semi-Wholesaler T.G
hash: 7a5a9ab35348192f56af423f7e27fbd011748b0981784b71a91e9ee6c96c0dc3
2019/12/14 | 18:43:11 | INFO | [32m[2019-12-14 18:43:11 DEBUG	vault_processor][39m\nCustID: 274380001062344
Name: MARKAZ ALBASATEEN
TradeChannel: HFS Small T.G.
hash: b9cc67acd42df382f8d0b82ae63291a8e91f4b3b61103cbd131a9c32c67f2c3f
2019/12/14 | 18:43:11 | INFO | [32m[2019-12-14 18:43:11 DEBUG	vault_processor][39m\nCustID: 274380001090668
Name: Mutlaq Al Swailem Trading Est.
TradeChannel: Sub-D
hash: 74c8a3f68d099513a03db857dd443f102e943bec030ef4e8d215ae2c55205407
2019/12/14 | 18:43:11 | INFO | [32m[2019-12-14 18:43:11 DEBUG	vault_processor][39m\nCustID: 274380001082484
Name: N/A
TradeChannel: HFS Small T.G.
hash: b4431b3c793128b68560338109d2678e66e4151c50f4b99b5f08b92f19feaf84
2019/12/14 | 18:43:11 | INFO | [32m[2019-12-14 18:43:11 DEBUG	vault_processor][39m\nCustID: 274380001082599
Name: N/A
TradeChannel: HFS Small T.G.
hash: 320c0a6b7e26011caa57f16a8ebee9c6e61b388313d41f227bec03a9eabf1b9e
2019/12/14 | 18:43:11 | INFO | [32m[2019-12-14 18:43:11 DEBUG	vault_processor][39m\nCustID: 274380001082870
Name: N/A
TradeChannel: HFS Small T.G.
hash: 562444b675e4972f0366cd4ba2c2e8353675ebdf0d83c4f6cb3169343782fb54
2019/12/14 | 18:43:11 | INFO | [32m[2019-12-14 18:43:11 DEBUG	vault_processor][39m\nCustID: 274380001082927
Name: N/A
TradeChannel: HFS Small T.G.
hash: 51ad477c6a5ff64f19d833b4950ebbe0811c5a2e1bd4096dc9618ed0b186f790
2019/12/14 | 18:43:11 | INFO | [32m[2019-12-14 18:43:11 DEBUG	vault_processor][39m\nCustID: 274380001062150
Name: ALROSHIN
TradeChannel: HFS Small T.G.
hash: bf5a6bfd1a79c48cce2d14634c7ff326f9c8ab3ca7eed28f9be426e643c4ff93
2019/12/14 | 18:43:11 | INFO | [32m[2019-12-14 18:43:11 DEBUG	vault_processor][39m\nCustID: 274380001062411
Name: ALQARYAH
TradeChannel: HFS Small T.G.
hash: d771f02c68894e6bb70a85852c90e339d73c16ee6f3086fa845f2dd612cc6970
2019/12/14 | 18:43:11 | INFO | [32m[2019-12-14 18:43:11 DEBUG	vault_processor][39m\nCustID: 274380001062750
Name: ALSHERAA ALAKHDAR
TradeChannel: HFS Small T.G.
hash: 56080ecd04726d19c37095af6b09523a9b711af04a4911091459315bef2a385a
2019/12/14 | 18:43:11 | INFO | [32m[2019-12-14 18:43:11 DEBUG	vault_processor][39m\nCustID: 274380001081320
Name: N/A
TradeChannel: HFS Small T.G.
hash: 8ff72def9e5ddfb7a50ea0817ee6ea192e04fb1ec6c977683dc47c79483a6910
2019/12/14 | 18:43:11 | INFO | [32m[2019-12-14 18:43:11 DEBUG	vault_processor][39m\nCustID: 274380001067120
Name: REEM SHOPING Center
TradeChannel: HFS Small T.G.
hash: 8fd02d607709fd4c52a4f36f8fa779abdeffa1ff5d481b3bbcc2b3a6a1dafdc7
2019/12/14 | 18:43:11 | INFO | [32m[2019-12-14 18:43:11 DEBUG	vault_processor][39m\nCustID: 274380001067803
Name: merad6
TradeChannel: HFS Small T.G.
hash: ccf5700a38eddf66792226e7522f6901f1d996a1c9fc3035a859caa9c01ce705
2019/12/14 | 18:43:11 | INFO | [32m[2019-12-14 18:43:11 DEBUG	vault_processor][39m\nCustID: 274380001067939
Name: super market hala
TradeChannel: HFS Small T.G.
hash: a380a15379148d70b948b4929bc959b238c83b6c3888d4d1bcde3af03600194e
2019/12/14 | 18:43:11 | INFO | [32m[2019-12-14 18:43:11 DEBUG	vault_processor][39m\nCustID: 274380001044136
Name: SAED FARAG EST. FOR TRADING
TradeChannel: Wholesaler
hash: 97a3cff8affde3d81d0adc37cf0569595b17f61736f8dea9dd2a89be35d89f61
2019/12/14 | 18:43:11 | INFO | [32m[2019-12-14 18:43:11 DEBUG	vault_processor][39m\nCustID: 274380001044245
Name: ABD AL MOHSEN EL MOATTEQ
TradeChannel: Wholesaler
hash: c828e9829227cfea761890d08d533d6ad9ca6c842379e2ec6162425c144bd9d8
2019/12/14 | 18:43:11 | INFO | [32m[2019-12-14 18:43:11 DEBUG	vault_processor][39m\nCustID: 274380001044574
Name: ALHAMDAN
TradeChannel: HFS Small T.G.
hash: d7d0f685eb5dcdd9e9e1ed696f11c2db53daf943e1c58bef3a49c14cf1f0ea8b
2019/12/14 | 18:43:11 | INFO | [32m[2019-12-14 18:43:11 DEBUG	vault_processor][39m\nCustID: 274380001044629
Name: HUMOOD SALIM
TradeChannel: HFS Small T.G.
hash: 47e49f12686b9d6843653b2a685d64e9912d0ae45c59ec141da2a4bd2626f9ad
2019/12/14 | 18:43:11 | INFO | [32m[2019-12-14 18:43:11 DEBUG	vault_processor][39m\nCustID: 274380001044665
Name: ALKHAYAL
TradeChannel: HFS Small T.G.
hash: 1a57483f4276524a13b7cc601cc1b6ba5e011c74e814276b94382e75d9d572c4
2019/12/14 | 18:43:11 | INFO | [32m[2019-12-14 18:43:11 DEBUG	vault_processor][39m\nCustID: 274380001044736
Name: HOMOD ALENEZI
TradeChannel: HFS Small T.G.
hash: d48d32f781061eb0689f6a992781ee91497134d7237c503548e033c5d02e8095
2019/12/14 | 18:43:11 | INFO | [32m[2019-12-14 18:43:11 DEBUG	vault_processor][39m\nCustID: 274380001046095
Name: Abdul Karim Yahya Hakmi Trading Est
TradeChannel: Wholesaler
hash: c1fa82f74164199617b479b44265655f89d249abbc123c38d24fa8f7e9c82e40
2019/12/14 | 18:43:11 | INFO | [32m[2019-12-14 18:43:11 DEBUG	vault_processor][39m\nCustID: 274380001056352
Name: NAHDI MEDICAL COMPANY
TradeChannel: Pharma Tier 1
hash: cd2eb8d9140c1942563ca224fa0653cbda1d233a449971d3ef64ec158bc5132d
2019/12/14 | 18:43:11 | INFO | [32m[2019-12-14 18:43:11 DEBUG	vault_processor][39m\nCustID: 274380001056702
Name: AL TAMMIMY EST.
TradeChannel: Wholesaler
hash: 65f9bce1293c90ece4a6dd30c6a23e9409fb0f482a708097e6fdaf60fa73d58e
2019/12/14 | 18:43:11 | INFO | [32m[2019-12-14 18:43:11 DEBUG	vault_processor][39m\nCustID: 274380001058036
Name: ALMASHREGI
TradeChannel: HFS Small T.G.
hash: e22a94457829fd9a9538fd8d6f964d1167d4a64b6d5dba8c1a446932130f0056
2019/12/14 | 18:43:11 | INFO | [32m[2019-12-14 18:43:11 DEBUG	vault_processor][39m\nCustID: 274380001059165
Name: ALTASAFI
TradeChannel: HFS Small T.G.
hash: 2f82f1d9de53fe7acd5168a0c0c312ad1a751c4c5729803e10068ad86e337514
2019/12/14 | 18:43:11 | INFO | [32m[2019-12-14 18:43:11 DEBUG	vault_processor][39m\nCustID: 274380001062376
Name: Danube Co. For Food Stuffs
TradeChannel: National Accounts
hash: fb787d276ac99d338b4104d63d3231a5cde65ca37d84b1c16050d9ab98a0012e
2019/12/14 | 18:43:11 | INFO | [32m[2019-12-14 18:43:11 DEBUG	vault_processor][39m\nCustID: 274380001063709
Name: TAIBAH
TradeChannel: HFS Small T.G.
hash: b34afc13d1bb9b5cd4a7a2aadc6b824ad4bab0de19ee52b0422b74bcdcac58cb
2019/12/14 | 18:43:11 | INFO | [32m[2019-12-14 18:43:11 DEBUG	vault_processor][39m\nCustID: 274380001068586
Name: ABDALRHMAN ALONIZYF
TradeChannel: HFS Small T.G.
hash: 120f7090fe7b186684f6d73cfbecf41ab12e09f3e295c80442867ee267374442
Continuing to vault_processor.1576348991696.log
