******************************************************************************************
**
** Perfect Logger Logging System
** Application Version          : 1.0
** Perfect-Logger Version       : 1.5.2
** Application Start Time (UTC) : 19:11:31 2019/12/14
**
** Copyright 2018 Team whileLOOP
**
******************************************************************************************
**
** Log Number               : #3
** Continuing from Log File : vault_processor.1576350746027.log
** Log Start Time (UTC)     : 19:12:26 2019/12/14
**
******************************************************************************************
2019/12/14 | 19:12:26 | INFO | [32m[2019-12-14 19:12:26 DEBUG	vault_processor][39m\nCustID: 274380001050264
Name: ALZAYTONAH
TradeChannel: HFS Small T.G.
hash: 53c3f08e1159be71f03397cd5197e58cb08d486d239504f8729601e3a690b070
