******************************************************************************************
**
** Perfect Logger Logging System
** Application Version          : 1.0
** Perfect-Logger Version       : 1.5.2
** Application Start Time (UTC) : 18:40:00 2019/12/14
**
** Copyright 2018 Team whileLOOP
**
******************************************************************************************
**
** Log Number               : #9
** Continuing from Log File : vault_processor.1576348940018.log
** Log Start Time (UTC)     : 18:42:20 2019/12/14
**
******************************************************************************************
2019/12/14 | 18:42:20 | INFO | [32m[2019-12-14 18:42:20 DEBUG	vault_processor][39m\nCustID: 274380001047828
Name: ALSALAM
TradeChannel: HFS Small T.G.
hash: 9b25b409ea532c536270e3fa083f343f07af2482551f8ae7b41628190fd7bbf8
2019/12/14 | 18:42:20 | INFO | [32m[2019-12-14 18:42:20 DEBUG	vault_processor][39m\nCustID: 274380001045674
Name: SALAT ALGHEDAA
TradeChannel: HFS Small T.G.
hash: 039395a4a6bf8d986b98bac5fb7049a248c95126bbce3cb7d6daea584a2c8512
2019/12/14 | 18:42:20 | INFO | [32m[2019-12-14 18:42:20 DEBUG	vault_processor][39m\nCustID: 274380001045214
Name: ALKHALEEJ
TradeChannel: HFS Small T.G.
hash: 08a8dc3286a86b5566528a7d62f6b24b20614ef32111c70378100d2ddfa1d61a
2019/12/14 | 18:42:21 | INFO | [32m[2019-12-14 18:42:21 DEBUG	vault_processor][39m\nCustID: 274380001046003
Name: AL HAMID
TradeChannel: HFS Small T.G.
hash: b88c04e9e3e35efd73c5001c3186cf3c1ed2b7a028f84dd6dfec73dc5ff42fed
2019/12/14 | 18:42:21 | INFO | [32m[2019-12-14 18:42:21 DEBUG	vault_processor][39m\nCustID: 274380001045674
Name: SALAT ALGHEDAA
TradeChannel: HFS Small T.G.
hash: 039395a4a6bf8d986b98bac5fb7049a248c95126bbce3cb7d6daea584a2c8512
2019/12/14 | 18:42:21 | INFO | [32m[2019-12-14 18:42:21 DEBUG	vault_processor][39m\nCustID: 274380001046240
Name: MESAHRI
TradeChannel: HFS Small T.G.
hash: 8d87e56374293510e3c5cc68eae04d4cb92353dc18395d2013d96db97008dda6
2019/12/14 | 18:42:21 | INFO | [32m[2019-12-14 18:42:21 DEBUG	vault_processor][39m\nCustID: 274380001048097
Name: ALHARAMAIN
TradeChannel: HFS Small T.G.
hash: 4db9356f01c215553f2808fb5a2ade0dff233d61777f40cf033a02e91356c669
2019/12/14 | 18:42:21 | INFO | [32m[2019-12-14 18:42:21 DEBUG	vault_processor][39m\nCustID: 274380001048102
Name: ALJAZEERA
TradeChannel: HFS Small T.G.
hash: b8dd69d93b2ae0100af0733b4e8f6b42dc39e7fcbd146cb8162183303e664b89
2019/12/14 | 18:42:21 | INFO | [32m[2019-12-14 18:42:21 DEBUG	vault_processor][39m\nCustID: 274380001048106
Name: ALQASADY
TradeChannel: HFS Small T.G.
hash: 2877799243fdc61b7a465b71d7cbb58230bc2482d1dc39b46642c74d694c60f7
2019/12/14 | 18:42:21 | INFO | [32m[2019-12-14 18:42:21 DEBUG	vault_processor][39m\nCustID: 274380001048107
Name: DAHEEQA
TradeChannel: HFS Small T.G.
hash: e65902d08eb95186681b1cb094294d667b24711da99db40dd5c3977f01dccffd
2019/12/14 | 18:42:21 | INFO | [32m[2019-12-14 18:42:21 DEBUG	vault_processor][39m\nCustID: 274380001048111
Name: AL MANSOOR
TradeChannel: HFS Small T.G.
hash: d2e594f50de00b9ef3fed049794b47ca367f3da774e7d3560216a30093b7a26d
2019/12/14 | 18:42:21 | INFO | [32m[2019-12-14 18:42:21 DEBUG	vault_processor][39m\nCustID: 274380001048227
Name: RENAD
TradeChannel: HFS Small T.G.
hash: 1e9384b6565baef60badb55c4be8519410bb24cc244dd6ecbc3faa4de305ffa2
2019/12/14 | 18:42:21 | INFO | [32m[2019-12-14 18:42:21 DEBUG	vault_processor][39m\nCustID: 274380001048795
Name: ALABAAD
TradeChannel: HFS Small T.G.
hash: 32e70446f0d80659ccc94005a5ae04a288eb69019770aa662d8945cbbb95675a
2019/12/14 | 18:42:21 | INFO | [32m[2019-12-14 18:42:21 DEBUG	vault_processor][39m\nCustID: 274380001048426
Name: ALSHAREEF
TradeChannel: HFS Small T.G.
hash: 4288c9f745a67d0f795741869f212a3c853c4a87274a5b780ad29790f1b76f06
2019/12/14 | 18:42:21 | INFO | [32m[2019-12-14 18:42:21 DEBUG	vault_processor][39m\nCustID: 274380001048517
Name: SALEM
TradeChannel: HFS Small T.G.
hash: 18be50a65ca3606721c6ad17dd540671946875bb1c11eaaadf5d0a51353e942e
2019/12/14 | 18:42:21 | INFO | [32m[2019-12-14 18:42:21 DEBUG	vault_processor][39m\nCustID: 274380001048569
Name: ASWAQ ALI ALMRKZYA
TradeChannel: HFS Small T.G.
hash: cd8a22dedc17eef7afd868e97c193aeb1a0bcd24f989bfe138dc18f72b05ac97
2019/12/14 | 18:42:21 | INFO | [32m[2019-12-14 18:42:21 DEBUG	vault_processor][39m\nCustID: 274380001049261
Name: BAQAALT ABHA
TradeChannel: HFS Small T.G.
hash: 4ae860b4e0e33fe8f8e6561cda6d1d9595d7e6d2b385277b8228dc47b62ddd19
2019/12/14 | 18:42:21 | INFO | [32m[2019-12-14 18:42:21 DEBUG	vault_processor][39m\nCustID: 274380001049381
Name: AHMED ALSANEEDE
TradeChannel: HFS Small T.G.
hash: 411543ede1730ac514e46fb38ed2ae9770633e9a6652bcf6ccea8f18bcd0b3c4
2019/12/14 | 18:42:21 | INFO | [32m[2019-12-14 18:42:21 DEBUG	vault_processor][39m\nCustID: 274380001049272
Name: ALARAB
TradeChannel: HFS Small T.G.
hash: ce6c72375076f893b51c3c565459c4269280e3294e1d2c0e4b10013ae8449a66
2019/12/14 | 18:42:21 | INFO | [32m[2019-12-14 18:42:21 DEBUG	vault_processor][39m\nCustID: 274380001049390
Name: WAEL QASIM
TradeChannel: HFS Small T.G.
hash: a569c277f69a7c40fd52908d3a5b67fccfa904ceb0a94fd954035386b6db6675
2019/12/14 | 18:42:21 | INFO | [32m[2019-12-14 18:42:21 DEBUG	vault_processor][39m\nCustID: 274380001049419
Name: ALASEEL
TradeChannel: HFS Small T.G.
hash: 4a6954283761f47c5fa1dcfae14a3007de8bf39a3161318b7dc70171cee5ebd3
2019/12/14 | 18:42:21 | INFO | [32m[2019-12-14 18:42:21 DEBUG	vault_processor][39m\nCustID: 274380001049604
Name: ALFORAT
TradeChannel: HFS Small T.G.
hash: 04faf969c3db4a284c536a4f91edb47899e943977d3ed25ee4782c91828ee434
2019/12/14 | 18:42:21 | INFO | [32m[2019-12-14 18:42:21 DEBUG	vault_processor][39m\nCustID: 274380001049605
Name: BADR
TradeChannel: HFS Small T.G.
hash: 2b7e47ad1b8ddcfa29165606f35db7c5e8336d9910940f4b45a8cd2c6bb920cb
2019/12/14 | 18:42:21 | INFO | [32m[2019-12-14 18:42:21 DEBUG	vault_processor][39m\nCustID: 274380001050340
Name: MADD 2
TradeChannel: HFS Small T.G.
hash: 89d931ab93ce3490c8d0d62671c75faa640bc2615ac0896cb00b61007d806cc2
2019/12/14 | 18:42:21 | INFO | [32m[2019-12-14 18:42:21 DEBUG	vault_processor][39m\nCustID: 274380001050341
Name: NAWAF ABDALAZIZ
TradeChannel: HFS Small T.G.
hash: c23d383b05b5cde29e9551e22d951476f3e32213ed0a33569a25245f71ff1079
2019/12/14 | 18:42:21 | INFO | [32m[2019-12-14 18:42:21 DEBUG	vault_processor][39m\nCustID: 274380001050447
Name: ABDULLAH ALSEEF
TradeChannel: HFS Small T.G.
hash: ee6de5f2502f446452d0bb036b3444882782d95d8ade0134eed580909ed93a4c
2019/12/14 | 18:42:21 | INFO | [32m[2019-12-14 18:42:21 DEBUG	vault_processor][39m\nCustID: 274380001050583
Name: ALAROSI
TradeChannel: HFS Small T.G.
hash: ca9afbb7dd5515ae1f7e24d00c5979a810e8b406a1c61cac8b713e623ab0b2f4
2019/12/14 | 18:42:22 | INFO | [32m[2019-12-14 18:42:22 DEBUG	vault_processor][39m\nCustID: 274380001050463
Name: DAR ALSHAMAL
TradeChannel: HFS Small T.G.
hash: 54f32f4442efc014f3b30346dc17eed59222265d3667ef6a4fd5d91d54520d08
2019/12/14 | 18:42:22 | INFO | [32m[2019-12-14 18:42:22 DEBUG	vault_processor][39m\nCustID: 274380001050591
Name: ALMADEENAH
TradeChannel: HFS Small T.G.
hash: 8a445de4c99329ea2d10bd474bb057468fd66c78f8eca3e317ebbf167d5b2a6e
2019/12/14 | 18:42:22 | INFO | [32m[2019-12-14 18:42:22 DEBUG	vault_processor][39m\nCustID: 274380001050788
Name: ALOSSRAH
TradeChannel: HFS Small T.G.
hash: 46c40e6c81489575bae7c9a0350c9ed560367a8a1e6bcba3602efa0abe443652
2019/12/14 | 18:42:22 | INFO | [32m[2019-12-14 18:42:22 DEBUG	vault_processor][39m\nCustID: 274380001050792
Name: ALMOMAIAZ
TradeChannel: HFS Small T.G.
hash: 2a92cbcc3b7ddb0ef6450ce2978874dfc5a57c6c33094a19cad5c740fa55d96c
2019/12/14 | 18:42:22 | INFO | [32m[2019-12-14 18:42:22 DEBUG	vault_processor][39m\nCustID: 274380001048061
Name: BAQALA ALAMAIDAN
TradeChannel: HFS Small T.G.
hash: 0c40c3761164245f1776da4552e9bfddfad604373d630cb02bef9f313f581695
2019/12/14 | 18:42:22 | INFO | [32m[2019-12-14 18:42:22 DEBUG	vault_processor][39m\nCustID: 274380001049904
Name: BADR 2
TradeChannel: HFS Small T.G.
hash: 0d9fae9b73fc02312785887908902cad0646a7a6cbb408953f7c901ac1266f78
2019/12/14 | 18:42:22 | INFO | [32m[2019-12-14 18:42:22 DEBUG	vault_processor][39m\nCustID: 274380001050344
Name: ABDALAZIZ ALSAEDY
TradeChannel: HFS Small T.G.
hash: c66a91f7fdfc64a16451d1cb53d1ee76bdfae47321cf9586fc0e3fe7563fb1ef
2019/12/14 | 18:42:22 | INFO | [32m[2019-12-14 18:42:22 DEBUG	vault_processor][39m\nCustID: 274380001050460
Name: HAYAA ABDULLAH SALEH
TradeChannel: HFS Small T.G.
hash: 39641ecacc7442fe7928d980e7bebe35abde6c36425e43a0ff91b634a9f0c304
2019/12/14 | 18:42:22 | INFO | [32m[2019-12-14 18:42:22 DEBUG	vault_processor][39m\nCustID: 274380001050572
Name: ALKHEIR
TradeChannel: HFS Small T.G.
hash: 6ef143c291c846935c4d585a28dc246375b01a8f2ae5761eff0a127a51b00af8
2019/12/14 | 18:42:22 | INFO | [32m[2019-12-14 18:42:22 DEBUG	vault_processor][39m\nCustID: 274380001050584
Name: TAIBAH
TradeChannel: HFS Small T.G.
hash: 841f8c411b72ed1ddf91dd10d468333ebb0378f186dc6b4b588b330211442c7f
2019/12/14 | 18:42:22 | INFO | [32m[2019-12-14 18:42:22 DEBUG	vault_processor][39m\nCustID: 274380001050585
Name: MAJED
TradeChannel: HFS Small T.G.
hash: 49d230baab8cd242f904b7318cb7ebc635f9fa8e90b60d516d2e7ec7a773b33e
2019/12/14 | 18:42:22 | INFO | [32m[2019-12-14 18:42:22 DEBUG	vault_processor][39m\nCustID: 274380001050968
Name: ZAHWAH OTEEQ ALSHEMARY
TradeChannel: HFS Small T.G.
hash: 6ec30c8b51b8b3c4995d3466faab00807d510eefe99384838d5cc2297707fb4d
2019/12/14 | 18:42:22 | INFO | [32m[2019-12-14 18:42:22 DEBUG	vault_processor][39m\nCustID: 274380001050971
Name: HMOUD ALAWAD
TradeChannel: HFS Small T.G.
hash: bf8ea5c661c1ec649cde67d1eedeb0db5f4e2e2dceec53a27c338581f3ba5318
2019/12/14 | 18:42:22 | INFO | [32m[2019-12-14 18:42:22 DEBUG	vault_processor][39m\nCustID: 274380001051404
Name: FRHAN
TradeChannel: HFS Small T.G.
hash: f1530ec648b3a52a65178afe3eac94c06acd8d8440725d3ee93cb9dadd4f06ff
2019/12/14 | 18:42:22 | INFO | [32m[2019-12-14 18:42:22 DEBUG	vault_processor][39m\nCustID: 274380001051411
Name: TAMWEENAT ALGHEZAEIAH
TradeChannel: HFS Small T.G.
hash: 6d1686cb8478d7ebd63eab64f1432b8f9e1db5b40e5583922f86ea0b4babcf51
2019/12/14 | 18:42:22 | INFO | [32m[2019-12-14 18:42:22 DEBUG	vault_processor][39m\nCustID: 274380001051412
Name: ALBANDR
TradeChannel: HFS Small T.G.
hash: ccea64e4b21ab7209fde37fcd5854c8938b2100a4dbde992005930fe5c84ef4c
2019/12/14 | 18:42:22 | INFO | [32m[2019-12-14 18:42:22 DEBUG	vault_processor][39m\nCustID: 274380001051419
Name: ALBARAKAH
TradeChannel: HFS Small T.G.
hash: 6fbdca563c73d420cc3bc9c2bf4e8a6bb43c9076cabfd1b2623a05c0c7c2fdbb
2019/12/14 | 18:42:22 | INFO | [32m[2019-12-14 18:42:22 DEBUG	vault_processor][39m\nCustID: 274380001051635
Name: ALAIELAT
TradeChannel: HFS Small T.G.
hash: c502c9c964d190cdd114852b0f355d1df4220aa62187f988050cb301b55e5d3c
2019/12/14 | 18:42:22 | INFO | [32m[2019-12-14 18:42:22 DEBUG	vault_processor][39m\nCustID: 274380001051916
Name: TAMWENAT Abdul Rahman Al Anzi
TradeChannel: HFS Small T.G.
hash: 4dce6a89e0992d00c836ee734314e0f1db5cb04663fc50376e5cd1986b0658d2
2019/12/14 | 18:42:22 | INFO | [32m[2019-12-14 18:42:22 DEBUG	vault_processor][39m\nCustID: 274380001048589
Name: ALSAAH
TradeChannel: HFS Small T.G.
hash: b9bb06caa353dec27a7983a9cc8477a9b730dede124e6190a7f668ae2cce9cf3
2019/12/14 | 18:42:22 | INFO | [32m[2019-12-14 18:42:22 DEBUG	vault_processor][39m\nCustID: 274380001050794
Name: ZEIAD 1
TradeChannel: HFS Small T.G.
hash: f2ff828f480b42cc215aa613e2554e2ff42782f2433971fcb5f50b0675050914
2019/12/14 | 18:42:22 | INFO | [32m[2019-12-14 18:42:22 DEBUG	vault_processor][39m\nCustID: 274380001050981
Name: ALHEMMEDY
TradeChannel: HFS Small T.G.
hash: 471a777f23148e65ea529721323deba8719410fdce9ca6f523f16b5d069ccef5
2019/12/14 | 18:42:22 | INFO | [32m[2019-12-14 18:42:22 DEBUG	vault_processor][39m\nCustID: 274380001051006
Name: ALBARAKAH
TradeChannel: HFS Small T.G.
hash: b500dd61550047c4275ab27b91d716aee9a291c41dd6afc7a54cc5595e193eae
2019/12/14 | 18:42:22 | INFO | [32m[2019-12-14 18:42:22 DEBUG	vault_processor][39m\nCustID: 274380001052707
Name: ALAIELAH 2 STORES
TradeChannel: HFS Small T.G.
hash: cb4234978b9633bb78d75877c2639e5a97186ab9f313fe9f8cd81be9a8e7ba81
2019/12/14 | 18:42:22 | INFO | [32m[2019-12-14 18:42:22 DEBUG	vault_processor][39m\nCustID: 274380001052775
Name: MARKAZ MAKKAH
TradeChannel: HFS Small T.G.
hash: cbe633a9742a641a6744c79c827d2ddaa708102f16784beb4cc4c7c931b71deb
2019/12/14 | 18:42:22 | INFO | [32m[2019-12-14 18:42:22 DEBUG	vault_processor][39m\nCustID: 274380001053342
Name: AL-FARES PHARMACY
TradeChannel: RVO Pharma
hash: e7cdf3d1f5d9a88687c9ccfcaa0dec2df24175df7e0ba0e210b37921f87fbc56
2019/12/14 | 18:42:22 | INFO | [32m[2019-12-14 18:42:22 DEBUG	vault_processor][39m\nCustID: 274380001053684
Name: ALAWAEL
TradeChannel: HFS Small T.G.
hash: 19c01c171dee87b0b63e1402c6121d06d222ad579ccb6ca17464889575eb789e
2019/12/14 | 18:42:22 | INFO | [32m[2019-12-14 18:42:22 DEBUG	vault_processor][39m\nCustID: 274380001054940
Name: ABU GHAZI
TradeChannel: HFS Small T.G.
hash: b17696420105e8ed361ece32572ab0b41d74fb014fb4cf89c660eddfc5760d1e
2019/12/14 | 18:42:22 | INFO | [32m[2019-12-14 18:42:22 DEBUG	vault_processor][39m\nCustID: 274380001055156
Name: Grocery MARHABA
TradeChannel: HFS Small T.G.
hash: 946ff508b1ca90586379e9715b9b42bb999ef9a640ecb3b75ed445d06e5dd9d5
2019/12/14 | 18:42:22 | INFO | [32m[2019-12-14 18:42:22 DEBUG	vault_processor][39m\nCustID: 274380001055188
Name: ALATLAL
TradeChannel: HFS Small T.G.
hash: 88a49c393a97719bfbe7e05515d4865a80fc9087e9114deed414ecaab65e820f
2019/12/14 | 18:42:22 | INFO | [32m[2019-12-14 18:42:22 DEBUG	vault_processor][39m\nCustID: 274380001047503
Name: ALBADRANI
TradeChannel: HFS Small T.G.
hash: 3d1b3a118bb0a2120d44f5b35578f91f1c77efeb142b1b286715c328cb8f270c
2019/12/14 | 18:42:22 | INFO | [32m[2019-12-14 18:42:22 DEBUG	vault_processor][39m\nCustID: 274380001052055
Name: ALKHEDRAWI
TradeChannel: HFS Small T.G.
hash: b726b79a4171d1df43f0660260084155d51d86f07d8847975a6df8d2fc7b5040
2019/12/14 | 18:42:22 | INFO | [32m[2019-12-14 18:42:22 DEBUG	vault_processor][39m\nCustID: 274380001052573
Name: TAMWINAT ABDULLAH
TradeChannel: HFS Small T.G.
hash: d2549d2e9548d6810c0c197082c6cc73401fa15c36c6bb439bde1b18c4b136b0
2019/12/14 | 18:42:22 | INFO | [32m[2019-12-14 18:42:22 DEBUG	vault_processor][39m\nCustID: 274380001055423
Name: YEHYA MOHAMMAD AYED
TradeChannel: HFS Small T.G.
hash: ddcfce6e322bd9460441f9fffbd9e6dd395a32bde670249684f71bb5d142a0da
2019/12/14 | 18:42:22 | INFO | [32m[2019-12-14 18:42:22 DEBUG	vault_processor][39m\nCustID: 274380001055031
Name: BADR ALBAWASIL
TradeChannel: HFS Small T.G.
hash: 687e77416a33405bbf71ca2c6b1f77f5fb0ef2bf6688d8a1593644f4b3443c61
2019/12/14 | 18:42:22 | INFO | [32m[2019-12-14 18:42:22 DEBUG	vault_processor][39m\nCustID: 274380001055425
Name: MARKET ALMADINAH
TradeChannel: HFS Small T.G.
hash: 403533ead8ea1459daa3369f5d23ae0fb5219eb04d2057294fff36737b95f8ab
2019/12/14 | 18:42:22 | INFO | [32m[2019-12-14 18:42:22 DEBUG	vault_processor][39m\nCustID: 274380001055436
Name: ALJAZEERA
TradeChannel: HFS Small T.G.
hash: 3e3368e1c4496f1074026ac6236459e2216f30a0302c89080cd91587a6ec0c44
2019/12/14 | 18:42:22 | INFO | [32m[2019-12-14 18:42:22 DEBUG	vault_processor][39m\nCustID: 274380001055641
Name: SAIF
TradeChannel: HFS Small T.G.
hash: d8309696a1716c8a4567d3e3f55f3d23086f8004f55c80471384cef340ed664a
2019/12/14 | 18:42:22 | INFO | [32m[2019-12-14 18:42:22 DEBUG	vault_processor][39m\nCustID: 274380001055703
Name: YASLEM
TradeChannel: HFS Small T.G.
hash: 6062d819a2b9ca43fc987fd1f2f6ce842f5b5e21e5c5a2f0888923bc273da60d
2019/12/14 | 18:42:22 | INFO | [32m[2019-12-14 18:42:22 DEBUG	vault_processor][39m\nCustID: 274380001055706
Name: MUBARAK
TradeChannel: HFS Small T.G.
hash: 9c5a168035c79bbd4705b98bf8e1ec6df3fa416e53cf9fd0aa360f77a131d1c0
2019/12/14 | 18:42:22 | INFO | [32m[2019-12-14 18:42:22 DEBUG	vault_processor][39m\nCustID: 274380001055773
Name: WABRQ
TradeChannel: HFS Small T.G.
hash: 86bb84ca6d61e17d548bc58e381694ed1d9fe109d778f0dfbfd2d6dcd37a524f
2019/12/14 | 18:42:22 | INFO | [32m[2019-12-14 18:42:22 DEBUG	vault_processor][39m\nCustID: 274380001055690
Name: MATAR LAFI ALADEM
TradeChannel: HFS Small T.G.
hash: a50dac75eb7f561c087e1f85d048676219c5146d7b075969a31e304c6dd8fd6c
2019/12/14 | 18:42:22 | INFO | [32m[2019-12-14 18:42:22 DEBUG	vault_processor][39m\nCustID: 274380001055775
Name: SMAHAH
TradeChannel: HFS Small T.G.
hash: d8540010e7ccd72668bb40e8c999d24b226af2e28edef4f3d724bd54728b399d
2019/12/14 | 18:42:22 | INFO | [32m[2019-12-14 18:42:22 DEBUG	vault_processor][39m\nCustID: 274380001056070
Name: ALHADEQA ALMARKAZIAH
TradeChannel: HFS Small T.G.
hash: c229db34743e77f8de8eb7bed848cbee6895b259dbb5252426b5a041b46e3b61
2019/12/14 | 18:42:22 | INFO | [32m[2019-12-14 18:42:22 DEBUG	vault_processor][39m\nCustID: 274380001056228
Name: ALMAZIL
TradeChannel: HFS Small T.G.
hash: fc74d9741af3c93780c2652ae384607f5b675adc92d909595e35843eaf4c1408
2019/12/14 | 18:42:22 | INFO | [32m[2019-12-14 18:42:22 DEBUG	vault_processor][39m\nCustID: 274380001048927
Name: FAISAL
TradeChannel: HFS Small T.G.
hash: ecabc92b48280e791c85ef9882453c9c3a99f3e557e2aec3752b4a5991bc8618
2019/12/14 | 18:42:22 | INFO | [32m[2019-12-14 18:42:22 DEBUG	vault_processor][39m\nCustID: 274380001056293
Name: Meena Supermarket
TradeChannel: HFS Small T.G.
hash: e98cf37243122ae4ee181686ae4049df2206e5ff5bc03ad027d3abd98ab6fe70
2019/12/14 | 18:42:22 | INFO | [32m[2019-12-14 18:42:22 DEBUG	vault_processor][39m\nCustID: 274380001056309
Name: MAGED ALMARKAZYA
TradeChannel: HFS Small T.G.
hash: 92e345fb95a7ffdf492da1ace6cb7d52437df86985464ad933d63a0ec0e3a7e3
2019/12/14 | 18:42:22 | INFO | [32m[2019-12-14 18:42:22 DEBUG	vault_processor][39m\nCustID: 274380001056637
Name: AL AZIZIAH CENTERAL MARKET
TradeChannel: MT Tier 2
hash: fafa410d3c48e2564c75dfb15473e447752a2a3facc2a146488dfcaebc96a057
2019/12/14 | 18:42:22 | INFO | [32m[2019-12-14 18:42:22 DEBUG	vault_processor][39m\nCustID: 274380001050267
Name: WADY ALSALAM
TradeChannel: HFS Small T.G.
hash: b48fafd8e9e072874a94c7bf36239390c542ea7f93491ab87c9bf423cdf2c85a
2019/12/14 | 18:42:22 | INFO | [32m[2019-12-14 18:42:22 DEBUG	vault_processor][39m\nCustID: 274380001049868
Name: HALA 3
TradeChannel: HFS Small T.G.
hash: 1bd88ac7605b48960442348046acd5601a2a80ce444f916010d1eaea4b0b8d63
2019/12/14 | 18:42:22 | INFO | [32m[2019-12-14 18:42:22 DEBUG	vault_processor][39m\nCustID: 274380001058209
Name: ALMOJ ALAZRAG
TradeChannel: HFS Small T.G.
hash: a2a9c32ee115f5aae18b7300e7c087156042c4b7f5f4fa108eb583f47f21d161
2019/12/14 | 18:42:22 | INFO | [32m[2019-12-14 18:42:22 DEBUG	vault_processor][39m\nCustID: 274380001058358
Name: WATANA
TradeChannel: HFS Small T.G.
hash: 2f529bb7ca97678733afd1063ae58dbe22c709fb9e8809f8836bcf57e43a31ac
2019/12/14 | 18:42:22 | INFO | [32m[2019-12-14 18:42:22 DEBUG	vault_processor][39m\nCustID: 274380001058829
Name: ALAHMARI
TradeChannel: HFS Small T.G.
hash: 02011cd8aa88e5c80d2851fed3b35f34091ff6b3ccdad75ee934b960ad81b75f
2019/12/14 | 18:42:22 | INFO | [32m[2019-12-14 18:42:22 DEBUG	vault_processor][39m\nCustID: 274380001059135
Name: ALTANMIAH
TradeChannel: HFS Small T.G.
hash: 0c4addda285d0abb5edaa1af2257ef8520960b8335d83cbb47fa65cdc3abe90e
2019/12/14 | 18:42:22 | INFO | [32m[2019-12-14 18:42:22 DEBUG	vault_processor][39m\nCustID: 274380001059200
Name: ALZAHRAA
TradeChannel: HFS Small T.G.
hash: 105e1656855216d78f07f8b75a8da369fc20139b44c9dc82ad7b9e2927432657
2019/12/14 | 18:42:22 | INFO | [32m[2019-12-14 18:42:22 DEBUG	vault_processor][39m\nCustID: 274380001059202
Name: ASWAQ YASIR
TradeChannel: HFS Small T.G.
hash: 9ba3911fda2fae2c9c3596481659e504dbe466957894fed3b825939d8dc3e8bc
2019/12/14 | 18:42:22 | INFO | [32m[2019-12-14 18:42:22 DEBUG	vault_processor][39m\nCustID: 274380001050633
Name: ALQAHEEZ
TradeChannel: HFS Small T.G.
hash: 122901c38268909e6d0b7857b9dfe4de313a75f16993b459a160b698f7799bff
2019/12/14 | 18:42:22 | INFO | [32m[2019-12-14 18:42:22 DEBUG	vault_processor][39m\nCustID: 274380001055782
Name: markaz BIN HABIB
TradeChannel: HFS Small T.G.
hash: 19636c087f397c8d36cba201ad6282601502c4a77d0ee5774e25151236c56049
2019/12/14 | 18:42:22 | INFO | [32m[2019-12-14 18:42:22 DEBUG	vault_processor][39m\nCustID: 274380001057891
Name: ALOMARI
TradeChannel: HFS Small T.G.
hash: 161bc7ff1a54852dad5243d43fe7224d6cdc69a9eae80342273c95d60f78d70a
2019/12/14 | 18:42:22 | INFO | [32m[2019-12-14 18:42:22 DEBUG	vault_processor][39m\nCustID: 274380001057893
Name: ALJAZERAH
TradeChannel: HFS Small T.G.
hash: d20ba0a18345ae854577d270a32eb64930fd6292cf4ebeaf8846f2fa37e0b2aa
2019/12/14 | 18:42:22 | INFO | [32m[2019-12-14 18:42:22 DEBUG	vault_processor][39m\nCustID: 274380001059139
Name: ALMOTLAG
TradeChannel: HFS Small T.G.
hash: 3e95de54b48ea43cab44eaeb579792290c37088fd60df800ca96256a3dd4cffc
2019/12/14 | 18:42:22 | INFO | [32m[2019-12-14 18:42:22 DEBUG	vault_processor][39m\nCustID: 274380001059203
Name: MESHAL ALSUNAIEI
TradeChannel: HFS Small T.G.
hash: 95b9723164254691f8a551ba8b9b8f843dcdfbdd485f1eca9ba61e8359534cfa
2019/12/14 | 18:42:22 | INFO | [32m[2019-12-14 18:42:22 DEBUG	vault_processor][39m\nCustID: 274380001059227
Name: SOUQ 99
TradeChannel: HFS Small T.G.
hash: 9c9294b0a541c43a56795bb7cb6c49d0d37f8274a3fd6ab581c7943ada62b6e9
2019/12/14 | 18:42:22 | INFO | [32m[2019-12-14 18:42:22 DEBUG	vault_processor][39m\nCustID: 274380001059239
Name: AL MUNAIF
TradeChannel: HFS Small T.G.
hash: 2a02c8d378f4c4c9329eb3f0a77fd24afc724b9c3107b90e3974ee5040491584
2019/12/14 | 18:42:22 | INFO | [32m[2019-12-14 18:42:22 DEBUG	vault_processor][39m\nCustID: 274380001059268
Name: ALSHATI
TradeChannel: HFS Small T.G.
hash: 4c16453327e95040fae181526b8d2076515e35e645385cb2499d4599cc11b748
2019/12/14 | 18:42:22 | INFO | [32m[2019-12-14 18:42:22 DEBUG	vault_processor][39m\nCustID: 274380001059314
Name: Gorcery ALMOHTARAM
TradeChannel: HFS Small T.G.
hash: 484a3158a95d1d65f5087530c52399d003a2cd282f3d7a67a4d0be13e9f54a0d
2019/12/14 | 18:42:22 | INFO | [32m[2019-12-14 18:42:22 DEBUG	vault_processor][39m\nCustID: 274380001059317
Name: ALRIYADH
TradeChannel: HFS Small T.G.
hash: 16cc0837a21bd14e1724652d9cb534163ca24d74e4890b1556cc3922bc0e80d1
2019/12/14 | 18:42:22 | INFO | [32m[2019-12-14 18:42:22 DEBUG	vault_processor][39m\nCustID: 274380001059598
Name: ALWATANI
TradeChannel: HFS Small T.G.
hash: c4943dea5dc5481af3ae0b68fa43d9ab5afdf9ac0bfba6c784c0d89fee0b67c5
2019/12/14 | 18:42:22 | INFO | [32m[2019-12-14 18:42:22 DEBUG	vault_processor][39m\nCustID: 274380001059599
Name: ALBOSTAN
TradeChannel: HFS Small T.G.
hash: ddeec75520779b89ec88d2cad50abebbf76cd1fe3ffabeea6baa4594dff82b9f
2019/12/14 | 18:42:22 | INFO | [32m[2019-12-14 18:42:22 DEBUG	vault_processor][39m\nCustID: 274380001059697
Name: WARDAT ALFAKHREYA
TradeChannel: HFS Small T.G.
hash: 38f820d068122791957472f761689f5db200a53c404fa2520150a0dacc2e2396
2019/12/14 | 18:42:22 | INFO | [32m[2019-12-14 18:42:22 DEBUG	vault_processor][39m\nCustID: 274380001059700
Name: ALSAMAH
TradeChannel: HFS Small T.G.
hash: e690c4e0f1e806829adcc7e22de5f7a7e43af7a4fbc3f1605a8453b4f8768ee5
2019/12/14 | 18:42:22 | INFO | [32m[2019-12-14 18:42:22 DEBUG	vault_processor][39m\nCustID: 274380001059708
Name: ROKN SALEH
TradeChannel: HFS Small T.G.
hash: e2551ca1202c6d5cf31f07b605b52be4456eaa757cefc21a76a3947b4b48f0f8
2019/12/14 | 18:42:22 | INFO | [32m[2019-12-14 18:42:22 DEBUG	vault_processor][39m\nCustID: 274380001059709
Name: ALAMIR METAB
TradeChannel: HFS Small T.G.
hash: 03a9137f4ae47c64bcd56f40a0836208d0b87b1b4d489a68e16a018754212734
2019/12/14 | 18:42:22 | INFO | [32m[2019-12-14 18:42:22 DEBUG	vault_processor][39m\nCustID: 274380001059755
Name: TOOT FOR Food Supply
TradeChannel: HFS Small T.G.
hash: e0021797150596c80e54c878213c2c15e419506377c2635c86d67b56acddd854
2019/12/14 | 18:42:22 | INFO | [32m[2019-12-14 18:42:22 DEBUG	vault_processor][39m\nCustID: 274380001050997
Name: FAHAD ALSHEMARY
TradeChannel: HFS Small T.G.
hash: c628ebf47afeb7ef91d7019c3e21e06837407c41b05b5cb317b4b78db710c3ab
Continuing to vault_processor.1576348942276.log
