******************************************************************************************
**
** Perfect Logger Logging System
** Application Version          : 1.0
** Perfect-Logger Version       : 1.5.2
** Application Start Time (UTC) : 18:40:00 2019/12/14
**
** Copyright 2018 Team whileLOOP
**
******************************************************************************************
**
** Log Number               : #1
** Continuing from Log File : vault_processor.1576348800992.log
** Log Start Time (UTC)     : 18:40:00 2019/12/14
**
******************************************************************************************
2019/12/14 | 18:40:25 | INFO | [32m[2019-12-14 18:40:25 DEBUG	vault_processor][39m\nCustID: 274380001099462
Name: N/A
TradeChannel: N/A
hash: 101442ad6517d35bd01b8d1e488866cc6eb56aec00c801c50882c87bfada0877
2019/12/14 | 18:40:25 | INFO | [32m[2019-12-14 18:40:25 DEBUG	vault_processor][39m\nCustID: 274380001099838
Name: N/A
TradeChannel: N/A
hash: 1fbb86db18591010666504319bbd73b1ab8f930120ccae2cbcafc680d8b3f0e6
2019/12/14 | 18:40:25 | INFO | [32m[2019-12-14 18:40:25 DEBUG	vault_processor][39m\nCustID: 274380001090907
Name: N/A
TradeChannel: N/A
hash: a4bfada5ece0386f342adb9ed4b18de853dbe1fc51beda70986b341000df3530
2019/12/14 | 18:40:25 | INFO | [32m[2019-12-14 18:40:25 DEBUG	vault_processor][39m\nCustID: 274380001099870
Name: N/A
TradeChannel: N/A
hash: 5c2201a47e65924d15a74ca165bfe8353bf22c5d52511aaa06631baf6828c3d2
2019/12/14 | 18:40:25 | INFO | [32m[2019-12-14 18:40:25 DEBUG	vault_processor][39m\nCustID: 274380001091511
Name: N/A
TradeChannel: N/A
hash: 4a12c70e5881f9b144e69f8ed410b6b9fc199cbe2f5acb48d63737bfd0a46ba6
2019/12/14 | 18:40:25 | INFO | [32m[2019-12-14 18:40:25 DEBUG	vault_processor][39m\nCustID: 274380001092126
Name: N/A
TradeChannel: HFS Small T.G.
hash: cee5e883dcc134e278bd530c514bb39d641a2e41a13cb83f1647678fef73a113
2019/12/14 | 18:40:25 | INFO | [32m[2019-12-14 18:40:25 DEBUG	vault_processor][39m\nCustID: 274380001092612
Name: N/A
TradeChannel: HFS Small T.G.
hash: 577ec0149ed3f1e1d9581656cbac930294432dc4696e04a8575c9b90b0aa6315
2019/12/14 | 18:40:25 | INFO | [32m[2019-12-14 18:40:25 DEBUG	vault_processor][39m\nCustID: 274380001099545
Name: N/A
TradeChannel: N/A
hash: 06e285a6cf79c0950e64a6f8fdf0091c24e08ba435c34d4c97ecb6c6bfe6c932
2019/12/14 | 18:40:25 | INFO | [32m[2019-12-14 18:40:25 DEBUG	vault_processor][39m\nCustID: 274380001099871
Name: N/A
TradeChannel: N/A
hash: 796a415a8237f423f530e77c806982ff1b2c85152cc1a5f4c69f86c1ce97fd0e
2019/12/14 | 18:40:25 | INFO | [32m[2019-12-14 18:40:25 DEBUG	vault_processor][39m\nCustID: 274380001099696
Name: N/A
TradeChannel: N/A
hash: 8656006acdcea3b1f3b2cdcd283ee45f1a7a766774232ef32d1caf1a6b65eb60
2019/12/14 | 18:40:25 | INFO | [32m[2019-12-14 18:40:25 DEBUG	vault_processor][39m\nCustID: 274380001099869
Name: N/A
TradeChannel: N/A
hash: a774c0cecbcf7ce60d97f644257c0983311a88129735c2beb35d64b54a9e9ad2
2019/12/14 | 18:40:25 | INFO | [32m[2019-12-14 18:40:25 DEBUG	vault_processor][39m\nCustID: 274380001100132
Name: N/A
TradeChannel: N/A
hash: ec1c7aa87e3b5217d0f527cfb1930cd1db13417331d429df469b5a60058a3555
2019/12/14 | 18:40:25 | INFO | [32m[2019-12-14 18:40:25 DEBUG	vault_processor][39m\nCustID: 274380001100020
Name: N/A
TradeChannel: N/A
hash: 9594cfaf62c520cfcb840bd6929e04dbbcf2d8ab79d3634acfe3f51ca8830308
2019/12/14 | 18:40:25 | INFO | [32m[2019-12-14 18:40:25 DEBUG	vault_processor][39m\nCustID: 274380001100171
Name: N/A
TradeChannel: N/A
hash: 36d0dcaf23f9daac32117b797ee7c3029f8d6f18154a98c03a321f94901996e1
2019/12/14 | 18:40:25 | INFO | [32m[2019-12-14 18:40:25 DEBUG	vault_processor][39m\nCustID: 274380001100273
Name: N/A
TradeChannel: N/A
hash: 235f3690e855c5225b3b658c22a17be0d8d2cd0c740a45f74cc37c5aa38b8ad6
2019/12/14 | 18:40:25 | INFO | [32m[2019-12-14 18:40:25 DEBUG	vault_processor][39m\nCustID: 274380001100366
Name: N/A
TradeChannel: N/A
hash: f6b90bbf808322d1a95d0b7514d641702e0b3b2fa7876798a4efb2cbe7a3d14e
2019/12/14 | 18:40:25 | INFO | [32m[2019-12-14 18:40:25 DEBUG	vault_processor][39m\nCustID: 274380001100480
Name: N/A
TradeChannel: N/A
hash: 88c7fb2350ff19a0dae5e42d462c417215ed75c8115e9d572f825eada3fc7c46
2019/12/14 | 18:40:25 | INFO | [32m[2019-12-14 18:40:25 DEBUG	vault_processor][39m\nCustID: 274380001100502
Name: N/A
TradeChannel: N/A
hash: 9e76c53a186cc0f93e20af12b0d610ca7996361775e96a83f8b93a67c7a95bee
2019/12/14 | 18:40:25 | INFO | [32m[2019-12-14 18:40:25 DEBUG	vault_processor][39m\nCustID: 274380001098642
Name: N/A
TradeChannel: HFS Small T.G.
hash: b8473e8af4aa80c46920ee74b237bc9b665bddf24ff563a386d1aa92527faeda
2019/12/14 | 18:40:25 | INFO | [32m[2019-12-14 18:40:25 DEBUG	vault_processor][39m\nCustID: 274380001098666
Name: N/A
TradeChannel: HFS Small T.G.
hash: c7552f9a6903317e1479b92b68e7a6f1b8f8350227239d849b55e7da38d5bc52
2019/12/14 | 18:40:25 | INFO | [32m[2019-12-14 18:40:25 DEBUG	vault_processor][39m\nCustID: 274380001098729
Name: N/A
TradeChannel: HFS Small T.G.
hash: 1d32226ea7a8352db7e3f5e0a3c9085ce4ff79344fe0cae9ab0edfccda2a3f54
2019/12/14 | 18:40:25 | INFO | [32m[2019-12-14 18:40:25 DEBUG	vault_processor][39m\nCustID: 274380001098733
Name: N/A
TradeChannel: HFS Small T.G.
hash: fc8185f8604c0c0ef58788f1bca97a11a02af5a10c7e931aff67f2d758d0c198
2019/12/14 | 18:40:25 | INFO | [32m[2019-12-14 18:40:25 DEBUG	vault_processor][39m\nCustID: 274380001098791
Name: N/A
TradeChannel: HFS Small T.G.
hash: d1d82416628f314a90d720bfdcf30475d120796f14a8e684c28474d2ee6c829a
2019/12/14 | 18:40:25 | INFO | [32m[2019-12-14 18:40:25 DEBUG	vault_processor][39m\nCustID: 274380001098792
Name: N/A
TradeChannel: HFS Small T.G.
hash: 8d5a1a41d958dec9f786d137ae43c429d06d31834c899e2ce78f21131edc4589
2019/12/14 | 18:40:25 | INFO | [32m[2019-12-14 18:40:25 DEBUG	vault_processor][39m\nCustID: 274380001098794
Name: N/A
TradeChannel: HFS Small T.G.
hash: 3a1c3817976994ffc721a682096264fe932b6b4ea35fd757538620f488579ead
2019/12/14 | 18:40:25 | INFO | [32m[2019-12-14 18:40:25 DEBUG	vault_processor][39m\nCustID: 274380001098926
Name: N/A
TradeChannel: HFS Small T.G.
hash: f1a0dddc69c2272c32cc0b6c71039e17640c750982aaa5726f731536f84b30f7
2019/12/14 | 18:40:25 | INFO | [32m[2019-12-14 18:40:25 DEBUG	vault_processor][39m\nCustID: 274380001098941
Name: N/A
TradeChannel: HFS Small T.G.
hash: 53c3e431f30d8319f4f2db137184d697834a83dbe08a9e1f65e398d040675434
2019/12/14 | 18:40:25 | INFO | [32m[2019-12-14 18:40:25 DEBUG	vault_processor][39m\nCustID: 274380001098944
Name: N/A
TradeChannel: HFS Small T.G.
hash: e22b81916015b9675a164b9e368ed078fc6a6ea42621e40e75d2a66591fa7daa
2019/12/14 | 18:40:25 | INFO | [32m[2019-12-14 18:40:25 DEBUG	vault_processor][39m\nCustID: 274380001098949
Name: N/A
TradeChannel: HFS Small T.G.
hash: 68fe0e6a1dd836e6f809d9d209e772d6c85c035b085d3709678a6742dfded16e
2019/12/14 | 18:40:25 | INFO | [32m[2019-12-14 18:40:25 DEBUG	vault_processor][39m\nCustID: 274380001098954
Name: N/A
TradeChannel: HFS Small T.G.
hash: a6994a445c0ebda4165b60df05795a7882ae86718ea09d22d98affd1220dede5
2019/12/14 | 18:40:25 | INFO | [32m[2019-12-14 18:40:25 DEBUG	vault_processor][39m\nCustID: 274380001099002
Name: N/A
TradeChannel: HFS Small T.G.
hash: 16ac93739c120e174275285d215ef6eb443408785db91c7c80375ba424d4f413
2019/12/14 | 18:40:25 | INFO | [32m[2019-12-14 18:40:25 DEBUG	vault_processor][39m\nCustID: 274380001099010
Name: N/A
TradeChannel: HFS Small T.G.
hash: 3b0d86f2a6ff2e48619fb6feb722c50383a46a23d654641c28725843a6db1a0f
2019/12/14 | 18:40:25 | INFO | [32m[2019-12-14 18:40:25 DEBUG	vault_processor][39m\nCustID: 274380001099017
Name: N/A
TradeChannel: HFS Small T.G.
hash: ad77fb599f48ae272c770882825173cd020fa2982f7d3a767b8593e420e2ff72
2019/12/14 | 18:40:25 | INFO | [32m[2019-12-14 18:40:25 DEBUG	vault_processor][39m\nCustID: 274380001099141
Name: N/A
TradeChannel: HFS Small T.G.
hash: 3b79a2cc2879f185c4b8b7b06d008dd7da935517057157a5be8d697a8a86593d
2019/12/14 | 18:40:25 | INFO | [32m[2019-12-14 18:40:25 DEBUG	vault_processor][39m\nCustID: 274380001091813
Name: N/A
TradeChannel: HFS Small T.G.
hash: 45fa8f5ce7be6e198944b531112b130faf2619f6ec8e5de6785c1f91c46931fa
2019/12/14 | 18:40:25 | INFO | [32m[2019-12-14 18:40:25 DEBUG	vault_processor][39m\nCustID: 274380001091874
Name: N/A
TradeChannel: N/A
hash: 24bed8c5ebe7729370ee7b6cf576ca62bf3a90d0525c4725ab1c401279151dae
2019/12/14 | 18:40:25 | INFO | [32m[2019-12-14 18:40:25 DEBUG	vault_processor][39m\nCustID: 274380001091869
Name: N/A
TradeChannel: N/A
hash: 32f022dd97223762b26dc1a84f0873f90698bcd5d7868f232ac8d6a93d0e80b3
2019/12/14 | 18:40:25 | INFO | [32m[2019-12-14 18:40:25 DEBUG	vault_processor][39m\nCustID: 274380001094691
Name: N/A
TradeChannel: HFS Small T.G.
hash: b3543dc3b6304c93bdb20585e75ecfc002a159373218e91f90f35b9c9092d4b2
2019/12/14 | 18:40:25 | INFO | [32m[2019-12-14 18:40:25 DEBUG	vault_processor][39m\nCustID: 274380001095230
Name: N/A
TradeChannel: HFS Small T.G.
hash: b6fc01ef8bfd15c351bf2d263055285cf76b43da843cb8a95e6854693b357516
2019/12/14 | 18:40:25 | INFO | [32m[2019-12-14 18:40:25 DEBUG	vault_processor][39m\nCustID: 274380001095304
Name: N/A
TradeChannel: N/A
hash: 42c6251435719a1b240d58ab04378511e4ea119cab30f296bc0abe233cf2b5c6
2019/12/14 | 18:40:25 | INFO | [32m[2019-12-14 18:40:25 DEBUG	vault_processor][39m\nCustID: 274380001095314
Name: N/A
TradeChannel: HFS Small T.G.
hash: 20cffc9b6c62b28de2570f44f01340d57eaef2b6628bef7e87148a63065f330e
2019/12/14 | 18:40:25 | INFO | [32m[2019-12-14 18:40:25 DEBUG	vault_processor][39m\nCustID: 274380001095329
Name: N/A
TradeChannel: HFS Small T.G.
hash: 4cc9f8b9678d2b06948b687f155700722119ee2de8290db0a7ee46a9ebc276d6
2019/12/14 | 18:40:25 | INFO | [32m[2019-12-14 18:40:25 DEBUG	vault_processor][39m\nCustID: 274380001092561
Name: N/A
TradeChannel: N/A
hash: e522d5b805ee34a38cd8780ee533beb6f2ad8a7dc96deca77be4fc0339c01b33
2019/12/14 | 18:40:25 | INFO | [32m[2019-12-14 18:40:25 DEBUG	vault_processor][39m\nCustID: 274380001099146
Name: N/A
TradeChannel: HFS Small T.G.
hash: 018947070ccdb166cc15993eabe2bdc49e12a28ca1de1868011882d3b349f57b
2019/12/14 | 18:40:25 | INFO | [32m[2019-12-14 18:40:25 DEBUG	vault_processor][39m\nCustID: 274380001099236
Name: N/A
TradeChannel: HFS Small T.G.
hash: e21e9a36a67ab201d356429af821794ee80599132b6d37f11342478fbf28d94f
2019/12/14 | 18:40:25 | INFO | [32m[2019-12-14 18:40:25 DEBUG	vault_processor][39m\nCustID: 274380001099237
Name: N/A
TradeChannel: HFS Small T.G.
hash: 966c585aaa78b9f7e570de9022c531d13739398a0aa3f882f101ce61783c73cd
2019/12/14 | 18:40:25 | INFO | [32m[2019-12-14 18:40:25 DEBUG	vault_processor][39m\nCustID: 274380001099245
Name: N/A
TradeChannel: HFS Small T.G.
hash: 63d9aad292a0823f9b0cae81a31b864abde9e73dab56c6bd98c3531e3739e2d1
2019/12/14 | 18:40:25 | INFO | [32m[2019-12-14 18:40:25 DEBUG	vault_processor][39m\nCustID: 274380001099238
Name: N/A
TradeChannel: HFS Small T.G.
hash: f1706d23daff1e791fa92376a247c1c50d56564384ec96beb61885e4af963623
2019/12/14 | 18:40:25 | INFO | [32m[2019-12-14 18:40:25 DEBUG	vault_processor][39m\nCustID: 274380001099240
Name: N/A
TradeChannel: HFS Small T.G.
hash: f27f87431354a8d44c2f1caa2a288127d767c8ba5bcb848b791408863854d9fc
2019/12/14 | 18:40:25 | INFO | [32m[2019-12-14 18:40:25 DEBUG	vault_processor][39m\nCustID: 274380001099244
Name: N/A
TradeChannel: HFS Small T.G.
hash: 2048bce9a38ac1529934673dbeeb3e1ade8cdd9924caa31550813519b69669a0
Continuing to vault_processor.1576348825699.log
