******************************************************************************************
**
** Perfect Logger Logging System
** Application Version          : 1.0
** Perfect-Logger Version       : 1.5.2
** Application Start Time (UTC) : 18:40:00 2019/12/14
**
** Copyright 2018 Team whileLOOP
**
******************************************************************************************
**
** Log Number               : #66
** Continuing from Log File : vault_processor.1576348987948.log
** Log Start Time (UTC)     : 18:43:07 2019/12/14
**
******************************************************************************************
2019/12/14 | 18:43:07 | INFO | [32m[2019-12-14 18:43:07 DEBUG	vault_processor][39m\nCustID: 274380001054123
Name: ABU ANAS
TradeChannel: HFS Small T.G.
hash: 0466958c105dee887fd0ef8044720bcd0319d15af427852cf79d5d44fd7e07d3
2019/12/14 | 18:43:07 | INFO | [32m[2019-12-14 18:43:07 DEBUG	vault_processor][39m\nCustID: 274380001055158
Name: Grocery ALAMANA
TradeChannel: HFS Small T.G.
hash: a5aedffed8b071cad8a95fa89106280e66c932aae715370c3c866a3ad5d05ef1
2019/12/14 | 18:43:07 | INFO | [32m[2019-12-14 18:43:07 DEBUG	vault_processor][39m\nCustID: 274380001083381
Name: N/A
TradeChannel: HFS Small T.G.
hash: a21ddad2c04f25bd393fcffba2c7787f5b694021238dabd0afa3a4ddb0f6ed5c
2019/12/14 | 18:43:07 | INFO | [32m[2019-12-14 18:43:07 DEBUG	vault_processor][39m\nCustID: 274380001083546
Name: N/A
TradeChannel: HFS Small T.G.
hash: 6dddc20a0ebe72b04ed79ddc9b545be50e36b5124b04b018960af33eb473bbf6
2019/12/14 | 18:43:07 | INFO | [32m[2019-12-14 18:43:07 DEBUG	vault_processor][39m\nCustID: 274380001083732
Name: N/A
TradeChannel: HFS Small T.G.
hash: 9b02037d439e881282122fccaf9d6f153318eb90239f22897ff600ee9489b285
2019/12/14 | 18:43:07 | INFO | [32m[2019-12-14 18:43:07 DEBUG	vault_processor][39m\nCustID: 274380001083749
Name: N/A
TradeChannel: HFS Small T.G.
hash: 3ceafae719d9d6a2450719d656c17bf1eb60de507e93c9d0e45d5df6a4dc54c8
2019/12/14 | 18:43:07 | INFO | [32m[2019-12-14 18:43:07 DEBUG	vault_processor][39m\nCustID: 274380001083760
Name: N/A
TradeChannel: HFS Small T.G.
hash: d76a7bccb18290a6cc16aa3b50167a9d064c45242f5b01b7130bd73a1ea4a9fa
2019/12/14 | 18:43:08 | INFO | [32m[2019-12-14 18:43:08 DEBUG	vault_processor][39m\nCustID: 274380001084002
Name: N/A
TradeChannel: HFS Small T.G.
hash: fca45bd8103f640277c553dfd19a8959055a52a661c9463f5fd3f8fef61e4e92
2019/12/14 | 18:43:08 | INFO | [32m[2019-12-14 18:43:08 DEBUG	vault_processor][39m\nCustID: 274380001084292
Name: N/A
TradeChannel: HFS Small T.G.
hash: c0d350b1b6c8035bfee7bcfb1ef24bcbf59756db3b11479dd5ca85e6124f455a
2019/12/14 | 18:43:08 | INFO | [32m[2019-12-14 18:43:08 DEBUG	vault_processor][39m\nCustID: 274380001084371
Name: N/A
TradeChannel: HFS Small T.G.
hash: b4a6729b57f69ed3479fa22db21a64c0163da994e432b4bcfed2e89968fa1211
2019/12/14 | 18:43:08 | INFO | [32m[2019-12-14 18:43:08 DEBUG	vault_processor][39m\nCustID: 274380001084414
Name: N/A
TradeChannel: HFS Small T.G.
hash: ff95a5b0ce844408177382a13085291e1e3202dfe36654e97c23bd6fa2695898
2019/12/14 | 18:43:08 | INFO | [32m[2019-12-14 18:43:08 DEBUG	vault_processor][39m\nCustID: 274380001084445
Name: N/A
TradeChannel: HFS Small T.G.
hash: 1c36433e30272734c4a5bba0f365fcbb732f4ba68e49efe4c475b954e64b15c8
2019/12/14 | 18:43:08 | INFO | [32m[2019-12-14 18:43:08 DEBUG	vault_processor][39m\nCustID: 274380001084453
Name: N/A
TradeChannel: HFS Small T.G.
hash: 3ab25c3c1703f57acbc2bdefd682fda4c21cb258598ad710cd8dac7624a3161c
2019/12/14 | 18:43:08 | INFO | [32m[2019-12-14 18:43:08 DEBUG	vault_processor][39m\nCustID: 274380001084477
Name: N/A
TradeChannel: HFS Small T.G.
hash: 12826ba45ce316224f58030da79e548125310a6a622ab5a8b3cb97db24c41b1b
2019/12/14 | 18:43:08 | INFO | [32m[2019-12-14 18:43:08 DEBUG	vault_processor][39m\nCustID: 274380001084562
Name: N/A
TradeChannel: HFS Small T.G.
hash: 791a1a908b274622764b035f4adf42f7042c4c7bd9ee6b83dd5c41dba0cf5d84
2019/12/14 | 18:43:08 | INFO | [32m[2019-12-14 18:43:08 DEBUG	vault_processor][39m\nCustID: 274380001084588
Name: N/A
TradeChannel: HFS Small T.G.
hash: 301cddced77ecef4ec4b0b3498d5a50023f067fa6e0786c23cfb5bb8d64bbbb6
2019/12/14 | 18:43:08 | INFO | [32m[2019-12-14 18:43:08 DEBUG	vault_processor][39m\nCustID: 274380001084758
Name: N/A
TradeChannel: HFS Small T.G.
hash: f1d65d03796071db752507c74e48da6855580bfc854536b7abfc94b95cd4c241
2019/12/14 | 18:43:08 | INFO | [32m[2019-12-14 18:43:08 DEBUG	vault_processor][39m\nCustID: 274380001084764
Name: N/A
TradeChannel: HFS Small T.G.
hash: eea208e2e80cfe4681dc902df7fffa3a798f3959a64d166ecf7395b149a423c2
2019/12/14 | 18:43:08 | INFO | [32m[2019-12-14 18:43:08 DEBUG	vault_processor][39m\nCustID: 274380001060120
Name: ALAIELAH
TradeChannel: HFS Small T.G.
hash: 446bd7c55286851851f3470a356a82a08c52b7bc812c8db3f60434452ea8c957
2019/12/14 | 18:43:08 | INFO | [32m[2019-12-14 18:43:08 DEBUG	vault_processor][39m\nCustID: 274380001063769
Name: ALTHLATHEEN
TradeChannel: HFS Small T.G.
hash: f70f4772e6133b16c5a0a83f281b6c497b30edf4a69be00b422020ee10e54d11
2019/12/14 | 18:43:08 | INFO | [32m[2019-12-14 18:43:08 DEBUG	vault_processor][39m\nCustID: 274380001063812
Name: ROKN ALTAMWIN
TradeChannel: HFS Small T.G.
hash: ba90ec56ef2e34be8823a6e71d791315867b7e1e814e348297f73d1e7272d665
2019/12/14 | 18:43:08 | INFO | [32m[2019-12-14 18:43:08 DEBUG	vault_processor][39m\nCustID: 274380001063930
Name: TAMWINAT ALMADINAH
TradeChannel: HFS Small T.G.
hash: 96dcc8a4215abb0b3ff65e85c6672792df1dbcb616c7684dd9de3c73e3060ce3
2019/12/14 | 18:43:08 | INFO | [32m[2019-12-14 18:43:08 DEBUG	vault_processor][39m\nCustID: 274380001080828
Name: N/A
TradeChannel: HFS Small T.G.
hash: 32d0078e623ad8491b3ab4ed89340cfc5c24fc3725b0a0d5868b189308844b3a
2019/12/14 | 18:43:08 | INFO | [32m[2019-12-14 18:43:08 DEBUG	vault_processor][39m\nCustID: 274380001080884
Name: N/A
TradeChannel: HFS Small T.G.
hash: 083c717eda40a34814b8f5aefd6ec431fcd05d90938dbefac4e77f0635d684d4
2019/12/14 | 18:43:08 | INFO | [32m[2019-12-14 18:43:08 DEBUG	vault_processor][39m\nCustID: 274380001080917
Name: N/A
TradeChannel: HFS Small T.G.
hash: d5086c5b23e7e99a849b6ac3bc31871232979b8a1af9b8b6ee71c88e9b26d0fe
2019/12/14 | 18:43:08 | INFO | [32m[2019-12-14 18:43:08 DEBUG	vault_processor][39m\nCustID: 274380001080924
Name: N/A
TradeChannel: HFS Small T.G.
hash: 30a7c329bc3675b77d3b69f41b3761e59351a53ef04bb00d26c06a949732863d
2019/12/14 | 18:43:08 | INFO | [32m[2019-12-14 18:43:08 DEBUG	vault_processor][39m\nCustID: 274380001080956
Name: N/A
TradeChannel: HFS Small T.G.
hash: 93344c97bbb504fad8835f72699f733a5aa60237ce1302c843127022d421aa01
2019/12/14 | 18:43:08 | INFO | [32m[2019-12-14 18:43:08 DEBUG	vault_processor][39m\nCustID: 274380001080991
Name: N/A
TradeChannel: HFS Small T.G.
hash: c1e33ca7dfcc71452a0b25559ae2da949a7da188d75923f8232ad09b4942a064
2019/12/14 | 18:43:08 | INFO | [32m[2019-12-14 18:43:08 DEBUG	vault_processor][39m\nCustID: 274380001056741
Name: LAKOM ALAFDALYEAH
TradeChannel: HFS Small T.G.
hash: 4ec44fb0d679e56ef893fd1d71826ce2293ec269c647b1e43c5a2415d1affd5a
2019/12/14 | 18:43:08 | INFO | [32m[2019-12-14 18:43:08 DEBUG	vault_processor][39m\nCustID: 274380001081001
Name: N/A
TradeChannel: HFS Small T.G.
hash: 1ab516e080c12c087dde7ef6b327a2b8ee25ab2b115182f51643c3c245fc6e34
2019/12/14 | 18:43:08 | INFO | [32m[2019-12-14 18:43:08 DEBUG	vault_processor][39m\nCustID: 274380001049006
Name: ALQEMAH STORE
TradeChannel: HFS Small T.G.
hash: 0d1a62352503973ea0fe93b35be7e73c51fb66a86e06796b210b7433bd310df0
2019/12/14 | 18:43:08 | INFO | [32m[2019-12-14 18:43:08 DEBUG	vault_processor][39m\nCustID: 274380001057911
Name: SARAH
TradeChannel: HFS Small T.G.
hash: 345a0bf185e3f41d3c809349b86e8c18a30da8c734911bf4a725f33295003b6e
2019/12/14 | 18:43:08 | INFO | [32m[2019-12-14 18:43:08 DEBUG	vault_processor][39m\nCustID: 274380001084773
Name: N/A
TradeChannel: HFS Small T.G.
hash: 4804c99c544b87b72442bf4ea58ea5976c050b95923663ce4defa0fd8a95294a
2019/12/14 | 18:43:08 | INFO | [32m[2019-12-14 18:43:08 DEBUG	vault_processor][39m\nCustID: 274380001085263
Name: N/A
TradeChannel: HFS Small T.G.
hash: 2b49e74dae1cf5319b4e88bdcb6292c4a340dec9e31bd1fa5b1408f2277c0e20
2019/12/14 | 18:43:08 | INFO | [32m[2019-12-14 18:43:08 DEBUG	vault_processor][39m\nCustID: 274380001085327
Name: N/A
TradeChannel: HFS Small T.G.
hash: 0227c0049686ced52d4192a3c64c0dd27fdb137b71ffe29daddfcdd0948fd0e8
2019/12/14 | 18:43:08 | INFO | [32m[2019-12-14 18:43:08 DEBUG	vault_processor][39m\nCustID: 274380001085317
Name: N/A
TradeChannel: HFS Small T.G.
hash: d43fc8ac5635dd16d6a95de54999e32b1a177c1e0601ff32702a2aafe7ad1555
2019/12/14 | 18:43:08 | INFO | [32m[2019-12-14 18:43:08 DEBUG	vault_processor][39m\nCustID: 274380001085360
Name: N/A
TradeChannel: HFS Small T.G.
hash: b00b2c5ba38de26ff577a7cf0e3f160cfe9c0a6a1667217a3b575485387eff62
2019/12/14 | 18:43:08 | INFO | [32m[2019-12-14 18:43:08 DEBUG	vault_processor][39m\nCustID: 274380001085337
Name: N/A
TradeChannel: HFS Small T.G.
hash: a5b4aa3ec5490dcdd01c115af2d646c0e50a7a9417b4c72b24c4e4a8e46b1228
2019/12/14 | 18:43:08 | INFO | [32m[2019-12-14 18:43:08 DEBUG	vault_processor][39m\nCustID: 274380001085351
Name: N/A
TradeChannel: HFS Small T.G.
hash: fb32111c61e32051cbdc78cae7de26533c536d2c42194f0c2218b2a2be559276
2019/12/14 | 18:43:08 | INFO | [32m[2019-12-14 18:43:08 DEBUG	vault_processor][39m\nCustID: 274380001085372
Name: N/A
TradeChannel: HFS Small T.G.
hash: daf1996cdb552d45ea34dafbf9d5d57527efda7ae2096ef86cd2caf7d7ed7868
2019/12/14 | 18:43:08 | INFO | [32m[2019-12-14 18:43:08 DEBUG	vault_processor][39m\nCustID: 274380001085381
Name: N/A
TradeChannel: HFS Small T.G.
hash: 7d74f713e063dfa59bc311c577867f88115a5f36c8e049241f7b8a46c2737b8a
2019/12/14 | 18:43:08 | INFO | [32m[2019-12-14 18:43:08 DEBUG	vault_processor][39m\nCustID: 274380001085466
Name: N/A
TradeChannel: HFS Small T.G.
hash: fc41922ed80211c012675d0792f3f1d2d03bfbda101b6f96dae18701ed84f39f
2019/12/14 | 18:43:08 | INFO | [32m[2019-12-14 18:43:08 DEBUG	vault_processor][39m\nCustID: 274380001085539
Name: N/A
TradeChannel: HFS Small T.G.
hash: 29a8e0dee123cb4c656db2e61501c87147d224d3d833b4157a4fac248a07031b
2019/12/14 | 18:43:08 | INFO | [32m[2019-12-14 18:43:08 DEBUG	vault_processor][39m\nCustID: 274380001085562
Name: N/A
TradeChannel: HFS Small T.G.
hash: f18aed795203488e0156ad77f694a899af17744390f471d16412781e411150c0
2019/12/14 | 18:43:08 | INFO | [32m[2019-12-14 18:43:08 DEBUG	vault_processor][39m\nCustID: 274380001085864
Name: N/A
TradeChannel: HFS Small T.G.
hash: 7bb3d2302038acad3331fa5196d7e2b785f5c432d425643d8a292523a5d96131
2019/12/14 | 18:43:08 | INFO | [32m[2019-12-14 18:43:08 DEBUG	vault_processor][39m\nCustID: 274380001085919
Name: N/A
TradeChannel: HFS Small T.G.
hash: ebb2f8f0a84582ee78d1135c25dd81bfb3b1b8cbdd5ac65641252c1ad4df0b0c
2019/12/14 | 18:43:08 | INFO | [32m[2019-12-14 18:43:08 DEBUG	vault_processor][39m\nCustID: 274380001086226
Name: N/A
TradeChannel: HFS Small T.G.
hash: b8d845692d1201e12f7ec4c6000a21370db4aff689494eac7724d75adb28d95a
2019/12/14 | 18:43:08 | INFO | [32m[2019-12-14 18:43:08 DEBUG	vault_processor][39m\nCustID: 274380001087700
Name: N/A
TradeChannel: HFS Small T.G.
hash: 04790946a9bac80a0cc1a0728cbe052337cfb8e3da85a73190b4ed2d68d00307
2019/12/14 | 18:43:08 | INFO | [32m[2019-12-14 18:43:08 DEBUG	vault_processor][39m\nCustID: 274380001088086
Name: N/A
TradeChannel: HFS Small T.G.
hash: 136bbea5c66fbc41312899db7a13835dfcc45e4a518d0ca51c923d9b8c64aa08
2019/12/14 | 18:43:08 | INFO | [32m[2019-12-14 18:43:08 DEBUG	vault_processor][39m\nCustID: 274380001089084
Name: N/A
TradeChannel: HFS Small T.G.
hash: 00f9a07f68d28f9b870608827762bf4b25dc947b91074ad1adaf90829921cf74
2019/12/14 | 18:43:08 | INFO | [32m[2019-12-14 18:43:08 DEBUG	vault_processor][39m\nCustID: 274380001085326
Name: siadliat ruh altadawi
TradeChannel: RVO Pharma
hash: 15b1816daeb7a70b374845315e2bdfc663e3bc940c9a3ef5d02d0b8167f87644
2019/12/14 | 18:43:08 | INFO | [32m[2019-12-14 18:43:08 DEBUG	vault_processor][39m\nCustID: 274380001089092
Name: N/A
TradeChannel: HFS Small T.G.
hash: 72bb0a0acc1e30667a577d57d84693a484501e6257baefb94af2bd576c94fc1b
2019/12/14 | 18:43:08 | INFO | [32m[2019-12-14 18:43:08 DEBUG	vault_processor][39m\nCustID: 274380001059954
Name: ALQANAA
TradeChannel: HFS Small T.G.
hash: 2dc540d0adc6d85064e42fea40a8f03e8997e7553e522574d01d30ab7b73073f
2019/12/14 | 18:43:08 | INFO | [32m[2019-12-14 18:43:08 DEBUG	vault_processor][39m\nCustID: 274380001089168
Name: N/A
TradeChannel: HFS Small T.G.
hash: 89c913a2cddf1387c77efcf6c7f6b50eead707dce14809c4cf2fcba0cbc5f317
2019/12/14 | 18:43:08 | INFO | [32m[2019-12-14 18:43:08 DEBUG	vault_processor][39m\nCustID: 274380001090142
Name: N/A
TradeChannel: HFS Small T.G.
hash: 7b0b10017694743780ed1a42f576ee6dea31f53e51853f59b0cf6ae2d0d9348b
2019/12/14 | 18:43:08 | INFO | [32m[2019-12-14 18:43:08 DEBUG	vault_processor][39m\nCustID: 274380001090156
Name: N/A
TradeChannel: HFS Small T.G.
hash: 2250e1dd5a88cdd385de305d0531b5714dd705b9b373c0965ed2e7d0d445326b
2019/12/14 | 18:43:08 | INFO | [32m[2019-12-14 18:43:08 DEBUG	vault_processor][39m\nCustID: 274380001090197
Name: N/A
TradeChannel: HFS Small T.G.
hash: 2704a3d1b6bbc630d6d62f162098dfa8837190bbd005f355d86f93555b8af6c1
2019/12/14 | 18:43:08 | INFO | [32m[2019-12-14 18:43:08 DEBUG	vault_processor][39m\nCustID: 274380001090264
Name: N/A
TradeChannel: HFS Small T.G.
hash: 56a34320c4d8b28e7a134cecd6cb934b80e719616fbee70926c82be7218458ea
Continuing to vault_processor.1576348988335.log
