******************************************************************************************
**
** Perfect Logger Logging System
** Application Version          : 1.0
** Perfect-Logger Version       : 1.5.2
** Application Start Time (UTC) : 18:40:00 2019/12/14
**
** Copyright 2018 Team whileLOOP
**
******************************************************************************************
**
** Log Number               : #3
** Continuing from Log File : vault_processor.1576348825990.log
** Log Start Time (UTC)     : 18:40:25 2019/12/14
**
******************************************************************************************
2019/12/14 | 18:40:25 | INFO | [32m[2019-12-14 18:40:25 DEBUG	vault_processor][39m\nCustID: 274380001099462
Name: N/A
TradeChannel: N/A
hash: 101442ad6517d35bd01b8d1e488866cc6eb56aec00c801c50882c87bfada0877
2019/12/14 | 18:40:25 | INFO | [32m[2019-12-14 18:40:25 DEBUG	vault_processor][39m\nCustID: 274380001099545
Name: N/A
TradeChannel: N/A
hash: 06e285a6cf79c0950e64a6f8fdf0091c24e08ba435c34d4c97ecb6c6bfe6c932
2019/12/14 | 18:40:25 | INFO | [32m[2019-12-14 18:40:25 DEBUG	vault_processor][39m\nCustID: 274380001099696
Name: N/A
TradeChannel: N/A
hash: 8656006acdcea3b1f3b2cdcd283ee45f1a7a766774232ef32d1caf1a6b65eb60
2019/12/14 | 18:40:26 | INFO | [32m[2019-12-14 18:40:26 DEBUG	vault_processor][39m\nCustID: 274380001099838
Name: N/A
TradeChannel: N/A
hash: 1fbb86db18591010666504319bbd73b1ab8f930120ccae2cbcafc680d8b3f0e6
2019/12/14 | 18:40:26 | INFO | [32m[2019-12-14 18:40:26 DEBUG	vault_processor][39m\nCustID: 274380001099869
Name: N/A
TradeChannel: N/A
hash: a774c0cecbcf7ce60d97f644257c0983311a88129735c2beb35d64b54a9e9ad2
2019/12/14 | 18:40:26 | INFO | [32m[2019-12-14 18:40:26 DEBUG	vault_processor][39m\nCustID: 274380001099870
Name: N/A
TradeChannel: N/A
hash: 5c2201a47e65924d15a74ca165bfe8353bf22c5d52511aaa06631baf6828c3d2
2019/12/14 | 18:40:26 | INFO | [32m[2019-12-14 18:40:26 DEBUG	vault_processor][39m\nCustID: 274380001090907
Name: N/A
TradeChannel: N/A
hash: a4bfada5ece0386f342adb9ed4b18de853dbe1fc51beda70986b341000df3530
2019/12/14 | 18:40:26 | INFO | [32m[2019-12-14 18:40:26 DEBUG	vault_processor][39m\nCustID: 274380001091511
Name: N/A
TradeChannel: N/A
hash: 4a12c70e5881f9b144e69f8ed410b6b9fc199cbe2f5acb48d63737bfd0a46ba6
2019/12/14 | 18:40:26 | INFO | [32m[2019-12-14 18:40:26 DEBUG	vault_processor][39m\nCustID: 274380001092126
Name: N/A
TradeChannel: HFS Small T.G.
hash: cee5e883dcc134e278bd530c514bb39d641a2e41a13cb83f1647678fef73a113
2019/12/14 | 18:40:26 | INFO | [32m[2019-12-14 18:40:26 DEBUG	vault_processor][39m\nCustID: 274380001092612
Name: N/A
TradeChannel: HFS Small T.G.
hash: 577ec0149ed3f1e1d9581656cbac930294432dc4696e04a8575c9b90b0aa6315
2019/12/14 | 18:40:26 | INFO | [32m[2019-12-14 18:40:26 DEBUG	vault_processor][39m\nCustID: 274380001099871
Name: N/A
TradeChannel: N/A
hash: 796a415a8237f423f530e77c806982ff1b2c85152cc1a5f4c69f86c1ce97fd0e
2019/12/14 | 18:40:26 | INFO | [32m[2019-12-14 18:40:26 DEBUG	vault_processor][39m\nCustID: 274380001100020
Name: N/A
TradeChannel: N/A
hash: 9594cfaf62c520cfcb840bd6929e04dbbcf2d8ab79d3634acfe3f51ca8830308
2019/12/14 | 18:40:26 | INFO | [32m[2019-12-14 18:40:26 DEBUG	vault_processor][39m\nCustID: 274380001100132
Name: N/A
TradeChannel: N/A
hash: ec1c7aa87e3b5217d0f527cfb1930cd1db13417331d429df469b5a60058a3555
2019/12/14 | 18:40:26 | INFO | [32m[2019-12-14 18:40:26 DEBUG	vault_processor][39m\nCustID: 274380001100171
Name: N/A
TradeChannel: N/A
hash: 36d0dcaf23f9daac32117b797ee7c3029f8d6f18154a98c03a321f94901996e1
2019/12/14 | 18:40:26 | INFO | [32m[2019-12-14 18:40:26 DEBUG	vault_processor][39m\nCustID: 274380001100273
Name: N/A
TradeChannel: N/A
hash: 235f3690e855c5225b3b658c22a17be0d8d2cd0c740a45f74cc37c5aa38b8ad6
2019/12/14 | 18:40:26 | INFO | [32m[2019-12-14 18:40:26 DEBUG	vault_processor][39m\nCustID: 274380001100366
Name: N/A
TradeChannel: N/A
hash: f6b90bbf808322d1a95d0b7514d641702e0b3b2fa7876798a4efb2cbe7a3d14e
2019/12/14 | 18:40:26 | INFO | [32m[2019-12-14 18:40:26 DEBUG	vault_processor][39m\nCustID: 274380001100480
Name: N/A
TradeChannel: N/A
hash: 88c7fb2350ff19a0dae5e42d462c417215ed75c8115e9d572f825eada3fc7c46
2019/12/14 | 18:40:26 | INFO | [32m[2019-12-14 18:40:26 DEBUG	vault_processor][39m\nCustID: 274380001100502
Name: N/A
TradeChannel: N/A
hash: 9e76c53a186cc0f93e20af12b0d610ca7996361775e96a83f8b93a67c7a95bee
2019/12/14 | 18:40:26 | INFO | [32m[2019-12-14 18:40:26 DEBUG	vault_processor][39m\nCustID: 274380001098642
Name: N/A
TradeChannel: HFS Small T.G.
hash: b8473e8af4aa80c46920ee74b237bc9b665bddf24ff563a386d1aa92527faeda
2019/12/14 | 18:40:26 | INFO | [32m[2019-12-14 18:40:26 DEBUG	vault_processor][39m\nCustID: 274380001098666
Name: N/A
TradeChannel: HFS Small T.G.
hash: c7552f9a6903317e1479b92b68e7a6f1b8f8350227239d849b55e7da38d5bc52
2019/12/14 | 18:40:26 | INFO | [32m[2019-12-14 18:40:26 DEBUG	vault_processor][39m\nCustID: 274380001098729
Name: N/A
TradeChannel: HFS Small T.G.
hash: 1d32226ea7a8352db7e3f5e0a3c9085ce4ff79344fe0cae9ab0edfccda2a3f54
2019/12/14 | 18:40:26 | INFO | [32m[2019-12-14 18:40:26 DEBUG	vault_processor][39m\nCustID: 274380001098733
Name: N/A
TradeChannel: HFS Small T.G.
hash: fc8185f8604c0c0ef58788f1bca97a11a02af5a10c7e931aff67f2d758d0c198
2019/12/14 | 18:40:26 | INFO | [32m[2019-12-14 18:40:26 DEBUG	vault_processor][39m\nCustID: 274380001098791
Name: N/A
TradeChannel: HFS Small T.G.
hash: d1d82416628f314a90d720bfdcf30475d120796f14a8e684c28474d2ee6c829a
2019/12/14 | 18:40:26 | INFO | [32m[2019-12-14 18:40:26 DEBUG	vault_processor][39m\nCustID: 274380001098792
Name: N/A
TradeChannel: HFS Small T.G.
hash: 8d5a1a41d958dec9f786d137ae43c429d06d31834c899e2ce78f21131edc4589
2019/12/14 | 18:40:26 | INFO | [32m[2019-12-14 18:40:26 DEBUG	vault_processor][39m\nCustID: 274380001098794
Name: N/A
TradeChannel: HFS Small T.G.
hash: 3a1c3817976994ffc721a682096264fe932b6b4ea35fd757538620f488579ead
2019/12/14 | 18:40:26 | INFO | [32m[2019-12-14 18:40:26 DEBUG	vault_processor][39m\nCustID: 274380001098926
Name: N/A
TradeChannel: HFS Small T.G.
hash: f1a0dddc69c2272c32cc0b6c71039e17640c750982aaa5726f731536f84b30f7
2019/12/14 | 18:40:26 | INFO | [32m[2019-12-14 18:40:26 DEBUG	vault_processor][39m\nCustID: 274380001098941
Name: N/A
TradeChannel: HFS Small T.G.
hash: 53c3e431f30d8319f4f2db137184d697834a83dbe08a9e1f65e398d040675434
2019/12/14 | 18:40:26 | INFO | [32m[2019-12-14 18:40:26 DEBUG	vault_processor][39m\nCustID: 274380001098944
Name: N/A
TradeChannel: HFS Small T.G.
hash: e22b81916015b9675a164b9e368ed078fc6a6ea42621e40e75d2a66591fa7daa
2019/12/14 | 18:40:26 | INFO | [32m[2019-12-14 18:40:26 DEBUG	vault_processor][39m\nCustID: 274380001098949
Name: N/A
TradeChannel: HFS Small T.G.
hash: 68fe0e6a1dd836e6f809d9d209e772d6c85c035b085d3709678a6742dfded16e
2019/12/14 | 18:40:26 | INFO | [32m[2019-12-14 18:40:26 DEBUG	vault_processor][39m\nCustID: 274380001098954
Name: N/A
TradeChannel: HFS Small T.G.
hash: a6994a445c0ebda4165b60df05795a7882ae86718ea09d22d98affd1220dede5
2019/12/14 | 18:40:26 | INFO | [32m[2019-12-14 18:40:26 DEBUG	vault_processor][39m\nCustID: 274380001099002
Name: N/A
TradeChannel: HFS Small T.G.
hash: 16ac93739c120e174275285d215ef6eb443408785db91c7c80375ba424d4f413
2019/12/14 | 18:40:26 | INFO | [32m[2019-12-14 18:40:26 DEBUG	vault_processor][39m\nCustID: 274380001099010
Name: N/A
TradeChannel: HFS Small T.G.
hash: 3b0d86f2a6ff2e48619fb6feb722c50383a46a23d654641c28725843a6db1a0f
2019/12/14 | 18:40:26 | INFO | [32m[2019-12-14 18:40:26 DEBUG	vault_processor][39m\nCustID: 274380001099017
Name: N/A
TradeChannel: HFS Small T.G.
hash: ad77fb599f48ae272c770882825173cd020fa2982f7d3a767b8593e420e2ff72
2019/12/14 | 18:40:26 | INFO | [32m[2019-12-14 18:40:26 DEBUG	vault_processor][39m\nCustID: 274380001099141
Name: N/A
TradeChannel: HFS Small T.G.
hash: 3b79a2cc2879f185c4b8b7b06d008dd7da935517057157a5be8d697a8a86593d
2019/12/14 | 18:40:26 | INFO | [32m[2019-12-14 18:40:26 DEBUG	vault_processor][39m\nCustID: 274380001091813
Name: N/A
TradeChannel: HFS Small T.G.
hash: 45fa8f5ce7be6e198944b531112b130faf2619f6ec8e5de6785c1f91c46931fa
2019/12/14 | 18:40:26 | INFO | [32m[2019-12-14 18:40:26 DEBUG	vault_processor][39m\nCustID: 274380001091874
Name: N/A
TradeChannel: N/A
hash: 24bed8c5ebe7729370ee7b6cf576ca62bf3a90d0525c4725ab1c401279151dae
2019/12/14 | 18:40:26 | INFO | [32m[2019-12-14 18:40:26 DEBUG	vault_processor][39m\nCustID: 274380001091869
Name: N/A
TradeChannel: N/A
hash: 32f022dd97223762b26dc1a84f0873f90698bcd5d7868f232ac8d6a93d0e80b3
2019/12/14 | 18:40:26 | INFO | [32m[2019-12-14 18:40:26 DEBUG	vault_processor][39m\nCustID: 274380001094691
Name: N/A
TradeChannel: HFS Small T.G.
hash: b3543dc3b6304c93bdb20585e75ecfc002a159373218e91f90f35b9c9092d4b2
2019/12/14 | 18:40:26 | INFO | [32m[2019-12-14 18:40:26 DEBUG	vault_processor][39m\nCustID: 274380001095230
Name: N/A
TradeChannel: HFS Small T.G.
hash: b6fc01ef8bfd15c351bf2d263055285cf76b43da843cb8a95e6854693b357516
2019/12/14 | 18:40:26 | INFO | [32m[2019-12-14 18:40:26 DEBUG	vault_processor][39m\nCustID: 274380001095304
Name: N/A
TradeChannel: N/A
hash: 42c6251435719a1b240d58ab04378511e4ea119cab30f296bc0abe233cf2b5c6
2019/12/14 | 18:40:26 | INFO | [32m[2019-12-14 18:40:26 DEBUG	vault_processor][39m\nCustID: 274380001095314
Name: N/A
TradeChannel: HFS Small T.G.
hash: 20cffc9b6c62b28de2570f44f01340d57eaef2b6628bef7e87148a63065f330e
2019/12/14 | 18:40:26 | INFO | [32m[2019-12-14 18:40:26 DEBUG	vault_processor][39m\nCustID: 274380001095329
Name: N/A
TradeChannel: HFS Small T.G.
hash: 4cc9f8b9678d2b06948b687f155700722119ee2de8290db0a7ee46a9ebc276d6
2019/12/14 | 18:40:26 | INFO | [32m[2019-12-14 18:40:26 DEBUG	vault_processor][39m\nCustID: 274380001092561
Name: N/A
TradeChannel: N/A
hash: e522d5b805ee34a38cd8780ee533beb6f2ad8a7dc96deca77be4fc0339c01b33
2019/12/14 | 18:40:26 | INFO | [32m[2019-12-14 18:40:26 DEBUG	vault_processor][39m\nCustID: 274380001099238
Name: N/A
TradeChannel: HFS Small T.G.
hash: f1706d23daff1e791fa92376a247c1c50d56564384ec96beb61885e4af963623
2019/12/14 | 18:40:26 | INFO | [32m[2019-12-14 18:40:26 DEBUG	vault_processor][39m\nCustID: 274380001099240
Name: N/A
TradeChannel: HFS Small T.G.
hash: f27f87431354a8d44c2f1caa2a288127d767c8ba5bcb848b791408863854d9fc
2019/12/14 | 18:40:26 | INFO | [32m[2019-12-14 18:40:26 DEBUG	vault_processor][39m\nCustID: 274380001099244
Name: N/A
TradeChannel: HFS Small T.G.
hash: 2048bce9a38ac1529934673dbeeb3e1ade8cdd9924caa31550813519b69669a0
2019/12/14 | 18:40:26 | INFO | [32m[2019-12-14 18:40:26 DEBUG	vault_processor][39m\nCustID: 274380001099245
Name: N/A
TradeChannel: HFS Small T.G.
hash: 63d9aad292a0823f9b0cae81a31b864abde9e73dab56c6bd98c3531e3739e2d1
2019/12/14 | 18:40:26 | INFO | [32m[2019-12-14 18:40:26 DEBUG	vault_processor][39m\nCustID: 274380001099338
Name: N/A
TradeChannel: HFS Small T.G.
hash: a16c3ad8914d74d6ca60f9483841db6e116a86deddd406b48f451346905a847d
2019/12/14 | 18:40:26 | INFO | [32m[2019-12-14 18:40:26 DEBUG	vault_processor][39m\nCustID: 274380001099348
Name: N/A
TradeChannel: HFS Small T.G.
hash: d143c0eb571257e600a37758f9c4ee4828e3e25c074f923db735ab97b7686607
2019/12/14 | 18:40:26 | INFO | [32m[2019-12-14 18:40:26 DEBUG	vault_processor][39m\nCustID: 274380001099349
Name: N/A
TradeChannel: HFS Small T.G.
hash: 112b0770430efebce2a399a8d36878ccd3042de8d7bd1289967f877e449ed03e
2019/12/14 | 18:40:26 | INFO | [32m[2019-12-14 18:40:26 DEBUG	vault_processor][39m\nCustID: 274380001099350
Name: N/A
TradeChannel: HFS Small T.G.
hash: c2f0be1eb8fb26716e54af2230fe1763880d6e26a2aec1daf4f7cf39eb6fdef9
2019/12/14 | 18:40:26 | INFO | [32m[2019-12-14 18:40:26 DEBUG	vault_processor][39m\nCustID: 274380001099353
Name: N/A
TradeChannel: HFS Small T.G.
hash: 16a736806c31fec1c3ef26ee70c22f8ba3955dd5e9c2cdca7cc1ed135cd940ad
2019/12/14 | 18:40:26 | INFO | [32m[2019-12-14 18:40:26 DEBUG	vault_processor][39m\nCustID: 274380001099357
Name: N/A
TradeChannel: HFS Small T.G.
hash: ac58a0ea792e8dc218a10f8bb8bddb5a2a02e06f536c048b3504aa9d9189e623
2019/12/14 | 18:40:26 | INFO | [32m[2019-12-14 18:40:26 DEBUG	vault_processor][39m\nCustID: 274380001099358
Name: N/A
TradeChannel: HFS Small T.G.
hash: 8c2d7dac401e408807c0050e892d737b4318385081f0c22c65ab909a1c4ee805
2019/12/14 | 18:40:26 | INFO | [32m[2019-12-14 18:40:26 DEBUG	vault_processor][39m\nCustID: 274380001099364
Name: N/A
TradeChannel: HFS Small T.G.
hash: 87de0c03e0054340a7bbaaa40092951817caeb78157fbfff337a9f51ef8cad5c
2019/12/14 | 18:40:26 | INFO | [32m[2019-12-14 18:40:26 DEBUG	vault_processor][39m\nCustID: 274380001099363
Name: N/A
TradeChannel: HFS Small T.G.
hash: 26853396d6841405dfee8537d405b08a4c654dce0515e53aa6aba83e1a6ad1c7
2019/12/14 | 18:40:26 | INFO | [32m[2019-12-14 18:40:26 DEBUG	vault_processor][39m\nCustID: 274380001099365
Name: N/A
TradeChannel: HFS Small T.G.
hash: 77cea95479daf17d42e3e28217e075845e62ce16ab823c601dc475f84df8259f
2019/12/14 | 18:40:26 | INFO | [32m[2019-12-14 18:40:26 DEBUG	vault_processor][39m\nCustID: 274380001099395
Name: N/A
TradeChannel: N/A
hash: c07769a2e5f219ccea060a6fff5d07b32554cee481a8229d36d682c590531781
2019/12/14 | 18:40:26 | INFO | [32m[2019-12-14 18:40:26 DEBUG	vault_processor][39m\nCustID: 274380001099403
Name: N/A
TradeChannel: N/A
hash: be2eb22c2fcf7570117e3da9a476192222a73fbcde7c9cac000db8eee4f7b3cd
2019/12/14 | 18:40:26 | INFO | [32m[2019-12-14 18:40:26 DEBUG	vault_processor][39m\nCustID: 274380001099412
Name: N/A
TradeChannel: N/A
hash: 7be14cf667b3fde8a7320818ed806b8a625bac04888812f5b38a93daedb7b9a2
2019/12/14 | 18:40:26 | INFO | [32m[2019-12-14 18:40:26 DEBUG	vault_processor][39m\nCustID: 274380001099455
Name: N/A
TradeChannel: N/A
hash: e54b9758935d456c9056193401aa491a1f637a4aa47c3ece7637ac2e9682d3d6
2019/12/14 | 18:40:26 | INFO | [32m[2019-12-14 18:40:26 DEBUG	vault_processor][39m\nCustID: 274380001099491
Name: N/A
TradeChannel: N/A
hash: be113a77f07a3872f10f24da084640b1d7b4dc195adb326de8011a547d5d6b58
2019/12/14 | 18:40:26 | INFO | [32m[2019-12-14 18:40:26 DEBUG	vault_processor][39m\nCustID: 274380001099495
Name: N/A
TradeChannel: N/A
hash: 96e11c90b887c435015fd9c9d360e1aa95d408c3277f57ad9e01d8f379d030ae
2019/12/14 | 18:40:26 | INFO | [32m[2019-12-14 18:40:26 DEBUG	vault_processor][39m\nCustID: 274380001099500
Name: N/A
TradeChannel: N/A
hash: e108dc6c4f691e19666c393bf44f42d4647ea829a4e6c3b5a2016211dd615528
2019/12/14 | 18:40:26 | INFO | [32m[2019-12-14 18:40:26 DEBUG	vault_processor][39m\nCustID: 274380001063762
Name: ALHAFMON
TradeChannel: HFS Small T.G.
hash: 60cf8a1211ef6d7648736cbceb5d1c485edff1603fb92a00d5af497d48d73989
2019/12/14 | 18:40:26 | INFO | [32m[2019-12-14 18:40:26 DEBUG	vault_processor][39m\nCustID: 274380001063789
Name: MOHMAD MOBARAK
TradeChannel: HFS Small T.G.
hash: ca2408899182f884a8feaa24a5dfd6481969ab9a6782f91860f9eeb67f0b56af
2019/12/14 | 18:40:26 | INFO | [32m[2019-12-14 18:40:26 DEBUG	vault_processor][39m\nCustID: 274380001095483
Name: N/A
TradeChannel: HFS Small T.G.
hash: 91e95908fbefde157281c90ec203257389b886b5e04cdd1dd0fa035fba00f0eb
2019/12/14 | 18:40:26 | INFO | [32m[2019-12-14 18:40:26 DEBUG	vault_processor][39m\nCustID: 274380001095752
Name: N/A
TradeChannel: N/A
hash: 7a38fd7e132225b264863c4e9e76ad64c4739fb6434119e743e5ad5d29b2918e
2019/12/14 | 18:40:26 | INFO | [32m[2019-12-14 18:40:26 DEBUG	vault_processor][39m\nCustID: 274380001095851
Name: N/A
TradeChannel: N/A
hash: dfdddaa738ea954cdfbec99e4a3e5c0fac4d500ea075a1b8a012ac4b47dac1ac
2019/12/14 | 18:40:26 | INFO | [32m[2019-12-14 18:40:26 DEBUG	vault_processor][39m\nCustID: 274380001095975
Name: N/A
TradeChannel: N/A
hash: a67447f9885a2815c0e578e7452aa863af9df826393e4da11b75d5c252d4a42a
2019/12/14 | 18:40:26 | INFO | [32m[2019-12-14 18:40:26 DEBUG	vault_processor][39m\nCustID: 274380001096010
Name: N/A
TradeChannel: N/A
hash: 723cd3b227908740454214135500154101743bff19865546566bc90659864a7a
2019/12/14 | 18:40:26 | INFO | [32m[2019-12-14 18:40:26 DEBUG	vault_processor][39m\nCustID: 274380001100560
Name: N/A
TradeChannel: N/A
hash: cb01b7b43d089fa268d235ffb9c94c0099262b0d03717b8b1884afdccd0a78f7
2019/12/14 | 18:40:26 | INFO | [32m[2019-12-14 18:40:26 DEBUG	vault_processor][39m\nCustID: 274380001100571
Name: N/A
TradeChannel: N/A
hash: aceb0f4641b5642e7a2a857ed3c0f33a5881a8052980b610defd1a7cda937aee
2019/12/14 | 18:40:26 | INFO | [32m[2019-12-14 18:40:26 DEBUG	vault_processor][39m\nCustID: 274380001100635
Name: N/A
TradeChannel: N/A
hash: ef10ff9744f3cc39861ff71ad4508c2d508c5e2294b0a9c991f3f65d8bb16133
2019/12/14 | 18:40:26 | INFO | [32m[2019-12-14 18:40:26 DEBUG	vault_processor][39m\nCustID: 274380001100674
Name: N/A
TradeChannel: N/A
hash: 5b54c1e1fc9720ec2cace8b1936f1374800d84dc96c5cc1bc82bb2d9a082beaf
2019/12/14 | 18:40:26 | INFO | [32m[2019-12-14 18:40:26 DEBUG	vault_processor][39m\nCustID: 274380001100703
Name: N/A
TradeChannel: N/A
hash: dcce195779906d7471d0a4b84f28a3406950ac3d0e9f8e556901a09c96ae7cf4
2019/12/14 | 18:40:26 | INFO | [32m[2019-12-14 18:40:26 DEBUG	vault_processor][39m\nCustID: 274380001100689
Name: N/A
TradeChannel: N/A
hash: d3fd3db0a5b3db50da06e47260d22c4ed36f220600482c3bec796049e1ae7e94
2019/12/14 | 18:40:26 | INFO | [32m[2019-12-14 18:40:26 DEBUG	vault_processor][39m\nCustID: 274380001100638
Name: N/A
TradeChannel: N/A
hash: aa73f6f26f317d5b002f8574991ece1c02040af2d30989af4f12fe399b05ff23
2019/12/14 | 18:40:26 | INFO | [32m[2019-12-14 18:40:26 DEBUG	vault_processor][39m\nCustID: 274380001100706
Name: N/A
TradeChannel: N/A
hash: 05ce84b2a1b92fcb39a553179bff8b1a1d087e8f9790c8f7d12e735f4074245d
2019/12/14 | 18:40:26 | INFO | [32m[2019-12-14 18:40:26 DEBUG	vault_processor][39m\nCustID: 274380001099524
Name: N/A
TradeChannel: N/A
hash: ec05bff9f9e080359f7902eb0ea65e59f9134d11f8afc287678d03123a90bc87
2019/12/14 | 18:40:26 | INFO | [32m[2019-12-14 18:40:26 DEBUG	vault_processor][39m\nCustID: 274380001099526
Name: N/A
TradeChannel: N/A
hash: a2e103c355f0441d58a60b598df788d52a900adf58f0174a55b70b7a8050ce23
2019/12/14 | 18:40:26 | INFO | [32m[2019-12-14 18:40:26 DEBUG	vault_processor][39m\nCustID: 274380001099560
Name: N/A
TradeChannel: N/A
hash: 317493edb9aa54c4b045402a0a36609b07d34070c3adb7e1193a91ef910da3cd
2019/12/14 | 18:40:26 | INFO | [32m[2019-12-14 18:40:26 DEBUG	vault_processor][39m\nCustID: 274380001099586
Name: N/A
TradeChannel: N/A
hash: 5378c29399ec98972793ec84a29c1131c24394bd8a1f06f47332c5b4e8eb0756
2019/12/14 | 18:40:26 | INFO | [32m[2019-12-14 18:40:26 DEBUG	vault_processor][39m\nCustID: 274380001099764
Name: N/A
TradeChannel: N/A
hash: 379dc595a9064fc4b88baafe92218c6cae7708cb6e3d3696391fa8e0e45c8d37
2019/12/14 | 18:40:26 | INFO | [32m[2019-12-14 18:40:26 DEBUG	vault_processor][39m\nCustID: 274380001099765
Name: N/A
TradeChannel: HFS Small T.G.
hash: ccc587379c3342254bf67c5da1c5fe9bf013c5d97b9cba8aed030418ab34df9a
2019/12/14 | 18:40:26 | INFO | [32m[2019-12-14 18:40:26 DEBUG	vault_processor][39m\nCustID: 274380001099771
Name: N/A
TradeChannel: HFS Small T.G.
hash: 23ffb654b8166a4437ab3e6a277a9e8c5ada5e31c7722e05f5b8c62005fb3311
2019/12/14 | 18:40:26 | INFO | [32m[2019-12-14 18:40:26 DEBUG	vault_processor][39m\nCustID: 274380001099788
Name: N/A
TradeChannel: N/A
hash: 0395f3f6d4721d523647a8e573700ea0ba8965a2def31e3e0169a817c2b19057
2019/12/14 | 18:40:26 | INFO | [32m[2019-12-14 18:40:26 DEBUG	vault_processor][39m\nCustID: 274380001099834
Name: N/A
TradeChannel: N/A
hash: ef1c783334c06717b7b9438384d9f3464081e0c599ee4b23623fb8d7c92e3fbd
2019/12/14 | 18:40:26 | INFO | [32m[2019-12-14 18:40:26 DEBUG	vault_processor][39m\nCustID: 274380001099853
Name: N/A
TradeChannel: N/A
hash: 3a2eaa89888ca427fdf0f65b056f43df3e2e4a7801c7dd4293ab11b973751411
2019/12/14 | 18:40:26 | INFO | [32m[2019-12-14 18:40:26 DEBUG	vault_processor][39m\nCustID: 274380001099911
Name: N/A
TradeChannel: N/A
hash: 55aefb6440535249a5f84b7d673a10565904dfc25abf8083fb6e509321eb0891
2019/12/14 | 18:40:26 | INFO | [32m[2019-12-14 18:40:26 DEBUG	vault_processor][39m\nCustID: 274380001099910
Name: N/A
TradeChannel: N/A
hash: 452546220cafb3e6430fe1c255f774b6abdff0d4606eb19e47eb1a63b5d27e01
2019/12/14 | 18:40:26 | INFO | [32m[2019-12-14 18:40:26 DEBUG	vault_processor][39m\nCustID: 274380001099912
Name: N/A
TradeChannel: N/A
hash: c921dd09dcb12d9459f56932434fd1dab3afb449eb94f367aaa6951230ccdc55
2019/12/14 | 18:40:26 | INFO | [32m[2019-12-14 18:40:26 DEBUG	vault_processor][39m\nCustID: 274380001099873
Name: N/A
TradeChannel: HFS Small T.G.
hash: 26e9c0af76527b5e5b3ea8ae77d050b943cdfd0cc0460cebe8291579108dd913
2019/12/14 | 18:40:26 | INFO | [32m[2019-12-14 18:40:26 DEBUG	vault_processor][39m\nCustID: 274380001099909
Name: N/A
TradeChannel: N/A
hash: 6a1624592313d1a78fad0094e2440cb871230981efddbb5525dab841be1c0806
2019/12/14 | 18:40:26 | INFO | [32m[2019-12-14 18:40:26 DEBUG	vault_processor][39m\nCustID: 274380001099146
Name: N/A
TradeChannel: HFS Small T.G.
hash: 018947070ccdb166cc15993eabe2bdc49e12a28ca1de1868011882d3b349f57b
2019/12/14 | 18:40:26 | INFO | [32m[2019-12-14 18:40:26 DEBUG	vault_processor][39m\nCustID: 274380001099913
Name: N/A
TradeChannel: N/A
hash: 80fea092ebe1a0727ffb98abfb20ac983b62efbb44f31200a4b849a95f34a46c
2019/12/14 | 18:40:26 | INFO | [32m[2019-12-14 18:40:26 DEBUG	vault_processor][39m\nCustID: 274380001092705
Name: N/A
TradeChannel: HFS Small T.G.
hash: 18158ce9697ce5af7371c6658cbede8a5506259afef71bb1660daa81352d8adc
2019/12/14 | 18:40:26 | INFO | [32m[2019-12-14 18:40:26 DEBUG	vault_processor][39m\nCustID: 274380001092803
Name: N/A
TradeChannel: HFS Small T.G.
hash: afbfe1c7c41d1c980306880e4c4e85370fe6c7694e2b97a788458aa62d79989c
2019/12/14 | 18:40:26 | INFO | [32m[2019-12-14 18:40:26 DEBUG	vault_processor][39m\nCustID: 274380001096453
Name: N/A
TradeChannel: N/A
hash: 5c1cb41790ede46a822baf76aac0230c2537f939663088d98d37890207fe7e07
2019/12/14 | 18:40:26 | INFO | [32m[2019-12-14 18:40:26 DEBUG	vault_processor][39m\nCustID: 274380001099236
Name: N/A
TradeChannel: HFS Small T.G.
hash: e21e9a36a67ab201d356429af821794ee80599132b6d37f11342478fbf28d94f
2019/12/14 | 18:40:26 | INFO | [32m[2019-12-14 18:40:26 DEBUG	vault_processor][39m\nCustID: 274380001099237
Name: N/A
TradeChannel: HFS Small T.G.
hash: 966c585aaa78b9f7e570de9022c531d13739398a0aa3f882f101ce61783c73cd
Continuing to vault_processor.1576348828328.log
