******************************************************************************************
**
** Perfect Logger Logging System
** Application Version          : 1.0
** Perfect-Logger Version       : 1.5.2
** Application Start Time (UTC) : 18:40:00 2019/12/14
**
** Copyright 2018 Team whileLOOP
**
******************************************************************************************
**
** Log Number               : #29
** Continuing from Log File : vault_processor.1576348958315.log
** Log Start Time (UTC)     : 18:42:38 2019/12/14
**
******************************************************************************************
2019/12/14 | 18:42:38 | INFO | [32m[2019-12-14 18:42:38 DEBUG	vault_processor][39m\nCustID: 274380001054091
Name: BIN HMOD
TradeChannel: HFS Small T.G.
hash: 3a8cb25d229f3a341bacd4299bfaf077a8a57f449d55795809bf850de81d8f4a
2019/12/14 | 18:42:38 | INFO | [32m[2019-12-14 18:42:38 DEBUG	vault_processor][39m\nCustID: 274380001054150
Name: ALAILAH STORE
TradeChannel: HFS Small T.G.
hash: 16b8b4fc02738c8379c4bdfe2694d3e43a1b1e1f8de14d30f86c3b29f7e726da
2019/12/14 | 18:42:38 | INFO | [32m[2019-12-14 18:42:38 DEBUG	vault_processor][39m\nCustID: 274380001054161
Name: ALKHAIR
TradeChannel: HFS Small T.G.
hash: 672b79be5b7464c84a184109dbcea79d94c9a3e5409a162259aab23bb1263a95
2019/12/14 | 18:42:38 | INFO | [32m[2019-12-14 18:42:38 DEBUG	vault_processor][39m\nCustID: 274380001054446
Name: ALMNAR
TradeChannel: HFS Small T.G.
hash: 8b074f671aa01ec905883133a8c294532511302e310f023751a0a16727fab75f
2019/12/14 | 18:42:38 | INFO | [32m[2019-12-14 18:42:38 DEBUG	vault_processor][39m\nCustID: 274380001055020
Name: Sama
TradeChannel: HFS Small T.G.
hash: 3fb6eb53fe0d01390a8f967e24ef95efb9f7cc9ba1c307c6c3039220d5025ac6
2019/12/14 | 18:42:38 | INFO | [32m[2019-12-14 18:42:38 DEBUG	vault_processor][39m\nCustID: 274380001055175
Name: MARAHIB
TradeChannel: HFS Small T.G.
hash: 0fc81f345986f5d1338e5c11d213b203371d6cd16a1f9d2f8196c9f4d9d9ef5a
2019/12/14 | 18:42:38 | INFO | [32m[2019-12-14 18:42:38 DEBUG	vault_processor][39m\nCustID: 274380001055544
Name: SALAT ALAIELAH
TradeChannel: HFS Small T.G.
hash: dcad3aad61d064d6e1e94aaa069a8f1364a3d2c086e92913790ae397410bd76e
2019/12/14 | 18:42:38 | INFO | [32m[2019-12-14 18:42:38 DEBUG	vault_processor][39m\nCustID: 274380001055610
Name: MAKHBAZ ALNAHDAH 2
TradeChannel: Grocery A T.G
hash: d055fa3330b980ccbec63e9f5941287d0bed7580f9fc3f8bb5d55e456875bd80
2019/12/14 | 18:42:38 | INFO | [32m[2019-12-14 18:42:38 DEBUG	vault_processor][39m\nCustID: 274380001047814
Name: AHAD STORES
TradeChannel: HFS Small T.G.
hash: 8e5aab3d237f8d87dcf85615dd5b541b06e7cf15f9431aca904d1584cf69260f
2019/12/14 | 18:42:38 | INFO | [32m[2019-12-14 18:42:38 DEBUG	vault_processor][39m\nCustID: 274380001083693
Name: N/A
TradeChannel: HFS Small T.G.
hash: 1ab511d7985a1486ac160910ef9eb0995f0a9414af96ba54d4c81f8d3a4777bc
2019/12/14 | 18:42:38 | INFO | [32m[2019-12-14 18:42:38 DEBUG	vault_processor][39m\nCustID: 274380001090495
Name: siadliat eubayr aldiwa
TradeChannel: RVO Pharma
hash: 02cfc302277e5d6b00cf923d51893ffc9d2512b33e82db23c6c60ad1836c98f9
2019/12/14 | 18:42:38 | INFO | [32m[2019-12-14 18:42:38 DEBUG	vault_processor][39m\nCustID: 274380001056032
Name: ALSHALALAH
TradeChannel: HFS Small T.G.
hash: bb313a7959a385ee821d12046402650e52ec8e3284846ca7fc80118477f44371
2019/12/14 | 18:42:38 | INFO | [32m[2019-12-14 18:42:38 DEBUG	vault_processor][39m\nCustID: 274380001056034
Name: ALRAYED
TradeChannel: HFS Small T.G.
hash: b15010281a2bab2cf8ad740744a1e8f784ea3b21bf7b88809eb75ed0aa5ff924
2019/12/14 | 18:42:38 | INFO | [32m[2019-12-14 18:42:38 DEBUG	vault_processor][39m\nCustID: 274380001056035
Name: ALTAMIMI 1
TradeChannel: HFS Small T.G.
hash: 5af7cc87f916e0e9f5bf874ef2351b783d29e12c9537156bdfe1b2dfda0b46de
2019/12/14 | 18:42:38 | INFO | [32m[2019-12-14 18:42:38 DEBUG	vault_processor][39m\nCustID: 274380001056052
Name: ASWAQ DIORRAT ALBAWADI
TradeChannel: HFS Small T.G.
hash: b81cdd7961c073a926c73e7c754a2190bac3f9c78ac65cab949a4413fa51189b
2019/12/14 | 18:42:38 | INFO | [32m[2019-12-14 18:42:38 DEBUG	vault_processor][39m\nCustID: 274380001056056
Name: ALTASAMUH
TradeChannel: HFS Small T.G.
hash: a416069bfd8390a8fd058029344df76aff739dc0a5f864cc599476a86a7cf3e2
2019/12/14 | 18:42:38 | INFO | [32m[2019-12-14 18:42:38 DEBUG	vault_processor][39m\nCustID: 274380001056057
Name: OMAR
TradeChannel: HFS Small T.G.
hash: 00c2a5450a95fe5836f8c7a5e189d698afabdc48844b18f2ac16aca4073d3393
2019/12/14 | 18:42:38 | INFO | [32m[2019-12-14 18:42:38 DEBUG	vault_processor][39m\nCustID: 274380001056060
Name: ALSALAM
TradeChannel: HFS Small T.G.
hash: d7db31a25a13f5738f45c2e95537560da0a6b5a211aa28ab7f5c0cbbbfb6cc55
2019/12/14 | 18:42:38 | INFO | [32m[2019-12-14 18:42:38 DEBUG	vault_processor][39m\nCustID: 274380001056168
Name: AL BALSAM PHARMACY
TradeChannel: Pharma Tier 3
hash: ee8af84f14bc74fc6cb25379895eba6a03bf857828d7a9e0d54a0362d4923260
2019/12/14 | 18:42:38 | INFO | [32m[2019-12-14 18:42:38 DEBUG	vault_processor][39m\nCustID: 274380001056294
Name: ALFALAK 511
TradeChannel: HFS Small T.G.
hash: 8496f0c54a528c3a23d91f8ca521529ab781ccdbd06d6324c27bc4952a84794f
2019/12/14 | 18:42:38 | INFO | [32m[2019-12-14 18:42:38 DEBUG	vault_processor][39m\nCustID: 274380001056352
Name: NAHDI MEDICAL COMPANY
TradeChannel: Pharma Tier 1
hash: cd2eb8d9140c1942563ca224fa0653cbda1d233a449971d3ef64ec158bc5132d
2019/12/14 | 18:42:38 | INFO | [32m[2019-12-14 18:42:38 DEBUG	vault_processor][39m\nCustID: 274380001061499
Name: ALANKI EST.
TradeChannel: HFS Small T.G.
hash: e88230d4adb56c32cbd8042cccfc6ac9b9569db16092cce4ff1bb9db4a3543f7
2019/12/14 | 18:42:38 | INFO | [32m[2019-12-14 18:42:38 DEBUG	vault_processor][39m\nCustID: 274380001086882
Name: N/A
TradeChannel: HFS Small T.G.
hash: 601189ef44155f081f03dc3c1348ea77782430d41df334e53921b7499a4cd8dc
2019/12/14 | 18:42:38 | INFO | [32m[2019-12-14 18:42:38 DEBUG	vault_processor][39m\nCustID: 274380001067769
Name: mashal abdala 1
TradeChannel: HFS Small T.G.
hash: a03c14ea1fac979b5f9773e7d691b05f356f2c24d088d7212967a718818e3e5d
2019/12/14 | 18:42:38 | INFO | [32m[2019-12-14 18:42:38 DEBUG	vault_processor][39m\nCustID: 274380001044628
Name: HESAH MZEED ALHARETHI
TradeChannel: HFS Small T.G.
hash: dda67753ec1852963bf04e75b7e011f892386254236299d44ba51e13ad9f1658
2019/12/14 | 18:42:38 | INFO | [32m[2019-12-14 18:42:38 DEBUG	vault_processor][39m\nCustID: 274380001082847
Name: N/A
TradeChannel: HFS Small T.G.
hash: 787bbe5c4ff968cf5b1e8acb842391173ec8329d31f4ee83d9c1810832ecbb6d
2019/12/14 | 18:42:38 | INFO | [32m[2019-12-14 18:42:38 DEBUG	vault_processor][39m\nCustID: 274380001048159
Name: TAMWINAT ALSALAM
TradeChannel: HFS Small T.G.
hash: 3ee8f0b1d740163f3b7b308cca877212ea59c3890a1b8d816b9a3f8c11fbcc18
2019/12/14 | 18:42:38 | INFO | [32m[2019-12-14 18:42:38 DEBUG	vault_processor][39m\nCustID: 274380001068287
Name: tmweenat alkwkab
TradeChannel: HFS Small T.G.
hash: e12a987bdeaa0c77eaa59dbaa807c8363a010381992c9abb81305fd43760aa70
2019/12/14 | 18:42:38 | INFO | [32m[2019-12-14 18:42:38 DEBUG	vault_processor][39m\nCustID: 274380001056800
Name: ALSAMER
TradeChannel: HFS Small T.G.
hash: 7a5a343b80e4a7f18775fadc8f56d7b8c1713f10d4193229549f3fa1043d9239
2019/12/14 | 18:42:38 | INFO | [32m[2019-12-14 18:42:38 DEBUG	vault_processor][39m\nCustID: 274380001067758
Name: muhammed abdalh salih
TradeChannel: HFS Small T.G.
hash: 5e5d6a6ff56c9ee94aaccf5587b6a14df5a756c395c218cba1159ddce0d78fe5
2019/12/14 | 18:42:38 | INFO | [32m[2019-12-14 18:42:38 DEBUG	vault_processor][39m\nCustID: 274380001056829
Name: MANSOUR NASIR ALSHAMRANI
TradeChannel: HFS Small T.G.
hash: 69c054bb17ae21b57eaa68459baaa1e1784158f44d81180b9c5abfb90f09eb52
2019/12/14 | 18:42:38 | INFO | [32m[2019-12-14 18:42:38 DEBUG	vault_processor][39m\nCustID: 274380001056958
Name: ALMAALI
TradeChannel: HFS Small T.G.
hash: 7110286ebaa47c6a8e2302e792e868232fc606e7d8c338bb6cf89c17006f4097
2019/12/14 | 18:42:38 | INFO | [32m[2019-12-14 18:42:38 DEBUG	vault_processor][39m\nCustID: 274380001057627
Name: ALMONTAZAH 4
TradeChannel: HFS Small T.G.
hash: 3f6cb97a6f25631a51c43f27ef2f69c769320038651fac94b658b55965816fd7
2019/12/14 | 18:42:38 | INFO | [32m[2019-12-14 18:42:38 DEBUG	vault_processor][39m\nCustID: 274380001057639
Name: ALNAAM
TradeChannel: HFS Small T.G.
hash: 26af017e5f1ce92fb99d8aba636ccdbabc6985d12c01b12667b979aba5799d2d
2019/12/14 | 18:42:38 | INFO | [32m[2019-12-14 18:42:38 DEBUG	vault_processor][39m\nCustID: 274380001057968
Name: ALREHAYA
TradeChannel: HFS Small T.G.
hash: 8e71724e91aaaee2f3bfd508622e8ae4e21d73a9a631ec2ccaa2bc18d1a87f37
2019/12/14 | 18:42:38 | INFO | [32m[2019-12-14 18:42:38 DEBUG	vault_processor][39m\nCustID: 274380001057994
Name: KHALED
TradeChannel: HFS Small T.G.
hash: 9685e0bc9c9c2f4d5397667b86f3eb0e62ca05de3780a2e2f8f7a9acdd2d5ab7
2019/12/14 | 18:42:38 | INFO | [32m[2019-12-14 18:42:38 DEBUG	vault_processor][39m\nCustID: 274380001058116
Name: ALATAA
TradeChannel: HFS Small T.G.
hash: 8b54ed48115dabd02e486a4233b76f5b197536d5c6ae583c41d48839f4a6caeb
2019/12/14 | 18:42:38 | INFO | [32m[2019-12-14 18:42:38 DEBUG	vault_processor][39m\nCustID: 274380001058297
Name: NAJD
TradeChannel: HFS Small T.G.
hash: f62fb94c26f2a934759d99d5ba4b70c5fd0ca8bbaa61e794f1401f82071dbcd6
2019/12/14 | 18:42:38 | INFO | [32m[2019-12-14 18:42:38 DEBUG	vault_processor][39m\nCustID: 274380001058441
Name: ALWAFA CENTER
TradeChannel: HFS Small T.G.
hash: 1ad230965a1eb788ee1b5d3c467c8def586c332cacce3ee55da3b16c43f28806
2019/12/14 | 18:42:38 | INFO | [32m[2019-12-14 18:42:38 DEBUG	vault_processor][39m\nCustID: 274380001058509
Name: ALNASERAH
TradeChannel: HFS Small T.G.
hash: 980c5368118fd7870728ec9a1f3490315659d8c5c554b70471e9359d564e391d
2019/12/14 | 18:42:38 | INFO | [32m[2019-12-14 18:42:38 DEBUG	vault_processor][39m\nCustID: 274380001058511
Name: ALSAFA
TradeChannel: HFS Small T.G.
hash: 76f5a6c6f0c261e6dc62390c001b10d8552a4d1c8352ded684dcc98fa1e41446
2019/12/14 | 18:42:38 | INFO | [32m[2019-12-14 18:42:38 DEBUG	vault_processor][39m\nCustID: 274380001048719
Name: RANIYA MARKET LILMAWAD ALGADAEYAH
TradeChannel: HFS Small T.G.
hash: 9388bb2f6703ec2a119aea1c3e29296fd22f431a34090f0fb51adc05534bf0b2
2019/12/14 | 18:42:38 | INFO | [32m[2019-12-14 18:42:38 DEBUG	vault_processor][39m\nCustID: 274380001058783
Name: ALBAREH
TradeChannel: HFS Small T.G.
hash: 287c5fe2c0098476d741e3ce3a352cbe93c9becd3f356b902992b799ee2aec1a
2019/12/14 | 18:42:38 | INFO | [32m[2019-12-14 18:42:38 DEBUG	vault_processor][39m\nCustID: 274380001048744
Name: MOADED SALEM
TradeChannel: HFS Small T.G.
hash: 10618a7e4fd12de7461dedaf9ecbd43aa0ffe3092703997755a3df110249a77d
2019/12/14 | 18:42:38 | INFO | [32m[2019-12-14 18:42:38 DEBUG	vault_processor][39m\nCustID: 274380001049362
Name: ALUSRAH
TradeChannel: HFS Small T.G.
hash: 1b9094fea2fda5edb6b77bc509a7da5e491bf66ce8175923c032fad2d53bf638
2019/12/14 | 18:42:38 | INFO | [32m[2019-12-14 18:42:38 DEBUG	vault_processor][39m\nCustID: 274380001049697
Name: ABO FAISAL STORE
TradeChannel: HFS Small T.G.
hash: f12150fd98b9f2af89a89c3de57af8bb99b0fa0903d8ee72bbd11ad5869c9585
2019/12/14 | 18:42:38 | INFO | [32m[2019-12-14 18:42:38 DEBUG	vault_processor][39m\nCustID: 274380001049872
Name: ALESTEERAD
TradeChannel: HFS Small T.G.
hash: 65b8d19e30143036a8c4b62d465558e413bb24e7fbd3c2e0c389125ad740c6dc
2019/12/14 | 18:42:38 | INFO | [32m[2019-12-14 18:42:38 DEBUG	vault_processor][39m\nCustID: 274380001049903
Name: SALEM
TradeChannel: HFS Small T.G.
hash: fda6063c1a270dc5b4a2fc6404e75e11e072df3dad31b855b3cb1db238db52b9
2019/12/14 | 18:42:38 | INFO | [32m[2019-12-14 18:42:38 DEBUG	vault_processor][39m\nCustID: 274380001044563
Name: OBID SALEM ALHARBI
TradeChannel: HFS Small T.G.
hash: 935243983a845f798cdfe1fd9e04ba1865ebaf27bb18f4de75082ed22fa1fcef
2019/12/14 | 18:42:38 | INFO | [32m[2019-12-14 18:42:38 DEBUG	vault_processor][39m\nCustID: 274380001050116
Name: MINI MARKET ALJOUD
TradeChannel: HFS Small T.G.
hash: 09ae5f1966006b8e4745392f94772aeb66e9a6b85cbbb731869691f010fa515b
2019/12/14 | 18:42:38 | INFO | [32m[2019-12-14 18:42:38 DEBUG	vault_processor][39m\nCustID: 274380001050294
Name: ALBARJES
TradeChannel: HFS Small T.G.
hash: c00dd6399716d01838cf21bbf47ed574e02aaf49bea01a626d036429b9ae9719
2019/12/14 | 18:42:38 | INFO | [32m[2019-12-14 18:42:38 DEBUG	vault_processor][39m\nCustID: 274380001050296
Name: ZAHRET AJA 2
TradeChannel: HFS Small T.G.
hash: 98c15ff864b5f19348e6c21995e81716464fb95108f6f1cd3329e98e85a3722d
2019/12/14 | 18:42:38 | INFO | [32m[2019-12-14 18:42:38 DEBUG	vault_processor][39m\nCustID: 274380001050329
Name: ALRAKHAA
TradeChannel: HFS Small T.G.
hash: db2bf1940869d1512f8dbc37df4dadd4664f804d86efdc0a441987cca54b0436
2019/12/14 | 18:42:38 | INFO | [32m[2019-12-14 18:42:38 DEBUG	vault_processor][39m\nCustID: 274380001050662
Name: ALMADINAH
TradeChannel: HFS Small T.G.
hash: 49cf495748aa12d5a0e50e96d61aa2b772bc92aaa60865fbada22eeec8812421
2019/12/14 | 18:42:38 | INFO | [32m[2019-12-14 18:42:38 DEBUG	vault_processor][39m\nCustID: 274380001050331
Name: ALMONTAZAH 7
TradeChannel: HFS Small T.G.
hash: 96b1f2a6c5a09db2036cbc0075d338b9331ddb98c92b7422e22be23b8173c3e5
2019/12/14 | 18:42:38 | INFO | [32m[2019-12-14 18:42:38 DEBUG	vault_processor][39m\nCustID: 274380001069429
Name: alsalmaia
TradeChannel: HFS Small T.G.
hash: 9b8ecc524838e9ce47ecc55aa6a7a978107e96536b821d1b89b81bd192cd849a
2019/12/14 | 18:42:38 | INFO | [32m[2019-12-14 18:42:38 DEBUG	vault_processor][39m\nCustID: 274380001051164
Name: ALZAMIL
TradeChannel: HFS Small T.G.
hash: 6fe5dcfbae735f172c3e91363c82d3e95d7e7a7887ff53081a1ff36bc29b997b
2019/12/14 | 18:42:38 | INFO | [32m[2019-12-14 18:42:38 DEBUG	vault_processor][39m\nCustID: 274380001061198
Name: ALFATH
TradeChannel: HFS Small T.G.
hash: be94b2de557fda6fddc78be469d1167ba1e75ae26e69c7f6e205c3639c357cc1
2019/12/14 | 18:42:38 | INFO | [32m[2019-12-14 18:42:38 DEBUG	vault_processor][39m\nCustID: 274380001050900
Name: ROBA STORE
TradeChannel: HFS Small T.G.
hash: 60c22d583cb1fd044aa631c647dfb3bcb02aae089398e90da1d00d6baa62ea8d
Continuing to vault_processor.1576348960180.log
