******************************************************************************************
**
** Perfect Logger Logging System
** Application Version          : 1.0
** Perfect-Logger Version       : 1.5.2
** Application Start Time (UTC) : 18:49:52 2019/12/14
**
** Copyright 2018 Team whileLOOP
**
******************************************************************************************
**
** Log Number               : #110
** Continuing from Log File : vault_processor.1576349748117.log
** Log Start Time (UTC)     : 18:55:48 2019/12/14
**
******************************************************************************************
2019/12/14 | 18:55:48 | INFO | [32m[2019-12-14 18:55:48 DEBUG	vault_processor][39m\nCustID: 274380001100858
Name: N/A
TradeChannel: N/A
hash: b42bc41f0ddf6e0bc00ee76b237f3f58f54fe41b0f95a61cb08fabab4a3909aa
2019/12/14 | 18:55:48 | INFO | [32m[2019-12-14 18:55:48 DEBUG	vault_processor][39m\nCustID: 274380001100859
Name: N/A
TradeChannel: N/A
hash: ddb0fb847390a358780750f76c0b7932423fb188104e24a78e6fe860fedac349
2019/12/14 | 18:55:48 | INFO | [32m[2019-12-14 18:55:48 DEBUG	vault_processor][39m\nCustID: 274380001100861
Name: N/A
TradeChannel: N/A
hash: 8b4eb5a01778f207a7ff26977ffbfa7695eb784427a2ce865446facafaa4a5c4
2019/12/14 | 18:55:48 | INFO | [32m[2019-12-14 18:55:48 DEBUG	vault_processor][39m\nCustID: 274380001100867
Name: N/A
TradeChannel: N/A
hash: b56559baf003921bdabc6e298cd36338e8d12784e583492c4ab49e793b147ce8
2019/12/14 | 18:55:48 | INFO | [32m[2019-12-14 18:55:48 DEBUG	vault_processor][39m\nCustID: 274380001100863
Name: N/A
TradeChannel: N/A
hash: 1900be165dc200457632c445523057f533a0ebb3b5e0becda07cff65a21bd2f6
2019/12/14 | 18:55:48 | INFO | [32m[2019-12-14 18:55:48 DEBUG	vault_processor][39m\nCustID: 274380001098445
Name: N/A
TradeChannel: N/A
hash: af40640891e93cfa19fa77d9153abed6458a73094897769b471ebd99018502bd
2019/12/14 | 18:55:48 | INFO | [32m[2019-12-14 18:55:48 DEBUG	vault_processor][39m\nCustID: 274380001094291
Name: N/A
TradeChannel: N/A
hash: d9d17c983da019e3e445c963757019c98891d6ae8c637a98e3c995338f708fde
2019/12/14 | 18:55:48 | INFO | [32m[2019-12-14 18:55:48 DEBUG	vault_processor][39m\nCustID: 274380001099121
Name: N/A
TradeChannel: N/A
hash: 92ef04db9483f2cbf04daed89adeaf23ca90baa97d02ad550045f64ec5d408d2
2019/12/14 | 18:55:48 | INFO | [32m[2019-12-14 18:55:48 DEBUG	vault_processor][39m\nCustID: 274380001099286
Name: N/A
TradeChannel: N/A
hash: 90be8524a55795fcb6521274dd83841773364a410193dbba7c6af926b2cb3e11
2019/12/14 | 18:55:48 | INFO | [32m[2019-12-14 18:55:48 DEBUG	vault_processor][39m\nCustID: 274380001099291
Name: N/A
TradeChannel: N/A
hash: 24a9a1192cc4f49c24908413afdca76baef673fa94e92ff145a89e35bac88e24
2019/12/14 | 18:55:48 | INFO | [32m[2019-12-14 18:55:48 DEBUG	vault_processor][39m\nCustID: 274380001099297
Name: N/A
TradeChannel: N/A
hash: 7d521557815b32f757dd6b710412d3bd3df0fc1533b5209e8ccc0d8f581deaa5
2019/12/14 | 18:55:48 | INFO | [32m[2019-12-14 18:55:48 DEBUG	vault_processor][39m\nCustID: 274380001099666
Name: N/A
TradeChannel: N/A
hash: 1cba9e42154d7d13f7ab3288a05a87f21a389948b8c4792054400dc0aa84acd1
2019/12/14 | 18:55:48 | INFO | [32m[2019-12-14 18:55:48 DEBUG	vault_processor][39m\nCustID: 274380001100015
Name: N/A
TradeChannel: N/A
hash: 3dc3f14f3f46f7ff7614a830aed2297a7c102e2413b4a5ba784573d766949119
2019/12/14 | 18:55:48 | INFO | [32m[2019-12-14 18:55:48 DEBUG	vault_processor][39m\nCustID: 274380001101679
Name: N/A
TradeChannel: N/A
hash: 6bf46c7536f515338eed143cd72b2d255d7e0cdbe111ff41e0af0bf6534afca9
2019/12/14 | 18:55:48 | INFO | [32m[2019-12-14 18:55:48 DEBUG	vault_processor][39m\nCustID: 274380001101682
Name: N/A
TradeChannel: N/A
hash: 1d3870a353c7f8dfa071677070e559437cefc8760384ba231af40b9ebb3898c2
2019/12/14 | 18:55:48 | INFO | [32m[2019-12-14 18:55:48 DEBUG	vault_processor][39m\nCustID: 274380001097057
Name: N/A
TradeChannel: N/A
hash: 116083b538926b8bb44e0000540cde749bb1d9017206eaad77cfc4627e03dbf8
2019/12/14 | 18:55:48 | INFO | [32m[2019-12-14 18:55:48 DEBUG	vault_processor][39m\nCustID: 274380001100882
Name: N/A
TradeChannel: N/A
hash: a80286b819061a8182ffe1dc91dee2ff682981f2a441209be961828be9d0769a
2019/12/14 | 18:55:48 | INFO | [32m[2019-12-14 18:55:48 DEBUG	vault_processor][39m\nCustID: 274380001100883
Name: N/A
TradeChannel: N/A
hash: 22ff6cc0cdc472cb3ca4952b1cad02aa2a0b48d15d0017a5ca2089d081303303
2019/12/14 | 18:55:48 | INFO | [32m[2019-12-14 18:55:48 DEBUG	vault_processor][39m\nCustID: 274380001100887
Name: N/A
TradeChannel: N/A
hash: 9434de5ab014c968308f273d060b7c18af3a65c1457534cc5f6df2693fa48cfe
2019/12/14 | 18:55:48 | INFO | [32m[2019-12-14 18:55:48 DEBUG	vault_processor][39m\nCustID: 274380001100889
Name: N/A
TradeChannel: N/A
hash: caa3835b9dfb1f4a933282a14348f152fe031495ebe28a8630ca706726a64bdc
2019/12/14 | 18:55:48 | INFO | [32m[2019-12-14 18:55:48 DEBUG	vault_processor][39m\nCustID: 274380001100890
Name: N/A
TradeChannel: N/A
hash: 9025e4e8e2c1d00c20eb27aa799089e5d64c38b2612533fa4fc19e4ca930703c
2019/12/14 | 18:55:48 | INFO | [32m[2019-12-14 18:55:48 DEBUG	vault_processor][39m\nCustID: 274380001100895
Name: N/A
TradeChannel: N/A
hash: 44f101365ffea8035a35bf70f982c70e38d036615e46b147ef93411fa08483bb
2019/12/14 | 18:55:48 | INFO | [32m[2019-12-14 18:55:48 DEBUG	vault_processor][39m\nCustID: 274380001100897
Name: N/A
TradeChannel: N/A
hash: 80153037812a2a480d4a3650e023156ecc2ee40b1aaa82e2f4155a6e6fbaf889
2019/12/14 | 18:55:48 | INFO | [32m[2019-12-14 18:55:48 DEBUG	vault_processor][39m\nCustID: 274380001100902
Name: N/A
TradeChannel: N/A
hash: 5ae87d86dec6dadd0eca938b8b2ae034babbadb3e34904c194d35eda67fa13b9
2019/12/14 | 18:55:48 | INFO | [32m[2019-12-14 18:55:48 DEBUG	vault_processor][39m\nCustID: 274380001100904
Name: N/A
TradeChannel: N/A
hash: 473f39a3cf26dc92ccf9949e9551c9a0883512933eaf7442d10f977db25afbc0
2019/12/14 | 18:55:48 | INFO | [32m[2019-12-14 18:55:48 DEBUG	vault_processor][39m\nCustID: 274380001100909
Name: N/A
TradeChannel: N/A
hash: 3c6b21e94760cc2490d105b036fa3f55eb41363049114fe1c8227123062f504e
2019/12/14 | 18:55:48 | INFO | [32m[2019-12-14 18:55:48 DEBUG	vault_processor][39m\nCustID: 274380001100910
Name: N/A
TradeChannel: N/A
hash: b09bc76126f81dd25cd555b104406e98a33126cd4105c9cf606732e2c5c1328d
2019/12/14 | 18:55:48 | INFO | [32m[2019-12-14 18:55:48 DEBUG	vault_processor][39m\nCustID: 274380001100926
Name: N/A
TradeChannel: N/A
hash: 37d08e2066a47757304149b6a5f694780cd6704a1d10a05713d0e87111c2ccf6
2019/12/14 | 18:55:48 | INFO | [32m[2019-12-14 18:55:48 DEBUG	vault_processor][39m\nCustID: 274380001100928
Name: N/A
TradeChannel: N/A
hash: b17d6206377f5b110e498051078a5a124b710af680c34dd0218c9ee0d0a5c5ae
2019/12/14 | 18:55:48 | INFO | [32m[2019-12-14 18:55:48 DEBUG	vault_processor][39m\nCustID: 274380001100938
Name: N/A
TradeChannel: N/A
hash: a3681c53a4ae77ad041761bd412b45711964eb4622e46954c4bb2e77febd04ea
2019/12/14 | 18:55:48 | INFO | [32m[2019-12-14 18:55:48 DEBUG	vault_processor][39m\nCustID: 274380001100945
Name: N/A
TradeChannel: N/A
hash: ff58204518aa96ae5b2b1a4790cfb3171010a737f24291fade3ac943c630376b
2019/12/14 | 18:55:48 | INFO | [32m[2019-12-14 18:55:48 DEBUG	vault_processor][39m\nCustID: 274380001101096
Name: N/A
TradeChannel: N/A
hash: cf6ca5c4daf61b2a43e5c95ed116e9606b20376298c5ac2f4d0176a809ee1f1e
2019/12/14 | 18:55:48 | INFO | [32m[2019-12-14 18:55:48 DEBUG	vault_processor][39m\nCustID: 274380001101112
Name: N/A
TradeChannel: HFS Small T.G.
hash: edc530f926d5e629903253dd602a7a0b67c524cc80f48d7d80f5a6dbae624f4f
2019/12/14 | 18:55:48 | INFO | [32m[2019-12-14 18:55:48 DEBUG	vault_processor][39m\nCustID: 274380001101142
Name: N/A
TradeChannel: N/A
hash: d06c8fc711dd056a891eb56475a670aed0c12ea6b0532748d73111ccac301fe8
2019/12/14 | 18:55:48 | INFO | [32m[2019-12-14 18:55:48 DEBUG	vault_processor][39m\nCustID: 274380001101770
Name: N/A
TradeChannel: N/A
hash: 40e5dad8e9cf4616824f7f5c0b22a4384aff897bba9e3b4c61eeaf0209dab9ba
2019/12/14 | 18:55:48 | INFO | [32m[2019-12-14 18:55:48 DEBUG	vault_processor][39m\nCustID: 274380001101907
Name: N/A
TradeChannel: N/A
hash: fd1d906e36da1cbf5f59887f29e70869990c934906e5e55c86548b7666c3d587
2019/12/14 | 18:55:48 | INFO | [32m[2019-12-14 18:55:48 DEBUG	vault_processor][39m\nCustID: 274380001097590
Name: N/A
TradeChannel: N/A
hash: 2aed4e68bd334743d3dfc5eabb6c1476d49c2e5fb79564ab243aa565b316085c
2019/12/14 | 18:55:48 | INFO | [32m[2019-12-14 18:55:48 DEBUG	vault_processor][39m\nCustID: 274380001101143
Name: N/A
TradeChannel: N/A
hash: e01ca59bdf854948dc4c1cbafcc5822acf0efac040af6610bed087b4e6cf3ea6
2019/12/14 | 18:55:48 | INFO | [32m[2019-12-14 18:55:48 DEBUG	vault_processor][39m\nCustID: 274380001101144
Name: N/A
TradeChannel: N/A
hash: 98828c3480a317470e4a1cd8f2fa652128cf51e7363669c17dbeb2ff0614a630
2019/12/14 | 18:55:48 | INFO | [32m[2019-12-14 18:55:48 DEBUG	vault_processor][39m\nCustID: 274380001101145
Name: N/A
TradeChannel: N/A
hash: ef88d1a7ee5d7065fc64f5b1962485e7592c7f40c09a17dd4d0dc0168470efbf
2019/12/14 | 18:55:48 | INFO | [32m[2019-12-14 18:55:48 DEBUG	vault_processor][39m\nCustID: 274380001101146
Name: N/A
TradeChannel: HFS Small T.G.
hash: 9cb728c8bc8cdd0ecdc0e13abe552a7fa07e211a58a7ef331b184c3062336f1b
2019/12/14 | 18:55:48 | INFO | [32m[2019-12-14 18:55:48 DEBUG	vault_processor][39m\nCustID: 274380001101147
Name: N/A
TradeChannel: HFS Small T.G.
hash: 327fc0e111bc9ecbcfeb884b8988b1db8f8743bc3e2cce1eb7b1b2879bf7e524
2019/12/14 | 18:55:48 | INFO | [32m[2019-12-14 18:55:48 DEBUG	vault_processor][39m\nCustID: 274380001101148
Name: N/A
TradeChannel: HFS Small T.G.
hash: 664b8b5844f6830109235e059e154dd97832a87044ab70c745ef4a87f5994fed
2019/12/14 | 18:55:48 | INFO | [32m[2019-12-14 18:55:48 DEBUG	vault_processor][39m\nCustID: 274380001101151
Name: N/A
TradeChannel: HFS Small T.G.
hash: 5eda91b42127a696f3796a22690ec545246a7f2af40d974d7e63fc2781a00d49
2019/12/14 | 18:55:48 | INFO | [32m[2019-12-14 18:55:48 DEBUG	vault_processor][39m\nCustID: 274380001101152
Name: N/A
TradeChannel: HFS Small T.G.
hash: 062aed0528d63e39cf48797a434c21a3bbe4a6cfc3140506715234e8c72f517b
Continuing to vault_processor.1576349748613.log
