******************************************************************************************
**
** Perfect Logger Logging System
** Application Version          : 1.0
** Perfect-Logger Version       : 1.5.2
** Application Start Time (UTC) : 18:49:52 2019/12/14
**
** Copyright 2018 Team whileLOOP
**
******************************************************************************************
**
** Log Number               : #19
** Continuing from Log File : vault_processor.1576349631201.log
** Log Start Time (UTC)     : 18:53:51 2019/12/14
**
******************************************************************************************
2019/12/14 | 18:53:51 | INFO | [32m[2019-12-14 18:53:51 DEBUG	vault_processor][39m\nCustID: 274380001076044
Name: AL mooj center
TradeChannel: HFS Small T.G.
hash: 9ebb1d7b929fc7f77e33b64afcc4cba78670bc48dc481febb855952c2fa00724
2019/12/14 | 18:53:51 | INFO | [32m[2019-12-14 18:53:51 DEBUG	vault_processor][39m\nCustID: 274380001076602
Name: Ali Hameed Al Amri
TradeChannel: HFS Small T.G.
hash: e4ccec1ad40decf64dd2dc0753589316b659ed68d142320a2f6903818b69c83e
2019/12/14 | 18:53:51 | INFO | [32m[2019-12-14 18:53:51 DEBUG	vault_processor][39m\nCustID: 274380001045120
Name: ALHARMIN
TradeChannel: HFS Small T.G.
hash: 324f70ec2fa491284bb544fcdd215db61c3f3f2c1105d96172a7acbf059ff349
2019/12/14 | 18:53:51 | INFO | [32m[2019-12-14 18:53:51 DEBUG	vault_processor][39m\nCustID: 274380001088480
Name: N/A
TradeChannel: HFS Small T.G.
hash: c4755eb968251e118d8c1281361233b9259f67374d604fe1fd86888bd21785b8
2019/12/14 | 18:53:51 | INFO | [32m[2019-12-14 18:53:51 DEBUG	vault_processor][39m\nCustID: 274380001084665
Name: N/A
TradeChannel: HFS Small T.G.
hash: 6bd685554c452fae8cc8824338692ee81c80ab73d3795ee4b172356ce4c4daca
2019/12/14 | 18:53:51 | INFO | [32m[2019-12-14 18:53:51 DEBUG	vault_processor][39m\nCustID: 274380001045123
Name: SUPER AL BARAK
TradeChannel: HFS Small T.G.
hash: 72c9e4eb5bda31d42424318fb0c75b086bb8c00977e43e285de1ff37674ddabd
2019/12/14 | 18:53:51 | INFO | [32m[2019-12-14 18:53:51 DEBUG	vault_processor][39m\nCustID: 274380001045126
Name: ALKADRAH STORE
TradeChannel: HFS Small T.G.
hash: cbb31582c1de1f3592fd04fc58e5aec610bcec7ee4ad1117e8c141255b9fff7e
2019/12/14 | 18:53:51 | INFO | [32m[2019-12-14 18:53:51 DEBUG	vault_processor][39m\nCustID: 274380001045127
Name: ABU MAZIN
TradeChannel: HFS Small T.G.
hash: 36849fb1662b4462a52e33af0634d5d7b58a46de2facf1c814c4d0d540b156cd
2019/12/14 | 18:53:51 | INFO | [32m[2019-12-14 18:53:51 DEBUG	vault_processor][39m\nCustID: 274380001045319
Name: ADIL ALNASIR EST.
TradeChannel: Semi-Wholesaler T.G
hash: 4ec2fe612cd9962d9019e63f036ce7caa6823185bef4cc3ffe35de0154fbf341
2019/12/14 | 18:53:51 | INFO | [32m[2019-12-14 18:53:51 DEBUG	vault_processor][39m\nCustID: 274380001045128
Name: ALKHAIR
TradeChannel: HFS Small T.G.
hash: c9a09fbb1850e3d0bd081831a0c87a1a756cdf437a7e3f90e2f9fffcfd7ab208
2019/12/14 | 18:53:51 | INFO | [32m[2019-12-14 18:53:51 DEBUG	vault_processor][39m\nCustID: 274380001045329
Name: ALMONAIAI FOR PLASTIC
TradeChannel: HFS Small T.G.
hash: 3c02fecc4898c75fdb7fda482d16f18962b4d53f14bca666399038052e953b67
2019/12/14 | 18:53:51 | INFO | [32m[2019-12-14 18:53:51 DEBUG	vault_processor][39m\nCustID: 274380001045486
Name: ALHEJAZ
TradeChannel: HFS Small T.G.
hash: e832f5ec21ddaa776b794f5b9ff0f571fd7a44654afafa3d8c081c61f416dd7f
2019/12/14 | 18:53:51 | INFO | [32m[2019-12-14 18:53:51 DEBUG	vault_processor][39m\nCustID: 274380001045531
Name: ALMANAR
TradeChannel: HFS Small T.G.
hash: 57565d2f67c3c1375b6f4676142794afe617fa93c1141bfe9707e16ab5045444
2019/12/14 | 18:53:51 | INFO | [32m[2019-12-14 18:53:51 DEBUG	vault_processor][39m\nCustID: 274380001082444
Name: N/A
TradeChannel: HFS Small T.G.
hash: 2d3cee5658129acc70d86a72f491f5c5a9e4e3bef7599b42b8ae99bba81c2d41
2019/12/14 | 18:53:51 | INFO | [32m[2019-12-14 18:53:51 DEBUG	vault_processor][39m\nCustID: 274380001045588
Name: ALSAUDIAH
TradeChannel: HFS Small T.G.
hash: 2e5c8e005c691a9f566e55d4741fe412097ff3fe71971bdd91d30eb31306468d
2019/12/14 | 18:53:51 | INFO | [32m[2019-12-14 18:53:51 DEBUG	vault_processor][39m\nCustID: 274380001086286
Name: N/A
TradeChannel: HFS Small T.G.
hash: b3a794b9a495b74191540a9b4d85f14b7ef852a86cf156dfcc570640280040d4
2019/12/14 | 18:53:51 | INFO | [32m[2019-12-14 18:53:51 DEBUG	vault_processor][39m\nCustID: 274380001057723
Name: ALWALEED
TradeChannel: HFS Small T.G.
hash: 131d24f028573eaabb54f75d5b060aea46489316a4892d736ee891b005e2086f
2019/12/14 | 18:53:51 | INFO | [32m[2019-12-14 18:53:51 DEBUG	vault_processor][39m\nCustID: 274380001078106
Name: Mahasen Al Atta
TradeChannel: HFS Small T.G.
hash: 6adb748f6477b7bceaa072841787070c7ea63ff2f4191e5553ed0ad09a94eeab
2019/12/14 | 18:53:51 | INFO | [32m[2019-12-14 18:53:51 DEBUG	vault_processor][39m\nCustID: 274380001078176
Name: Al Jabri Center
TradeChannel: HFS Small T.G.
hash: 89e04580e88576a14474af00759d60fbcdc5be240a659b8c4bb9744974126278
2019/12/14 | 18:53:51 | INFO | [32m[2019-12-14 18:53:51 DEBUG	vault_processor][39m\nCustID: 274380001044502
Name: ALJOOD
TradeChannel: HFS Small T.G.
hash: ca891da899fec76095bed1712460a52ad376d45e91f1609ea2f9d9916df34ce3
2019/12/14 | 18:53:51 | INFO | [32m[2019-12-14 18:53:51 DEBUG	vault_processor][39m\nCustID: 274380001044532
Name: ALOTIBI
TradeChannel: HFS Small T.G.
hash: fe12f7f95d53014d7526f033e6b8c752c9a998c115d089968b20e3e501718fb2
2019/12/14 | 18:53:51 | INFO | [32m[2019-12-14 18:53:51 DEBUG	vault_processor][39m\nCustID: 274380001044749
Name: ALSHARQI
TradeChannel: HFS Small T.G.
hash: 2327cf43a0200f8ab9d9e3a14ead7f5af551851e9d4c5c58b43e226da9567892
2019/12/14 | 18:53:51 | INFO | [32m[2019-12-14 18:53:51 DEBUG	vault_processor][39m\nCustID: 274380001085780
Name: siadliat bisimat alealam
TradeChannel: RVO Pharma
hash: 2a030d8acdf18de2ef8a0d15587807185bea9bc12b23ffdb63062ae3b3ea655b
2019/12/14 | 18:53:51 | INFO | [32m[2019-12-14 18:53:51 DEBUG	vault_processor][39m\nCustID: 274380001045905
Name: SOUQ ALSHALAL
TradeChannel: HFS Small T.G.
hash: 96c0fc0e89fdd5f01ce1c4da1d5834b23ace9485d7ef4635119b58c5ed68ffb5
2019/12/14 | 18:53:51 | INFO | [32m[2019-12-14 18:53:51 DEBUG	vault_processor][39m\nCustID: 274380001046076
Name: ALNOUR lltasouq
TradeChannel: HFS Small T.G.
hash: bd477ee9376f525ef6b8184ea34c7a9ac14fe8f665f96e1ca9067ef5f6d64f72
2019/12/14 | 18:53:51 | INFO | [32m[2019-12-14 18:53:51 DEBUG	vault_processor][39m\nCustID: 274380001046442
Name: LAALI ALANDALUSIAH
TradeChannel: HFS Small T.G.
hash: 45639dbc15e2ef9c904de6e9204861cad6927bc412945fc7572009118fbc185f
2019/12/14 | 18:53:51 | INFO | [32m[2019-12-14 18:53:51 DEBUG	vault_processor][39m\nCustID: 274380001046649
Name: ALMARWAI
TradeChannel: HFS Small T.G.
hash: 56e2551ec6df37395edae2505cf9784c7ee413b35e792786a247dd89cee26321
2019/12/14 | 18:53:51 | INFO | [32m[2019-12-14 18:53:51 DEBUG	vault_processor][39m\nCustID: 274380001046943
Name: ABDULLAH MOBARAK
TradeChannel: HFS Small T.G.
hash: b628fdd6faea840e0b8c7e7887b1e07fb60740e09f0503078dcc17b1326825f6
2019/12/14 | 18:53:51 | INFO | [32m[2019-12-14 18:53:51 DEBUG	vault_processor][39m\nCustID: 274380001046757
Name: ALFAISALIAH
TradeChannel: HFS Small T.G.
hash: fdcb9ed0598b8ab96498ca710c3968e5c04ba18fe721c1fbd86c5c9bdd784214
2019/12/14 | 18:53:51 | INFO | [32m[2019-12-14 18:53:51 DEBUG	vault_processor][39m\nCustID: 274380001047071
Name: SOUQ BIN JALBAN
TradeChannel: HFS Small T.G.
hash: 329cbc38f23c075663b992ae599dde9b0de6e180f5802a019718387cc771e1ce
2019/12/14 | 18:53:51 | INFO | [32m[2019-12-14 18:53:51 DEBUG	vault_processor][39m\nCustID: 274380001047097
Name: ALTHUWAINI
TradeChannel: HFS Small T.G.
hash: 3dc342a9930ef2e0d45c58ca4b4f77d4494f2b8b16d8f4206cf4cc06a386ff71
2019/12/14 | 18:53:51 | INFO | [32m[2019-12-14 18:53:51 DEBUG	vault_processor][39m\nCustID: 274380001047210
Name: ALALOB
TradeChannel: Self Service T.G
hash: 9e5243d013af8c16d79c60668913e9f8f6809924825802d149960c0daea2ab8d
2019/12/14 | 18:53:51 | INFO | [32m[2019-12-14 18:53:51 DEBUG	vault_processor][39m\nCustID: 274380001047330
Name: ASWAQ ALMENHALI
TradeChannel: HFS Small T.G.
hash: a2d3beca0c01b093d23084def2d2af24e17caaf539e4074a043a8d939d9423ef
2019/12/14 | 18:53:51 | INFO | [32m[2019-12-14 18:53:51 DEBUG	vault_processor][39m\nCustID: 274380001088440
Name: N/A
TradeChannel: HFS Small T.G.
hash: 0f2190470980a9647c64378a23b2948f753e54be7744517cd999d5b5f39997fa
2019/12/14 | 18:53:51 | INFO | [32m[2019-12-14 18:53:51 DEBUG	vault_processor][39m\nCustID: 274380001030001
Name: al matajer al arabiyah al mahdodah-srwat
TradeChannel: MT Tier 2
hash: 8e731b881821761a5cfee555b62bf157640b48e4c702b99ebc94826f30ab1ec3
2019/12/14 | 18:53:51 | INFO | [32m[2019-12-14 18:53:51 DEBUG	vault_processor][39m\nCustID: 274380001047353
Name: ALAMEEN
TradeChannel: HFS Small T.G.
hash: 1ebb71496696bc2c9794fb4dcf5d04458d065371f9db27fe734519140a896eed
2019/12/14 | 18:53:51 | INFO | [32m[2019-12-14 18:53:51 DEBUG	vault_processor][39m\nCustID: 274380001047369
Name: MAZEEN
TradeChannel: HFS Small T.G.
hash: bf3c6429789de9484e52ce432cd172bea039a22d5959e54c833b569dcfc834f9
2019/12/14 | 18:53:51 | INFO | [32m[2019-12-14 18:53:51 DEBUG	vault_processor][39m\nCustID: 274380001047466
Name: MAWADAH
TradeChannel: HFS Small T.G.
hash: bb59c2e2855aa4699d3cf59d3bedb7df382cbe3df67088c8b149f0dff6a177ef
2019/12/14 | 18:53:51 | INFO | [32m[2019-12-14 18:53:51 DEBUG	vault_processor][39m\nCustID: 274380001047669
Name: ALZUMORD
TradeChannel: HFS Small T.G.
hash: 36d6cba93e977a6e2bea71e81ed886283ecac2d415e8a7bcde4b7947fa62ecc4
2019/12/14 | 18:53:51 | INFO | [32m[2019-12-14 18:53:51 DEBUG	vault_processor][39m\nCustID: 274380001047825
Name: ALAIESH STORES
TradeChannel: HFS Small T.G.
hash: 4118496603eea1c40159e86e01bbec07ae8f95a4f6d7f259e22f6a7f14816fb9
2019/12/14 | 18:53:51 | INFO | [32m[2019-12-14 18:53:51 DEBUG	vault_processor][39m\nCustID: 274380001047896
Name: TAMER
TradeChannel: HFS Small T.G.
hash: 7bc9e283bab1cd874290111abbdd8dc849f6da98791c768206ad588c88cd409d
2019/12/14 | 18:53:51 | INFO | [32m[2019-12-14 18:53:51 DEBUG	vault_processor][39m\nCustID: 274380001047929
Name: OSAMA
TradeChannel: HFS Small T.G.
hash: b435f68ab3b539f3883b1f1cc14ef4ec81f11cc284acc3e24a434fab8a392780
Continuing to vault_processor.1576349631627.log
