******************************************************************************************
**
** Perfect Logger Logging System
** Application Version          : 1.0
** Perfect-Logger Version       : 1.5.2
** Application Start Time (UTC) : 18:49:52 2019/12/14
**
** Copyright 2018 Team whileLOOP
**
******************************************************************************************
**
** Log Number               : #21
** Continuing from Log File : vault_processor.1576349632019.log
** Log Start Time (UTC)     : 18:53:52 2019/12/14
**
******************************************************************************************
2019/12/14 | 18:53:52 | INFO | [32m[2019-12-14 18:53:52 DEBUG	vault_processor][39m\nCustID: 274380001076044
Name: AL mooj center
TradeChannel: HFS Small T.G.
hash: 9ebb1d7b929fc7f77e33b64afcc4cba78670bc48dc481febb855952c2fa00724
2019/12/14 | 18:53:52 | INFO | [32m[2019-12-14 18:53:52 DEBUG	vault_processor][39m\nCustID: 274380001076602
Name: Ali Hameed Al Amri
TradeChannel: HFS Small T.G.
hash: e4ccec1ad40decf64dd2dc0753589316b659ed68d142320a2f6903818b69c83e
2019/12/14 | 18:53:52 | INFO | [32m[2019-12-14 18:53:52 DEBUG	vault_processor][39m\nCustID: 274380001084665
Name: N/A
TradeChannel: HFS Small T.G.
hash: 6bd685554c452fae8cc8824338692ee81c80ab73d3795ee4b172356ce4c4daca
2019/12/14 | 18:53:52 | INFO | [32m[2019-12-14 18:53:52 DEBUG	vault_processor][39m\nCustID: 274380001088480
Name: N/A
TradeChannel: HFS Small T.G.
hash: c4755eb968251e118d8c1281361233b9259f67374d604fe1fd86888bd21785b8
2019/12/14 | 18:53:52 | INFO | [32m[2019-12-14 18:53:52 DEBUG	vault_processor][39m\nCustID: 274380001045120
Name: ALHARMIN
TradeChannel: HFS Small T.G.
hash: 324f70ec2fa491284bb544fcdd215db61c3f3f2c1105d96172a7acbf059ff349
2019/12/14 | 18:53:52 | INFO | [32m[2019-12-14 18:53:52 DEBUG	vault_processor][39m\nCustID: 274380001045123
Name: SUPER AL BARAK
TradeChannel: HFS Small T.G.
hash: 72c9e4eb5bda31d42424318fb0c75b086bb8c00977e43e285de1ff37674ddabd
2019/12/14 | 18:53:52 | INFO | [32m[2019-12-14 18:53:52 DEBUG	vault_processor][39m\nCustID: 274380001045126
Name: ALKADRAH STORE
TradeChannel: HFS Small T.G.
hash: cbb31582c1de1f3592fd04fc58e5aec610bcec7ee4ad1117e8c141255b9fff7e
2019/12/14 | 18:53:52 | INFO | [32m[2019-12-14 18:53:52 DEBUG	vault_processor][39m\nCustID: 274380001045127
Name: ABU MAZIN
TradeChannel: HFS Small T.G.
hash: 36849fb1662b4462a52e33af0634d5d7b58a46de2facf1c814c4d0d540b156cd
2019/12/14 | 18:53:52 | INFO | [32m[2019-12-14 18:53:52 DEBUG	vault_processor][39m\nCustID: 274380001045128
Name: ALKHAIR
TradeChannel: HFS Small T.G.
hash: c9a09fbb1850e3d0bd081831a0c87a1a756cdf437a7e3f90e2f9fffcfd7ab208
2019/12/14 | 18:53:52 | INFO | [32m[2019-12-14 18:53:52 DEBUG	vault_processor][39m\nCustID: 274380001045319
Name: ADIL ALNASIR EST.
TradeChannel: Semi-Wholesaler T.G
hash: 4ec2fe612cd9962d9019e63f036ce7caa6823185bef4cc3ffe35de0154fbf341
2019/12/14 | 18:53:52 | INFO | [32m[2019-12-14 18:53:52 DEBUG	vault_processor][39m\nCustID: 274380001045486
Name: ALHEJAZ
TradeChannel: HFS Small T.G.
hash: e832f5ec21ddaa776b794f5b9ff0f571fd7a44654afafa3d8c081c61f416dd7f
2019/12/14 | 18:53:52 | INFO | [32m[2019-12-14 18:53:52 DEBUG	vault_processor][39m\nCustID: 274380001045531
Name: ALMANAR
TradeChannel: HFS Small T.G.
hash: 57565d2f67c3c1375b6f4676142794afe617fa93c1141bfe9707e16ab5045444
2019/12/14 | 18:53:52 | INFO | [32m[2019-12-14 18:53:52 DEBUG	vault_processor][39m\nCustID: 274380001045329
Name: ALMONAIAI FOR PLASTIC
TradeChannel: HFS Small T.G.
hash: 3c02fecc4898c75fdb7fda482d16f18962b4d53f14bca666399038052e953b67
2019/12/14 | 18:53:52 | INFO | [32m[2019-12-14 18:53:52 DEBUG	vault_processor][39m\nCustID: 274380001045588
Name: ALSAUDIAH
TradeChannel: HFS Small T.G.
hash: 2e5c8e005c691a9f566e55d4741fe412097ff3fe71971bdd91d30eb31306468d
2019/12/14 | 18:53:52 | INFO | [32m[2019-12-14 18:53:52 DEBUG	vault_processor][39m\nCustID: 274380001082444
Name: N/A
TradeChannel: HFS Small T.G.
hash: 2d3cee5658129acc70d86a72f491f5c5a9e4e3bef7599b42b8ae99bba81c2d41
2019/12/14 | 18:53:52 | INFO | [32m[2019-12-14 18:53:52 DEBUG	vault_processor][39m\nCustID: 274380001086286
Name: N/A
TradeChannel: HFS Small T.G.
hash: b3a794b9a495b74191540a9b4d85f14b7ef852a86cf156dfcc570640280040d4
2019/12/14 | 18:53:52 | INFO | [32m[2019-12-14 18:53:52 DEBUG	vault_processor][39m\nCustID: 274380001057723
Name: ALWALEED
TradeChannel: HFS Small T.G.
hash: 131d24f028573eaabb54f75d5b060aea46489316a4892d736ee891b005e2086f
2019/12/14 | 18:53:52 | INFO | [32m[2019-12-14 18:53:52 DEBUG	vault_processor][39m\nCustID: 274380001078106
Name: Mahasen Al Atta
TradeChannel: HFS Small T.G.
hash: 6adb748f6477b7bceaa072841787070c7ea63ff2f4191e5553ed0ad09a94eeab
2019/12/14 | 18:53:52 | INFO | [32m[2019-12-14 18:53:52 DEBUG	vault_processor][39m\nCustID: 274380001078176
Name: Al Jabri Center
TradeChannel: HFS Small T.G.
hash: 89e04580e88576a14474af00759d60fbcdc5be240a659b8c4bb9744974126278
2019/12/14 | 18:53:52 | INFO | [32m[2019-12-14 18:53:52 DEBUG	vault_processor][39m\nCustID: 274380001044502
Name: ALJOOD
TradeChannel: HFS Small T.G.
hash: ca891da899fec76095bed1712460a52ad376d45e91f1609ea2f9d9916df34ce3
2019/12/14 | 18:53:52 | INFO | [32m[2019-12-14 18:53:52 DEBUG	vault_processor][39m\nCustID: 274380001044532
Name: ALOTIBI
TradeChannel: HFS Small T.G.
hash: fe12f7f95d53014d7526f033e6b8c752c9a998c115d089968b20e3e501718fb2
2019/12/14 | 18:53:52 | INFO | [32m[2019-12-14 18:53:52 DEBUG	vault_processor][39m\nCustID: 274380001044749
Name: ALSHARQI
TradeChannel: HFS Small T.G.
hash: 2327cf43a0200f8ab9d9e3a14ead7f5af551851e9d4c5c58b43e226da9567892
2019/12/14 | 18:53:52 | INFO | [32m[2019-12-14 18:53:52 DEBUG	vault_processor][39m\nCustID: 274380001085780
Name: siadliat bisimat alealam
TradeChannel: RVO Pharma
hash: 2a030d8acdf18de2ef8a0d15587807185bea9bc12b23ffdb63062ae3b3ea655b
2019/12/14 | 18:53:52 | INFO | [32m[2019-12-14 18:53:52 DEBUG	vault_processor][39m\nCustID: 274380001045905
Name: SOUQ ALSHALAL
TradeChannel: HFS Small T.G.
hash: 96c0fc0e89fdd5f01ce1c4da1d5834b23ace9485d7ef4635119b58c5ed68ffb5
2019/12/14 | 18:53:52 | INFO | [32m[2019-12-14 18:53:52 DEBUG	vault_processor][39m\nCustID: 274380001046076
Name: ALNOUR lltasouq
TradeChannel: HFS Small T.G.
hash: bd477ee9376f525ef6b8184ea34c7a9ac14fe8f665f96e1ca9067ef5f6d64f72
2019/12/14 | 18:53:52 | INFO | [32m[2019-12-14 18:53:52 DEBUG	vault_processor][39m\nCustID: 274380001046649
Name: ALMARWAI
TradeChannel: HFS Small T.G.
hash: 56e2551ec6df37395edae2505cf9784c7ee413b35e792786a247dd89cee26321
2019/12/14 | 18:53:52 | INFO | [32m[2019-12-14 18:53:52 DEBUG	vault_processor][39m\nCustID: 274380001046442
Name: LAALI ALANDALUSIAH
TradeChannel: HFS Small T.G.
hash: 45639dbc15e2ef9c904de6e9204861cad6927bc412945fc7572009118fbc185f
2019/12/14 | 18:53:52 | INFO | [32m[2019-12-14 18:53:52 DEBUG	vault_processor][39m\nCustID: 274380001046757
Name: ALFAISALIAH
TradeChannel: HFS Small T.G.
hash: fdcb9ed0598b8ab96498ca710c3968e5c04ba18fe721c1fbd86c5c9bdd784214
2019/12/14 | 18:53:52 | INFO | [32m[2019-12-14 18:53:52 DEBUG	vault_processor][39m\nCustID: 274380001046943
Name: ABDULLAH MOBARAK
TradeChannel: HFS Small T.G.
hash: b628fdd6faea840e0b8c7e7887b1e07fb60740e09f0503078dcc17b1326825f6
2019/12/14 | 18:53:52 | INFO | [32m[2019-12-14 18:53:52 DEBUG	vault_processor][39m\nCustID: 274380001047071
Name: SOUQ BIN JALBAN
TradeChannel: HFS Small T.G.
hash: 329cbc38f23c075663b992ae599dde9b0de6e180f5802a019718387cc771e1ce
2019/12/14 | 18:53:52 | INFO | [32m[2019-12-14 18:53:52 DEBUG	vault_processor][39m\nCustID: 274380001047097
Name: ALTHUWAINI
TradeChannel: HFS Small T.G.
hash: 3dc342a9930ef2e0d45c58ca4b4f77d4494f2b8b16d8f4206cf4cc06a386ff71
2019/12/14 | 18:53:52 | INFO | [32m[2019-12-14 18:53:52 DEBUG	vault_processor][39m\nCustID: 274380001047210
Name: ALALOB
TradeChannel: Self Service T.G
hash: 9e5243d013af8c16d79c60668913e9f8f6809924825802d149960c0daea2ab8d
2019/12/14 | 18:53:52 | INFO | [32m[2019-12-14 18:53:52 DEBUG	vault_processor][39m\nCustID: 274380001047330
Name: ASWAQ ALMENHALI
TradeChannel: HFS Small T.G.
hash: a2d3beca0c01b093d23084def2d2af24e17caaf539e4074a043a8d939d9423ef
2019/12/14 | 18:53:52 | INFO | [32m[2019-12-14 18:53:52 DEBUG	vault_processor][39m\nCustID: 274380001088440
Name: N/A
TradeChannel: HFS Small T.G.
hash: 0f2190470980a9647c64378a23b2948f753e54be7744517cd999d5b5f39997fa
2019/12/14 | 18:53:52 | INFO | [32m[2019-12-14 18:53:52 DEBUG	vault_processor][39m\nCustID: 274380001030001
Name: al matajer al arabiyah al mahdodah-srwat
TradeChannel: MT Tier 2
hash: 8e731b881821761a5cfee555b62bf157640b48e4c702b99ebc94826f30ab1ec3
2019/12/14 | 18:53:52 | INFO | [32m[2019-12-14 18:53:52 DEBUG	vault_processor][39m\nCustID: 274380001047369
Name: MAZEEN
TradeChannel: HFS Small T.G.
hash: bf3c6429789de9484e52ce432cd172bea039a22d5959e54c833b569dcfc834f9
2019/12/14 | 18:53:52 | INFO | [32m[2019-12-14 18:53:52 DEBUG	vault_processor][39m\nCustID: 274380001047353
Name: ALAMEEN
TradeChannel: HFS Small T.G.
hash: 1ebb71496696bc2c9794fb4dcf5d04458d065371f9db27fe734519140a896eed
2019/12/14 | 18:53:52 | INFO | [32m[2019-12-14 18:53:52 DEBUG	vault_processor][39m\nCustID: 274380001047466
Name: MAWADAH
TradeChannel: HFS Small T.G.
hash: bb59c2e2855aa4699d3cf59d3bedb7df382cbe3df67088c8b149f0dff6a177ef
2019/12/14 | 18:53:52 | INFO | [32m[2019-12-14 18:53:52 DEBUG	vault_processor][39m\nCustID: 274380001047669
Name: ALZUMORD
TradeChannel: HFS Small T.G.
hash: 36d6cba93e977a6e2bea71e81ed886283ecac2d415e8a7bcde4b7947fa62ecc4
2019/12/14 | 18:53:52 | INFO | [32m[2019-12-14 18:53:52 DEBUG	vault_processor][39m\nCustID: 274380001047825
Name: ALAIESH STORES
TradeChannel: HFS Small T.G.
hash: 4118496603eea1c40159e86e01bbec07ae8f95a4f6d7f259e22f6a7f14816fb9
2019/12/14 | 18:53:52 | INFO | [32m[2019-12-14 18:53:52 DEBUG	vault_processor][39m\nCustID: 274380001047896
Name: TAMER
TradeChannel: HFS Small T.G.
hash: 7bc9e283bab1cd874290111abbdd8dc849f6da98791c768206ad588c88cd409d
2019/12/14 | 18:53:52 | INFO | [32m[2019-12-14 18:53:52 DEBUG	vault_processor][39m\nCustID: 274380001047929
Name: OSAMA
TradeChannel: HFS Small T.G.
hash: b435f68ab3b539f3883b1f1cc14ef4ec81f11cc284acc3e24a434fab8a392780
2019/12/14 | 18:53:52 | INFO | [32m[2019-12-14 18:53:52 DEBUG	vault_processor][39m\nCustID: 274380001048083
Name: ALSAUDIYA
TradeChannel: HFS Small T.G.
hash: 43d507e4a5e998851b2bc252087009a5fa82c92747c7a5b523b27c940211447c
2019/12/14 | 18:53:52 | INFO | [32m[2019-12-14 18:53:52 DEBUG	vault_processor][39m\nCustID: 274380001048057
Name: ZAMZAM
TradeChannel: HFS Small T.G.
hash: 80ae21f21f074f6d1b138f1bb8ef038ee4223bb53e35bfe088ac1d1e629ddedd
2019/12/14 | 18:53:52 | INFO | [32m[2019-12-14 18:53:52 DEBUG	vault_processor][39m\nCustID: 274380001048084
Name: ALSAUDIYA
TradeChannel: HFS Small T.G.
hash: 7a6f3c9fdd5256ddb494589e678140532ccc488765287d81227f73b773b13905
2019/12/14 | 18:53:52 | INFO | [32m[2019-12-14 18:53:52 DEBUG	vault_processor][39m\nCustID: 274380001048092
Name: ALKHALDI
TradeChannel: HFS Small T.G.
hash: 81e32a34d79ee456b657c832725a64f218c9d26cfa4e6d7aa1fd0144052f7250
2019/12/14 | 18:53:52 | INFO | [32m[2019-12-14 18:53:52 DEBUG	vault_processor][39m\nCustID: 274380001086856
Name: N/A
TradeChannel: HFS Small T.G.
hash: e59efa5bf5160cc8b7127d3d6a09794e3efb6ff3dd909fb811ca50bc38d35310
2019/12/14 | 18:53:52 | INFO | [32m[2019-12-14 18:53:52 DEBUG	vault_processor][39m\nCustID: 274380001048112
Name: MAJMA MASLIYA
TradeChannel: HFS Small T.G.
hash: 2fdfa8e4c3ccef5808833e4745c82178098cc22cc7e205e605c139a53865f38f
2019/12/14 | 18:53:52 | INFO | [32m[2019-12-14 18:53:52 DEBUG	vault_processor][39m\nCustID: 274380001044422
Name: ALQARNI 1
TradeChannel: HFS Small T.G.
hash: d6389834f15df81d41228a6d9717ee4e7e6ed89bc8532a7222a94866dd0c7b8d
2019/12/14 | 18:53:52 | INFO | [32m[2019-12-14 18:53:52 DEBUG	vault_processor][39m\nCustID: 274380001044529
Name: ALHI ALJAMEAI
TradeChannel: HFS Small T.G.
hash: c8648ee2a4acd5397ea045a1ac7fe0edd7d88614d3e68b6bcc4763fb0a7c898f
2019/12/14 | 18:53:52 | INFO | [32m[2019-12-14 18:53:52 DEBUG	vault_processor][39m\nCustID: 274380001085761
Name: siadliat wiqayat aldiwayiyat altibiya
TradeChannel: RVO Pharma
hash: c058da548ae937f85bfa2d05338ee5f7765563f74971ae9aaac303af03eeb756
2019/12/14 | 18:53:52 | INFO | [32m[2019-12-14 18:53:52 DEBUG	vault_processor][39m\nCustID: 274380001048113
Name: AL NAHDAH
TradeChannel: HFS Small T.G.
hash: 2d5bab29e45eb77d615ff2453fa0ce2d141ff2bd116c51bfc36c1de3409f8634
2019/12/14 | 18:53:52 | INFO | [32m[2019-12-14 18:53:52 DEBUG	vault_processor][39m\nCustID: 274380001048511
Name: ASWAQ AHMAD
TradeChannel: HFS Small T.G.
hash: 950e2ef3e7c9e36e0f879671360e7e864cf0314349ba3755aba2fbae4f8de108
2019/12/14 | 18:53:52 | INFO | [32m[2019-12-14 18:53:52 DEBUG	vault_processor][39m\nCustID: 274380001048575
Name: BAQALA BAITH ALMUSTAQBAL
TradeChannel: HFS Small T.G.
hash: a547e634ba38293a2019bc96a765a9765bae0f69663742abddab9c0d84313cef
2019/12/14 | 18:53:52 | INFO | [32m[2019-12-14 18:53:52 DEBUG	vault_processor][39m\nCustID: 274380001048615
Name: BAQALAT BINT ALAZAHIR
TradeChannel: HFS Small T.G.
hash: 0aefccbce855384ecdab84ace3c1dd211851a64992479053fb8cf6cf58509af2
2019/12/14 | 18:53:52 | INFO | [32m[2019-12-14 18:53:52 DEBUG	vault_processor][39m\nCustID: 274380001048621
Name: HANBAZAZA
TradeChannel: HFS Small T.G.
hash: 8e7960a5acf7a884d88414385c5d90fa99f66ce8b6943cbca0c682479ca6dd6b
2019/12/14 | 18:53:52 | INFO | [32m[2019-12-14 18:53:52 DEBUG	vault_processor][39m\nCustID: 274380001048631
Name: ALMANARAT
TradeChannel: HFS Small T.G.
hash: 962f6e7992d7e8ad5da8e440a65e515062342c3195d94134b030145c3c17dce8
2019/12/14 | 18:53:52 | INFO | [32m[2019-12-14 18:53:52 DEBUG	vault_processor][39m\nCustID: 274380001048708
Name: TAMWEENAT ALRIDA
TradeChannel: HFS Small T.G.
hash: 02c97f2ab3a6588688c227c406aae0887f76623b4a809ff1c811eaa507dd6aed
2019/12/14 | 18:53:52 | INFO | [32m[2019-12-14 18:53:52 DEBUG	vault_processor][39m\nCustID: 274380001048766
Name: ALBARAKAH
TradeChannel: HFS Small T.G.
hash: 9d369e5a93d12b5679b4e112327bdf905888fe2a3dc210380914dfef6ea71c04
2019/12/14 | 18:53:52 | INFO | [32m[2019-12-14 18:53:52 DEBUG	vault_processor][39m\nCustID: 274380001049182
Name: Maryam
TradeChannel: HFS Small T.G.
hash: b976c55794c16d763415dcdc43efde1e57e2b975647939d015bf5ccafc56fcf5
2019/12/14 | 18:53:52 | INFO | [32m[2019-12-14 18:53:52 DEBUG	vault_processor][39m\nCustID: 274380001049190
Name: ALTAWFEQ
TradeChannel: HFS Small T.G.
hash: 8e75510efbaee8a0b34e86367803576674a8e304f89879d93a0ebb97dca0a6b3
2019/12/14 | 18:53:52 | INFO | [32m[2019-12-14 18:53:52 DEBUG	vault_processor][39m\nCustID: 274380001049384
Name: ALQASSIM
TradeChannel: HFS Small T.G.
hash: f2c5110d1e0e658053beabd870b28c24728c9ba0860acf960e9e3d711475d785
2019/12/14 | 18:53:52 | INFO | [32m[2019-12-14 18:53:52 DEBUG	vault_processor][39m\nCustID: 274380001049437
Name: TAMWEENAT ALHARBI
TradeChannel: HFS Small T.G.
hash: c4f959d8124d1184f0409aa21cc4c0748e045e8efcb9d266c916c97dd7a4da91
2019/12/14 | 18:53:52 | INFO | [32m[2019-12-14 18:53:52 DEBUG	vault_processor][39m\nCustID: 274380001049606
Name: ALRSHODI MARKETS
TradeChannel: HFS Small T.G.
hash: 2e69615f0d2a54eceeef45a77e212397fc82ea0c7bbd254eb1d15bcabbfbd26f
2019/12/14 | 18:53:52 | INFO | [32m[2019-12-14 18:53:52 DEBUG	vault_processor][39m\nCustID: 274380001049628
Name: OTHMAN STORES
TradeChannel: HFS Small T.G.
hash: db1301be82cd17b566ac96f88a218d21f5284f4d3a4552c7321160dda5137da8
2019/12/14 | 18:53:52 | INFO | [32m[2019-12-14 18:53:52 DEBUG	vault_processor][39m\nCustID: 274380001049630
Name: TAIBAH STORES
TradeChannel: HFS Small T.G.
hash: 51154e33eea2212e60f691a5cb234a3bd0b88497f61c18b516fd5cca717c5b9f
2019/12/14 | 18:53:52 | INFO | [32m[2019-12-14 18:53:52 DEBUG	vault_processor][39m\nCustID: 274380001060807
Name: TABA
TradeChannel: HFS Small T.G.
hash: c8882a3d1c8120587e1e7b50cb1a0556cfe7b17ca8454f79fc977bdef409346b
2019/12/14 | 18:53:52 | INFO | [32m[2019-12-14 18:53:52 DEBUG	vault_processor][39m\nCustID: 274380001051009
Name: FOZEIAH ALSULTAN ALSHEMARY
TradeChannel: HFS Small T.G.
hash: c10c6f2d740bd13ce911181e35e291d9418eca4454b61dcb9b51dd96a1211805
2019/12/14 | 18:53:52 | INFO | [32m[2019-12-14 18:53:52 DEBUG	vault_processor][39m\nCustID: 274380001044651
Name: ABDULLA ALDAHMASH
TradeChannel: HFS Small T.G.
hash: 0b9bce4f50fb89f6c6273a06e5dd0c7d40380b1178b487271c7420d3de6b9f88
2019/12/14 | 18:53:52 | INFO | [32m[2019-12-14 18:53:52 DEBUG	vault_processor][39m\nCustID: 274380001049839
Name: BIN HAMDY
TradeChannel: HFS Small T.G.
hash: eb1bcc576b1aaaa78df16c9cb09d49ea612215d528990af57388a9c3f145f249
2019/12/14 | 18:53:52 | INFO | [32m[2019-12-14 18:53:52 DEBUG	vault_processor][39m\nCustID: 274380001049887
Name: ALMWASSEM
TradeChannel: HFS Small T.G.
hash: e76d7abaa5faf27fdfe0d077c64c0d4285faa78e4dacb00ca28e2127c3238b15
2019/12/14 | 18:53:52 | INFO | [32m[2019-12-14 18:53:52 DEBUG	vault_processor][39m\nCustID: 274380001049983
Name: MAHA STORES
TradeChannel: HFS Small T.G.
hash: 02544ba140efff9dce6b8bfb7c6ca85e0058491f3f7962d26d3d0007ebfb3e91
2019/12/14 | 18:53:52 | INFO | [32m[2019-12-14 18:53:52 DEBUG	vault_processor][39m\nCustID: 274380001050132
Name: ALRAHMAH
TradeChannel: HFS Small T.G.
hash: 8ec2eb11d385e58db3d17eca147ead8d7ab4c59085b003de0d9934af5dc81a0c
2019/12/14 | 18:53:52 | INFO | [32m[2019-12-14 18:53:52 DEBUG	vault_processor][39m\nCustID: 274380001050141
Name: ALNOOR
TradeChannel: HFS Small T.G.
hash: 2701f6aecd00f82b79d7332331aefac304a414e3b55d9bbc0d9e58d1e35aec4b
2019/12/14 | 18:53:52 | INFO | [32m[2019-12-14 18:53:52 DEBUG	vault_processor][39m\nCustID: 274380001050338
Name: SHARAF
TradeChannel: HFS Small T.G.
hash: 8c96a6cc3a7e9d3d5bfb32f9d46c5157a4a81b1883e7a5ce192aac77aac52e7b
2019/12/14 | 18:53:52 | INFO | [32m[2019-12-14 18:53:52 DEBUG	vault_processor][39m\nCustID: 274380001050330
Name: BANDAR
TradeChannel: HFS Small T.G.
hash: 31f856b960d81a4b39cc6294ee96f0078cc60244c3e63bb1a875d31f0e9b1b9f
2019/12/14 | 18:53:52 | INFO | [32m[2019-12-14 18:53:52 DEBUG	vault_processor][39m\nCustID: 274380001050301
Name: ALROWEEDY
TradeChannel: HFS Small T.G.
hash: 4755a54c6d9d350f282caf651697ea4d0116316537e91fa9ad80b3ddae4edabd
2019/12/14 | 18:53:52 | INFO | [32m[2019-12-14 18:53:52 DEBUG	vault_processor][39m\nCustID: 274380001050143
Name: AHLAN WA SAHLAN 1
TradeChannel: HFS Small T.G.
hash: 940376af4049c8d9a41162cb2ac96a2ffa6cac423c4f6648aa0b22edb85700b9
2019/12/14 | 18:53:52 | INFO | [32m[2019-12-14 18:53:52 DEBUG	vault_processor][39m\nCustID: 274380001050348
Name: SHALAL ALMONTAZAH
TradeChannel: HFS Small T.G.
hash: 3e9bd62266233572268ac372bd1538a67b050b617b6b84173744e633aaa41329
2019/12/14 | 18:53:52 | INFO | [32m[2019-12-14 18:53:52 DEBUG	vault_processor][39m\nCustID: 274380001050349
Name: MOHAMMED ABDALRZAQ
TradeChannel: HFS Small T.G.
hash: 449e6c14fe12dbff07a2531f93987cf6f8447e74923b9862cdaac048639b6556
2019/12/14 | 18:53:52 | INFO | [32m[2019-12-14 18:53:52 DEBUG	vault_processor][39m\nCustID: 274380001055163
Name: ALTAJ
TradeChannel: HFS Small T.G.
hash: 2f683e02a955e89ba50f6e42b10a6165210857e19baa98cd56170cf6a973e567
2019/12/14 | 18:53:52 | INFO | [32m[2019-12-14 18:53:52 DEBUG	vault_processor][39m\nCustID: 274380001045031
Name: MAZADAH 1
TradeChannel: HFS Small T.G.
hash: 30d8cf1fbb52e3e6c6cf38f1481c6d54fef3ea5287787149e918127deaecd449
2019/12/14 | 18:53:52 | INFO | [32m[2019-12-14 18:53:52 DEBUG	vault_processor][39m\nCustID: 274380001072322
Name: Sandal Altamer Est
TradeChannel: Wholesaler
hash: c31a115c65b524b6b3960f723c2267b6e6793cbd7a50f8a4195f2b05fc871b79
2019/12/14 | 18:53:52 | INFO | [32m[2019-12-14 18:53:52 DEBUG	vault_processor][39m\nCustID: 274380001061745
Name: HADEEL
TradeChannel: HFS Small T.G.
hash: 85958d4dbea83f5f18d2ff97084b66fcc8737a7fd7e2f4838ceb52ce159182f1
2019/12/14 | 18:53:52 | INFO | [32m[2019-12-14 18:53:52 DEBUG	vault_processor][39m\nCustID: 274380001062108
Name: GHENAA ALKHALEEJ
TradeChannel: HFS Small T.G.
hash: 040df3eda006c3797f6c63d4eb80e688a8fcc81d28a95ab79983a19a0f8e9d31
2019/12/14 | 18:53:52 | INFO | [32m[2019-12-14 18:53:52 DEBUG	vault_processor][39m\nCustID: 274380001050722
Name: MARDY SALEH ALTOEIMES
TradeChannel: HFS Small T.G.
hash: c0c3491a62eafd57ae4541242dac535e746d7e18fa998004f09837420462ab03
2019/12/14 | 18:53:52 | INFO | [32m[2019-12-14 18:53:52 DEBUG	vault_processor][39m\nCustID: 274380001050868
Name: FAISAL
TradeChannel: HFS Small T.G.
hash: c8a3daf82280709b06be4a95f79e8055f99674d6e5061e8349ab3fda139efbd1
2019/12/14 | 18:53:52 | INFO | [32m[2019-12-14 18:53:52 DEBUG	vault_processor][39m\nCustID: 274380001051138
Name: BOSHRA ALJOHANY
TradeChannel: HFS Small T.G.
hash: e72e86bf756df900e04919b2de7eacf7aab7bee9a6392dd955fdd6cdf8481c60
2019/12/14 | 18:53:52 | INFO | [32m[2019-12-14 18:53:52 DEBUG	vault_processor][39m\nCustID: 274380001051091
Name: ALRAQY
TradeChannel: HFS Small T.G.
hash: 3e2c2367b5f44b90ab2a86db38a82b3e6013f3c2556b7860fb862a3f279fb5d6
2019/12/14 | 18:53:52 | INFO | [32m[2019-12-14 18:53:52 DEBUG	vault_processor][39m\nCustID: 274380001051090
Name: ALASEEL
TradeChannel: HFS Small T.G.
hash: 722e1d75c46c37c641eb5831c90a676e78338b7e60d240ceccfa5763a4c9eeb3
2019/12/14 | 18:53:52 | INFO | [32m[2019-12-14 18:53:52 DEBUG	vault_processor][39m\nCustID: 274380001051120
Name: MOHAMMED ABD ALRAHMMAN
TradeChannel: HFS Small T.G.
hash: d4f4ce041d33b652b6a2f73b851b1abcef27f78980bdfe3dad07395a5ff12fbd
2019/12/14 | 18:53:52 | INFO | [32m[2019-12-14 18:53:52 DEBUG	vault_processor][39m\nCustID: 274380001050969
Name: SULYMAN SALEH ALHAMAS
TradeChannel: HFS Small T.G.
hash: e9e7b02aeb9940727b52d402b8d8bda94e4c02024dcea42046764f6e23dbeab5
2019/12/14 | 18:53:52 | INFO | [32m[2019-12-14 18:53:52 DEBUG	vault_processor][39m\nCustID: 274380001051293
Name: ALKHAIRAT
TradeChannel: HFS Small T.G.
hash: 587a5121cb2e01460d5caa3111113c05ca1cb7dea105f75d0b11ffb1862effaf
2019/12/14 | 18:53:52 | INFO | [32m[2019-12-14 18:53:52 DEBUG	vault_processor][39m\nCustID: 274380001051453
Name: ALAIELAH
TradeChannel: HFS Small T.G.
hash: 0f0a6f1e613b66747b396bc5feef609dd247a221881dd14b27149c54af992941
2019/12/14 | 18:53:52 | INFO | [32m[2019-12-14 18:53:52 DEBUG	vault_processor][39m\nCustID: 274380001051778
Name: MAZEN
TradeChannel: HFS Small T.G.
hash: 7b54b86b2780bb5f2a32054f9caf9351724873be3ced63ff53e4bdfd9327b1a0
2019/12/14 | 18:53:52 | INFO | [32m[2019-12-14 18:53:52 DEBUG	vault_processor][39m\nCustID: 274380001055660
Name: MONA
TradeChannel: HFS Small T.G.
hash: f33d881bbdc7d9c4e8cb03a2fd56d80ff9a76fb11d2c2fc6ccbbc9c293b1e891
2019/12/14 | 18:53:52 | INFO | [32m[2019-12-14 18:53:52 DEBUG	vault_processor][39m\nCustID: 274380001069599
Name: alshrqya
TradeChannel: HFS Small T.G.
hash: 58fae8530a92ea092b2d3d1f6de408bbb7960ddda66e967ea98646f496deceac
2019/12/14 | 18:53:52 | INFO | [32m[2019-12-14 18:53:52 DEBUG	vault_processor][39m\nCustID: 274380001051859
Name: ALROKN ALDAHABY
TradeChannel: HFS Small T.G.
hash: 51ca84d73ed51cb4af4ab293d39ddd1b426ef974d7d37aee1fa58d0fe008a1c6
2019/12/14 | 18:53:52 | INFO | [32m[2019-12-14 18:53:52 DEBUG	vault_processor][39m\nCustID: 274380001051923
Name: ALHARBY STORE
TradeChannel: HFS Small T.G.
hash: 928353111418ded75de1ec8b1e775e7ae7ed3421a8699cd72e0cab17b866dbdd
2019/12/14 | 18:53:52 | INFO | [32m[2019-12-14 18:53:52 DEBUG	vault_processor][39m\nCustID: 274380001052166
Name: TAMWENAT MAKKAH
TradeChannel: HFS Small T.G.
hash: 13ede5aa0c9addf8bdec60ec02d3c0d8123ed6970ab61279c5416ff9eff57581
2019/12/14 | 18:53:52 | INFO | [32m[2019-12-14 18:53:52 DEBUG	vault_processor][39m\nCustID: 274380001052950
Name: ALYAMI
TradeChannel: HFS Small T.G.
hash: 2fd7f3407ee7b94aa18a43db8575c9d3bee00e9f6901da37fba9e8361e78015f
Continuing to vault_processor.1576349636311.log
