******************************************************************************************
**
** Perfect Logger Logging System
** Application Version          : 1.0
** Perfect-Logger Version       : 1.5.2
** Application Start Time (UTC) : 18:40:00 2019/12/14
**
** Copyright 2018 Team whileLOOP
**
******************************************************************************************
**
** Log Number               : #41
** Continuing from Log File : vault_processor.1576348969716.log
** Log Start Time (UTC)     : 18:42:49 2019/12/14
**
******************************************************************************************
2019/12/14 | 18:42:49 | INFO | [32m[2019-12-14 18:42:49 DEBUG	vault_processor][39m\nCustID: 274380001061002
Name: Tamwenat TALAL
TradeChannel: HFS Small T.G.
hash: 69baa69292756a5f027b032c0a133fb5f6785aff1e909eb2bf0b53c222becef4
2019/12/14 | 18:42:49 | INFO | [32m[2019-12-14 18:42:49 DEBUG	vault_processor][39m\nCustID: 274380001061103
Name: ALFARIS
TradeChannel: HFS Small T.G.
hash: 450f6445108898d264e37bc342064647b7f78406c61b3ed188a3b2a7ae583cc0
2019/12/14 | 18:42:49 | INFO | [32m[2019-12-14 18:42:49 DEBUG	vault_processor][39m\nCustID: 274380001061487
Name: EMAD EST.
TradeChannel: HFS Small T.G.
hash: 519a8c90d3522eb060a2d9b49404bd335270b04f223abc2c622cd0318dc4b8b1
2019/12/14 | 18:42:49 | INFO | [32m[2019-12-14 18:42:49 DEBUG	vault_processor][39m\nCustID: 274380001090241
Name: N/A
TradeChannel: HFS Small T.G.
hash: 53527f3a45b5251743aa12930492398979349eacb69b7216f855428dac846021
2019/12/14 | 18:42:49 | INFO | [32m[2019-12-14 18:42:49 DEBUG	vault_processor][39m\nCustID: 274380001090555
Name: N/A
TradeChannel: HFS Small T.G.
hash: ec198207ad904390e221d3f78f19f21c1a5a52fdebb4a4bc139b6a3008007201
2019/12/14 | 18:42:49 | INFO | [32m[2019-12-14 18:42:49 DEBUG	vault_processor][39m\nCustID: 274380001090579
Name: N/A
TradeChannel: HFS Small T.G.
hash: ee5e9ac7c382d911929eafe92a53946ee9607313d021611f395640ad91ae2f30
2019/12/14 | 18:42:49 | INFO | [32m[2019-12-14 18:42:49 DEBUG	vault_processor][39m\nCustID: 274380001030001
Name: al matajer al arabiyah al mahdodah-srwat
TradeChannel: MT Tier 2
hash: 8e731b881821761a5cfee555b62bf157640b48e4c702b99ebc94826f30ab1ec3
2019/12/14 | 18:42:49 | INFO | [32m[2019-12-14 18:42:49 DEBUG	vault_processor][39m\nCustID: 274380001043912
Name: ABDULLAH AL OTHAIM COMMERCIAL COMPANY
TradeChannel: National Accounts
hash: ec8728fb2a85f241b739a8b08793bf0fecceca00d71983ca7f4b92f78a52a7c7
2019/12/14 | 18:42:49 | INFO | [32m[2019-12-14 18:42:49 DEBUG	vault_processor][39m\nCustID: 274380001050857
Name: ALHAMOD
TradeChannel: HFS Small T.G.
hash: 731b3cd109a93f9c88d810a7975281b9ac801864f2bf990c2a6e41d58c33b5b4
2019/12/14 | 18:42:49 | INFO | [32m[2019-12-14 18:42:49 DEBUG	vault_processor][39m\nCustID: 274380001043995
Name:  PANDA
TradeChannel: National Accounts
hash: 2f256630f520201f54d2ac248e6ac94809030b3c6885502a24c0c1c97b8f2b35
2019/12/14 | 18:42:49 | INFO | [32m[2019-12-14 18:42:49 DEBUG	vault_processor][39m\nCustID: 274380001050937
Name: NADA
TradeChannel: HFS Small T.G.
hash: 70bd5c7cd93ec956ddbb2b6dceba1a6d4491d1e91912aed2390c46caa677b076
2019/12/14 | 18:42:49 | INFO | [32m[2019-12-14 18:42:49 DEBUG	vault_processor][39m\nCustID: 274380001062469
Name: ABDULAZIZ
TradeChannel: HFS Small T.G.
hash: c4a9661dea60ebe520c6bc7ce5e5055b6ad38d308229df91a6cd50f406a074e7
2019/12/14 | 18:42:49 | INFO | [32m[2019-12-14 18:42:49 DEBUG	vault_processor][39m\nCustID: 274380001062376
Name: Danube Co. For Food Stuffs
TradeChannel: National Accounts
hash: fb787d276ac99d338b4104d63d3231a5cde65ca37d84b1c16050d9ab98a0012e
2019/12/14 | 18:42:49 | INFO | [32m[2019-12-14 18:42:49 DEBUG	vault_processor][39m\nCustID: 274380001063250
Name: ALSHAHRANI
TradeChannel: HFS Small T.G.
hash: 8abd24734a7349b5f356573ff694116c253033f60b41401f34b28a3272ead085
2019/12/14 | 18:42:49 | INFO | [32m[2019-12-14 18:42:49 DEBUG	vault_processor][39m\nCustID: 274380001044143
Name:  Bin Dawood Stores Trading Co.
TradeChannel: National Accounts
hash: bb3d81c887a829d8278f6670b3b0e82115689276267cbd98db7136738f931fe1
2019/12/14 | 18:42:49 | INFO | [32m[2019-12-14 18:42:49 DEBUG	vault_processor][39m\nCustID: 274380001061024
Name: AZIZ
TradeChannel: HFS Small T.G.
hash: a8281ccc8afefb465cf2cce7ba46ca0251919fb386c7a89f44ce65df9e5a5679
2019/12/14 | 18:42:49 | INFO | [32m[2019-12-14 18:42:49 DEBUG	vault_processor][39m\nCustID: 274380001063330
Name: ASWAQ ALSAIF
TradeChannel: Self Service T.G
hash: 6a5fff6334a3ec3ee4e1a1a1c67fd8098a338a6230adebbb756c9dde8e7f1064
2019/12/14 | 18:42:49 | INFO | [32m[2019-12-14 18:42:49 DEBUG	vault_processor][39m\nCustID: 274380001063796
Name: ALJAZEERA
TradeChannel: HFS Small T.G.
hash: 5b9bb04a7f02c187abd19f4f818db70117ab47650961bee09a691e151c556c37
2019/12/14 | 18:42:49 | INFO | [32m[2019-12-14 18:42:49 DEBUG	vault_processor][39m\nCustID: 274380001066993
Name: Makhazin Almamlaka
TradeChannel: Self Service T.G
hash: 0fd73550fd8055b786d8609ec79e5a5528488bccbdd69989ba1907602c48be0a
2019/12/14 | 18:42:49 | INFO | [32m[2019-12-14 18:42:49 DEBUG	vault_processor][39m\nCustID: 274380001045450
Name: MKHABIZ &TMWEENAT BURIMAN
TradeChannel: HFS Small T.G.
hash: 7e78f2a740e5b607926ff9d6e7b51ce8043a268b3bbedf86a33ceb274b27c722
2019/12/14 | 18:42:49 | INFO | [32m[2019-12-14 18:42:49 DEBUG	vault_processor][39m\nCustID: 274380001045385
Name: ALHARAMIN
TradeChannel: HFS Small T.G.
hash: f379ab942be3865ffb6bffa3d17c1eb9be565feab0d310c010b49a21c055d40c
2019/12/14 | 18:42:49 | INFO | [32m[2019-12-14 18:42:49 DEBUG	vault_processor][39m\nCustID: 274380001045515
Name: ALFLAH
TradeChannel: HFS Small T.G.
hash: d0e8871dc8d3db5897be45f1c66459868bca1b932f2656456e4e68fdd82763c8
2019/12/14 | 18:42:49 | INFO | [32m[2019-12-14 18:42:49 DEBUG	vault_processor][39m\nCustID: 274380001045562
Name: BALAD ALKHAIR 2
TradeChannel: HFS Small T.G.
hash: ebe9cd52a68290b124db70ee086b5e1eea137427694364e9b228a05759f6feb8
2019/12/14 | 18:42:49 | INFO | [32m[2019-12-14 18:42:49 DEBUG	vault_processor][39m\nCustID: 274380001045676
Name: ALOBOR STACTION
TradeChannel: HFS Small T.G.
hash: 97722cd7c1d916d4cbfe5911e5d880a42a66925511039fd064fed2bce4305b8f
2019/12/14 | 18:42:49 | INFO | [32m[2019-12-14 18:42:49 DEBUG	vault_processor][39m\nCustID: 274380001045679
Name: ALSULTAN
TradeChannel: HFS Small T.G.
hash: 4aaba4bf0a79645ccdd60f50ada609a40e71080f37136dc0a1590149427233be
2019/12/14 | 18:42:49 | INFO | [32m[2019-12-14 18:42:49 DEBUG	vault_processor][39m\nCustID: 274380001045848
Name: ALDAWAH
TradeChannel: HFS Small T.G.
hash: 08e00b01c71e273c58b3680f939a122a410cbe181f4402374285c5a33573d94b
2019/12/14 | 18:42:49 | INFO | [32m[2019-12-14 18:42:49 DEBUG	vault_processor][39m\nCustID: 274380001045866
Name: SOUQ ALKHURAIS
TradeChannel: HFS Small T.G.
hash: 12be75a6b9b09a4fcb4a6b4975be9673d6bb3b2d90d67a0e679223afac9041f8
2019/12/14 | 18:42:49 | INFO | [32m[2019-12-14 18:42:49 DEBUG	vault_processor][39m\nCustID: 274380001045909
Name: ROBOA BELADI
TradeChannel: HFS Small T.G.
hash: 1706cfd2eb4b0d4bd40870b015f1f02d23cdfcebe8b972b2e99c4e36ffcf8ea8
2019/12/14 | 18:42:49 | INFO | [32m[2019-12-14 18:42:49 DEBUG	vault_processor][39m\nCustID: 274380001046021
Name: ALSHARQ
TradeChannel: HFS Small T.G.
hash: 90f5b3209d170c6c1dfdd02add50ddb85954e3fcec8fc70bc94dfe73ef4e9313
2019/12/14 | 18:42:49 | INFO | [32m[2019-12-14 18:42:49 DEBUG	vault_processor][39m\nCustID: 274380001046050
Name: ALRAHMAH
TradeChannel: HFS Small T.G.
hash: c82d19971b72e914a97810d1fa69a088ccdfd7750e92a523d6953c90f20fcce7
2019/12/14 | 18:42:49 | INFO | [32m[2019-12-14 18:42:49 DEBUG	vault_processor][39m\nCustID: 274380001046113
Name: AMWAJ ALKHALEEJ
TradeChannel: HFS Small T.G.
hash: ef31d6850e05ce16d3826978a54e03c048e6744cdf6bcd3754445a7a8384b5c4
2019/12/14 | 18:42:49 | INFO | [32m[2019-12-14 18:42:49 DEBUG	vault_processor][39m\nCustID: 274380001044486
Name: ANJAD
TradeChannel: HFS Small T.G.
hash: d8bb4a10e8e2d6d08f3bb5fd34584d05daedb368e7d83e470a7934703cdf477c
2019/12/14 | 18:42:49 | INFO | [32m[2019-12-14 18:42:49 DEBUG	vault_processor][39m\nCustID: 274380001044644
Name: ABDALLAH ALSUWIDAN
TradeChannel: HFS Small T.G.
hash: af9ff2ea92d7f92f31f21fb02639a2bd373284f7849e741439dcdbb83f293e61
2019/12/14 | 18:42:49 | INFO | [32m[2019-12-14 18:42:49 DEBUG	vault_processor][39m\nCustID: 274380001044780
Name: ALESHRAQ
TradeChannel: HFS Small T.G.
hash: da9917b967bfb74d1fe7f5c669b97ca6f20cb4ebc9d03764a6ece007dcbb3f5e
2019/12/14 | 18:42:49 | INFO | [32m[2019-12-14 18:42:49 DEBUG	vault_processor][39m\nCustID: 274380001044980
Name: ALTAJOB AL HADEETH
TradeChannel: Wholesaler
hash: 9e1d28818f77385beb7c1db9806515eded59d16dbcde585a11e42600a2d5bcdb
2019/12/14 | 18:42:49 | INFO | [32m[2019-12-14 18:42:49 DEBUG	vault_processor][39m\nCustID: 274380001063851
Name: NESREEN
TradeChannel: HFS Small T.G.
hash: c3fb0a869f3ffabe661395136892e542dc9cf022070bed537d41f35746401061
2019/12/14 | 18:42:49 | INFO | [32m[2019-12-14 18:42:49 DEBUG	vault_processor][39m\nCustID: 274380001067414
Name: alsyre8
TradeChannel: HFS Small T.G.
hash: f9c2b39b731ff5369fa22fd3985ea28221f16ed14372200c18bc6f48f79f98c2
2019/12/14 | 18:42:49 | INFO | [32m[2019-12-14 18:42:49 DEBUG	vault_processor][39m\nCustID: 274380001067789
Name: bandar sad albrake
TradeChannel: HFS Small T.G.
hash: e0409cac9c704a1e35a1503567ee775251b669637abd783087db0c1781687ed5
2019/12/14 | 18:42:49 | INFO | [32m[2019-12-14 18:42:49 DEBUG	vault_processor][39m\nCustID: 274380001052214
Name: AL MASYAF
TradeChannel: HFS Small T.G.
hash: eac397a4b51064918d20230aad481d2d0713a3b11568f5762e8d0c0699ad3ab2
2019/12/14 | 18:42:49 | INFO | [32m[2019-12-14 18:42:49 DEBUG	vault_processor][39m\nCustID: 274380001053979
Name: ABDALLH2
TradeChannel: HFS Small T.G.
hash: f6935e2f65fe280ce11f177c20da2d23eb26df37a0ab9bf3c2cd91ed75eedd86
2019/12/14 | 18:42:49 | INFO | [32m[2019-12-14 18:42:49 DEBUG	vault_processor][39m\nCustID: 274380001068604
Name: FARES ALMRMEKANY
TradeChannel: HFS Small T.G.
hash: c906f52af6f51692344d3eb5c0b52dce3e682d96dbf8191ad713d3a417cb8043
2019/12/14 | 18:42:49 | INFO | [32m[2019-12-14 18:42:49 DEBUG	vault_processor][39m\nCustID: 274380001069221
Name: alndawe 2
TradeChannel: HFS Small T.G.
hash: 72b8862f4f98d3d6bfd37368e84097ca2103acd8e716a21d7b2743df46971999
2019/12/14 | 18:42:49 | INFO | [32m[2019-12-14 18:42:49 DEBUG	vault_processor][39m\nCustID: 274380001046389
Name: JADAWEL ALSHAM
TradeChannel: HFS Small T.G.
hash: 71f5a00df6b11350b88b704e677df3c59f47a11fee7a25942dadaefa56f13584
2019/12/14 | 18:42:49 | INFO | [32m[2019-12-14 18:42:49 DEBUG	vault_processor][39m\nCustID: 274380001046446
Name: Al Faiyez Bakeries
TradeChannel: HFS Small T.G.
hash: 31e9018f64192a8218df784791d0b66d62adac8ea4d72e99d766f8415a6c19dd
2019/12/14 | 18:42:49 | INFO | [32m[2019-12-14 18:42:49 DEBUG	vault_processor][39m\nCustID: 274380001046513
Name: ALANKI
TradeChannel: HFS Small T.G.
hash: 0f6a4348a7f9e784c76654876c9839f3560f321c054637baf03bc37acb9f3ee8
2019/12/14 | 18:42:49 | INFO | [32m[2019-12-14 18:42:49 DEBUG	vault_processor][39m\nCustID: 274380001046810
Name: ALOSAIMI
TradeChannel: HFS Small T.G.
hash: de7336ddc882c9e2d4919e81e64df923df66a3d08974154c43f8aa7b6b8ba0c9
2019/12/14 | 18:42:49 | INFO | [32m[2019-12-14 18:42:49 DEBUG	vault_processor][39m\nCustID: 274380001046818
Name: HISHAM
TradeChannel: HFS Small T.G.
hash: 891a42311019f806190d459e3470ae31e6d6d3779f95f0ef1f7124d3598b3fa6
2019/12/14 | 18:42:49 | INFO | [32m[2019-12-14 18:42:49 DEBUG	vault_processor][39m\nCustID: 274380001046919
Name: ALNAHDI MARKETING
TradeChannel: HFS Small T.G.
hash: 5e1705d620fbd84f5540a00f031ea91c33afd37607eb82043beac8d14d5fad64
2019/12/14 | 18:42:49 | INFO | [32m[2019-12-14 18:42:49 DEBUG	vault_processor][39m\nCustID: 274380001046980
Name: TAIBAH STORE
TradeChannel: HFS Small T.G.
hash: f955bf2438e872ac09c3d85b8d812e8e592563540a0e41045ef088289fe8f904
2019/12/14 | 18:42:49 | INFO | [32m[2019-12-14 18:42:49 DEBUG	vault_processor][39m\nCustID: 274380001046995
Name: MARKAZ ALHEJAZ
TradeChannel: HFS Small T.G.
hash: fe7163aca4b05784d45d055486941a2112cee005ead2c6b9df7d43a03fc43ac2
2019/12/14 | 18:42:49 | INFO | [32m[2019-12-14 18:42:49 DEBUG	vault_processor][39m\nCustID: 274380001047041
Name: ABU MADENE STORE
TradeChannel: HFS Small T.G.
hash: 1fb2e3b1ffad8c12c4c9ef1cab33616c54a1a48d1834050217990efd31668447
2019/12/14 | 18:42:49 | INFO | [32m[2019-12-14 18:42:49 DEBUG	vault_processor][39m\nCustID: 274380001047043
Name: ALWAFAA STORE
TradeChannel: HFS Small T.G.
hash: 3ae3510cbd746ff8f19d1e0ecb0f235bfb841e15eb34c1d448e9e9bd78d630d3
2019/12/14 | 18:42:49 | INFO | [32m[2019-12-14 18:42:49 DEBUG	vault_processor][39m\nCustID: 274380001047098
Name: HASSAN
TradeChannel: HFS Small T.G.
hash: 86cfa8b0135f7b34a52d05e82c4e1079e7e98703d584de855afb1fd590a42415
2019/12/14 | 18:42:49 | INFO | [32m[2019-12-14 18:42:49 DEBUG	vault_processor][39m\nCustID: 274380001047421
Name: THEMAR ALNAKHIL
TradeChannel: HFS Small T.G.
hash: bde2b3a29a330119e71e50dc363e5b03b0db02fa6141357d6566b1d99c5f4ebb
2019/12/14 | 18:42:49 | INFO | [32m[2019-12-14 18:42:49 DEBUG	vault_processor][39m\nCustID: 274380001047951
Name: AMHAR
TradeChannel: HFS Small T.G.
hash: ffbb2a3c96c29d77df5781726cf831359fd6cdd44a00962d4cfba69d4f98486a
2019/12/14 | 18:42:49 | INFO | [32m[2019-12-14 18:42:49 DEBUG	vault_processor][39m\nCustID: 274380001048059
Name: TAMWEENAT ALFALAH
TradeChannel: HFS Small T.G.
hash: 73e53d933e4eb555fbfcd99d05bdd0cf62a7048c2f390c49c6320d87e1df528f
2019/12/14 | 18:42:49 | INFO | [32m[2019-12-14 18:42:49 DEBUG	vault_processor][39m\nCustID: 274380001048115
Name: MARHABA
TradeChannel: HFS Small T.G.
hash: 31f78a6f5f2cc7482d68689c8e4691870b2cad87169d86be7c6f19f46ff8c5c0
2019/12/14 | 18:42:49 | INFO | [32m[2019-12-14 18:42:49 DEBUG	vault_processor][39m\nCustID: 274380001045086
Name: ALTAMWIN ALMANZILI
TradeChannel: HFS Small T.G.
hash: 5cd26263cf1958efc8809074cd15ad18b0ba3a63cf9e821fc846d2316f4d6a55
Continuing to vault_processor.1576348970020.log
