2019/12/14 | 18:42:37 | INFO | [32m[2019-12-14 18:42:37 DEBUG	vault_processor][39m\nCustID: 274380001052950
Name: ALYAMI
TradeChannel: HFS Small T.G.
hash: 2fd7f3407ee7b94aa18a43db8575c9d3bee00e9f6901da37fba9e8361e78015f
******************************************************************************************
**
** Perfect Logger Logging System
** Application Version          : 1.0
** Perfect-Logger Version       : 1.5.2
** Application Start Time (UTC) : 18:40:00 2019/12/14
**
** Copyright 2018 Team whileLOOP
**
******************************************************************************************
**
** Log Number               : #26
** Continuing from Log File : vault_processor.1576348957084.log
** Log Start Time (UTC)     : 18:42:37 2019/12/14
**
******************************************************************************************
2019/12/14 | 18:42:37 | INFO | [32m[2019-12-14 18:42:37 DEBUG	vault_processor][39m\nCustID: 274380001052968
Name: ALFLAH
TradeChannel: HFS Small T.G.
hash: 31ac89cd644e0bb1bd7ca6853b0c767076001d155a4e854d801d749f0b3c8a87
2019/12/14 | 18:42:37 | INFO | [32m[2019-12-14 18:42:37 DEBUG	vault_processor][39m\nCustID: 274380001052969
Name: ALMADYNAH
TradeChannel: HFS Small T.G.
hash: 481569e8340a2c9a710a7099d56c9c03c3db7d1fca8528db31755f26ff90529e
2019/12/14 | 18:42:37 | INFO | [32m[2019-12-14 18:42:37 DEBUG	vault_processor][39m\nCustID: 274380001053093
Name: ALSHALBY
TradeChannel: HFS Small T.G.
hash: c7c86f21c94030681999f48078e436b4ebe3bb493e7aadbc3ae861e5fa023e8a
2019/12/14 | 18:42:37 | INFO | [32m[2019-12-14 18:42:37 DEBUG	vault_processor][39m\nCustID: 274380001053095
Name: ALTASAN
TradeChannel: HFS Small T.G.
hash: 1059638da65c7d47ab89d1e1d51fc7dcfda31e5f03b654be333ce65cc8ec4699
2019/12/14 | 18:42:37 | INFO | [32m[2019-12-14 18:42:37 DEBUG	vault_processor][39m\nCustID: 274380001053131
Name: AL RAOASE
TradeChannel: HFS Small T.G.
hash: 1591df9372425f8dc84f2f31c196af8cacf568cb10867a6cef05f812068e2d4f
2019/12/14 | 18:42:37 | INFO | [32m[2019-12-14 18:42:37 DEBUG	vault_processor][39m\nCustID: 274380001053188
Name: tmweenat ALJAZEERA
TradeChannel: HFS Small T.G.
hash: 424d3ab03797e20116eda8f5d5bfd077364ed3fa11cc1b813efd26388348320a
2019/12/14 | 18:42:37 | INFO | [32m[2019-12-14 18:42:37 DEBUG	vault_processor][39m\nCustID: 274380001053573
Name: ALNASIR
TradeChannel: HFS Small T.G.
hash: c362f2c302641264c44dbe5b6e25f6448742b0b4ab8f97096a55b6b5ee9c1844
2019/12/14 | 18:42:37 | INFO | [32m[2019-12-14 18:42:37 DEBUG	vault_processor][39m\nCustID: 274380001053207
Name: ALATLAL
TradeChannel: HFS Small T.G.
hash: 81f521ebb42a3317d8b80cf23f0bc5cc5f011c70db2c1835e49e3a9df8f7609c
2019/12/14 | 18:42:37 | INFO | [32m[2019-12-14 18:42:37 DEBUG	vault_processor][39m\nCustID: 274380001053192
Name: ZAHRAH
TradeChannel: HFS Small T.G.
hash: 9ce5e70a929aa8ec514b0f92dee3a04ea39f1514a4d57d5c1fc520351bbd12c9
2019/12/14 | 18:42:37 | INFO | [32m[2019-12-14 18:42:37 DEBUG	vault_processor][39m\nCustID: 274380001053574
Name: ALANWAR
TradeChannel: HFS Small T.G.
hash: 64b4233d3d7e8576009f190c7c730ac97b143408d7cea1e049d888adf14a8f13
2019/12/14 | 18:42:37 | INFO | [32m[2019-12-14 18:42:37 DEBUG	vault_processor][39m\nCustID: 274380001053926
Name: WESAM ALTAIF
TradeChannel: HFS Small T.G.
hash: aab2b001928f32e8dd86400f06d8e30644fcadd0988a018e48889a80c551c408
2019/12/14 | 18:42:37 | INFO | [32m[2019-12-14 18:42:37 DEBUG	vault_processor][39m\nCustID: 274380001053983
Name: DORH ALSAMR
TradeChannel: HFS Small T.G.
hash: 54f1028b151e9e3d48bd9f02af84624e43995e24c9ae2ba7797aad01a89a2e7f
2019/12/14 | 18:42:37 | INFO | [32m[2019-12-14 18:42:37 DEBUG	vault_processor][39m\nCustID: 274380001053984
Name: ALMAAMORH
TradeChannel: HFS Small T.G.
hash: 23e483f4fafe7fbc38af617603868d76c6c4c374566e82488845a05fb74bbd9b
2019/12/14 | 18:42:37 | INFO | [32m[2019-12-14 18:42:37 DEBUG	vault_processor][39m\nCustID: 274380001077493
Name: AL rashad al kamisah
TradeChannel: RVO Pharma
hash: 52cc22b477fc984f93e39331ff7cf82c21474f5df92b673b519bd996abe556e8
2019/12/14 | 18:42:37 | INFO | [32m[2019-12-14 18:42:37 DEBUG	vault_processor][39m\nCustID: 274380001055776
Name: Tamoinat ALJODI
TradeChannel: HFS Small T.G.
hash: 8130593968cebdd17c712006b3f53d1658b9db094faee5628f19380e8d32a460
2019/12/14 | 18:42:37 | INFO | [32m[2019-12-14 18:42:37 DEBUG	vault_processor][39m\nCustID: 274380001077279
Name: Ali Alabd Al Ali
TradeChannel: Self Service T.G
hash: 08f264989dde670a6d02a16e354173a3997762e7e7bcd0478ffda61f420cdbe7
2019/12/14 | 18:42:37 | INFO | [32m[2019-12-14 18:42:37 DEBUG	vault_processor][39m\nCustID: 274380001045894
Name: TAAJ CENTER
TradeChannel: HFS Small T.G.
hash: 493b99d709cec91342c622f190b8caed0281a63d2b825a0b58481274b3b9d422
2019/12/14 | 18:42:37 | INFO | [32m[2019-12-14 18:42:37 DEBUG	vault_processor][39m\nCustID: 274380001046791
Name: ALSULIMAN
TradeChannel: HFS Small T.G.
hash: 99c2b13091e262be9b3d80837ac27122fb40d122415ebbbac15841635c180909
2019/12/14 | 18:42:37 | INFO | [32m[2019-12-14 18:42:37 DEBUG	vault_processor][39m\nCustID: 274380001046539
Name: JAR ALLAH STORE
TradeChannel: HFS Small T.G.
hash: 6e4ef464d5a6839c894489d73631f0660301113052e7bab9c9acbafb079c4c21
2019/12/14 | 18:42:37 | INFO | [32m[2019-12-14 18:42:37 DEBUG	vault_processor][39m\nCustID: 274380001076641
Name: ABU TURKI
TradeChannel: HFS Small T.G.
hash: 0bf9f2eab3fee3e49cbb4aa1007a875c51f225f4c0bdfb8b783730870a891241
2019/12/14 | 18:42:37 | INFO | [32m[2019-12-14 18:42:37 DEBUG	vault_processor][39m\nCustID: 274380001083384
Name: N/A
TradeChannel: HFS Small T.G.
hash: 9b2f468b8b5a67f5be766816d82481f3060abdb856f4268472d157b9fe50f731
2019/12/14 | 18:42:37 | INFO | [32m[2019-12-14 18:42:37 DEBUG	vault_processor][39m\nCustID: 274380001078996
Name: tamwinat al hada
TradeChannel: HFS Small T.G.
hash: 2d46a0b3a04aa8a6a3214a082d68e8cf0e2e206af88d50cc1da11e46540c0df7
2019/12/14 | 18:42:37 | INFO | [32m[2019-12-14 18:42:37 DEBUG	vault_processor][39m\nCustID: 274380001078455
Name: muasasat sanabil lamaa altijaria
TradeChannel: HFS Small T.G.
hash: e31b14bc92391943af618be008bf32c8f0bcd7f92dd3c5dfd96ffa1b3920bb30
2019/12/14 | 18:42:37 | INFO | [32m[2019-12-14 18:42:37 DEBUG	vault_processor][39m\nCustID: 274380001045534
Name: ALBADUR
TradeChannel: HFS Small T.G.
hash: 800eba82fcdcaae570bdc21a20062beec4f4de65ee7020ad5e50f76f0816697d
2019/12/14 | 18:42:37 | INFO | [32m[2019-12-14 18:42:37 DEBUG	vault_processor][39m\nCustID: 274380001045832
Name: SOUQ ALAIELAT
TradeChannel: HFS Small T.G.
hash: 79477907c585a29dbebf29c5631186aee3eaafd8eb0adc27929141a1f95d230f
2019/12/14 | 18:42:37 | INFO | [32m[2019-12-14 18:42:37 DEBUG	vault_processor][39m\nCustID: 274380001046423
Name: ALSENOSI
TradeChannel: HFS Small T.G.
hash: 84f91f14c2c832cec0b0a51226e2de86b2eb00124a9f49d1a937ecd8f8941d12
2019/12/14 | 18:42:37 | INFO | [32m[2019-12-14 18:42:37 DEBUG	vault_processor][39m\nCustID: 274380001078648
Name: Al Sulimani
TradeChannel: HFS Small T.G.
hash: 753b59cec138dda5b4fd291b2173d5af1f367e190e636bbc8c7d4d4074040f8b
2019/12/14 | 18:42:37 | INFO | [32m[2019-12-14 18:42:37 DEBUG	vault_processor][39m\nCustID: 274380001062520
Name: ALMADINAH
TradeChannel: HFS Small T.G.
hash: ab26651a7e642baaf8cc368fb45d24b0856612a26e1c8a4192253daf872be656
2019/12/14 | 18:42:37 | INFO | [32m[2019-12-14 18:42:37 DEBUG	vault_processor][39m\nCustID: 274380001046161
Name: LEXES CLUB
TradeChannel: HFS Small T.G.
hash: 3c376fa642bcd1354ac3a55549bee76a6058171321fb6ed30f23d704083d89a1
2019/12/14 | 18:42:37 | INFO | [32m[2019-12-14 18:42:37 DEBUG	vault_processor][39m\nCustID: 274380001046600
Name: ALWATANI
TradeChannel: HFS Small T.G.
hash: e24955ed705416d5ca43b661faf675e597db911462772089143a379eb264bb0d
2019/12/14 | 18:42:37 | INFO | [32m[2019-12-14 18:42:37 DEBUG	vault_processor][39m\nCustID: 274380001046808
Name: MOHAMAD 2
TradeChannel: HFS Small T.G.
hash: 804f322cb95562f51a17857db0b56ce434015114d70599c9be103fe417facfe9
2019/12/14 | 18:42:37 | INFO | [32m[2019-12-14 18:42:37 DEBUG	vault_processor][39m\nCustID: 274380001047180
Name: MAZAYA ALMOROJ
TradeChannel: HFS Small T.G.
hash: bda7538cc3b0a3e62668a8e11dfed1b80f53883b65ae37642d62d7292254c422
2019/12/14 | 18:42:37 | INFO | [32m[2019-12-14 18:42:37 DEBUG	vault_processor][39m\nCustID: 274380001047691
Name: ALNUJOOM
TradeChannel: HFS Small T.G.
hash: 1f43e954050d2b9f30ea3d5c2de297fed06df97bf98415e0a1a2348ccacfba1b
2019/12/14 | 18:42:37 | INFO | [32m[2019-12-14 18:42:37 DEBUG	vault_processor][39m\nCustID: 274380001053985
Name: ALAGSA
TradeChannel: HFS Small T.G.
hash: d2d7a9ef7c5ce413ab6ea44639968d97fca2424445ee34859d2815548235696f
2019/12/14 | 18:42:37 | INFO | [32m[2019-12-14 18:42:37 DEBUG	vault_processor][39m\nCustID: 274380001053999
Name: ALKHOLOD
TradeChannel: HFS Small T.G.
hash: 9d62f2bfe71596618e6e0b231c48e7f6703f572de5066e3d24b4fec9d5f5c385
2019/12/14 | 18:42:37 | INFO | [32m[2019-12-14 18:42:37 DEBUG	vault_processor][39m\nCustID: 274380001054008
Name: ZAMZM
TradeChannel: HFS Small T.G.
hash: a03fdd10c2c97c41ae2bbdb5ae847827af574eed7ff25e99b51d11e15b28becd
2019/12/14 | 18:42:37 | INFO | [32m[2019-12-14 18:42:37 DEBUG	vault_processor][39m\nCustID: 274380001054010
Name: ALRASHAD
TradeChannel: HFS Small T.G.
hash: b8098274fb5228baddda9e18fa65439587e0a63cb7ddfa1af9cda3860bed9167
2019/12/14 | 18:42:37 | INFO | [32m[2019-12-14 18:42:37 DEBUG	vault_processor][39m\nCustID: 274380001054028
Name: ALSABRY
TradeChannel: HFS Small T.G.
hash: 2ccc3b1b4278c5339f95f76f50a1b491d7c7160c5ee20bcae23b4e2b8b53fef2
2019/12/14 | 18:42:37 | INFO | [32m[2019-12-14 18:42:37 DEBUG	vault_processor][39m\nCustID: 274380001054050
Name: OSRAH
TradeChannel: HFS Small T.G.
hash: 2b2998eeb169ebb449136ee6f41c54b713d050d66dd6e17e81220c0b16dc5c5a
2019/12/14 | 18:42:37 | INFO | [32m[2019-12-14 18:42:37 DEBUG	vault_processor][39m\nCustID: 274380001054052
Name: ALSAFA4
TradeChannel: HFS Small T.G.
hash: 1a4455056a1ec34e1bb90855feb32250e4f463cba32044a60ab75d97b1833a8c
2019/12/14 | 18:42:37 | INFO | [32m[2019-12-14 18:42:37 DEBUG	vault_processor][39m\nCustID: 274380001054090
Name: CLASSIC CLASSIC
TradeChannel: HFS Small T.G.
hash: 14d5de0a1da0087b1434e8b526f181019563b63beb9db69dd817c63897db8950
2019/12/14 | 18:42:37 | INFO | [32m[2019-12-14 18:42:37 DEBUG	vault_processor][39m\nCustID: 274380001054091
Name: BIN HMOD
TradeChannel: HFS Small T.G.
hash: 3a8cb25d229f3a341bacd4299bfaf077a8a57f449d55795809bf850de81d8f4a
2019/12/14 | 18:42:37 | INFO | [32m[2019-12-14 18:42:37 DEBUG	vault_processor][39m\nCustID: 274380001054150
Name: ALAILAH STORE
TradeChannel: HFS Small T.G.
hash: 16b8b4fc02738c8379c4bdfe2694d3e43a1b1e1f8de14d30f86c3b29f7e726da
2019/12/14 | 18:42:37 | INFO | [32m[2019-12-14 18:42:37 DEBUG	vault_processor][39m\nCustID: 274380001054161
Name: ALKHAIR
TradeChannel: HFS Small T.G.
hash: 672b79be5b7464c84a184109dbcea79d94c9a3e5409a162259aab23bb1263a95
2019/12/14 | 18:42:37 | INFO | [32m[2019-12-14 18:42:37 DEBUG	vault_processor][39m\nCustID: 274380001054446
Name: ALMNAR
TradeChannel: HFS Small T.G.
hash: 8b074f671aa01ec905883133a8c294532511302e310f023751a0a16727fab75f
2019/12/14 | 18:42:37 | INFO | [32m[2019-12-14 18:42:37 DEBUG	vault_processor][39m\nCustID: 274380001055020
Name: Sama
TradeChannel: HFS Small T.G.
hash: 3fb6eb53fe0d01390a8f967e24ef95efb9f7cc9ba1c307c6c3039220d5025ac6
2019/12/14 | 18:42:37 | INFO | [32m[2019-12-14 18:42:37 DEBUG	vault_processor][39m\nCustID: 274380001055175
Name: MARAHIB
TradeChannel: HFS Small T.G.
hash: 0fc81f345986f5d1338e5c11d213b203371d6cd16a1f9d2f8196c9f4d9d9ef5a
2019/12/14 | 18:42:37 | INFO | [32m[2019-12-14 18:42:37 DEBUG	vault_processor][39m\nCustID: 274380001055544
Name: SALAT ALAIELAH
TradeChannel: HFS Small T.G.
hash: dcad3aad61d064d6e1e94aaa069a8f1364a3d2c086e92913790ae397410bd76e
Continuing to vault_processor.1576348957539.log
