2019/12/14 | 18:43:50 | INFO | [32m[2019-12-14 18:43:50 DEBUG	vault_processor][39m\nCustID: 274380001092099
Name: N/A
TradeChannel: N/A
hash: 23dabb4417c18b500d66a2c156e4328f0c83fa991005da81eafc6b7bb3d015cd
******************************************************************************************
**
** Perfect Logger Logging System
** Application Version          : 1.0
** Perfect-Logger Version       : 1.5.2
** Application Start Time (UTC) : 18:40:00 2019/12/14
**
** Copyright 2018 Team whileLOOP
**
******************************************************************************************
**
** Log Number               : #119
** Continuing from Log File : vault_processor.1576349030129.log
** Log Start Time (UTC)     : 18:43:50 2019/12/14
**
******************************************************************************************
2019/12/14 | 18:43:50 | INFO | [32m[2019-12-14 18:43:50 DEBUG	vault_processor][39m\nCustID: 274380001092225
Name: N/A
TradeChannel: N/A
hash: a7e1cbb1f9172bcc1240d92f3cfe84d6dff7c59c2df0fe332b906e3b667ffdd8
2019/12/14 | 18:43:50 | INFO | [32m[2019-12-14 18:43:50 DEBUG	vault_processor][39m\nCustID: 274380001092228
Name: N/A
TradeChannel: N/A
hash: d6aa732f03969268dec7b6cf2392c28e7cf1754a8f1a97df25da2e229198f349
2019/12/14 | 18:43:50 | INFO | [32m[2019-12-14 18:43:50 DEBUG	vault_processor][39m\nCustID: 274380001092380
Name: N/A
TradeChannel: N/A
hash: 0825e70153de0bc6b8f98b7b90b9ada951faba4f4555b585468498923a53e619
2019/12/14 | 18:43:50 | INFO | [32m[2019-12-14 18:43:50 DEBUG	vault_processor][39m\nCustID: 274380001092356
Name: N/A
TradeChannel: N/A
hash: 7020fa099fc4d22c68c36d7ab38aba5b5733aaabfa390e11f6ea80ea1c30c9c1
2019/12/14 | 18:43:50 | INFO | [32m[2019-12-14 18:43:50 DEBUG	vault_processor][39m\nCustID: 274380001051156
Name: TAIBAH
TradeChannel: HFS Small T.G.
hash: d63efce5858640020e708f4baab9f933163fce378d2dfeb2edcbd4c6fda6c045
2019/12/14 | 18:43:50 | INFO | [32m[2019-12-14 18:43:50 DEBUG	vault_processor][39m\nCustID: 274380001062844
Name: MARKAZ ALATSHAN
TradeChannel: Self Service T.G
hash: 43e1a1e2461d16c8a95ec1aa59d73cefd9cb30c1614dee7cd5d834d9dc2d5072
2019/12/14 | 18:43:50 | INFO | [32m[2019-12-14 18:43:50 DEBUG	vault_processor][39m\nCustID: 274380001092420
Name: N/A
TradeChannel: HFS Small T.G.
hash: c90b7370f9d096d99bdad8ce63343c4180d4ca9093df209ec313dcb083140476
2019/12/14 | 18:43:50 | INFO | [32m[2019-12-14 18:43:50 DEBUG	vault_processor][39m\nCustID: 274380001092430
Name: N/A
TradeChannel: HFS Small T.G.
hash: dc614b9e09646c66fc2ccd2e82261e18351d5e99d07f39e7ecf5cf7b839e7115
2019/12/14 | 18:43:50 | INFO | [32m[2019-12-14 18:43:50 DEBUG	vault_processor][39m\nCustID: 274380001092443
Name: N/A
TradeChannel: HFS Small T.G.
hash: 43a05991c76c224a89f9af80b2861739378d7cf8842eef565556a2f8a5d68fa4
2019/12/14 | 18:43:50 | INFO | [32m[2019-12-14 18:43:50 DEBUG	vault_processor][39m\nCustID: 274380001092602
Name: N/A
TradeChannel: N/A
hash: 063733391529b7a0b75c5e2b1ad49bcb5494f38a77c286f01d698c58972f02fc
2019/12/14 | 18:43:50 | INFO | [32m[2019-12-14 18:43:50 DEBUG	vault_processor][39m\nCustID: 274380001092691
Name: N/A
TradeChannel: HFS Small T.G.
hash: 474db2a62d68870f0de2f743ba297c59b72b3958cec867308ede90b63e8ac2e9
2019/12/14 | 18:43:50 | INFO | [32m[2019-12-14 18:43:50 DEBUG	vault_processor][39m\nCustID: 274380001094371
Name: N/A
TradeChannel: N/A
hash: 1d7b71d2fb266c4c2e73e16b885c7c0894241c736825b4bc0d228ddb572ac262
2019/12/14 | 18:43:50 | INFO | [32m[2019-12-14 18:43:50 DEBUG	vault_processor][39m\nCustID: 274380001094633
Name: N/A
TradeChannel: HFS Small T.G.
hash: 3110b308400888c0c39444d9e05e81fc5b4aa6a4a7cbe9d518f323c668e8acaf
2019/12/14 | 18:43:50 | INFO | [32m[2019-12-14 18:43:50 DEBUG	vault_processor][39m\nCustID: 274380001094745
Name: N/A
TradeChannel: HFS Small T.G.
hash: bff0b195995cbb1a3473b168bf79454c0aae4ca164655e956de5edf0a3d63e97
2019/12/14 | 18:43:50 | INFO | [32m[2019-12-14 18:43:50 DEBUG	vault_processor][39m\nCustID: 274380001054229
Name: FIRST ALTHMIRI MEDICAL PHARMACY
TradeChannel: Pharma Tier 3
hash: 53f949cf316e7760786d4096aa30a2418a3f988d1fa360d1882f488462658038
2019/12/14 | 18:43:50 | INFO | [32m[2019-12-14 18:43:50 DEBUG	vault_processor][39m\nCustID: 274380001054579
Name: ALBASHA FOR SALE
TradeChannel: Discounters T.G
hash: b21dee6d48c30994a09715ca9b411048c4481e3d401fbaf121a955b15f89dded
2019/12/14 | 18:43:50 | INFO | [32m[2019-12-14 18:43:50 DEBUG	vault_processor][39m\nCustID: 274380001055098
Name: AL METRIK CO FOR TRADING
TradeChannel: Pharma Tier 2
hash: 5fb21e8867271f3815450b7160de2ba769a62139f2c52c3e11ea99f23e239eed
2019/12/14 | 18:43:50 | INFO | [32m[2019-12-14 18:43:50 DEBUG	vault_processor][39m\nCustID: 274380001056607
Name: Lemon Medical Pharmacy Warehouse Co
TradeChannel: Pharma Tier 2
hash: 574b43be491ab6104de92f4a8848c5811ac228c514ebe7f5e0abd79dc6e56215
2019/12/14 | 18:43:50 | INFO | [32m[2019-12-14 18:43:50 DEBUG	vault_processor][39m\nCustID: 274380001056620
Name: AREEJ AL MADINAH CO
TradeChannel: Pharma Tier 3
hash: 9e0e1d450f3ad7b66a7424d4ecf0c47669275d914b170e63063281d3f5ce48b5
2019/12/14 | 18:43:50 | INFO | [32m[2019-12-14 18:43:50 DEBUG	vault_processor][39m\nCustID: 274380001056702
Name: AL TAMMIMY EST.
TradeChannel: Wholesaler
hash: 65f9bce1293c90ece4a6dd30c6a23e9409fb0f482a708097e6fdaf60fa73d58e
2019/12/14 | 18:43:50 | INFO | [32m[2019-12-14 18:43:50 DEBUG	vault_processor][39m\nCustID: 274380001053341
Name: UNIVERSITY PHARMACY
TradeChannel: RVO Pharma
hash: 8cc647058e83c936b3c8769c97e4f628be7be020a48c6b487de5f73dacffad67
2019/12/14 | 18:43:50 | INFO | [32m[2019-12-14 18:43:50 DEBUG	vault_processor][39m\nCustID: 274380001095166
Name: N/A
TradeChannel: HFS Small T.G.
hash: 41c838d19464001f3b06cffbe3a47419337572bf9efe9d9517266968cefb5f97
2019/12/14 | 18:43:50 | INFO | [32m[2019-12-14 18:43:50 DEBUG	vault_processor][39m\nCustID: 274380001095182
Name: N/A
TradeChannel: N/A
hash: a97bd152d23c45a9804b7904b415cbe8b64220d646fe8c884aaced73d8753699
2019/12/14 | 18:43:50 | INFO | [32m[2019-12-14 18:43:50 DEBUG	vault_processor][39m\nCustID: 274380001095198
Name: N/A
TradeChannel: N/A
hash: 0bd9fed5a33964970707ff97636857e7a6820d24dfc61192011815a0ab4b3915
2019/12/14 | 18:43:50 | INFO | [32m[2019-12-14 18:43:50 DEBUG	vault_processor][39m\nCustID: 274380001095212
Name: N/A
TradeChannel: HFS Small T.G.
hash: 160189877c362a16cb27582989d82f7797e7cf0a182699d44d4fb8dbdb6dfd66
2019/12/14 | 18:43:50 | INFO | [32m[2019-12-14 18:43:50 DEBUG	vault_processor][39m\nCustID: 274380001095318
Name: N/A
TradeChannel: N/A
hash: 1c3ef45bed0c83ed32d16668e4f60def492ae8f7e5d82f8fcf866677f1d2cf1b
2019/12/14 | 18:43:50 | INFO | [32m[2019-12-14 18:43:50 DEBUG	vault_processor][39m\nCustID: 274380001055181
Name: TAMWINAT MOSAB
TradeChannel: HFS Small T.G.
hash: 23181cf62995edb982cb38874d295cffea536ab66aae733e7e2e7f4a3e536857
2019/12/14 | 18:43:50 | INFO | [32m[2019-12-14 18:43:50 DEBUG	vault_processor][39m\nCustID: 274380001044246
Name: Mohammed & Ibrahim Al Manaei Trading Com
TradeChannel: Wholesaler
hash: aa403f45de32ab97b96f390db4f3472af82ec4a5f748fecbf1740c5ff18ed686
2019/12/14 | 18:43:50 | INFO | [32m[2019-12-14 18:43:50 DEBUG	vault_processor][39m\nCustID: 274380001102090
Name: N/A
TradeChannel: N/A
hash: f48f14d712db6b64c6365c85b8fe68a7ce9ea3e26902d3ef00d422a1b7d66e35
2019/12/14 | 18:43:50 | INFO | [32m[2019-12-14 18:43:50 DEBUG	vault_processor][39m\nCustID: 274380001056918
Name: ABDULRAHMAN ABUDLLAH ALRASHEDI EST.
TradeChannel: Self Service T.G
hash: 1850fecbe428a3a65792a1b1ca7eaf18bac0a460296795e1535c54dc7dc199b4
2019/12/14 | 18:43:50 | INFO | [32m[2019-12-14 18:43:50 DEBUG	vault_processor][39m\nCustID: 274380001058648
Name: ALKHAIRAT
TradeChannel: Self Service T.G
hash: de5da7604b81f451148d6dc04a77b2e6318cac74a903971f21c91a1d99ea34e0
2019/12/14 | 18:43:50 | INFO | [32m[2019-12-14 18:43:50 DEBUG	vault_processor][39m\nCustID: 274380001060614
Name: ALAMIN CENTER 2
TradeChannel: Self Service T.G
hash: 5b86fc9cdc29782568bf442138a97b2903fefe29f69e84c56eccd5d158482f97
2019/12/14 | 18:43:50 | INFO | [32m[2019-12-14 18:43:50 DEBUG	vault_processor][39m\nCustID: 274380001062376
Name: Danube Co. For Food Stuffs
TradeChannel: National Accounts
hash: fb787d276ac99d338b4104d63d3231a5cde65ca37d84b1c16050d9ab98a0012e
2019/12/14 | 18:43:50 | INFO | [32m[2019-12-14 18:43:50 DEBUG	vault_processor][39m\nCustID: 274380001063598
Name: MAKHABIZ & MARKAZ ALAZIZIAH
TradeChannel: Self Service T.G
hash: 60c3938a0d6003f9c2e249245ccb2cbde769cd7b2f03b262a1ba2e815da20097
2019/12/14 | 18:43:50 | INFO | [32m[2019-12-14 18:43:50 DEBUG	vault_processor][39m\nCustID: 274380001064288
Name: Tamoinat Fahd
TradeChannel: Self Service T.G
hash: 2894e992e16303f5c78338b5094e4596d8a267585abf43ab7135371748f46a0a
2019/12/14 | 18:43:50 | INFO | [32m[2019-12-14 18:43:50 DEBUG	vault_processor][39m\nCustID: 274380001067044
Name: Mohammed Yslam Alnhdi Est
TradeChannel: Wholesaler
hash: 1edd2802ef9c081286aef8a0af373d9f4454b9d19277d2276ba9032a53076f73
2019/12/14 | 18:43:50 | INFO | [32m[2019-12-14 18:43:50 DEBUG	vault_processor][39m\nCustID: 274380001071845
Name: Al Unezi EST
TradeChannel: Wholesaler
hash: d382e78f2f7b48f91b8f8ff8ac33202c3f17d3e2d7fb88ad063d6e3f4d48e122
2019/12/14 | 18:43:50 | INFO | [32m[2019-12-14 18:43:50 DEBUG	vault_processor][39m\nCustID: 274380001071863
Name: Thalajt Dilta Al Nil  EST. Alqahtani
TradeChannel: Wholesaler
hash: bee0f97aa35e0f632aeaa6273032777aaeeacb240ef17b3bf81e947c56c1c141
2019/12/14 | 18:43:50 | INFO | [32m[2019-12-14 18:43:50 DEBUG	vault_processor][39m\nCustID: 274380001072003
Name: MAKHABEZ & TAMWENAT BREMAN
TradeChannel: Self Service T.G
hash: f39476e90eb06f1809cf9d03dae01654b256d382bdb3a2e95bcd20e65caccdce
2019/12/14 | 18:43:50 | INFO | [32m[2019-12-14 18:43:50 DEBUG	vault_processor][39m\nCustID: 274380001072322
Name: Sandal Altamer Est
TradeChannel: Wholesaler
hash: c31a115c65b524b6b3960f723c2267b6e6793cbd7a50f8a4195f2b05fc871b79
2019/12/14 | 18:43:50 | INFO | [32m[2019-12-14 18:43:50 DEBUG	vault_processor][39m\nCustID: 274380001072657
Name: Pharmacy Majid AL-BISHRY
TradeChannel: Pharma Tier 3
hash: 4d1377027beca6d071ee73697b8d2a05333c694acc77f8b344acc9acd97875f1
2019/12/14 | 18:43:50 | INFO | [32m[2019-12-14 18:43:50 DEBUG	vault_processor][39m\nCustID: 274380001049597
Name: Sayyaf Mohammed Ali Trading Est
TradeChannel: Sub-D
hash: 36f1426bdebe1c56367d10ac2fe88c4ede49e0e985c173e1f050e287564e8bc5
Continuing to vault_processor.1576349030506.log
