2019/12/14 | 18:53:35 | INFO | [32m[2019-12-14 18:53:35 DEBUG	vault_processor][39m\nCustID: 274380001052152
Name: AL SALAM
TradeChannel: HFS Small T.G.
hash: 5c1ec0df8191652311f686f557c709d10f0f558373a27390d81288041bb85477
******************************************************************************************
**
** Perfect Logger Logging System
** Application Version          : 1.0
** Perfect-Logger Version       : 1.5.2
** Application Start Time (UTC) : 18:49:52 2019/12/14
**
** Copyright 2018 Team whileLOOP
**
******************************************************************************************
**
** Log Number               : #7
** Continuing from Log File : vault_processor.1576349615936.log
** Log Start Time (UTC)     : 18:53:35 2019/12/14
**
******************************************************************************************
2019/12/14 | 18:53:35 | INFO | [32m[2019-12-14 18:53:35 DEBUG	vault_processor][39m\nCustID: 274380001052745
Name: MAHTAT ALTAJ
TradeChannel: HFS Small T.G.
hash: eeac0c5a838144ea184e42dfc48d0d411c47e949568813ae5cff6f7dba32c1fe
2019/12/14 | 18:53:36 | INFO | [32m[2019-12-14 18:53:36 DEBUG	vault_processor][39m\nCustID: 274380001053305
Name: BAWAZEER PHARMACY
TradeChannel: RVO Pharma
hash: 889da64f92b072cc3a68717039b010ddf9e4f67cb9dbe0de6328737aae463da4
2019/12/14 | 18:53:36 | INFO | [32m[2019-12-14 18:53:36 DEBUG	vault_processor][39m\nCustID: 274380001059951
Name: ALMATAR ALHADEETH MARKET
TradeChannel: HFS Small T.G.
hash: 103d0a19a75ee001040e4222b17ec04de47a8d914d12c83d29003399b4860309
2019/12/14 | 18:53:36 | INFO | [32m[2019-12-14 18:53:36 DEBUG	vault_processor][39m\nCustID: 274380001060069
Name: ALSAAD
TradeChannel: HFS Small T.G.
hash: f08d9a048386a1774dce29deee88e5d94b75ac6433e5f552af41b3c35c73a59e
2019/12/14 | 18:53:36 | INFO | [32m[2019-12-14 18:53:36 DEBUG	vault_processor][39m\nCustID: 274380001060787
Name: ALHAMMAD Complex
TradeChannel: HFS Small T.G.
hash: f1ba1d74bfb3f2d0ecdabc59b0c0fcfac9e3c2ab1b9629bd09f8c8c571943b66
2019/12/14 | 18:53:36 | INFO | [32m[2019-12-14 18:53:36 DEBUG	vault_processor][39m\nCustID: 274380001060789
Name: ALHUJILAN ALFAIZEYAH
TradeChannel: HFS Small T.G.
hash: 317512b04f5bba629f685f1ed6d1af793f060f02a8cf3f817a54aa47f47bbb21
2019/12/14 | 18:53:36 | INFO | [32m[2019-12-14 18:53:36 DEBUG	vault_processor][39m\nCustID: 274380001060937
Name: Altamayz
TradeChannel: HFS Small T.G.
hash: 7dedd053858f45715820f49b3deec23a354a52f3cc5280875a57b3dc2e590b38
2019/12/14 | 18:53:36 | INFO | [32m[2019-12-14 18:53:36 DEBUG	vault_processor][39m\nCustID: 274380001061014
Name: MOR ALSAIL
TradeChannel: HFS Small T.G.
hash: da19451c8d519f1a8e759ca2a1923ec5bf17177e37d9f3af731521ebdfda4d18
2019/12/14 | 18:53:36 | INFO | [32m[2019-12-14 18:53:36 DEBUG	vault_processor][39m\nCustID: 274380001060969
Name: ALROSHODI
TradeChannel: HFS Small T.G.
hash: 6b7137a6bcf61e3460745f9aa700f0ca7a867c8632049fbfd320a7f4bf4e6269
2019/12/14 | 18:53:36 | INFO | [32m[2019-12-14 18:53:36 DEBUG	vault_processor][39m\nCustID: 274380001060993
Name: ALREMAL
TradeChannel: HFS Small T.G.
hash: 5d2fda47dd45b2889498d1fc602e1f562f0e5b62199c2a23a32bc58aa4114161
2019/12/14 | 18:53:36 | INFO | [32m[2019-12-14 18:53:36 DEBUG	vault_processor][39m\nCustID: 274380001061050
Name: ALMOSHOIQEH
TradeChannel: HFS Small T.G.
hash: 290f365a9fadaa8fcdad959a20c37325aa95b0517be02ac3d24b9f2651391598
2019/12/14 | 18:53:36 | INFO | [32m[2019-12-14 18:53:36 DEBUG	vault_processor][39m\nCustID: 274380001061082
Name: ALEQTISAD STAITION
TradeChannel: HFS Small T.G.
hash: 7c605a3218a8ba3fb373a8cfa9c96269c6fe924eefa5fc2612c78b04d336dfec
2019/12/14 | 18:53:36 | INFO | [32m[2019-12-14 18:53:36 DEBUG	vault_processor][39m\nCustID: 274380001061087
Name: WAFAA ABDULRAHMAN
TradeChannel: HFS Small T.G.
hash: 16040ffd564bab978145a55d0486ac8ae887fc0e1f39b944a54d356fe4761120
2019/12/14 | 18:53:36 | INFO | [32m[2019-12-14 18:53:36 DEBUG	vault_processor][39m\nCustID: 274380001061111
Name: ALQOWISERAH
TradeChannel: HFS Small T.G.
hash: cb2609ee0e633dac7381ee2f78a0ba1d15de7fa060dac66bedc022e18fbc7e95
2019/12/14 | 18:53:36 | INFO | [32m[2019-12-14 18:53:36 DEBUG	vault_processor][39m\nCustID: 274380001061144
Name: ALSEDEARI
TradeChannel: HFS Small T.G.
hash: 0059f6658251f65afb3d93852202369af81e0340fb05f0bf4bfc256107cbfd62
2019/12/14 | 18:53:36 | INFO | [32m[2019-12-14 18:53:36 DEBUG	vault_processor][39m\nCustID: 274380001061256
Name: ALEJTEYAZ
TradeChannel: HFS Small T.G.
hash: 14723619946f0696eb9b5ef74812fed5cd4f33e6d5a491b1a859e86ef60bcf10
2019/12/14 | 18:53:36 | INFO | [32m[2019-12-14 18:53:36 DEBUG	vault_processor][39m\nCustID: 274380001061310
Name: TAMWENAT ALSEARI
TradeChannel: HFS Small T.G.
hash: 90bf275c438eceb2a50b7ac53875adae853a856896a22f0d54d01268b2c0c38b
2019/12/14 | 18:53:36 | INFO | [32m[2019-12-14 18:53:36 DEBUG	vault_processor][39m\nCustID: 274380001061315
Name: Romanah
TradeChannel: HFS Small T.G.
hash: 640e3766d170ac3f8aa786bc9180276605549948dad5a16d21f5377ac8c7db70
2019/12/14 | 18:53:36 | INFO | [32m[2019-12-14 18:53:36 DEBUG	vault_processor][39m\nCustID: 274380001061366
Name: ALFREADI
TradeChannel: HFS Small T.G.
hash: 1c31c2188fe9a411178093a3c3060a45c25b2301017863e91dc00b7ecbab2f12
2019/12/14 | 18:53:36 | INFO | [32m[2019-12-14 18:53:36 DEBUG	vault_processor][39m\nCustID: 274380001061478
Name: ALBEROJ
TradeChannel: HFS Small T.G.
hash: de3d74257385b9965ad44bb851d4dedf846d76fa33458c2a67de0d13063ec2f4
2019/12/14 | 18:53:36 | INFO | [32m[2019-12-14 18:53:36 DEBUG	vault_processor][39m\nCustID: 274380001061555
Name: ALDURAH
TradeChannel: HFS Small T.G.
hash: 9a3a08c0841e72278b96665f12648168635785c2e73abb1f98842a280c23ed61
2019/12/14 | 18:53:36 | INFO | [32m[2019-12-14 18:53:36 DEBUG	vault_processor][39m\nCustID: 274380001051161
Name: ALFAISAL
TradeChannel: HFS Small T.G.
hash: 233cf5e7b992cc051b1484ef425fd21a4ecb11fde34cd111062ee7a28384ac6d
2019/12/14 | 18:53:36 | INFO | [32m[2019-12-14 18:53:36 DEBUG	vault_processor][39m\nCustID: 274380001053304
Name: NOUF PHARMACY
TradeChannel: RVO Pharma
hash: 66e90b9e5ed39ada04d506f2f427df20e2163a18fa459a00f8974f34fea0d3a1
2019/12/14 | 18:53:36 | INFO | [32m[2019-12-14 18:53:36 DEBUG	vault_processor][39m\nCustID: 274380001046985
Name: OSRATY
TradeChannel: HFS Small T.G.
hash: 6c45a3d0fb0a7d8844c1f49b1babf26dcff4f7a911d70d2e83490e5a8bd6c69e
2019/12/14 | 18:53:36 | INFO | [32m[2019-12-14 18:53:36 DEBUG	vault_processor][39m\nCustID: 274380001047059
Name: SULTAN
TradeChannel: HFS Small T.G.
hash: a746e8a5951aebed362a739c25c557dbae9edaa504dab6bbcfa186275e99b985
2019/12/14 | 18:53:36 | INFO | [32m[2019-12-14 18:53:36 DEBUG	vault_processor][39m\nCustID: 274380001059658
Name: ZAIN ALABDEEN
TradeChannel: HFS Small T.G.
hash: a8e362de47daed0ca380e29afa4fc804d3c51eaa9c40d4a38884cb20d4f3f207
2019/12/14 | 18:53:36 | INFO | [32m[2019-12-14 18:53:36 DEBUG	vault_processor][39m\nCustID: 274380001059699
Name: ABULMOHSIN
TradeChannel: HFS Small T.G.
hash: 0c342f3402aa25663df852749b18de198a9469b187e33fc0d3b144d8366d8bc7
2019/12/14 | 18:53:36 | INFO | [32m[2019-12-14 18:53:36 DEBUG	vault_processor][39m\nCustID: 274380001055270
Name: AL SENAN
TradeChannel: HFS Small T.G.
hash: e7efac446ffd0c33f2c87d873cf26937aa007167e8f5f8606a4d1a0ca88e6138
2019/12/14 | 18:53:36 | INFO | [32m[2019-12-14 18:53:36 DEBUG	vault_processor][39m\nCustID: 274380001055539
Name: ALMENHALI
TradeChannel: HFS Small T.G.
hash: ebb1d8592b08b489bb75d25b3768c4bfbdfa8da110c0d0d27a644e296a93d1a7
2019/12/14 | 18:53:36 | INFO | [32m[2019-12-14 18:53:36 DEBUG	vault_processor][39m\nCustID: 274380001047815
Name: ALWEAM SUPERMARKET
TradeChannel: HFS Small T.G.
hash: a814ea43ec80a71190439403f14771db5589974ea6e1aceecb18d7c45babec4d
2019/12/14 | 18:53:36 | INFO | [32m[2019-12-14 18:53:36 DEBUG	vault_processor][39m\nCustID: 274380001048026
Name: AL ARHABEEL
TradeChannel: HFS Small T.G.
hash: 1e10c8d17673f2f6c8a519be586b63ec2065e754f95e750a605d3afcb5ce70cc
2019/12/14 | 18:53:36 | INFO | [32m[2019-12-14 18:53:36 DEBUG	vault_processor][39m\nCustID: 274380001051630
Name: ALMARWAH
TradeChannel: HFS Small T.G.
hash: 241c1464f5e9b7dd1eb5d884b4eb7d1fbf64497795f5654ecadbe6107b690890
2019/12/14 | 18:53:36 | INFO | [32m[2019-12-14 18:53:36 DEBUG	vault_processor][39m\nCustID: 274380001053297
Name: MOHAMAD QADAH EST.PAHRMACY
TradeChannel: RVO Pharma
hash: 8727b830a5367ad50a6f6b03ee6fd613bc25aeb834c281a4dafb435e5f17df7b
2019/12/14 | 18:53:36 | INFO | [32m[2019-12-14 18:53:36 DEBUG	vault_processor][39m\nCustID: 274380001054482
Name: QARYAT ALMOSTAHLIK
TradeChannel: HFS Small T.G.
hash: 808d0a58e7e213927cb9d0d12db546204c9847304e2975d40ecc798b562a560e
2019/12/14 | 18:53:36 | INFO | [32m[2019-12-14 18:53:36 DEBUG	vault_processor][39m\nCustID: 274380001058426
Name: RASHID
TradeChannel: HFS Small T.G.
hash: 33dc00f3583562b35b6c7d646f51a981feddab5cecab23c7b2eb9ae50fea22c2
2019/12/14 | 18:53:36 | INFO | [32m[2019-12-14 18:53:36 DEBUG	vault_processor][39m\nCustID: 274380001058579
Name: ALBADUR
TradeChannel: HFS Small T.G.
hash: a60c4a2ca0c9e09d6888aaf7671386bb5b932067178e371215db5c2471eeee69
2019/12/14 | 18:53:36 | INFO | [32m[2019-12-14 18:53:36 DEBUG	vault_processor][39m\nCustID: 274380001061566
Name: ALGHARBIAH
TradeChannel: HFS Small T.G.
hash: 40a5521e2ff797b3d26a6144fa22ca19bfd3b484fe7ec3ab124e5a7a27dd9db1
2019/12/14 | 18:53:36 | INFO | [32m[2019-12-14 18:53:36 DEBUG	vault_processor][39m\nCustID: 274380001061623
Name: ALMGHAMSI
TradeChannel: HFS Small T.G.
hash: 572f94142df8f2d946688bfc247f98453d28045961514308744f08bebd0049d5
2019/12/14 | 18:53:36 | INFO | [32m[2019-12-14 18:53:36 DEBUG	vault_processor][39m\nCustID: 274380001061914
Name: ALFAHAD
TradeChannel: HFS Small T.G.
hash: 4c51d89e121cc04062602b1aaceb6478945be8798e8c3f62e1dea4864dc053e2
2019/12/14 | 18:53:36 | INFO | [32m[2019-12-14 18:53:36 DEBUG	vault_processor][39m\nCustID: 274380001061926
Name: ABDULRAHMAN ALHASSAN
TradeChannel: HFS Small T.G.
hash: 030ba1afee1c1072b5bcf57f2edd627b8e2f28ffe9b41ff862437bab40d5dab1
2019/12/14 | 18:53:36 | INFO | [32m[2019-12-14 18:53:36 DEBUG	vault_processor][39m\nCustID: 274380001062028
Name: ALSADIQ
TradeChannel: HFS Small T.G.
hash: 37b70252f6c65b778fbc3ec3894a85940baab5d428178b4c8f67f9bd60e6f40d
2019/12/14 | 18:53:36 | INFO | [32m[2019-12-14 18:53:36 DEBUG	vault_processor][39m\nCustID: 274380001062192
Name: SAAD RASHID
TradeChannel: HFS Small T.G.
hash: 7ca91917b840659210ae6dd1f574a1b4e08c957eae4b60f22f13868e07c6044c
2019/12/14 | 18:53:36 | INFO | [32m[2019-12-14 18:53:36 DEBUG	vault_processor][39m\nCustID: 274380001062193
Name: ALAWAEL
TradeChannel: HFS Small T.G.
hash: 10de2c60436baa6843890d2a49b403f73fb07d239ed73fcb9d3d2cf5c4ecc389
2019/12/14 | 18:53:36 | INFO | [32m[2019-12-14 18:53:36 DEBUG	vault_processor][39m\nCustID: 274380001062195
Name: ALADREYAH
TradeChannel: HFS Small T.G.
hash: f52d37ed79ce1d67866c6fa574250306c579360e86f323dde16c5190b5377adb
2019/12/14 | 18:53:36 | INFO | [32m[2019-12-14 18:53:36 DEBUG	vault_processor][39m\nCustID: 274380001062778
Name: AZZAM
TradeChannel: HFS Small T.G.
hash: f77e21370e5f00e2e9271dc3ff4c6897ab889129e82f4ce09afc4140eff1f23e
Continuing to vault_processor.1576349616367.log
