******************************************************************************************
**
** Perfect Logger Logging System
** Application Version          : 1.0
** Perfect-Logger Version       : 1.5.2
** Application Start Time (UTC) : 18:49:52 2019/12/14
**
** Copyright 2018 Team whileLOOP
**
******************************************************************************************
**
** Log Number               : #70
** Continuing from Log File : vault_processor.1576349696922.log
** Log Start Time (UTC)     : 18:54:56 2019/12/14
**
******************************************************************************************
2019/12/14 | 18:54:56 | INFO | [32m[2019-12-14 18:54:56 DEBUG	vault_processor][39m\nCustID: 274380001045286
Name: ZAIN ALABEDEEN
TradeChannel: HFS Small T.G.
hash: 0affd1ca571b2ef6efd54ad4f2c7eac8884b5f19f2cac7ae95975dc1a7078fd1
2019/12/14 | 18:54:56 | INFO | [32m[2019-12-14 18:54:56 DEBUG	vault_processor][39m\nCustID: 274380001045919
Name: IMAN LUTF ALDIN KHOJAH TRD EST
TradeChannel: Wholesaler
hash: 98775054c06f14bdac45095935f094460f42161befec584e604e6115c0afa2d1
2019/12/14 | 18:54:56 | INFO | [32m[2019-12-14 18:54:56 DEBUG	vault_processor][39m\nCustID: 274380001045320
Name: ALMOLOHI TO FOOD
TradeChannel: Semi-Wholesaler T.G
hash: 980fb70e7e070973cf961544f62c4a3f3caf8c078aa5b93d2fccec5d2c1f5b31
2019/12/14 | 18:54:56 | INFO | [32m[2019-12-14 18:54:56 DEBUG	vault_processor][39m\nCustID: 274380001046522
Name: SALMAN FARHAN ALKHALEDI
TradeChannel: HFS Small T.G.
hash: 26c8afb0598aa2cac4fee5d02ba415a430a899fcf962525a6e27d89c4407c684
2019/12/14 | 18:54:56 | INFO | [32m[2019-12-14 18:54:56 DEBUG	vault_processor][39m\nCustID: 274380001047012
Name: Al Mulbari Trading Est.
TradeChannel: HFS Small T.G.
hash: 4d6fc181322a479ee60144ffdf4ed2a9b36f603e365ac803c94184157745572d
2019/12/14 | 18:54:56 | INFO | [32m[2019-12-14 18:54:56 DEBUG	vault_processor][39m\nCustID: 274380001048162
Name: TAMWINAT BAMBER
TradeChannel: HFS Small T.G.
hash: d0af9b2cb87aeefc713082c1b481efa93b23d50246d42699de5c6c86a624ef7e
2019/12/14 | 18:54:56 | INFO | [32m[2019-12-14 18:54:56 DEBUG	vault_processor][39m\nCustID: 274380001050747
Name: ALABAD
TradeChannel: HFS Small T.G.
hash: a59df966c07fd702cdecd40ab411f7fc54fc49c60b98ea4883c8391ab6994997
2019/12/14 | 18:54:57 | INFO | [32m[2019-12-14 18:54:57 DEBUG	vault_processor][39m\nCustID: 274380001069868
Name: Center EBN Enas
TradeChannel: HFS Small T.G.
hash: 473e7de8cc16ad5d8ac52a2be513cae091422a2edaec55968c59deb2ba3a8aba
2019/12/14 | 18:54:57 | INFO | [32m[2019-12-14 18:54:57 DEBUG	vault_processor][39m\nCustID: 274380001050784
Name: ALABDALLAH
TradeChannel: HFS Small T.G.
hash: 3f92577f90502addd5b38d5f4cac4ed0defddb354cee08058c6c37e1c2d0bb32
2019/12/14 | 18:54:57 | INFO | [32m[2019-12-14 18:54:57 DEBUG	vault_processor][39m\nCustID: 274380001063280
Name: ALKHALEDI
TradeChannel: HFS Small T.G.
hash: 25c9e52f0f1f298e9f2c32acab92a509fcfc15674f62387827c324f1f8c0dc2f
2019/12/14 | 18:54:57 | INFO | [32m[2019-12-14 18:54:57 DEBUG	vault_processor][39m\nCustID: 274380001063765
Name: ALASWAQ ALMARKAZIA
TradeChannel: HFS Small T.G.
hash: 6c25232a2301c280484813bfee5168f9ef8a1744b91ffbd9d10c15f4e4736b94
2019/12/14 | 18:54:57 | INFO | [32m[2019-12-14 18:54:57 DEBUG	vault_processor][39m\nCustID: 274380001068594
Name: ABDALRHMAN ALKLEL
TradeChannel: HFS Small T.G.
hash: ca531106addd868c479cf358722052ceba5dc922371feff54aa89160711cf326
2019/12/14 | 18:54:57 | INFO | [32m[2019-12-14 18:54:57 DEBUG	vault_processor][39m\nCustID: 274380001047058
Name: ALNASIR
TradeChannel: HFS Small T.G.
hash: 48a85d37653c72318dda8cc7f8bd5754912f06f296801fe1d6910deed13fa9df
2019/12/14 | 18:54:57 | INFO | [32m[2019-12-14 18:54:57 DEBUG	vault_processor][39m\nCustID: 274380001050165
Name: ABEERY STORE
TradeChannel: HFS Small T.G.
hash: f85d93c54ccb30b195f1d79c134a066d57cd7da75ed08c4db6b7240e927dbc67
2019/12/14 | 18:54:57 | INFO | [32m[2019-12-14 18:54:57 DEBUG	vault_processor][39m\nCustID: 274380001051528
Name: ALTASAWOQ ALSAHAL
TradeChannel: HFS Small T.G.
hash: a80be3f1479e90d4d9b31eecb280f369a5fb984a7433c1096c26535b5756e58a
2019/12/14 | 18:54:57 | INFO | [32m[2019-12-14 18:54:57 DEBUG	vault_processor][39m\nCustID: 274380001052290
Name: ALMANSOURAH
TradeChannel: HFS Small T.G.
hash: 49eaabc8c00dc8ab33b8b7504007fab8f044cb3fbf747ce196a6f4d044db18a5
2019/12/14 | 18:54:57 | INFO | [32m[2019-12-14 18:54:57 DEBUG	vault_processor][39m\nCustID: 274380001052315
Name: SALAT ALGHEZAA
TradeChannel: Self Service T.G
hash: efb611f1e5784bd122fe4ed2cc85b0d712a1977d3768f66af1c61750c568808e
2019/12/14 | 18:54:57 | INFO | [32m[2019-12-14 18:54:57 DEBUG	vault_processor][39m\nCustID: 274380001053491
Name: ALMOUSA HOSPITAL
TradeChannel: Pharma Tier 3
hash: 17d7dfb6c46be35614acedcb24cf63b9d329eb36abe75b2b3bd4f84d686f4c7f
2019/12/14 | 18:54:57 | INFO | [32m[2019-12-14 18:54:57 DEBUG	vault_processor][39m\nCustID: 274380001053497
Name: ALMUNAJAH PHARMACY
TradeChannel: Pharma Tier 3
hash: 1e12dbdbe5e973cf02314f73b0b411d161bf3e0c62b25620c2adf331ed1808a1
2019/12/14 | 18:54:57 | INFO | [32m[2019-12-14 18:54:57 DEBUG	vault_processor][39m\nCustID: 274380001054381
Name: ZAFIR MOBARAK
TradeChannel: HFS Small T.G.
hash: c66b142d28119ba9d40b6f378094f8677ed284e7afe1e330fe0e8f14322a6fbd
2019/12/14 | 18:54:57 | INFO | [32m[2019-12-14 18:54:57 DEBUG	vault_processor][39m\nCustID: 274380001054967
Name: QAWAFIL ALSHARQ
TradeChannel: HFS Small T.G.
hash: 0559a34df80f9363b82de665303a67d5654256fdd8e501f2321342469d7e56a4
2019/12/14 | 18:54:57 | INFO | [32m[2019-12-14 18:54:57 DEBUG	vault_processor][39m\nCustID: 274380001055206
Name: SALEH ALI MOHAMMED ABUZAID CENTER
TradeChannel: HFS Small T.G.
hash: c52bd18633c91b392d9f12aeb1b8d1706d9467aacb97522cb8ff9ddeb95d1c18
2019/12/14 | 18:54:57 | INFO | [32m[2019-12-14 18:54:57 DEBUG	vault_processor][39m\nCustID: 274380001055040
Name: MARKAZ ALMEKHLAFI
TradeChannel: Discounters T.G
hash: ea0dd791b2c5dc154062fe438c4641f41a1af004ed9828ec4694265a4f3b93c1
2019/12/14 | 18:54:57 | INFO | [32m[2019-12-14 18:54:57 DEBUG	vault_processor][39m\nCustID: 274380001056205
Name: Al Mulbari Trading Est.
TradeChannel: HFS Small T.G.
hash: 0c8243e44249be0a6f7b3a0c9dcdf25e7ddd58ed5043dfdac48a1f4159249ecc
2019/12/14 | 18:54:57 | INFO | [32m[2019-12-14 18:54:57 DEBUG	vault_processor][39m\nCustID: 274380001055930
Name: ALMEDBAA
TradeChannel: Self Service T.G
hash: 6d7986a5fa5019eb34b6603854d3d918d5ae6328dee071dfa002287af0404b69
2019/12/14 | 18:54:57 | INFO | [32m[2019-12-14 18:54:57 DEBUG	vault_processor][39m\nCustID: 274380001060091
Name: ALOSAIMI
TradeChannel: HFS Small T.G.
hash: 863cf9a1416fd22c3aa1572636fce344a040c752e4f2ac2eedffe687f73f47cc
2019/12/14 | 18:54:57 | INFO | [32m[2019-12-14 18:54:57 DEBUG	vault_processor][39m\nCustID: 274380001060581
Name: ALWESAM
TradeChannel: HFS Small T.G.
hash: ce527f245b7581a20c43e8b2fd54ca5a815f45256a12097cd84da96a117bae9a
2019/12/14 | 18:54:57 | INFO | [32m[2019-12-14 18:54:57 DEBUG	vault_processor][39m\nCustID: 274380001084921
Name: N/A
TradeChannel: HFS Small T.G.
hash: c0b06c460946458a39170f45218745fb312105d329629fbfb5cdee3587835239
2019/12/14 | 18:54:57 | INFO | [32m[2019-12-14 18:54:57 DEBUG	vault_processor][39m\nCustID: 274380001085222
Name: N/A
TradeChannel: HFS Small T.G.
hash: 5e513a4ab3da7889418dbd2bb3ed6ffb2cf3889274ee3392e4c90fd7ce6f91e6
2019/12/14 | 18:54:57 | INFO | [32m[2019-12-14 18:54:57 DEBUG	vault_processor][39m\nCustID: 274380001085398
Name: N/A
TradeChannel: HFS Small T.G.
hash: 0daf75e390331bee17153ae6b58c3da4026f95e8e383f2eab008adde2a1ec77d
2019/12/14 | 18:54:57 | INFO | [32m[2019-12-14 18:54:57 DEBUG	vault_processor][39m\nCustID: 274380001089509
Name: N/A
TradeChannel: HFS Small T.G.
hash: 316c0a391a5006dc90bf124bea381e9edf62ea0c17e9896f990a4cbb8204c93e
2019/12/14 | 18:54:57 | INFO | [32m[2019-12-14 18:54:57 DEBUG	vault_processor][39m\nCustID: 274380001055163
Name: ALTAJ
TradeChannel: HFS Small T.G.
hash: 2f683e02a955e89ba50f6e42b10a6165210857e19baa98cd56170cf6a973e567
2019/12/14 | 18:54:57 | INFO | [32m[2019-12-14 18:54:57 DEBUG	vault_processor][39m\nCustID: 274380001085346
Name: N/A
TradeChannel: HFS Small T.G.
hash: 479ac78d39f4d3829137037b66d57261c8d0d71705dc412a76c1282ce23779e5
2019/12/14 | 18:54:57 | INFO | [32m[2019-12-14 18:54:57 DEBUG	vault_processor][39m\nCustID: 274380001090532
Name: N/A
TradeChannel: HFS Small T.G.
hash: c2bc35726516e76bb96ef6abf4429c78416b9b252d09299f9b6c510a7ee77faf
2019/12/14 | 18:54:57 | INFO | [32m[2019-12-14 18:54:57 DEBUG	vault_processor][39m\nCustID: 274380001090543
Name: N/A
TradeChannel: HFS Small T.G.
hash: 333c1ec51aa7fb5af2034bd14260819296d3651697694e5d1abd8643e0abb676
2019/12/14 | 18:54:57 | INFO | [32m[2019-12-14 18:54:57 DEBUG	vault_processor][39m\nCustID: 274380001071888
Name: MARKAZ ALFahma
TradeChannel: HFS Small T.G.
hash: 7912454edab5af01d781466b3af9f825b9b4de0420b431fb55165e9792bffc2a
2019/12/14 | 18:54:57 | INFO | [32m[2019-12-14 18:54:57 DEBUG	vault_processor][39m\nCustID: 274380001067641
Name: NADAFTK ALARABIYA
TradeChannel: HFS Small T.G.
hash: fe96b01518b02f2101e56a518a9f26ae63a419645bfcdad9392bf71de73de49c
2019/12/14 | 18:54:57 | INFO | [32m[2019-12-14 18:54:57 DEBUG	vault_processor][39m\nCustID: 274380001057843
Name: ZAHRAT ALMADINA
TradeChannel: HFS Small T.G.
hash: 30d556dd8897b27ba49fa6bf8d0387a571f58661c0d50ef03ec86e12ba95f592
2019/12/14 | 18:54:57 | INFO | [32m[2019-12-14 18:54:57 DEBUG	vault_processor][39m\nCustID: 274380001058304
Name: ALRABEA
TradeChannel: HFS Small T.G.
hash: a8d3e9293aee6489f3e059e894d7d033f0359cc603519a993183a2bd25fcfa0e
2019/12/14 | 18:54:57 | INFO | [32m[2019-12-14 18:54:57 DEBUG	vault_processor][39m\nCustID: 274380001060620
Name: ALERAABI
TradeChannel: Self Service T.G
hash: 0da28ee3d6a0fa8df6fe2268992eba8ef078491cf95e840deaf32f93a0bfb18f
2019/12/14 | 18:54:57 | INFO | [32m[2019-12-14 18:54:57 DEBUG	vault_processor][39m\nCustID: 274380001061509
Name: BITRO
TradeChannel: HFS Small T.G.
hash: 8a248e00bf204e8cd462789bf69c9da7b4a08f39cc17d81858335f658ce31f8f
Continuing to vault_processor.1576349697298.log
