******************************************************************************************
**
** Perfect Logger Logging System
** Application Version          : 1.0
** Perfect-Logger Version       : 1.5.2
** Application Start Time (UTC) : 18:49:52 2019/12/14
**
** Copyright 2018 Team whileLOOP
**
******************************************************************************************
**
** Log Number               : #106
** Continuing from Log File : vault_processor.1576349742930.log
** Log Start Time (UTC)     : 18:55:42 2019/12/14
**
******************************************************************************************
2019/12/14 | 18:55:42 | INFO | [32m[2019-12-14 18:55:42 DEBUG	vault_processor][39m\nCustID: 274380001099148
Name: N/A
TradeChannel: N/A
hash: f46f14fcd933360ff6614987475c9634adb0f1c50f3a4e504d306647d4a2ecec
2019/12/14 | 18:55:42 | INFO | [32m[2019-12-14 18:55:42 DEBUG	vault_processor][39m\nCustID: 274380001062750
Name: ALSHERAA ALAKHDAR
TradeChannel: HFS Small T.G.
hash: 56080ecd04726d19c37095af6b09523a9b711af04a4911091459315bef2a385a
2019/12/14 | 18:55:42 | INFO | [32m[2019-12-14 18:55:42 DEBUG	vault_processor][39m\nCustID: 274380001096625
Name: N/A
TradeChannel: N/A
hash: 20313561406a46dea589eef525b84822cbc10eda13e500ee1add84f65054cc80
2019/12/14 | 18:55:42 | INFO | [32m[2019-12-14 18:55:42 DEBUG	vault_processor][39m\nCustID: 274380001096694
Name: N/A
TradeChannel: N/A
hash: 8d26e768828d526e7cd4e9bf2bced79f2f29807f46dda1d07891268630bd8539
2019/12/14 | 18:55:42 | INFO | [32m[2019-12-14 18:55:42 DEBUG	vault_processor][39m\nCustID: 274380001096943
Name: N/A
TradeChannel: N/A
hash: 7ef17c1c3d93e9b8a89368ad1960508ac392f4053d461a88533c7962a74d1de0
2019/12/14 | 18:55:43 | INFO | [32m[2019-12-14 18:55:43 DEBUG	vault_processor][39m\nCustID: 274380001078698
Name: Bayarq Al Tawfiq Trading Est
TradeChannel: Self Service T.G
hash: 66f5da3fe95fee06a1659d766c7cc392999cb7f6d1d408817c13857d7fd939b9
2019/12/14 | 18:55:43 | INFO | [32m[2019-12-14 18:55:43 DEBUG	vault_processor][39m\nCustID: 274380001091552
Name: N/A
TradeChannel: N/A
hash: cefe5448453b76a61df8bdab22dd2b2a5d7fdf563a3fd183bc88e1baec40ac14
2019/12/14 | 18:55:43 | INFO | [32m[2019-12-14 18:55:43 DEBUG	vault_processor][39m\nCustID: 274380001091715
Name: N/A
TradeChannel: N/A
hash: a0a9297ec3088f5b0669bea7d15b41a5449457c075918af71deb5f2d389752cf
2019/12/14 | 18:55:43 | INFO | [32m[2019-12-14 18:55:43 DEBUG	vault_processor][39m\nCustID: 274380001098471
Name: N/A
TradeChannel: N/A
hash: f313f7fd90d4cacf234cf4c93e0d53f75905b3ef8bf3ca13486121f1a038a69e
2019/12/14 | 18:55:43 | INFO | [32m[2019-12-14 18:55:43 DEBUG	vault_processor][39m\nCustID: 274380001098710
Name: N/A
TradeChannel: N/A
hash: 6708a5ccbcfbefb71c183f739e6e8d883a0e4ef5764c3f310bd7901352fddde9
2019/12/14 | 18:55:43 | INFO | [32m[2019-12-14 18:55:43 DEBUG	vault_processor][39m\nCustID: 274380001098804
Name: N/A
TradeChannel: N/A
hash: 50b50222f71ba0cafaf7630bd7a747de81d4fa226b77b965f4002cf88a66e6b4
2019/12/14 | 18:55:43 | INFO | [32m[2019-12-14 18:55:43 DEBUG	vault_processor][39m\nCustID: 274380001098805
Name: N/A
TradeChannel: N/A
hash: 875749505a40375c2493c52e73939408f37d5dd03366b81ec5304cecb481ab74
2019/12/14 | 18:55:43 | INFO | [32m[2019-12-14 18:55:43 DEBUG	vault_processor][39m\nCustID: 274380001098865
Name: N/A
TradeChannel: N/A
hash: 1501ab6da9d76931db85ab7679a5fcc67f60ef9a8470c8e3357a35a5dccb1716
2019/12/14 | 18:55:43 | INFO | [32m[2019-12-14 18:55:43 DEBUG	vault_processor][39m\nCustID: 274380001098895
Name: N/A
TradeChannel: N/A
hash: 6088e1d1ec03005aebc826472822d01ed8ed3ef2eb50f65a42fd60344901c5df
2019/12/14 | 18:55:43 | INFO | [32m[2019-12-14 18:55:43 DEBUG	vault_processor][39m\nCustID: 274380001098914
Name: N/A
TradeChannel: N/A
hash: 68b23e74b419e580b67eda1d224f79c659ac1b6cc6d48b6d96d570e1b792a8e0
2019/12/14 | 18:55:43 | INFO | [32m[2019-12-14 18:55:43 DEBUG	vault_processor][39m\nCustID: 274380001099149
Name: N/A
TradeChannel: N/A
hash: 3e8c8e27777aa7e0c156cd98feb73445299c9f73af580dafeae0dbc8697e2439
2019/12/14 | 18:55:43 | INFO | [32m[2019-12-14 18:55:43 DEBUG	vault_processor][39m\nCustID: 274380001099156
Name: N/A
TradeChannel: HFS Small T.G.
hash: a4c55b24b7e78fe820692f26afef532bd1f7f2d6aacf9127127045a5877cd37d
2019/12/14 | 18:55:43 | INFO | [32m[2019-12-14 18:55:43 DEBUG	vault_processor][39m\nCustID: 274380001099185
Name: N/A
TradeChannel: HFS Small T.G.
hash: cec08bc55c3767709226805f34e21a8f8700356c7efef47a8c644006934986ca
2019/12/14 | 18:55:43 | INFO | [32m[2019-12-14 18:55:43 DEBUG	vault_processor][39m\nCustID: 274380001099189
Name: N/A
TradeChannel: HFS Small T.G.
hash: 51b2050261b9fb49a0e19c0cd5de1372d35cb41c875a3214efaddc505c548cb8
2019/12/14 | 18:55:43 | INFO | [32m[2019-12-14 18:55:43 DEBUG	vault_processor][39m\nCustID: 274380001099191
Name: N/A
TradeChannel: HFS Small T.G.
hash: c64f38ead6ecc6f7e834dd40c3e0ce95cdbea41cff0e4d17c52cc06c0bb1a790
2019/12/14 | 18:55:43 | INFO | [32m[2019-12-14 18:55:43 DEBUG	vault_processor][39m\nCustID: 274380001099250
Name: N/A
TradeChannel: N/A
hash: 9cf3dcc4accc2c44ff8a3675ef5aa715e34c96164731e5898e493209ba84a96a
2019/12/14 | 18:55:43 | INFO | [32m[2019-12-14 18:55:43 DEBUG	vault_processor][39m\nCustID: 274380001099255
Name: N/A
TradeChannel: HFS Small T.G.
hash: f9d00d1039602c30111d7df2e1d379b0e74254c98a0f3acb116c09e9d341f471
2019/12/14 | 18:55:43 | INFO | [32m[2019-12-14 18:55:43 DEBUG	vault_processor][39m\nCustID: 274380001099262
Name: N/A
TradeChannel: N/A
hash: 01302dc777e5378c37cce05303fd7d61e8522409f9cf3c0ecf94873ff9bde230
2019/12/14 | 18:55:43 | INFO | [32m[2019-12-14 18:55:43 DEBUG	vault_processor][39m\nCustID: 274380001099267
Name: N/A
TradeChannel: HFS Small T.G.
hash: a2a2d748f966ec559e2072968e5680d2aefdf7310ebad1710d24a11685597517
2019/12/14 | 18:55:43 | INFO | [32m[2019-12-14 18:55:43 DEBUG	vault_processor][39m\nCustID: 274380001099269
Name: N/A
TradeChannel: HFS Small T.G.
hash: fe9ce3390953e42e7ee2d9a934d554de25c7e9e6a43986e41bf5b40522edbc6d
2019/12/14 | 18:55:43 | INFO | [32m[2019-12-14 18:55:43 DEBUG	vault_processor][39m\nCustID: 274380001099369
Name: N/A
TradeChannel: N/A
hash: a6929faacd2f82970514f0c693eca143e37d52fd77a007d3650887b551fa3b2d
2019/12/14 | 18:55:43 | INFO | [32m[2019-12-14 18:55:43 DEBUG	vault_processor][39m\nCustID: 274380001099372
Name: N/A
TradeChannel: HFS Small T.G.
hash: ad4aacd9e63cb096a0687568d7d637aeb77ceecabe2b1a44377273516ea49cd7
2019/12/14 | 18:55:43 | INFO | [32m[2019-12-14 18:55:43 DEBUG	vault_processor][39m\nCustID: 274380001099373
Name: N/A
TradeChannel: N/A
hash: d1766f78e4ee256fbc62e3da583bb968f0a821f1702c970608655a63b0aac203
2019/12/14 | 18:55:43 | INFO | [32m[2019-12-14 18:55:43 DEBUG	vault_processor][39m\nCustID: 274380001099375
Name: N/A
TradeChannel: N/A
hash: d02977a6a464af3b72d86b6c6fc758726e07dc26ffa07da58653e32a7acc2fb8
2019/12/14 | 18:55:43 | INFO | [32m[2019-12-14 18:55:43 DEBUG	vault_processor][39m\nCustID: 274380001099377
Name: N/A
TradeChannel: HFS Small T.G.
hash: 3e6515221e9b62298bf5da345a46fb00c7edfb02818125b180858dcc068c9eb4
2019/12/14 | 18:55:43 | INFO | [32m[2019-12-14 18:55:43 DEBUG	vault_processor][39m\nCustID: 274380001099379
Name: N/A
TradeChannel: HFS Small T.G.
hash: 54f76f3937997b31c2473ea0f97525243783b2550c20d36be800473968a67166
2019/12/14 | 18:55:43 | INFO | [32m[2019-12-14 18:55:43 DEBUG	vault_processor][39m\nCustID: 274380001099381
Name: N/A
TradeChannel: HFS Small T.G.
hash: a72fd45c7df90d1e1e341c5ca43bdc49d43f43055314732737400b0e19ba8239
2019/12/14 | 18:55:43 | INFO | [32m[2019-12-14 18:55:43 DEBUG	vault_processor][39m\nCustID: 274380001099392
Name: N/A
TradeChannel: N/A
hash: 152c04dfabe698c9611cbc47bcd946e51661a8d688ba2c06155a021c2c6d9cbf
2019/12/14 | 18:55:43 | INFO | [32m[2019-12-14 18:55:43 DEBUG	vault_processor][39m\nCustID: 274380001046434
Name: RAKAN
TradeChannel: HFS Small T.G.
hash: 478bb371bd7407d8f23f1bb143329200518a562b6f93c699f5802292c648df4c
2019/12/14 | 18:55:43 | INFO | [32m[2019-12-14 18:55:43 DEBUG	vault_processor][39m\nCustID: 274380001081274
Name: N/A
TradeChannel: HFS Small T.G.
hash: f09c46ff894fd49af3874cd9e0069b8a9e9d64916ea92a847a63c478b0acdfa6
2019/12/14 | 18:55:43 | INFO | [32m[2019-12-14 18:55:43 DEBUG	vault_processor][39m\nCustID: 274380001101291
Name: N/A
TradeChannel: N/A
hash: f3f6e2f6ed01072fa7894e53c22da99a8079ab1e82c272399890bd102cd4643e
2019/12/14 | 18:55:43 | INFO | [32m[2019-12-14 18:55:43 DEBUG	vault_processor][39m\nCustID: 274380001099382
Name: N/A
TradeChannel: HFS Small T.G.
hash: eb190f745cdee8f7223ee31b892ee4200a495c8666eef87dd9833cdf58a7ef01
2019/12/14 | 18:55:43 | INFO | [32m[2019-12-14 18:55:43 DEBUG	vault_processor][39m\nCustID: 274380001099428
Name: N/A
TradeChannel: N/A
hash: 5e120400d78c23074eb876b57d0309ce65c38ef6336df46342004b6076f727c5
2019/12/14 | 18:55:43 | INFO | [32m[2019-12-14 18:55:43 DEBUG	vault_processor][39m\nCustID: 274380001099475
Name: N/A
TradeChannel: N/A
hash: 4fe4ebdc21370365229991f9c4aa41c1a939d8d9808c1830f59ed3791f1ba81a
2019/12/14 | 18:55:43 | INFO | [32m[2019-12-14 18:55:43 DEBUG	vault_processor][39m\nCustID: 274380001099476
Name: N/A
TradeChannel: N/A
hash: b1d621f03e5c96eb98032695c39d21889a4a9c5bfb5f7362255c28cb836a75e7
2019/12/14 | 18:55:43 | INFO | [32m[2019-12-14 18:55:43 DEBUG	vault_processor][39m\nCustID: 274380001099485
Name: N/A
TradeChannel: N/A
hash: be0e04904e39228bb160bedba5be7dfe2a93bc1cf1070561402ea012d3ed1d3a
2019/12/14 | 18:55:43 | INFO | [32m[2019-12-14 18:55:43 DEBUG	vault_processor][39m\nCustID: 274380001099495
Name: N/A
TradeChannel: N/A
hash: 96e11c90b887c435015fd9c9d360e1aa95d408c3277f57ad9e01d8f379d030ae
2019/12/14 | 18:55:43 | INFO | [32m[2019-12-14 18:55:43 DEBUG	vault_processor][39m\nCustID: 274380001099513
Name: N/A
TradeChannel: N/A
hash: 7e491ba4cc27f22e7d7b97ba3bbe98b84205374212e157e8192d5f98ec8ae700
2019/12/14 | 18:55:43 | INFO | [32m[2019-12-14 18:55:43 DEBUG	vault_processor][39m\nCustID: 274380001099553
Name: N/A
TradeChannel: N/A
hash: 33cfe638fa0a32ab42e226c5daba9857e3f5e1a626b35b5bade1d32a3c1cd229
Continuing to vault_processor.1576349743413.log
