2019/12/14 | 18:55:28 | INFO | [32m[2019-12-14 18:55:28 DEBUG	vault_processor][39m\nCustID: 274380001095357
Name: N/A
TradeChannel: N/A
hash: 77509f0e504ebc8fd660d2de4dff90fdc3b71e5650aa03f0d749fb4d3e434847
******************************************************************************************
**
** Perfect Logger Logging System
** Application Version          : 1.0
** Perfect-Logger Version       : 1.5.2
** Application Start Time (UTC) : 18:49:52 2019/12/14
**
** Copyright 2018 Team whileLOOP
**
******************************************************************************************
**
** Log Number               : #97
** Continuing from Log File : vault_processor.1576349728465.log
** Log Start Time (UTC)     : 18:55:28 2019/12/14
**
******************************************************************************************
2019/12/14 | 18:55:28 | INFO | [32m[2019-12-14 18:55:28 DEBUG	vault_processor][39m\nCustID: 274380001095527
Name: N/A
TradeChannel: N/A
hash: b8854e64c4c87f719172022cd5fb951f2ef3eb547ada2ef65792320eccdb771c
2019/12/14 | 18:55:28 | INFO | [32m[2019-12-14 18:55:28 DEBUG	vault_processor][39m\nCustID: 274380001081397
Name: N/A
TradeChannel: HFS Small T.G.
hash: 37f182172729798ee84c46a6f087af2dba267bd48e4d0dda08a010adb2fba597
2019/12/14 | 18:55:28 | INFO | [32m[2019-12-14 18:55:28 DEBUG	vault_processor][39m\nCustID: 274380001070613
Name: Khalid for supplying
TradeChannel: HFS Small T.G.
hash: 24bec8a8a099a18ca8d83d91765eb32e3e9bf901be9f25dd58e063a118d12b06
2019/12/14 | 18:55:28 | INFO | [32m[2019-12-14 18:55:28 DEBUG	vault_processor][39m\nCustID: 274380001081262
Name: N/A
TradeChannel: HFS Small T.G.
hash: 632e162111f1ecdef368b16d714755a53b0d8a2c820431f5544af502771224e3
2019/12/14 | 18:55:28 | INFO | [32m[2019-12-14 18:55:28 DEBUG	vault_processor][39m\nCustID: 274380001081300
Name: N/A
TradeChannel: HFS Small T.G.
hash: 88d7b14204af9515e1361e08488a9d5c28bd08e60da0b77e4f573f7215f98ded
2019/12/14 | 18:55:28 | INFO | [32m[2019-12-14 18:55:28 DEBUG	vault_processor][39m\nCustID: 274380001081579
Name: N/A
TradeChannel: HFS Small T.G.
hash: 083d90e0e942b8df06c2273b6e969953bf7aa346006846aec86be1c9532a8585
2019/12/14 | 18:55:28 | INFO | [32m[2019-12-14 18:55:28 DEBUG	vault_processor][39m\nCustID: 274380001082495
Name: N/A
TradeChannel: HFS Small T.G.
hash: 5b8bdbbac32ee1ab6be75e5ca9ef407b9ec395aad40c58f7e2f96ddb5ca4a1fb
2019/12/14 | 18:55:28 | INFO | [32m[2019-12-14 18:55:28 DEBUG	vault_processor][39m\nCustID: 274380001083585
Name: N/A
TradeChannel: HFS Small T.G.
hash: 3988e97d535078eb1d5784eea41d2a64b5b9ef46de4adb227c6ef85afc609d02
2019/12/14 | 18:55:28 | INFO | [32m[2019-12-14 18:55:28 DEBUG	vault_processor][39m\nCustID: 274380001095439
Name: N/A
TradeChannel: N/A
hash: 4d4bbc021353c1eb6b0e5fbc91d828ff7fdf98e4b51a15762a775ad84e428acf
2019/12/14 | 18:55:28 | INFO | [32m[2019-12-14 18:55:28 DEBUG	vault_processor][39m\nCustID: 274380001095659
Name: N/A
TradeChannel: N/A
hash: af5b607ecd144f38e8a7d769e35f512d52ea930c17bdb208ca3a009d76e5e57b
2019/12/14 | 18:55:28 | INFO | [32m[2019-12-14 18:55:28 DEBUG	vault_processor][39m\nCustID: 274380001095703
Name: N/A
TradeChannel: N/A
hash: 850aa0f36bf0f073928ee95f2ff2a332452f9f5447eb4205ff99509707c2ce31
2019/12/14 | 18:55:28 | INFO | [32m[2019-12-14 18:55:28 DEBUG	vault_processor][39m\nCustID: 274380001095810
Name: N/A
TradeChannel: N/A
hash: 8e86e954ffce52ccb2504624dbea3ebee4e8873c4cf31129afd5d9b2db93d367
2019/12/14 | 18:55:28 | INFO | [32m[2019-12-14 18:55:28 DEBUG	vault_processor][39m\nCustID: 274380001096423
Name: N/A
TradeChannel: N/A
hash: 17205e1965d63c49e6955c7401fdaf9684a6311e153b7c88c3e6e33170893c06
2019/12/14 | 18:55:28 | INFO | [32m[2019-12-14 18:55:28 DEBUG	vault_processor][39m\nCustID: 274380001095570
Name: N/A
TradeChannel: HFS Small T.G.
hash: ff08526f530a9c3d33cff49b604b3357b2cfbe6d22b7d296492a48a4071b93e2
2019/12/14 | 18:55:28 | INFO | [32m[2019-12-14 18:55:28 DEBUG	vault_processor][39m\nCustID: 274380001095583
Name: N/A
TradeChannel: HFS Small T.G.
hash: e4281ea0d4a5ffe2144abc1f3f8359e00dcd90c3409881d8a6beb74be6bfb74e
2019/12/14 | 18:55:28 | INFO | [32m[2019-12-14 18:55:28 DEBUG	vault_processor][39m\nCustID: 274380001095768
Name: N/A
TradeChannel: N/A
hash: 54784bfcebf2c2409f2a6638024f72d6b06fbd29658e5bf492dbf7ebd890808d
2019/12/14 | 18:55:28 | INFO | [32m[2019-12-14 18:55:28 DEBUG	vault_processor][39m\nCustID: 274380001095776
Name: N/A
TradeChannel: HFS Small T.G.
hash: 91be8f4439400f72d5364ac7563451f4d6e7756a5c83ed8c943c5aa8de9b04c0
2019/12/14 | 18:55:28 | INFO | [32m[2019-12-14 18:55:28 DEBUG	vault_processor][39m\nCustID: 274380001095785
Name: N/A
TradeChannel: N/A
hash: 44ae49d82cd1ed55360c5695f7ca5128f94487ac3d576f08a21658d0b7df6e60
2019/12/14 | 18:55:28 | INFO | [32m[2019-12-14 18:55:28 DEBUG	vault_processor][39m\nCustID: 274380001095800
Name: N/A
TradeChannel: N/A
hash: ba6cb3a174049fe5bdae851e21c285e8be1df71e8725041d2581861dea53346a
2019/12/14 | 18:55:28 | INFO | [32m[2019-12-14 18:55:28 DEBUG	vault_processor][39m\nCustID: 274380001095820
Name: N/A
TradeChannel: HFS Small T.G.
hash: 94ce484a909c3b86d809c8ab8ccb0bd359f8e097532378fecf83150b3304029c
2019/12/14 | 18:55:28 | INFO | [32m[2019-12-14 18:55:28 DEBUG	vault_processor][39m\nCustID: 274380001095825
Name: N/A
TradeChannel: N/A
hash: e4ec13b584a3e1cde714add24abb439e7031f708eb42cbd954a2d410ff7dbcd8
2019/12/14 | 18:55:28 | INFO | [32m[2019-12-14 18:55:28 DEBUG	vault_processor][39m\nCustID: 274380001095842
Name: N/A
TradeChannel: HFS Small T.G.
hash: 7b005390fce451f71ec03d023046996776c0c9f3bbea3498dc74f4dbf12a6936
2019/12/14 | 18:55:28 | INFO | [32m[2019-12-14 18:55:28 DEBUG	vault_processor][39m\nCustID: 274380001095924
Name: N/A
TradeChannel: HFS Small T.G.
hash: 390b55da82f6601fba1015e2426fc37b378ed57f22ca453e3c8cd80fb83910cf
2019/12/14 | 18:55:28 | INFO | [32m[2019-12-14 18:55:28 DEBUG	vault_processor][39m\nCustID: 274380001095928
Name: N/A
TradeChannel: HFS Small T.G.
hash: 2456309c3e21e63e346fd903fb485436d0a336ed892a41746d8f03c2847d2860
2019/12/14 | 18:55:28 | INFO | [32m[2019-12-14 18:55:28 DEBUG	vault_processor][39m\nCustID: 274380001095996
Name: N/A
TradeChannel: HFS Small T.G.
hash: 490ecc2419853e800e939561c5c1f36d8c6bf57d328e72ab5f263f794bdd1889
2019/12/14 | 18:55:28 | INFO | [32m[2019-12-14 18:55:28 DEBUG	vault_processor][39m\nCustID: 274380001096021
Name: N/A
TradeChannel: N/A
hash: a759c22f95dd9aaab3622c37e7c50a3c26246faf064fe9c62e8fed4955c745aa
2019/12/14 | 18:55:28 | INFO | [32m[2019-12-14 18:55:28 DEBUG	vault_processor][39m\nCustID: 274380001096033
Name: N/A
TradeChannel: HFS Small T.G.
hash: 05cecd86ce127d18be35f6fe3e4b14828eeda1517f9fb3cd87b073bb84b43e12
2019/12/14 | 18:55:28 | INFO | [32m[2019-12-14 18:55:28 DEBUG	vault_processor][39m\nCustID: 274380001096091
Name: N/A
TradeChannel: N/A
hash: 6c7f39be3bb9974503f6251c4f57caae9c7b3da1b2a99f9ac173e8e0cf8ba6f6
2019/12/14 | 18:55:28 | INFO | [32m[2019-12-14 18:55:28 DEBUG	vault_processor][39m\nCustID: 274380001096126
Name: N/A
TradeChannel: HFS Small T.G.
hash: ad1de8d6b9e4c5f505b4b930b9df7fddcaa98bdfa99367e2adbca0ecde6be3c1
2019/12/14 | 18:55:28 | INFO | [32m[2019-12-14 18:55:28 DEBUG	vault_processor][39m\nCustID: 274380001072813
Name: MARKAZ ALHAZM for saleas food
TradeChannel: HFS Small T.G.
hash: 3ed44037eeb9b6bde2311509205e3a588f340d4a34a639fb5ea4cf568a4198d1
2019/12/14 | 18:55:28 | INFO | [32m[2019-12-14 18:55:28 DEBUG	vault_processor][39m\nCustID: 274380001096213
Name: N/A
TradeChannel: HFS Small T.G.
hash: 6d80997c01201ac465f576b86a0bd8ef912e00ffe07ccc96277cbe5c57556a7f
2019/12/14 | 18:55:28 | INFO | [32m[2019-12-14 18:55:28 DEBUG	vault_processor][39m\nCustID: 274380001072184
Name: Markaz wa makhbaz ALAsiri
TradeChannel: HFS Small T.G.
hash: f8fd8e977f9bad26e97ddfc735c54f877d90b7c85ca845cd87c6e4f8d80d2e65
2019/12/14 | 18:55:28 | INFO | [32m[2019-12-14 18:55:28 DEBUG	vault_processor][39m\nCustID: 274380001096255
Name: N/A
TradeChannel: HFS Small T.G.
hash: 774473ed004c3b16d9f08251425174b20cbf151c4d56ef7e62b1bd8712c9ac3e
2019/12/14 | 18:55:28 | INFO | [32m[2019-12-14 18:55:28 DEBUG	vault_processor][39m\nCustID: 274380001096260
Name: N/A
TradeChannel: HFS Small T.G.
hash: 6151943f6634438627ab0cf8f027cacdf091e079aac3b2c69f9aa371dd065759
2019/12/14 | 18:55:28 | INFO | [32m[2019-12-14 18:55:28 DEBUG	vault_processor][39m\nCustID: 274380001096299
Name: N/A
TradeChannel: N/A
hash: 54f533af7d5eb74851c7901ba2129d0a834fbf50568a452a9d8fe06e3621ac66
2019/12/14 | 18:55:28 | INFO | [32m[2019-12-14 18:55:28 DEBUG	vault_processor][39m\nCustID: 274380001074000
Name: ABDULLAH CINTER
TradeChannel: HFS Small T.G.
hash: e2c4d9a9b3c9f3ea324b0a96e57c0b3dd9dbd0d3c4d27ef0da37859996d9b241
2019/12/14 | 18:55:28 | INFO | [32m[2019-12-14 18:55:28 DEBUG	vault_processor][39m\nCustID: 274380001096212
Name: N/A
TradeChannel: HFS Small T.G.
hash: f547dba93593dfb635551a824cf0cfba1ff90fe9dfda1f47804ef4c12c4b8ac6
2019/12/14 | 18:55:28 | INFO | [32m[2019-12-14 18:55:28 DEBUG	vault_processor][39m\nCustID: 274380001096333
Name: N/A
TradeChannel: HFS Small T.G.
hash: 01903e4c0073344555f75619b4d83fa8c2ef89c1514ad500b00d451149764388
2019/12/14 | 18:55:28 | INFO | [32m[2019-12-14 18:55:28 DEBUG	vault_processor][39m\nCustID: 274380001096471
Name: N/A
TradeChannel: N/A
hash: 59a3e791cef3e659bc3fd1821927c90ddb3c921ef117e5629038a46ecb3b946d
2019/12/14 | 18:55:28 | INFO | [32m[2019-12-14 18:55:28 DEBUG	vault_processor][39m\nCustID: 274380001096472
Name: N/A
TradeChannel: HFS Small T.G.
hash: d32fbeb58168722d6cd26ec6493b5df05852686548db4684936f8180c0c9f57d
2019/12/14 | 18:55:28 | INFO | [32m[2019-12-14 18:55:28 DEBUG	vault_processor][39m\nCustID: 274380001096473
Name: N/A
TradeChannel: HFS Small T.G.
hash: 1ad5eb283cf335e279e2db78ca6408db82b494801a86027f15106cc2fa2f4735
2019/12/14 | 18:55:28 | INFO | [32m[2019-12-14 18:55:28 DEBUG	vault_processor][39m\nCustID: 274380001096476
Name: N/A
TradeChannel: HFS Small T.G.
hash: c8a9c45e56bb19a33847a02bd95cce4535a89b352ea2ca49ee7ba1e920e18400
2019/12/14 | 18:55:28 | INFO | [32m[2019-12-14 18:55:28 DEBUG	vault_processor][39m\nCustID: 274380001096515
Name: N/A
TradeChannel: N/A
hash: a575b9a736a590c0f92ad345ae7a31ac790b19759fa8581f62a4e20c5c65e19b
2019/12/14 | 18:55:28 | INFO | [32m[2019-12-14 18:55:28 DEBUG	vault_processor][39m\nCustID: 274380001096569
Name: N/A
TradeChannel: HFS Small T.G.
hash: bcf67155da275fe138eb792c20567e711b631e84ff4e796887a73d5bb68f287a
2019/12/14 | 18:55:28 | INFO | [32m[2019-12-14 18:55:28 DEBUG	vault_processor][39m\nCustID: 274380001049439
Name: ALHAQBAANI
TradeChannel: HFS Small T.G.
hash: 4edfee8655bfb7fc1f5a5681c4a5ccfe4ea4155c652006ef7d89d0488be28bea
2019/12/14 | 18:55:28 | INFO | [32m[2019-12-14 18:55:28 DEBUG	vault_processor][39m\nCustID: 274380001051947
Name: ZAHRET SHAZA
TradeChannel: HFS Small T.G.
hash: bdc9756e12329e2564e05eeb057d3248ec781698b5b8a53544257b783f003106
2019/12/14 | 18:55:28 | INFO | [32m[2019-12-14 18:55:28 DEBUG	vault_processor][39m\nCustID: 274380001077235
Name: Mohammad Magbol Mohammad Rabea
TradeChannel: Semi-Wholesaler T.G
hash: 49e5e92152b90fca5e8325b64c6e9125a6efb644508a62fa7c3fb128a5941048
2019/12/14 | 18:55:28 | INFO | [32m[2019-12-14 18:55:28 DEBUG	vault_processor][39m\nCustID: 274380001076529
Name: Ali Abdul Karim Al-Sudais Plastic
TradeChannel: Discounters T.G
hash: 44188e856ae82b6126bbd04b2efa1fea7f4b9c2f22aa2447c12127bc397ad511
2019/12/14 | 18:55:28 | INFO | [32m[2019-12-14 18:55:28 DEBUG	vault_processor][39m\nCustID: 274380001096759
Name: N/A
TradeChannel: N/A
hash: ea031ec9d2ca551047b9c4695833a5a38a5533a296bad843752c6e82f0b6f9ae
2019/12/14 | 18:55:28 | INFO | [32m[2019-12-14 18:55:28 DEBUG	vault_processor][39m\nCustID: 274380001077543
Name: AL nakeel AL rabiah
TradeChannel: RVO Pharma
hash: fa0357ff0bbc27b15204f35a79a694d461e690e854cd38e7e10c5b41adfcb0c5
2019/12/14 | 18:55:28 | INFO | [32m[2019-12-14 18:55:28 DEBUG	vault_processor][39m\nCustID: 274380001096875
Name: N/A
TradeChannel: N/A
hash: 3e594d0dc011bcd1b33a9c228e918086385ae881b1a6eacb2fe7078e000fb57a
2019/12/14 | 18:55:28 | INFO | [32m[2019-12-14 18:55:28 DEBUG	vault_processor][39m\nCustID: 274380001096631
Name: N/A
TradeChannel: N/A
hash: 010edd6ec5e1f84ddfcee995f169a5a44d181f912a2321581c0f4a610155699b
2019/12/14 | 18:55:28 | INFO | [32m[2019-12-14 18:55:28 DEBUG	vault_processor][39m\nCustID: 274380001097021
Name: N/A
TradeChannel: N/A
hash: 85646dbb9d7cf7698ec04b235cce4d4fc6bae8d9306d6fd90018e290398a874b
Continuing to vault_processor.1576349732162.log
