******************************************************************************************
**
** Perfect Logger Logging System
** Application Version          : 1.0
** Perfect-Logger Version       : 1.5.2
** Application Start Time (UTC) : 18:49:52 2019/12/14
**
** Copyright 2018 Team whileLOOP
**
******************************************************************************************
**
** Log Number               : #80
** Continuing from Log File : vault_processor.1576349707644.log
** Log Start Time (UTC)     : 18:55:07 2019/12/14
**
******************************************************************************************
2019/12/14 | 18:55:07 | INFO | [32m[2019-12-14 18:55:07 DEBUG	vault_processor][39m\nCustID: 274380001098475
Name: N/A
TradeChannel: N/A
hash: 7d0dc754824efc14471227d5943497497f4b056478f329ad09c947e62d02dbe3
2019/12/14 | 18:55:07 | INFO | [32m[2019-12-14 18:55:07 DEBUG	vault_processor][39m\nCustID: 274380001098476
Name: N/A
TradeChannel: N/A
hash: 54b3c8b870dda3511ff7377f6e8380e6c21a445b30adcbd5750b83d35495568e
2019/12/14 | 18:55:07 | INFO | [32m[2019-12-14 18:55:07 DEBUG	vault_processor][39m\nCustID: 274380001074529
Name: Nibras Al Wesam
TradeChannel: HFS Small T.G.
hash: 242f488ab2279db139b9d9f6b682c4606edc0fd6a9dc8e115c78ca4d18a940aa
2019/12/14 | 18:55:07 | INFO | [32m[2019-12-14 18:55:07 DEBUG	vault_processor][39m\nCustID: 274380001076608
Name: Odedallah
TradeChannel: HFS Small T.G.
hash: dc8ba7604fc310fdbb0aafb00371b810213668aadbb396993d987e20162ea53e
2019/12/14 | 18:55:07 | INFO | [32m[2019-12-14 18:55:07 DEBUG	vault_processor][39m\nCustID: 274380001083543
Name: N/A
TradeChannel: HFS Small T.G.
hash: 5a4b5b55e5b58960ad5e6e70f76627235dd1ed23dc2daabf7fc1d7ee6f5a23ff
2019/12/14 | 18:55:07 | INFO | [32m[2019-12-14 18:55:07 DEBUG	vault_processor][39m\nCustID: 274380001083677
Name: N/A
TradeChannel: HFS Small T.G.
hash: a85d5af755edccd784ee273f12e3d357520b932327519257ec178aa221063470
2019/12/14 | 18:55:07 | INFO | [32m[2019-12-14 18:55:07 DEBUG	vault_processor][39m\nCustID: 274380001083517
Name: N/A
TradeChannel: HFS Small T.G.
hash: ddece51f93c2a7a27618fe47b8042aa6ce31ce9cde449e068df4c8f140207b00
2019/12/14 | 18:55:07 | INFO | [32m[2019-12-14 18:55:07 DEBUG	vault_processor][39m\nCustID: 274380001085086
Name: N/A
TradeChannel: HFS Small T.G.
hash: a105e13002d8cb981a6da170e65c83c21e91fb18109e044c7bcafa693feb1aea
2019/12/14 | 18:55:07 | INFO | [32m[2019-12-14 18:55:07 DEBUG	vault_processor][39m\nCustID: 274380001085087
Name: N/A
TradeChannel: HFS Small T.G.
hash: 6d7aaafb66a572c16b5f51f2150b0e4dbfdc181fc3e1af95b3ac2d1a0fd14c60
2019/12/14 | 18:55:07 | INFO | [32m[2019-12-14 18:55:07 DEBUG	vault_processor][39m\nCustID: 274380001098551
Name: N/A
TradeChannel: N/A
hash: e4b6b620ec61e82b52b4aa115f28454b313c6b9c34649914fcbad10ec0eda9da
2019/12/14 | 18:55:07 | INFO | [32m[2019-12-14 18:55:07 DEBUG	vault_processor][39m\nCustID: 274380001081591
Name: N/A
TradeChannel: HFS Small T.G.
hash: 5a1f7c86262c2ab5179d86d23bbf9bc8921da0881ce862991e3a73e7f5468b48
2019/12/14 | 18:55:07 | INFO | [32m[2019-12-14 18:55:07 DEBUG	vault_processor][39m\nCustID: 274380001082827
Name: N/A
TradeChannel: HFS Small T.G.
hash: 43e6196b1c38358524a3eb0dae219f380b4ec741869732dd41adbd8857efe4a4
2019/12/14 | 18:55:07 | INFO | [32m[2019-12-14 18:55:07 DEBUG	vault_processor][39m\nCustID: 274380001085180
Name: N/A
TradeChannel: HFS Small T.G.
hash: a895ccf7757d200fa032ca4cd4242524ec081eab9b9578b1251097ab70c27541
2019/12/14 | 18:55:07 | INFO | [32m[2019-12-14 18:55:07 DEBUG	vault_processor][39m\nCustID: 274380001085185
Name: N/A
TradeChannel: HFS Small T.G.
hash: 4c287b9d84a70c290eb5e3d499b34663d0f0734f0ddd3ff476edb8726691dbed
2019/12/14 | 18:55:07 | INFO | [32m[2019-12-14 18:55:07 DEBUG	vault_processor][39m\nCustID: 274380001086399
Name: N/A
TradeChannel: HFS Small T.G.
hash: 2c60c6e98a2f5d2e54f17b45ca64d2643f7cfa34e234b62187e54202fdddd3bb
2019/12/14 | 18:55:07 | INFO | [32m[2019-12-14 18:55:07 DEBUG	vault_processor][39m\nCustID: 274380001087006
Name: N/A
TradeChannel: HFS Small T.G.
hash: 410768bf600523732cae83eac473187de89262be3a5c2c8292140a7771bff570
2019/12/14 | 18:55:07 | INFO | [32m[2019-12-14 18:55:07 DEBUG	vault_processor][39m\nCustID: 274380001080444
Name: N/A
TradeChannel: HFS Small T.G.
hash: 93938cec84b57f6273e6dffd834f6de23996e6f11e4311fad67c84d998826715
2019/12/14 | 18:55:07 | INFO | [32m[2019-12-14 18:55:07 DEBUG	vault_processor][39m\nCustID: 274380001077263
Name: Branch mstqbal al seha
TradeChannel: RVO Pharma
hash: 13851b5f688c46e256b3acf0b0940ee926f0765b0f10c7b440cc48ae302ba6fd
2019/12/14 | 18:55:07 | INFO | [32m[2019-12-14 18:55:07 DEBUG	vault_processor][39m\nCustID: 274380001077779
Name: Algmal  Pharmacy
TradeChannel: RVO Pharma
hash: d546470f80ae87daeb08e4a159894e0205a837dcc782708d35a0df482d072a15
2019/12/14 | 18:55:07 | INFO | [32m[2019-12-14 18:55:07 DEBUG	vault_processor][39m\nCustID: 274380001080831
Name: N/A
TradeChannel: HFS Small T.G.
hash: 9d97f2e88b96f3e984debf6701df45d3581b2a9761d987c543496239f4370a6c
2019/12/14 | 18:55:07 | INFO | [32m[2019-12-14 18:55:07 DEBUG	vault_processor][39m\nCustID: 274380001095696
Name: N/A
TradeChannel: N/A
hash: 9310a5b4cf289b813b33260559a11fde35a6bc369483390c2d6269444c734ffd
2019/12/14 | 18:55:07 | INFO | [32m[2019-12-14 18:55:07 DEBUG	vault_processor][39m\nCustID: 274380001095711
Name: N/A
TradeChannel: N/A
hash: 6a95faf67bfbf37c034bb5b338268c5335fe23f01ceb58e9aff13bcc86719618
2019/12/14 | 18:55:08 | INFO | [32m[2019-12-14 18:55:08 DEBUG	vault_processor][39m\nCustID: 274380001095771
Name: N/A
TradeChannel: N/A
hash: 43ff68d910a0fe2e6913246cea609659b1b2b7173d1342b3afdffa036bc589fa
2019/12/14 | 18:55:08 | INFO | [32m[2019-12-14 18:55:08 DEBUG	vault_processor][39m\nCustID: 274380001095997
Name: N/A
TradeChannel: N/A
hash: 4c360c49396fe0ad5f19454b19726fdd1a2260ca59690b5947442f38bf64fdf8
2019/12/14 | 18:55:08 | INFO | [32m[2019-12-14 18:55:08 DEBUG	vault_processor][39m\nCustID: 274380001096019
Name: N/A
TradeChannel: N/A
hash: 65576e2ba6ca43ced4a363d3954e6637a06bc3a663c00e8fd1b26e24661135f9
2019/12/14 | 18:55:08 | INFO | [32m[2019-12-14 18:55:08 DEBUG	vault_processor][39m\nCustID: 274380001095998
Name: N/A
TradeChannel: N/A
hash: 5bfef1eb012e831f5e66819cc9ca7b29769dfe99d608ff02a64db4b83f021f4f
2019/12/14 | 18:55:08 | INFO | [32m[2019-12-14 18:55:08 DEBUG	vault_processor][39m\nCustID: 274380001096045
Name: N/A
TradeChannel: N/A
hash: 2e39d8b8bcfaf329089a4aebe7de7220ab508674f737fe2f81bb21ad2c96f51c
2019/12/14 | 18:55:08 | INFO | [32m[2019-12-14 18:55:08 DEBUG	vault_processor][39m\nCustID: 274380001096068
Name: N/A
TradeChannel: N/A
hash: 4a7b8e00be35a1b94d2b3bc2b2029b63ca9b0f37afe8f872d0779be85a6a9935
2019/12/14 | 18:55:08 | INFO | [32m[2019-12-14 18:55:08 DEBUG	vault_processor][39m\nCustID: 274380001096277
Name: N/A
TradeChannel: N/A
hash: 8c2640fabf1590d6c9160fc01866a547f80b1c7e3a88abac21f6826f5b6dfcd8
2019/12/14 | 18:55:08 | INFO | [32m[2019-12-14 18:55:08 DEBUG	vault_processor][39m\nCustID: 274380001096438
Name: N/A
TradeChannel: N/A
hash: 3e75b16673f0dd75aa861961becbdb059df5cd20223cd3c051cd9486dcef17df
2019/12/14 | 18:55:08 | INFO | [32m[2019-12-14 18:55:08 DEBUG	vault_processor][39m\nCustID: 274380001096455
Name: N/A
TradeChannel: N/A
hash: 9165607455d7704b20f4c3970dd439af817effd9ead29b7d1e985d80f8281802
2019/12/14 | 18:55:08 | INFO | [32m[2019-12-14 18:55:08 DEBUG	vault_processor][39m\nCustID: 274380001096511
Name: N/A
TradeChannel: N/A
hash: 46292728280ff40047dc7ce8095cd1f722d09defbcd0af59ea05777862f8038c
2019/12/14 | 18:55:08 | INFO | [32m[2019-12-14 18:55:08 DEBUG	vault_processor][39m\nCustID: 274380001096553
Name: N/A
TradeChannel: N/A
hash: b1f960240c54266933d382574db129e66542392d9700d327b4fb99ce8cf50665
2019/12/14 | 18:55:08 | INFO | [32m[2019-12-14 18:55:08 DEBUG	vault_processor][39m\nCustID: 274380001096599
Name: N/A
TradeChannel: N/A
hash: 227e05ac4bf8529212d61d908b4efee64b00c8d3be24dd7ea8351b0d38b169fb
2019/12/14 | 18:55:08 | INFO | [32m[2019-12-14 18:55:08 DEBUG	vault_processor][39m\nCustID: 274380001096610
Name: N/A
TradeChannel: N/A
hash: c7f352a3f0bd40b5e257175746296236ada95da3552a8f24de2f2cb260866451
2019/12/14 | 18:55:08 | INFO | [32m[2019-12-14 18:55:08 DEBUG	vault_processor][39m\nCustID: 274380001096629
Name: N/A
TradeChannel: N/A
hash: e8cf037b0e2345bdfc633281d7e40b73e2120b63f41d26f2a91270f9d5df68a1
2019/12/14 | 18:55:08 | INFO | [32m[2019-12-14 18:55:08 DEBUG	vault_processor][39m\nCustID: 274380001096689
Name: N/A
TradeChannel: N/A
hash: 91caf65726ceae322e773305c6b3738ff5dc85acd795aef5eaa00d39a2b441ac
2019/12/14 | 18:55:08 | INFO | [32m[2019-12-14 18:55:08 DEBUG	vault_processor][39m\nCustID: 274380001096859
Name: N/A
TradeChannel: N/A
hash: c3224819a57c761ba85eeb1bc508486548530b756623da7cf767e360e646884f
2019/12/14 | 18:55:08 | INFO | [32m[2019-12-14 18:55:08 DEBUG	vault_processor][39m\nCustID: 274380001096880
Name: N/A
TradeChannel: N/A
hash: cde0157f8403bae9e8c5e5c5aceb84149c44abb90ad2462707c48faeeb56806a
2019/12/14 | 18:55:08 | INFO | [32m[2019-12-14 18:55:08 DEBUG	vault_processor][39m\nCustID: 274380001097083
Name: N/A
TradeChannel: N/A
hash: e10c83a274da52d31e7e601b64e952afc2789c5f8cc3471dfd8b148f39ac90d4
2019/12/14 | 18:55:08 | INFO | [32m[2019-12-14 18:55:08 DEBUG	vault_processor][39m\nCustID: 274380001097108
Name: N/A
TradeChannel: N/A
hash: f2e36e99720ff901e471b43fb01ab317e4b2af27a644e13ba6d6e013018b2eb1
2019/12/14 | 18:55:08 | INFO | [32m[2019-12-14 18:55:08 DEBUG	vault_processor][39m\nCustID: 274380001097194
Name: N/A
TradeChannel: N/A
hash: af89d40b72265b1d02392f8e367bed2dae5ae78c1f65b79d28fd72177a86c433
2019/12/14 | 18:55:08 | INFO | [32m[2019-12-14 18:55:08 DEBUG	vault_processor][39m\nCustID: 274380001080681
Name: N/A
TradeChannel: HFS Small T.G.
hash: e1eff4a5c7a776f27d8df1c5bbab424d6ac8539041567f2240d0f8026577f5ba
2019/12/14 | 18:55:08 | INFO | [32m[2019-12-14 18:55:08 DEBUG	vault_processor][39m\nCustID: 274380001080923
Name: N/A
TradeChannel: HFS Small T.G.
hash: d000d377234c989cab2e392c4df2521bb6cb50089a90f231708ca0eed28fa77e
2019/12/14 | 18:55:08 | INFO | [32m[2019-12-14 18:55:08 DEBUG	vault_processor][39m\nCustID: 274380001080978
Name: N/A
TradeChannel: HFS Small T.G.
hash: 7a93d37653bd0e8be0ad615c0f837a69e332df717944ac35e8cfbecdcecba84b
Continuing to vault_processor.1576349708286.log
