******************************************************************************************
**
** Perfect Logger Logging System
** Application Version          : 1.0
** Perfect-Logger Version       : 1.5.2
** Application Start Time (UTC) : 19:03:10 2019/12/14
**
** Copyright 2018 Team whileLOOP
**
******************************************************************************************
**
** Log Number               : #1
** Continuing from Log File : vault_processor.1576350190732.log
** Log Start Time (UTC)     : 19:03:10 2019/12/14
**
******************************************************************************************
2019/12/14 | 19:04:33 | INFO | [32m[2019-12-14 19:04:33 DEBUG	vault_processor][39m\nCustID: 274380001092225
Name: N/A
TradeChannel: N/A
hash: a7e1cbb1f9172bcc1240d92f3cfe84d6dff7c59c2df0fe332b906e3b667ffdd8
2019/12/14 | 19:04:33 | INFO | [32m[2019-12-14 19:04:33 DEBUG	vault_processor][39m\nCustID: 274380001092099
Name: N/A
TradeChannel: N/A
hash: 23dabb4417c18b500d66a2c156e4328f0c83fa991005da81eafc6b7bb3d015cd
2019/12/14 | 19:04:33 | INFO | [32m[2019-12-14 19:04:33 DEBUG	vault_processor][39m\nCustID: 274380001092228
Name: N/A
TradeChannel: N/A
hash: d6aa732f03969268dec7b6cf2392c28e7cf1754a8f1a97df25da2e229198f349
2019/12/14 | 19:04:33 | INFO | [32m[2019-12-14 19:04:33 DEBUG	vault_processor][39m\nCustID: 274380001092356
Name: N/A
TradeChannel: N/A
hash: 7020fa099fc4d22c68c36d7ab38aba5b5733aaabfa390e11f6ea80ea1c30c9c1
2019/12/14 | 19:04:33 | INFO | [32m[2019-12-14 19:04:33 DEBUG	vault_processor][39m\nCustID: 274380001092380
Name: N/A
TradeChannel: N/A
hash: 0825e70153de0bc6b8f98b7b90b9ada951faba4f4555b585468498923a53e619
2019/12/14 | 19:04:33 | INFO | [32m[2019-12-14 19:04:33 DEBUG	vault_processor][39m\nCustID: 274380001051156
Name: TAIBAH
TradeChannel: HFS Small T.G.
hash: d63efce5858640020e708f4baab9f933163fce378d2dfeb2edcbd4c6fda6c045
2019/12/14 | 19:04:33 | INFO | [32m[2019-12-14 19:04:33 DEBUG	vault_processor][39m\nCustID: 274380001062844
Name: MARKAZ ALATSHAN
TradeChannel: Self Service T.G
hash: 43e1a1e2461d16c8a95ec1aa59d73cefd9cb30c1614dee7cd5d834d9dc2d5072
2019/12/14 | 19:04:33 | INFO | [32m[2019-12-14 19:04:33 DEBUG	vault_processor][39m\nCustID: 274380001092420
Name: N/A
TradeChannel: HFS Small T.G.
hash: c90b7370f9d096d99bdad8ce63343c4180d4ca9093df209ec313dcb083140476
2019/12/14 | 19:04:33 | INFO | [32m[2019-12-14 19:04:33 DEBUG	vault_processor][39m\nCustID: 274380001092430
Name: N/A
TradeChannel: HFS Small T.G.
hash: dc614b9e09646c66fc2ccd2e82261e18351d5e99d07f39e7ecf5cf7b839e7115
2019/12/14 | 19:04:33 | INFO | [32m[2019-12-14 19:04:33 DEBUG	vault_processor][39m\nCustID: 274380001092443
Name: N/A
TradeChannel: HFS Small T.G.
hash: 43a05991c76c224a89f9af80b2861739378d7cf8842eef565556a2f8a5d68fa4
2019/12/14 | 19:04:33 | INFO | [32m[2019-12-14 19:04:33 DEBUG	vault_processor][39m\nCustID: 274380001092602
Name: N/A
TradeChannel: N/A
hash: 063733391529b7a0b75c5e2b1ad49bcb5494f38a77c286f01d698c58972f02fc
2019/12/14 | 19:04:33 | INFO | [32m[2019-12-14 19:04:33 DEBUG	vault_processor][39m\nCustID: 274380001092691
Name: N/A
TradeChannel: HFS Small T.G.
hash: 474db2a62d68870f0de2f743ba297c59b72b3958cec867308ede90b63e8ac2e9
2019/12/14 | 19:04:33 | INFO | [32m[2019-12-14 19:04:33 DEBUG	vault_processor][39m\nCustID: 274380001094371
Name: N/A
TradeChannel: N/A
hash: 1d7b71d2fb266c4c2e73e16b885c7c0894241c736825b4bc0d228ddb572ac262
2019/12/14 | 19:04:33 | INFO | [32m[2019-12-14 19:04:33 DEBUG	vault_processor][39m\nCustID: 274380001094633
Name: N/A
TradeChannel: HFS Small T.G.
hash: 3110b308400888c0c39444d9e05e81fc5b4aa6a4a7cbe9d518f323c668e8acaf
2019/12/14 | 19:04:33 | INFO | [32m[2019-12-14 19:04:33 DEBUG	vault_processor][39m\nCustID: 274380001094745
Name: N/A
TradeChannel: HFS Small T.G.
hash: bff0b195995cbb1a3473b168bf79454c0aae4ca164655e956de5edf0a3d63e97
2019/12/14 | 19:04:33 | INFO | [32m[2019-12-14 19:04:33 DEBUG	vault_processor][39m\nCustID: 274380001054229
Name: FIRST ALTHMIRI MEDICAL PHARMACY
TradeChannel: Pharma Tier 3
hash: 53f949cf316e7760786d4096aa30a2418a3f988d1fa360d1882f488462658038
2019/12/14 | 19:04:33 | INFO | [32m[2019-12-14 19:04:33 DEBUG	vault_processor][39m\nCustID: 274380001054579
Name: ALBASHA FOR SALE
TradeChannel: Discounters T.G
hash: b21dee6d48c30994a09715ca9b411048c4481e3d401fbaf121a955b15f89dded
2019/12/14 | 19:04:33 | INFO | [32m[2019-12-14 19:04:33 DEBUG	vault_processor][39m\nCustID: 274380001055098
Name: AL METRIK CO FOR TRADING
TradeChannel: Pharma Tier 2
hash: 5fb21e8867271f3815450b7160de2ba769a62139f2c52c3e11ea99f23e239eed
2019/12/14 | 19:04:33 | INFO | [32m[2019-12-14 19:04:33 DEBUG	vault_processor][39m\nCustID: 274380001056607
Name: Lemon Medical Pharmacy Warehouse Co
TradeChannel: Pharma Tier 2
hash: 574b43be491ab6104de92f4a8848c5811ac228c514ebe7f5e0abd79dc6e56215
2019/12/14 | 19:04:33 | INFO | [32m[2019-12-14 19:04:33 DEBUG	vault_processor][39m\nCustID: 274380001056620
Name: AREEJ AL MADINAH CO
TradeChannel: Pharma Tier 3
hash: 9e0e1d450f3ad7b66a7424d4ecf0c47669275d914b170e63063281d3f5ce48b5
2019/12/14 | 19:04:33 | INFO | [32m[2019-12-14 19:04:33 DEBUG	vault_processor][39m\nCustID: 274380001056702
Name: AL TAMMIMY EST.
TradeChannel: Wholesaler
hash: 65f9bce1293c90ece4a6dd30c6a23e9409fb0f482a708097e6fdaf60fa73d58e
2019/12/14 | 19:04:33 | INFO | [32m[2019-12-14 19:04:33 DEBUG	vault_processor][39m\nCustID: 274380001053341
Name: UNIVERSITY PHARMACY
TradeChannel: RVO Pharma
hash: 8cc647058e83c936b3c8769c97e4f628be7be020a48c6b487de5f73dacffad67
2019/12/14 | 19:04:33 | INFO | [32m[2019-12-14 19:04:33 DEBUG	vault_processor][39m\nCustID: 274380001095166
Name: N/A
TradeChannel: HFS Small T.G.
hash: 41c838d19464001f3b06cffbe3a47419337572bf9efe9d9517266968cefb5f97
2019/12/14 | 19:04:33 | INFO | [32m[2019-12-14 19:04:33 DEBUG	vault_processor][39m\nCustID: 274380001095198
Name: N/A
TradeChannel: N/A
hash: 0bd9fed5a33964970707ff97636857e7a6820d24dfc61192011815a0ab4b3915
2019/12/14 | 19:04:33 | INFO | [32m[2019-12-14 19:04:33 DEBUG	vault_processor][39m\nCustID: 274380001095182
Name: N/A
TradeChannel: N/A
hash: a97bd152d23c45a9804b7904b415cbe8b64220d646fe8c884aaced73d8753699
2019/12/14 | 19:04:33 | INFO | [32m[2019-12-14 19:04:33 DEBUG	vault_processor][39m\nCustID: 274380001095212
Name: N/A
TradeChannel: HFS Small T.G.
hash: 160189877c362a16cb27582989d82f7797e7cf0a182699d44d4fb8dbdb6dfd66
2019/12/14 | 19:04:33 | INFO | [32m[2019-12-14 19:04:33 DEBUG	vault_processor][39m\nCustID: 274380001095318
Name: N/A
TradeChannel: N/A
hash: 1c3ef45bed0c83ed32d16668e4f60def492ae8f7e5d82f8fcf866677f1d2cf1b
2019/12/14 | 19:04:33 | INFO | [32m[2019-12-14 19:04:33 DEBUG	vault_processor][39m\nCustID: 274380001055181
Name: TAMWINAT MOSAB
TradeChannel: HFS Small T.G.
hash: 23181cf62995edb982cb38874d295cffea536ab66aae733e7e2e7f4a3e536857
2019/12/14 | 19:04:33 | INFO | [32m[2019-12-14 19:04:33 DEBUG	vault_processor][39m\nCustID: 274380001044246
Name: Mohammed & Ibrahim Al Manaei Trading Com
TradeChannel: Wholesaler
hash: aa403f45de32ab97b96f390db4f3472af82ec4a5f748fecbf1740c5ff18ed686
2019/12/14 | 19:04:33 | INFO | [32m[2019-12-14 19:04:33 DEBUG	vault_processor][39m\nCustID: 274380001102090
Name: N/A
TradeChannel: N/A
hash: f48f14d712db6b64c6365c85b8fe68a7ce9ea3e26902d3ef00d422a1b7d66e35
2019/12/14 | 19:04:33 | INFO | [32m[2019-12-14 19:04:33 DEBUG	vault_processor][39m\nCustID: 274380001056918
Name: ABDULRAHMAN ABUDLLAH ALRASHEDI EST.
TradeChannel: Self Service T.G
hash: 1850fecbe428a3a65792a1b1ca7eaf18bac0a460296795e1535c54dc7dc199b4
2019/12/14 | 19:04:33 | INFO | [32m[2019-12-14 19:04:33 DEBUG	vault_processor][39m\nCustID: 274380001058648
Name: ALKHAIRAT
TradeChannel: Self Service T.G
hash: de5da7604b81f451148d6dc04a77b2e6318cac74a903971f21c91a1d99ea34e0
2019/12/14 | 19:04:33 | INFO | [32m[2019-12-14 19:04:33 DEBUG	vault_processor][39m\nCustID: 274380001060614
Name: ALAMIN CENTER 2
TradeChannel: Self Service T.G
hash: 5b86fc9cdc29782568bf442138a97b2903fefe29f69e84c56eccd5d158482f97
2019/12/14 | 19:04:33 | INFO | [32m[2019-12-14 19:04:33 DEBUG	vault_processor][39m\nCustID: 274380001062376
Name: Danube Co. For Food Stuffs
TradeChannel: National Accounts
hash: fb787d276ac99d338b4104d63d3231a5cde65ca37d84b1c16050d9ab98a0012e
2019/12/14 | 19:04:33 | INFO | [32m[2019-12-14 19:04:33 DEBUG	vault_processor][39m\nCustID: 274380001063598
Name: MAKHABIZ & MARKAZ ALAZIZIAH
TradeChannel: Self Service T.G
hash: 60c3938a0d6003f9c2e249245ccb2cbde769cd7b2f03b262a1ba2e815da20097
2019/12/14 | 19:04:33 | INFO | [32m[2019-12-14 19:04:33 DEBUG	vault_processor][39m\nCustID: 274380001067044
Name: Mohammed Yslam Alnhdi Est
TradeChannel: Wholesaler
hash: 1edd2802ef9c081286aef8a0af373d9f4454b9d19277d2276ba9032a53076f73
2019/12/14 | 19:04:33 | INFO | [32m[2019-12-14 19:04:33 DEBUG	vault_processor][39m\nCustID: 274380001071863
Name: Thalajt Dilta Al Nil  EST. Alqahtani
TradeChannel: Wholesaler
hash: bee0f97aa35e0f632aeaa6273032777aaeeacb240ef17b3bf81e947c56c1c141
2019/12/14 | 19:04:33 | INFO | [32m[2019-12-14 19:04:33 DEBUG	vault_processor][39m\nCustID: 274380001072003
Name: MAKHABEZ & TAMWENAT BREMAN
TradeChannel: Self Service T.G
hash: f39476e90eb06f1809cf9d03dae01654b256d382bdb3a2e95bcd20e65caccdce
2019/12/14 | 19:04:33 | INFO | [32m[2019-12-14 19:04:33 DEBUG	vault_processor][39m\nCustID: 274380001071845
Name: Al Unezi EST
TradeChannel: Wholesaler
hash: d382e78f2f7b48f91b8f8ff8ac33202c3f17d3e2d7fb88ad063d6e3f4d48e122
2019/12/14 | 19:04:34 | INFO | [32m[2019-12-14 19:04:33 DEBUG	vault_processor][39m\nCustID: 274380001064288
Name: Tamoinat Fahd
TradeChannel: Self Service T.G
hash: 2894e992e16303f5c78338b5094e4596d8a267585abf43ab7135371748f46a0a
2019/12/14 | 19:04:34 | INFO | [32m[2019-12-14 19:04:34 DEBUG	vault_processor][39m\nCustID: 274380001072322
Name: Sandal Altamer Est
TradeChannel: Wholesaler
hash: c31a115c65b524b6b3960f723c2267b6e6793cbd7a50f8a4195f2b05fc871b79
2019/12/14 | 19:04:34 | INFO | [32m[2019-12-14 19:04:34 DEBUG	vault_processor][39m\nCustID: 274380001072657
Name: Pharmacy Majid AL-BISHRY
TradeChannel: Pharma Tier 3
hash: 4d1377027beca6d071ee73697b8d2a05333c694acc77f8b344acc9acd97875f1
2019/12/14 | 19:04:34 | INFO | [32m[2019-12-14 19:04:34 DEBUG	vault_processor][39m\nCustID: 274380001049597
Name: Sayyaf Mohammed Ali Trading Est
TradeChannel: Sub-D
hash: 36f1426bdebe1c56367d10ac2fe88c4ede49e0e985c173e1f050e287564e8bc5
2019/12/14 | 19:04:34 | INFO | [32m[2019-12-14 19:04:34 DEBUG	vault_processor][39m\nCustID: 274380001095536
Name: N/A
TradeChannel: N/A
hash: cabbff23a40af25369981574970941f4884dd44295ecf4dc1d38aabe24c7284d
2019/12/14 | 19:04:34 | INFO | [32m[2019-12-14 19:04:34 DEBUG	vault_processor][39m\nCustID: 274380001095684
Name: N/A
TradeChannel: N/A
hash: 53189649e6b79f273e4c7f4455510b02b3c5a6c4f67c0aec18eb89b9422a22d8
2019/12/14 | 19:04:34 | INFO | [32m[2019-12-14 19:04:34 DEBUG	vault_processor][39m\nCustID: 274380001095885
Name: N/A
TradeChannel: HFS Small T.G.
hash: 391c4b780c08c7080dbd0bc6b1eb2f6276a3947c5184a458013d7463a9693055
2019/12/14 | 19:04:34 | INFO | [32m[2019-12-14 19:04:34 DEBUG	vault_processor][39m\nCustID: 274380001095981
Name: N/A
TradeChannel: N/A
hash: 5f6dadc531afffdbe16f95821d831ef8feacd012827b80cc185091e960e8de01
2019/12/14 | 19:04:34 | INFO | [32m[2019-12-14 19:04:34 DEBUG	vault_processor][39m\nCustID: 274380001096468
Name: N/A
TradeChannel: N/A
hash: 344ff0580a7a8f1e5cb38151b0aa34070cf75e33a896dba8cb47148f32f10ba4
2019/12/14 | 19:04:34 | INFO | [32m[2019-12-14 19:04:34 DEBUG	vault_processor][39m\nCustID: 274380001096215
Name: N/A
TradeChannel: HFS Small T.G.
hash: ae0522b926c33662fd4482453715667bc9dc2fcce9eb201b0f05d901eca99945
2019/12/14 | 19:04:34 | INFO | [32m[2019-12-14 19:04:34 DEBUG	vault_processor][39m\nCustID: 274380001096513
Name: N/A
TradeChannel: N/A
hash: 1bfe7f22552bd730fa2372f90573333158ac0aa41fb8ce48522dbe74eccfcdca
2019/12/14 | 19:04:34 | INFO | [32m[2019-12-14 19:04:34 DEBUG	vault_processor][39m\nCustID: 274380001096527
Name: N/A
TradeChannel: HFS Small T.G.
hash: 9ab0c70f56cd29d1f894779ce4ca2785ad96f033ad1869a9e2dbc202b18923be
2019/12/14 | 19:04:34 | INFO | [32m[2019-12-14 19:04:34 DEBUG	vault_processor][39m\nCustID: 274380001096591
Name: N/A
TradeChannel: N/A
hash: 0a586a6cafe7e6994f0beb77e7611606c471d4513b1bb4b2498056775f33f4f8
2019/12/14 | 19:04:34 | INFO | [32m[2019-12-14 19:04:34 DEBUG	vault_processor][39m\nCustID: 274380001096516
Name: N/A
TradeChannel: N/A
hash: 9a6d19f1d3fa791a6ba4aebcdf4d0447c32970c62945082f30974c7d2df2a624
2019/12/14 | 19:04:34 | INFO | [32m[2019-12-14 19:04:34 DEBUG	vault_processor][39m\nCustID: 274380001096603
Name: N/A
TradeChannel: N/A
hash: 6506e7a8ec98e21bd2dcffcf2ff3619c468846bd954aab819be66f6da8596989
2019/12/14 | 19:04:34 | INFO | [32m[2019-12-14 19:04:34 DEBUG	vault_processor][39m\nCustID: 274380001096661
Name: N/A
TradeChannel: N/A
hash: e51627f020aa055206b7416a6e69a97945434896c378f63a441081f3c9086d5f
2019/12/14 | 19:04:34 | INFO | [32m[2019-12-14 19:04:34 DEBUG	vault_processor][39m\nCustID: 274380001096663
Name: N/A
TradeChannel: N/A
hash: 8e9b7e721d2fb67de3a0fca629303a1e72d5b717b5fe88bf50383b9a1de9297f
2019/12/14 | 19:04:34 | INFO | [32m[2019-12-14 19:04:34 DEBUG	vault_processor][39m\nCustID: 274380001096714
Name: N/A
TradeChannel: HFS Small T.G.
hash: 1ad4231782381008b265da80c410a2654eb379d8bef72ea1c69987e8104f4b44
2019/12/14 | 19:04:34 | INFO | [32m[2019-12-14 19:04:34 DEBUG	vault_processor][39m\nCustID: 274380001096726
Name: N/A
TradeChannel: N/A
hash: 0276a32a1d9684cfba597a650c59274fd7c05de0dacbb528007a0ed0bf577b55
2019/12/14 | 19:04:34 | INFO | [32m[2019-12-14 19:04:34 DEBUG	vault_processor][39m\nCustID: 274380001096749
Name: N/A
TradeChannel: HFS Small T.G.
hash: a2386b425dea34b7594de0ee147b5d8ec9e386630f5cdd6dcba1aace7e1cac42
2019/12/14 | 19:04:34 | INFO | [32m[2019-12-14 19:04:34 DEBUG	vault_processor][39m\nCustID: 274380001072991
Name: Al rihely center
TradeChannel: Self Service T.G
hash: 40ff8ae45f4d9f35b986395c4deaaa8b3d7bb6215c5fb9f7e378fdb0a0cd34b6
2019/12/14 | 19:04:34 | INFO | [32m[2019-12-14 19:04:34 DEBUG	vault_processor][39m\nCustID: 274380001073003
Name: Abdul Mohsen Al Qabasani Trading Est.
TradeChannel: Sub-D
hash: 0577439bd51e994262383a5d5339686809dcf5a16807c436ee24582d64b88853
2019/12/14 | 19:04:34 | INFO | [32m[2019-12-14 19:04:34 DEBUG	vault_processor][39m\nCustID: 274380001073714
Name: Markaz Shmoh llkamalayat
TradeChannel: Discounters T.G
hash: 3ec60209d4a9e2e85aefb2c7a20828b9eb7f19cd267009d647bba7afca857d97
2019/12/14 | 19:04:34 | INFO | [32m[2019-12-14 19:04:34 DEBUG	vault_processor][39m\nCustID: 274380001076188
Name:  AL- kayal
TradeChannel: Pharma Tier 3
hash: e9f06b8e54c3bfff4e819e6d3f5202831f856f9e5155f8bad26d1eb52b449741
2019/12/14 | 19:04:34 | INFO | [32m[2019-12-14 19:04:34 DEBUG	vault_processor][39m\nCustID: 274380001073136
Name: Mazaya Dubi
TradeChannel: Discounters T.G
hash: c917e422f9d8105a47eb5fc261671320aa21251ae999c5a2c1335e4cfc333709
2019/12/14 | 19:04:34 | INFO | [32m[2019-12-14 19:04:34 DEBUG	vault_processor][39m\nCustID: 274380001077181
Name: Safwa Alanaya limited .CO
TradeChannel: Wholesaler
hash: 597a38474a2b667915ba2163975f861805ffb8ccb7c4ab0b624eee92acbcc77b
2019/12/14 | 19:04:34 | INFO | [32m[2019-12-14 19:04:34 DEBUG	vault_processor][39m\nCustID: 274380001077383
Name: Mamlakat AL Elag 13
TradeChannel: RVO Pharma
hash: aa014d7b6cf507955cfed026a8bb50b2067198b55eda1fcabbee08dc3df60dd9
2019/12/14 | 19:04:34 | INFO | [32m[2019-12-14 19:04:34 DEBUG	vault_processor][39m\nCustID: 274380001078726
Name: Fahd Abdullraheem Al FaraJ Trading EST.
TradeChannel: Self Service T.G
hash: 2e03e082cd3da4a1ba7593897c202dca9d70c070bcaae9d5bd4be3d522ff163b
2019/12/14 | 19:04:34 | INFO | [32m[2019-12-14 19:04:34 DEBUG	vault_processor][39m\nCustID: 274380001078973
Name: Zahret Haneen PH
TradeChannel: Pharma Tier 3
hash: e5d0632b76b2319aa69c7aeee743f0afdb00d3eadffa7f3e293fc946c3e8001d
2019/12/14 | 19:04:34 | INFO | [32m[2019-12-14 19:04:34 DEBUG	vault_processor][39m\nCustID: 274380001080220
Name: N/A
TradeChannel: Self Service T.G
hash: 98717459058dc8c9845c1097971e7b577608384099f154807f2b76daec47d38f
2019/12/14 | 19:04:34 | INFO | [32m[2019-12-14 19:04:34 DEBUG	vault_processor][39m\nCustID: 274380001101629
Name: N/A
TradeChannel: N/A
hash: 84453baf3fe56f05076cc07310e416dd83f570ab83935737032b4919d5fb89bb
2019/12/14 | 19:04:34 | INFO | [32m[2019-12-14 19:04:34 DEBUG	vault_processor][39m\nCustID: 274380001057594
Name: HALA 2
TradeChannel: HFS Small T.G.
hash: b83c284dadd7bed94e465c87abbd10c0871a7226977ab5ba751a06801dfc2e1a
2019/12/14 | 19:04:34 | INFO | [32m[2019-12-14 19:04:34 DEBUG	vault_processor][39m\nCustID: 274380001050264
Name: ALZAYTONAH
TradeChannel: HFS Small T.G.
hash: 53c3f08e1159be71f03397cd5197e58cb08d486d239504f8729601e3a690b070
2019/12/14 | 19:04:34 | INFO | [32m[2019-12-14 19:04:34 DEBUG	vault_processor][39m\nCustID: 274380001077994
Name: AL Arkan PH
TradeChannel: RVO Pharma
hash: ee14970b5a9493ae9286cdb114d3bd00a8279d154e3275a4da2d302542448dc0
2019/12/14 | 19:04:34 | INFO | [32m[2019-12-14 19:04:34 DEBUG	vault_processor][39m\nCustID: 274380001079042
Name: Khadeer Saleh Mansour Establishment TR -
TradeChannel: MT Tier 1
hash: aa1c1aabc18a754d75a662b56376bd120854d186c29757f29bf9d905a518728d
2019/12/14 | 19:04:34 | INFO | [32m[2019-12-14 19:04:34 DEBUG	vault_processor][39m\nCustID: 274380001091424
Name: N/A
TradeChannel: N/A
hash: 57446e230f7054be4fdbc417e27ab1d218f9567b271b79945e728760e98e33d3
2019/12/14 | 19:04:34 | INFO | [32m[2019-12-14 19:04:34 DEBUG	vault_processor][39m\nCustID: 274380001091471
Name: N/A
TradeChannel: N/A
hash: 66f9779a899f4950872f79891d0b5642841f94a3311c0102354e05e20cd32bf2
2019/12/14 | 19:04:34 | INFO | [32m[2019-12-14 19:04:34 DEBUG	vault_processor][39m\nCustID: 274380001087849
Name: N/A
TradeChannel: HFS Small T.G.
hash: 529f40cd04c182bf054defe6c8f17fb4471bc7a7c39aa9491c41c77f873580f2
2019/12/14 | 19:04:34 | INFO | [32m[2019-12-14 19:04:34 DEBUG	vault_processor][39m\nCustID: 274380001090941
Name: N/A
TradeChannel: N/A
hash: 8ed623c4b91723f105bf02b018815ccb1cd5e3b952221c81c65373da0da5b678
2019/12/14 | 19:04:34 | INFO | [32m[2019-12-14 19:04:34 DEBUG	vault_processor][39m\nCustID: 274380001090958
Name: N/A
TradeChannel: N/A
hash: d66cd94aa64884484650ec971f5c904b1d28ef78c9d08141135e11a25b8a1b06
2019/12/14 | 19:04:34 | INFO | [32m[2019-12-14 19:04:34 DEBUG	vault_processor][39m\nCustID: 274380001090959
Name: N/A
TradeChannel: N/A
hash: 89e8e18f34e29b5a6d18d250bb077bc4e4e64eed99367fab27027e7c04453079
2019/12/14 | 19:04:34 | INFO | [32m[2019-12-14 19:04:34 DEBUG	vault_processor][39m\nCustID: 274380001090967
Name: N/A
TradeChannel: N/A
hash: b145da3b1b69d62939223756773b602b3629bd662058b6d0a067b402010c623d
2019/12/14 | 19:04:34 | INFO | [32m[2019-12-14 19:04:34 DEBUG	vault_processor][39m\nCustID: 274380001090986
Name: N/A
TradeChannel: HFS Small T.G.
hash: ab78f502e1aea917cbd6d43a3620413caeb581be7721f69aed63d60c4da37d55
2019/12/14 | 19:04:34 | INFO | [32m[2019-12-14 19:04:34 DEBUG	vault_processor][39m\nCustID: 274380001091022
Name: N/A
TradeChannel: N/A
hash: 722aa1f8ef33b8eb01422d4660a6f75c5a7c01e5125bd2f38da0babd88ae8688
2019/12/14 | 19:04:34 | INFO | [32m[2019-12-14 19:04:34 DEBUG	vault_processor][39m\nCustID: 274380001091147
Name: N/A
TradeChannel: N/A
hash: facf1220b74105fb2d4c10ad0c9241d63cf56420959dd0c5b0a1618de73ae9a5
2019/12/14 | 19:04:34 | INFO | [32m[2019-12-14 19:04:34 DEBUG	vault_processor][39m\nCustID: 274380001091156
Name: N/A
TradeChannel: N/A
hash: e5b41892b5032c8a78bbcb21e49180d1f8490182424928f1d1320169ff00bcb5
2019/12/14 | 19:04:34 | INFO | [32m[2019-12-14 19:04:34 DEBUG	vault_processor][39m\nCustID: 274380001091176
Name: N/A
TradeChannel: N/A
hash: 51b2d838683de7d60086f29fed76427f85814703d0cebd4b3660e4ef6c58aa09
2019/12/14 | 19:04:34 | INFO | [32m[2019-12-14 19:04:34 DEBUG	vault_processor][39m\nCustID: 274380001091225
Name: N/A
TradeChannel: N/A
hash: 32174b96273ebef824597796d94adb38590806df4abdc25856a7bddae18856dc
2019/12/14 | 19:04:34 | INFO | [32m[2019-12-14 19:04:34 DEBUG	vault_processor][39m\nCustID: 274380001091367
Name: N/A
TradeChannel: HFS Small T.G.
hash: 2d38b54bf76b4ce05f381c4b6ba3213a00692d001c43835d7c29ec60dc989c5f
2019/12/14 | 19:04:34 | INFO | [32m[2019-12-14 19:04:34 DEBUG	vault_processor][39m\nCustID: 274380001091368
Name: N/A
TradeChannel: N/A
hash: b7e2e3fb574e6120f14755e27295db367b1e5d1b9b1b8ed91a697774917a2cd7
2019/12/14 | 19:04:34 | INFO | [32m[2019-12-14 19:04:34 DEBUG	vault_processor][39m\nCustID: 274380001091369
Name: N/A
TradeChannel: HFS Small T.G.
hash: 4b44f49d864bab757fdf44e5b12eb4e76b35147fad509712cda3e69b3b587ff6
2019/12/14 | 19:04:34 | INFO | [32m[2019-12-14 19:04:34 DEBUG	vault_processor][39m\nCustID: 274380001091373
Name: N/A
TradeChannel: HFS Small T.G.
hash: 4bb3cb86b75b9ba2cd899c3ecf00ad5ac4b2fdfe450bccbeda1a0bf53ee3f0b5
2019/12/14 | 19:04:34 | INFO | [32m[2019-12-14 19:04:34 DEBUG	vault_processor][39m\nCustID: 274380001091397
Name: N/A
TradeChannel: N/A
hash: 0edbff944e9b72b2db138dc81df358f8941224846f07eb1987b149703f021f35
2019/12/14 | 19:04:34 | INFO | [32m[2019-12-14 19:04:34 DEBUG	vault_processor][39m\nCustID: 274380001091398
Name: N/A
TradeChannel: HFS Small T.G.
hash: 42c01bb68d92e401b9a22d5bc40fd115cd75b2514d31e4509b7be94a36425606
2019/12/14 | 19:04:34 | INFO | [32m[2019-12-14 19:04:34 DEBUG	vault_processor][39m\nCustID: 274380001091462
Name: N/A
TradeChannel: HFS Small T.G.
hash: 653f7e26c3663e46a2693403bb69391e961e09fb538be4a5bb8f3906012b61b0
2019/12/14 | 19:04:34 | INFO | [32m[2019-12-14 19:04:34 DEBUG	vault_processor][39m\nCustID: 274380001091528
Name: N/A
TradeChannel: N/A
hash: 404d1f4b694f1dd340c95e7af466afa2d7f98a1e3ddad3ea0fb6516740ebe10a
2019/12/14 | 19:04:34 | INFO | [32m[2019-12-14 19:04:34 DEBUG	vault_processor][39m\nCustID: 274380001091465
Name: N/A
TradeChannel: N/A
hash: 28f78f9922c6a697ff20c662e68e1169e9212ecf840eb58f09c4997347331574
2019/12/14 | 19:04:34 | INFO | [32m[2019-12-14 19:04:34 DEBUG	vault_processor][39m\nCustID: 274380001091566
Name: N/A
TradeChannel: HFS Small T.G.
hash: ac94739481f94b1fb1c2c7cf5a6cdcb5e4b6a79efeb3a05ad7bcc725ffb4a11f
2019/12/14 | 19:04:34 | INFO | [32m[2019-12-14 19:04:34 DEBUG	vault_processor][39m\nCustID: 274380001096837
Name: N/A
TradeChannel: N/A
hash: 680307fa5ce6e6bf6a025cc712d4cc715a533e4202c2b15a65b9673a441bad03
2019/12/14 | 19:04:34 | INFO | [32m[2019-12-14 19:04:34 DEBUG	vault_processor][39m\nCustID: 274380001062376
Name: Danube Co. For Food Stuffs
TradeChannel: National Accounts
hash: fb787d276ac99d338b4104d63d3231a5cde65ca37d84b1c16050d9ab98a0012e
