******************************************************************************************
**
** Perfect Logger Logging System
** Application Version          : 1.0
** Perfect-Logger Version       : 1.5.2
** Application Start Time (UTC) : 18:40:00 2019/12/14
**
** Copyright 2018 Team whileLOOP
**
******************************************************************************************
**
** Log Number               : #94
** Continuing from Log File : vault_processor.1576349009622.log
** Log Start Time (UTC)     : 18:43:29 2019/12/14
**
******************************************************************************************
2019/12/14 | 18:43:29 | INFO | [32m[2019-12-14 18:43:29 DEBUG	vault_processor][39m\nCustID: 274380001043995
Name:  PANDA
TradeChannel: National Accounts
hash: 2f256630f520201f54d2ac248e6ac94809030b3c6885502a24c0c1c97b8f2b35
2019/12/14 | 18:43:29 | INFO | [32m[2019-12-14 18:43:29 DEBUG	vault_processor][39m\nCustID: 274380001044149
Name: ALRAYAH SHOPPING CENTER BRANCH NO 1
TradeChannel: MT Tier 1
hash: 03ac190e63fe1a664fd0fa6418584ea361f996279b3c04460e302176ae3256f3
2019/12/14 | 18:43:29 | INFO | [32m[2019-12-14 18:43:29 DEBUG	vault_processor][39m\nCustID: 274380001044143
Name:  Bin Dawood Stores Trading Co.
TradeChannel: National Accounts
hash: bb3d81c887a829d8278f6670b3b0e82115689276267cbd98db7136738f931fe1
2019/12/14 | 18:43:29 | INFO | [32m[2019-12-14 18:43:29 DEBUG	vault_processor][39m\nCustID: 274380001045957
Name: Mohammed Rashid Al Rasheed Trading Est.
TradeChannel: Wholesaler
hash: edbf59c58d1748111c0d5e3be1d79136f3840c1be0125176c1cacb1ffe99a353
2019/12/14 | 18:43:29 | INFO | [32m[2019-12-14 18:43:29 DEBUG	vault_processor][39m\nCustID: 274380001046534
Name: SULYMAN RASHED ALJARBOA EST
TradeChannel: Wholesaler
hash: a57cb48a2fe54cc379dbfc88785994f35533ed80aeeff35f3c855015e91b506d
2019/12/14 | 18:43:29 | INFO | [32m[2019-12-14 18:43:29 DEBUG	vault_processor][39m\nCustID: 274380001047337
Name: ALNAZAWI
TradeChannel: Self Service T.G
hash: 7f192f84a7d5f45829be87fe373534e402f632c2f951f9239a0aeba5547c9c13
2019/12/14 | 18:43:29 | INFO | [32m[2019-12-14 18:43:29 DEBUG	vault_processor][39m\nCustID: 274380001089442
Name: N/A
TradeChannel: HFS Small T.G.
hash: 93e91f3c6916aebca7d1cdfdaa92d1400df64a91fb3395b53ebf86f94a2c149c
2019/12/14 | 18:43:29 | INFO | [32m[2019-12-14 18:43:29 DEBUG	vault_processor][39m\nCustID: 274380001090576
Name: N/A
TradeChannel: HFS Small T.G.
hash: 81dcdbd947128132f49d6e3b59540f19796b03e5c10478876ec582a579a662d4
2019/12/14 | 18:43:29 | INFO | [32m[2019-12-14 18:43:29 DEBUG	vault_processor][39m\nCustID: 274380001047452
Name: HAWASHIM MARKETS
TradeChannel: Self Service T.G
hash: 74144df92c73d9e793d3779b2532371168b9185e0f0429e33b9dc15a0e0f3ab3
2019/12/14 | 18:43:29 | INFO | [32m[2019-12-14 18:43:29 DEBUG	vault_processor][39m\nCustID: 274380001049463
Name: Marsa AlTamayoz Trading Est.
TradeChannel: Wholesaler
hash: bb82f6485596d040c8b7cbfab1a96f7fd3e09a3532d8d88240c5e32f3c9c5864
2019/12/14 | 18:43:29 | INFO | [32m[2019-12-14 18:43:29 DEBUG	vault_processor][39m\nCustID: 274380001048757
Name: ABDALLAH ALJAABRI
TradeChannel: HFS Small T.G.
hash: 4dd327aa290ad444bf9f63945a60ef42b11457d8ef13cf7a07858988d1156e86
2019/12/14 | 18:43:29 | INFO | [32m[2019-12-14 18:43:29 DEBUG	vault_processor][39m\nCustID: 274380001060520
Name: ALQUTBIAH
TradeChannel: HFS Small T.G.
hash: 750f753fb8f45a66f0b2f5558b204b852fecb3e3b8cabdb4f4cbd02baa2ed425
2019/12/14 | 18:43:29 | INFO | [32m[2019-12-14 18:43:29 DEBUG	vault_processor][39m\nCustID: 274380001049275
Name: MOSTAWDAA ELGORBA
TradeChannel: Wholesaler
hash: 0714d91a9c45e0c57f3d0a7fb4399b06d7e8c6f15fac9c9dc02f7179c6278c05
2019/12/14 | 18:43:29 | INFO | [32m[2019-12-14 18:43:29 DEBUG	vault_processor][39m\nCustID: 274380001049535
Name: Majid Al Shafei Est. For Plastic &
TradeChannel: Wholesaler
hash: f28fad8b72ceef49e7b1cfef567557c4c83dbc8fc22b4788b8499c1998bacb70
2019/12/14 | 18:43:29 | INFO | [32m[2019-12-14 18:43:29 DEBUG	vault_processor][39m\nCustID: 274380001052111
Name: ALEMAD
TradeChannel: Self Service T.G
hash: 52c8784d9fbf768bda3c50fe9a5d7fb6cbbfd2b16846c7a24bcc18c4dc18bd8f
2019/12/14 | 18:43:29 | INFO | [32m[2019-12-14 18:43:29 DEBUG	vault_processor][39m\nCustID: 274380001053599
Name: MAMLKAT AL DAWAA PHARMACY
TradeChannel: Pharma Tier 3
hash: 5b27c9044f1559743ad72a2eeb62bca9be74f33c6d9c3184c097f54383f4a3a5
2019/12/14 | 18:43:29 | INFO | [32m[2019-12-14 18:43:29 DEBUG	vault_processor][39m\nCustID: 274380001054579
Name: ALBASHA FOR SALE
TradeChannel: Discounters T.G
hash: b21dee6d48c30994a09715ca9b411048c4481e3d401fbaf121a955b15f89dded
2019/12/14 | 18:43:29 | INFO | [32m[2019-12-14 18:43:29 DEBUG	vault_processor][39m\nCustID: 274380001054820
Name: ABDALHADE BIN MOTARAD EST
TradeChannel: Semi-Wholesaler T.G
hash: 2849d5a1bddfff2ce744be1121fcafa3ef2011c98e006f7ef0b6212ee0fd1288
2019/12/14 | 18:43:29 | INFO | [32m[2019-12-14 18:43:29 DEBUG	vault_processor][39m\nCustID: 274380001056088
Name: ASWAQ ALWATAN ALMARKAZIAH
TradeChannel: Self Service T.G
hash: 2b8d71ace1ca0dfedd85d2c9303432841aad0fbafb290fa1fd5e7c84dd2c4602
2019/12/14 | 18:43:29 | INFO | [32m[2019-12-14 18:43:29 DEBUG	vault_processor][39m\nCustID: 274380001055930
Name: ALMEDBAA
TradeChannel: Self Service T.G
hash: 6d7986a5fa5019eb34b6603854d3d918d5ae6328dee071dfa002287af0404b69
2019/12/14 | 18:43:29 | INFO | [32m[2019-12-14 18:43:29 DEBUG	vault_processor][39m\nCustID: 274380001056352
Name: NAHDI MEDICAL COMPANY
TradeChannel: Pharma Tier 1
hash: cd2eb8d9140c1942563ca224fa0653cbda1d233a449971d3ef64ec158bc5132d
2019/12/14 | 18:43:29 | INFO | [32m[2019-12-14 18:43:29 DEBUG	vault_processor][39m\nCustID: 274380001056593
Name: ASIL PHARMACY
TradeChannel: Pharma Tier 3
hash: b5b615353826d6643db5f458427432d7d4533ca6bc8a9ee2d5cece366fcac810
2019/12/14 | 18:43:29 | INFO | [32m[2019-12-14 18:43:29 DEBUG	vault_processor][39m\nCustID: 274380001058452
Name: ABU JERFAH
TradeChannel: Self Service T.G
hash: 4862619ef0464eb7ea797f638b4e769b9748022710c83ed15d5cf5af26979254
2019/12/14 | 18:43:29 | INFO | [32m[2019-12-14 18:43:29 DEBUG	vault_processor][39m\nCustID: 274380001083157
Name: N/A
TradeChannel: HFS Small T.G.
hash: 9331d4325d3bbb4982179a578641e92d3a3813560450baff824298ec09438cfc
2019/12/14 | 18:43:29 | INFO | [32m[2019-12-14 18:43:29 DEBUG	vault_processor][39m\nCustID: 274380001073402
Name: Tawseel Elghezaa Est.
TradeChannel: HFS Small T.G.
hash: 41387d3a33828a84f6c5a9a36ed33028f23c43795ab79d0a7cfe7e320f1c7bee
2019/12/14 | 18:43:29 | INFO | [32m[2019-12-14 18:43:29 DEBUG	vault_processor][39m\nCustID: 274380001060740
Name: MAWASM ALSANAH LTD. COMPANY
TradeChannel: Discounters T.G
hash: 9b6329fba083d2870858215bc0e49a45a24b8433c3fe2332fd4b432d922c12c8
2019/12/14 | 18:43:29 | INFO | [32m[2019-12-14 18:43:29 DEBUG	vault_processor][39m\nCustID: 274380001061479
Name: ALHILAL
TradeChannel: HFS Small T.G.
hash: 2cb209aef2421d69218e7c7b54343c0772a156523e028d95f3359f3236b040f2
2019/12/14 | 18:43:29 | INFO | [32m[2019-12-14 18:43:29 DEBUG	vault_processor][39m\nCustID: 274380001061504
Name: ALI MOBARAK ALBURAIKI EST.
TradeChannel: Semi-Wholesaler T.G
hash: 515514fe0a4dbf1cda72aa5f69233bf051282e49322140572d880ae305714316
2019/12/14 | 18:43:29 | INFO | [32m[2019-12-14 18:43:29 DEBUG	vault_processor][39m\nCustID: 274380001062334
Name: baqmy
TradeChannel: HFS Small T.G.
hash: 6672ea67e4b6d8f11aba10122dab776c8409379c599e0ed36c6e5dea04ccb9e0
2019/12/14 | 18:43:29 | INFO | [32m[2019-12-14 18:43:29 DEBUG	vault_processor][39m\nCustID: 274380001058648
Name: ALKHAIRAT
TradeChannel: Self Service T.G
hash: de5da7604b81f451148d6dc04a77b2e6318cac74a903971f21c91a1d99ea34e0
2019/12/14 | 18:43:29 | INFO | [32m[2019-12-14 18:43:29 DEBUG	vault_processor][39m\nCustID: 274380001059937
Name: YAHYA SAAD ALYAHYA  EST.
TradeChannel: Wholesaler
hash: f67fb3d106bd8c9b4d915a093b7572844e10f4041770efad8b2e29a2ac33bf83
2019/12/14 | 18:43:29 | INFO | [32m[2019-12-14 18:43:29 DEBUG	vault_processor][39m\nCustID: 274380001060473
Name: ABU NAYEF
TradeChannel: Self Service T.G
hash: 649b03ea7191ee859d96488faa328ede04c0c4888a480b9aec05409bf2532bdc
2019/12/14 | 18:43:29 | INFO | [32m[2019-12-14 18:43:29 DEBUG	vault_processor][39m\nCustID: 274380001063330
Name: ASWAQ ALSAIF
TradeChannel: Self Service T.G
hash: 6a5fff6334a3ec3ee4e1a1a1c67fd8098a338a6230adebbb756c9dde8e7f1064
2019/12/14 | 18:43:29 | INFO | [32m[2019-12-14 18:43:29 DEBUG	vault_processor][39m\nCustID: 274380001067054
Name: AlSaqqaf Medical Company Ltd.
TradeChannel: Pharma Tier 2
hash: da64e2930aa1799c00e02f718c134e6576d58a759fe28f12906cfe3f5346ecad
2019/12/14 | 18:43:30 | INFO | [32m[2019-12-14 18:43:30 DEBUG	vault_processor][39m\nCustID: 274380001047320
Name: ALFA AL MASHAREE
TradeChannel: Discounters T.G
hash: 8d0561b2dbc4b8ec56bb6eb899158f29dd127d033244a0b950b671bf56aa4603
2019/12/14 | 18:43:30 | INFO | [32m[2019-12-14 18:43:30 DEBUG	vault_processor][39m\nCustID: 274380001055252
Name: MANAZIL ALAZIZIAH
TradeChannel: HFS Small T.G.
hash: 24fbe20d5623275c45e60eb595f81d91a7d0f7243ede21fff441c4429a6742ac
2019/12/14 | 18:43:30 | INFO | [32m[2019-12-14 18:43:30 DEBUG	vault_processor][39m\nCustID: 274380001073003
Name: Abdul Mohsen Al Qabasani Trading Est.
TradeChannel: Sub-D
hash: 0577439bd51e994262383a5d5339686809dcf5a16807c436ee24582d64b88853
2019/12/14 | 18:43:30 | INFO | [32m[2019-12-14 18:43:30 DEBUG	vault_processor][39m\nCustID: 274380001075329
Name: Fatma serial trading company
TradeChannel: Self Service T.G
hash: 4d29b2944599690b95d3601d2a58e5870bf03bac0a81b34e2ba27cf9b092d136
2019/12/14 | 18:43:30 | INFO | [32m[2019-12-14 18:43:30 DEBUG	vault_processor][39m\nCustID: 274380001076567
Name: M . Afaf Ibrahim Rwaili
TradeChannel: Self Service T.G
hash: 95941e88edcfc3ce19cfc38632d296f460fa6688250e5d9cef199680c1c2a120
2019/12/14 | 18:43:30 | INFO | [32m[2019-12-14 18:43:30 DEBUG	vault_processor][39m\nCustID: 274380001076917
Name: Hayper Bishah
TradeChannel: Self Service T.G
hash: 86ebdc69ee83bc0cbec342496c117e61f6dadb9ac80b27ab64a271dff0597fc5
Continuing to vault_processor.1576349010058.log
