2019/12/14 | 18:42:25 | INFO | [32m[2019-12-14 18:42:25 DEBUG	vault_processor][39m\nCustID: 274380001062192
Name: SAAD RASHID
TradeChannel: HFS Small T.G.
hash: 7ca91917b840659210ae6dd1f574a1b4e08c957eae4b60f22f13868e07c6044c
******************************************************************************************
**
** Perfect Logger Logging System
** Application Version          : 1.0
** Perfect-Logger Version       : 1.5.2
** Application Start Time (UTC) : 18:40:00 2019/12/14
**
** Copyright 2018 Team whileLOOP
**
******************************************************************************************
**
** Log Number               : #13
** Continuing from Log File : vault_processor.1576348945184.log
** Log Start Time (UTC)     : 18:42:25 2019/12/14
**
******************************************************************************************
2019/12/14 | 18:42:25 | INFO | [32m[2019-12-14 18:42:25 DEBUG	vault_processor][39m\nCustID: 274380001062193
Name: ALAWAEL
TradeChannel: HFS Small T.G.
hash: 10de2c60436baa6843890d2a49b403f73fb07d239ed73fcb9d3d2cf5c4ecc389
2019/12/14 | 18:42:25 | INFO | [32m[2019-12-14 18:42:25 DEBUG	vault_processor][39m\nCustID: 274380001062195
Name: ALADREYAH
TradeChannel: HFS Small T.G.
hash: f52d37ed79ce1d67866c6fa574250306c579360e86f323dde16c5190b5377adb
2019/12/14 | 18:42:25 | INFO | [32m[2019-12-14 18:42:25 DEBUG	vault_processor][39m\nCustID: 274380001062778
Name: AZZAM
TradeChannel: HFS Small T.G.
hash: f77e21370e5f00e2e9271dc3ff4c6897ab889129e82f4ce09afc4140eff1f23e
2019/12/14 | 18:42:25 | INFO | [32m[2019-12-14 18:42:25 DEBUG	vault_processor][39m\nCustID: 274380001062790
Name: IBRAHIM BIN ZAID
TradeChannel: HFS Small T.G.
hash: 307320dde3742454f7071f55c3ea3a2281848f8823e9eb314c90ad01aa799bbe
2019/12/14 | 18:42:25 | INFO | [32m[2019-12-14 18:42:25 DEBUG	vault_processor][39m\nCustID: 274380001062984
Name: ALBADIAH TAMWENAT
TradeChannel: HFS Small T.G.
hash: de8a1427db7c19e72ac1b28bfd3f5caf0a0550a21b857646bdc99ae3d8695b16
2019/12/14 | 18:42:25 | INFO | [32m[2019-12-14 18:42:25 DEBUG	vault_processor][39m\nCustID: 274380001047171
Name: MANAHIL CENTER 2
TradeChannel: HFS Small T.G.
hash: 399e748bbe578798522fe57c435f9f372ceb0b66e67ca03fd2119088d7ba3cf0
2019/12/14 | 18:42:25 | INFO | [32m[2019-12-14 18:42:25 DEBUG	vault_processor][39m\nCustID: 274380001058320
Name: supermarket Al Danoub
TradeChannel: HFS Small T.G.
hash: ed512dd44ee4c0c9c9935f0a01aedaa08c2779d2d48e9b509fd1f7f18bd0d34a
2019/12/14 | 18:42:25 | INFO | [32m[2019-12-14 18:42:25 DEBUG	vault_processor][39m\nCustID: 274380001062817
Name: ROKN ALANJAL
TradeChannel: HFS Small T.G.
hash: f66635ad1d7a66a24aa439ac821b30c335ddf5671d1f395d68c3c051ee75fc3c
2019/12/14 | 18:42:25 | INFO | [32m[2019-12-14 18:42:25 DEBUG	vault_processor][39m\nCustID: 274380001062806
Name: ALDAR ALBAIDAA
TradeChannel: HFS Small T.G.
hash: 34dd43320c404bed216048a95cf2276829090b3886d51fd1a5da798936b571c0
2019/12/14 | 18:42:25 | INFO | [32m[2019-12-14 18:42:25 DEBUG	vault_processor][39m\nCustID: 274380001058425
Name: TURKI
TradeChannel: HFS Small T.G.
hash: f6d4ad0be90d8dea051243196167384e55b606c0235db391b5da797e2b852e33
2019/12/14 | 18:42:25 | INFO | [32m[2019-12-14 18:42:25 DEBUG	vault_processor][39m\nCustID: 274380001057638
Name: AFIAH
TradeChannel: HFS Small T.G.
hash: 499e6db61ca035408aeeafbe4d7535feb01e4889e7a07424e896aebcaa7635e4
2019/12/14 | 18:42:25 | INFO | [32m[2019-12-14 18:42:25 DEBUG	vault_processor][39m\nCustID: 274380001055723
Name: NAWAF
TradeChannel: HFS Small T.G.
hash: 3b93837d39aae568c0f1f4fa508e092aaac3b144552bf98d1b9bd7d7981d9ea7
2019/12/14 | 18:42:25 | INFO | [32m[2019-12-14 18:42:25 DEBUG	vault_processor][39m\nCustID: 274380001059712
Name: ZAKI ALGHAMEDI
TradeChannel: HFS Small T.G.
hash: 7ec5cdc6677cab6f04fb3bb0c38ce33828b44227496c1600e4dbf67b6a6b684a
2019/12/14 | 18:42:25 | INFO | [32m[2019-12-14 18:42:25 DEBUG	vault_processor][39m\nCustID: 274380001060755
Name: ROKN ALTAMWIN
TradeChannel: HFS Small T.G.
hash: 2a88a83084afd893c2d703d216cefff58bef6f29342639709b7e853d46d4d03c
2019/12/14 | 18:42:25 | INFO | [32m[2019-12-14 18:42:25 DEBUG	vault_processor][39m\nCustID: 274380001060947
Name: Tarifi
TradeChannel: HFS Small T.G.
hash: 46152ea623bdcc76182c4a7dc2d59a39db75d810782a3e27e446b517cdb3909f
2019/12/14 | 18:42:25 | INFO | [32m[2019-12-14 18:42:25 DEBUG	vault_processor][39m\nCustID: 274380001061030
Name: ALSHEFAA
TradeChannel: HFS Small T.G.
hash: 12c66071d8c94dc2477e16d02e500377e3fd838cbe875110aa55b5ad640f5647
2019/12/14 | 18:42:25 | INFO | [32m[2019-12-14 18:42:25 DEBUG	vault_processor][39m\nCustID: 274380001057291
Name: FAHAD
TradeChannel: HFS Small T.G.
hash: 450dc1f6c63c8c248f80f6764c59c876b2f85f48efacf5572f9266a9adc22348
2019/12/14 | 18:42:25 | INFO | [32m[2019-12-14 18:42:25 DEBUG	vault_processor][39m\nCustID: 274380001061145
Name: ALOTAIBI
TradeChannel: HFS Small T.G.
hash: fe17ae3ffd291d00c8914b6eb64c923d6f78d85bf8f0e5fe13c4e83e4275e770
2019/12/14 | 18:42:25 | INFO | [32m[2019-12-14 18:42:25 DEBUG	vault_processor][39m\nCustID: 274380001058380
Name: ALSOBAIAI
TradeChannel: HFS Small T.G.
hash: ad42e445f26f9835db99628130cba7ceb2b4b966b79395e6018aae91fc0efbdc
2019/12/14 | 18:42:25 | INFO | [32m[2019-12-14 18:42:25 DEBUG	vault_processor][39m\nCustID: 274380001058582
Name: ALSEFI
TradeChannel: HFS Small T.G.
hash: 841782bf0d882c3a1a1c298f60f157ed54c588e50df6569d82fc3496b21ec741
2019/12/14 | 18:42:25 | INFO | [32m[2019-12-14 18:42:25 DEBUG	vault_processor][39m\nCustID: 274380001060102
Name: ALSALAM
TradeChannel: HFS Small T.G.
hash: a9e39a587845c93b109830b256ec81366ff3b68d8c74f50ba74b549833f4719f
2019/12/14 | 18:42:25 | INFO | [32m[2019-12-14 18:42:25 DEBUG	vault_processor][39m\nCustID: 274380001060836
Name: AHMAD
TradeChannel: HFS Small T.G.
hash: d3311e96c8119366529af649990f7536939d1d137ceb63713679240f5494b657
2019/12/14 | 18:42:25 | INFO | [32m[2019-12-14 18:42:25 DEBUG	vault_processor][39m\nCustID: 274380001061102
Name: AMAL ALBARIJAH
TradeChannel: HFS Small T.G.
hash: bd16bb0668ba1951bef78afb2acebcefdbe82d98f554146fa21d08aa3828037d
2019/12/14 | 18:42:25 | INFO | [32m[2019-12-14 18:42:25 DEBUG	vault_processor][39m\nCustID: 274380001046060
Name: ALHAMRAA
TradeChannel: HFS Small T.G.
hash: fc58d5771d3c3bef818d558cba5b821cc8341f34b757f017e1836a36d3bc038f
2019/12/14 | 18:42:25 | INFO | [32m[2019-12-14 18:42:25 DEBUG	vault_processor][39m\nCustID: 274380001046074
Name: ALQUDS
TradeChannel: HFS Small T.G.
hash: 002baabd72dbbc4cf218a82f8014952b99aefab62794cf7d04ae9bd062e56c66
2019/12/14 | 18:42:25 | INFO | [32m[2019-12-14 18:42:25 DEBUG	vault_processor][39m\nCustID: 274380001061212
Name: SULTAN
TradeChannel: HFS Small T.G.
hash: 36670fd7b3ec8d9565088affaf765b34e569b0aba71ead857a1da4aba3d2c618
2019/12/14 | 18:42:25 | INFO | [32m[2019-12-14 18:42:25 DEBUG	vault_processor][39m\nCustID: 274380001061563
Name: TAIBAH
TradeChannel: HFS Small T.G.
hash: 28c57680b7777c3de59dcf41453d1a916c1dbdf107eaa100fb830c615dfa17a6
2019/12/14 | 18:42:25 | INFO | [32m[2019-12-14 18:42:25 DEBUG	vault_processor][39m\nCustID: 274380001062019
Name: ALMASA 2
TradeChannel: HFS Small T.G.
hash: af47adb6f7da3aaff2a072ad481d06c5a53a31e7edd7f66e4e1b456a2fe6b5a2
2019/12/14 | 18:42:25 | INFO | [32m[2019-12-14 18:42:25 DEBUG	vault_processor][39m\nCustID: 274380001062413
Name: ALSHEHABIAH bqalah
TradeChannel: HFS Small T.G.
hash: f9af3710ba4a4923b6fb09171fc186d58ca37b57d7f96210c30995e4f80ccd37
2019/12/14 | 18:42:25 | INFO | [32m[2019-12-14 18:42:25 DEBUG	vault_processor][39m\nCustID: 274380001062952
Name: ZAHRAT ALSWSAN
TradeChannel: HFS Small T.G.
hash: 432aed8ae80594f2b7c67f7bbde9dc5939af184d077f8c340f168a0b523b5c31
2019/12/14 | 18:42:25 | INFO | [32m[2019-12-14 18:42:25 DEBUG	vault_processor][39m\nCustID: 274380001063362
Name: ALFAWAZ
TradeChannel: HFS Small T.G.
hash: 0738f5b8fa2e61da7061e7f8989821294bc67bcfa951439fc628a3ec951a1c25
2019/12/14 | 18:42:25 | INFO | [32m[2019-12-14 18:42:25 DEBUG	vault_processor][39m\nCustID: 274380001063578
Name: ALABRAJ
TradeChannel: HFS Small T.G.
hash: ae12cc1cf9b263d7c2e3f958c627469a407a71fb16baff6bc1d4ad439f43851b
2019/12/14 | 18:42:25 | INFO | [32m[2019-12-14 18:42:25 DEBUG	vault_processor][39m\nCustID: 274380001049315
Name: ALUSRAH
TradeChannel: HFS Small T.G.
hash: df03a5d548071fb9ce15c16407d1aff3c48b38862f1eae67cab2c35a9d5172ff
2019/12/14 | 18:42:25 | INFO | [32m[2019-12-14 18:42:25 DEBUG	vault_processor][39m\nCustID: 274380001048424
Name: ALNAKHLAH
TradeChannel: HFS Small T.G.
hash: 9237a107a4feb97ecd4fe750afbbaa959d2503282910036d57a86e94b5641481
2019/12/14 | 18:42:25 | INFO | [32m[2019-12-14 18:42:25 DEBUG	vault_processor][39m\nCustID: 274380001063714
Name: ALFADLI
TradeChannel: HFS Small T.G.
hash: 76b4c41a83b99ee6dd89a9ce4e0903d6c81d8c0c5c58d1bb3297a75f7faa7301
2019/12/14 | 18:42:25 | INFO | [32m[2019-12-14 18:42:25 DEBUG	vault_processor][39m\nCustID: 274380001066769
Name: N/A
TradeChannel: HFS Small T.G.
hash: 38949a5592affcbb4186091a6c5e00e8e5e2514801c6816497ccab835d22f2ce
2019/12/14 | 18:42:25 | INFO | [32m[2019-12-14 18:42:25 DEBUG	vault_processor][39m\nCustID: 274380001067387
Name: alwably
TradeChannel: HFS Small T.G.
hash: 8eab9ffe8b64b26c5ebc0a5cceaa1ac9986adc97d90fae3fea0ac56dc38d7073
2019/12/14 | 18:42:25 | INFO | [32m[2019-12-14 18:42:25 DEBUG	vault_processor][39m\nCustID: 274380001067480
Name: ALANKE TO FOOD EST.
TradeChannel: HFS Small T.G.
hash: 973de4a107e82876ab8fa768231e16d16ef39a69cfafc9b66fc0f972b42832c0
2019/12/14 | 18:42:25 | INFO | [32m[2019-12-14 18:42:25 DEBUG	vault_processor][39m\nCustID: 274380001067503
Name: nurah althaweny grocery
TradeChannel: HFS Small T.G.
hash: e005bb4f75e58f78e15e8785c74821b66121c3454d2011ff957a6d08e9b18016
2019/12/14 | 18:42:25 | INFO | [32m[2019-12-14 18:42:25 DEBUG	vault_processor][39m\nCustID: 274380001067559
Name: Azza Hanik
TradeChannel: HFS Small T.G.
hash: 0b355893a7c73e526fdddcf4adf83b7b53a1c48e58974eead0b33b3dcba6d892
2019/12/14 | 18:42:25 | INFO | [32m[2019-12-14 18:42:25 DEBUG	vault_processor][39m\nCustID: 274380001067586
Name: ALSMEHAN
TradeChannel: HFS Small T.G.
hash: 854e8ae4fc83ea83d09befb4908d78b443649aa82d454d29b91577a22d1db765
2019/12/14 | 18:42:25 | INFO | [32m[2019-12-14 18:42:25 DEBUG	vault_processor][39m\nCustID: 274380001067590
Name: BET ALBLASTECE
TradeChannel: HFS Small T.G.
hash: 8ac82f3ca715974a9cb39e378a0bca95fb4f610afa81e412032629dc6e7cd93d
2019/12/14 | 18:42:25 | INFO | [32m[2019-12-14 18:42:25 DEBUG	vault_processor][39m\nCustID: 274380001067603
Name: SWQE ABO ASHRA RIYAL
TradeChannel: HFS Small T.G.
hash: fd7fd47e34e97c134c451d697c0876e359c0242c38423e20cd1a55b33e911389
2019/12/14 | 18:42:25 | INFO | [32m[2019-12-14 18:42:25 DEBUG	vault_processor][39m\nCustID: 274380001067613
Name: T/ALBGADY
TradeChannel: HFS Small T.G.
hash: 7083a96f1dd3547c093bc79aa5399126f6269351296a20b47a7284d49288059d
2019/12/14 | 18:42:25 | INFO | [32m[2019-12-14 18:42:25 DEBUG	vault_processor][39m\nCustID: 274380001067616
Name: T/ALKAHLDY 2
TradeChannel: HFS Small T.G.
hash: 63602f40573afb282ec4fa53edabed935f7d07b57f428302e81a9dccf94af44e
2019/12/14 | 18:42:25 | INFO | [32m[2019-12-14 18:42:25 DEBUG	vault_processor][39m\nCustID: 274380001067684
Name: t / almuteery
TradeChannel: HFS Small T.G.
hash: c8a4a7e7d6abc7f85309703d42076a50b3ec33213c80bbc4218e051967e65664
2019/12/14 | 18:42:25 | INFO | [32m[2019-12-14 18:42:25 DEBUG	vault_processor][39m\nCustID: 274380001067707
Name: SALAT ALGEZAA
TradeChannel: HFS Small T.G.
hash: 16a8cc661b0d43ce1a61f155c51b4e83f0a3b0696172fd7b4866dd8ed17b2267
2019/12/14 | 18:42:25 | INFO | [32m[2019-12-14 18:42:25 DEBUG	vault_processor][39m\nCustID: 274380001067722
Name: Aloabeli Marketing
TradeChannel: HFS Small T.G.
hash: 6f27c3df40c28fb733d00d45277656334bb7f7ffa213433d86fec82d6219777b
2019/12/14 | 18:42:25 | INFO | [32m[2019-12-14 18:42:25 DEBUG	vault_processor][39m\nCustID: 274380001067807
Name: albrgs2
TradeChannel: HFS Small T.G.
hash: 96a22cff4b1b2d7897a2c64e3ee44154b6854635ddcc16369971c9393062a318
2019/12/14 | 18:42:25 | INFO | [32m[2019-12-14 18:42:25 DEBUG	vault_processor][39m\nCustID: 274380001067833
Name: Tamoinat Jood
TradeChannel: HFS Small T.G.
hash: 1d424d3be8509822787d31ebec13858b6fa7f69cfc01e2c56ef71c7fcfdffb11
2019/12/14 | 18:42:25 | INFO | [32m[2019-12-14 18:42:25 DEBUG	vault_processor][39m\nCustID: 274380001067930
Name: alshaab grocery
TradeChannel: HFS Small T.G.
hash: a2001ac94cb7d2448a744ed1eb67ae91a4cdfa0ddd4ce0706ad2a7138707f792
2019/12/14 | 18:42:25 | INFO | [32m[2019-12-14 18:42:25 DEBUG	vault_processor][39m\nCustID: 274380001061264
Name: ALNAJEH
TradeChannel: HFS Small T.G.
hash: 7347137212e792267b58086f0e2da41cdd26b7e17f8d486d8d603c58bfb71ab7
2019/12/14 | 18:42:25 | INFO | [32m[2019-12-14 18:42:25 DEBUG	vault_processor][39m\nCustID: 274380001061338
Name: ALABRAJ
TradeChannel: HFS Small T.G.
hash: de82345a7a217694684cc4c7521ac326081e146e6f1088d85ace4387106f912f
2019/12/14 | 18:42:25 | INFO | [32m[2019-12-14 18:42:25 DEBUG	vault_processor][39m\nCustID: 274380001062357
Name: markaz ALARD ALKHADRAA
TradeChannel: HFS Small T.G.
hash: 5b875f469763a5f6d4e694df3ebb14014b6dfa6a710eba3d589aa9f128463da1
2019/12/14 | 18:42:25 | INFO | [32m[2019-12-14 18:42:25 DEBUG	vault_processor][39m\nCustID: 274380001062556
Name: ALQUDS
TradeChannel: HFS Small T.G.
hash: e88c2d76ecdb7fd8403a4ec17b0cebfcf95b1b28bcbf4a624ac87af7b6e1b70d
2019/12/14 | 18:42:25 | INFO | [32m[2019-12-14 18:42:25 DEBUG	vault_processor][39m\nCustID: 274380001048577
Name: KHALID
TradeChannel: HFS Small T.G.
hash: 9ec384b11f674291b9aafe131c13be10a61e192472ee99c44cc51aef9251ff5e
2019/12/14 | 18:42:25 | INFO | [32m[2019-12-14 18:42:25 DEBUG	vault_processor][39m\nCustID: 274380001061471
Name: ANWAR ALBADAYEA
TradeChannel: HFS Small T.G.
hash: fa7825cab2e931df8fff0f1293ecc5a058937e40cfb4df5f71d8880856ad773a
2019/12/14 | 18:42:25 | INFO | [32m[2019-12-14 18:42:25 DEBUG	vault_processor][39m\nCustID: 274380001062579
Name: ALRAWDAH
TradeChannel: HFS Small T.G.
hash: a3821d8e3b56dfdfb9fc9522c5763859a8966e8015a2c07e583717d238f2ce96
Continuing to vault_processor.1576348945549.log
