******************************************************************************************
**
** Perfect Logger Logging System
** Application Version          : 1.0
** Perfect-Logger Version       : 1.5.2
** Application Start Time (UTC) : 18:49:52 2019/12/14
**
** Copyright 2018 Team whileLOOP
**
******************************************************************************************
**
** Log Number               : #114
** Continuing from Log File : vault_processor.1576349752969.log
** Log Start Time (UTC)     : 18:55:52 2019/12/14
**
******************************************************************************************
2019/12/14 | 18:55:52 | INFO | [32m[2019-12-14 18:55:52 DEBUG	vault_processor][39m\nCustID: 274380001053736
Name: UM ALHAMAM ALKHAIREYAH PHARMACY
TradeChannel: Pharma Tier 3
hash: 6b14f00ee878d991c85063455ce68f90d70226977d1917d3044378fca6049f5e
2019/12/14 | 18:55:52 | INFO | [32m[2019-12-14 18:55:52 DEBUG	vault_processor][39m\nCustID: 274380001053665
Name: AL AIN AL AZIZIAH PHARMACY
TradeChannel: Pharma Tier 3
hash: 45c974aac1f844048e683e2ba713c7e5fda1306f6f3771383ca6eb73754f1708
2019/12/14 | 18:55:52 | INFO | [32m[2019-12-14 18:55:52 DEBUG	vault_processor][39m\nCustID: 274380001052714
Name: MARKAZ ALQASEER
TradeChannel: Self Service T.G
hash: 6a3a1d16a01db6e936aec6a42475706e9c46473d21dd8fc48fc6b1bafc68b63e
2019/12/14 | 18:55:52 | INFO | [32m[2019-12-14 18:55:52 DEBUG	vault_processor][39m\nCustID: 274380001101476
Name: N/A
TradeChannel: N/A
hash: 649cd41623a7fe9d4a8fb96095c44d4db6eca4ca8353831bc49c583b72497fb8
2019/12/14 | 18:55:52 | INFO | [32m[2019-12-14 18:55:52 DEBUG	vault_processor][39m\nCustID: 274380001055004
Name:  Baradat Alkhaleeg Est. For Maet & Froze
TradeChannel: Semi-Wholesaler T.G
hash: 29a9a02a8386cf5ebd6ef703967d81f863f60f5c6dc562d424e6f333a2bf19d3
2019/12/14 | 18:55:52 | INFO | [32m[2019-12-14 18:55:52 DEBUG	vault_processor][39m\nCustID: 274380001092069
Name: N/A
TradeChannel: HFS Small T.G.
hash: cd8aac87ee0a06b6155c9c89d6480a8efd54f1a32959dec30cb4dda7f182e3b0
2019/12/14 | 18:55:52 | INFO | [32m[2019-12-14 18:55:52 DEBUG	vault_processor][39m\nCustID: 274380001092072
Name: N/A
TradeChannel: HFS Small T.G.
hash: 8aa3e7f46e6b5d3dfb4cd11c5a67eae92d1bcd851ce908918bd4ed1da3142ae7
2019/12/14 | 18:55:52 | INFO | [32m[2019-12-14 18:55:52 DEBUG	vault_processor][39m\nCustID: 274380001092073
Name: N/A
TradeChannel: HFS Small T.G.
hash: 2bee203170567a8e358673c4795e9279f721d115bdbb93bfb9cd72aa01fe4a56
2019/12/14 | 18:55:52 | INFO | [32m[2019-12-14 18:55:52 DEBUG	vault_processor][39m\nCustID: 274380001092099
Name: N/A
TradeChannel: N/A
hash: 23dabb4417c18b500d66a2c156e4328f0c83fa991005da81eafc6b7bb3d015cd
2019/12/14 | 18:55:53 | INFO | [32m[2019-12-14 18:55:53 DEBUG	vault_processor][39m\nCustID: 274380001101620
Name: N/A
TradeChannel: N/A
hash: 884071dfd4ee779d23d4409c3748bd60065b1570bda4b422bfd4cba8c4e2d587
2019/12/14 | 18:55:53 | INFO | [32m[2019-12-14 18:55:53 DEBUG	vault_processor][39m\nCustID: 274380001101694
Name: N/A
TradeChannel: HFS Small T.G.
hash: 2b51a87ae118fb2368e75197329d0de5e36e1cde95df8923e64dcf7ce15ce084
2019/12/14 | 18:55:53 | INFO | [32m[2019-12-14 18:55:53 DEBUG	vault_processor][39m\nCustID: 274380001101695
Name: N/A
TradeChannel: HFS Small T.G.
hash: d74cf25a7a591898302ed963e108b4e2231f3ff97441e8dc8dbe615faebbee04
2019/12/14 | 18:55:53 | INFO | [32m[2019-12-14 18:55:53 DEBUG	vault_processor][39m\nCustID: 274380001101697
Name: N/A
TradeChannel: HFS Small T.G.
hash: ebce29f460278107c542b59cb0cf243b09e261645fee6c7781d734f206cbc18e
2019/12/14 | 18:55:53 | INFO | [32m[2019-12-14 18:55:53 DEBUG	vault_processor][39m\nCustID: 274380001044191
Name: MOHMMED AHMED AL SHIEKY EST
TradeChannel: Wholesaler
hash: 02b0c1235f4fa391b4a2fb48c4cf75b7c357360f6b2deb57a132c3c1c32936a7
2019/12/14 | 18:55:53 | INFO | [32m[2019-12-14 18:55:53 DEBUG	vault_processor][39m\nCustID: 274380001046502
Name: AL AMJAD EST
TradeChannel: Wholesaler
hash: 1c3c45f120562d402c0228bd973f1901274e59440bc236bb15279bd3257175a6
2019/12/14 | 18:55:53 | INFO | [32m[2019-12-14 18:55:53 DEBUG	vault_processor][39m\nCustID: 274380001046644
Name: Saleh Ahmed Mansour Al Saadi Est
TradeChannel: Sub-D
hash: d304605379f3731710b5e6dddd7391684f65e80f17fe3b4b9334ec39f89643e1
2019/12/14 | 18:55:53 | INFO | [32m[2019-12-14 18:55:53 DEBUG	vault_processor][39m\nCustID: 274380001099274
Name: N/A
TradeChannel: N/A
hash: bee19a71442e827ff39abf8f9b40076f03b71a68af2d71561ad1b43d007dbd7e
2019/12/14 | 18:55:53 | INFO | [32m[2019-12-14 18:55:53 DEBUG	vault_processor][39m\nCustID: 274380001100027
Name: N/A
TradeChannel: N/A
hash: 17f5d73a93bf04fb073b33991f688b4e991d84ecbff53fecb8d28b77a69078e0
2019/12/14 | 18:55:53 | INFO | [32m[2019-12-14 18:55:53 DEBUG	vault_processor][39m\nCustID: 274380001100167
Name: N/A
TradeChannel: N/A
hash: e4ab4e3039384641c1c085e70632b9100cf03df00ce99ded0d576c2df93e7c2d
2019/12/14 | 18:55:53 | INFO | [32m[2019-12-14 18:55:53 DEBUG	vault_processor][39m\nCustID: 274380001101646
Name: N/A
TradeChannel: N/A
hash: be0b6d695b4f2852eb5f733b34f49cd58f7fdd3b72fe6650123e98fe05c9b089
2019/12/14 | 18:55:53 | INFO | [32m[2019-12-14 18:55:53 DEBUG	vault_processor][39m\nCustID: 274380001101698
Name: N/A
TradeChannel: HFS Small T.G.
hash: 4643ce24a016dfc889a2c7747825b03590bc757365c623e504fcee26147efbc8
2019/12/14 | 18:55:53 | INFO | [32m[2019-12-14 18:55:53 DEBUG	vault_processor][39m\nCustID: 274380001101699
Name: N/A
TradeChannel: HFS Small T.G.
hash: e4d0e337ee7efa15e4671c66d855536afed1e94a81b827beaea10ae760d3f7fd
2019/12/14 | 18:55:53 | INFO | [32m[2019-12-14 18:55:53 DEBUG	vault_processor][39m\nCustID: 274380001101700
Name: N/A
TradeChannel: HFS Small T.G.
hash: 3349048732f41c6a4398853eabaa5fc1654c85ca6cbfb1d18763737a46a0f347
2019/12/14 | 18:55:53 | INFO | [32m[2019-12-14 18:55:53 DEBUG	vault_processor][39m\nCustID: 274380001101701
Name: N/A
TradeChannel: HFS Small T.G.
hash: 3e4d830917689c806f3e1c8d3da13dd7b7be7a6c010fa1ccfe329ec5897f796a
2019/12/14 | 18:55:53 | INFO | [32m[2019-12-14 18:55:53 DEBUG	vault_processor][39m\nCustID: 274380001101703
Name: N/A
TradeChannel: HFS Small T.G.
hash: d295e56aadf312bdf49c0b224fe564891d492fd5a44ac33fe3790a00ad6ccea8
2019/12/14 | 18:55:53 | INFO | [32m[2019-12-14 18:55:53 DEBUG	vault_processor][39m\nCustID: 274380001101704
Name: N/A
TradeChannel: HFS Small T.G.
hash: 5cb1f4509674ed89bdd91bb3a335eb64c287d4939db0c9ff3ee5a6b46010f932
2019/12/14 | 18:55:53 | INFO | [32m[2019-12-14 18:55:53 DEBUG	vault_processor][39m\nCustID: 274380001101705
Name: N/A
TradeChannel: HFS Small T.G.
hash: 63379399925eff104d469df29d9bee69a5cc1b9062801ee0f0af3ba3aacc15d1
2019/12/14 | 18:55:53 | INFO | [32m[2019-12-14 18:55:53 DEBUG	vault_processor][39m\nCustID: 274380001101785
Name: N/A
TradeChannel: N/A
hash: bebf3d5810ee71523f187ffbbc27f4adc6181a97f828c5ff5a301314266cd610
2019/12/14 | 18:55:53 | INFO | [32m[2019-12-14 18:55:53 DEBUG	vault_processor][39m\nCustID: 274380001101786
Name: N/A
TradeChannel: N/A
hash: ad19d2bfb5bd888f953627aff440a225aaa8478aaf2a80d410d728c28d063387
2019/12/14 | 18:55:53 | INFO | [32m[2019-12-14 18:55:53 DEBUG	vault_processor][39m\nCustID: 274380001101787
Name: N/A
TradeChannel: N/A
hash: 5c195f23c24aababf2c18cc5d0cd05c94f692a973953c3c2219d8411686e7dd2
2019/12/14 | 18:55:53 | INFO | [32m[2019-12-14 18:55:53 DEBUG	vault_processor][39m\nCustID: 274380001101788
Name: N/A
TradeChannel: N/A
hash: 9cd86fb0d60daebcef219efe79f243989ba09fd91b83f814bc89a691ca2f6acb
2019/12/14 | 18:55:53 | INFO | [32m[2019-12-14 18:55:53 DEBUG	vault_processor][39m\nCustID: 274380001101789
Name: N/A
TradeChannel: N/A
hash: 128b29e3fc6694be88929b46be3e6ed01a77996af18b558235a24560b6b2336f
2019/12/14 | 18:55:53 | INFO | [32m[2019-12-14 18:55:53 DEBUG	vault_processor][39m\nCustID: 274380001101790
Name: N/A
TradeChannel: N/A
hash: 272bce4a2219f115e71a91ccaa6277d4d8deefefbb7ae1f820e1351a1a4dbe70
2019/12/14 | 18:55:53 | INFO | [32m[2019-12-14 18:55:53 DEBUG	vault_processor][39m\nCustID: 274380001101791
Name: N/A
TradeChannel: N/A
hash: 0f8d1d9d44989e1ea2dddee28a6dd782540a02f17763f0b4e7a281c1d91fc488
2019/12/14 | 18:55:53 | INFO | [32m[2019-12-14 18:55:53 DEBUG	vault_processor][39m\nCustID: 274380001101792
Name: N/A
TradeChannel: N/A
hash: ccc46e2e9afe063499c5e6ed9b9d7ed280aba30dbc5f927f2ffe88552c48c9a8
2019/12/14 | 18:55:53 | INFO | [32m[2019-12-14 18:55:53 DEBUG	vault_processor][39m\nCustID: 274380001053283
Name: ALHEJRA PHARMACY
TradeChannel: Pharma Tier 3
hash: de05b10236899b4529819c3d854137f155f1da33907a0491e25b3157188d8d89
2019/12/14 | 18:55:53 | INFO | [32m[2019-12-14 18:55:53 DEBUG	vault_processor][39m\nCustID: 274380001101465
Name: N/A
TradeChannel: N/A
hash: 851f0e399daddefe7e56523ccfa879b3a39358dd21aa6552fa216edca08c1d5f
2019/12/14 | 18:55:53 | INFO | [32m[2019-12-14 18:55:53 DEBUG	vault_processor][39m\nCustID: 274380001101794
Name: N/A
TradeChannel: N/A
hash: 6714ea87233770886adf26126038459278725c87dc7c8c3fb97e457df012896f
2019/12/14 | 18:55:53 | INFO | [32m[2019-12-14 18:55:53 DEBUG	vault_processor][39m\nCustID: 274380001101816
Name: N/A
TradeChannel: N/A
hash: 51dcfcbc21f23b3d803d1aff2b55e8ad0163584aad2cb59710968a8197d23c86
2019/12/14 | 18:55:53 | INFO | [32m[2019-12-14 18:55:53 DEBUG	vault_processor][39m\nCustID: 274380001101817
Name: N/A
TradeChannel: N/A
hash: a39eb79481843a8de5c42b435f6733de1d9d040964adef1bb59876dcba122e24
2019/12/14 | 18:55:53 | INFO | [32m[2019-12-14 18:55:53 DEBUG	vault_processor][39m\nCustID: 274380001101951
Name: N/A
TradeChannel: N/A
hash: 59f2626730e2f263b0c895f3767d62467dd9ea29e516689210ab9f0cf71ec2ad
2019/12/14 | 18:55:53 | INFO | [32m[2019-12-14 18:55:53 DEBUG	vault_processor][39m\nCustID: 274380001101972
Name: N/A
TradeChannel: N/A
hash: 88e3276ac7390ec909b7f50f141190a4a4f44e5c89f068171dc37698c2ecdeac
2019/12/14 | 18:55:53 | INFO | [32m[2019-12-14 18:55:53 DEBUG	vault_processor][39m\nCustID: 274380001101974
Name: N/A
TradeChannel: N/A
hash: b1f8b577e240fab4a2d0eb27ccd2906252a08ca507642dfa5addc4eaff259b88
2019/12/14 | 18:55:53 | INFO | [32m[2019-12-14 18:55:53 DEBUG	vault_processor][39m\nCustID: 274380001101977
Name: N/A
TradeChannel: N/A
hash: e6e32908a53ff9481bd0bea73ed7d0ad587f1a77f93daf233aee1cdecace53f5
Continuing to vault_processor.1576349753575.log
